2022-11-15 05:34:18,327 - INFO: +--------------------------+----------------+
| Parameter                | Value          |
+--------------------------+----------------+
| exp_name                 | dqn            |
+--------------------------+----------------+
| seed                     | 42             |
+--------------------------+----------------+
| total_timesteps          | 500000         |
+--------------------------+----------------+
| learning_rate            | 0.001          |
+--------------------------+----------------+
| buffer_size              | 2000           |
+--------------------------+----------------+
| gamma                    | 0.982          |
+--------------------------+----------------+
| target_network_frequency | 50             |
+--------------------------+----------------+
| batch_size               | 128            |
+--------------------------+----------------+
| start_e                  | 0.900          |
+--------------------------+----------------+
| end_e                    | 0.010          |
+--------------------------+----------------+
| exploration_fraction     | 0.100          |
+--------------------------+----------------+
| learning_starts          | 10000          |
+--------------------------+----------------+
| train_frequency          | 10             |
+--------------------------+----------------+
| env_id                   | LunarLander-v2 |
+--------------------------+----------------+
2022-11-15 05:34:20,692 - INFO: global_step=112, episodic_return=-339.75921630859375
2022-11-15 05:34:20,731 - INFO: global_step=233, episodic_return=-152.68775939941406
2022-11-15 05:34:20,750 - INFO: global_step=299, episodic_return=-109.94239807128906
2022-11-15 05:34:20,788 - INFO: global_step=416, episodic_return=-203.19461059570312
2022-11-15 05:34:20,824 - INFO: global_step=527, episodic_return=-443.8146057128906
2022-11-15 05:34:20,862 - INFO: global_step=645, episodic_return=-16.002593994140625
2022-11-15 05:34:20,884 - INFO: global_step=707, episodic_return=-80.40404510498047
2022-11-15 05:34:20,908 - INFO: global_step=772, episodic_return=-328.1663818359375
2022-11-15 05:34:20,941 - INFO: global_step=865, episodic_return=-308.7459411621094
2022-11-15 05:34:20,976 - INFO: global_step=967, episodic_return=-176.49862670898438
2022-11-15 05:34:20,993 - INFO: global_step=1037, episodic_return=-57.02763748168945
2022-11-15 05:34:21,006 - INFO: global_step=1105, episodic_return=-78.90031433105469
2022-11-15 05:34:21,029 - INFO: global_step=1214, episodic_return=-134.96469116210938
2022-11-15 05:34:21,042 - INFO: global_step=1283, episodic_return=-181.92494201660156
2022-11-15 05:34:21,065 - INFO: global_step=1378, episodic_return=-156.32958984375
2022-11-15 05:34:21,100 - INFO: global_step=1499, episodic_return=-169.55926513671875
2022-11-15 05:34:21,118 - INFO: global_step=1566, episodic_return=-150.14688110351562
2022-11-15 05:34:21,149 - INFO: global_step=1678, episodic_return=-242.79116821289062
2022-11-15 05:34:21,164 - INFO: global_step=1743, episodic_return=-145.66465759277344
2022-11-15 05:34:21,185 - INFO: global_step=1820, episodic_return=-116.97244262695312
2022-11-15 05:34:21,208 - INFO: global_step=1901, episodic_return=-73.95481872558594
2022-11-15 05:34:21,232 - INFO: global_step=1991, episodic_return=-110.77940368652344
2022-11-15 05:34:21,259 - INFO: global_step=2085, episodic_return=-42.084129333496094
2022-11-15 05:34:21,284 - INFO: global_step=2180, episodic_return=-293.1473693847656
2022-11-15 05:34:21,317 - INFO: global_step=2297, episodic_return=-145.54043579101562
2022-11-15 05:34:21,343 - INFO: global_step=2389, episodic_return=-193.301513671875
2022-11-15 05:34:21,364 - INFO: global_step=2463, episodic_return=-107.48269653320312
2022-11-15 05:34:21,390 - INFO: global_step=2552, episodic_return=-262.51092529296875
2022-11-15 05:34:21,406 - INFO: global_step=2615, episodic_return=-88.91683197021484
2022-11-15 05:34:21,438 - INFO: global_step=2719, episodic_return=-225.18045043945312
2022-11-15 05:34:21,460 - INFO: global_step=2788, episodic_return=-119.91450500488281
2022-11-15 05:34:21,475 - INFO: global_step=2851, episodic_return=-133.86529541015625
2022-11-15 05:34:21,496 - INFO: global_step=2924, episodic_return=-129.63772583007812
2022-11-15 05:34:21,524 - INFO: global_step=3009, episodic_return=-326.1303405761719
2022-11-15 05:34:21,549 - INFO: global_step=3104, episodic_return=-133.05931091308594
2022-11-15 05:34:21,565 - INFO: global_step=3164, episodic_return=-83.7896728515625
2022-11-15 05:34:21,591 - INFO: global_step=3256, episodic_return=-136.43869018554688
2022-11-15 05:34:21,619 - INFO: global_step=3358, episodic_return=-89.72555541992188
2022-11-15 05:34:21,658 - INFO: global_step=3491, episodic_return=-105.09135437011719
2022-11-15 05:34:21,687 - INFO: global_step=3585, episodic_return=-293.3743896484375
2022-11-15 05:34:21,705 - INFO: global_step=3649, episodic_return=-197.49337768554688
2022-11-15 05:34:21,725 - INFO: global_step=3723, episodic_return=-52.756744384765625
2022-11-15 05:34:21,753 - INFO: global_step=3828, episodic_return=-250.5934295654297
2022-11-15 05:34:21,767 - INFO: global_step=3889, episodic_return=-333.7854309082031
2022-11-15 05:34:21,801 - INFO: global_step=4013, episodic_return=-157.9876708984375
2022-11-15 05:34:21,815 - INFO: global_step=4074, episodic_return=-93.15167999267578
2022-11-15 05:34:21,831 - INFO: global_step=4138, episodic_return=-97.38253784179688
2022-11-15 05:34:21,858 - INFO: global_step=4238, episodic_return=-72.97211456298828
2022-11-15 05:34:21,879 - INFO: global_step=4317, episodic_return=-86.12921905517578
2022-11-15 05:34:21,900 - INFO: global_step=4403, episodic_return=-219.16244506835938
2022-11-15 05:34:21,937 - INFO: global_step=4538, episodic_return=-226.1742706298828
2022-11-15 05:34:21,973 - INFO: global_step=4652, episodic_return=-247.1728515625
2022-11-15 05:34:22,001 - INFO: global_step=4759, episodic_return=-105.65225219726562
2022-11-15 05:34:22,034 - INFO: global_step=4845, episodic_return=-416.3666687011719
2022-11-15 05:34:22,080 - INFO: global_step=4994, episodic_return=-209.55905151367188
2022-11-15 05:34:22,110 - INFO: global_step=5101, episodic_return=-275.8677978515625
2022-11-15 05:34:22,131 - INFO: global_step=5182, episodic_return=-216.92874145507812
2022-11-15 05:34:22,155 - INFO: global_step=5255, episodic_return=-95.65890502929688
2022-11-15 05:34:22,172 - INFO: global_step=5324, episodic_return=-59.204444885253906
2022-11-15 05:34:22,190 - INFO: global_step=5396, episodic_return=-211.643798828125
2022-11-15 05:34:22,219 - INFO: global_step=5496, episodic_return=-327.91998291015625
2022-11-15 05:34:22,235 - INFO: global_step=5561, episodic_return=-117.24725341796875
2022-11-15 05:34:22,262 - INFO: global_step=5670, episodic_return=-192.9955596923828
2022-11-15 05:34:22,293 - INFO: global_step=5778, episodic_return=-198.6015625
2022-11-15 05:34:22,319 - INFO: global_step=5875, episodic_return=-529.1300048828125
2022-11-15 05:34:22,345 - INFO: global_step=5962, episodic_return=-217.07470703125
2022-11-15 05:34:22,371 - INFO: global_step=6060, episodic_return=-520.5404052734375
2022-11-15 05:34:22,409 - INFO: global_step=6194, episodic_return=-319.49298095703125
2022-11-15 05:34:22,438 - INFO: global_step=6299, episodic_return=-103.44921112060547
2022-11-15 05:34:22,454 - INFO: global_step=6364, episodic_return=-137.00421142578125
2022-11-15 05:34:22,480 - INFO: global_step=6442, episodic_return=-103.27336883544922
2022-11-15 05:34:22,504 - INFO: global_step=6530, episodic_return=-498.1202697753906
2022-11-15 05:34:22,525 - INFO: global_step=6605, episodic_return=-100.67620086669922
2022-11-15 05:34:22,559 - INFO: global_step=6728, episodic_return=-192.61940002441406
2022-11-15 05:34:22,576 - INFO: global_step=6793, episodic_return=-123.51129913330078
2022-11-15 05:34:22,600 - INFO: global_step=6884, episodic_return=-216.12191772460938
2022-11-15 05:34:22,644 - INFO: global_step=7034, episodic_return=-173.842529296875
2022-11-15 05:34:22,671 - INFO: global_step=7124, episodic_return=-108.77964782714844
2022-11-15 05:34:22,698 - INFO: global_step=7220, episodic_return=-369.5031433105469
2022-11-15 05:34:22,723 - INFO: global_step=7312, episodic_return=-197.43927001953125
2022-11-15 05:34:22,757 - INFO: global_step=7435, episodic_return=-206.5056610107422
2022-11-15 05:34:22,790 - INFO: global_step=7530, episodic_return=-401.1467590332031
2022-11-15 05:34:22,816 - INFO: global_step=7611, episodic_return=-112.85765838623047
2022-11-15 05:34:22,847 - INFO: global_step=7702, episodic_return=-503.5886535644531
2022-11-15 05:34:22,863 - INFO: global_step=7762, episodic_return=-83.01641845703125
2022-11-15 05:34:22,886 - INFO: global_step=7835, episodic_return=-268.92626953125
2022-11-15 05:34:22,908 - INFO: global_step=7906, episodic_return=-268.410888671875
2022-11-15 05:34:22,938 - INFO: global_step=7998, episodic_return=-62.04082107543945
2022-11-15 05:34:22,969 - INFO: global_step=8097, episodic_return=-109.75851440429688
2022-11-15 05:34:23,030 - INFO: global_step=8265, episodic_return=-261.44451904296875
2022-11-15 05:34:23,050 - INFO: global_step=8335, episodic_return=-159.205322265625
2022-11-15 05:34:23,080 - INFO: global_step=8424, episodic_return=-216.62857055664062
2022-11-15 05:34:23,111 - INFO: global_step=8514, episodic_return=-114.43909454345703
2022-11-15 05:34:23,141 - INFO: global_step=8607, episodic_return=-440.5994873046875
2022-11-15 05:34:23,179 - INFO: global_step=8717, episodic_return=-471.3705139160156
2022-11-15 05:34:23,200 - INFO: global_step=8781, episodic_return=-68.80175018310547
2022-11-15 05:34:23,224 - INFO: global_step=8861, episodic_return=-185.13046264648438
2022-11-15 05:34:23,247 - INFO: global_step=8923, episodic_return=-74.81546020507812
2022-11-15 05:34:23,339 - INFO: global_step=9151, episodic_return=-645.78466796875
2022-11-15 05:34:23,362 - INFO: global_step=9228, episodic_return=-79.63387298583984
2022-11-15 05:34:23,395 - INFO: global_step=9332, episodic_return=-428.3833923339844
2022-11-15 05:34:23,421 - INFO: global_step=9426, episodic_return=-133.39556884765625
2022-11-15 05:34:23,437 - INFO: global_step=9493, episodic_return=-80.93501281738281
2022-11-15 05:34:23,454 - INFO: global_step=9556, episodic_return=-54.42341613769531
2022-11-15 05:34:23,478 - INFO: global_step=9645, episodic_return=-185.39657592773438
2022-11-15 05:34:23,518 - INFO: global_step=9788, episodic_return=-141.3601837158203
2022-11-15 05:34:23,545 - INFO: global_step=9879, episodic_return=-308.3609313964844
2022-11-15 05:34:23,573 - INFO: global_step=9966, episodic_return=-272.6537780761719
2022-11-15 05:34:23,638 - INFO: global_step=10091, episodic_return=-175.7264404296875
2022-11-15 05:34:23,678 - INFO: global_step=10180, episodic_return=-146.251953125
2022-11-15 05:34:23,709 - INFO: global_step=10244, episodic_return=-203.91543579101562
2022-11-15 05:34:23,761 - INFO: global_step=10361, episodic_return=-149.21322631835938
2022-11-15 05:34:23,791 - INFO: global_step=10428, episodic_return=-203.9083709716797
2022-11-15 05:34:23,856 - INFO: global_step=10529, episodic_return=-104.88671112060547
2022-11-15 05:34:23,895 - INFO: global_step=10591, episodic_return=-75.72027587890625
2022-11-15 05:34:23,944 - INFO: global_step=10679, episodic_return=-477.6731872558594
2022-11-15 05:34:23,988 - INFO: global_step=10746, episodic_return=-384.1302795410156
2022-11-15 05:34:24,060 - INFO: global_step=10840, episodic_return=-461.0469665527344
2022-11-15 05:34:24,107 - INFO: global_step=10918, episodic_return=-356.47430419921875
2022-11-15 05:34:24,176 - INFO: global_step=11016, episodic_return=-479.3656005859375
2022-11-15 05:34:24,245 - INFO: global_step=11108, episodic_return=-465.9432373046875
2022-11-15 05:34:24,324 - INFO: global_step=11204, episodic_return=-183.4930419921875
2022-11-15 05:34:24,391 - INFO: global_step=11299, episodic_return=-334.64874267578125
2022-11-15 05:34:24,447 - INFO: global_step=11390, episodic_return=-29.726547241210938
2022-11-15 05:34:24,511 - INFO: global_step=11493, episodic_return=-524.01953125
2022-11-15 05:34:24,573 - INFO: global_step=11605, episodic_return=-228.5009765625
2022-11-15 05:34:24,627 - INFO: global_step=11707, episodic_return=-115.84857177734375
2022-11-15 05:34:24,678 - INFO: global_step=11806, episodic_return=-70.69612121582031
2022-11-15 05:34:24,738 - INFO: global_step=11911, episodic_return=-261.7880554199219
2022-11-15 05:34:24,805 - INFO: global_step=12038, episodic_return=-51.528564453125
2022-11-15 05:34:24,863 - INFO: global_step=12150, episodic_return=-483.6044006347656
2022-11-15 05:34:24,924 - INFO: global_step=12261, episodic_return=-299.4862976074219
2022-11-15 05:34:24,968 - INFO: global_step=12345, episodic_return=-299.43121337890625
2022-11-15 05:34:25,032 - INFO: global_step=12449, episodic_return=-55.22606658935547
2022-11-15 05:34:25,072 - INFO: global_step=12546, episodic_return=-163.47201538085938
2022-11-15 05:34:25,115 - INFO: global_step=12648, episodic_return=-179.427001953125
2022-11-15 05:34:25,258 - INFO: global_step=12862, episodic_return=-61.1230583190918
2022-11-15 05:34:25,303 - INFO: global_step=12944, episodic_return=-95.59078979492188
2022-11-15 05:34:25,366 - INFO: global_step=13080, episodic_return=39.58477783203125
2022-11-15 05:34:25,554 - INFO: global_step=13330, episodic_return=-393.5652160644531
2022-11-15 05:34:25,634 - INFO: global_step=13440, episodic_return=-195.9179229736328
2022-11-15 05:34:25,684 - INFO: global_step=13549, episodic_return=-140.71124267578125
2022-11-15 05:34:25,762 - INFO: global_step=13700, episodic_return=-373.035400390625
2022-11-15 05:34:25,880 - INFO: global_step=13882, episodic_return=-274.4888916015625
2022-11-15 05:34:25,965 - INFO: global_step=14041, episodic_return=-151.7662811279297
2022-11-15 05:34:26,022 - INFO: global_step=14149, episodic_return=-105.28138732910156
2022-11-15 05:34:26,105 - INFO: global_step=14293, episodic_return=-190.9951171875
2022-11-15 05:34:26,187 - INFO: global_step=14437, episodic_return=-189.35604858398438
2022-11-15 05:34:26,399 - INFO: global_step=14730, episodic_return=-193.27999877929688
2022-11-15 05:34:26,506 - INFO: global_step=14914, episodic_return=-194.2737274169922
2022-11-15 05:34:26,568 - INFO: global_step=15016, episodic_return=16.86474609375
2022-11-15 05:34:26,644 - INFO: global_step=15175, episodic_return=-130.725341796875
2022-11-15 05:34:26,880 - INFO: global_step=15494, episodic_return=-38.835655212402344
2022-11-15 05:34:26,934 - INFO: global_step=15597, episodic_return=-59.46562576293945
2022-11-15 05:34:27,000 - INFO: global_step=15718, episodic_return=-160.86038208007812
2022-11-15 05:34:27,080 - INFO: global_step=15858, episodic_return=-157.79959106445312
2022-11-15 05:34:27,119 - INFO: global_step=15936, episodic_return=-7.37646484375
2022-11-15 05:34:27,169 - INFO: global_step=16040, episodic_return=-148.97821044921875
2022-11-15 05:34:27,274 - INFO: global_step=16219, episodic_return=-126.05431365966797
2022-11-15 05:34:27,337 - INFO: global_step=16350, episodic_return=-159.8424835205078
2022-11-15 05:34:27,437 - INFO: global_step=16540, episodic_return=-257.6028747558594
2022-11-15 05:34:27,526 - INFO: global_step=16698, episodic_return=-62.85926055908203
2022-11-15 05:34:27,578 - INFO: global_step=16790, episodic_return=-58.49740219116211
2022-11-15 05:34:27,685 - INFO: global_step=16970, episodic_return=-182.68966674804688
2022-11-15 05:34:27,750 - INFO: global_step=17080, episodic_return=-166.69091796875
2022-11-15 05:34:27,802 - INFO: global_step=17180, episodic_return=-170.94796752929688
2022-11-15 05:34:27,889 - INFO: global_step=17336, episodic_return=-115.43012237548828
2022-11-15 05:34:27,998 - INFO: global_step=17506, episodic_return=-241.45437622070312
2022-11-15 05:34:28,086 - INFO: global_step=17662, episodic_return=-188.89303588867188
2022-11-15 05:34:28,226 - INFO: global_step=17870, episodic_return=-73.82301330566406
2022-11-15 05:34:28,327 - INFO: global_step=18024, episodic_return=-143.05984497070312
2022-11-15 05:34:28,405 - INFO: global_step=18150, episodic_return=-170.14077758789062
2022-11-15 05:34:28,526 - INFO: global_step=18320, episodic_return=-220.62503051757812
2022-11-15 05:34:28,679 - INFO: global_step=18535, episodic_return=-211.82296752929688
2022-11-15 05:34:28,884 - INFO: global_step=18784, episodic_return=-276.6216735839844
2022-11-15 05:34:29,114 - INFO: global_step=19020, episodic_return=-4.931785583496094
2022-11-15 05:34:29,307 - INFO: global_step=19225, episodic_return=-290.5379638671875
2022-11-15 05:34:29,463 - INFO: global_step=19412, episodic_return=-10.616012573242188
2022-11-15 05:34:29,555 - INFO: global_step=19527, episodic_return=-68.37539672851562
2022-11-15 05:34:29,668 - INFO: global_step=19673, episodic_return=-90.68258666992188
2022-11-15 05:34:29,832 - INFO: global_step=19901, episodic_return=-42.752140045166016
2022-11-15 05:34:30,079 - INFO: global_step=20102, episodic_return=-188.13748168945312
2022-11-15 05:34:30,147 - INFO: global_step=20199, episodic_return=-192.15130615234375
2022-11-15 05:34:30,238 - INFO: global_step=20311, episodic_return=-241.00076293945312
2022-11-15 05:34:30,327 - INFO: global_step=20433, episodic_return=-109.41539764404297
2022-11-15 05:34:30,445 - INFO: global_step=20570, episodic_return=-182.9253387451172
2022-11-15 05:34:30,809 - INFO: global_step=20967, episodic_return=-82.26598358154297
2022-11-15 05:34:31,220 - INFO: global_step=21308, episodic_return=-39.637107849121094
2022-11-15 05:34:31,365 - INFO: global_step=21526, episodic_return=-311.0054016113281
2022-11-15 05:34:31,721 - INFO: global_step=21891, episodic_return=-134.64337158203125
2022-11-15 05:34:31,977 - INFO: global_step=22161, episodic_return=36.77900695800781
2022-11-15 05:34:32,060 - INFO: global_step=22312, episodic_return=-32.84014129638672
2022-11-15 05:34:32,189 - INFO: global_step=22493, episodic_return=-121.60027313232422
2022-11-15 05:34:32,380 - INFO: global_step=22756, episodic_return=-66.97227478027344
2022-11-15 05:34:32,677 - INFO: global_step=23139, episodic_return=-163.3535919189453
2022-11-15 05:34:32,739 - INFO: global_step=23258, episodic_return=-69.62272644042969
2022-11-15 05:34:32,808 - INFO: global_step=23394, episodic_return=-58.419883728027344
2022-11-15 05:34:33,365 - INFO: global_step=23934, episodic_return=-275.00018310546875
2022-11-15 05:34:33,613 - INFO: global_step=24205, episodic_return=-111.11233520507812
2022-11-15 05:34:33,748 - INFO: global_step=24369, episodic_return=-17.87232208251953
2022-11-15 05:34:33,995 - INFO: global_step=24620, episodic_return=-96.35508728027344
2022-11-15 05:34:34,231 - INFO: global_step=24890, episodic_return=-222.9615020751953
2022-11-15 05:34:34,296 - INFO: global_step=24994, episodic_return=-147.31549072265625
2022-11-15 05:34:34,441 - INFO: global_step=25198, episodic_return=-58.609771728515625
2022-11-15 05:34:34,529 - INFO: global_step=25356, episodic_return=-505.6856384277344
2022-11-15 05:34:34,705 - INFO: global_step=25627, episodic_return=-207.02841186523438
2022-11-15 05:34:34,874 - INFO: global_step=25835, episodic_return=-166.9946746826172
2022-11-15 05:34:34,986 - INFO: global_step=25997, episodic_return=-88.23150634765625
2022-11-15 05:34:35,377 - INFO: global_step=26420, episodic_return=-135.65695190429688
2022-11-15 05:34:35,571 - INFO: global_step=26684, episodic_return=-65.09481811523438
2022-11-15 05:34:35,855 - INFO: global_step=27010, episodic_return=-84.14242553710938
2022-11-15 05:34:36,132 - INFO: global_step=27293, episodic_return=-36.6960563659668
2022-11-15 05:34:36,222 - INFO: global_step=27422, episodic_return=-74.91018676757812
2022-11-15 05:34:36,303 - INFO: global_step=27533, episodic_return=1.566925048828125
2022-11-15 05:34:36,775 - INFO: global_step=27981, episodic_return=-23.46967315673828
2022-11-15 05:34:36,971 - INFO: global_step=28284, episodic_return=-126.2493896484375
2022-11-15 05:34:37,040 - INFO: global_step=28405, episodic_return=-72.64686584472656
2022-11-15 05:34:37,362 - INFO: global_step=28750, episodic_return=-41.11701202392578
2022-11-15 05:34:37,826 - INFO: global_step=29203, episodic_return=-124.97378540039062
2022-11-15 05:34:38,867 - INFO: global_step=30011, episodic_return=-131.37022399902344
2022-11-15 05:34:39,162 - INFO: global_step=30363, episodic_return=-129.22666931152344
2022-11-15 05:34:40,993 - INFO: global_step=31300, episodic_return=-200.65011596679688
2022-11-15 05:34:42,648 - INFO: global_step=32300, episodic_return=-29.427194595336914
2022-11-15 05:34:42,859 - INFO: global_step=32550, episodic_return=-202.7310791015625
2022-11-15 05:34:43,308 - INFO: global_step=32956, episodic_return=-122.17942810058594
2022-11-15 05:34:43,397 - INFO: global_step=33076, episodic_return=-43.91420364379883
2022-11-15 05:34:43,544 - INFO: global_step=33283, episodic_return=8.094314575195312
2022-11-15 05:34:43,720 - INFO: global_step=33526, episodic_return=-51.37700271606445
2022-11-15 05:34:43,873 - INFO: global_step=33728, episodic_return=42.94819641113281
2022-11-15 05:34:43,934 - INFO: global_step=33840, episodic_return=-47.63776779174805
2022-11-15 05:34:45,904 - INFO: global_step=34840, episodic_return=-28.107666015625
2022-11-15 05:34:46,742 - INFO: global_step=35624, episodic_return=-241.91824340820312
2022-11-15 05:34:48,940 - INFO: global_step=36624, episodic_return=-23.11806869506836
2022-11-15 05:34:50,579 - INFO: global_step=37624, episodic_return=-86.85759735107422
2022-11-15 05:34:50,701 - INFO: global_step=37808, episodic_return=-13.081809997558594
2022-11-15 05:34:52,996 - INFO: global_step=38808, episodic_return=-65.43235778808594
2022-11-15 05:34:53,136 - INFO: global_step=38985, episodic_return=-52.051876068115234
2022-11-15 05:34:54,717 - INFO: global_step=39985, episodic_return=-58.879493713378906
2022-11-15 05:34:56,167 - INFO: global_step=40985, episodic_return=-61.26864242553711
2022-11-15 05:34:58,687 - INFO: global_step=41985, episodic_return=-13.418347358703613
2022-11-15 05:34:59,778 - INFO: global_step=42774, episodic_return=-127.93700408935547
2022-11-15 05:35:01,318 - INFO: global_step=43774, episodic_return=-57.63832092285156
2022-11-15 05:35:03,247 - INFO: global_step=44774, episodic_return=-6.50407600402832
2022-11-15 05:35:05,288 - INFO: global_step=45774, episodic_return=-9.569443702697754
2022-11-15 05:35:07,188 - INFO: global_step=46774, episodic_return=-15.941889762878418
2022-11-15 05:35:08,796 - INFO: global_step=47774, episodic_return=-58.03962707519531
2022-11-15 05:35:11,053 - INFO: global_step=48774, episodic_return=-73.65908813476562
2022-11-15 05:35:12,595 - INFO: global_step=49774, episodic_return=-42.39882278442383
2022-11-15 05:35:14,964 - INFO: global_step=50774, episodic_return=-83.40026092529297
2022-11-15 05:35:18,110 - INFO: global_step=51774, episodic_return=-98.28607940673828
2022-11-15 05:35:20,449 - INFO: global_step=52774, episodic_return=-36.219215393066406
2022-11-15 05:35:23,446 - INFO: global_step=53774, episodic_return=-16.327133178710938
2022-11-15 05:35:25,457 - INFO: global_step=54774, episodic_return=-26.95429801940918
2022-11-15 05:35:27,242 - INFO: global_step=55774, episodic_return=-65.6567611694336
2022-11-15 05:35:29,178 - INFO: global_step=56774, episodic_return=-24.236801147460938
2022-11-15 05:35:30,975 - INFO: global_step=57774, episodic_return=-70.25341033935547
2022-11-15 05:35:33,065 - INFO: global_step=58774, episodic_return=-64.65740203857422
2022-11-15 05:35:35,055 - INFO: global_step=59774, episodic_return=-59.645198822021484
2022-11-15 05:35:37,604 - INFO: global_step=60774, episodic_return=-21.627979278564453
2022-11-15 05:35:39,456 - INFO: global_step=61774, episodic_return=-35.00526428222656
2022-11-15 05:35:41,474 - INFO: global_step=62774, episodic_return=-70.0062026977539
2022-11-15 05:35:43,635 - INFO: global_step=63774, episodic_return=-60.92348861694336
2022-11-15 05:35:46,054 - INFO: global_step=64774, episodic_return=-117.57614135742188
2022-11-15 05:35:48,905 - INFO: global_step=65774, episodic_return=-25.427621841430664
2022-11-15 05:35:50,451 - INFO: global_step=66774, episodic_return=-48.43146896362305
2022-11-15 05:35:52,184 - INFO: global_step=67774, episodic_return=-61.985713958740234
2022-11-15 05:35:53,933 - INFO: global_step=68774, episodic_return=-99.41709899902344
2022-11-15 05:35:55,480 - INFO: global_step=69774, episodic_return=-73.69719696044922
2022-11-15 05:35:57,471 - INFO: global_step=70774, episodic_return=-25.563398361206055
2022-11-15 05:35:59,087 - INFO: global_step=71774, episodic_return=-94.05072784423828
2022-11-15 05:36:00,871 - INFO: global_step=72774, episodic_return=-107.21258544921875
2022-11-15 05:36:02,244 - INFO: global_step=73774, episodic_return=-66.42205047607422
2022-11-15 05:36:04,367 - INFO: global_step=74774, episodic_return=-57.883453369140625
2022-11-15 05:36:06,409 - INFO: global_step=75774, episodic_return=-135.17156982421875
2022-11-15 05:36:08,491 - INFO: global_step=76774, episodic_return=-132.41384887695312
2022-11-15 05:36:10,476 - INFO: global_step=77774, episodic_return=-67.00201416015625
2022-11-15 05:36:12,700 - INFO: global_step=78774, episodic_return=-82.5797348022461
2022-11-15 05:36:14,564 - INFO: global_step=79774, episodic_return=-78.42111206054688
2022-11-15 05:36:16,008 - INFO: global_step=80774, episodic_return=-132.25552368164062
2022-11-15 05:36:18,778 - INFO: global_step=81774, episodic_return=-125.08055877685547
2022-11-15 05:36:20,183 - INFO: global_step=82774, episodic_return=-145.26205444335938
2022-11-15 05:36:21,605 - INFO: global_step=83774, episodic_return=-115.82554626464844
2022-11-15 05:36:23,329 - INFO: global_step=84774, episodic_return=-156.4415740966797
2022-11-15 05:36:25,011 - INFO: global_step=85774, episodic_return=-86.83597564697266
2022-11-15 05:36:26,455 - INFO: global_step=86774, episodic_return=-77.52778625488281
2022-11-15 05:36:28,073 - INFO: global_step=87774, episodic_return=-82.54924774169922
2022-11-15 05:36:29,562 - INFO: global_step=88774, episodic_return=-85.68647766113281
2022-11-15 05:36:31,275 - INFO: global_step=89774, episodic_return=-92.07794189453125
2022-11-15 05:36:32,784 - INFO: global_step=90774, episodic_return=-114.20384216308594
2022-11-15 05:36:34,089 - INFO: global_step=91774, episodic_return=-107.37931823730469
2022-11-15 05:36:35,570 - INFO: global_step=92774, episodic_return=-75.03842163085938
2022-11-15 05:36:37,233 - INFO: global_step=93774, episodic_return=-118.65850830078125
2022-11-15 05:36:38,719 - INFO: global_step=94774, episodic_return=-88.56689453125
2022-11-15 05:36:40,467 - INFO: global_step=95774, episodic_return=-95.77394104003906
2022-11-15 05:36:42,304 - INFO: global_step=96774, episodic_return=-137.2814483642578
2022-11-15 05:36:43,694 - INFO: global_step=97692, episodic_return=-246.64859008789062
2022-11-15 05:36:45,504 - INFO: global_step=98692, episodic_return=-188.73060607910156
2022-11-15 05:36:46,458 - INFO: global_step=99233, episodic_return=-264.24896240234375
2022-11-15 05:36:48,200 - INFO: global_step=100233, episodic_return=-87.13189697265625
2022-11-15 05:36:49,956 - INFO: global_step=101233, episodic_return=-137.46029663085938
2022-11-15 05:36:51,556 - INFO: global_step=102233, episodic_return=-97.92443084716797
2022-11-15 05:36:53,339 - INFO: global_step=103233, episodic_return=-133.2857666015625
2022-11-15 05:36:55,598 - INFO: global_step=104233, episodic_return=-115.94481658935547
2022-11-15 05:36:57,169 - INFO: global_step=105233, episodic_return=-88.42849731445312
2022-11-15 05:36:59,213 - INFO: global_step=106233, episodic_return=-107.74079132080078
2022-11-15 05:36:59,535 - INFO: global_step=106497, episodic_return=-102.81121826171875
2022-11-15 05:37:01,085 - INFO: global_step=107497, episodic_return=-82.2961654663086
2022-11-15 05:37:03,207 - INFO: global_step=108497, episodic_return=-109.56752014160156
2022-11-15 05:37:04,937 - INFO: global_step=109497, episodic_return=-76.84600067138672
2022-11-15 05:37:06,702 - INFO: global_step=110497, episodic_return=-73.50425720214844
2022-11-15 05:37:08,954 - INFO: global_step=111497, episodic_return=-69.25534057617188
2022-11-15 05:37:10,386 - INFO: global_step=112497, episodic_return=-89.49491882324219
2022-11-15 05:37:11,868 - INFO: global_step=113497, episodic_return=-113.5939712524414
2022-11-15 05:37:13,842 - INFO: global_step=114497, episodic_return=-42.812110900878906
2022-11-15 05:37:15,841 - INFO: global_step=115497, episodic_return=-75.23930358886719
2022-11-15 05:37:18,863 - INFO: global_step=116497, episodic_return=-85.46806335449219
2022-11-15 05:37:21,507 - INFO: global_step=117497, episodic_return=-97.92705535888672
2022-11-15 05:37:23,290 - INFO: global_step=118497, episodic_return=-85.05296325683594
2022-11-15 05:37:23,565 - INFO: global_step=118727, episodic_return=-119.45332336425781
2022-11-15 05:37:25,204 - INFO: global_step=119727, episodic_return=-137.916748046875
2022-11-15 05:37:26,728 - INFO: global_step=120727, episodic_return=-46.05271911621094
2022-11-15 05:37:29,214 - INFO: global_step=121727, episodic_return=-108.44355010986328
2022-11-15 05:37:31,365 - INFO: global_step=122727, episodic_return=-4.779358863830566
2022-11-15 05:37:33,697 - INFO: global_step=123727, episodic_return=-12.5846586227417
2022-11-15 05:37:36,078 - INFO: global_step=124727, episodic_return=-81.45490264892578
2022-11-15 05:37:37,705 - INFO: global_step=125727, episodic_return=-36.902870178222656
2022-11-15 05:37:39,729 - INFO: global_step=126727, episodic_return=-30.79117774963379
2022-11-15 05:37:41,202 - INFO: global_step=127727, episodic_return=-113.68558502197266
2022-11-15 05:37:42,665 - INFO: global_step=128727, episodic_return=-120.17345428466797
2022-11-15 05:37:45,363 - INFO: global_step=129727, episodic_return=-4.37545919418335
2022-11-15 05:37:46,951 - INFO: global_step=130727, episodic_return=-110.4765625
2022-11-15 05:37:48,127 - INFO: global_step=131727, episodic_return=-90.11763000488281
2022-11-15 05:37:50,192 - INFO: global_step=132727, episodic_return=-84.53524780273438
2022-11-15 05:37:52,337 - INFO: global_step=133727, episodic_return=-23.017976760864258
2022-11-15 05:37:54,028 - INFO: global_step=134727, episodic_return=-83.7122802734375
2022-11-15 05:37:55,750 - INFO: global_step=135727, episodic_return=-83.26808166503906
2022-11-15 05:37:57,920 - INFO: global_step=136727, episodic_return=-122.88297271728516
2022-11-15 05:37:59,705 - INFO: global_step=137727, episodic_return=-98.92933654785156
2022-11-15 05:37:59,918 - INFO: global_step=137967, episodic_return=14.505462646484375
2022-11-15 05:38:01,341 - INFO: global_step=138967, episodic_return=-127.36271667480469
2022-11-15 05:38:03,246 - INFO: global_step=139967, episodic_return=-25.684778213500977
2022-11-15 05:38:05,128 - INFO: global_step=140967, episodic_return=-59.01393508911133
2022-11-15 05:38:07,796 - INFO: global_step=141967, episodic_return=-39.35224914550781
2022-11-15 05:38:09,308 - INFO: global_step=142967, episodic_return=-34.093509674072266
2022-11-15 05:38:11,515 - INFO: global_step=143967, episodic_return=-73.10057830810547
2022-11-15 05:38:13,321 - INFO: global_step=144967, episodic_return=-131.8855743408203
2022-11-15 05:38:15,236 - INFO: global_step=145967, episodic_return=-71.85343933105469
2022-11-15 05:38:17,167 - INFO: global_step=146967, episodic_return=-129.39801025390625
2022-11-15 05:38:19,138 - INFO: global_step=147967, episodic_return=-137.2037811279297
2022-11-15 05:38:21,265 - INFO: global_step=148967, episodic_return=-111.26446533203125
2022-11-15 05:38:23,271 - INFO: global_step=149967, episodic_return=-134.89865112304688
2022-11-15 05:38:25,515 - INFO: global_step=150967, episodic_return=-97.19913482666016
2022-11-15 05:38:27,497 - INFO: global_step=151967, episodic_return=13.920038223266602
2022-11-15 05:38:29,994 - INFO: global_step=152967, episodic_return=-121.9176025390625
2022-11-15 05:38:32,269 - INFO: global_step=153967, episodic_return=-58.806053161621094
2022-11-15 05:38:34,724 - INFO: global_step=154967, episodic_return=-70.13336944580078
2022-11-15 05:38:36,681 - INFO: global_step=155967, episodic_return=-53.29108428955078
2022-11-15 05:38:38,727 - INFO: global_step=156967, episodic_return=-97.18318176269531
2022-11-15 05:38:41,340 - INFO: global_step=157967, episodic_return=-112.39647674560547
2022-11-15 05:38:43,541 - INFO: global_step=158967, episodic_return=-39.92692565917969
2022-11-15 05:38:43,696 - INFO: global_step=159148, episodic_return=-108.44387817382812
2022-11-15 05:38:45,460 - INFO: global_step=160148, episodic_return=-75.45040130615234
2022-11-15 05:38:47,904 - INFO: global_step=161148, episodic_return=-10.648381233215332
2022-11-15 05:38:49,888 - INFO: global_step=162148, episodic_return=-104.63284301757812
2022-11-15 05:38:51,862 - INFO: global_step=163148, episodic_return=-89.62586212158203
2022-11-15 05:38:54,314 - INFO: global_step=164148, episodic_return=10.835846900939941
2022-11-15 05:38:56,118 - INFO: global_step=165148, episodic_return=-29.98492431640625
2022-11-15 05:38:57,840 - INFO: global_step=166148, episodic_return=-131.35073852539062
2022-11-15 05:39:00,079 - INFO: global_step=167148, episodic_return=-63.47013854980469
2022-11-15 05:39:01,575 - INFO: global_step=168148, episodic_return=-78.67799377441406
2022-11-15 05:39:04,094 - INFO: global_step=169148, episodic_return=-118.70415496826172
2022-11-15 05:39:06,646 - INFO: global_step=170148, episodic_return=-69.25274658203125
2022-11-15 05:39:08,206 - INFO: global_step=171148, episodic_return=-118.58209228515625
2022-11-15 05:39:09,704 - INFO: global_step=172148, episodic_return=-142.17469787597656
2022-11-15 05:39:12,233 - INFO: global_step=173148, episodic_return=-19.219989776611328
2022-11-15 05:39:14,434 - INFO: global_step=174148, episodic_return=-88.89713287353516
2022-11-15 05:39:17,143 - INFO: global_step=175148, episodic_return=-30.983234405517578
2022-11-15 05:39:19,729 - INFO: global_step=176148, episodic_return=-73.54747772216797
2022-11-15 05:39:22,255 - INFO: global_step=177148, episodic_return=-32.04616928100586
2022-11-15 05:39:24,207 - INFO: global_step=178148, episodic_return=-142.8659210205078
2022-11-15 05:39:26,070 - INFO: global_step=179148, episodic_return=-54.364173889160156
2022-11-15 05:39:28,386 - INFO: global_step=180148, episodic_return=-125.60543060302734
2022-11-15 05:39:30,350 - INFO: global_step=181148, episodic_return=-61.037261962890625
2022-11-15 05:39:32,160 - INFO: global_step=182148, episodic_return=-151.57395935058594
2022-11-15 05:39:34,168 - INFO: global_step=183148, episodic_return=-88.40209197998047
2022-11-15 05:39:35,617 - INFO: global_step=184148, episodic_return=-15.73497200012207
2022-11-15 05:39:37,777 - INFO: global_step=185148, episodic_return=-113.44229125976562
2022-11-15 05:39:39,262 - INFO: global_step=186148, episodic_return=-81.78321075439453
2022-11-15 05:39:41,204 - INFO: global_step=187148, episodic_return=-10.420819282531738
2022-11-15 05:39:43,005 - INFO: global_step=188148, episodic_return=-109.26972961425781
2022-11-15 05:39:45,013 - INFO: global_step=189148, episodic_return=-92.9091567993164
2022-11-15 05:39:47,062 - INFO: global_step=190148, episodic_return=-88.91934204101562
2022-11-15 05:39:49,418 - INFO: global_step=191148, episodic_return=-82.38800811767578
2022-11-15 05:39:51,464 - INFO: global_step=192148, episodic_return=-35.038917541503906
2022-11-15 05:39:53,474 - INFO: global_step=193148, episodic_return=-110.5938949584961
2022-11-15 05:39:54,895 - INFO: global_step=194148, episodic_return=-81.6401138305664
2022-11-15 05:39:56,674 - INFO: global_step=195148, episodic_return=-97.66747283935547
2022-11-15 05:39:58,680 - INFO: global_step=196148, episodic_return=-90.56233215332031
2022-11-15 05:40:01,305 - INFO: global_step=197148, episodic_return=-64.81449127197266
2022-11-15 05:40:03,471 - INFO: global_step=198148, episodic_return=-85.23478698730469
2022-11-15 05:40:05,326 - INFO: global_step=199148, episodic_return=-45.77792739868164
2022-11-15 05:40:06,975 - INFO: global_step=200148, episodic_return=7.387966156005859
2022-11-15 05:40:08,369 - INFO: global_step=201148, episodic_return=-83.65558624267578
2022-11-15 05:40:09,689 - INFO: global_step=202148, episodic_return=-47.14469909667969
2022-11-15 05:40:11,383 - INFO: global_step=203148, episodic_return=-22.777231216430664
2022-11-15 05:40:13,375 - INFO: global_step=204148, episodic_return=7.692381381988525
2022-11-15 05:40:15,754 - INFO: global_step=205148, episodic_return=-35.844329833984375
2022-11-15 05:40:18,742 - INFO: global_step=206148, episodic_return=-27.57823944091797
2022-11-15 05:40:20,511 - INFO: global_step=207148, episodic_return=16.229501724243164
2022-11-15 05:40:23,590 - INFO: global_step=208148, episodic_return=-92.7476806640625
2022-11-15 05:40:25,473 - INFO: global_step=209148, episodic_return=-56.94379425048828
2022-11-15 05:40:27,160 - INFO: global_step=210148, episodic_return=1.18595290184021
2022-11-15 05:40:29,423 - INFO: global_step=211148, episodic_return=-80.4614486694336
2022-11-15 05:40:31,888 - INFO: global_step=212148, episodic_return=13.938020706176758
2022-11-15 05:40:33,584 - INFO: global_step=213148, episodic_return=-91.2967529296875
2022-11-15 05:40:35,000 - INFO: global_step=214148, episodic_return=-97.0266342163086
2022-11-15 05:40:37,225 - INFO: global_step=215148, episodic_return=-54.29144287109375
2022-11-15 05:40:38,913 - INFO: global_step=216148, episodic_return=-77.4990234375
2022-11-15 05:40:41,285 - INFO: global_step=217148, episodic_return=-86.24269104003906
2022-11-15 05:40:43,386 - INFO: global_step=218148, episodic_return=-66.98201751708984
2022-11-15 05:40:43,501 - INFO: global_step=218286, episodic_return=-99.88675689697266
2022-11-15 05:40:45,973 - INFO: global_step=219286, episodic_return=-38.49711990356445
2022-11-15 05:40:47,434 - INFO: global_step=219987, episodic_return=-249.24420166015625
2022-11-15 05:40:49,446 - INFO: global_step=220987, episodic_return=-49.14753341674805
2022-11-15 05:40:51,253 - INFO: global_step=221922, episodic_return=101.16227722167969
2022-11-15 05:40:53,616 - INFO: global_step=222922, episodic_return=-133.41452026367188
2022-11-15 05:40:55,572 - INFO: global_step=223922, episodic_return=-33.30767059326172
2022-11-15 05:40:55,722 - INFO: global_step=224063, episodic_return=-110.37525177001953
2022-11-15 05:40:57,521 - INFO: global_step=225063, episodic_return=-38.04159164428711
2022-11-15 05:40:58,834 - INFO: global_step=225980, episodic_return=-152.9217987060547
2022-11-15 05:41:00,575 - INFO: global_step=226980, episodic_return=-21.73533821105957
2022-11-15 05:41:02,029 - INFO: global_step=227980, episodic_return=-104.28185272216797
2022-11-15 05:41:02,337 - INFO: global_step=228184, episodic_return=0.6282806396484375
2022-11-15 05:41:04,009 - INFO: global_step=229184, episodic_return=-132.35511779785156
2022-11-15 05:41:05,593 - INFO: global_step=230184, episodic_return=-73.24665832519531
2022-11-15 05:41:06,935 - INFO: global_step=231184, episodic_return=-106.11515045166016
2022-11-15 05:41:08,731 - INFO: global_step=232184, episodic_return=-79.36186218261719
2022-11-15 05:41:10,613 - INFO: global_step=233184, episodic_return=-76.13782501220703
2022-11-15 05:41:12,746 - INFO: global_step=234184, episodic_return=-58.29825973510742
2022-11-15 05:41:15,023 - INFO: global_step=235184, episodic_return=-19.719999313354492
2022-11-15 05:41:17,288 - INFO: global_step=236184, episodic_return=-65.82190704345703
2022-11-15 05:41:20,195 - INFO: global_step=237184, episodic_return=-12.024566650390625
2022-11-15 05:41:22,303 - INFO: global_step=238184, episodic_return=-51.80961227416992
2022-11-15 05:41:24,142 - INFO: global_step=239184, episodic_return=-84.14424896240234
2022-11-15 05:41:26,265 - INFO: global_step=240184, episodic_return=-88.9055404663086
2022-11-15 05:41:28,275 - INFO: global_step=241184, episodic_return=-22.024778366088867
2022-11-15 05:41:30,635 - INFO: global_step=242184, episodic_return=-19.8048152923584
2022-11-15 05:41:32,371 - INFO: global_step=243184, episodic_return=-69.0058822631836
2022-11-15 05:41:34,310 - INFO: global_step=244184, episodic_return=-112.32930755615234
2022-11-15 05:41:36,378 - INFO: global_step=245184, episodic_return=-92.94898986816406
2022-11-15 05:41:38,009 - INFO: global_step=246184, episodic_return=-81.74186706542969
2022-11-15 05:41:40,403 - INFO: global_step=247184, episodic_return=-47.684547424316406
2022-11-15 05:41:42,861 - INFO: global_step=248184, episodic_return=-41.86909866333008
2022-11-15 05:41:44,343 - INFO: global_step=249184, episodic_return=-67.14098358154297
2022-11-15 05:41:46,136 - INFO: global_step=250184, episodic_return=-48.06352996826172
2022-11-15 05:41:48,309 - INFO: global_step=251184, episodic_return=-60.17792510986328
2022-11-15 05:41:50,962 - INFO: global_step=252184, episodic_return=-58.65481948852539
2022-11-15 05:41:53,255 - INFO: global_step=253184, episodic_return=-99.21001434326172
2022-11-15 05:41:55,345 - INFO: global_step=254184, episodic_return=-65.77410125732422
2022-11-15 05:41:56,958 - INFO: global_step=255184, episodic_return=-93.91455841064453
2022-11-15 05:41:58,472 - INFO: global_step=256184, episodic_return=-86.35026550292969
2022-11-15 05:42:00,030 - INFO: global_step=257184, episodic_return=-85.07884979248047
2022-11-15 05:42:01,663 - INFO: global_step=258184, episodic_return=-70.28099060058594
2022-11-15 05:42:03,043 - INFO: global_step=259184, episodic_return=-83.40676879882812
2022-11-15 05:42:05,296 - INFO: global_step=260184, episodic_return=-10.590696334838867
2022-11-15 05:42:07,155 - INFO: global_step=261184, episodic_return=-68.92342376708984
2022-11-15 05:42:09,165 - INFO: global_step=262184, episodic_return=-88.28585052490234
2022-11-15 05:42:11,964 - INFO: global_step=263184, episodic_return=-7.046587944030762
2022-11-15 05:42:14,481 - INFO: global_step=264184, episodic_return=-74.99502563476562
2022-11-15 05:42:16,107 - INFO: global_step=265184, episodic_return=-80.9942855834961
2022-11-15 05:42:17,817 - INFO: global_step=266184, episodic_return=-81.90019226074219
2022-11-15 05:42:20,355 - INFO: global_step=267184, episodic_return=-13.362333297729492
2022-11-15 05:42:22,398 - INFO: global_step=268184, episodic_return=-101.56783294677734
2022-11-15 05:42:24,305 - INFO: global_step=269184, episodic_return=-88.1874771118164
2022-11-15 05:42:26,292 - INFO: global_step=270184, episodic_return=-112.89253234863281
2022-11-15 05:42:28,249 - INFO: global_step=271184, episodic_return=-16.47200584411621
2022-11-15 05:42:30,218 - INFO: global_step=272184, episodic_return=-124.46978759765625
2022-11-15 05:42:32,435 - INFO: global_step=273184, episodic_return=-24.866605758666992
2022-11-15 05:42:34,588 - INFO: global_step=274184, episodic_return=-44.440406799316406
2022-11-15 05:42:36,102 - INFO: global_step=275184, episodic_return=-100.04610443115234
2022-11-15 05:42:38,067 - INFO: global_step=276184, episodic_return=-106.60038757324219
2022-11-15 05:42:39,663 - INFO: global_step=277184, episodic_return=-140.6219482421875
2022-11-15 05:42:41,131 - INFO: global_step=278184, episodic_return=-104.8683853149414
2022-11-15 05:42:42,858 - INFO: global_step=279184, episodic_return=-130.24273681640625
2022-11-15 05:42:44,458 - INFO: global_step=280184, episodic_return=-121.1036605834961
2022-11-15 05:42:46,225 - INFO: global_step=281184, episodic_return=-96.55306243896484
2022-11-15 05:42:48,042 - INFO: global_step=282184, episodic_return=-113.79373931884766
2022-11-15 05:42:49,855 - INFO: global_step=283184, episodic_return=-88.64340209960938
2022-11-15 05:42:51,244 - INFO: global_step=284184, episodic_return=-104.89202117919922
2022-11-15 05:42:52,555 - INFO: global_step=285184, episodic_return=-107.62567138671875
2022-11-15 05:42:54,713 - INFO: global_step=286184, episodic_return=-99.01646423339844
2022-11-15 05:42:57,024 - INFO: global_step=287184, episodic_return=-86.90859985351562
2022-11-15 05:42:59,115 - INFO: global_step=288184, episodic_return=-83.93984985351562
2022-11-15 05:43:00,793 - INFO: global_step=289184, episodic_return=-62.75532150268555
2022-11-15 05:43:03,342 - INFO: global_step=290184, episodic_return=-79.35086822509766
2022-11-15 05:43:05,487 - INFO: global_step=291184, episodic_return=-54.7674560546875
2022-11-15 05:43:07,733 - INFO: global_step=292184, episodic_return=-5.473281383514404
2022-11-15 05:43:10,470 - INFO: global_step=293184, episodic_return=-29.460264205932617
2022-11-15 05:43:12,391 - INFO: global_step=294184, episodic_return=15.004537582397461
2022-11-15 05:43:14,810 - INFO: global_step=295184, episodic_return=-90.42879486083984
2022-11-15 05:43:16,179 - INFO: global_step=296184, episodic_return=-38.37912368774414
2022-11-15 05:43:17,788 - INFO: global_step=297184, episodic_return=-93.68030548095703
2022-11-15 05:43:19,973 - INFO: global_step=298184, episodic_return=-20.046733856201172
2022-11-15 05:43:22,052 - INFO: global_step=299184, episodic_return=-115.19286346435547
2022-11-15 05:43:24,004 - INFO: global_step=300184, episodic_return=-55.25987243652344
2022-11-15 05:43:26,027 - INFO: global_step=301184, episodic_return=-1.5445488691329956
2022-11-15 05:43:28,389 - INFO: global_step=302184, episodic_return=-103.86175537109375
2022-11-15 05:43:30,002 - INFO: global_step=303184, episodic_return=-89.63592529296875
2022-11-15 05:43:32,141 - INFO: global_step=304184, episodic_return=10.514909744262695
2022-11-15 05:43:33,353 - INFO: global_step=305184, episodic_return=-94.67932891845703
2022-11-15 05:43:34,457 - INFO: global_step=306184, episodic_return=-53.860965728759766
2022-11-15 05:43:36,089 - INFO: global_step=307184, episodic_return=-75.46922302246094
2022-11-15 05:43:37,503 - INFO: global_step=308184, episodic_return=-77.44882202148438
2022-11-15 05:43:39,086 - INFO: global_step=309184, episodic_return=-69.415283203125
2022-11-15 05:43:39,836 - INFO: global_step=309694, episodic_return=243.56077575683594
2022-11-15 05:43:41,681 - INFO: global_step=310607, episodic_return=69.66732788085938
2022-11-15 05:43:41,992 - INFO: global_step=310917, episodic_return=156.24822998046875
2022-11-15 05:43:42,339 - INFO: global_step=311213, episodic_return=178.96945190429688
2022-11-15 05:43:42,863 - INFO: global_step=311630, episodic_return=161.6110382080078
2022-11-15 05:43:44,478 - INFO: global_step=312455, episodic_return=-99.78276062011719
2022-11-15 05:43:45,472 - INFO: global_step=313121, episodic_return=172.3365936279297
2022-11-15 05:43:45,942 - INFO: global_step=313587, episodic_return=-54.98946762084961
2022-11-15 05:43:47,814 - INFO: global_step=314587, episodic_return=-42.753334045410156
2022-11-15 05:43:49,330 - INFO: global_step=315587, episodic_return=11.81587028503418
2022-11-15 05:43:52,037 - INFO: global_step=316587, episodic_return=5.058417320251465
2022-11-15 05:43:53,583 - INFO: global_step=317587, episodic_return=-51.029205322265625
2022-11-15 05:43:55,230 - INFO: global_step=318429, episodic_return=141.895751953125
2022-11-15 05:43:56,939 - INFO: global_step=319429, episodic_return=-60.805259704589844
2022-11-15 05:43:59,115 - INFO: global_step=320429, episodic_return=-77.71440887451172
2022-11-15 05:44:00,723 - INFO: global_step=321429, episodic_return=-71.07275390625
2022-11-15 05:44:02,379 - INFO: global_step=322429, episodic_return=-78.83666229248047
2022-11-15 05:44:03,833 - INFO: global_step=323226, episodic_return=195.04293823242188
2022-11-15 05:44:05,415 - INFO: global_step=324226, episodic_return=-77.14608764648438
2022-11-15 05:44:07,147 - INFO: global_step=325226, episodic_return=-64.08454132080078
2022-11-15 05:44:09,191 - INFO: global_step=326226, episodic_return=-16.21343421936035
2022-11-15 05:44:09,260 - INFO: global_step=326323, episodic_return=-115.67030334472656
2022-11-15 05:44:09,728 - INFO: global_step=326691, episodic_return=239.314453125
2022-11-15 05:44:11,415 - INFO: global_step=327442, episodic_return=166.3682098388672
2022-11-15 05:44:13,189 - INFO: global_step=328442, episodic_return=-30.48883819580078
2022-11-15 05:44:13,325 - INFO: global_step=328588, episodic_return=-10.032371520996094
2022-11-15 05:44:14,042 - INFO: global_step=329109, episodic_return=-321.79364013671875
2022-11-15 05:44:14,103 - INFO: global_step=329214, episodic_return=-105.80290222167969
2022-11-15 05:44:14,207 - INFO: global_step=329359, episodic_return=-56.82814025878906
2022-11-15 05:44:14,272 - INFO: global_step=329445, episodic_return=-83.86276245117188
2022-11-15 05:44:14,480 - INFO: global_step=329680, episodic_return=-234.4582061767578
2022-11-15 05:44:14,535 - INFO: global_step=329758, episodic_return=-65.8869857788086
2022-11-15 05:44:16,948 - INFO: global_step=330758, episodic_return=-32.12360382080078
2022-11-15 05:44:18,513 - INFO: global_step=331758, episodic_return=-52.621726989746094
2022-11-15 05:44:19,880 - INFO: global_step=332758, episodic_return=-40.500099182128906
2022-11-15 05:44:21,763 - INFO: global_step=333660, episodic_return=-63.0921516418457
2022-11-15 05:44:23,524 - INFO: global_step=334660, episodic_return=-44.86854934692383
2022-11-15 05:44:24,852 - INFO: global_step=335660, episodic_return=-46.90794372558594
2022-11-15 05:44:26,916 - INFO: global_step=336660, episodic_return=-67.29620361328125
2022-11-15 05:44:29,232 - INFO: global_step=337660, episodic_return=-143.26707458496094
2022-11-15 05:44:31,371 - INFO: global_step=338660, episodic_return=-115.33141326904297
2022-11-15 05:44:33,399 - INFO: global_step=339660, episodic_return=-99.13836669921875
2022-11-15 05:44:35,125 - INFO: global_step=340660, episodic_return=-86.12728881835938
2022-11-15 05:44:36,864 - INFO: global_step=341660, episodic_return=-94.64268493652344
2022-11-15 05:44:38,212 - INFO: global_step=342660, episodic_return=-71.65135955810547
2022-11-15 05:44:39,921 - INFO: global_step=343660, episodic_return=-105.63783264160156
2022-11-15 05:44:41,248 - INFO: global_step=344660, episodic_return=-76.59422302246094
2022-11-15 05:44:43,223 - INFO: global_step=345660, episodic_return=-100.01573181152344
2022-11-15 05:44:45,262 - INFO: global_step=346660, episodic_return=-126.11866760253906
2022-11-15 05:44:47,238 - INFO: global_step=347660, episodic_return=-30.049976348876953
2022-11-15 05:44:48,873 - INFO: global_step=348660, episodic_return=-68.18069458007812
2022-11-15 05:44:51,200 - INFO: global_step=349660, episodic_return=-12.228608131408691
2022-11-15 05:44:53,131 - INFO: global_step=350660, episodic_return=-76.27870178222656
2022-11-15 05:44:55,564 - INFO: global_step=351660, episodic_return=-99.26221466064453
2022-11-15 05:44:57,098 - INFO: global_step=352660, episodic_return=-28.255615234375
2022-11-15 05:44:58,855 - INFO: global_step=353660, episodic_return=-13.047571182250977
2022-11-15 05:45:00,775 - INFO: global_step=354660, episodic_return=-54.65567398071289
2022-11-15 05:45:03,023 - INFO: global_step=355660, episodic_return=-85.31388854980469
2022-11-15 05:45:04,608 - INFO: global_step=356660, episodic_return=-75.32711791992188
2022-11-15 05:45:06,813 - INFO: global_step=357660, episodic_return=-29.867149353027344
2022-11-15 05:45:08,844 - INFO: global_step=358660, episodic_return=-37.610958099365234
2022-11-15 05:45:10,688 - INFO: global_step=359660, episodic_return=-76.66059875488281
2022-11-15 05:45:12,379 - INFO: global_step=360660, episodic_return=-42.261959075927734
2022-11-15 05:45:14,127 - INFO: global_step=361660, episodic_return=-80.42730712890625
2022-11-15 05:45:15,780 - INFO: global_step=362660, episodic_return=-52.19640350341797
2022-11-15 05:45:18,131 - INFO: global_step=363660, episodic_return=-52.34714889526367
2022-11-15 05:45:20,077 - INFO: global_step=364660, episodic_return=-55.69398880004883
2022-11-15 05:45:21,941 - INFO: global_step=365660, episodic_return=-33.45798110961914
2022-11-15 05:45:24,606 - INFO: global_step=366660, episodic_return=-48.817073822021484
2022-11-15 05:45:27,156 - INFO: global_step=367660, episodic_return=-32.7459716796875
2022-11-15 05:45:29,102 - INFO: global_step=368660, episodic_return=-50.579750061035156
2022-11-15 05:45:30,779 - INFO: global_step=369660, episodic_return=-45.19240951538086
2022-11-15 05:45:32,314 - INFO: global_step=370660, episodic_return=-37.74685287475586
2022-11-15 05:45:35,220 - INFO: global_step=371660, episodic_return=-55.04994201660156
2022-11-15 05:45:37,989 - INFO: global_step=372660, episodic_return=-65.71460723876953
2022-11-15 05:45:40,276 - INFO: global_step=373660, episodic_return=-7.872063636779785
2022-11-15 05:45:42,549 - INFO: global_step=374660, episodic_return=-83.45429992675781
2022-11-15 05:45:44,313 - INFO: global_step=375660, episodic_return=-97.76030731201172
2022-11-15 05:45:45,641 - INFO: global_step=376660, episodic_return=-55.150421142578125
2022-11-15 05:45:47,653 - INFO: global_step=377660, episodic_return=-33.861568450927734
2022-11-15 05:45:49,653 - INFO: global_step=378660, episodic_return=-37.864036560058594
2022-11-15 05:45:51,531 - INFO: global_step=379660, episodic_return=-120.0555419921875
2022-11-15 05:45:52,871 - INFO: global_step=380660, episodic_return=-44.27220153808594
2022-11-15 05:45:53,326 - INFO: global_step=381134, episodic_return=-115.91171264648438
2022-11-15 05:45:54,087 - INFO: global_step=381698, episodic_return=-124.24752807617188
2022-11-15 05:45:54,309 - INFO: global_step=381972, episodic_return=-94.52777099609375
2022-11-15 05:45:56,501 - INFO: global_step=382972, episodic_return=-104.02622985839844
2022-11-15 05:45:56,740 - INFO: global_step=383282, episodic_return=-111.09185791015625
2022-11-15 05:45:57,250 - INFO: global_step=383692, episodic_return=-135.03768920898438
2022-11-15 05:45:57,887 - INFO: global_step=384233, episodic_return=-133.84881591796875
2022-11-15 05:45:59,734 - INFO: global_step=385233, episodic_return=-63.429046630859375
2022-11-15 05:46:01,831 - INFO: global_step=386233, episodic_return=-103.69945526123047
2022-11-15 05:46:03,551 - INFO: global_step=387233, episodic_return=-118.17918395996094
2022-11-15 05:46:05,170 - INFO: global_step=388233, episodic_return=-74.85340118408203
2022-11-15 05:46:06,445 - INFO: global_step=389233, episodic_return=-55.346317291259766
2022-11-15 05:46:08,525 - INFO: global_step=390233, episodic_return=-68.30284881591797
2022-11-15 05:46:09,966 - INFO: global_step=391233, episodic_return=-66.38314819335938
2022-11-15 05:46:11,465 - INFO: global_step=392233, episodic_return=-77.73678588867188
2022-11-15 05:46:12,865 - INFO: global_step=393233, episodic_return=-75.28255462646484
2022-11-15 05:46:15,220 - INFO: global_step=394233, episodic_return=-56.516456604003906
2022-11-15 05:46:15,435 - INFO: global_step=394441, episodic_return=-79.8235855102539
2022-11-15 05:46:15,658 - INFO: global_step=394673, episodic_return=-70.646484375
2022-11-15 05:46:17,227 - INFO: global_step=395673, episodic_return=-53.63641357421875
2022-11-15 05:46:19,589 - INFO: global_step=396673, episodic_return=-25.207483291625977
2022-11-15 05:46:22,293 - INFO: global_step=397673, episodic_return=-6.9092912673950195
2022-11-15 05:46:24,421 - INFO: global_step=398673, episodic_return=-61.64592742919922
2022-11-15 05:46:27,191 - INFO: global_step=399673, episodic_return=-71.80435180664062
2022-11-15 05:46:28,921 - INFO: global_step=400673, episodic_return=-61.49008560180664
2022-11-15 05:46:31,291 - INFO: global_step=401673, episodic_return=-91.00537872314453
2022-11-15 05:46:33,480 - INFO: global_step=402673, episodic_return=-46.5212516784668
2022-11-15 05:46:36,235 - INFO: global_step=403673, episodic_return=-61.97283935546875
2022-11-15 05:46:38,898 - INFO: global_step=404673, episodic_return=-34.96635437011719
2022-11-15 05:46:40,347 - INFO: global_step=405673, episodic_return=-12.196504592895508
2022-11-15 05:46:42,401 - INFO: global_step=406673, episodic_return=-59.02400207519531
2022-11-15 05:46:44,279 - INFO: global_step=407673, episodic_return=-52.69766616821289
2022-11-15 05:46:46,336 - INFO: global_step=408673, episodic_return=-52.64934158325195
2022-11-15 05:46:48,272 - INFO: global_step=409673, episodic_return=-54.05554962158203
2022-11-15 05:46:49,823 - INFO: global_step=410673, episodic_return=-22.723268508911133
2022-11-15 05:46:51,361 - INFO: global_step=411673, episodic_return=-22.674732208251953
2022-11-15 05:46:53,314 - INFO: global_step=412673, episodic_return=-67.33050537109375
2022-11-15 05:46:54,849 - INFO: global_step=413673, episodic_return=-18.676429748535156
2022-11-15 05:46:57,202 - INFO: global_step=414673, episodic_return=-23.271106719970703
2022-11-15 05:46:58,787 - INFO: global_step=415673, episodic_return=-24.824384689331055
2022-11-15 05:47:01,856 - INFO: global_step=416673, episodic_return=-72.38941955566406
2022-11-15 05:47:03,204 - INFO: global_step=417673, episodic_return=-13.78188705444336
2022-11-15 05:47:04,689 - INFO: global_step=418673, episodic_return=11.4957275390625
2022-11-15 05:47:06,937 - INFO: global_step=419673, episodic_return=-1.2006123065948486
2022-11-15 05:47:08,963 - INFO: global_step=420673, episodic_return=-12.774520874023438
2022-11-15 05:47:12,652 - INFO: global_step=421673, episodic_return=-30.837005615234375
2022-11-15 05:47:14,415 - INFO: global_step=422673, episodic_return=10.87486743927002
2022-11-15 05:47:15,733 - INFO: global_step=423531, episodic_return=-232.2658233642578
2022-11-15 05:47:17,021 - INFO: global_step=424531, episodic_return=35.56602478027344
2022-11-15 05:47:17,507 - INFO: global_step=425018, episodic_return=-42.63825988769531
2022-11-15 05:47:18,235 - INFO: global_step=425650, episodic_return=154.98370361328125
2022-11-15 05:47:19,653 - INFO: global_step=426650, episodic_return=62.118309020996094
2022-11-15 05:47:19,725 - INFO: global_step=426764, episodic_return=-191.63552856445312
2022-11-15 05:47:21,386 - INFO: global_step=427764, episodic_return=12.935273170471191
2022-11-15 05:47:22,824 - INFO: global_step=428764, episodic_return=17.58852767944336
2022-11-15 05:47:24,220 - INFO: global_step=429764, episodic_return=-27.916780471801758
2022-11-15 05:47:25,948 - INFO: global_step=430764, episodic_return=-73.10014343261719
2022-11-15 05:47:27,617 - INFO: global_step=431764, episodic_return=-19.786893844604492
2022-11-15 05:47:28,758 - INFO: global_step=432764, episodic_return=-15.67454719543457
2022-11-15 05:47:30,636 - INFO: global_step=433764, episodic_return=-1.5141987800598145
2022-11-15 05:47:32,999 - INFO: global_step=434764, episodic_return=63.13313674926758
2022-11-15 05:47:35,334 - INFO: global_step=435764, episodic_return=79.40425109863281
2022-11-15 05:47:36,309 - INFO: global_step=436456, episodic_return=202.4517822265625
2022-11-15 05:47:38,189 - INFO: global_step=437456, episodic_return=56.73814392089844
2022-11-15 05:47:39,820 - INFO: global_step=438456, episodic_return=90.53778076171875
2022-11-15 05:47:40,695 - INFO: global_step=438976, episodic_return=191.39447021484375
2022-11-15 05:47:42,557 - INFO: global_step=439976, episodic_return=108.72386169433594
2022-11-15 05:47:43,020 - INFO: global_step=440395, episodic_return=214.80914306640625
2022-11-15 05:47:44,235 - INFO: global_step=441172, episodic_return=195.64047241210938
2022-11-15 05:47:46,153 - INFO: global_step=442172, episodic_return=65.9264144897461
2022-11-15 05:47:47,065 - INFO: global_step=442741, episodic_return=212.86880493164062
2022-11-15 05:47:47,755 - INFO: global_step=443347, episodic_return=-67.83589172363281
2022-11-15 05:47:48,703 - INFO: global_step=444053, episodic_return=-28.773345947265625
2022-11-15 05:47:50,540 - INFO: global_step=445053, episodic_return=154.8616485595703
2022-11-15 05:47:52,786 - INFO: global_step=446053, episodic_return=61.191322326660156
2022-11-15 05:47:54,647 - INFO: global_step=447053, episodic_return=103.97073364257812
2022-11-15 05:47:55,360 - INFO: global_step=447560, episodic_return=234.14991760253906
2022-11-15 05:47:55,807 - INFO: global_step=447971, episodic_return=-87.86289978027344
2022-11-15 05:47:57,047 - INFO: global_step=448724, episodic_return=-80.12648010253906
2022-11-15 05:47:58,686 - INFO: global_step=449724, episodic_return=5.293722152709961
2022-11-15 05:48:00,320 - INFO: global_step=450609, episodic_return=187.6298828125
2022-11-15 05:48:01,190 - INFO: global_step=451218, episodic_return=141.03851318359375
2022-11-15 05:48:01,529 - INFO: global_step=451554, episodic_return=255.2030487060547
2022-11-15 05:48:03,193 - INFO: global_step=452554, episodic_return=-129.64239501953125
2022-11-15 05:48:03,546 - INFO: global_step=452896, episodic_return=278.6478271484375
2022-11-15 05:48:03,795 - INFO: global_step=453171, episodic_return=-107.5380859375
2022-11-15 05:48:04,297 - INFO: global_step=453622, episodic_return=227.26318359375
2022-11-15 05:48:05,392 - INFO: global_step=454335, episodic_return=175.9073028564453
2022-11-15 05:48:05,884 - INFO: global_step=454729, episodic_return=216.4069366455078
2022-11-15 05:48:06,264 - INFO: global_step=455100, episodic_return=-107.52082061767578
2022-11-15 05:48:06,814 - INFO: global_step=455534, episodic_return=195.01663208007812
2022-11-15 05:48:07,374 - INFO: global_step=456075, episodic_return=132.31040954589844
2022-11-15 05:48:08,040 - INFO: global_step=456604, episodic_return=155.66737365722656
2022-11-15 05:48:08,566 - INFO: global_step=457041, episodic_return=176.5924072265625
2022-11-15 05:48:09,910 - INFO: global_step=458041, episodic_return=-63.349544525146484
2022-11-15 05:48:11,202 - INFO: global_step=458704, episodic_return=124.7871322631836
2022-11-15 05:48:13,200 - INFO: global_step=459704, episodic_return=-48.974456787109375
2022-11-15 05:48:13,957 - INFO: global_step=460195, episodic_return=188.004150390625
2022-11-15 05:48:14,171 - INFO: global_step=460412, episodic_return=-72.65798950195312
2022-11-15 05:48:14,712 - INFO: global_step=460862, episodic_return=169.54006958007812
2022-11-15 05:48:15,097 - INFO: global_step=461227, episodic_return=236.48529052734375
2022-11-15 05:48:15,575 - INFO: global_step=461645, episodic_return=172.35743713378906
2022-11-15 05:48:16,791 - INFO: global_step=462461, episodic_return=129.51626586914062
2022-11-15 05:48:17,286 - INFO: global_step=462861, episodic_return=252.2853240966797
2022-11-15 05:48:17,553 - INFO: global_step=463102, episodic_return=185.69749450683594
2022-11-15 05:48:17,989 - INFO: global_step=463510, episodic_return=261.0348815917969
2022-11-15 05:48:18,470 - INFO: global_step=463896, episodic_return=141.84275817871094
2022-11-15 05:48:18,977 - INFO: global_step=464303, episodic_return=150.9077606201172
2022-11-15 05:48:19,235 - INFO: global_step=464559, episodic_return=198.87794494628906
2022-11-15 05:48:19,766 - INFO: global_step=464994, episodic_return=122.41877746582031
2022-11-15 05:48:19,983 - INFO: global_step=465208, episodic_return=210.33261108398438
2022-11-15 05:48:20,227 - INFO: global_step=465463, episodic_return=232.0302276611328
2022-11-15 05:48:20,454 - INFO: global_step=465703, episodic_return=260.5155029296875
2022-11-15 05:48:21,099 - INFO: global_step=466220, episodic_return=182.81600952148438
2022-11-15 05:48:21,430 - INFO: global_step=466536, episodic_return=268.315673828125
2022-11-15 05:48:21,738 - INFO: global_step=466809, episodic_return=255.43710327148438
2022-11-15 05:48:22,131 - INFO: global_step=467067, episodic_return=271.2856140136719
2022-11-15 05:48:22,363 - INFO: global_step=467340, episodic_return=251.12815856933594
2022-11-15 05:48:22,598 - INFO: global_step=467633, episodic_return=2.3718032836914062
2022-11-15 05:48:22,902 - INFO: global_step=467918, episodic_return=247.70228576660156
2022-11-15 05:48:23,335 - INFO: global_step=468310, episodic_return=-12.4915771484375
2022-11-15 05:48:23,919 - INFO: global_step=468792, episodic_return=221.37844848632812
2022-11-15 05:48:24,665 - INFO: global_step=469357, episodic_return=252.68894958496094
2022-11-15 05:48:25,244 - INFO: global_step=469845, episodic_return=237.4740447998047
2022-11-15 05:48:26,217 - INFO: global_step=470436, episodic_return=264.37457275390625
2022-11-15 05:48:26,468 - INFO: global_step=470711, episodic_return=225.74545288085938
2022-11-15 05:48:26,728 - INFO: global_step=471002, episodic_return=230.39669799804688
2022-11-15 05:48:27,129 - INFO: global_step=471352, episodic_return=245.17543029785156
2022-11-15 05:48:27,450 - INFO: global_step=471658, episodic_return=235.95498657226562
2022-11-15 05:48:28,387 - INFO: global_step=472284, episodic_return=185.99053955078125
2022-11-15 05:48:28,872 - INFO: global_step=472595, episodic_return=269.9513854980469
2022-11-15 05:48:29,836 - INFO: global_step=473217, episodic_return=177.01174926757812
2022-11-15 05:48:30,797 - INFO: global_step=473802, episodic_return=220.63766479492188
2022-11-15 05:48:31,188 - INFO: global_step=474151, episodic_return=245.82273864746094
2022-11-15 05:48:31,596 - INFO: global_step=474487, episodic_return=239.14439392089844
2022-11-15 05:48:32,358 - INFO: global_step=474920, episodic_return=241.1262969970703
2022-11-15 05:48:33,442 - INFO: global_step=475678, episodic_return=-125.26776123046875
2022-11-15 05:48:34,018 - INFO: global_step=476170, episodic_return=86.20356750488281
2022-11-15 05:48:34,504 - INFO: global_step=476607, episodic_return=211.4150390625
2022-11-15 05:48:35,029 - INFO: global_step=477047, episodic_return=201.64605712890625
2022-11-15 05:48:35,567 - INFO: global_step=477440, episodic_return=222.17059326171875
2022-11-15 05:48:35,961 - INFO: global_step=477762, episodic_return=234.8167266845703
2022-11-15 05:48:36,733 - INFO: global_step=478313, episodic_return=189.70034790039062
2022-11-15 05:48:38,770 - INFO: global_step=479313, episodic_return=-31.40850067138672
2022-11-15 05:48:41,151 - INFO: global_step=480313, episodic_return=-48.75324249267578
2022-11-15 05:48:41,769 - INFO: global_step=480750, episodic_return=257.929931640625
2022-11-15 05:48:42,202 - INFO: global_step=481131, episodic_return=271.3365173339844
2022-11-15 05:48:43,850 - INFO: global_step=482026, episodic_return=172.6182861328125
2022-11-15 05:48:44,556 - INFO: global_step=482486, episodic_return=210.76820373535156
2022-11-15 05:48:45,150 - INFO: global_step=482987, episodic_return=200.33041381835938
2022-11-15 05:48:45,425 - INFO: global_step=483303, episodic_return=222.08541870117188
2022-11-15 05:48:46,033 - INFO: global_step=483906, episodic_return=225.29232788085938
2022-11-15 05:48:46,927 - INFO: global_step=484495, episodic_return=219.39114379882812
2022-11-15 05:48:47,228 - INFO: global_step=484772, episodic_return=260.1407470703125
2022-11-15 05:48:47,694 - INFO: global_step=485169, episodic_return=243.72731018066406
2022-11-15 05:48:48,966 - INFO: global_step=485938, episodic_return=128.1619415283203
2022-11-15 05:48:49,170 - INFO: global_step=486175, episodic_return=273.7539978027344
2022-11-15 05:48:49,463 - INFO: global_step=486494, episodic_return=252.40927124023438
2022-11-15 05:48:49,684 - INFO: global_step=486773, episodic_return=235.46490478515625
2022-11-15 05:48:49,928 - INFO: global_step=487074, episodic_return=234.03062438964844
2022-11-15 05:48:50,199 - INFO: global_step=487342, episodic_return=247.4284210205078
2022-11-15 05:48:50,546 - INFO: global_step=487671, episodic_return=252.45343017578125
2022-11-15 05:48:50,965 - INFO: global_step=487993, episodic_return=279.7212219238281
2022-11-15 05:48:51,595 - INFO: global_step=488320, episodic_return=261.4447021484375
2022-11-15 05:48:52,009 - INFO: global_step=488605, episodic_return=242.0807647705078
2022-11-15 05:48:52,435 - INFO: global_step=488853, episodic_return=300.80584716796875
2022-11-15 05:48:52,757 - INFO: global_step=489137, episodic_return=247.47796630859375
2022-11-15 05:48:53,118 - INFO: global_step=489455, episodic_return=286.0360107421875
2022-11-15 05:48:53,406 - INFO: global_step=489790, episodic_return=267.742431640625
2022-11-15 05:48:53,807 - INFO: global_step=490224, episodic_return=250.47210693359375
2022-11-15 05:48:54,059 - INFO: global_step=490468, episodic_return=248.304931640625
2022-11-15 05:48:54,437 - INFO: global_step=490784, episodic_return=253.05918884277344
2022-11-15 05:48:54,964 - INFO: global_step=491207, episodic_return=251.00277709960938
2022-11-15 05:48:55,164 - INFO: global_step=491426, episodic_return=296.9134826660156
2022-11-15 05:48:55,430 - INFO: global_step=491685, episodic_return=237.8419952392578
2022-11-15 05:48:55,799 - INFO: global_step=492004, episodic_return=242.22390747070312
2022-11-15 05:48:56,098 - INFO: global_step=492288, episodic_return=256.73101806640625
2022-11-15 05:48:56,257 - INFO: global_step=492468, episodic_return=26.66094207763672
2022-11-15 05:48:56,569 - INFO: global_step=492805, episodic_return=237.34181213378906
2022-11-15 05:48:56,862 - INFO: global_step=493091, episodic_return=256.7848815917969
2022-11-15 05:48:57,229 - INFO: global_step=493446, episodic_return=218.9483184814453
2022-11-15 05:48:58,694 - INFO: global_step=494412, episodic_return=198.68179321289062
2022-11-15 05:48:59,107 - INFO: global_step=494691, episodic_return=232.91111755371094
2022-11-15 05:48:59,458 - INFO: global_step=494990, episodic_return=218.89718627929688
2022-11-15 05:48:59,914 - INFO: global_step=495326, episodic_return=268.02386474609375
2022-11-15 05:49:00,296 - INFO: global_step=495632, episodic_return=286.7911071777344
2022-11-15 05:49:00,571 - INFO: global_step=495848, episodic_return=242.36203002929688
2022-11-15 05:49:01,047 - INFO: global_step=496203, episodic_return=290.7119140625
2022-11-15 05:49:01,372 - INFO: global_step=496474, episodic_return=294.65386962890625
2022-11-15 05:49:01,642 - INFO: global_step=496713, episodic_return=240.7245330810547
2022-11-15 05:49:02,991 - INFO: global_step=497477, episodic_return=257.07403564453125
2022-11-15 05:49:03,418 - INFO: global_step=497707, episodic_return=234.6241455078125
2022-11-15 05:49:04,412 - INFO: global_step=498315, episodic_return=250.5235137939453
2022-11-15 05:49:04,653 - INFO: global_step=498546, episodic_return=228.09075927734375
2022-11-15 05:49:05,202 - INFO: global_step=498906, episodic_return=163.43594360351562
2022-11-15 05:49:05,668 - INFO: global_step=499196, episodic_return=187.52561950683594
2022-11-15 05:49:07,331 - INFO: The average reward of last 20 steps: 229.57492027282714
