2022-11-15 06:04:12,190 - INFO: +--------------------------+----------------+
| Parameter                | Value          |
+--------------------------+----------------+
| exp_name                 | dqn            |
+--------------------------+----------------+
| seed                     | 42             |
+--------------------------+----------------+
| total_timesteps          | 500000         |
+--------------------------+----------------+
| learning_rate            | 0.001          |
+--------------------------+----------------+
| buffer_size              | 2000           |
+--------------------------+----------------+
| gamma                    | 0.982          |
+--------------------------+----------------+
| target_network_frequency | 50             |
+--------------------------+----------------+
| batch_size               | 128            |
+--------------------------+----------------+
| start_e                  | 0.900          |
+--------------------------+----------------+
| end_e                    | 0.010          |
+--------------------------+----------------+
| exploration_fraction     | 0.300          |
+--------------------------+----------------+
| learning_starts          | 10000          |
+--------------------------+----------------+
| train_frequency          | 10             |
+--------------------------+----------------+
| env_id                   | LunarLander-v2 |
+--------------------------+----------------+
2022-11-15 06:04:14,330 - INFO: global_step=112, episodic_return=-339.75921630859375
2022-11-15 06:04:14,356 - INFO: global_step=233, episodic_return=-152.68775939941406
2022-11-15 06:04:14,369 - INFO: global_step=299, episodic_return=-109.94239807128906
2022-11-15 06:04:14,393 - INFO: global_step=416, episodic_return=-203.19461059570312
2022-11-15 06:04:14,413 - INFO: global_step=528, episodic_return=-418.8057556152344
2022-11-15 06:04:14,432 - INFO: global_step=639, episodic_return=-153.3179931640625
2022-11-15 06:04:14,443 - INFO: global_step=698, episodic_return=-341.0727233886719
2022-11-15 06:04:14,463 - INFO: global_step=794, episodic_return=-534.4889526367188
2022-11-15 06:04:14,475 - INFO: global_step=860, episodic_return=-326.4289245605469
2022-11-15 06:04:14,493 - INFO: global_step=953, episodic_return=-183.66256713867188
2022-11-15 06:04:14,505 - INFO: global_step=1020, episodic_return=-81.96102905273438
2022-11-15 06:04:14,527 - INFO: global_step=1133, episodic_return=-167.6072540283203
2022-11-15 06:04:14,540 - INFO: global_step=1217, episodic_return=-140.37823486328125
2022-11-15 06:04:14,556 - INFO: global_step=1306, episodic_return=-83.49345397949219
2022-11-15 06:04:14,573 - INFO: global_step=1397, episodic_return=-101.91911315917969
2022-11-15 06:04:14,584 - INFO: global_step=1459, episodic_return=-244.49114990234375
2022-11-15 06:04:14,601 - INFO: global_step=1543, episodic_return=-42.52562713623047
2022-11-15 06:04:14,615 - INFO: global_step=1615, episodic_return=-167.68374633789062
2022-11-15 06:04:14,631 - INFO: global_step=1678, episodic_return=-125.52555084228516
2022-11-15 06:04:14,658 - INFO: global_step=1788, episodic_return=-397.4667663574219
2022-11-15 06:04:14,682 - INFO: global_step=1878, episodic_return=-298.3147888183594
2022-11-15 06:04:14,704 - INFO: global_step=1976, episodic_return=-347.0412292480469
2022-11-15 06:04:14,726 - INFO: global_step=2063, episodic_return=-83.50721740722656
2022-11-15 06:04:14,744 - INFO: global_step=2139, episodic_return=-148.65103149414062
2022-11-15 06:04:14,759 - INFO: global_step=2198, episodic_return=-124.72183227539062
2022-11-15 06:04:14,785 - INFO: global_step=2299, episodic_return=-320.50628662109375
2022-11-15 06:04:14,805 - INFO: global_step=2366, episodic_return=-85.00633239746094
2022-11-15 06:04:14,831 - INFO: global_step=2466, episodic_return=-182.06886291503906
2022-11-15 06:04:14,850 - INFO: global_step=2543, episodic_return=-111.4736328125
2022-11-15 06:04:14,863 - INFO: global_step=2607, episodic_return=-133.11868286132812
2022-11-15 06:04:14,888 - INFO: global_step=2706, episodic_return=-322.5931091308594
2022-11-15 06:04:14,906 - INFO: global_step=2773, episodic_return=-86.7968978881836
2022-11-15 06:04:14,924 - INFO: global_step=2854, episodic_return=30.426040649414062
2022-11-15 06:04:14,941 - INFO: global_step=2917, episodic_return=-86.21778869628906
2022-11-15 06:04:14,958 - INFO: global_step=2983, episodic_return=-75.50908660888672
2022-11-15 06:04:14,971 - INFO: global_step=3052, episodic_return=-293.9744873046875
2022-11-15 06:04:14,990 - INFO: global_step=3129, episodic_return=-113.73268127441406
2022-11-15 06:04:15,006 - INFO: global_step=3201, episodic_return=-264.092041015625
2022-11-15 06:04:15,024 - INFO: global_step=3294, episodic_return=-158.32733154296875
2022-11-15 06:04:15,042 - INFO: global_step=3380, episodic_return=-119.73577880859375
2022-11-15 06:04:15,075 - INFO: global_step=3505, episodic_return=11.987220764160156
2022-11-15 06:04:15,096 - INFO: global_step=3587, episodic_return=-341.3211669921875
2022-11-15 06:04:15,111 - INFO: global_step=3645, episodic_return=-108.0714111328125
2022-11-15 06:04:15,142 - INFO: global_step=3749, episodic_return=-384.7296142578125
2022-11-15 06:04:15,172 - INFO: global_step=3841, episodic_return=-533.8289794921875
2022-11-15 06:04:15,202 - INFO: global_step=3938, episodic_return=-371.30438232421875
2022-11-15 06:04:15,238 - INFO: global_step=4044, episodic_return=-109.27967834472656
2022-11-15 06:04:15,266 - INFO: global_step=4119, episodic_return=-79.5974349975586
2022-11-15 06:04:15,327 - INFO: global_step=4292, episodic_return=-112.3653793334961
2022-11-15 06:04:15,377 - INFO: global_step=4453, episodic_return=-405.3284912109375
2022-11-15 06:04:15,414 - INFO: global_step=4589, episodic_return=-222.7703857421875
2022-11-15 06:04:15,429 - INFO: global_step=4661, episodic_return=-97.19403839111328
2022-11-15 06:04:15,447 - INFO: global_step=4735, episodic_return=-127.48197174072266
2022-11-15 06:04:15,461 - INFO: global_step=4787, episodic_return=-126.45387268066406
2022-11-15 06:04:15,480 - INFO: global_step=4852, episodic_return=-379.2203369140625
2022-11-15 06:04:15,509 - INFO: global_step=4964, episodic_return=-258.5038757324219
2022-11-15 06:04:15,541 - INFO: global_step=5072, episodic_return=-138.34228515625
2022-11-15 06:04:15,557 - INFO: global_step=5134, episodic_return=-316.5306396484375
2022-11-15 06:04:15,583 - INFO: global_step=5236, episodic_return=-138.79705810546875
2022-11-15 06:04:15,598 - INFO: global_step=5300, episodic_return=-81.56439208984375
2022-11-15 06:04:15,613 - INFO: global_step=5358, episodic_return=-95.11386108398438
2022-11-15 06:04:15,631 - INFO: global_step=5426, episodic_return=-68.17604064941406
2022-11-15 06:04:15,654 - INFO: global_step=5506, episodic_return=-470.0986328125
2022-11-15 06:04:15,689 - INFO: global_step=5644, episodic_return=-244.32510375976562
2022-11-15 06:04:15,702 - INFO: global_step=5709, episodic_return=-78.77952575683594
2022-11-15 06:04:15,714 - INFO: global_step=5772, episodic_return=-95.07411193847656
2022-11-15 06:04:15,743 - INFO: global_step=5891, episodic_return=-173.37979125976562
2022-11-15 06:04:15,759 - INFO: global_step=5956, episodic_return=-83.03822326660156
2022-11-15 06:04:15,771 - INFO: global_step=6019, episodic_return=-71.8277587890625
2022-11-15 06:04:15,789 - INFO: global_step=6112, episodic_return=-46.05957794189453
2022-11-15 06:04:15,801 - INFO: global_step=6175, episodic_return=-85.0575942993164
2022-11-15 06:04:15,815 - INFO: global_step=6249, episodic_return=-394.3137512207031
2022-11-15 06:04:15,830 - INFO: global_step=6330, episodic_return=-144.3369598388672
2022-11-15 06:04:15,851 - INFO: global_step=6423, episodic_return=-287.60748291015625
2022-11-15 06:04:15,866 - INFO: global_step=6494, episodic_return=-107.87208557128906
2022-11-15 06:04:15,886 - INFO: global_step=6590, episodic_return=-136.46302795410156
2022-11-15 06:04:15,898 - INFO: global_step=6650, episodic_return=-47.26716232299805
2022-11-15 06:04:15,910 - INFO: global_step=6718, episodic_return=40.46661376953125
2022-11-15 06:04:15,929 - INFO: global_step=6816, episodic_return=-234.4033966064453
2022-11-15 06:04:15,946 - INFO: global_step=6908, episodic_return=-11.52392578125
2022-11-15 06:04:15,959 - INFO: global_step=6979, episodic_return=-94.44888305664062
2022-11-15 06:04:15,972 - INFO: global_step=7044, episodic_return=-90.79161834716797
2022-11-15 06:04:15,985 - INFO: global_step=7109, episodic_return=-78.55059814453125
2022-11-15 06:04:16,005 - INFO: global_step=7220, episodic_return=-271.95086669921875
2022-11-15 06:04:16,022 - INFO: global_step=7310, episodic_return=-250.99041748046875
2022-11-15 06:04:16,038 - INFO: global_step=7404, episodic_return=-77.45510864257812
2022-11-15 06:04:16,054 - INFO: global_step=7483, episodic_return=-113.64710235595703
2022-11-15 06:04:16,070 - INFO: global_step=7575, episodic_return=-361.66571044921875
2022-11-15 06:04:16,082 - INFO: global_step=7641, episodic_return=-93.90148162841797
2022-11-15 06:04:16,111 - INFO: global_step=7771, episodic_return=-212.44668579101562
2022-11-15 06:04:16,133 - INFO: global_step=7871, episodic_return=-441.6806640625
2022-11-15 06:04:16,167 - INFO: global_step=8015, episodic_return=-120.17390441894531
2022-11-15 06:04:16,182 - INFO: global_step=8078, episodic_return=-86.62747955322266
2022-11-15 06:04:16,196 - INFO: global_step=8144, episodic_return=-69.85552215576172
2022-11-15 06:04:16,220 - INFO: global_step=8241, episodic_return=-103.9601821899414
2022-11-15 06:04:16,248 - INFO: global_step=8328, episodic_return=-324.11846923828125
2022-11-15 06:04:16,275 - INFO: global_step=8444, episodic_return=-159.6007080078125
2022-11-15 06:04:16,291 - INFO: global_step=8522, episodic_return=-541.18310546875
2022-11-15 06:04:16,307 - INFO: global_step=8589, episodic_return=-105.07582092285156
2022-11-15 06:04:16,327 - INFO: global_step=8665, episodic_return=-99.34559631347656
2022-11-15 06:04:16,366 - INFO: global_step=8803, episodic_return=-109.23250579833984
2022-11-15 06:04:16,389 - INFO: global_step=8886, episodic_return=-22.338211059570312
2022-11-15 06:04:16,433 - INFO: global_step=9033, episodic_return=-152.5693817138672
2022-11-15 06:04:16,458 - INFO: global_step=9125, episodic_return=-300.7626647949219
2022-11-15 06:04:16,495 - INFO: global_step=9249, episodic_return=-86.90438842773438
2022-11-15 06:04:16,519 - INFO: global_step=9334, episodic_return=-190.07162475585938
2022-11-15 06:04:16,546 - INFO: global_step=9427, episodic_return=-67.27720642089844
2022-11-15 06:04:16,572 - INFO: global_step=9524, episodic_return=-108.0391845703125
2022-11-15 06:04:16,595 - INFO: global_step=9615, episodic_return=-394.4085998535156
2022-11-15 06:04:16,612 - INFO: global_step=9683, episodic_return=-107.65902709960938
2022-11-15 06:04:16,657 - INFO: global_step=9819, episodic_return=-158.04319763183594
2022-11-15 06:04:16,670 - INFO: global_step=9883, episodic_return=-170.888427734375
2022-11-15 06:04:16,683 - INFO: global_step=9949, episodic_return=-310.32452392578125
2022-11-15 06:04:16,712 - INFO: global_step=10033, episodic_return=-452.9117126464844
2022-11-15 06:04:16,749 - INFO: global_step=10116, episodic_return=-139.89987182617188
2022-11-15 06:04:16,779 - INFO: global_step=10183, episodic_return=-81.05457305908203
2022-11-15 06:04:16,809 - INFO: global_step=10254, episodic_return=-130.9066162109375
2022-11-15 06:04:16,835 - INFO: global_step=10319, episodic_return=-190.98330688476562
2022-11-15 06:04:16,878 - INFO: global_step=10416, episodic_return=-324.5701904296875
2022-11-15 06:04:16,944 - INFO: global_step=10557, episodic_return=-175.2085418701172
2022-11-15 06:04:16,994 - INFO: global_step=10653, episodic_return=-142.30279541015625
2022-11-15 06:04:17,070 - INFO: global_step=10774, episodic_return=-188.91294860839844
2022-11-15 06:04:17,113 - INFO: global_step=10836, episodic_return=-149.37344360351562
2022-11-15 06:04:17,165 - INFO: global_step=10902, episodic_return=-76.15721130371094
2022-11-15 06:04:17,238 - INFO: global_step=11036, episodic_return=-100.34379577636719
2022-11-15 06:04:17,303 - INFO: global_step=11175, episodic_return=-380.3938903808594
2022-11-15 06:04:17,344 - INFO: global_step=11269, episodic_return=-83.22653198242188
2022-11-15 06:04:17,402 - INFO: global_step=11413, episodic_return=-280.993896484375
2022-11-15 06:04:17,432 - INFO: global_step=11494, episodic_return=6.776481628417969
2022-11-15 06:04:17,464 - INFO: global_step=11585, episodic_return=-67.97885131835938
2022-11-15 06:04:17,518 - INFO: global_step=11724, episodic_return=-109.04296875
2022-11-15 06:04:17,548 - INFO: global_step=11793, episodic_return=-70.06742858886719
2022-11-15 06:04:17,598 - INFO: global_step=11919, episodic_return=-162.251220703125
2022-11-15 06:04:17,672 - INFO: global_step=12067, episodic_return=-193.49444580078125
2022-11-15 06:04:17,721 - INFO: global_step=12174, episodic_return=38.31767272949219
2022-11-15 06:04:17,763 - INFO: global_step=12269, episodic_return=-436.26263427734375
2022-11-15 06:04:17,806 - INFO: global_step=12359, episodic_return=-81.98406982421875
2022-11-15 06:04:17,850 - INFO: global_step=12464, episodic_return=-202.5919189453125
2022-11-15 06:04:17,904 - INFO: global_step=12587, episodic_return=-563.1051635742188
2022-11-15 06:04:17,957 - INFO: global_step=12678, episodic_return=-114.28204345703125
2022-11-15 06:04:17,986 - INFO: global_step=12758, episodic_return=-64.35173034667969
2022-11-15 06:04:18,023 - INFO: global_step=12857, episodic_return=16.363914489746094
2022-11-15 06:04:18,087 - INFO: global_step=13022, episodic_return=-285.8583984375
2022-11-15 06:04:18,119 - INFO: global_step=13120, episodic_return=-213.38198852539062
2022-11-15 06:04:18,173 - INFO: global_step=13259, episodic_return=-115.97250366210938
2022-11-15 06:04:18,208 - INFO: global_step=13351, episodic_return=-259.3753967285156
2022-11-15 06:04:18,242 - INFO: global_step=13444, episodic_return=-332.2244873046875
2022-11-15 06:04:18,303 - INFO: global_step=13587, episodic_return=-352.4284362792969
2022-11-15 06:04:18,351 - INFO: global_step=13700, episodic_return=-135.9873809814453
2022-11-15 06:04:18,428 - INFO: global_step=13831, episodic_return=-202.64871215820312
2022-11-15 06:04:18,506 - INFO: global_step=13972, episodic_return=-81.6551284790039
2022-11-15 06:04:18,550 - INFO: global_step=14064, episodic_return=-83.64100646972656
2022-11-15 06:04:18,618 - INFO: global_step=14181, episodic_return=-282.63836669921875
2022-11-15 06:04:18,677 - INFO: global_step=14299, episodic_return=-84.9932861328125
2022-11-15 06:04:18,761 - INFO: global_step=14451, episodic_return=-328.7464599609375
2022-11-15 06:04:18,801 - INFO: global_step=14533, episodic_return=-140.63922119140625
2022-11-15 06:04:18,829 - INFO: global_step=14595, episodic_return=-81.14418029785156
2022-11-15 06:04:18,863 - INFO: global_step=14679, episodic_return=-102.0416259765625
2022-11-15 06:04:18,906 - INFO: global_step=14772, episodic_return=-58.84192657470703
2022-11-15 06:04:18,956 - INFO: global_step=14887, episodic_return=-166.36505126953125
2022-11-15 06:04:19,004 - INFO: global_step=14990, episodic_return=-190.350830078125
2022-11-15 06:04:19,062 - INFO: global_step=15107, episodic_return=-124.89498901367188
2022-11-15 06:04:19,118 - INFO: global_step=15216, episodic_return=-69.62399291992188
2022-11-15 06:04:19,146 - INFO: global_step=15286, episodic_return=-81.5107421875
2022-11-15 06:04:19,213 - INFO: global_step=15428, episodic_return=-89.46444702148438
2022-11-15 06:04:19,248 - INFO: global_step=15510, episodic_return=-45.687278747558594
2022-11-15 06:04:19,321 - INFO: global_step=15640, episodic_return=12.606834411621094
2022-11-15 06:04:19,378 - INFO: global_step=15777, episodic_return=-189.95022583007812
2022-11-15 06:04:19,406 - INFO: global_step=15850, episodic_return=-193.49896240234375
2022-11-15 06:04:19,495 - INFO: global_step=16008, episodic_return=-466.681884765625
2022-11-15 06:04:19,547 - INFO: global_step=16118, episodic_return=-166.57186889648438
2022-11-15 06:04:19,594 - INFO: global_step=16213, episodic_return=36.014495849609375
2022-11-15 06:04:19,643 - INFO: global_step=16310, episodic_return=-134.29974365234375
2022-11-15 06:04:19,689 - INFO: global_step=16406, episodic_return=-100.14503479003906
2022-11-15 06:04:19,771 - INFO: global_step=16571, episodic_return=-125.02680969238281
2022-11-15 06:04:19,845 - INFO: global_step=16711, episodic_return=-198.29647827148438
2022-11-15 06:04:19,896 - INFO: global_step=16822, episodic_return=26.183326721191406
2022-11-15 06:04:19,934 - INFO: global_step=16918, episodic_return=-228.51144409179688
2022-11-15 06:04:19,971 - INFO: global_step=17017, episodic_return=-356.5153503417969
2022-11-15 06:04:20,023 - INFO: global_step=17149, episodic_return=-60.106197357177734
2022-11-15 06:04:20,057 - INFO: global_step=17246, episodic_return=-101.65741729736328
2022-11-15 06:04:20,095 - INFO: global_step=17342, episodic_return=-132.26840209960938
2022-11-15 06:04:20,126 - INFO: global_step=17415, episodic_return=-89.1746826171875
2022-11-15 06:04:20,218 - INFO: global_step=17565, episodic_return=-257.1717529296875
2022-11-15 06:04:20,280 - INFO: global_step=17679, episodic_return=-153.78062438964844
2022-11-15 06:04:20,363 - INFO: global_step=17830, episodic_return=-165.39013671875
2022-11-15 06:04:20,415 - INFO: global_step=17935, episodic_return=-238.07264709472656
2022-11-15 06:04:20,496 - INFO: global_step=18092, episodic_return=-126.85040283203125
2022-11-15 06:04:20,567 - INFO: global_step=18235, episodic_return=-68.5362319946289
2022-11-15 06:04:20,613 - INFO: global_step=18335, episodic_return=-59.73198699951172
2022-11-15 06:04:20,667 - INFO: global_step=18463, episodic_return=-110.40457916259766
2022-11-15 06:04:20,727 - INFO: global_step=18594, episodic_return=-243.28627014160156
2022-11-15 06:04:20,779 - INFO: global_step=18732, episodic_return=-65.37161254882812
2022-11-15 06:04:20,825 - INFO: global_step=18856, episodic_return=-178.372802734375
2022-11-15 06:04:20,869 - INFO: global_step=18963, episodic_return=-5.225944519042969
2022-11-15 06:04:20,927 - INFO: global_step=19104, episodic_return=-52.486244201660156
2022-11-15 06:04:20,961 - INFO: global_step=19189, episodic_return=-201.49673461914062
2022-11-15 06:04:21,017 - INFO: global_step=19308, episodic_return=-165.92910766601562
2022-11-15 06:04:21,069 - INFO: global_step=19403, episodic_return=-146.5143280029297
2022-11-15 06:04:21,106 - INFO: global_step=19497, episodic_return=-144.1812286376953
2022-11-15 06:04:21,137 - INFO: global_step=19583, episodic_return=-138.40411376953125
2022-11-15 06:04:21,203 - INFO: global_step=19743, episodic_return=-123.69256591796875
2022-11-15 06:04:21,280 - INFO: global_step=19927, episodic_return=-103.88699340820312
2022-11-15 06:04:21,320 - INFO: global_step=20035, episodic_return=-242.89669799804688
2022-11-15 06:04:21,357 - INFO: global_step=20134, episodic_return=-48.61448669433594
2022-11-15 06:04:21,436 - INFO: global_step=20291, episodic_return=-58.61854553222656
2022-11-15 06:04:21,472 - INFO: global_step=20365, episodic_return=-143.13565063476562
2022-11-15 06:04:21,564 - INFO: global_step=20523, episodic_return=-101.931640625
2022-11-15 06:04:21,597 - INFO: global_step=20594, episodic_return=-136.63189697265625
2022-11-15 06:04:21,642 - INFO: global_step=20692, episodic_return=-301.9914245605469
2022-11-15 06:04:21,689 - INFO: global_step=20782, episodic_return=-138.70370483398438
2022-11-15 06:04:21,735 - INFO: global_step=20862, episodic_return=-84.89993286132812
2022-11-15 06:04:21,779 - INFO: global_step=20963, episodic_return=-246.53488159179688
2022-11-15 06:04:21,816 - INFO: global_step=21034, episodic_return=-99.54708099365234
2022-11-15 06:04:21,857 - INFO: global_step=21094, episodic_return=-204.9298095703125
2022-11-15 06:04:21,918 - INFO: global_step=21197, episodic_return=-90.581298828125
2022-11-15 06:04:21,977 - INFO: global_step=21262, episodic_return=-118.28883361816406
2022-11-15 06:04:22,082 - INFO: global_step=21403, episodic_return=-150.27395629882812
2022-11-15 06:04:22,148 - INFO: global_step=21502, episodic_return=-82.40843200683594
2022-11-15 06:04:22,224 - INFO: global_step=21614, episodic_return=-164.4644317626953
2022-11-15 06:04:22,311 - INFO: global_step=21753, episodic_return=-221.0537567138672
2022-11-15 06:04:22,358 - INFO: global_step=21833, episodic_return=-94.1514663696289
2022-11-15 06:04:22,408 - INFO: global_step=21928, episodic_return=-123.75154113769531
2022-11-15 06:04:22,447 - INFO: global_step=22004, episodic_return=-124.99168395996094
2022-11-15 06:04:22,488 - INFO: global_step=22084, episodic_return=-5.772834777832031
2022-11-15 06:04:22,521 - INFO: global_step=22151, episodic_return=-25.661239624023438
2022-11-15 06:04:22,600 - INFO: global_step=22324, episodic_return=-151.8532257080078
2022-11-15 06:04:22,667 - INFO: global_step=22424, episodic_return=-108.52196502685547
2022-11-15 06:04:22,749 - INFO: global_step=22551, episodic_return=-148.53274536132812
2022-11-15 06:04:22,832 - INFO: global_step=22713, episodic_return=-118.66649627685547
2022-11-15 06:04:22,893 - INFO: global_step=22813, episodic_return=-302.53497314453125
2022-11-15 06:04:22,945 - INFO: global_step=22926, episodic_return=-83.35934448242188
2022-11-15 06:04:22,990 - INFO: global_step=23027, episodic_return=7.249114990234375
2022-11-15 06:04:23,041 - INFO: global_step=23128, episodic_return=-132.93624877929688
2022-11-15 06:04:23,111 - INFO: global_step=23272, episodic_return=-98.26441955566406
2022-11-15 06:04:23,168 - INFO: global_step=23366, episodic_return=-139.63418579101562
2022-11-15 06:04:23,226 - INFO: global_step=23469, episodic_return=-159.97315979003906
2022-11-15 06:04:23,278 - INFO: global_step=23575, episodic_return=-135.68382263183594
2022-11-15 06:04:23,335 - INFO: global_step=23692, episodic_return=-61.574771881103516
2022-11-15 06:04:23,377 - INFO: global_step=23787, episodic_return=-77.82571411132812
2022-11-15 06:04:23,456 - INFO: global_step=23923, episodic_return=-62.298397064208984
2022-11-15 06:04:23,514 - INFO: global_step=24042, episodic_return=-171.35122680664062
2022-11-15 06:04:23,563 - INFO: global_step=24149, episodic_return=-288.9114074707031
2022-11-15 06:04:23,616 - INFO: global_step=24265, episodic_return=-98.37948608398438
2022-11-15 06:04:23,695 - INFO: global_step=24412, episodic_return=-185.80496215820312
2022-11-15 06:04:23,745 - INFO: global_step=24513, episodic_return=-195.33731079101562
2022-11-15 06:04:23,822 - INFO: global_step=24652, episodic_return=-48.67551040649414
2022-11-15 06:04:23,864 - INFO: global_step=24745, episodic_return=-114.63433074951172
2022-11-15 06:04:23,927 - INFO: global_step=24882, episodic_return=-17.29327392578125
2022-11-15 06:04:23,973 - INFO: global_step=24988, episodic_return=-121.15863037109375
2022-11-15 06:04:24,036 - INFO: global_step=25115, episodic_return=-74.2170181274414
2022-11-15 06:04:24,115 - INFO: global_step=25262, episodic_return=-1.9164886474609375
2022-11-15 06:04:24,173 - INFO: global_step=25377, episodic_return=-146.6522979736328
2022-11-15 06:04:24,222 - INFO: global_step=25456, episodic_return=-88.67119598388672
2022-11-15 06:04:24,253 - INFO: global_step=25525, episodic_return=-108.07091522216797
2022-11-15 06:04:24,309 - INFO: global_step=25643, episodic_return=-158.38827514648438
2022-11-15 06:04:24,340 - INFO: global_step=25715, episodic_return=-60.65938949584961
2022-11-15 06:04:24,405 - INFO: global_step=25843, episodic_return=-143.44808959960938
2022-11-15 06:04:24,483 - INFO: global_step=26000, episodic_return=-155.5040740966797
2022-11-15 06:04:24,543 - INFO: global_step=26145, episodic_return=-5.3551788330078125
2022-11-15 06:04:25,426 - INFO: global_step=26235, episodic_return=-85.10592651367188
2022-11-15 06:04:25,504 - INFO: global_step=26375, episodic_return=-105.61376190185547
2022-11-15 06:04:25,560 - INFO: global_step=26496, episodic_return=-128.47097778320312
2022-11-15 06:04:26,478 - INFO: global_step=26629, episodic_return=-118.66574096679688
2022-11-15 06:04:26,555 - INFO: global_step=26754, episodic_return=-58.277469635009766
2022-11-15 06:04:26,614 - INFO: global_step=26868, episodic_return=-45.44046401977539
2022-11-15 06:04:26,662 - INFO: global_step=26968, episodic_return=-364.1060791015625
2022-11-15 06:04:26,760 - INFO: global_step=27149, episodic_return=-141.57354736328125
2022-11-15 06:04:26,830 - INFO: global_step=27286, episodic_return=-75.96839904785156
2022-11-15 06:04:26,896 - INFO: global_step=27425, episodic_return=-107.3681869506836
2022-11-15 06:04:26,935 - INFO: global_step=27520, episodic_return=-136.34747314453125
2022-11-15 06:04:26,968 - INFO: global_step=27595, episodic_return=-132.47640991210938
2022-11-15 06:04:26,994 - INFO: global_step=27662, episodic_return=-97.571533203125
2022-11-15 06:04:27,050 - INFO: global_step=27772, episodic_return=-138.2115020751953
2022-11-15 06:04:27,092 - INFO: global_step=27867, episodic_return=-129.75933837890625
2022-11-15 06:04:27,150 - INFO: global_step=27995, episodic_return=-90.37162780761719
2022-11-15 06:04:27,201 - INFO: global_step=28090, episodic_return=-36.587303161621094
2022-11-15 06:04:27,267 - INFO: global_step=28216, episodic_return=-72.40101623535156
2022-11-15 06:04:27,335 - INFO: global_step=28347, episodic_return=-316.8291015625
2022-11-15 06:04:27,432 - INFO: global_step=28487, episodic_return=13.946983337402344
2022-11-15 06:04:27,514 - INFO: global_step=28617, episodic_return=-112.3423843383789
2022-11-15 06:04:27,577 - INFO: global_step=28730, episodic_return=-81.87411499023438
2022-11-15 06:04:27,618 - INFO: global_step=28803, episodic_return=-53.402748107910156
2022-11-15 06:04:27,661 - INFO: global_step=28885, episodic_return=52.500762939453125
2022-11-15 06:04:27,721 - INFO: global_step=28985, episodic_return=-91.8192138671875
2022-11-15 06:04:27,765 - INFO: global_step=29069, episodic_return=-47.46091079711914
2022-11-15 06:04:27,829 - INFO: global_step=29184, episodic_return=-169.2554931640625
2022-11-15 06:04:27,877 - INFO: global_step=29269, episodic_return=-89.5748519897461
2022-11-15 06:04:27,949 - INFO: global_step=29390, episodic_return=4.690696716308594
2022-11-15 06:04:28,030 - INFO: global_step=29526, episodic_return=-310.0543212890625
2022-11-15 06:04:28,071 - INFO: global_step=29619, episodic_return=-76.77908325195312
2022-11-15 06:04:28,155 - INFO: global_step=29766, episodic_return=-26.028778076171875
2022-11-15 06:04:28,185 - INFO: global_step=29832, episodic_return=-62.48985290527344
2022-11-15 06:04:28,227 - INFO: global_step=29923, episodic_return=-65.78623962402344
2022-11-15 06:04:28,279 - INFO: global_step=30041, episodic_return=-50.71506118774414
2022-11-15 06:04:28,319 - INFO: global_step=30129, episodic_return=-56.84511947631836
2022-11-15 06:04:28,384 - INFO: global_step=30287, episodic_return=-13.458465576171875
2022-11-15 06:04:28,424 - INFO: global_step=30369, episodic_return=-77.68696594238281
2022-11-15 06:04:28,513 - INFO: global_step=30511, episodic_return=-99.91770935058594
2022-11-15 06:04:28,590 - INFO: global_step=30617, episodic_return=-66.3825454711914
2022-11-15 06:04:28,654 - INFO: global_step=30719, episodic_return=-186.38491821289062
2022-11-15 06:04:28,759 - INFO: global_step=30845, episodic_return=-146.32846069335938
2022-11-15 06:04:28,916 - INFO: global_step=31029, episodic_return=-237.26564025878906
2022-11-15 06:04:29,006 - INFO: global_step=31136, episodic_return=11.634307861328125
2022-11-15 06:04:29,121 - INFO: global_step=31258, episodic_return=-526.7183837890625
2022-11-15 06:04:29,225 - INFO: global_step=31379, episodic_return=-125.8622055053711
2022-11-15 06:04:29,347 - INFO: global_step=31470, episodic_return=-80.20101928710938
2022-11-15 06:04:29,412 - INFO: global_step=31577, episodic_return=-191.09869384765625
2022-11-15 06:04:29,451 - INFO: global_step=31661, episodic_return=-59.354949951171875
2022-11-15 06:04:29,538 - INFO: global_step=31830, episodic_return=-118.19597625732422
2022-11-15 06:04:29,580 - INFO: global_step=31898, episodic_return=-133.19764709472656
2022-11-15 06:04:29,620 - INFO: global_step=31980, episodic_return=-70.81553649902344
2022-11-15 06:04:29,742 - INFO: global_step=32166, episodic_return=-44.62128448486328
2022-11-15 06:04:29,784 - INFO: global_step=32243, episodic_return=-71.18995666503906
2022-11-15 06:04:29,829 - INFO: global_step=32335, episodic_return=-63.34685134887695
2022-11-15 06:04:29,892 - INFO: global_step=32464, episodic_return=-81.03321838378906
2022-11-15 06:04:29,950 - INFO: global_step=32552, episodic_return=-78.95491027832031
2022-11-15 06:04:30,003 - INFO: global_step=32664, episodic_return=-199.86407470703125
2022-11-15 06:04:30,058 - INFO: global_step=32784, episodic_return=-155.39637756347656
2022-11-15 06:04:30,168 - INFO: global_step=32954, episodic_return=-2.0138092041015625
2022-11-15 06:04:30,240 - INFO: global_step=33104, episodic_return=-2.1558914184570312
2022-11-15 06:04:30,311 - INFO: global_step=33255, episodic_return=-211.43875122070312
2022-11-15 06:04:30,378 - INFO: global_step=33396, episodic_return=-61.19850540161133
2022-11-15 06:04:30,453 - INFO: global_step=33497, episodic_return=-82.62173461914062
2022-11-15 06:04:30,523 - INFO: global_step=33623, episodic_return=-60.115962982177734
2022-11-15 06:04:30,598 - INFO: global_step=33739, episodic_return=-122.10796356201172
2022-11-15 06:04:30,655 - INFO: global_step=33835, episodic_return=-64.06326293945312
2022-11-15 06:04:30,703 - INFO: global_step=33901, episodic_return=-64.4191665649414
2022-11-15 06:04:30,795 - INFO: global_step=33990, episodic_return=-10.69659423828125
2022-11-15 06:04:30,867 - INFO: global_step=34082, episodic_return=-118.9576416015625
2022-11-15 06:04:30,918 - INFO: global_step=34157, episodic_return=-66.89823913574219
2022-11-15 06:04:30,995 - INFO: global_step=34247, episodic_return=-80.5234375
2022-11-15 06:04:31,128 - INFO: global_step=34410, episodic_return=-24.353347778320312
2022-11-15 06:04:31,185 - INFO: global_step=34495, episodic_return=-130.2188262939453
2022-11-15 06:04:31,247 - INFO: global_step=34598, episodic_return=-96.80660247802734
2022-11-15 06:04:31,303 - INFO: global_step=34692, episodic_return=-57.84642791748047
2022-11-15 06:04:31,346 - INFO: global_step=34776, episodic_return=-86.67518615722656
2022-11-15 06:04:31,393 - INFO: global_step=34863, episodic_return=-115.84831237792969
2022-11-15 06:04:31,468 - INFO: global_step=34997, episodic_return=-65.11587524414062
2022-11-15 06:04:31,497 - INFO: global_step=35067, episodic_return=-85.30572509765625
2022-11-15 06:04:32,500 - INFO: global_step=35941, episodic_return=-68.1986083984375
2022-11-15 06:04:32,623 - INFO: global_step=36081, episodic_return=-34.3641357421875
2022-11-15 06:04:32,760 - INFO: global_step=36226, episodic_return=-86.65579223632812
2022-11-15 06:04:32,843 - INFO: global_step=36334, episodic_return=-88.3978500366211
2022-11-15 06:04:32,951 - INFO: global_step=36497, episodic_return=-153.94821166992188
2022-11-15 06:04:33,039 - INFO: global_step=36631, episodic_return=-252.0937957763672
2022-11-15 06:04:33,146 - INFO: global_step=36770, episodic_return=-67.01731872558594
2022-11-15 06:04:33,245 - INFO: global_step=36924, episodic_return=-136.73379516601562
2022-11-15 06:04:34,516 - INFO: global_step=37924, episodic_return=37.45937728881836
2022-11-15 06:04:34,600 - INFO: global_step=38069, episodic_return=-252.75955200195312
2022-11-15 06:04:34,702 - INFO: global_step=38224, episodic_return=-1.16339111328125
2022-11-15 06:04:34,767 - INFO: global_step=38338, episodic_return=-67.14285278320312
2022-11-15 06:04:34,848 - INFO: global_step=38480, episodic_return=-99.13908386230469
2022-11-15 06:04:34,934 - INFO: global_step=38628, episodic_return=-53.87104797363281
2022-11-15 06:04:34,987 - INFO: global_step=38745, episodic_return=-20.871780395507812
2022-11-15 06:04:35,060 - INFO: global_step=38896, episodic_return=-59.419769287109375
2022-11-15 06:04:35,130 - INFO: global_step=39043, episodic_return=-69.86766052246094
2022-11-15 06:04:35,234 - INFO: global_step=39235, episodic_return=-199.89772033691406
2022-11-15 06:04:35,295 - INFO: global_step=39337, episodic_return=-84.6025619506836
2022-11-15 06:04:35,356 - INFO: global_step=39432, episodic_return=-128.82669067382812
2022-11-15 06:04:35,413 - INFO: global_step=39537, episodic_return=-78.43737030029297
2022-11-15 06:04:35,508 - INFO: global_step=39655, episodic_return=-195.68801879882812
2022-11-15 06:04:35,560 - INFO: global_step=39755, episodic_return=-57.83997344970703
2022-11-15 06:04:35,709 - INFO: global_step=39971, episodic_return=-118.53897857666016
2022-11-15 06:04:35,757 - INFO: global_step=40078, episodic_return=-116.68270874023438
2022-11-15 06:04:35,804 - INFO: global_step=40178, episodic_return=-101.5988540649414
2022-11-15 06:04:35,878 - INFO: global_step=40287, episodic_return=-30.105804443359375
2022-11-15 06:04:37,112 - INFO: global_step=41164, episodic_return=-81.62936401367188
2022-11-15 06:04:37,211 - INFO: global_step=41292, episodic_return=-97.04866790771484
2022-11-15 06:04:37,356 - INFO: global_step=41476, episodic_return=-29.075225830078125
2022-11-15 06:04:37,405 - INFO: global_step=41558, episodic_return=-92.28108978271484
2022-11-15 06:04:37,936 - INFO: global_step=41985, episodic_return=-106.80928802490234
2022-11-15 06:04:39,311 - INFO: global_step=42985, episodic_return=39.105140686035156
2022-11-15 06:04:39,412 - INFO: global_step=43146, episodic_return=-114.7088623046875
2022-11-15 06:04:39,460 - INFO: global_step=43244, episodic_return=-26.633651733398438
2022-11-15 06:04:39,604 - INFO: global_step=43456, episodic_return=-182.42543029785156
2022-11-15 06:04:39,677 - INFO: global_step=43579, episodic_return=-187.62396240234375
2022-11-15 06:04:39,741 - INFO: global_step=43702, episodic_return=-151.09317016601562
2022-11-15 06:04:39,824 - INFO: global_step=43867, episodic_return=-244.26263427734375
2022-11-15 06:04:39,886 - INFO: global_step=44007, episodic_return=-9.510482788085938
2022-11-15 06:04:39,940 - INFO: global_step=44121, episodic_return=-21.177337646484375
2022-11-15 06:04:40,013 - INFO: global_step=44274, episodic_return=-15.284629821777344
2022-11-15 06:04:40,051 - INFO: global_step=44363, episodic_return=-87.15484619140625
2022-11-15 06:04:40,130 - INFO: global_step=44485, episodic_return=-84.91731262207031
2022-11-15 06:04:40,219 - INFO: global_step=44621, episodic_return=-58.442134857177734
2022-11-15 06:04:40,305 - INFO: global_step=44794, episodic_return=-15.0548095703125
2022-11-15 06:04:40,365 - INFO: global_step=44922, episodic_return=-109.94987487792969
2022-11-15 06:04:40,453 - INFO: global_step=45064, episodic_return=-77.44865417480469
2022-11-15 06:04:40,564 - INFO: global_step=45203, episodic_return=11.299507141113281
2022-11-15 06:04:40,724 - INFO: global_step=45411, episodic_return=36.123321533203125
2022-11-15 06:04:40,777 - INFO: global_step=45506, episodic_return=-111.03527069091797
2022-11-15 06:04:40,905 - INFO: global_step=45702, episodic_return=-12.941757202148438
2022-11-15 06:04:40,970 - INFO: global_step=45826, episodic_return=-28.307762145996094
2022-11-15 06:04:41,078 - INFO: global_step=46014, episodic_return=-96.68251037597656
2022-11-15 06:04:41,157 - INFO: global_step=46163, episodic_return=-53.746131896972656
2022-11-15 06:04:41,196 - INFO: global_step=46243, episodic_return=-85.76863098144531
2022-11-15 06:04:41,292 - INFO: global_step=46426, episodic_return=-161.96144104003906
2022-11-15 06:04:41,368 - INFO: global_step=46536, episodic_return=-31.468978881835938
2022-11-15 06:04:41,460 - INFO: global_step=46698, episodic_return=-165.46078491210938
2022-11-15 06:04:41,600 - INFO: global_step=46874, episodic_return=-27.56609344482422
2022-11-15 06:04:41,671 - INFO: global_step=47015, episodic_return=-56.16587829589844
2022-11-15 06:04:41,752 - INFO: global_step=47153, episodic_return=-51.969322204589844
2022-11-15 06:04:41,848 - INFO: global_step=47300, episodic_return=-10.644630432128906
2022-11-15 06:04:41,987 - INFO: global_step=47457, episodic_return=-127.94941711425781
2022-11-15 06:04:42,076 - INFO: global_step=47572, episodic_return=-150.87815856933594
2022-11-15 06:04:42,185 - INFO: global_step=47695, episodic_return=-153.1069793701172
2022-11-15 06:04:42,303 - INFO: global_step=47840, episodic_return=-100.9234619140625
2022-11-15 06:04:42,390 - INFO: global_step=47974, episodic_return=-138.11874389648438
2022-11-15 06:04:42,481 - INFO: global_step=48117, episodic_return=-70.22988891601562
2022-11-15 06:04:42,558 - INFO: global_step=48242, episodic_return=-112.92877960205078
2022-11-15 06:04:42,602 - INFO: global_step=48345, episodic_return=-99.29802703857422
2022-11-15 06:04:42,757 - INFO: global_step=48540, episodic_return=-228.02500915527344
2022-11-15 06:04:42,813 - INFO: global_step=48628, episodic_return=-119.4298095703125
2022-11-15 06:04:42,907 - INFO: global_step=48778, episodic_return=-30.922256469726562
2022-11-15 06:04:43,006 - INFO: global_step=48935, episodic_return=-117.65728759765625
2022-11-15 06:04:43,103 - INFO: global_step=49090, episodic_return=-26.669036865234375
2022-11-15 06:04:43,201 - INFO: global_step=49243, episodic_return=-116.29972076416016
2022-11-15 06:04:43,290 - INFO: global_step=49384, episodic_return=-87.91951751708984
2022-11-15 06:04:43,425 - INFO: global_step=49579, episodic_return=-166.82077026367188
2022-11-15 06:04:43,469 - INFO: global_step=49654, episodic_return=-47.14335632324219
2022-11-15 06:04:43,542 - INFO: global_step=49781, episodic_return=-56.7432861328125
2022-11-15 06:04:43,601 - INFO: global_step=49891, episodic_return=-119.66519165039062
2022-11-15 06:04:43,715 - INFO: global_step=50076, episodic_return=-82.49179077148438
2022-11-15 06:04:43,800 - INFO: global_step=50216, episodic_return=-95.43522644042969
2022-11-15 06:04:43,905 - INFO: global_step=50400, episodic_return=-67.38391876220703
2022-11-15 06:04:43,969 - INFO: global_step=50534, episodic_return=-81.36177062988281
2022-11-15 06:04:44,065 - INFO: global_step=50686, episodic_return=-61.44758224487305
2022-11-15 06:04:44,174 - INFO: global_step=50866, episodic_return=-78.74311065673828
2022-11-15 06:04:44,230 - INFO: global_step=50963, episodic_return=-81.17899322509766
2022-11-15 06:04:44,294 - INFO: global_step=51066, episodic_return=-97.92823028564453
2022-11-15 06:04:44,397 - INFO: global_step=51216, episodic_return=-54.8070068359375
2022-11-15 06:04:44,482 - INFO: global_step=51335, episodic_return=-93.532470703125
2022-11-15 06:04:46,280 - INFO: global_step=52335, episodic_return=52.68274688720703
2022-11-15 06:04:46,352 - INFO: global_step=52459, episodic_return=-21.920883178710938
2022-11-15 06:04:46,455 - INFO: global_step=52635, episodic_return=18.18811798095703
2022-11-15 06:04:46,559 - INFO: global_step=52817, episodic_return=-87.57844543457031
2022-11-15 06:04:46,712 - INFO: global_step=53033, episodic_return=-118.28225708007812
2022-11-15 06:04:46,792 - INFO: global_step=53187, episodic_return=-70.48237609863281
2022-11-15 06:04:46,870 - INFO: global_step=53317, episodic_return=-77.365234375
2022-11-15 06:04:46,959 - INFO: global_step=53458, episodic_return=-34.30877685546875
2022-11-15 06:04:47,069 - INFO: global_step=53624, episodic_return=-88.705810546875
2022-11-15 06:04:47,225 - INFO: global_step=53838, episodic_return=-15.989173889160156
2022-11-15 06:04:47,313 - INFO: global_step=53987, episodic_return=-114.6998291015625
2022-11-15 06:04:47,362 - INFO: global_step=54073, episodic_return=-66.10713195800781
2022-11-15 06:04:47,433 - INFO: global_step=54198, episodic_return=-164.53836059570312
2022-11-15 06:04:47,486 - INFO: global_step=54309, episodic_return=-65.96043395996094
2022-11-15 06:04:47,567 - INFO: global_step=54468, episodic_return=-94.55093383789062
2022-11-15 06:04:47,637 - INFO: global_step=54608, episodic_return=-46.585811614990234
2022-11-15 06:04:47,843 - INFO: global_step=54865, episodic_return=-54.0645637512207
2022-11-15 06:04:47,905 - INFO: global_step=54975, episodic_return=-126.3890151977539
2022-11-15 06:04:47,985 - INFO: global_step=55120, episodic_return=-118.59036254882812
2022-11-15 06:04:48,060 - INFO: global_step=55245, episodic_return=-148.24822998046875
2022-11-15 06:04:48,108 - INFO: global_step=55322, episodic_return=-61.960880279541016
2022-11-15 06:04:48,342 - INFO: global_step=55614, episodic_return=-134.6391143798828
2022-11-15 06:04:48,441 - INFO: global_step=55754, episodic_return=1.268707275390625
2022-11-15 06:04:48,535 - INFO: global_step=55897, episodic_return=-57.52052307128906
2022-11-15 06:04:50,443 - INFO: global_step=56897, episodic_return=22.118913650512695
2022-11-15 06:04:50,516 - INFO: global_step=57052, episodic_return=18.043601989746094
2022-11-15 06:04:50,578 - INFO: global_step=57177, episodic_return=-89.92874145507812
2022-11-15 06:04:50,701 - INFO: global_step=57392, episodic_return=-64.29997253417969
2022-11-15 06:04:50,765 - INFO: global_step=57520, episodic_return=-60.814552307128906
2022-11-15 06:04:50,875 - INFO: global_step=57689, episodic_return=-64.2591781616211
2022-11-15 06:04:50,983 - INFO: global_step=57826, episodic_return=-80.55532836914062
2022-11-15 06:04:51,035 - INFO: global_step=57899, episodic_return=-86.35914611816406
2022-11-15 06:04:51,157 - INFO: global_step=58071, episodic_return=-72.99247741699219
2022-11-15 06:04:51,287 - INFO: global_step=58260, episodic_return=-31.18944549560547
2022-11-15 06:04:51,384 - INFO: global_step=58407, episodic_return=3.3143768310546875
2022-11-15 06:04:51,488 - INFO: global_step=58549, episodic_return=-57.722869873046875
2022-11-15 06:04:51,621 - INFO: global_step=58712, episodic_return=-93.39700317382812
2022-11-15 06:04:51,725 - INFO: global_step=58837, episodic_return=-0.6489105224609375
2022-11-15 06:04:51,812 - INFO: global_step=58975, episodic_return=-36.87332534790039
2022-11-15 06:04:51,887 - INFO: global_step=59089, episodic_return=-190.62445068359375
2022-11-15 06:04:52,076 - INFO: global_step=59336, episodic_return=-219.21539306640625
2022-11-15 06:04:52,190 - INFO: global_step=59504, episodic_return=-236.47918701171875
2022-11-15 06:04:52,357 - INFO: global_step=59747, episodic_return=3.8780364990234375
2022-11-15 06:04:52,428 - INFO: global_step=59868, episodic_return=-81.63549041748047
2022-11-15 06:04:52,493 - INFO: global_step=59973, episodic_return=-90.53558349609375
2022-11-15 06:04:52,586 - INFO: global_step=60115, episodic_return=-68.61611938476562
2022-11-15 06:04:52,675 - INFO: global_step=60242, episodic_return=-134.05722045898438
2022-11-15 06:04:52,781 - INFO: global_step=60381, episodic_return=-109.39350128173828
2022-11-15 06:04:53,585 - INFO: global_step=61053, episodic_return=-312.7000427246094
2022-11-15 06:04:53,664 - INFO: global_step=61210, episodic_return=-44.6070671081543
2022-11-15 06:04:53,735 - INFO: global_step=61346, episodic_return=3.3101119995117188
2022-11-15 06:04:53,778 - INFO: global_step=61440, episodic_return=-95.41663360595703
2022-11-15 06:04:53,883 - INFO: global_step=61601, episodic_return=-23.665573120117188
2022-11-15 06:04:53,979 - INFO: global_step=61731, episodic_return=-8.427909851074219
2022-11-15 06:04:54,100 - INFO: global_step=61883, episodic_return=-17.44989776611328
2022-11-15 06:04:54,210 - INFO: global_step=62001, episodic_return=-48.552833557128906
2022-11-15 06:04:55,145 - INFO: global_step=62619, episodic_return=-339.9239196777344
2022-11-15 06:04:55,287 - INFO: global_step=62824, episodic_return=41.5506591796875
2022-11-15 06:04:55,396 - INFO: global_step=63003, episodic_return=-262.5146179199219
2022-11-15 06:04:56,983 - INFO: global_step=64003, episodic_return=-56.38570022583008
2022-11-15 06:04:57,089 - INFO: global_step=64167, episodic_return=-65.6951904296875
2022-11-15 06:04:58,987 - INFO: global_step=65167, episodic_return=78.43072509765625
2022-11-15 06:04:59,075 - INFO: global_step=65336, episodic_return=-19.945419311523438
2022-11-15 06:04:59,153 - INFO: global_step=65469, episodic_return=-18.540023803710938
2022-11-15 06:05:00,622 - INFO: global_step=66469, episodic_return=49.9710578918457
2022-11-15 06:05:00,714 - INFO: global_step=66601, episodic_return=-79.50370788574219
2022-11-15 06:05:00,818 - INFO: global_step=66756, episodic_return=-14.181900024414062
2022-11-15 06:05:00,954 - INFO: global_step=66932, episodic_return=-57.149261474609375
2022-11-15 06:05:01,062 - INFO: global_step=67073, episodic_return=0.5402145385742188
2022-11-15 06:05:01,162 - INFO: global_step=67248, episodic_return=-6.450836181640625
2022-11-15 06:05:01,274 - INFO: global_step=67431, episodic_return=-22.090858459472656
2022-11-15 06:05:01,338 - INFO: global_step=67534, episodic_return=-84.85269165039062
2022-11-15 06:05:03,472 - INFO: global_step=68534, episodic_return=29.053529739379883
2022-11-15 06:05:03,613 - INFO: global_step=68764, episodic_return=-39.6251220703125
2022-11-15 06:05:03,843 - INFO: global_step=69052, episodic_return=-84.97276306152344
2022-11-15 06:05:03,924 - INFO: global_step=69187, episodic_return=-83.37866973876953
2022-11-15 06:05:04,736 - INFO: global_step=69865, episodic_return=-122.07579040527344
2022-11-15 06:05:06,260 - INFO: global_step=70804, episodic_return=-279.25152587890625
2022-11-15 06:05:06,333 - INFO: global_step=70944, episodic_return=-63.93867492675781
2022-11-15 06:05:06,438 - INFO: global_step=71139, episodic_return=-10.743156433105469
2022-11-15 06:05:06,546 - INFO: global_step=71288, episodic_return=-76.59668731689453
2022-11-15 06:05:08,583 - INFO: global_step=72265, episodic_return=-160.0514678955078
2022-11-15 06:05:08,692 - INFO: global_step=72429, episodic_return=51.897125244140625
2022-11-15 06:05:08,755 - INFO: global_step=72534, episodic_return=-64.32681274414062
2022-11-15 06:05:08,838 - INFO: global_step=72650, episodic_return=-22.484390258789062
2022-11-15 06:05:08,927 - INFO: global_step=72753, episodic_return=-49.12570571899414
2022-11-15 06:05:09,040 - INFO: global_step=72871, episodic_return=-48.33125305175781
2022-11-15 06:05:11,103 - INFO: global_step=73871, episodic_return=69.52674102783203
2022-11-15 06:05:11,271 - INFO: global_step=74080, episodic_return=-82.32966613769531
2022-11-15 06:05:11,376 - INFO: global_step=74208, episodic_return=15.824363708496094
2022-11-15 06:05:11,503 - INFO: global_step=74368, episodic_return=-39.17479705810547
2022-11-15 06:05:11,639 - INFO: global_step=74554, episodic_return=-92.85755157470703
2022-11-15 06:05:13,525 - INFO: global_step=75554, episodic_return=64.14349365234375
2022-11-15 06:05:13,760 - INFO: global_step=75825, episodic_return=-275.587158203125
2022-11-15 06:05:14,469 - INFO: global_step=76406, episodic_return=-230.0100555419922
2022-11-15 06:05:14,699 - INFO: global_step=76647, episodic_return=-87.62985229492188
2022-11-15 06:05:15,031 - INFO: global_step=76886, episodic_return=-116.43331909179688
2022-11-15 06:05:16,622 - INFO: global_step=77886, episodic_return=12.004542350769043
2022-11-15 06:05:18,593 - INFO: global_step=78886, episodic_return=14.603702545166016
2022-11-15 06:05:18,840 - INFO: global_step=79109, episodic_return=-145.80030822753906
2022-11-15 06:05:20,504 - INFO: global_step=80109, episodic_return=81.197265625
2022-11-15 06:05:20,585 - INFO: global_step=80216, episodic_return=-63.07147979736328
2022-11-15 06:05:20,705 - INFO: global_step=80375, episodic_return=48.08348083496094
2022-11-15 06:05:21,846 - INFO: global_step=81324, episodic_return=-96.79325866699219
2022-11-15 06:05:23,346 - INFO: global_step=82324, episodic_return=125.28795623779297
2022-11-15 06:05:25,347 - INFO: global_step=83324, episodic_return=115.91815948486328
2022-11-15 06:05:25,508 - INFO: global_step=83535, episodic_return=-69.49588012695312
2022-11-15 06:05:26,735 - INFO: global_step=84535, episodic_return=99.38597106933594
2022-11-15 06:05:28,577 - INFO: global_step=85535, episodic_return=32.70455551147461
2022-11-15 06:05:30,303 - INFO: global_step=86535, episodic_return=76.11860656738281
2022-11-15 06:05:30,692 - INFO: global_step=86932, episodic_return=-13.776512145996094
2022-11-15 06:05:31,158 - INFO: global_step=87403, episodic_return=-31.414108276367188
2022-11-15 06:05:32,572 - INFO: global_step=88403, episodic_return=143.75656127929688
2022-11-15 06:05:34,005 - INFO: global_step=89403, episodic_return=135.63262939453125
2022-11-15 06:05:35,578 - INFO: global_step=90403, episodic_return=61.8712158203125
2022-11-15 06:05:35,665 - INFO: global_step=90550, episodic_return=2.5255279541015625
2022-11-15 06:05:35,758 - INFO: global_step=90706, episodic_return=-50.49352264404297
2022-11-15 06:05:37,527 - INFO: global_step=91706, episodic_return=93.48345947265625
2022-11-15 06:05:39,165 - INFO: global_step=92706, episodic_return=124.86063385009766
2022-11-15 06:05:39,477 - INFO: global_step=93001, episodic_return=17.392738342285156
2022-11-15 06:05:39,807 - INFO: global_step=93336, episodic_return=-16.459152221679688
2022-11-15 06:05:39,938 - INFO: global_step=93521, episodic_return=60.25965881347656
2022-11-15 06:05:40,276 - INFO: global_step=93869, episodic_return=-141.3819580078125
2022-11-15 06:05:40,787 - INFO: global_step=94229, episodic_return=-51.21637725830078
2022-11-15 06:05:42,467 - INFO: global_step=95229, episodic_return=76.00094604492188
2022-11-15 06:05:44,542 - INFO: global_step=96229, episodic_return=4.8156819343566895
2022-11-15 06:05:44,727 - INFO: global_step=96454, episodic_return=-27.319381713867188
2022-11-15 06:05:44,951 - INFO: global_step=96700, episodic_return=-10.804840087890625
2022-11-15 06:05:45,624 - INFO: global_step=97209, episodic_return=172.48974609375
2022-11-15 06:05:47,320 - INFO: global_step=98209, episodic_return=84.02336883544922
2022-11-15 06:05:48,984 - INFO: global_step=99209, episodic_return=-53.2282600402832
2022-11-15 06:05:51,222 - INFO: global_step=100209, episodic_return=57.39045715332031
2022-11-15 06:05:53,315 - INFO: global_step=101209, episodic_return=29.35947608947754
2022-11-15 06:05:53,766 - INFO: global_step=101545, episodic_return=-31.684005737304688
2022-11-15 06:05:56,071 - INFO: global_step=102545, episodic_return=70.27079010009766
2022-11-15 06:05:58,597 - INFO: global_step=103545, episodic_return=18.489086151123047
2022-11-15 06:06:00,541 - INFO: global_step=104545, episodic_return=42.0069465637207
2022-11-15 06:06:02,919 - INFO: global_step=105545, episodic_return=-53.70853805541992
2022-11-15 06:06:05,192 - INFO: global_step=106545, episodic_return=30.200740814208984
2022-11-15 06:06:07,032 - INFO: global_step=107545, episodic_return=82.94746398925781
2022-11-15 06:06:08,587 - INFO: global_step=108545, episodic_return=78.68578338623047
2022-11-15 06:06:10,184 - INFO: global_step=109545, episodic_return=74.38902282714844
2022-11-15 06:06:12,424 - INFO: global_step=110545, episodic_return=105.52066040039062
2022-11-15 06:06:12,993 - INFO: global_step=111023, episodic_return=254.83306884765625
2022-11-15 06:06:15,338 - INFO: global_step=112023, episodic_return=39.99153518676758
2022-11-15 06:06:16,797 - INFO: global_step=113023, episodic_return=114.02394104003906
2022-11-15 06:06:18,544 - INFO: global_step=114023, episodic_return=14.56606388092041
2022-11-15 06:06:19,592 - INFO: global_step=114694, episodic_return=-108.81761932373047
2022-11-15 06:06:22,926 - INFO: global_step=115694, episodic_return=6.499508380889893
2022-11-15 06:06:24,559 - INFO: global_step=116694, episodic_return=33.86134719848633
2022-11-15 06:06:25,335 - INFO: global_step=117309, episodic_return=-87.1096420288086
2022-11-15 06:06:26,934 - INFO: global_step=118309, episodic_return=89.26708984375
2022-11-15 06:06:27,776 - INFO: global_step=118975, episodic_return=98.95768737792969
2022-11-15 06:06:29,397 - INFO: global_step=119975, episodic_return=101.04451751708984
2022-11-15 06:06:31,090 - INFO: global_step=120975, episodic_return=-16.57874298095703
2022-11-15 06:06:33,183 - INFO: global_step=121975, episodic_return=-56.21525192260742
2022-11-15 06:06:35,178 - INFO: global_step=122975, episodic_return=-105.55262756347656
2022-11-15 06:06:37,150 - INFO: global_step=123975, episodic_return=91.92787170410156
2022-11-15 06:06:39,179 - INFO: global_step=124975, episodic_return=75.88774871826172
2022-11-15 06:06:40,511 - INFO: global_step=125975, episodic_return=-9.667085647583008
2022-11-15 06:06:42,894 - INFO: global_step=126975, episodic_return=-11.84811019897461
2022-11-15 06:06:44,873 - INFO: global_step=127975, episodic_return=-27.69281578063965
2022-11-15 06:06:46,986 - INFO: global_step=128874, episodic_return=167.72760009765625
2022-11-15 06:06:48,731 - INFO: global_step=129717, episodic_return=165.8062744140625
2022-11-15 06:06:50,617 - INFO: global_step=130691, episodic_return=155.74696350097656
2022-11-15 06:06:51,814 - INFO: global_step=131414, episodic_return=180.57809448242188
2022-11-15 06:06:52,711 - INFO: global_step=131992, episodic_return=236.5692901611328
2022-11-15 06:06:54,918 - INFO: global_step=132992, episodic_return=-7.1284966468811035
2022-11-15 06:06:57,127 - INFO: global_step=133992, episodic_return=48.268028259277344
2022-11-15 06:06:59,335 - INFO: global_step=134992, episodic_return=-23.206256866455078
2022-11-15 06:07:00,711 - INFO: global_step=135825, episodic_return=134.26693725585938
2022-11-15 06:07:01,540 - INFO: global_step=136415, episodic_return=227.96841430664062
2022-11-15 06:07:03,013 - INFO: global_step=137215, episodic_return=166.493408203125
2022-11-15 06:07:04,209 - INFO: global_step=138084, episodic_return=192.26463317871094
2022-11-15 06:07:04,520 - INFO: global_step=138427, episodic_return=229.8713836669922
2022-11-15 06:07:05,162 - INFO: global_step=138937, episodic_return=233.21766662597656
2022-11-15 06:07:05,688 - INFO: global_step=139389, episodic_return=239.92478942871094
2022-11-15 06:07:06,459 - INFO: global_step=139917, episodic_return=209.63677978515625
2022-11-15 06:07:07,557 - INFO: global_step=140645, episodic_return=214.90155029296875
2022-11-15 06:07:08,154 - INFO: global_step=141120, episodic_return=251.607666015625
2022-11-15 06:07:08,553 - INFO: global_step=141553, episodic_return=260.588134765625
2022-11-15 06:07:09,090 - INFO: global_step=142011, episodic_return=221.44281005859375
2022-11-15 06:07:09,615 - INFO: global_step=142422, episodic_return=205.95164489746094
2022-11-15 06:07:10,040 - INFO: global_step=142822, episodic_return=248.4146270751953
2022-11-15 06:07:10,399 - INFO: global_step=143189, episodic_return=-44.0009765625
2022-11-15 06:07:12,053 - INFO: global_step=144189, episodic_return=-9.854507446289062
2022-11-15 06:07:12,915 - INFO: global_step=144822, episodic_return=232.5933074951172
2022-11-15 06:07:13,025 - INFO: global_step=144984, episodic_return=-303.0943603515625
2022-11-15 06:07:14,679 - INFO: global_step=145897, episodic_return=146.66209411621094
2022-11-15 06:07:15,295 - INFO: global_step=146436, episodic_return=237.171142578125
2022-11-15 06:07:15,630 - INFO: global_step=146756, episodic_return=283.4974365234375
2022-11-15 06:07:16,750 - INFO: global_step=147453, episodic_return=153.8026123046875
2022-11-15 06:07:17,370 - INFO: global_step=147963, episodic_return=156.05052185058594
2022-11-15 06:07:17,676 - INFO: global_step=148236, episodic_return=-19.181594848632812
2022-11-15 06:07:18,334 - INFO: global_step=148676, episodic_return=217.3739471435547
2022-11-15 06:07:19,260 - INFO: global_step=149143, episodic_return=187.05856323242188
2022-11-15 06:07:19,522 - INFO: global_step=149378, episodic_return=-25.42292022705078
2022-11-15 06:07:20,231 - INFO: global_step=149903, episodic_return=184.18597412109375
2022-11-15 06:07:21,024 - INFO: global_step=150457, episodic_return=-94.67352294921875
2022-11-15 06:07:21,674 - INFO: global_step=150989, episodic_return=-85.68717193603516
2022-11-15 06:07:23,323 - INFO: global_step=151862, episodic_return=145.31224060058594
2022-11-15 06:07:24,542 - INFO: global_step=152578, episodic_return=183.160400390625
2022-11-15 06:07:25,966 - INFO: global_step=153578, episodic_return=-49.27518844604492
2022-11-15 06:07:28,037 - INFO: global_step=154578, episodic_return=-110.88143157958984
2022-11-15 06:07:28,344 - INFO: global_step=154912, episodic_return=-166.51309204101562
2022-11-15 06:07:29,650 - INFO: global_step=155762, episodic_return=-201.39862060546875
2022-11-15 06:07:30,536 - INFO: global_step=156521, episodic_return=-239.2589569091797
2022-11-15 06:07:31,188 - INFO: global_step=157018, episodic_return=210.8892822265625
2022-11-15 06:07:32,031 - INFO: global_step=157611, episodic_return=236.9482421875
2022-11-15 06:07:33,571 - INFO: global_step=158530, episodic_return=153.69073486328125
2022-11-15 06:07:34,609 - INFO: global_step=159213, episodic_return=172.54212951660156
2022-11-15 06:07:36,135 - INFO: global_step=160213, episodic_return=-70.40509033203125
2022-11-15 06:07:37,928 - INFO: global_step=161213, episodic_return=-12.157899856567383
2022-11-15 06:07:39,430 - INFO: global_step=162213, episodic_return=-18.682111740112305
2022-11-15 06:07:40,847 - INFO: global_step=163213, episodic_return=-126.3507308959961
2022-11-15 06:07:42,501 - INFO: global_step=164213, episodic_return=-53.768402099609375
2022-11-15 06:07:45,290 - INFO: global_step=165213, episodic_return=-128.08575439453125
2022-11-15 06:07:47,326 - INFO: global_step=166213, episodic_return=-171.15821838378906
2022-11-15 06:07:49,066 - INFO: global_step=167213, episodic_return=-99.67411041259766
2022-11-15 06:07:51,245 - INFO: global_step=168213, episodic_return=-91.09520721435547
2022-11-15 06:07:52,846 - INFO: global_step=169213, episodic_return=-29.727174758911133
2022-11-15 06:07:55,675 - INFO: global_step=170213, episodic_return=-39.618377685546875
2022-11-15 06:07:57,387 - INFO: global_step=171213, episodic_return=-11.069123268127441
2022-11-15 06:07:58,946 - INFO: global_step=172213, episodic_return=15.475248336791992
2022-11-15 06:08:00,517 - INFO: global_step=173213, episodic_return=-46.80232238769531
2022-11-15 06:08:02,417 - INFO: global_step=174213, episodic_return=-105.27880096435547
2022-11-15 06:08:04,017 - INFO: global_step=175213, episodic_return=-82.05064392089844
2022-11-15 06:08:06,142 - INFO: global_step=176213, episodic_return=-60.8871955871582
2022-11-15 06:08:08,133 - INFO: global_step=177213, episodic_return=-52.91745376586914
2022-11-15 06:08:10,062 - INFO: global_step=178213, episodic_return=-27.35480308532715
2022-11-15 06:08:11,731 - INFO: global_step=179213, episodic_return=-65.23284912109375
2022-11-15 06:08:13,655 - INFO: global_step=180213, episodic_return=-14.775776863098145
2022-11-15 06:08:15,566 - INFO: global_step=181213, episodic_return=-129.83982849121094
2022-11-15 06:08:17,321 - INFO: global_step=182213, episodic_return=51.693153381347656
2022-11-15 06:08:19,847 - INFO: global_step=183213, episodic_return=-34.7508430480957
2022-11-15 06:08:20,448 - INFO: global_step=183724, episodic_return=242.64602661132812
2022-11-15 06:08:21,015 - INFO: global_step=184173, episodic_return=212.5274200439453
2022-11-15 06:08:22,961 - INFO: global_step=185173, episodic_return=65.79205322265625
2022-11-15 06:08:24,778 - INFO: global_step=186014, episodic_return=164.32444763183594
2022-11-15 06:08:27,083 - INFO: global_step=187006, episodic_return=125.71981811523438
2022-11-15 06:08:28,416 - INFO: global_step=187747, episodic_return=134.78903198242188
2022-11-15 06:08:29,452 - INFO: global_step=188523, episodic_return=117.7578353881836
2022-11-15 06:08:31,380 - INFO: global_step=189523, episodic_return=-35.21366882324219
2022-11-15 06:08:33,564 - INFO: global_step=190523, episodic_return=2.591498374938965
2022-11-15 06:08:34,792 - INFO: global_step=191326, episodic_return=158.68435668945312
2022-11-15 06:08:36,475 - INFO: global_step=192326, episodic_return=-53.66124725341797
2022-11-15 06:08:38,177 - INFO: global_step=193087, episodic_return=165.4381866455078
2022-11-15 06:08:39,956 - INFO: global_step=193949, episodic_return=149.24708557128906
2022-11-15 06:08:40,737 - INFO: global_step=194522, episodic_return=248.85821533203125
2022-11-15 06:08:42,274 - INFO: global_step=195522, episodic_return=-43.54567337036133
2022-11-15 06:08:43,727 - INFO: global_step=196522, episodic_return=3.697253465652466
2022-11-15 06:08:45,270 - INFO: global_step=197402, episodic_return=166.79432678222656
2022-11-15 06:08:46,571 - INFO: global_step=198402, episodic_return=-17.108186721801758
2022-11-15 06:08:47,835 - INFO: global_step=199171, episodic_return=-66.19288635253906
2022-11-15 06:08:50,032 - INFO: global_step=200171, episodic_return=-75.85946655273438
2022-11-15 06:08:51,896 - INFO: global_step=201171, episodic_return=-91.50640869140625
2022-11-15 06:08:53,102 - INFO: global_step=202055, episodic_return=112.43209075927734
2022-11-15 06:08:54,843 - INFO: global_step=203055, episodic_return=-60.05318832397461
2022-11-15 06:08:56,609 - INFO: global_step=204055, episodic_return=-77.59322357177734
2022-11-15 06:08:57,418 - INFO: global_step=204538, episodic_return=179.68795776367188
2022-11-15 06:08:59,896 - INFO: global_step=205538, episodic_return=-10.976826667785645
2022-11-15 06:09:02,049 - INFO: global_step=206538, episodic_return=-15.333727836608887
2022-11-15 06:09:04,561 - INFO: global_step=207538, episodic_return=-100.46444702148438
2022-11-15 06:09:06,740 - INFO: global_step=208538, episodic_return=-39.35105514526367
2022-11-15 06:09:08,770 - INFO: global_step=209538, episodic_return=-115.03009796142578
2022-11-15 06:09:10,263 - INFO: global_step=210419, episodic_return=128.9705810546875
2022-11-15 06:09:12,478 - INFO: global_step=211419, episodic_return=-108.71693420410156
2022-11-15 06:09:12,898 - INFO: global_step=211772, episodic_return=263.3124084472656
2022-11-15 06:09:14,229 - INFO: global_step=212567, episodic_return=200.55426025390625
2022-11-15 06:09:14,382 - INFO: global_step=212755, episodic_return=8.067436218261719
2022-11-15 06:09:16,427 - INFO: global_step=213755, episodic_return=15.17578125
2022-11-15 06:09:17,934 - INFO: global_step=214655, episodic_return=143.5466766357422
2022-11-15 06:09:19,041 - INFO: global_step=215358, episodic_return=173.0926513671875
2022-11-15 06:09:20,001 - INFO: global_step=216077, episodic_return=178.77978515625
2022-11-15 06:09:21,077 - INFO: global_step=216693, episodic_return=190.47308349609375
2022-11-15 06:09:23,495 - INFO: global_step=217693, episodic_return=-33.94768142700195
2022-11-15 06:09:24,064 - INFO: global_step=218115, episodic_return=219.5290069580078
2022-11-15 06:09:26,032 - INFO: global_step=219115, episodic_return=-26.61244773864746
2022-11-15 06:09:26,409 - INFO: global_step=219536, episodic_return=197.95896911621094
2022-11-15 06:09:27,630 - INFO: global_step=220277, episodic_return=189.56292724609375
2022-11-15 06:09:29,053 - INFO: global_step=221277, episodic_return=-4.562797546386719
2022-11-15 06:09:31,018 - INFO: global_step=222225, episodic_return=169.95758056640625
2022-11-15 06:09:32,883 - INFO: global_step=223225, episodic_return=-2.199718475341797
2022-11-15 06:09:33,449 - INFO: global_step=223674, episodic_return=231.9633026123047
2022-11-15 06:09:34,762 - INFO: global_step=224347, episodic_return=177.72647094726562
2022-11-15 06:09:35,439 - INFO: global_step=224811, episodic_return=264.49359130859375
2022-11-15 06:09:35,800 - INFO: global_step=225104, episodic_return=245.405517578125
2022-11-15 06:09:37,080 - INFO: global_step=225850, episodic_return=193.82806396484375
2022-11-15 06:09:37,366 - INFO: global_step=226149, episodic_return=244.71864318847656
2022-11-15 06:09:38,006 - INFO: global_step=226580, episodic_return=236.54522705078125
2022-11-15 06:09:38,361 - INFO: global_step=226820, episodic_return=15.803764343261719
2022-11-15 06:09:38,544 - INFO: global_step=226977, episodic_return=54.09785461425781
2022-11-15 06:09:38,821 - INFO: global_step=227164, episodic_return=46.59147644042969
2022-11-15 06:09:39,158 - INFO: global_step=227384, episodic_return=-38.341346740722656
2022-11-15 06:09:39,576 - INFO: global_step=227761, episodic_return=16.54529571533203
2022-11-15 06:09:40,067 - INFO: global_step=228156, episodic_return=264.873779296875
2022-11-15 06:09:40,174 - INFO: global_step=228272, episodic_return=5.845649719238281
2022-11-15 06:09:40,447 - INFO: global_step=228546, episodic_return=234.39646911621094
2022-11-15 06:09:40,586 - INFO: global_step=228681, episodic_return=11.638916015625
2022-11-15 06:09:41,365 - INFO: global_step=229143, episodic_return=219.34652709960938
2022-11-15 06:09:43,120 - INFO: global_step=230100, episodic_return=149.8629913330078
2022-11-15 06:09:44,832 - INFO: global_step=230967, episodic_return=127.12080383300781
2022-11-15 06:09:46,457 - INFO: global_step=231965, episodic_return=76.53350830078125
2022-11-15 06:09:46,729 - INFO: global_step=232259, episodic_return=-27.34449005126953
2022-11-15 06:09:47,506 - INFO: global_step=232793, episodic_return=248.12835693359375
2022-11-15 06:09:48,941 - INFO: global_step=233699, episodic_return=93.80318450927734
2022-11-15 06:09:50,621 - INFO: global_step=234699, episodic_return=-279.6464538574219
2022-11-15 06:09:51,214 - INFO: global_step=235178, episodic_return=-256.43426513671875
2022-11-15 06:09:52,977 - INFO: global_step=236178, episodic_return=-74.16167449951172
2022-11-15 06:09:54,487 - INFO: global_step=237178, episodic_return=-227.48391723632812
2022-11-15 06:09:56,011 - INFO: global_step=238178, episodic_return=-175.14962768554688
2022-11-15 06:09:57,248 - INFO: global_step=239178, episodic_return=-161.2469024658203
2022-11-15 06:09:58,690 - INFO: global_step=240178, episodic_return=-206.04566955566406
2022-11-15 06:10:00,402 - INFO: global_step=241178, episodic_return=-170.4010772705078
2022-11-15 06:10:02,217 - INFO: global_step=242178, episodic_return=-186.13291931152344
2022-11-15 06:10:04,255 - INFO: global_step=243178, episodic_return=-145.88502502441406
2022-11-15 06:10:06,214 - INFO: global_step=244178, episodic_return=-152.84397888183594
2022-11-15 06:10:08,280 - INFO: global_step=245178, episodic_return=-160.344970703125
2022-11-15 06:10:10,507 - INFO: global_step=246178, episodic_return=-134.427978515625
2022-11-15 06:10:12,724 - INFO: global_step=247178, episodic_return=-181.2126922607422
2022-11-15 06:10:14,243 - INFO: global_step=248178, episodic_return=-194.7601318359375
2022-11-15 06:10:15,950 - INFO: global_step=249178, episodic_return=-219.4163818359375
2022-11-15 06:10:17,562 - INFO: global_step=250178, episodic_return=-190.0234832763672
2022-11-15 06:10:19,990 - INFO: global_step=251178, episodic_return=-195.91123962402344
2022-11-15 06:10:21,684 - INFO: global_step=252178, episodic_return=-203.197998046875
2022-11-15 06:10:23,295 - INFO: global_step=253178, episodic_return=-169.47166442871094
2022-11-15 06:10:24,646 - INFO: global_step=254178, episodic_return=-157.607177734375
2022-11-15 06:10:26,248 - INFO: global_step=255178, episodic_return=-175.4067840576172
2022-11-15 06:10:28,019 - INFO: global_step=256178, episodic_return=-154.2261199951172
2022-11-15 06:10:30,273 - INFO: global_step=257178, episodic_return=-191.44093322753906
2022-11-15 06:10:31,941 - INFO: global_step=258178, episodic_return=-161.95591735839844
2022-11-15 06:10:33,844 - INFO: global_step=259178, episodic_return=-120.79989624023438
2022-11-15 06:10:36,046 - INFO: global_step=260178, episodic_return=-190.40188598632812
2022-11-15 06:10:37,757 - INFO: global_step=261178, episodic_return=-121.1317138671875
2022-11-15 06:10:39,802 - INFO: global_step=262178, episodic_return=-117.0710678100586
2022-11-15 06:10:41,512 - INFO: global_step=263178, episodic_return=-139.95849609375
2022-11-15 06:10:43,402 - INFO: global_step=264178, episodic_return=-125.0673599243164
2022-11-15 06:10:45,833 - INFO: global_step=265178, episodic_return=-102.64065551757812
2022-11-15 06:10:47,745 - INFO: global_step=266178, episodic_return=-102.61634063720703
2022-11-15 06:10:49,470 - INFO: global_step=267178, episodic_return=-144.57518005371094
2022-11-15 06:10:51,148 - INFO: global_step=268178, episodic_return=-97.6575927734375
2022-11-15 06:10:52,745 - INFO: global_step=269178, episodic_return=-111.21333312988281
2022-11-15 06:10:54,531 - INFO: global_step=270178, episodic_return=-116.79851531982422
2022-11-15 06:10:56,450 - INFO: global_step=271178, episodic_return=-158.79627990722656
2022-11-15 06:10:59,374 - INFO: global_step=272178, episodic_return=-112.21280670166016
2022-11-15 06:11:01,539 - INFO: global_step=273178, episodic_return=-136.12063598632812
2022-11-15 06:11:03,411 - INFO: global_step=274178, episodic_return=-143.77076721191406
2022-11-15 06:11:03,989 - INFO: global_step=274646, episodic_return=-204.39999389648438
2022-11-15 06:11:06,423 - INFO: global_step=275646, episodic_return=-155.677490234375
2022-11-15 06:11:09,118 - INFO: global_step=276646, episodic_return=-71.79412841796875
2022-11-15 06:11:10,862 - INFO: global_step=277646, episodic_return=-123.0771713256836
2022-11-15 06:11:13,232 - INFO: global_step=278646, episodic_return=-126.34178924560547
2022-11-15 06:11:14,853 - INFO: global_step=279646, episodic_return=-113.53900146484375
2022-11-15 06:11:17,153 - INFO: global_step=280646, episodic_return=-122.07071685791016
2022-11-15 06:11:19,741 - INFO: global_step=281646, episodic_return=-85.00517272949219
2022-11-15 06:11:21,559 - INFO: global_step=282646, episodic_return=-105.49430084228516
2022-11-15 06:11:24,070 - INFO: global_step=283646, episodic_return=-161.46441650390625
2022-11-15 06:11:26,056 - INFO: global_step=284646, episodic_return=-110.55284881591797
2022-11-15 06:11:28,321 - INFO: global_step=285646, episodic_return=-120.6512222290039
2022-11-15 06:11:30,205 - INFO: global_step=286646, episodic_return=-108.67882537841797
2022-11-15 06:11:32,952 - INFO: global_step=287646, episodic_return=-147.80010986328125
2022-11-15 06:11:36,079 - INFO: global_step=288646, episodic_return=-102.77061462402344
2022-11-15 06:11:37,715 - INFO: global_step=289646, episodic_return=-173.1008758544922
2022-11-15 06:11:39,384 - INFO: global_step=290646, episodic_return=-165.66067504882812
2022-11-15 06:11:40,964 - INFO: global_step=291646, episodic_return=-134.9183807373047
2022-11-15 06:11:42,410 - INFO: global_step=292646, episodic_return=-126.69789123535156
2022-11-15 06:11:44,041 - INFO: global_step=293646, episodic_return=-118.35028839111328
2022-11-15 06:11:45,720 - INFO: global_step=294646, episodic_return=-106.16337585449219
2022-11-15 06:11:47,095 - INFO: global_step=295646, episodic_return=-115.60314178466797
2022-11-15 06:11:48,847 - INFO: global_step=296646, episodic_return=-85.99946594238281
2022-11-15 06:11:51,605 - INFO: global_step=297646, episodic_return=-125.08502960205078
2022-11-15 06:11:53,658 - INFO: global_step=298646, episodic_return=-112.28643035888672
2022-11-15 06:11:55,015 - INFO: global_step=299646, episodic_return=-82.42922973632812
2022-11-15 06:11:57,115 - INFO: global_step=300646, episodic_return=-85.14529418945312
2022-11-15 06:11:59,889 - INFO: global_step=301646, episodic_return=-149.38824462890625
2022-11-15 06:12:02,192 - INFO: global_step=302646, episodic_return=-103.4680404663086
2022-11-15 06:12:03,797 - INFO: global_step=303617, episodic_return=162.06845092773438
2022-11-15 06:12:06,301 - INFO: global_step=304617, episodic_return=-152.52859497070312
2022-11-15 06:12:08,789 - INFO: global_step=305617, episodic_return=-138.93943786621094
2022-11-15 06:12:10,218 - INFO: global_step=306617, episodic_return=-15.812273979187012
2022-11-15 06:12:11,899 - INFO: global_step=307617, episodic_return=-79.38541412353516
2022-11-15 06:12:13,653 - INFO: global_step=308617, episodic_return=-87.84422302246094
2022-11-15 06:12:15,368 - INFO: global_step=309617, episodic_return=-123.94113159179688
2022-11-15 06:12:16,971 - INFO: global_step=310617, episodic_return=-82.6329574584961
2022-11-15 06:12:19,447 - INFO: global_step=311617, episodic_return=-160.91567993164062
2022-11-15 06:12:21,320 - INFO: global_step=312617, episodic_return=-66.57083129882812
2022-11-15 06:12:23,029 - INFO: global_step=313617, episodic_return=-19.689504623413086
2022-11-15 06:12:26,059 - INFO: global_step=314617, episodic_return=-119.9466781616211
2022-11-15 06:12:28,173 - INFO: global_step=315617, episodic_return=-23.286081314086914
2022-11-15 06:12:29,722 - INFO: global_step=316404, episodic_return=-105.21247100830078
2022-11-15 06:12:31,331 - INFO: global_step=317404, episodic_return=-42.55780029296875
2022-11-15 06:12:32,785 - INFO: global_step=318404, episodic_return=-13.139508247375488
2022-11-15 06:12:34,000 - INFO: global_step=319404, episodic_return=-71.42161560058594
2022-11-15 06:12:36,240 - INFO: global_step=320404, episodic_return=-3.473343849182129
2022-11-15 06:12:38,394 - INFO: global_step=321404, episodic_return=-86.33515930175781
2022-11-15 06:12:40,052 - INFO: global_step=322404, episodic_return=-47.13179397583008
2022-11-15 06:12:41,969 - INFO: global_step=323404, episodic_return=-43.44294357299805
2022-11-15 06:12:43,495 - INFO: global_step=324404, episodic_return=-76.37836456298828
2022-11-15 06:12:45,353 - INFO: global_step=325404, episodic_return=-99.86873626708984
2022-11-15 06:12:46,938 - INFO: global_step=326404, episodic_return=-111.23140716552734
2022-11-15 06:12:49,519 - INFO: global_step=327404, episodic_return=-83.2181396484375
2022-11-15 06:12:52,571 - INFO: global_step=328404, episodic_return=-128.46910095214844
2022-11-15 06:12:54,076 - INFO: global_step=329404, episodic_return=-47.466434478759766
2022-11-15 06:12:56,582 - INFO: global_step=330404, episodic_return=-99.31163787841797
2022-11-15 06:12:59,256 - INFO: global_step=331404, episodic_return=-136.17434692382812
2022-11-15 06:13:01,769 - INFO: global_step=332404, episodic_return=-79.31417083740234
2022-11-15 06:13:03,521 - INFO: global_step=333404, episodic_return=-158.10971069335938
2022-11-15 06:13:05,890 - INFO: global_step=334404, episodic_return=-76.22459411621094
2022-11-15 06:13:07,755 - INFO: global_step=335404, episodic_return=-123.42407989501953
2022-11-15 06:13:09,533 - INFO: global_step=336404, episodic_return=-128.80697631835938
2022-11-15 06:13:11,010 - INFO: global_step=337404, episodic_return=-75.73805236816406
2022-11-15 06:13:12,900 - INFO: global_step=338404, episodic_return=-117.27513885498047
2022-11-15 06:13:14,463 - INFO: global_step=339404, episodic_return=-95.05241394042969
2022-11-15 06:13:16,007 - INFO: global_step=340404, episodic_return=-74.80625915527344
2022-11-15 06:13:18,051 - INFO: global_step=341404, episodic_return=-131.79156494140625
2022-11-15 06:13:20,048 - INFO: global_step=342404, episodic_return=-159.34756469726562
2022-11-15 06:13:22,262 - INFO: global_step=343404, episodic_return=-115.94578552246094
2022-11-15 06:13:24,485 - INFO: global_step=344404, episodic_return=-135.59043884277344
2022-11-15 06:13:25,794 - INFO: global_step=345404, episodic_return=-48.82680892944336
2022-11-15 06:13:27,456 - INFO: global_step=346404, episodic_return=-96.01812744140625
2022-11-15 06:13:29,951 - INFO: global_step=347404, episodic_return=-105.36551666259766
2022-11-15 06:13:31,736 - INFO: global_step=348404, episodic_return=-47.473304748535156
2022-11-15 06:13:33,211 - INFO: global_step=349404, episodic_return=-75.61272430419922
2022-11-15 06:13:34,749 - INFO: global_step=350251, episodic_return=-157.05177307128906
2022-11-15 06:13:36,449 - INFO: global_step=351251, episodic_return=-11.520368576049805
2022-11-15 06:13:38,963 - INFO: global_step=352251, episodic_return=-74.94912719726562
2022-11-15 06:13:41,278 - INFO: global_step=353251, episodic_return=-102.54550170898438
2022-11-15 06:13:42,992 - INFO: global_step=354251, episodic_return=-47.96194839477539
2022-11-15 06:13:44,412 - INFO: global_step=355251, episodic_return=-84.43302917480469
2022-11-15 06:13:46,632 - INFO: global_step=356251, episodic_return=-93.1989517211914
2022-11-15 06:13:48,129 - INFO: global_step=357251, episodic_return=-107.38063049316406
2022-11-15 06:13:50,236 - INFO: global_step=358251, episodic_return=-82.61739349365234
2022-11-15 06:13:51,631 - INFO: global_step=359043, episodic_return=241.82330322265625
2022-11-15 06:13:54,229 - INFO: global_step=360043, episodic_return=-66.05416870117188
2022-11-15 06:13:55,659 - INFO: global_step=360769, episodic_return=206.85244750976562
2022-11-15 06:13:56,586 - INFO: global_step=361415, episodic_return=176.4169921875
2022-11-15 06:13:56,955 - INFO: global_step=361731, episodic_return=0.9600753784179688
2022-11-15 06:13:57,871 - INFO: global_step=362274, episodic_return=166.75738525390625
2022-11-15 06:13:58,920 - INFO: global_step=362887, episodic_return=-263.076171875
2022-11-15 06:13:59,748 - INFO: global_step=363435, episodic_return=196.99090576171875
2022-11-15 06:14:01,709 - INFO: global_step=364312, episodic_return=227.55447387695312
2022-11-15 06:14:03,818 - INFO: global_step=365312, episodic_return=-106.70027160644531
2022-11-15 06:14:06,431 - INFO: global_step=366312, episodic_return=-183.2063446044922
2022-11-15 06:14:08,133 - INFO: global_step=367312, episodic_return=-38.661041259765625
2022-11-15 06:14:09,916 - INFO: global_step=368272, episodic_return=143.90638732910156
2022-11-15 06:14:12,665 - INFO: global_step=369272, episodic_return=-142.05755615234375
2022-11-15 06:14:15,026 - INFO: global_step=370272, episodic_return=12.578057289123535
2022-11-15 06:14:17,111 - INFO: global_step=371272, episodic_return=-150.97828674316406
2022-11-15 06:14:19,165 - INFO: global_step=372272, episodic_return=-48.925331115722656
2022-11-15 06:14:21,221 - INFO: global_step=373272, episodic_return=-70.27330017089844
2022-11-15 06:14:23,989 - INFO: global_step=374272, episodic_return=-111.29717254638672
2022-11-15 06:14:25,220 - INFO: global_step=374938, episodic_return=172.720947265625
2022-11-15 06:14:27,367 - INFO: global_step=375938, episodic_return=-39.58685302734375
2022-11-15 06:14:29,271 - INFO: global_step=376938, episodic_return=-59.71525955200195
2022-11-15 06:14:30,979 - INFO: global_step=377938, episodic_return=-90.92770385742188
2022-11-15 06:14:32,787 - INFO: global_step=378938, episodic_return=-116.28426361083984
2022-11-15 06:14:34,407 - INFO: global_step=379938, episodic_return=-170.5650177001953
2022-11-15 06:14:36,140 - INFO: global_step=380938, episodic_return=-153.60076904296875
2022-11-15 06:14:36,529 - INFO: global_step=381246, episodic_return=-199.4783935546875
2022-11-15 06:14:38,444 - INFO: global_step=382246, episodic_return=-87.70674896240234
2022-11-15 06:14:40,206 - INFO: global_step=383155, episodic_return=120.00779724121094
2022-11-15 06:14:42,466 - INFO: global_step=384155, episodic_return=-103.72062683105469
2022-11-15 06:14:44,377 - INFO: global_step=385068, episodic_return=-134.6687774658203
2022-11-15 06:14:46,786 - INFO: global_step=386068, episodic_return=-164.98623657226562
2022-11-15 06:14:49,714 - INFO: global_step=387068, episodic_return=-56.41205978393555
2022-11-15 06:14:51,717 - INFO: global_step=388068, episodic_return=-85.17929077148438
2022-11-15 06:14:53,774 - INFO: global_step=389068, episodic_return=-128.19189453125
2022-11-15 06:14:56,064 - INFO: global_step=390068, episodic_return=-147.0816192626953
2022-11-15 06:14:58,698 - INFO: global_step=391068, episodic_return=-149.0957489013672
2022-11-15 06:15:00,838 - INFO: global_step=392068, episodic_return=-100.12677001953125
2022-11-15 06:15:02,437 - INFO: global_step=393068, episodic_return=-142.348388671875
2022-11-15 06:15:03,479 - INFO: global_step=393727, episodic_return=183.12371826171875
2022-11-15 06:15:03,597 - INFO: global_step=393873, episodic_return=-45.073402404785156
2022-11-15 06:15:04,698 - INFO: global_step=394663, episodic_return=-224.96954345703125
2022-11-15 06:15:06,698 - INFO: global_step=395663, episodic_return=-43.23469543457031
2022-11-15 06:15:07,973 - INFO: global_step=396471, episodic_return=-212.96328735351562
2022-11-15 06:15:09,998 - INFO: global_step=397427, episodic_return=78.90133666992188
2022-11-15 06:15:11,735 - INFO: global_step=398427, episodic_return=-18.025951385498047
2022-11-15 06:15:13,405 - INFO: global_step=399427, episodic_return=-63.379737854003906
2022-11-15 06:15:14,733 - INFO: global_step=400173, episodic_return=142.15109252929688
2022-11-15 06:15:16,682 - INFO: global_step=401173, episodic_return=80.24358367919922
2022-11-15 06:15:18,284 - INFO: global_step=402173, episodic_return=-70.33647918701172
2022-11-15 06:15:20,388 - INFO: global_step=403173, episodic_return=-97.38702392578125
2022-11-15 06:15:22,482 - INFO: global_step=404173, episodic_return=-100.17118072509766
2022-11-15 06:15:24,094 - INFO: global_step=405173, episodic_return=106.03836822509766
2022-11-15 06:15:25,757 - INFO: global_step=406173, episodic_return=-144.43495178222656
2022-11-15 06:15:28,650 - INFO: global_step=407173, episodic_return=-134.00733947753906
2022-11-15 06:15:30,576 - INFO: global_step=408173, episodic_return=-129.96006774902344
2022-11-15 06:15:32,420 - INFO: global_step=409173, episodic_return=-91.76368713378906
2022-11-15 06:15:35,188 - INFO: global_step=410173, episodic_return=-135.8918914794922
2022-11-15 06:15:37,746 - INFO: global_step=411173, episodic_return=-118.1119613647461
2022-11-15 06:15:40,030 - INFO: global_step=412173, episodic_return=-67.39793395996094
2022-11-15 06:15:41,997 - INFO: global_step=413173, episodic_return=-143.91270446777344
2022-11-15 06:15:43,836 - INFO: global_step=414173, episodic_return=-123.7044906616211
2022-11-15 06:15:46,261 - INFO: global_step=415173, episodic_return=-132.6595458984375
2022-11-15 06:15:48,056 - INFO: global_step=416173, episodic_return=-74.56414794921875
2022-11-15 06:15:49,707 - INFO: global_step=417173, episodic_return=-145.3784637451172
2022-11-15 06:15:51,888 - INFO: global_step=418173, episodic_return=-160.86497497558594
2022-11-15 06:15:54,424 - INFO: global_step=419173, episodic_return=-39.13854217529297
2022-11-15 06:15:55,947 - INFO: global_step=420173, episodic_return=-75.73416137695312
2022-11-15 06:15:57,404 - INFO: global_step=421173, episodic_return=-79.07974243164062
2022-11-15 06:15:59,867 - INFO: global_step=422173, episodic_return=-127.1324691772461
2022-11-15 06:16:01,359 - INFO: global_step=423173, episodic_return=103.9813003540039
2022-11-15 06:16:02,961 - INFO: global_step=424173, episodic_return=-122.1910171508789
2022-11-15 06:16:05,124 - INFO: global_step=425173, episodic_return=-97.68753051757812
2022-11-15 06:16:06,840 - INFO: global_step=426173, episodic_return=-130.02597045898438
2022-11-15 06:16:09,360 - INFO: global_step=427173, episodic_return=-138.88507080078125
2022-11-15 06:16:11,177 - INFO: global_step=428173, episodic_return=-81.60368347167969
2022-11-15 06:16:13,873 - INFO: global_step=429173, episodic_return=-106.38861083984375
2022-11-15 06:16:15,751 - INFO: global_step=430173, episodic_return=-141.2862091064453
2022-11-15 06:16:18,012 - INFO: global_step=431173, episodic_return=-109.6559829711914
2022-11-15 06:16:19,976 - INFO: global_step=432173, episodic_return=-156.9999237060547
2022-11-15 06:16:21,719 - INFO: global_step=433173, episodic_return=-134.08038330078125
2022-11-15 06:16:24,224 - INFO: global_step=434173, episodic_return=-82.15149688720703
2022-11-15 06:16:26,647 - INFO: global_step=435173, episodic_return=-47.09326171875
2022-11-15 06:16:28,228 - INFO: global_step=436173, episodic_return=-62.4130973815918
2022-11-15 06:16:30,051 - INFO: global_step=437173, episodic_return=-142.29331970214844
2022-11-15 06:16:32,155 - INFO: global_step=438173, episodic_return=-166.1245880126953
2022-11-15 06:16:34,257 - INFO: global_step=439173, episodic_return=-118.44766998291016
2022-11-15 06:16:36,141 - INFO: global_step=440173, episodic_return=-108.13097381591797
2022-11-15 06:16:37,624 - INFO: global_step=441173, episodic_return=-167.0730438232422
2022-11-15 06:16:39,728 - INFO: global_step=442173, episodic_return=-187.11199951171875
2022-11-15 06:16:41,255 - INFO: global_step=443173, episodic_return=-186.11611938476562
2022-11-15 06:16:43,502 - INFO: global_step=444173, episodic_return=-97.85066223144531
2022-11-15 06:16:45,895 - INFO: global_step=445173, episodic_return=-148.43223571777344
2022-11-15 06:16:48,551 - INFO: global_step=446173, episodic_return=-167.79295349121094
2022-11-15 06:16:50,592 - INFO: global_step=447173, episodic_return=-70.2745361328125
2022-11-15 06:16:52,801 - INFO: global_step=448173, episodic_return=-134.9019012451172
2022-11-15 06:16:55,817 - INFO: global_step=449173, episodic_return=-127.01516723632812
2022-11-15 06:16:56,158 - INFO: global_step=449549, episodic_return=-16.6947021484375
2022-11-15 06:16:57,612 - INFO: global_step=450456, episodic_return=215.20692443847656
2022-11-15 06:16:59,660 - INFO: global_step=451456, episodic_return=-138.33401489257812
2022-11-15 06:17:01,488 - INFO: global_step=452456, episodic_return=-45.88462448120117
2022-11-15 06:17:04,073 - INFO: global_step=453456, episodic_return=-104.67237091064453
2022-11-15 06:17:05,874 - INFO: global_step=454456, episodic_return=-111.39311218261719
2022-11-15 06:17:08,117 - INFO: global_step=455456, episodic_return=-126.80128479003906
2022-11-15 06:17:10,356 - INFO: global_step=456456, episodic_return=-58.93951416015625
2022-11-15 06:17:10,760 - INFO: global_step=456811, episodic_return=209.43524169921875
2022-11-15 06:17:12,526 - INFO: global_step=457811, episodic_return=-138.18809509277344
2022-11-15 06:17:14,689 - INFO: global_step=458811, episodic_return=-113.86695861816406
2022-11-15 06:17:15,075 - INFO: global_step=459182, episodic_return=-39.81713104248047
2022-11-15 06:17:16,807 - INFO: global_step=460182, episodic_return=-92.9239501953125
2022-11-15 06:17:18,676 - INFO: global_step=461182, episodic_return=-86.33098602294922
2022-11-15 06:17:20,367 - INFO: global_step=462182, episodic_return=-30.495302200317383
2022-11-15 06:17:22,365 - INFO: global_step=463182, episodic_return=-102.24581146240234
2022-11-15 06:17:23,921 - INFO: global_step=464182, episodic_return=-89.15475463867188
2022-11-15 06:17:25,574 - INFO: global_step=465182, episodic_return=-35.61819839477539
2022-11-15 06:17:27,579 - INFO: global_step=466182, episodic_return=-63.59843826293945
2022-11-15 06:17:29,072 - INFO: global_step=467182, episodic_return=-29.78005027770996
2022-11-15 06:17:31,447 - INFO: global_step=468182, episodic_return=-89.45236206054688
2022-11-15 06:17:33,218 - INFO: global_step=469134, episodic_return=-144.8477325439453
2022-11-15 06:17:35,158 - INFO: global_step=470134, episodic_return=-67.34043884277344
2022-11-15 06:17:37,566 - INFO: global_step=471134, episodic_return=-104.70972442626953
2022-11-15 06:17:39,080 - INFO: global_step=472134, episodic_return=-112.95091247558594
2022-11-15 06:17:41,475 - INFO: global_step=473134, episodic_return=-105.56378936767578
2022-11-15 06:17:41,924 - INFO: global_step=473443, episodic_return=232.76817321777344
2022-11-15 06:17:42,421 - INFO: global_step=473786, episodic_return=237.21499633789062
2022-11-15 06:17:42,920 - INFO: global_step=474143, episodic_return=212.40252685546875
2022-11-15 06:17:44,571 - INFO: global_step=475143, episodic_return=-149.445556640625
2022-11-15 06:17:45,862 - INFO: global_step=476143, episodic_return=-123.60381317138672
2022-11-15 06:17:48,930 - INFO: global_step=477143, episodic_return=-119.17962646484375
2022-11-15 06:17:50,316 - INFO: global_step=478143, episodic_return=-198.02517700195312
2022-11-15 06:17:52,634 - INFO: global_step=479143, episodic_return=19.250221252441406
2022-11-15 06:17:54,623 - INFO: global_step=480143, episodic_return=-111.77149200439453
2022-11-15 06:17:56,530 - INFO: global_step=481143, episodic_return=-143.22117614746094
2022-11-15 06:17:58,645 - INFO: global_step=482143, episodic_return=-175.3742218017578
2022-11-15 06:18:00,966 - INFO: global_step=483143, episodic_return=-122.21490478515625
2022-11-15 06:18:02,391 - INFO: global_step=484143, episodic_return=-134.40940856933594
2022-11-15 06:18:03,967 - INFO: global_step=485143, episodic_return=-58.09272003173828
2022-11-15 06:18:06,050 - INFO: global_step=486143, episodic_return=66.33028411865234
2022-11-15 06:18:07,776 - INFO: global_step=487143, episodic_return=-6.842280387878418
2022-11-15 06:18:09,595 - INFO: global_step=488143, episodic_return=-154.06915283203125
2022-11-15 06:18:11,706 - INFO: global_step=489143, episodic_return=-70.03282165527344
2022-11-15 06:18:13,776 - INFO: global_step=490143, episodic_return=-99.46543884277344
2022-11-15 06:18:15,796 - INFO: global_step=491143, episodic_return=-121.69815826416016
2022-11-15 06:18:17,622 - INFO: global_step=492143, episodic_return=-151.91639709472656
2022-11-15 06:18:19,571 - INFO: global_step=493143, episodic_return=-133.87039184570312
2022-11-15 06:18:21,156 - INFO: global_step=494143, episodic_return=-101.31314086914062
2022-11-15 06:18:23,551 - INFO: global_step=495143, episodic_return=-174.9724578857422
2022-11-15 06:18:25,474 - INFO: global_step=496143, episodic_return=-176.31094360351562
2022-11-15 06:18:26,978 - INFO: global_step=497143, episodic_return=-104.46206665039062
2022-11-15 06:18:28,954 - INFO: global_step=498143, episodic_return=-162.34461975097656
2022-11-15 06:18:31,004 - INFO: global_step=499143, episodic_return=-101.42074584960938
2022-11-15 06:18:32,685 - INFO: The average reward of last 20 steps: -111.87361273765563
