2022-11-15 08:14:51,129 - INFO: +--------------------------+----------------+
| Parameter                | Value          |
+--------------------------+----------------+
| exp_name                 | dqn            |
+--------------------------+----------------+
| seed                     | 42             |
+--------------------------+----------------+
| total_timesteps          | 500000         |
+--------------------------+----------------+
| learning_rate            | 0.001          |
+--------------------------+----------------+
| buffer_size              | 2000           |
+--------------------------+----------------+
| gamma                    | 0.982          |
+--------------------------+----------------+
| target_network_frequency | 50             |
+--------------------------+----------------+
| batch_size               | 128            |
+--------------------------+----------------+
| start_e                  | 0.500          |
+--------------------------+----------------+
| end_e                    | 0.050          |
+--------------------------+----------------+
| exploration_fraction     | 0.100          |
+--------------------------+----------------+
| learning_starts          | 10000          |
+--------------------------+----------------+
| train_frequency          | 10             |
+--------------------------+----------------+
| env_id                   | LunarLander-v2 |
+--------------------------+----------------+
2022-11-15 08:14:53,164 - INFO: global_step=117, episodic_return=-522.0361938476562
2022-11-15 08:14:53,183 - INFO: global_step=177, episodic_return=-309.25958251953125
2022-11-15 08:14:53,292 - INFO: global_step=410, episodic_return=-668.8887939453125
2022-11-15 08:14:53,316 - INFO: global_step=480, episodic_return=-446.4344482421875
2022-11-15 08:14:53,337 - INFO: global_step=545, episodic_return=-105.6734390258789
2022-11-15 08:14:53,370 - INFO: global_step=634, episodic_return=-514.1392822265625
2022-11-15 08:14:53,395 - INFO: global_step=709, episodic_return=-484.79461669921875
2022-11-15 08:14:53,420 - INFO: global_step=777, episodic_return=-124.70403289794922
2022-11-15 08:14:53,468 - INFO: global_step=906, episodic_return=-402.9781494140625
2022-11-15 08:14:53,591 - INFO: global_step=1154, episodic_return=-1069.5355224609375
2022-11-15 08:14:53,614 - INFO: global_step=1227, episodic_return=-152.34967041015625
2022-11-15 08:14:53,702 - INFO: global_step=1440, episodic_return=-580.0780639648438
2022-11-15 08:14:53,756 - INFO: global_step=1586, episodic_return=-523.810791015625
2022-11-15 08:14:53,810 - INFO: global_step=1730, episodic_return=-548.7056884765625
2022-11-15 08:14:53,851 - INFO: global_step=1849, episodic_return=-185.66644287109375
2022-11-15 08:14:53,877 - INFO: global_step=1932, episodic_return=-526.2760009765625
2022-11-15 08:14:53,910 - INFO: global_step=2023, episodic_return=41.59278869628906
2022-11-15 08:14:53,942 - INFO: global_step=2106, episodic_return=-399.6540832519531
2022-11-15 08:14:53,987 - INFO: global_step=2233, episodic_return=-223.01846313476562
2022-11-15 08:14:54,013 - INFO: global_step=2310, episodic_return=-457.5627746582031
2022-11-15 08:14:54,032 - INFO: global_step=2370, episodic_return=-98.53780364990234
2022-11-15 08:14:54,108 - INFO: global_step=2559, episodic_return=-648.9862060546875
2022-11-15 08:14:54,137 - INFO: global_step=2644, episodic_return=-505.4619140625
2022-11-15 08:14:54,181 - INFO: global_step=2773, episodic_return=-572.0914916992188
2022-11-15 08:14:54,205 - INFO: global_step=2860, episodic_return=-177.1774139404297
2022-11-15 08:14:54,226 - INFO: global_step=2921, episodic_return=-112.43946075439453
2022-11-15 08:14:54,246 - INFO: global_step=2979, episodic_return=-70.01908874511719
2022-11-15 08:14:54,288 - INFO: global_step=3104, episodic_return=-323.18194580078125
2022-11-15 08:14:54,307 - INFO: global_step=3168, episodic_return=-120.4335708618164
2022-11-15 08:14:54,326 - INFO: global_step=3229, episodic_return=-134.75442504882812
2022-11-15 08:14:54,357 - INFO: global_step=3319, episodic_return=-408.1148681640625
2022-11-15 08:14:54,380 - INFO: global_step=3396, episodic_return=-487.46990966796875
2022-11-15 08:14:54,402 - INFO: global_step=3467, episodic_return=-123.40705871582031
2022-11-15 08:14:54,424 - INFO: global_step=3536, episodic_return=-107.7055892944336
2022-11-15 08:14:54,463 - INFO: global_step=3636, episodic_return=-532.1437377929688
2022-11-15 08:14:54,487 - INFO: global_step=3700, episodic_return=-95.17558288574219
2022-11-15 08:14:54,535 - INFO: global_step=3829, episodic_return=-738.5006103515625
2022-11-15 08:14:54,579 - INFO: global_step=3955, episodic_return=-503.9415283203125
2022-11-15 08:14:54,621 - INFO: global_step=4076, episodic_return=-425.85528564453125
2022-11-15 08:14:54,653 - INFO: global_step=4165, episodic_return=-484.1780700683594
2022-11-15 08:14:54,714 - INFO: global_step=4307, episodic_return=-452.3187255859375
2022-11-15 08:14:54,737 - INFO: global_step=4367, episodic_return=-104.04862213134766
2022-11-15 08:14:54,763 - INFO: global_step=4431, episodic_return=-117.12734985351562
2022-11-15 08:14:54,796 - INFO: global_step=4519, episodic_return=-638.3436279296875
2022-11-15 08:14:54,825 - INFO: global_step=4603, episodic_return=-563.3500366210938
2022-11-15 08:14:54,846 - INFO: global_step=4670, episodic_return=-381.51629638671875
2022-11-15 08:14:54,880 - INFO: global_step=4728, episodic_return=-70.78511047363281
2022-11-15 08:14:54,917 - INFO: global_step=4832, episodic_return=-497.90130615234375
2022-11-15 08:14:54,933 - INFO: global_step=4884, episodic_return=-221.6104278564453
2022-11-15 08:14:54,963 - INFO: global_step=4975, episodic_return=-519.4698486328125
2022-11-15 08:14:54,984 - INFO: global_step=5038, episodic_return=-190.342041015625
2022-11-15 08:14:55,001 - INFO: global_step=5091, episodic_return=-136.9220428466797
2022-11-15 08:14:55,050 - INFO: global_step=5211, episodic_return=-676.8272094726562
2022-11-15 08:14:55,070 - INFO: global_step=5275, episodic_return=-445.60870361328125
2022-11-15 08:14:55,097 - INFO: global_step=5356, episodic_return=-448.6225891113281
2022-11-15 08:14:55,119 - INFO: global_step=5426, episodic_return=-482.4715881347656
2022-11-15 08:14:55,137 - INFO: global_step=5485, episodic_return=-117.0882797241211
2022-11-15 08:14:55,158 - INFO: global_step=5547, episodic_return=-111.1051025390625
2022-11-15 08:14:55,193 - INFO: global_step=5638, episodic_return=-618.9898071289062
2022-11-15 08:14:55,228 - INFO: global_step=5723, episodic_return=-516.630859375
2022-11-15 08:14:55,253 - INFO: global_step=5787, episodic_return=-84.8621826171875
2022-11-15 08:14:55,274 - INFO: global_step=5845, episodic_return=-102.00326538085938
2022-11-15 08:14:55,321 - INFO: global_step=5966, episodic_return=-469.1382751464844
2022-11-15 08:14:55,346 - INFO: global_step=6032, episodic_return=-540.963134765625
2022-11-15 08:14:55,438 - INFO: global_step=6245, episodic_return=-665.8313598632812
2022-11-15 08:14:55,466 - INFO: global_step=6327, episodic_return=-426.80755615234375
2022-11-15 08:14:55,505 - INFO: global_step=6442, episodic_return=-460.9064636230469
2022-11-15 08:14:55,528 - INFO: global_step=6511, episodic_return=-524.847900390625
2022-11-15 08:14:55,615 - INFO: global_step=6699, episodic_return=-869.7796020507812
2022-11-15 08:14:55,648 - INFO: global_step=6757, episodic_return=-129.48733520507812
2022-11-15 08:14:55,676 - INFO: global_step=6837, episodic_return=-571.2619018554688
2022-11-15 08:14:55,717 - INFO: global_step=6963, episodic_return=-642.4109497070312
2022-11-15 08:14:55,992 - INFO: global_step=7390, episodic_return=-1659.072509765625
2022-11-15 08:14:56,086 - INFO: global_step=7586, episodic_return=-540.8145751953125
2022-11-15 08:14:56,159 - INFO: global_step=7780, episodic_return=-555.7672119140625
2022-11-15 08:14:56,202 - INFO: global_step=7901, episodic_return=-662.9262084960938
2022-11-15 08:14:56,238 - INFO: global_step=8003, episodic_return=-495.31005859375
2022-11-15 08:14:56,255 - INFO: global_step=8059, episodic_return=-386.8410339355469
2022-11-15 08:14:56,276 - INFO: global_step=8123, episodic_return=-477.7237854003906
2022-11-15 08:14:56,316 - INFO: global_step=8189, episodic_return=-499.0303955078125
2022-11-15 08:14:56,338 - INFO: global_step=8256, episodic_return=-131.3798065185547
2022-11-15 08:14:56,418 - INFO: global_step=8450, episodic_return=-801.2517700195312
2022-11-15 08:14:56,443 - INFO: global_step=8529, episodic_return=-377.339111328125
2022-11-15 08:14:56,466 - INFO: global_step=8607, episodic_return=-603.6751708984375
2022-11-15 08:14:56,534 - INFO: global_step=8784, episodic_return=-773.31103515625
2022-11-15 08:14:56,562 - INFO: global_step=8874, episodic_return=-122.14866638183594
2022-11-15 08:14:56,588 - INFO: global_step=8952, episodic_return=-400.3422546386719
2022-11-15 08:14:56,641 - INFO: global_step=9102, episodic_return=-393.6786804199219
2022-11-15 08:14:56,699 - INFO: global_step=9263, episodic_return=-823.7381591796875
2022-11-15 08:14:56,736 - INFO: global_step=9370, episodic_return=-502.5752868652344
2022-11-15 08:14:56,793 - INFO: global_step=9531, episodic_return=-583.4107666015625
2022-11-15 08:14:56,813 - INFO: global_step=9597, episodic_return=-127.67657470703125
2022-11-15 08:14:56,857 - INFO: global_step=9723, episodic_return=-410.9076843261719
2022-11-15 08:14:56,874 - INFO: global_step=9779, episodic_return=-113.08893585205078
2022-11-15 08:14:56,892 - INFO: global_step=9839, episodic_return=-112.52185821533203
2022-11-15 08:14:56,910 - INFO: global_step=9892, episodic_return=-89.30326843261719
2022-11-15 08:14:56,939 - INFO: global_step=9981, episodic_return=-390.8818054199219
2022-11-15 08:14:56,982 - INFO: global_step=10061, episodic_return=-556.1512451171875
2022-11-15 08:14:57,015 - INFO: global_step=10126, episodic_return=-106.86566162109375
2022-11-15 08:14:57,092 - INFO: global_step=10235, episodic_return=-143.88107299804688
2022-11-15 08:14:57,123 - INFO: global_step=10303, episodic_return=-164.11669921875
2022-11-15 08:14:57,147 - INFO: global_step=10358, episodic_return=-351.13702392578125
2022-11-15 08:14:57,203 - INFO: global_step=10453, episodic_return=-141.87442016601562
2022-11-15 08:14:57,237 - INFO: global_step=10519, episodic_return=-158.52166748046875
2022-11-15 08:14:57,270 - INFO: global_step=10592, episodic_return=-204.73104858398438
2022-11-15 08:14:57,303 - INFO: global_step=10664, episodic_return=-145.50628662109375
2022-11-15 08:14:57,333 - INFO: global_step=10734, episodic_return=-104.42880249023438
2022-11-15 08:14:57,354 - INFO: global_step=10788, episodic_return=-109.59732055664062
2022-11-15 08:14:57,406 - INFO: global_step=10851, episodic_return=-85.60972595214844
2022-11-15 08:14:57,453 - INFO: global_step=10957, episodic_return=-129.71575927734375
2022-11-15 08:14:57,509 - INFO: global_step=11043, episodic_return=-26.064598083496094
2022-11-15 08:14:57,546 - INFO: global_step=11126, episodic_return=-124.5221939086914
2022-11-15 08:14:57,591 - INFO: global_step=11219, episodic_return=-618.2033081054688
2022-11-15 08:14:57,640 - INFO: global_step=11303, episodic_return=-561.3164672851562
2022-11-15 08:14:57,695 - INFO: global_step=11384, episodic_return=-259.91326904296875
2022-11-15 08:14:57,747 - INFO: global_step=11472, episodic_return=-45.85482406616211
2022-11-15 08:14:57,771 - INFO: global_step=11524, episodic_return=-274.8638916015625
2022-11-15 08:14:57,800 - INFO: global_step=11594, episodic_return=-258.8507385253906
2022-11-15 08:14:57,826 - INFO: global_step=11649, episodic_return=-36.41326141357422
2022-11-15 08:14:57,874 - INFO: global_step=11752, episodic_return=-51.73959732055664
2022-11-15 08:14:57,914 - INFO: global_step=11831, episodic_return=-424.8284606933594
2022-11-15 08:14:57,947 - INFO: global_step=11904, episodic_return=-156.90829467773438
2022-11-15 08:14:58,003 - INFO: global_step=12006, episodic_return=-34.345794677734375
2022-11-15 08:14:58,062 - INFO: global_step=12089, episodic_return=2.6179656982421875
2022-11-15 08:14:58,103 - INFO: global_step=12152, episodic_return=-116.04429626464844
2022-11-15 08:14:58,177 - INFO: global_step=12253, episodic_return=-8.663009643554688
2022-11-15 08:14:58,278 - INFO: global_step=12378, episodic_return=-688.6895141601562
2022-11-15 08:14:58,377 - INFO: global_step=12503, episodic_return=-257.6872253417969
2022-11-15 08:14:58,417 - INFO: global_step=12563, episodic_return=-122.85411834716797
2022-11-15 08:14:58,459 - INFO: global_step=12623, episodic_return=-93.7564697265625
2022-11-15 08:14:58,523 - INFO: global_step=12722, episodic_return=-74.03516387939453
2022-11-15 08:14:58,574 - INFO: global_step=12809, episodic_return=-50.782047271728516
2022-11-15 08:14:58,631 - INFO: global_step=12913, episodic_return=-26.177398681640625
2022-11-15 08:14:58,702 - INFO: global_step=13013, episodic_return=-30.6116943359375
2022-11-15 08:14:58,888 - INFO: global_step=13261, episodic_return=-268.35064697265625
2022-11-15 08:14:58,970 - INFO: global_step=13401, episodic_return=-328.7614440917969
2022-11-15 08:14:59,672 - INFO: global_step=13997, episodic_return=-235.0653839111328
2022-11-15 08:14:59,786 - INFO: global_step=14180, episodic_return=-164.4405059814453
2022-11-15 08:15:01,275 - INFO: global_step=15180, episodic_return=-167.40048217773438
2022-11-15 08:15:01,745 - INFO: global_step=15663, episodic_return=-250.46888732910156
2022-11-15 08:15:03,026 - INFO: global_step=16663, episodic_return=-7.893002510070801
2022-11-15 08:15:03,221 - INFO: global_step=16957, episodic_return=-177.037353515625
2022-11-15 08:15:03,294 - INFO: global_step=17085, episodic_return=-78.10989379882812
2022-11-15 08:15:03,428 - INFO: global_step=17304, episodic_return=-303.3155517578125
2022-11-15 08:15:03,582 - INFO: global_step=17532, episodic_return=-665.7239990234375
2022-11-15 08:15:03,652 - INFO: global_step=17659, episodic_return=-413.2142333984375
2022-11-15 08:15:03,701 - INFO: global_step=17742, episodic_return=-558.0989990234375
2022-11-15 08:15:03,774 - INFO: global_step=17864, episodic_return=-478.6313781738281
2022-11-15 08:15:03,904 - INFO: global_step=18077, episodic_return=-277.88616943359375
2022-11-15 08:15:03,994 - INFO: global_step=18230, episodic_return=-474.0152282714844
2022-11-15 08:15:04,045 - INFO: global_step=18327, episodic_return=-304.1905212402344
2022-11-15 08:15:04,092 - INFO: global_step=18414, episodic_return=-657.2890014648438
2022-11-15 08:15:04,187 - INFO: global_step=18567, episodic_return=-183.42007446289062
2022-11-15 08:15:04,248 - INFO: global_step=18671, episodic_return=-170.4555206298828
2022-11-15 08:15:04,285 - INFO: global_step=18751, episodic_return=-260.73046875
2022-11-15 08:15:04,355 - INFO: global_step=18880, episodic_return=-131.77105712890625
2022-11-15 08:15:04,403 - INFO: global_step=18974, episodic_return=-250.40237426757812
2022-11-15 08:15:04,703 - INFO: global_step=19371, episodic_return=-435.94146728515625
2022-11-15 08:15:04,774 - INFO: global_step=19477, episodic_return=-166.71578979492188
2022-11-15 08:15:04,833 - INFO: global_step=19579, episodic_return=-237.2781982421875
2022-11-15 08:15:04,942 - INFO: global_step=19703, episodic_return=-246.5720672607422
2022-11-15 08:15:05,068 - INFO: global_step=19851, episodic_return=-241.9291534423828
2022-11-15 08:15:05,290 - INFO: global_step=20090, episodic_return=-196.9697265625
2022-11-15 08:15:05,511 - INFO: global_step=20304, episodic_return=-152.19772338867188
2022-11-15 08:15:05,634 - INFO: global_step=20443, episodic_return=-156.06683349609375
2022-11-15 08:15:05,744 - INFO: global_step=20585, episodic_return=-192.94204711914062
2022-11-15 08:15:05,821 - INFO: global_step=20726, episodic_return=-121.74044799804688
2022-11-15 08:15:06,034 - INFO: global_step=20996, episodic_return=-134.1688995361328
2022-11-15 08:15:06,168 - INFO: global_step=21183, episodic_return=-206.0449676513672
2022-11-15 08:15:06,271 - INFO: global_step=21355, episodic_return=-110.7213363647461
2022-11-15 08:15:06,390 - INFO: global_step=21525, episodic_return=-136.03048706054688
2022-11-15 08:15:06,479 - INFO: global_step=21660, episodic_return=-132.02740478515625
2022-11-15 08:15:06,651 - INFO: global_step=21892, episodic_return=-93.63009643554688
2022-11-15 08:15:06,811 - INFO: global_step=22102, episodic_return=-392.64581298828125
2022-11-15 08:15:06,918 - INFO: global_step=22248, episodic_return=-120.39358520507812
2022-11-15 08:15:07,050 - INFO: global_step=22415, episodic_return=-262.461669921875
2022-11-15 08:15:07,299 - INFO: global_step=22686, episodic_return=-121.02796936035156
2022-11-15 08:15:07,460 - INFO: global_step=22883, episodic_return=-268.8737487792969
2022-11-15 08:15:07,613 - INFO: global_step=23074, episodic_return=-180.46755981445312
2022-11-15 08:15:07,792 - INFO: global_step=23272, episodic_return=-134.6074676513672
2022-11-15 08:15:08,412 - INFO: global_step=23741, episodic_return=-189.54443359375
2022-11-15 08:15:08,557 - INFO: global_step=23945, episodic_return=-84.93157958984375
2022-11-15 08:15:08,733 - INFO: global_step=24183, episodic_return=-163.2081756591797
2022-11-15 08:15:08,829 - INFO: global_step=24336, episodic_return=-135.3015594482422
2022-11-15 08:15:09,170 - INFO: global_step=24714, episodic_return=-156.74339294433594
2022-11-15 08:15:10,497 - INFO: global_step=25714, episodic_return=-179.79269409179688
2022-11-15 08:15:12,556 - INFO: global_step=26714, episodic_return=-92.18534088134766
2022-11-15 08:15:12,727 - INFO: global_step=26916, episodic_return=-14.289466857910156
2022-11-15 08:15:12,990 - INFO: global_step=27210, episodic_return=-45.56513977050781
2022-11-15 08:15:13,350 - INFO: global_step=27527, episodic_return=-66.71903991699219
2022-11-15 08:15:15,195 - INFO: global_step=28527, episodic_return=81.66731262207031
2022-11-15 08:15:16,696 - INFO: global_step=29527, episodic_return=-105.80622100830078
2022-11-15 08:15:17,223 - INFO: global_step=30038, episodic_return=-83.0069808959961
2022-11-15 08:15:17,814 - INFO: global_step=30550, episodic_return=-167.6322021484375
2022-11-15 08:15:18,067 - INFO: global_step=30866, episodic_return=-60.57421875
2022-11-15 08:15:18,253 - INFO: global_step=31104, episodic_return=-96.90782165527344
2022-11-15 08:15:18,467 - INFO: global_step=31382, episodic_return=-119.86874389648438
2022-11-15 08:15:18,752 - INFO: global_step=31705, episodic_return=-167.3715362548828
2022-11-15 08:15:19,233 - INFO: global_step=32121, episodic_return=-172.93862915039062
2022-11-15 08:15:21,410 - INFO: global_step=33121, episodic_return=-129.0899658203125
2022-11-15 08:15:21,793 - INFO: global_step=33530, episodic_return=-183.44256591796875
2022-11-15 08:15:23,257 - INFO: global_step=34444, episodic_return=-237.305908203125
2022-11-15 08:15:24,738 - INFO: global_step=35444, episodic_return=-114.52305603027344
2022-11-15 08:15:26,606 - INFO: global_step=36444, episodic_return=73.56282043457031
2022-11-15 08:15:28,171 - INFO: global_step=37444, episodic_return=103.44166564941406
2022-11-15 08:15:28,407 - INFO: global_step=37740, episodic_return=-46.77280044555664
2022-11-15 08:15:29,659 - INFO: global_step=38740, episodic_return=116.57476043701172
2022-11-15 08:15:31,031 - INFO: global_step=39740, episodic_return=4.95795202255249
2022-11-15 08:15:31,836 - INFO: global_step=40548, episodic_return=-156.00234985351562
2022-11-15 08:15:33,053 - INFO: global_step=41548, episodic_return=-91.18370819091797
2022-11-15 08:15:35,570 - INFO: global_step=42548, episodic_return=-97.4964599609375
2022-11-15 08:15:37,421 - INFO: global_step=43548, episodic_return=-53.32084655761719
2022-11-15 08:15:39,192 - INFO: global_step=44548, episodic_return=-71.16171264648438
2022-11-15 08:15:41,537 - INFO: global_step=45548, episodic_return=-128.12081909179688
2022-11-15 08:15:43,147 - INFO: global_step=46548, episodic_return=-110.80979919433594
2022-11-15 08:15:44,827 - INFO: global_step=47548, episodic_return=-122.54496765136719
2022-11-15 08:15:46,483 - INFO: global_step=48548, episodic_return=-76.46405029296875
2022-11-15 08:15:48,147 - INFO: global_step=49548, episodic_return=-52.07990646362305
2022-11-15 08:15:49,418 - INFO: global_step=50548, episodic_return=-82.95226287841797
2022-11-15 08:15:50,990 - INFO: global_step=51548, episodic_return=-153.8932342529297
2022-11-15 08:15:52,479 - INFO: global_step=52548, episodic_return=-120.49004364013672
2022-11-15 08:15:53,641 - INFO: global_step=53548, episodic_return=-93.8727798461914
2022-11-15 08:15:53,858 - INFO: global_step=53817, episodic_return=-176.07464599609375
2022-11-15 08:15:54,540 - INFO: global_step=54342, episodic_return=-320.7766418457031
2022-11-15 08:15:56,167 - INFO: global_step=55342, episodic_return=-97.36890411376953
2022-11-15 08:15:57,894 - INFO: global_step=56308, episodic_return=-384.8913269042969
2022-11-15 08:15:59,354 - INFO: global_step=57308, episodic_return=-115.11473846435547
2022-11-15 08:16:01,246 - INFO: global_step=58308, episodic_return=-99.41372680664062
2022-11-15 08:16:01,647 - INFO: global_step=58497, episodic_return=-316.1622619628906
2022-11-15 08:16:03,272 - INFO: global_step=59497, episodic_return=-118.55673217773438
2022-11-15 08:16:04,789 - INFO: global_step=60497, episodic_return=-115.35248565673828
2022-11-15 08:16:05,117 - INFO: global_step=60832, episodic_return=11.591476440429688
2022-11-15 08:16:06,816 - INFO: global_step=61832, episodic_return=-76.01309967041016
2022-11-15 08:16:07,749 - INFO: global_step=62579, episodic_return=-148.78024291992188
2022-11-15 08:16:09,830 - INFO: global_step=63579, episodic_return=-116.17053985595703
2022-11-15 08:16:11,811 - INFO: global_step=64579, episodic_return=-107.31671142578125
2022-11-15 08:16:12,262 - INFO: global_step=65027, episodic_return=-131.61334228515625
2022-11-15 08:16:13,469 - INFO: global_step=66027, episodic_return=-76.84265899658203
2022-11-15 08:16:15,097 - INFO: global_step=67027, episodic_return=-88.78145599365234
2022-11-15 08:16:16,429 - INFO: global_step=68027, episodic_return=-96.0545654296875
2022-11-15 08:16:17,798 - INFO: global_step=69027, episodic_return=-129.544189453125
2022-11-15 08:16:19,136 - INFO: global_step=70027, episodic_return=-111.27787017822266
2022-11-15 08:16:20,845 - INFO: global_step=71027, episodic_return=-125.07914733886719
2022-11-15 08:16:21,105 - INFO: global_step=71250, episodic_return=-245.3311767578125
2022-11-15 08:16:21,601 - INFO: global_step=71672, episodic_return=-318.9644775390625
2022-11-15 08:16:23,494 - INFO: global_step=72672, episodic_return=-124.3275146484375
2022-11-15 08:16:25,457 - INFO: global_step=73672, episodic_return=-68.68489074707031
2022-11-15 08:16:25,867 - INFO: global_step=74103, episodic_return=-189.05044555664062
2022-11-15 08:16:27,624 - INFO: global_step=75103, episodic_return=-55.329830169677734
2022-11-15 08:16:29,743 - INFO: global_step=76103, episodic_return=-92.12413787841797
2022-11-15 08:16:31,061 - INFO: global_step=77103, episodic_return=-99.89842224121094
2022-11-15 08:16:32,947 - INFO: global_step=78103, episodic_return=-84.48160552978516
2022-11-15 08:16:34,778 - INFO: global_step=79103, episodic_return=-75.71332550048828
2022-11-15 08:16:36,356 - INFO: global_step=80103, episodic_return=-30.935588836669922
2022-11-15 08:16:38,203 - INFO: global_step=81103, episodic_return=-93.23757934570312
2022-11-15 08:16:39,706 - INFO: global_step=82103, episodic_return=-113.07678985595703
2022-11-15 08:16:41,544 - INFO: global_step=83103, episodic_return=-129.7631378173828
2022-11-15 08:16:43,631 - INFO: global_step=84103, episodic_return=-136.9489288330078
2022-11-15 08:16:45,205 - INFO: global_step=85103, episodic_return=-129.9501953125
2022-11-15 08:16:45,619 - INFO: global_step=85417, episodic_return=-26.90406036376953
2022-11-15 08:16:47,206 - INFO: global_step=86417, episodic_return=-80.50457000732422
2022-11-15 08:16:48,333 - INFO: global_step=87417, episodic_return=-129.03189086914062
2022-11-15 08:16:49,602 - INFO: global_step=88417, episodic_return=-80.6246109008789
2022-11-15 08:16:51,166 - INFO: global_step=89417, episodic_return=-92.30269622802734
2022-11-15 08:16:52,606 - INFO: global_step=90417, episodic_return=-91.31222534179688
2022-11-15 08:16:54,003 - INFO: global_step=91417, episodic_return=-64.26985931396484
2022-11-15 08:16:55,784 - INFO: global_step=92417, episodic_return=-137.5605926513672
2022-11-15 08:16:57,605 - INFO: global_step=93417, episodic_return=-126.68194580078125
2022-11-15 08:16:58,792 - INFO: global_step=94417, episodic_return=-127.16979217529297
2022-11-15 08:16:59,774 - INFO: global_step=95279, episodic_return=221.83865356445312
2022-11-15 08:17:00,036 - INFO: global_step=95599, episodic_return=14.471771240234375
2022-11-15 08:17:01,561 - INFO: global_step=96599, episodic_return=-125.21553802490234
2022-11-15 08:17:03,692 - INFO: global_step=97599, episodic_return=-47.03248977661133
2022-11-15 08:17:06,008 - INFO: global_step=98599, episodic_return=-114.92723846435547
2022-11-15 08:17:07,174 - INFO: global_step=99415, episodic_return=151.94549560546875
2022-11-15 08:17:08,678 - INFO: global_step=100415, episodic_return=-86.58026123046875
2022-11-15 08:17:08,901 - INFO: global_step=100648, episodic_return=-75.83955383300781
2022-11-15 08:17:11,374 - INFO: global_step=101648, episodic_return=-85.83373260498047
2022-11-15 08:17:11,600 - INFO: global_step=101894, episodic_return=-6.297676086425781
2022-11-15 08:17:12,114 - INFO: global_step=102403, episodic_return=248.7903594970703
2022-11-15 08:17:13,512 - INFO: global_step=103235, episodic_return=188.47659301757812
2022-11-15 08:17:14,132 - INFO: global_step=103661, episodic_return=249.28419494628906
2022-11-15 08:17:14,783 - INFO: global_step=104143, episodic_return=-126.77888488769531
2022-11-15 08:17:15,975 - INFO: global_step=104924, episodic_return=78.34962463378906
2022-11-15 08:17:16,321 - INFO: global_step=105321, episodic_return=-232.16456604003906
2022-11-15 08:17:16,485 - INFO: global_step=105546, episodic_return=-24.016159057617188
2022-11-15 08:17:17,715 - INFO: global_step=106546, episodic_return=-110.55631256103516
2022-11-15 08:17:18,241 - INFO: global_step=107056, episodic_return=111.54468536376953
2022-11-15 08:17:18,496 - INFO: global_step=107356, episodic_return=-93.04869079589844
2022-11-15 08:17:20,157 - INFO: global_step=108356, episodic_return=70.44439697265625
2022-11-15 08:17:20,756 - INFO: global_step=108898, episodic_return=189.05413818359375
2022-11-15 08:17:21,323 - INFO: global_step=109334, episodic_return=-128.2480010986328
2022-11-15 08:17:21,962 - INFO: global_step=109894, episodic_return=-182.482666015625
2022-11-15 08:17:22,396 - INFO: global_step=110321, episodic_return=-127.34030151367188
2022-11-15 08:17:23,968 - INFO: global_step=111245, episodic_return=52.23539352416992
2022-11-15 08:17:24,601 - INFO: global_step=111745, episodic_return=167.59677124023438
2022-11-15 08:17:24,717 - INFO: global_step=111926, episodic_return=-58.37977981567383
2022-11-15 08:17:26,363 - INFO: global_step=112926, episodic_return=-42.85782241821289
2022-11-15 08:17:27,774 - INFO: global_step=113926, episodic_return=-42.480194091796875
2022-11-15 08:17:29,228 - INFO: global_step=114799, episodic_return=109.87831115722656
2022-11-15 08:17:30,754 - INFO: global_step=115799, episodic_return=15.644790649414062
2022-11-15 08:17:31,813 - INFO: global_step=116725, episodic_return=156.465576171875
2022-11-15 08:17:33,488 - INFO: global_step=117725, episodic_return=-29.4763240814209
2022-11-15 08:17:35,019 - INFO: global_step=118725, episodic_return=1.0905425548553467
2022-11-15 08:17:36,240 - INFO: global_step=119725, episodic_return=-12.01343822479248
2022-11-15 08:17:37,544 - INFO: global_step=120725, episodic_return=-98.98690795898438
2022-11-15 08:17:38,577 - INFO: global_step=121420, episodic_return=174.2979736328125
2022-11-15 08:17:40,227 - INFO: global_step=122381, episodic_return=155.52450561523438
2022-11-15 08:17:42,075 - INFO: global_step=123381, episodic_return=-64.40303802490234
2022-11-15 08:17:43,390 - INFO: global_step=124140, episodic_return=-144.53416442871094
2022-11-15 08:17:44,999 - INFO: global_step=125140, episodic_return=22.313343048095703
2022-11-15 08:17:46,216 - INFO: global_step=126140, episodic_return=-72.86105346679688
2022-11-15 08:17:47,235 - INFO: global_step=126793, episodic_return=92.063232421875
2022-11-15 08:17:48,735 - INFO: global_step=127735, episodic_return=54.59680938720703
2022-11-15 08:17:49,803 - INFO: global_step=128735, episodic_return=-38.86116027832031
2022-11-15 08:17:50,360 - INFO: global_step=129256, episodic_return=-92.78450012207031
2022-11-15 08:17:50,805 - INFO: global_step=129683, episodic_return=-86.79178619384766
2022-11-15 08:17:51,530 - INFO: global_step=130194, episodic_return=133.15652465820312
2022-11-15 08:17:51,927 - INFO: global_step=130562, episodic_return=-125.67816162109375
2022-11-15 08:17:52,467 - INFO: global_step=131007, episodic_return=141.2062225341797
2022-11-15 08:17:52,783 - INFO: global_step=131420, episodic_return=-145.26351928710938
2022-11-15 08:17:53,192 - INFO: global_step=131827, episodic_return=203.8009490966797
2022-11-15 08:17:53,544 - INFO: global_step=132247, episodic_return=164.39669799804688
2022-11-15 08:17:54,008 - INFO: global_step=132658, episodic_return=-144.74072265625
2022-11-15 08:17:54,300 - INFO: global_step=132925, episodic_return=19.224533081054688
2022-11-15 08:17:54,748 - INFO: global_step=133332, episodic_return=-146.18994140625
2022-11-15 08:17:55,452 - INFO: global_step=133884, episodic_return=-164.13624572753906
2022-11-15 08:17:56,716 - INFO: global_step=134647, episodic_return=-144.41114807128906
2022-11-15 08:17:57,877 - INFO: global_step=135550, episodic_return=107.03973388671875
2022-11-15 08:17:58,118 - INFO: global_step=135828, episodic_return=-104.66890716552734
2022-11-15 08:17:58,551 - INFO: global_step=136268, episodic_return=-107.87981414794922
2022-11-15 08:17:58,665 - INFO: global_step=136429, episodic_return=-37.94085693359375
2022-11-15 08:17:59,219 - INFO: global_step=136916, episodic_return=137.2847900390625
2022-11-15 08:17:59,816 - INFO: global_step=137498, episodic_return=157.24261474609375
2022-11-15 08:17:59,908 - INFO: global_step=137644, episodic_return=-69.54299926757812
2022-11-15 08:17:59,994 - INFO: global_step=137785, episodic_return=-95.14385223388672
2022-11-15 08:18:00,233 - INFO: global_step=138085, episodic_return=177.20028686523438
2022-11-15 08:18:00,362 - INFO: global_step=138273, episodic_return=-122.77704620361328
2022-11-15 08:18:00,429 - INFO: global_step=138398, episodic_return=-82.32958984375
2022-11-15 08:18:00,597 - INFO: global_step=138608, episodic_return=-57.17521667480469
2022-11-15 08:18:00,765 - INFO: global_step=138837, episodic_return=-129.18740844726562
2022-11-15 08:18:01,060 - INFO: global_step=139209, episodic_return=-112.94176483154297
2022-11-15 08:18:01,593 - INFO: global_step=139668, episodic_return=181.43519592285156
2022-11-15 08:18:01,792 - INFO: global_step=139918, episodic_return=-50.31720733642578
2022-11-15 08:18:02,010 - INFO: global_step=140131, episodic_return=-146.0340118408203
2022-11-15 08:18:02,353 - INFO: global_step=140458, episodic_return=-56.401214599609375
2022-11-15 08:18:03,135 - INFO: global_step=141010, episodic_return=209.31646728515625
2022-11-15 08:18:04,280 - INFO: global_step=141780, episodic_return=170.95826721191406
2022-11-15 08:18:05,222 - INFO: global_step=142422, episodic_return=175.09210205078125
2022-11-15 08:18:05,663 - INFO: global_step=142867, episodic_return=-121.67241668701172
2022-11-15 08:18:06,409 - INFO: global_step=143454, episodic_return=145.18301391601562
2022-11-15 08:18:06,987 - INFO: global_step=143965, episodic_return=-166.70361328125
2022-11-15 08:18:07,172 - INFO: global_step=144190, episodic_return=-234.30331420898438
2022-11-15 08:18:07,968 - INFO: global_step=144703, episodic_return=-32.54676818847656
2022-11-15 08:18:09,482 - INFO: global_step=145703, episodic_return=-87.28779602050781
2022-11-15 08:18:10,866 - INFO: global_step=146703, episodic_return=-75.30818176269531
2022-11-15 08:18:12,050 - INFO: global_step=147703, episodic_return=-96.29132843017578
2022-11-15 08:18:13,392 - INFO: global_step=148703, episodic_return=-79.25558471679688
2022-11-15 08:18:14,619 - INFO: global_step=149703, episodic_return=-27.73282814025879
2022-11-15 08:18:16,057 - INFO: global_step=150703, episodic_return=-58.7741584777832
2022-11-15 08:18:17,688 - INFO: global_step=151703, episodic_return=-116.55838775634766
2022-11-15 08:18:19,839 - INFO: global_step=152703, episodic_return=-32.47682189941406
2022-11-15 08:18:21,152 - INFO: global_step=153703, episodic_return=-77.00643920898438
2022-11-15 08:18:22,134 - INFO: global_step=154703, episodic_return=-65.6988754272461
2022-11-15 08:18:23,341 - INFO: global_step=155703, episodic_return=-69.96601104736328
2022-11-15 08:18:24,856 - INFO: global_step=156703, episodic_return=-4.605372428894043
2022-11-15 08:18:26,849 - INFO: global_step=157703, episodic_return=-46.817386627197266
2022-11-15 08:18:28,144 - INFO: global_step=158703, episodic_return=-62.99136734008789
2022-11-15 08:18:29,591 - INFO: global_step=159703, episodic_return=-77.83881378173828
2022-11-15 08:18:31,180 - INFO: global_step=160703, episodic_return=-88.57626342773438
2022-11-15 08:18:32,165 - INFO: global_step=161703, episodic_return=-79.93113708496094
2022-11-15 08:18:33,427 - INFO: global_step=162703, episodic_return=-73.64653778076172
2022-11-15 08:18:34,788 - INFO: global_step=163690, episodic_return=-155.69879150390625
2022-11-15 08:18:36,403 - INFO: global_step=164690, episodic_return=-80.65412902832031
2022-11-15 08:18:37,806 - INFO: global_step=165690, episodic_return=-69.65848541259766
2022-11-15 08:18:39,763 - INFO: global_step=166690, episodic_return=-98.95136260986328
2022-11-15 08:18:41,855 - INFO: global_step=167690, episodic_return=-112.87628936767578
2022-11-15 08:18:43,385 - INFO: global_step=168690, episodic_return=-108.95690155029297
2022-11-15 08:18:45,078 - INFO: global_step=169690, episodic_return=-85.32109832763672
2022-11-15 08:18:46,693 - INFO: global_step=170690, episodic_return=-44.94075393676758
2022-11-15 08:18:48,302 - INFO: global_step=171690, episodic_return=-97.7758560180664
2022-11-15 08:18:49,554 - INFO: global_step=172690, episodic_return=-80.98529052734375
2022-11-15 08:18:51,542 - INFO: global_step=173690, episodic_return=-96.24725341796875
2022-11-15 08:18:53,474 - INFO: global_step=174690, episodic_return=-88.33751678466797
2022-11-15 08:18:54,847 - INFO: global_step=175690, episodic_return=-49.450225830078125
2022-11-15 08:18:56,151 - INFO: global_step=176690, episodic_return=-82.10285186767578
2022-11-15 08:18:57,314 - INFO: global_step=177690, episodic_return=-62.26189041137695
2022-11-15 08:18:58,938 - INFO: global_step=178690, episodic_return=-44.25700378417969
2022-11-15 08:19:00,549 - INFO: global_step=179690, episodic_return=-56.308021545410156
2022-11-15 08:19:01,887 - INFO: global_step=180690, episodic_return=-52.98196792602539
2022-11-15 08:19:03,430 - INFO: global_step=181690, episodic_return=-71.3377685546875
2022-11-15 08:19:05,036 - INFO: global_step=182690, episodic_return=-41.64520263671875
2022-11-15 08:19:06,183 - INFO: global_step=183690, episodic_return=-36.51697540283203
2022-11-15 08:19:07,018 - INFO: global_step=184207, episodic_return=183.45938110351562
2022-11-15 08:19:08,245 - INFO: global_step=185018, episodic_return=147.4333953857422
2022-11-15 08:19:09,449 - INFO: global_step=185947, episodic_return=119.8304672241211
2022-11-15 08:19:10,277 - INFO: global_step=186628, episodic_return=-147.37844848632812
2022-11-15 08:19:10,397 - INFO: global_step=186787, episodic_return=-262.989013671875
2022-11-15 08:19:10,661 - INFO: global_step=187033, episodic_return=-157.755615234375
2022-11-15 08:19:10,801 - INFO: global_step=187186, episodic_return=-171.31056213378906
2022-11-15 08:19:10,956 - INFO: global_step=187379, episodic_return=-91.44542694091797
2022-11-15 08:19:11,063 - INFO: global_step=187541, episodic_return=-136.5135955810547
2022-11-15 08:19:11,391 - INFO: global_step=187830, episodic_return=-260.2864074707031
2022-11-15 08:19:11,582 - INFO: global_step=188035, episodic_return=-315.57403564453125
2022-11-15 08:19:11,844 - INFO: global_step=188336, episodic_return=-69.32194519042969
2022-11-15 08:19:13,582 - INFO: global_step=189336, episodic_return=-78.66316223144531
2022-11-15 08:19:14,240 - INFO: global_step=189810, episodic_return=-128.30828857421875
2022-11-15 08:19:14,806 - INFO: global_step=190392, episodic_return=-152.73793029785156
2022-11-15 08:19:16,453 - INFO: global_step=191285, episodic_return=-186.815673828125
2022-11-15 08:19:17,972 - INFO: global_step=192285, episodic_return=-54.51323318481445
2022-11-15 08:19:19,206 - INFO: global_step=193285, episodic_return=-83.27880859375
2022-11-15 08:19:20,441 - INFO: global_step=194285, episodic_return=-95.92412567138672
2022-11-15 08:19:22,359 - INFO: global_step=195285, episodic_return=-84.2191162109375
2022-11-15 08:19:22,502 - INFO: global_step=195453, episodic_return=-215.4095458984375
2022-11-15 08:19:22,611 - INFO: global_step=195597, episodic_return=-239.67437744140625
2022-11-15 08:19:24,505 - INFO: global_step=196597, episodic_return=-155.7291717529297
2022-11-15 08:19:26,568 - INFO: global_step=197597, episodic_return=-118.90609741210938
2022-11-15 08:19:27,834 - INFO: global_step=198597, episodic_return=-103.27839660644531
2022-11-15 08:19:29,360 - INFO: global_step=199597, episodic_return=-142.05096435546875
2022-11-15 08:19:30,766 - INFO: global_step=200597, episodic_return=-151.49093627929688
2022-11-15 08:19:31,959 - INFO: global_step=201597, episodic_return=-85.93245697021484
2022-11-15 08:19:33,595 - INFO: global_step=202597, episodic_return=-115.14230346679688
2022-11-15 08:19:35,133 - INFO: global_step=203597, episodic_return=-83.925537109375
2022-11-15 08:19:35,217 - INFO: global_step=203689, episodic_return=-210.79627990722656
2022-11-15 08:19:37,191 - INFO: global_step=204689, episodic_return=-100.10833740234375
2022-11-15 08:19:39,220 - INFO: global_step=205689, episodic_return=-158.21534729003906
2022-11-15 08:19:40,494 - INFO: global_step=206689, episodic_return=-85.22245788574219
2022-11-15 08:19:42,772 - INFO: global_step=207689, episodic_return=-50.599761962890625
2022-11-15 08:19:43,793 - INFO: global_step=208689, episodic_return=-105.60139465332031
2022-11-15 08:19:45,291 - INFO: global_step=209689, episodic_return=-68.5640640258789
2022-11-15 08:19:46,794 - INFO: global_step=210689, episodic_return=-111.40489959716797
2022-11-15 08:19:47,850 - INFO: global_step=211689, episodic_return=-86.75402069091797
2022-11-15 08:19:49,476 - INFO: global_step=212689, episodic_return=-105.47732543945312
2022-11-15 08:19:50,682 - INFO: global_step=213689, episodic_return=-39.828800201416016
2022-11-15 08:19:50,767 - INFO: global_step=213794, episodic_return=-205.98147583007812
2022-11-15 08:19:52,053 - INFO: global_step=214794, episodic_return=-66.18663787841797
2022-11-15 08:19:53,443 - INFO: global_step=215794, episodic_return=-132.88417053222656
2022-11-15 08:19:54,668 - INFO: global_step=216794, episodic_return=-106.52647399902344
2022-11-15 08:19:56,760 - INFO: global_step=217794, episodic_return=-122.85677337646484
2022-11-15 08:19:57,700 - INFO: global_step=218794, episodic_return=-115.91748809814453
2022-11-15 08:19:59,237 - INFO: global_step=219794, episodic_return=-59.480010986328125
2022-11-15 08:20:00,804 - INFO: global_step=220794, episodic_return=-87.75853729248047
2022-11-15 08:20:02,132 - INFO: global_step=221794, episodic_return=-74.75794982910156
2022-11-15 08:20:03,897 - INFO: global_step=222794, episodic_return=-78.42747497558594
2022-11-15 08:20:05,556 - INFO: global_step=223794, episodic_return=-82.67924499511719
2022-11-15 08:20:07,451 - INFO: global_step=224794, episodic_return=-89.41159057617188
2022-11-15 08:20:09,194 - INFO: global_step=225794, episodic_return=-112.6683120727539
2022-11-15 08:20:10,892 - INFO: global_step=226794, episodic_return=-108.86666107177734
2022-11-15 08:20:13,186 - INFO: global_step=227794, episodic_return=-121.41236877441406
2022-11-15 08:20:15,090 - INFO: global_step=228794, episodic_return=-75.272705078125
2022-11-15 08:20:17,058 - INFO: global_step=229794, episodic_return=-105.71531677246094
2022-11-15 08:20:18,818 - INFO: global_step=230794, episodic_return=-18.271787643432617
2022-11-15 08:20:20,935 - INFO: global_step=231794, episodic_return=-28.52088165283203
2022-11-15 08:20:22,349 - INFO: global_step=232794, episodic_return=-26.21269416809082
2022-11-15 08:20:24,491 - INFO: global_step=233794, episodic_return=-90.98019409179688
2022-11-15 08:20:26,455 - INFO: global_step=234794, episodic_return=-93.12834930419922
2022-11-15 08:20:28,093 - INFO: global_step=235794, episodic_return=-112.0509033203125
2022-11-15 08:20:30,186 - INFO: global_step=236794, episodic_return=-95.60698699951172
2022-11-15 08:20:32,139 - INFO: global_step=237794, episodic_return=-71.65383911132812
2022-11-15 08:20:34,070 - INFO: global_step=238794, episodic_return=-87.6954116821289
2022-11-15 08:20:35,481 - INFO: global_step=239794, episodic_return=-128.74131774902344
2022-11-15 08:20:37,383 - INFO: global_step=240794, episodic_return=-118.23753356933594
2022-11-15 08:20:39,539 - INFO: global_step=241794, episodic_return=-84.9815673828125
2022-11-15 08:20:41,503 - INFO: global_step=242794, episodic_return=-47.12324905395508
2022-11-15 08:20:43,135 - INFO: global_step=243794, episodic_return=-78.8879165649414
2022-11-15 08:20:44,347 - INFO: global_step=244794, episodic_return=-69.73065948486328
2022-11-15 08:20:46,067 - INFO: global_step=245794, episodic_return=-62.845252990722656
2022-11-15 08:20:47,637 - INFO: global_step=246794, episodic_return=-27.588516235351562
2022-11-15 08:20:49,117 - INFO: global_step=247794, episodic_return=-83.85083770751953
2022-11-15 08:20:50,659 - INFO: global_step=248794, episodic_return=-87.59276580810547
2022-11-15 08:20:52,620 - INFO: global_step=249794, episodic_return=-95.3089370727539
2022-11-15 08:20:53,936 - INFO: global_step=250794, episodic_return=-55.51754379272461
2022-11-15 08:20:56,482 - INFO: global_step=251794, episodic_return=-121.73013305664062
2022-11-15 08:20:56,803 - INFO: global_step=252145, episodic_return=-124.19207763671875
2022-11-15 08:20:58,273 - INFO: global_step=253145, episodic_return=-85.35124969482422
2022-11-15 08:21:00,293 - INFO: global_step=254145, episodic_return=-136.93214416503906
2022-11-15 08:21:02,121 - INFO: global_step=255145, episodic_return=-134.27151489257812
2022-11-15 08:21:03,435 - INFO: global_step=256145, episodic_return=-127.61237335205078
2022-11-15 08:21:05,120 - INFO: global_step=257145, episodic_return=2.5343070030212402
2022-11-15 08:21:06,436 - INFO: global_step=258145, episodic_return=-56.906578063964844
2022-11-15 08:21:08,206 - INFO: global_step=259145, episodic_return=-49.86919403076172
2022-11-15 08:21:09,928 - INFO: global_step=260145, episodic_return=-50.04029083251953
2022-11-15 08:21:11,610 - INFO: global_step=261145, episodic_return=-34.59417724609375
2022-11-15 08:21:12,636 - INFO: global_step=262047, episodic_return=-145.64666748046875
2022-11-15 08:21:14,790 - INFO: global_step=263047, episodic_return=-78.08940887451172
2022-11-15 08:21:16,542 - INFO: global_step=264047, episodic_return=-68.44696044921875
2022-11-15 08:21:17,859 - INFO: global_step=265047, episodic_return=-101.17106628417969
2022-11-15 08:21:19,080 - INFO: global_step=266047, episodic_return=-73.99259185791016
2022-11-15 08:21:20,777 - INFO: global_step=267047, episodic_return=-57.58834457397461
2022-11-15 08:21:22,185 - INFO: global_step=268047, episodic_return=-88.01104736328125
2022-11-15 08:21:23,609 - INFO: global_step=269047, episodic_return=-99.62446594238281
2022-11-15 08:21:24,678 - INFO: global_step=269849, episodic_return=142.25277709960938
2022-11-15 08:21:26,702 - INFO: global_step=270849, episodic_return=-57.793392181396484
2022-11-15 08:21:29,042 - INFO: global_step=271849, episodic_return=-78.88409423828125
2022-11-15 08:21:31,087 - INFO: global_step=272849, episodic_return=-56.572967529296875
2022-11-15 08:21:32,964 - INFO: global_step=273849, episodic_return=-25.97945785522461
2022-11-15 08:21:34,272 - INFO: global_step=274824, episodic_return=-106.34970092773438
2022-11-15 08:21:35,937 - INFO: global_step=275824, episodic_return=-62.43022918701172
2022-11-15 08:21:37,679 - INFO: global_step=276824, episodic_return=-3.6089963912963867
2022-11-15 08:21:39,710 - INFO: global_step=277824, episodic_return=-17.389429092407227
2022-11-15 08:21:42,024 - INFO: global_step=278824, episodic_return=-59.70538330078125
2022-11-15 08:21:43,572 - INFO: global_step=279824, episodic_return=-48.387481689453125
2022-11-15 08:21:45,071 - INFO: global_step=280824, episodic_return=-7.9614739418029785
2022-11-15 08:21:46,739 - INFO: global_step=281780, episodic_return=105.10843658447266
2022-11-15 08:21:46,934 - INFO: global_step=282025, episodic_return=-49.02550506591797
2022-11-15 08:21:48,471 - INFO: global_step=282896, episodic_return=125.34049987792969
2022-11-15 08:21:49,236 - INFO: global_step=283428, episodic_return=-132.8096466064453
2022-11-15 08:21:50,568 - INFO: global_step=284428, episodic_return=-41.12971496582031
2022-11-15 08:21:50,849 - INFO: global_step=284758, episodic_return=-88.21141815185547
2022-11-15 08:21:52,285 - INFO: global_step=285758, episodic_return=-74.89533233642578
2022-11-15 08:21:53,674 - INFO: global_step=286758, episodic_return=-33.813724517822266
2022-11-15 08:21:55,223 - INFO: global_step=287758, episodic_return=-106.60161590576172
2022-11-15 08:21:56,502 - INFO: global_step=288758, episodic_return=-93.65984344482422
2022-11-15 08:21:58,572 - INFO: global_step=289758, episodic_return=-92.6122055053711
2022-11-15 08:21:59,830 - INFO: global_step=290758, episodic_return=-90.3484115600586
2022-11-15 08:22:01,791 - INFO: global_step=291758, episodic_return=-43.08558654785156
2022-11-15 08:22:03,935 - INFO: global_step=292758, episodic_return=-27.87025260925293
2022-11-15 08:22:05,339 - INFO: global_step=293758, episodic_return=-42.25038528442383
2022-11-15 08:22:07,703 - INFO: global_step=294758, episodic_return=-40.952274322509766
2022-11-15 08:22:09,508 - INFO: global_step=295758, episodic_return=-60.536537170410156
2022-11-15 08:22:11,134 - INFO: global_step=296758, episodic_return=-69.89183807373047
2022-11-15 08:22:12,936 - INFO: global_step=297758, episodic_return=-98.81604766845703
2022-11-15 08:22:14,463 - INFO: global_step=298758, episodic_return=-19.286746978759766
2022-11-15 08:22:16,093 - INFO: global_step=299758, episodic_return=-9.396466255187988
2022-11-15 08:22:17,643 - INFO: global_step=300758, episodic_return=-18.707300186157227
2022-11-15 08:22:19,338 - INFO: global_step=301758, episodic_return=-94.25544738769531
2022-11-15 08:22:21,522 - INFO: global_step=302758, episodic_return=-48.75690460205078
2022-11-15 08:22:22,922 - INFO: global_step=303758, episodic_return=41.6485595703125
2022-11-15 08:22:24,874 - INFO: global_step=304758, episodic_return=-53.32781219482422
2022-11-15 08:22:26,683 - INFO: global_step=305758, episodic_return=-70.06089782714844
2022-11-15 08:22:28,193 - INFO: global_step=306758, episodic_return=98.27363586425781
2022-11-15 08:22:29,978 - INFO: global_step=307758, episodic_return=126.66236114501953
2022-11-15 08:22:31,734 - INFO: global_step=308758, episodic_return=-6.789902210235596
2022-11-15 08:22:32,412 - INFO: global_step=309265, episodic_return=242.0433349609375
2022-11-15 08:22:34,542 - INFO: global_step=310265, episodic_return=-1.8366214036941528
2022-11-15 08:22:35,067 - INFO: global_step=310762, episodic_return=224.60110473632812
2022-11-15 08:22:36,250 - INFO: global_step=311654, episodic_return=-115.61753845214844
2022-11-15 08:22:37,136 - INFO: global_step=312327, episodic_return=130.17242431640625
2022-11-15 08:22:37,528 - INFO: global_step=312725, episodic_return=-35.565452575683594
2022-11-15 08:22:37,903 - INFO: global_step=313108, episodic_return=-61.23914337158203
2022-11-15 08:22:38,311 - INFO: global_step=313507, episodic_return=141.79843139648438
2022-11-15 08:22:40,007 - INFO: global_step=314417, episodic_return=184.14073181152344
2022-11-15 08:22:40,203 - INFO: global_step=314557, episodic_return=-78.38832092285156
2022-11-15 08:22:40,367 - INFO: global_step=314740, episodic_return=-80.01887512207031
2022-11-15 08:22:40,605 - INFO: global_step=315022, episodic_return=-70.70450592041016
2022-11-15 08:22:41,283 - INFO: global_step=315587, episodic_return=190.65853881835938
2022-11-15 08:22:41,602 - INFO: global_step=315988, episodic_return=262.570556640625
2022-11-15 08:22:41,725 - INFO: global_step=316160, episodic_return=-23.833717346191406
2022-11-15 08:22:42,672 - INFO: global_step=316764, episodic_return=189.71060180664062
2022-11-15 08:22:42,991 - INFO: global_step=317109, episodic_return=224.57765197753906
2022-11-15 08:22:43,960 - INFO: global_step=317747, episodic_return=196.93499755859375
2022-11-15 08:22:44,613 - INFO: global_step=318238, episodic_return=198.41891479492188
2022-11-15 08:22:45,349 - INFO: global_step=318845, episodic_return=160.93873596191406
2022-11-15 08:22:45,407 - INFO: global_step=318949, episodic_return=-321.4686584472656
2022-11-15 08:22:45,865 - INFO: global_step=319423, episodic_return=148.09251403808594
2022-11-15 08:22:46,180 - INFO: global_step=319770, episodic_return=-44.709938049316406
2022-11-15 08:22:47,284 - INFO: global_step=320508, episodic_return=177.80166625976562
2022-11-15 08:22:48,553 - INFO: global_step=321305, episodic_return=141.62368774414062
2022-11-15 08:22:49,467 - INFO: global_step=321985, episodic_return=124.59242248535156
2022-11-15 08:22:50,813 - INFO: global_step=322740, episodic_return=128.06350708007812
2022-11-15 08:22:51,873 - INFO: global_step=323420, episodic_return=-82.50578308105469
2022-11-15 08:22:53,789 - INFO: global_step=324395, episodic_return=102.95691680908203
2022-11-15 08:22:55,325 - INFO: global_step=325245, episodic_return=91.12692260742188
2022-11-15 08:22:56,882 - INFO: global_step=326245, episodic_return=-44.76443862915039
2022-11-15 08:22:58,059 - INFO: global_step=327129, episodic_return=148.29783630371094
2022-11-15 08:22:58,805 - INFO: global_step=327654, episodic_return=238.8208770751953
2022-11-15 08:23:00,928 - INFO: global_step=328654, episodic_return=-82.72394561767578
2022-11-15 08:23:01,408 - INFO: global_step=329098, episodic_return=175.39044189453125
2022-11-15 08:23:01,921 - INFO: global_step=329523, episodic_return=158.5787353515625
2022-11-15 08:23:02,590 - INFO: global_step=330011, episodic_return=152.56874084472656
2022-11-15 08:23:04,724 - INFO: global_step=331011, episodic_return=76.45924377441406
2022-11-15 08:23:05,545 - INFO: global_step=331699, episodic_return=-38.83108901977539
2022-11-15 08:23:06,812 - INFO: global_step=332520, episodic_return=186.41641235351562
2022-11-15 08:23:08,557 - INFO: global_step=333520, episodic_return=160.2404022216797
2022-11-15 08:23:08,941 - INFO: global_step=333859, episodic_return=195.56011962890625
2022-11-15 08:23:10,612 - INFO: global_step=334859, episodic_return=156.0225830078125
2022-11-15 08:23:12,451 - INFO: global_step=335713, episodic_return=239.86160278320312
2022-11-15 08:23:13,120 - INFO: global_step=336251, episodic_return=-114.41769409179688
2022-11-15 08:23:14,301 - INFO: global_step=337218, episodic_return=201.63265991210938
2022-11-15 08:23:14,765 - INFO: global_step=337656, episodic_return=186.4404296875
2022-11-15 08:23:15,053 - INFO: global_step=337949, episodic_return=-58.69260787963867
2022-11-15 08:23:16,813 - INFO: global_step=338949, episodic_return=-27.11844253540039
2022-11-15 08:23:17,399 - INFO: global_step=339491, episodic_return=205.65464782714844
2022-11-15 08:23:18,717 - INFO: global_step=340303, episodic_return=-156.15982055664062
2022-11-15 08:23:19,282 - INFO: global_step=340720, episodic_return=-190.6311798095703
2022-11-15 08:23:19,944 - INFO: global_step=341214, episodic_return=238.3544464111328
2022-11-15 08:23:20,303 - INFO: global_step=341572, episodic_return=-157.302978515625
2022-11-15 08:23:20,691 - INFO: global_step=341917, episodic_return=258.0752868652344
2022-11-15 08:23:20,922 - INFO: global_step=342190, episodic_return=288.80596923828125
2022-11-15 08:23:22,024 - INFO: global_step=342976, episodic_return=124.16822814941406
2022-11-15 08:23:22,454 - INFO: global_step=343353, episodic_return=248.89157104492188
2022-11-15 08:23:23,712 - INFO: global_step=344096, episodic_return=197.81837463378906
2022-11-15 08:23:25,970 - INFO: global_step=345096, episodic_return=-61.421165466308594
2022-11-15 08:23:28,069 - INFO: global_step=346096, episodic_return=42.447471618652344
2022-11-15 08:23:29,878 - INFO: global_step=347096, episodic_return=-25.895198822021484
2022-11-15 08:23:31,810 - INFO: global_step=348096, episodic_return=-55.80476760864258
2022-11-15 08:23:33,737 - INFO: global_step=349096, episodic_return=-16.622751235961914
2022-11-15 08:23:35,565 - INFO: global_step=350096, episodic_return=-42.62158966064453
2022-11-15 08:23:37,924 - INFO: global_step=351096, episodic_return=-56.06949996948242
2022-11-15 08:23:39,719 - INFO: global_step=352096, episodic_return=0.8583543300628662
2022-11-15 08:23:41,386 - INFO: global_step=353096, episodic_return=-50.21434783935547
2022-11-15 08:23:43,647 - INFO: global_step=354096, episodic_return=-22.46884536743164
2022-11-15 08:23:45,116 - INFO: global_step=355096, episodic_return=-8.36149787902832
2022-11-15 08:23:46,716 - INFO: global_step=356096, episodic_return=14.139609336853027
2022-11-15 08:23:48,610 - INFO: global_step=357096, episodic_return=-52.841068267822266
2022-11-15 08:23:50,665 - INFO: global_step=358074, episodic_return=136.05960083007812
2022-11-15 08:23:52,521 - INFO: global_step=359074, episodic_return=-1.3550580739974976
2022-11-15 08:23:53,215 - INFO: global_step=359546, episodic_return=194.96646118164062
2022-11-15 08:23:54,451 - INFO: global_step=360419, episodic_return=160.4390411376953
2022-11-15 08:23:56,013 - INFO: global_step=361251, episodic_return=145.42701721191406
2022-11-15 08:23:57,212 - INFO: global_step=362010, episodic_return=156.27174377441406
2022-11-15 08:23:58,257 - INFO: global_step=362791, episodic_return=146.1626739501953
2022-11-15 08:23:59,852 - INFO: global_step=363568, episodic_return=136.0037384033203
2022-11-15 08:24:00,505 - INFO: global_step=364133, episodic_return=177.57798767089844
2022-11-15 08:24:01,127 - INFO: global_step=364757, episodic_return=202.97743225097656
2022-11-15 08:24:01,756 - INFO: global_step=365245, episodic_return=259.8304443359375
2022-11-15 08:24:03,662 - INFO: global_step=366245, episodic_return=-20.422256469726562
2022-11-15 08:24:05,107 - INFO: global_step=366944, episodic_return=216.9614715576172
2022-11-15 08:24:07,236 - INFO: global_step=367944, episodic_return=-64.36638641357422
2022-11-15 08:24:08,090 - INFO: global_step=368501, episodic_return=236.34091186523438
2022-11-15 08:24:08,749 - INFO: global_step=368980, episodic_return=259.25970458984375
2022-11-15 08:24:08,878 - INFO: global_step=369117, episodic_return=35.48530578613281
2022-11-15 08:24:09,025 - INFO: global_step=369276, episodic_return=34.699005126953125
2022-11-15 08:24:09,515 - INFO: global_step=369653, episodic_return=268.58441162109375
2022-11-15 08:24:10,092 - INFO: global_step=370044, episodic_return=223.75296020507812
2022-11-15 08:24:10,413 - INFO: global_step=370356, episodic_return=214.30670166015625
2022-11-15 08:24:10,916 - INFO: global_step=370812, episodic_return=170.01007080078125
2022-11-15 08:24:11,024 - INFO: global_step=370951, episodic_return=-417.7445373535156
2022-11-15 08:24:11,107 - INFO: global_step=371035, episodic_return=-106.6402359008789
2022-11-15 08:24:11,734 - INFO: global_step=371510, episodic_return=-33.160491943359375
2022-11-15 08:24:11,855 - INFO: global_step=371649, episodic_return=26.176025390625
2022-11-15 08:24:12,136 - INFO: global_step=371928, episodic_return=260.2562561035156
2022-11-15 08:24:12,450 - INFO: global_step=372143, episodic_return=39.01603698730469
2022-11-15 08:24:13,328 - INFO: global_step=372715, episodic_return=166.14508056640625
2022-11-15 08:24:14,250 - INFO: global_step=373326, episodic_return=194.19631958007812
2022-11-15 08:24:15,034 - INFO: global_step=373772, episodic_return=188.61390686035156
2022-11-15 08:24:15,685 - INFO: global_step=374269, episodic_return=241.2554473876953
2022-11-15 08:24:16,832 - INFO: global_step=374967, episodic_return=121.79303741455078
2022-11-15 08:24:17,500 - INFO: global_step=375417, episodic_return=209.42062377929688
2022-11-15 08:24:18,228 - INFO: global_step=375985, episodic_return=-163.51707458496094
2022-11-15 08:24:18,304 - INFO: global_step=376077, episodic_return=-442.5968017578125
2022-11-15 08:24:19,962 - INFO: global_step=377077, episodic_return=122.04718780517578
2022-11-15 08:24:21,590 - INFO: global_step=378077, episodic_return=-24.465801239013672
2022-11-15 08:24:23,284 - INFO: global_step=379077, episodic_return=-50.7862663269043
2022-11-15 08:24:23,807 - INFO: global_step=379496, episodic_return=259.6113586425781
2022-11-15 08:24:25,514 - INFO: global_step=380496, episodic_return=11.361166000366211
2022-11-15 08:24:27,033 - INFO: global_step=381496, episodic_return=-2.175137996673584
2022-11-15 08:24:28,178 - INFO: global_step=382496, episodic_return=5.982720375061035
2022-11-15 08:24:29,741 - INFO: global_step=383496, episodic_return=-9.273313522338867
2022-11-15 08:24:31,350 - INFO: global_step=384496, episodic_return=21.64740753173828
2022-11-15 08:24:32,703 - INFO: global_step=385496, episodic_return=34.285606384277344
2022-11-15 08:24:33,280 - INFO: global_step=386080, episodic_return=234.8717041015625
2022-11-15 08:24:33,910 - INFO: global_step=386670, episodic_return=194.67123413085938
2022-11-15 08:24:34,813 - INFO: global_step=387345, episodic_return=176.98739624023438
2022-11-15 08:24:35,522 - INFO: global_step=388015, episodic_return=221.89593505859375
2022-11-15 08:24:36,921 - INFO: global_step=388936, episodic_return=144.00408935546875
2022-11-15 08:24:37,547 - INFO: global_step=389486, episodic_return=218.44964599609375
2022-11-15 08:24:38,115 - INFO: global_step=389922, episodic_return=242.07110595703125
2022-11-15 08:24:38,513 - INFO: global_step=390267, episodic_return=261.79840087890625
2022-11-15 08:24:40,133 - INFO: global_step=391267, episodic_return=39.50296401977539
2022-11-15 08:24:40,617 - INFO: global_step=391668, episodic_return=282.7333068847656
2022-11-15 08:24:42,450 - INFO: global_step=392668, episodic_return=-30.15882682800293
2022-11-15 08:24:43,973 - INFO: global_step=393668, episodic_return=-34.20840072631836
2022-11-15 08:24:45,609 - INFO: global_step=394668, episodic_return=-10.678884506225586
2022-11-15 08:24:46,842 - INFO: global_step=395570, episodic_return=117.9538345336914
2022-11-15 08:24:47,579 - INFO: global_step=396111, episodic_return=139.29364013671875
2022-11-15 08:24:47,931 - INFO: global_step=396488, episodic_return=198.75540161132812
2022-11-15 08:24:49,507 - INFO: global_step=397488, episodic_return=-19.48165512084961
2022-11-15 08:24:50,432 - INFO: global_step=398183, episodic_return=134.01699829101562
2022-11-15 08:24:52,204 - INFO: global_step=399183, episodic_return=111.53911590576172
2022-11-15 08:24:52,634 - INFO: global_step=399604, episodic_return=231.10267639160156
2022-11-15 08:24:53,707 - INFO: global_step=400455, episodic_return=250.34115600585938
2022-11-15 08:24:54,229 - INFO: global_step=401064, episodic_return=194.774658203125
2022-11-15 08:24:54,494 - INFO: global_step=401376, episodic_return=259.74176025390625
2022-11-15 08:24:55,384 - INFO: global_step=402056, episodic_return=127.56875610351562
2022-11-15 08:24:55,631 - INFO: global_step=402301, episodic_return=16.291213989257812
2022-11-15 08:24:56,091 - INFO: global_step=402759, episodic_return=252.16102600097656
2022-11-15 08:24:57,590 - INFO: global_step=403759, episodic_return=-15.657926559448242
2022-11-15 08:24:57,923 - INFO: global_step=404122, episodic_return=223.63824462890625
2022-11-15 08:24:58,327 - INFO: global_step=404560, episodic_return=17.006332397460938
2022-11-15 08:24:58,411 - INFO: global_step=404699, episodic_return=-72.83953857421875
2022-11-15 08:24:58,870 - INFO: global_step=405133, episodic_return=220.7542724609375
2022-11-15 08:24:59,381 - INFO: global_step=405666, episodic_return=157.48434448242188
2022-11-15 08:24:59,884 - INFO: global_step=406248, episodic_return=174.74581909179688
2022-11-15 08:25:00,027 - INFO: global_step=406469, episodic_return=-121.49980926513672
2022-11-15 08:25:00,389 - INFO: global_step=406853, episodic_return=210.944091796875
2022-11-15 08:25:00,629 - INFO: global_step=407147, episodic_return=276.586669921875
2022-11-15 08:25:00,971 - INFO: global_step=407489, episodic_return=253.6121063232422
2022-11-15 08:25:01,543 - INFO: global_step=407959, episodic_return=225.67251586914062
2022-11-15 08:25:02,157 - INFO: global_step=408523, episodic_return=230.16726684570312
2022-11-15 08:25:02,684 - INFO: global_step=409053, episodic_return=165.60850524902344
2022-11-15 08:25:03,146 - INFO: global_step=409513, episodic_return=184.076416015625
2022-11-15 08:25:03,781 - INFO: global_step=410039, episodic_return=256.09442138671875
2022-11-15 08:25:04,408 - INFO: global_step=410648, episodic_return=203.7547607421875
2022-11-15 08:25:05,638 - INFO: global_step=411492, episodic_return=231.86802673339844
2022-11-15 08:25:06,140 - INFO: global_step=411944, episodic_return=214.21560668945312
2022-11-15 08:25:06,813 - INFO: global_step=412454, episodic_return=147.6145477294922
2022-11-15 08:25:07,654 - INFO: global_step=413102, episodic_return=135.13119506835938
2022-11-15 08:25:08,676 - INFO: global_step=413883, episodic_return=187.80715942382812
2022-11-15 08:25:09,254 - INFO: global_step=414405, episodic_return=162.93873596191406
2022-11-15 08:25:09,725 - INFO: global_step=414883, episodic_return=251.26487731933594
2022-11-15 08:25:10,710 - INFO: global_step=415570, episodic_return=145.2764434814453
2022-11-15 08:25:11,277 - INFO: global_step=416077, episodic_return=135.8102264404297
2022-11-15 08:25:12,087 - INFO: global_step=416690, episodic_return=236.29278564453125
2022-11-15 08:25:13,352 - INFO: global_step=417446, episodic_return=244.74911499023438
2022-11-15 08:25:14,223 - INFO: global_step=417932, episodic_return=201.79290771484375
2022-11-15 08:25:14,590 - INFO: global_step=418284, episodic_return=249.4821319580078
2022-11-15 08:25:14,993 - INFO: global_step=418691, episodic_return=253.9503173828125
2022-11-15 08:25:15,506 - INFO: global_step=419208, episodic_return=172.63800048828125
2022-11-15 08:25:16,222 - INFO: global_step=419768, episodic_return=198.3321075439453
2022-11-15 08:25:16,916 - INFO: global_step=420262, episodic_return=156.6276397705078
2022-11-15 08:25:17,459 - INFO: global_step=420716, episodic_return=209.03134155273438
2022-11-15 08:25:17,950 - INFO: global_step=421114, episodic_return=255.6687469482422
2022-11-15 08:25:18,471 - INFO: global_step=421631, episodic_return=175.09848022460938
2022-11-15 08:25:18,745 - INFO: global_step=421960, episodic_return=239.4584197998047
2022-11-15 08:25:19,063 - INFO: global_step=422317, episodic_return=249.205810546875
2022-11-15 08:25:19,309 - INFO: global_step=422631, episodic_return=211.01470947265625
2022-11-15 08:25:19,750 - INFO: global_step=423027, episodic_return=229.1797637939453
2022-11-15 08:25:20,142 - INFO: global_step=423315, episodic_return=289.54754638671875
2022-11-15 08:25:20,460 - INFO: global_step=423664, episodic_return=238.50994873046875
2022-11-15 08:25:20,723 - INFO: global_step=423960, episodic_return=270.8389892578125
2022-11-15 08:25:20,969 - INFO: global_step=424253, episodic_return=182.99134826660156
2022-11-15 08:25:21,181 - INFO: global_step=424549, episodic_return=287.4119873046875
2022-11-15 08:25:21,402 - INFO: global_step=424849, episodic_return=241.73330688476562
2022-11-15 08:25:21,603 - INFO: global_step=425135, episodic_return=258.51263427734375
2022-11-15 08:25:21,806 - INFO: global_step=425400, episodic_return=242.4435577392578
2022-11-15 08:25:22,011 - INFO: global_step=425680, episodic_return=267.5045166015625
2022-11-15 08:25:22,122 - INFO: global_step=425855, episodic_return=26.18572235107422
2022-11-15 08:25:22,276 - INFO: global_step=426080, episodic_return=262.3176574707031
2022-11-15 08:25:22,382 - INFO: global_step=426238, episodic_return=45.44783020019531
2022-11-15 08:25:22,557 - INFO: global_step=426466, episodic_return=281.02862548828125
2022-11-15 08:25:22,619 - INFO: global_step=426569, episodic_return=-95.05690002441406
2022-11-15 08:25:22,685 - INFO: global_step=426684, episodic_return=-442.05712890625
2022-11-15 08:25:22,795 - INFO: global_step=426865, episodic_return=-36.182647705078125
2022-11-15 08:25:22,951 - INFO: global_step=427073, episodic_return=-56.128746032714844
2022-11-15 08:25:23,000 - INFO: global_step=427157, episodic_return=-119.19306945800781
2022-11-15 08:25:23,808 - INFO: global_step=427799, episodic_return=172.49807739257812
2022-11-15 08:25:23,952 - INFO: global_step=427965, episodic_return=-20.990943908691406
2022-11-15 08:25:24,071 - INFO: global_step=428123, episodic_return=-238.93370056152344
2022-11-15 08:25:25,261 - INFO: global_step=428940, episodic_return=133.09915161132812
2022-11-15 08:25:27,375 - INFO: global_step=429940, episodic_return=-42.924625396728516
2022-11-15 08:25:29,259 - INFO: global_step=430940, episodic_return=-11.279764175415039
2022-11-15 08:25:31,032 - INFO: global_step=431940, episodic_return=-42.706695556640625
2022-11-15 08:25:33,111 - INFO: global_step=432905, episodic_return=124.05998992919922
2022-11-15 08:25:33,256 - INFO: global_step=433082, episodic_return=57.75299072265625
2022-11-15 08:25:33,358 - INFO: global_step=433206, episodic_return=26.97289276123047
2022-11-15 08:25:34,111 - INFO: global_step=433793, episodic_return=219.13790893554688
2022-11-15 08:25:34,975 - INFO: global_step=434434, episodic_return=201.7867431640625
2022-11-15 08:25:36,216 - INFO: global_step=435434, episodic_return=-16.629810333251953
2022-11-15 08:25:37,834 - INFO: global_step=436325, episodic_return=165.13961791992188
2022-11-15 08:25:38,965 - INFO: global_step=437066, episodic_return=155.15621948242188
2022-11-15 08:25:39,513 - INFO: global_step=437588, episodic_return=232.6874237060547
2022-11-15 08:25:40,970 - INFO: global_step=438362, episodic_return=145.22555541992188
2022-11-15 08:25:41,507 - INFO: global_step=438881, episodic_return=243.74578857421875
2022-11-15 08:25:42,224 - INFO: global_step=439453, episodic_return=214.18898010253906
2022-11-15 08:25:43,227 - INFO: global_step=440158, episodic_return=181.6976318359375
2022-11-15 08:25:43,892 - INFO: global_step=440695, episodic_return=227.53414916992188
2022-11-15 08:25:44,665 - INFO: global_step=441309, episodic_return=176.4305877685547
2022-11-15 08:25:45,363 - INFO: global_step=441906, episodic_return=218.47384643554688
2022-11-15 08:25:45,880 - INFO: global_step=442369, episodic_return=216.60458374023438
2022-11-15 08:25:46,831 - INFO: global_step=443059, episodic_return=168.6392822265625
2022-11-15 08:25:47,246 - INFO: global_step=443530, episodic_return=247.33580017089844
2022-11-15 08:25:47,767 - INFO: global_step=443965, episodic_return=256.76104736328125
2022-11-15 08:25:48,157 - INFO: global_step=444386, episodic_return=201.99383544921875
2022-11-15 08:25:48,594 - INFO: global_step=444838, episodic_return=234.45460510253906
2022-11-15 08:25:49,027 - INFO: global_step=445268, episodic_return=239.70263671875
2022-11-15 08:25:49,417 - INFO: global_step=445670, episodic_return=207.45262145996094
2022-11-15 08:25:49,753 - INFO: global_step=446033, episodic_return=-76.06244659423828
2022-11-15 08:25:50,123 - INFO: global_step=446409, episodic_return=-47.885398864746094
2022-11-15 08:25:51,327 - INFO: global_step=447409, episodic_return=-56.989784240722656
2022-11-15 08:25:52,013 - INFO: global_step=447933, episodic_return=152.2913055419922
2022-11-15 08:25:53,372 - INFO: global_step=448933, episodic_return=-158.44436645507812
2022-11-15 08:25:55,072 - INFO: global_step=449933, episodic_return=-36.06840133666992
2022-11-15 08:25:56,394 - INFO: global_step=450933, episodic_return=-49.76314926147461
2022-11-15 08:25:57,834 - INFO: global_step=451933, episodic_return=-86.52145385742188
2022-11-15 08:25:59,256 - INFO: global_step=452933, episodic_return=-57.215450286865234
2022-11-15 08:26:00,926 - INFO: global_step=453933, episodic_return=-49.19992446899414
2022-11-15 08:26:02,333 - INFO: global_step=454933, episodic_return=-72.92334747314453
2022-11-15 08:26:03,789 - INFO: global_step=455933, episodic_return=-52.18107223510742
2022-11-15 08:26:04,225 - INFO: global_step=456321, episodic_return=-44.867889404296875
2022-11-15 08:26:05,993 - INFO: global_step=457321, episodic_return=-58.40229034423828
2022-11-15 08:26:07,342 - INFO: global_step=458321, episodic_return=-65.94586944580078
2022-11-15 08:26:09,538 - INFO: global_step=459321, episodic_return=-82.10160064697266
2022-11-15 08:26:11,488 - INFO: global_step=460321, episodic_return=-50.20384979248047
2022-11-15 08:26:13,679 - INFO: global_step=461321, episodic_return=-51.73191833496094
2022-11-15 08:26:15,364 - INFO: global_step=462321, episodic_return=-11.015172958374023
2022-11-15 08:26:16,874 - INFO: global_step=463321, episodic_return=-42.839935302734375
2022-11-15 08:26:18,241 - INFO: global_step=464321, episodic_return=-48.475833892822266
2022-11-15 08:26:19,801 - INFO: global_step=465321, episodic_return=-64.89967346191406
2022-11-15 08:26:21,246 - INFO: global_step=466321, episodic_return=-47.33185577392578
2022-11-15 08:26:23,275 - INFO: global_step=467321, episodic_return=-49.33267593383789
2022-11-15 08:26:24,739 - INFO: global_step=468321, episodic_return=-41.602725982666016
2022-11-15 08:26:25,719 - INFO: global_step=469321, episodic_return=-76.7557601928711
2022-11-15 08:26:27,180 - INFO: global_step=470321, episodic_return=-35.59257888793945
2022-11-15 08:26:29,249 - INFO: global_step=471321, episodic_return=0.4509093761444092
2022-11-15 08:26:30,978 - INFO: global_step=472321, episodic_return=-45.29664993286133
2022-11-15 08:26:32,672 - INFO: global_step=473321, episodic_return=-47.02937316894531
2022-11-15 08:26:34,576 - INFO: global_step=474321, episodic_return=-47.02328109741211
2022-11-15 08:26:36,650 - INFO: global_step=475321, episodic_return=-79.92112731933594
2022-11-15 08:26:38,982 - INFO: global_step=476321, episodic_return=-43.5276985168457
2022-11-15 08:26:41,419 - INFO: global_step=477321, episodic_return=-28.0462646484375
2022-11-15 08:26:42,626 - INFO: global_step=478321, episodic_return=-51.369972229003906
2022-11-15 08:26:44,014 - INFO: global_step=479321, episodic_return=-19.34700584411621
2022-11-15 08:26:45,899 - INFO: global_step=480321, episodic_return=-37.435089111328125
2022-11-15 08:26:47,597 - INFO: global_step=481321, episodic_return=-51.38728713989258
2022-11-15 08:26:49,844 - INFO: global_step=482321, episodic_return=-48.253990173339844
2022-11-15 08:26:51,591 - INFO: global_step=483321, episodic_return=-42.56410217285156
2022-11-15 08:26:53,724 - INFO: global_step=484321, episodic_return=-34.96528244018555
2022-11-15 08:26:55,941 - INFO: global_step=485321, episodic_return=-11.324033737182617
2022-11-15 08:26:57,482 - INFO: global_step=486321, episodic_return=-23.201644897460938
2022-11-15 08:26:59,306 - INFO: global_step=487321, episodic_return=-27.61839485168457
2022-11-15 08:27:00,780 - INFO: global_step=488321, episodic_return=-37.673885345458984
2022-11-15 08:27:03,106 - INFO: global_step=489321, episodic_return=-65.33792877197266
2022-11-15 08:27:04,484 - INFO: global_step=490321, episodic_return=-31.108551025390625
2022-11-15 08:27:06,471 - INFO: global_step=491321, episodic_return=10.617347717285156
2022-11-15 08:27:07,007 - INFO: global_step=491772, episodic_return=237.58534240722656
2022-11-15 08:27:09,030 - INFO: global_step=492772, episodic_return=-41.72203826904297
2022-11-15 08:27:10,685 - INFO: global_step=493772, episodic_return=-24.315420150756836
2022-11-15 08:27:11,572 - INFO: global_step=494368, episodic_return=212.79513549804688
2022-11-15 08:27:12,849 - INFO: global_step=495078, episodic_return=-311.69769287109375
2022-11-15 08:27:14,715 - INFO: global_step=496078, episodic_return=-42.31306457519531
2022-11-15 08:27:15,467 - INFO: global_step=496681, episodic_return=188.18118286132812
2022-11-15 08:27:16,448 - INFO: global_step=497454, episodic_return=169.9486846923828
2022-11-15 08:27:17,913 - INFO: global_step=498454, episodic_return=-16.242185592651367
2022-11-15 08:27:19,805 - INFO: global_step=499454, episodic_return=-27.038681030273438
2022-11-15 08:27:20,421 - INFO: The average reward of last 20 steps: 1.6875398635864258
