2022-11-15 02:13:16,964 - INFO: +--------------------------+----------------+
| Parameter                | Value          |
+--------------------------+----------------+
| exp_name                 | dqn            |
+--------------------------+----------------+
| seed                     | 42             |
+--------------------------+----------------+
| total_timesteps          | 500000         |
+--------------------------+----------------+
| learning_rate            | 0.001          |
+--------------------------+----------------+
| buffer_size              | 2000           |
+--------------------------+----------------+
| gamma                    | 0.982          |
+--------------------------+----------------+
| target_network_frequency | 50             |
+--------------------------+----------------+
| batch_size               | 128            |
+--------------------------+----------------+
| start_e                  | 0.300          |
+--------------------------+----------------+
| end_e                    | 0.010          |
+--------------------------+----------------+
| exploration_fraction     | 0.050          |
+--------------------------+----------------+
| learning_starts          | 10000          |
+--------------------------+----------------+
| train_frequency          | 10             |
+--------------------------+----------------+
| env_id                   | LunarLander-v2 |
+--------------------------+----------------+
2022-11-15 02:13:19,524 - INFO: global_step=111, episodic_return=-611.77490234375
2022-11-15 02:13:19,547 - INFO: global_step=172, episodic_return=-122.97918701171875
2022-11-15 02:13:19,578 - INFO: global_step=228, episodic_return=-94.93672180175781
2022-11-15 02:13:19,611 - INFO: global_step=311, episodic_return=-406.9200134277344
2022-11-15 02:13:19,639 - INFO: global_step=380, episodic_return=-112.57621765136719
2022-11-15 02:13:19,696 - INFO: global_step=489, episodic_return=-489.8321228027344
2022-11-15 02:13:19,733 - INFO: global_step=571, episodic_return=-465.2315979003906
2022-11-15 02:13:19,780 - INFO: global_step=659, episodic_return=-510.1400146484375
2022-11-15 02:13:19,819 - INFO: global_step=737, episodic_return=-518.2432861328125
2022-11-15 02:13:19,868 - INFO: global_step=836, episodic_return=-605.426513671875
2022-11-15 02:13:19,913 - INFO: global_step=941, episodic_return=-592.3014526367188
2022-11-15 02:13:19,951 - INFO: global_step=1038, episodic_return=-571.4257202148438
2022-11-15 02:13:20,112 - INFO: global_step=1284, episodic_return=-1349.4923095703125
2022-11-15 02:13:20,140 - INFO: global_step=1337, episodic_return=-244.4340362548828
2022-11-15 02:13:20,472 - INFO: global_step=1684, episodic_return=-2009.872802734375
2022-11-15 02:13:20,595 - INFO: global_step=1901, episodic_return=-1261.0771484375
2022-11-15 02:13:20,622 - INFO: global_step=1960, episodic_return=-128.57113647460938
2022-11-15 02:13:20,648 - INFO: global_step=2017, episodic_return=-103.13519287109375
2022-11-15 02:13:20,692 - INFO: global_step=2100, episodic_return=-267.852294921875
2022-11-15 02:13:20,721 - INFO: global_step=2164, episodic_return=-544.217041015625
2022-11-15 02:13:20,751 - INFO: global_step=2222, episodic_return=-125.26863098144531
2022-11-15 02:13:20,773 - INFO: global_step=2281, episodic_return=-100.82766723632812
2022-11-15 02:13:20,801 - INFO: global_step=2351, episodic_return=-580.590576171875
2022-11-15 02:13:20,827 - INFO: global_step=2421, episodic_return=-593.7620849609375
2022-11-15 02:13:20,956 - INFO: global_step=2650, episodic_return=-1154.906005859375
2022-11-15 02:13:20,989 - INFO: global_step=2720, episodic_return=-137.8380584716797
2022-11-15 02:13:21,017 - INFO: global_step=2784, episodic_return=-103.02955627441406
2022-11-15 02:13:21,041 - INFO: global_step=2843, episodic_return=-74.45571899414062
2022-11-15 02:13:21,074 - INFO: global_step=2921, episodic_return=-450.234619140625
2022-11-15 02:13:21,097 - INFO: global_step=2988, episodic_return=-109.63116455078125
2022-11-15 02:13:21,165 - INFO: global_step=3105, episodic_return=-671.1968994140625
2022-11-15 02:13:21,201 - INFO: global_step=3170, episodic_return=-126.5805435180664
2022-11-15 02:13:21,230 - INFO: global_step=3226, episodic_return=-112.13398742675781
2022-11-15 02:13:21,282 - INFO: global_step=3322, episodic_return=-601.4425048828125
2022-11-15 02:13:21,323 - INFO: global_step=3400, episodic_return=-498.4982604980469
2022-11-15 02:13:21,351 - INFO: global_step=3459, episodic_return=-116.81217956542969
2022-11-15 02:13:21,392 - INFO: global_step=3557, episodic_return=-629.8487548828125
2022-11-15 02:13:21,438 - INFO: global_step=3651, episodic_return=-651.0072021484375
2022-11-15 02:13:21,465 - INFO: global_step=3711, episodic_return=-506.9114074707031
2022-11-15 02:13:21,498 - INFO: global_step=3770, episodic_return=-109.97563171386719
2022-11-15 02:13:21,533 - INFO: global_step=3837, episodic_return=-537.9599609375
2022-11-15 02:13:21,572 - INFO: global_step=3911, episodic_return=-567.9075927734375
2022-11-15 02:13:21,612 - INFO: global_step=3990, episodic_return=-483.8955383300781
2022-11-15 02:13:21,656 - INFO: global_step=4076, episodic_return=-548.6912841796875
2022-11-15 02:13:21,708 - INFO: global_step=4199, episodic_return=-674.6306762695312
2022-11-15 02:13:21,768 - INFO: global_step=4328, episodic_return=-597.0943603515625
2022-11-15 02:13:21,799 - INFO: global_step=4384, episodic_return=-123.57628631591797
2022-11-15 02:13:21,831 - INFO: global_step=4446, episodic_return=-459.6293029785156
2022-11-15 02:13:21,860 - INFO: global_step=4506, episodic_return=-110.56369018554688
2022-11-15 02:13:21,896 - INFO: global_step=4576, episodic_return=-110.84575653076172
2022-11-15 02:13:22,002 - INFO: global_step=4763, episodic_return=-821.9342651367188
2022-11-15 02:13:22,088 - INFO: global_step=4904, episodic_return=-716.9483642578125
2022-11-15 02:13:22,121 - INFO: global_step=4967, episodic_return=-117.36406707763672
2022-11-15 02:13:22,202 - INFO: global_step=5091, episodic_return=-598.287841796875
2022-11-15 02:13:22,240 - INFO: global_step=5164, episodic_return=-146.2021026611328
2022-11-15 02:13:22,284 - INFO: global_step=5248, episodic_return=-372.2711486816406
2022-11-15 02:13:22,323 - INFO: global_step=5334, episodic_return=-630.57373046875
2022-11-15 02:13:22,350 - INFO: global_step=5399, episodic_return=-125.49092102050781
2022-11-15 02:13:22,383 - INFO: global_step=5476, episodic_return=-514.3775634765625
2022-11-15 02:13:22,426 - INFO: global_step=5559, episodic_return=-540.034423828125
2022-11-15 02:13:22,459 - INFO: global_step=5627, episodic_return=-119.36497497558594
2022-11-15 02:13:22,500 - INFO: global_step=5709, episodic_return=-587.9595947265625
2022-11-15 02:13:22,530 - INFO: global_step=5763, episodic_return=-93.42823028564453
2022-11-15 02:13:22,575 - INFO: global_step=5844, episodic_return=-456.07696533203125
2022-11-15 02:13:22,607 - INFO: global_step=5914, episodic_return=-536.718994140625
2022-11-15 02:13:22,674 - INFO: global_step=6064, episodic_return=-719.1044311523438
2022-11-15 02:13:22,706 - INFO: global_step=6138, episodic_return=-383.70635986328125
2022-11-15 02:13:22,952 - INFO: global_step=6476, episodic_return=-2665.42431640625
2022-11-15 02:13:22,973 - INFO: global_step=6530, episodic_return=-111.1612777709961
2022-11-15 02:13:22,995 - INFO: global_step=6585, episodic_return=-126.72805786132812
2022-11-15 02:13:23,027 - INFO: global_step=6656, episodic_return=-574.319580078125
2022-11-15 02:13:23,062 - INFO: global_step=6729, episodic_return=-588.033447265625
2022-11-15 02:13:23,092 - INFO: global_step=6785, episodic_return=-446.9877014160156
2022-11-15 02:13:23,161 - INFO: global_step=6904, episodic_return=-782.7695922851562
2022-11-15 02:13:23,218 - INFO: global_step=7018, episodic_return=-715.579833984375
2022-11-15 02:13:23,243 - INFO: global_step=7076, episodic_return=-140.5771026611328
2022-11-15 02:13:23,279 - INFO: global_step=7162, episodic_return=-542.663330078125
2022-11-15 02:13:23,354 - INFO: global_step=7311, episodic_return=-914.23193359375
2022-11-15 02:13:23,398 - INFO: global_step=7400, episodic_return=-641.9736328125
2022-11-15 02:13:23,422 - INFO: global_step=7460, episodic_return=-116.07196807861328
2022-11-15 02:13:23,460 - INFO: global_step=7543, episodic_return=-563.5592651367188
2022-11-15 02:13:23,542 - INFO: global_step=7713, episodic_return=-787.2291870117188
2022-11-15 02:13:23,643 - INFO: global_step=7913, episodic_return=-1236.4169921875
2022-11-15 02:13:23,669 - INFO: global_step=7969, episodic_return=-109.74417114257812
2022-11-15 02:13:23,699 - INFO: global_step=8041, episodic_return=-142.47987365722656
2022-11-15 02:13:23,731 - INFO: global_step=8116, episodic_return=-604.3264770507812
2022-11-15 02:13:23,762 - INFO: global_step=8187, episodic_return=-554.7429809570312
2022-11-15 02:13:23,803 - INFO: global_step=8283, episodic_return=-646.4471435546875
2022-11-15 02:13:23,867 - INFO: global_step=8429, episodic_return=-843.9405517578125
2022-11-15 02:13:23,897 - INFO: global_step=8492, episodic_return=-107.80308532714844
2022-11-15 02:13:23,928 - INFO: global_step=8556, episodic_return=-99.51095581054688
2022-11-15 02:13:23,983 - INFO: global_step=8655, episodic_return=-630.72998046875
2022-11-15 02:13:24,029 - INFO: global_step=8736, episodic_return=-161.36138916015625
2022-11-15 02:13:24,059 - INFO: global_step=8796, episodic_return=-120.34114074707031
2022-11-15 02:13:24,107 - INFO: global_step=8891, episodic_return=-112.6175765991211
2022-11-15 02:13:24,130 - INFO: global_step=8950, episodic_return=-128.8854522705078
2022-11-15 02:13:24,154 - INFO: global_step=9007, episodic_return=-137.64215087890625
2022-11-15 02:13:24,193 - INFO: global_step=9099, episodic_return=-103.46720123291016
2022-11-15 02:13:24,223 - INFO: global_step=9171, episodic_return=-536.4640502929688
2022-11-15 02:13:24,258 - INFO: global_step=9237, episodic_return=-491.3682861328125
2022-11-15 02:13:24,292 - INFO: global_step=9301, episodic_return=-137.77886962890625
2022-11-15 02:13:24,338 - INFO: global_step=9386, episodic_return=-573.9198608398438
2022-11-15 02:13:24,397 - INFO: global_step=9494, episodic_return=-666.8307495117188
2022-11-15 02:13:24,435 - INFO: global_step=9577, episodic_return=-107.25543975830078
2022-11-15 02:13:24,471 - INFO: global_step=9658, episodic_return=-470.729248046875
2022-11-15 02:13:24,533 - INFO: global_step=9788, episodic_return=-839.2159423828125
2022-11-15 02:13:24,579 - INFO: global_step=9870, episodic_return=-634.0222778320312
2022-11-15 02:13:24,644 - INFO: global_step=9981, episodic_return=-647.2705078125
2022-11-15 02:13:24,690 - INFO: global_step=10042, episodic_return=-154.52056884765625
2022-11-15 02:13:24,746 - INFO: global_step=10122, episodic_return=-138.81097412109375
2022-11-15 02:13:24,782 - INFO: global_step=10192, episodic_return=-286.567138671875
2022-11-15 02:13:24,808 - INFO: global_step=10246, episodic_return=-164.5260467529297
2022-11-15 02:13:24,841 - INFO: global_step=10310, episodic_return=-163.1442413330078
2022-11-15 02:13:24,889 - INFO: global_step=10397, episodic_return=-156.52264404296875
2022-11-15 02:13:24,928 - INFO: global_step=10460, episodic_return=-145.32833862304688
2022-11-15 02:13:24,976 - INFO: global_step=10526, episodic_return=-131.55520629882812
2022-11-15 02:13:25,032 - INFO: global_step=10605, episodic_return=-183.6913299560547
2022-11-15 02:13:25,075 - INFO: global_step=10669, episodic_return=-161.20077514648438
2022-11-15 02:13:25,115 - INFO: global_step=10731, episodic_return=-86.1726303100586
2022-11-15 02:13:25,186 - INFO: global_step=10813, episodic_return=-342.67327880859375
2022-11-15 02:13:25,242 - INFO: global_step=10899, episodic_return=-229.999267578125
2022-11-15 02:13:25,304 - INFO: global_step=10981, episodic_return=-157.48362731933594
2022-11-15 02:13:25,361 - INFO: global_step=11052, episodic_return=-220.0920867919922
2022-11-15 02:13:25,420 - INFO: global_step=11138, episodic_return=-132.43765258789062
2022-11-15 02:13:25,474 - INFO: global_step=11222, episodic_return=-145.0321502685547
2022-11-15 02:13:25,526 - INFO: global_step=11295, episodic_return=-575.3277587890625
2022-11-15 02:13:25,571 - INFO: global_step=11351, episodic_return=-395.7643127441406
2022-11-15 02:13:25,606 - INFO: global_step=11401, episodic_return=-365.2939453125
2022-11-15 02:13:25,656 - INFO: global_step=11474, episodic_return=-369.13818359375
2022-11-15 02:13:25,709 - INFO: global_step=11556, episodic_return=-178.0676727294922
2022-11-15 02:13:25,761 - INFO: global_step=11647, episodic_return=-134.21725463867188
2022-11-15 02:13:25,798 - INFO: global_step=11711, episodic_return=-291.6592102050781
2022-11-15 02:13:25,854 - INFO: global_step=11788, episodic_return=-273.19439697265625
2022-11-15 02:13:25,942 - INFO: global_step=11879, episodic_return=-233.82496643066406
2022-11-15 02:13:25,993 - INFO: global_step=11940, episodic_return=-120.59750366210938
2022-11-15 02:13:26,043 - INFO: global_step=11995, episodic_return=-42.10847473144531
2022-11-15 02:13:26,232 - INFO: global_step=12181, episodic_return=-394.6869812011719
2022-11-15 02:13:26,398 - INFO: global_step=12349, episodic_return=-131.87802124023438
2022-11-15 02:13:26,583 - INFO: global_step=12503, episodic_return=-110.62724304199219
2022-11-15 02:13:26,698 - INFO: global_step=12586, episodic_return=-126.21427917480469
2022-11-15 02:13:26,819 - INFO: global_step=12692, episodic_return=-238.01950073242188
2022-11-15 02:13:26,917 - INFO: global_step=12766, episodic_return=-245.54388427734375
2022-11-15 02:13:26,989 - INFO: global_step=12828, episodic_return=-468.21160888671875
2022-11-15 02:13:27,063 - INFO: global_step=12890, episodic_return=-261.626953125
2022-11-15 02:13:27,200 - INFO: global_step=12988, episodic_return=-246.94122314453125
2022-11-15 02:13:27,396 - INFO: global_step=13158, episodic_return=-364.4933166503906
2022-11-15 02:13:27,765 - INFO: global_step=13495, episodic_return=-568.1156005859375
2022-11-15 02:13:29,964 - INFO: global_step=14495, episodic_return=-164.26133728027344
2022-11-15 02:13:31,576 - INFO: global_step=15495, episodic_return=-145.37815856933594
2022-11-15 02:13:34,219 - INFO: global_step=16495, episodic_return=-101.59825897216797
2022-11-15 02:13:36,409 - INFO: global_step=17495, episodic_return=-101.95148468017578
2022-11-15 02:13:39,281 - INFO: global_step=18495, episodic_return=-141.91995239257812
2022-11-15 02:13:39,361 - INFO: global_step=18595, episodic_return=-611.8094482421875
2022-11-15 02:13:40,017 - INFO: global_step=18801, episodic_return=-353.9189758300781
2022-11-15 02:13:40,600 - INFO: global_step=19312, episodic_return=-522.5958251953125
2022-11-15 02:13:40,760 - INFO: global_step=19489, episodic_return=-285.259765625
2022-11-15 02:13:40,926 - INFO: global_step=19677, episodic_return=-505.6295471191406
2022-11-15 02:13:40,992 - INFO: global_step=19764, episodic_return=-347.1393127441406
2022-11-15 02:13:41,116 - INFO: global_step=19905, episodic_return=-284.28228759765625
2022-11-15 02:13:41,816 - INFO: global_step=20379, episodic_return=-126.43675994873047
2022-11-15 02:13:43,465 - INFO: global_step=21353, episodic_return=-416.2005310058594
2022-11-15 02:13:45,697 - INFO: global_step=22353, episodic_return=-133.06146240234375
2022-11-15 02:13:45,966 - INFO: global_step=22626, episodic_return=-147.6728057861328
2022-11-15 02:13:46,301 - INFO: global_step=22931, episodic_return=-256.072021484375
2022-11-15 02:13:48,126 - INFO: global_step=23931, episodic_return=-168.69447326660156
2022-11-15 02:13:50,319 - INFO: global_step=24931, episodic_return=-151.0507049560547
2022-11-15 02:13:52,196 - INFO: global_step=25931, episodic_return=-123.04119110107422
2022-11-15 02:13:54,678 - INFO: global_step=26931, episodic_return=-118.33872985839844
2022-11-15 02:13:56,730 - INFO: global_step=27931, episodic_return=-158.7627716064453
2022-11-15 02:13:58,717 - INFO: global_step=28931, episodic_return=-167.84149169921875
2022-11-15 02:13:59,798 - INFO: global_step=29583, episodic_return=-390.5394287109375
2022-11-15 02:14:00,159 - INFO: global_step=29900, episodic_return=-444.7687683105469
2022-11-15 02:14:00,391 - INFO: global_step=30131, episodic_return=-809.0407104492188
2022-11-15 02:14:00,735 - INFO: global_step=30470, episodic_return=-610.5580444335938
2022-11-15 02:14:01,046 - INFO: global_step=30793, episodic_return=-185.31802368164062
2022-11-15 02:14:01,195 - INFO: global_step=30985, episodic_return=-274.330322265625
2022-11-15 02:14:01,300 - INFO: global_step=31110, episodic_return=-745.6813354492188
2022-11-15 02:14:01,417 - INFO: global_step=31244, episodic_return=-62.62535095214844
2022-11-15 02:14:01,497 - INFO: global_step=31362, episodic_return=-334.37225341796875
2022-11-15 02:14:01,598 - INFO: global_step=31463, episodic_return=-341.50408935546875
2022-11-15 02:14:01,677 - INFO: global_step=31549, episodic_return=-168.25723266601562
2022-11-15 02:14:01,802 - INFO: global_step=31697, episodic_return=-641.9185791015625
2022-11-15 02:14:02,010 - INFO: global_step=31888, episodic_return=-222.77674865722656
2022-11-15 02:14:02,271 - INFO: global_step=32103, episodic_return=-201.52947998046875
2022-11-15 02:14:02,591 - INFO: global_step=32339, episodic_return=-223.26370239257812
2022-11-15 02:14:03,205 - INFO: global_step=32579, episodic_return=-201.50027465820312
2022-11-15 02:14:03,623 - INFO: global_step=32818, episodic_return=-134.47067260742188
2022-11-15 02:14:03,941 - INFO: global_step=33008, episodic_return=-140.5692138671875
2022-11-15 02:14:04,883 - INFO: global_step=33492, episodic_return=-248.7252197265625
2022-11-15 02:14:05,192 - INFO: global_step=33751, episodic_return=-134.32723999023438
2022-11-15 02:14:05,432 - INFO: global_step=33992, episodic_return=-136.041748046875
2022-11-15 02:14:05,682 - INFO: global_step=34231, episodic_return=-194.478759765625
2022-11-15 02:14:06,171 - INFO: global_step=34614, episodic_return=-204.3827667236328
2022-11-15 02:14:06,412 - INFO: global_step=34839, episodic_return=-57.7989616394043
2022-11-15 02:14:07,124 - INFO: global_step=35342, episodic_return=-174.03216552734375
2022-11-15 02:14:07,455 - INFO: global_step=35681, episodic_return=-105.5860366821289
2022-11-15 02:14:08,539 - INFO: global_step=36432, episodic_return=-211.5033721923828
2022-11-15 02:14:08,873 - INFO: global_step=36744, episodic_return=-137.97683715820312
2022-11-15 02:14:11,077 - INFO: global_step=37744, episodic_return=-116.10560607910156
2022-11-15 02:14:11,732 - INFO: global_step=38192, episodic_return=-126.58828735351562
2022-11-15 02:14:13,034 - INFO: global_step=39192, episodic_return=-98.5650634765625
2022-11-15 02:14:14,606 - INFO: global_step=40192, episodic_return=-112.91265869140625
2022-11-15 02:14:16,388 - INFO: global_step=41192, episodic_return=-133.76336669921875
2022-11-15 02:14:17,954 - INFO: global_step=42192, episodic_return=-121.8926010131836
2022-11-15 02:14:19,462 - INFO: global_step=43055, episodic_return=-231.19615173339844
2022-11-15 02:14:20,076 - INFO: global_step=43556, episodic_return=-172.28842163085938
2022-11-15 02:14:22,074 - INFO: global_step=44502, episodic_return=-184.05001831054688
2022-11-15 02:14:24,348 - INFO: global_step=45502, episodic_return=-127.647216796875
2022-11-15 02:14:25,815 - INFO: global_step=46502, episodic_return=-117.21497344970703
2022-11-15 02:14:26,187 - INFO: global_step=46891, episodic_return=-205.5961456298828
2022-11-15 02:14:27,741 - INFO: global_step=47809, episodic_return=-202.2841796875
2022-11-15 02:14:29,651 - INFO: global_step=48809, episodic_return=-77.41807556152344
2022-11-15 02:14:30,464 - INFO: global_step=49353, episodic_return=-205.73876953125
2022-11-15 02:14:30,758 - INFO: global_step=49656, episodic_return=-195.16693115234375
2022-11-15 02:14:31,252 - INFO: global_step=50053, episodic_return=-217.64175415039062
2022-11-15 02:14:31,394 - INFO: global_step=50235, episodic_return=-167.21896362304688
2022-11-15 02:14:32,528 - INFO: global_step=50946, episodic_return=-158.0762939453125
2022-11-15 02:14:32,726 - INFO: global_step=51170, episodic_return=-144.01589965820312
2022-11-15 02:14:34,265 - INFO: global_step=52170, episodic_return=-72.84972381591797
2022-11-15 02:14:34,507 - INFO: global_step=52374, episodic_return=-93.49018859863281
2022-11-15 02:14:35,903 - INFO: global_step=53374, episodic_return=-97.57770538330078
2022-11-15 02:14:36,939 - INFO: global_step=54024, episodic_return=-247.31239318847656
2022-11-15 02:14:37,222 - INFO: global_step=54311, episodic_return=-133.21328735351562
2022-11-15 02:14:37,948 - INFO: global_step=54789, episodic_return=-187.40087890625
2022-11-15 02:14:38,625 - INFO: global_step=55369, episodic_return=-209.1094512939453
2022-11-15 02:14:38,767 - INFO: global_step=55538, episodic_return=-86.15558624267578
2022-11-15 02:14:39,115 - INFO: global_step=55886, episodic_return=-139.523681640625
2022-11-15 02:14:40,269 - INFO: global_step=56612, episodic_return=-218.7518310546875
2022-11-15 02:14:42,389 - INFO: global_step=57612, episodic_return=-94.27034759521484
2022-11-15 02:14:43,034 - INFO: global_step=57959, episodic_return=-138.7391357421875
2022-11-15 02:14:43,279 - INFO: global_step=58191, episodic_return=-121.22482299804688
2022-11-15 02:14:44,515 - INFO: global_step=58964, episodic_return=-210.69589233398438
2022-11-15 02:14:45,503 - INFO: global_step=59613, episodic_return=-189.34561157226562
2022-11-15 02:14:47,001 - INFO: global_step=60300, episodic_return=-171.60964965820312
2022-11-15 02:14:47,517 - INFO: global_step=60728, episodic_return=-126.43154907226562
2022-11-15 02:14:48,031 - INFO: global_step=61143, episodic_return=-118.99555969238281
2022-11-15 02:14:48,464 - INFO: global_step=61512, episodic_return=-108.64710235595703
2022-11-15 02:14:50,293 - INFO: global_step=62443, episodic_return=-205.96987915039062
2022-11-15 02:14:51,889 - INFO: global_step=63287, episodic_return=-235.84552001953125
2022-11-15 02:14:52,729 - INFO: global_step=63737, episodic_return=-179.47039794921875
2022-11-15 02:14:53,822 - INFO: global_step=64289, episodic_return=-208.91751098632812
2022-11-15 02:14:54,814 - INFO: global_step=64919, episodic_return=-211.7198028564453
2022-11-15 02:14:55,783 - INFO: global_step=65584, episodic_return=-176.36642456054688
2022-11-15 02:14:58,487 - INFO: global_step=66584, episodic_return=-56.35533905029297
2022-11-15 02:14:58,915 - INFO: global_step=66867, episodic_return=-22.375160217285156
2022-11-15 02:14:59,757 - INFO: global_step=67477, episodic_return=-161.05551147460938
2022-11-15 02:15:01,687 - INFO: global_step=68477, episodic_return=-81.03746795654297
2022-11-15 02:15:03,883 - INFO: global_step=69477, episodic_return=-80.03309631347656
2022-11-15 02:15:05,654 - INFO: global_step=70477, episodic_return=-94.88766479492188
2022-11-15 02:15:07,718 - INFO: global_step=71477, episodic_return=-43.34551239013672
2022-11-15 02:15:09,222 - INFO: global_step=72477, episodic_return=-100.3231201171875
2022-11-15 02:15:11,210 - INFO: global_step=73477, episodic_return=-89.46077728271484
2022-11-15 02:15:12,784 - INFO: global_step=74477, episodic_return=-122.45819091796875
2022-11-15 02:15:14,508 - INFO: global_step=75369, episodic_return=-170.01808166503906
2022-11-15 02:15:16,358 - INFO: global_step=76369, episodic_return=-106.34027099609375
2022-11-15 02:15:18,060 - INFO: global_step=77369, episodic_return=-86.24958801269531
2022-11-15 02:15:19,832 - INFO: global_step=78369, episodic_return=-58.46726608276367
2022-11-15 02:15:21,511 - INFO: global_step=79369, episodic_return=-87.57826232910156
2022-11-15 02:15:23,513 - INFO: global_step=80369, episodic_return=-88.85016632080078
2022-11-15 02:15:24,066 - INFO: global_step=80781, episodic_return=-111.92396545410156
2022-11-15 02:15:25,736 - INFO: global_step=81688, episodic_return=-274.32843017578125
2022-11-15 02:15:26,622 - INFO: global_step=82377, episodic_return=-208.5656280517578
2022-11-15 02:15:28,728 - INFO: global_step=83377, episodic_return=-136.66766357421875
2022-11-15 02:15:30,220 - INFO: global_step=84257, episodic_return=-292.32720947265625
2022-11-15 02:15:31,913 - INFO: global_step=85257, episodic_return=-120.96839904785156
2022-11-15 02:15:33,503 - INFO: global_step=86257, episodic_return=-179.37222290039062
2022-11-15 02:15:35,112 - INFO: global_step=87257, episodic_return=-128.83473205566406
2022-11-15 02:15:36,911 - INFO: global_step=88257, episodic_return=-126.76889038085938
2022-11-15 02:15:37,228 - INFO: global_step=88521, episodic_return=-346.2001647949219
2022-11-15 02:15:37,688 - INFO: global_step=88832, episodic_return=-461.43072509765625
2022-11-15 02:15:38,244 - INFO: global_step=89213, episodic_return=-186.0461883544922
2022-11-15 02:15:38,453 - INFO: global_step=89423, episodic_return=-421.153076171875
2022-11-15 02:15:38,901 - INFO: global_step=89805, episodic_return=-505.6370849609375
2022-11-15 02:15:39,395 - INFO: global_step=90221, episodic_return=-108.79356384277344
2022-11-15 02:15:41,360 - INFO: global_step=91221, episodic_return=-166.09942626953125
2022-11-15 02:15:42,243 - INFO: global_step=91811, episodic_return=-162.04888916015625
2022-11-15 02:15:44,386 - INFO: global_step=92811, episodic_return=-133.21176147460938
2022-11-15 02:15:46,538 - INFO: global_step=93811, episodic_return=-165.19834899902344
2022-11-15 02:15:48,967 - INFO: global_step=94811, episodic_return=-88.02201843261719
2022-11-15 02:15:51,154 - INFO: global_step=95811, episodic_return=-113.66319274902344
2022-11-15 02:15:53,353 - INFO: global_step=96811, episodic_return=-104.87310028076172
2022-11-15 02:15:55,154 - INFO: global_step=97811, episodic_return=-117.51464080810547
2022-11-15 02:15:57,649 - INFO: global_step=98811, episodic_return=-146.1974334716797
2022-11-15 02:15:59,510 - INFO: global_step=99811, episodic_return=-145.4040985107422
2022-11-15 02:16:01,603 - INFO: global_step=100811, episodic_return=-145.73983764648438
2022-11-15 02:16:04,072 - INFO: global_step=101811, episodic_return=-131.58909606933594
2022-11-15 02:16:06,203 - INFO: global_step=102811, episodic_return=-157.15103149414062
2022-11-15 02:16:06,502 - INFO: global_step=103117, episodic_return=-76.0427017211914
2022-11-15 02:16:08,187 - INFO: global_step=104117, episodic_return=-132.83737182617188
2022-11-15 02:16:09,968 - INFO: global_step=105117, episodic_return=-106.41267395019531
2022-11-15 02:16:10,487 - INFO: global_step=105506, episodic_return=-59.98415756225586
2022-11-15 02:16:10,829 - INFO: global_step=105842, episodic_return=-62.67037582397461
2022-11-15 02:16:11,163 - INFO: global_step=106163, episodic_return=-281.9945983886719
2022-11-15 02:16:13,211 - INFO: global_step=107163, episodic_return=-116.21159362792969
2022-11-15 02:16:13,409 - INFO: global_step=107357, episodic_return=-169.68734741210938
2022-11-15 02:16:14,113 - INFO: global_step=107789, episodic_return=-87.90091705322266
2022-11-15 02:16:16,625 - INFO: global_step=108789, episodic_return=-87.96540832519531
2022-11-15 02:16:17,017 - INFO: global_step=109097, episodic_return=-174.99783325195312
2022-11-15 02:16:17,401 - INFO: global_step=109431, episodic_return=-189.62255859375
2022-11-15 02:16:17,894 - INFO: global_step=109854, episodic_return=-54.01114273071289
2022-11-15 02:16:20,106 - INFO: global_step=110854, episodic_return=-127.86685180664062
2022-11-15 02:16:21,686 - INFO: global_step=111726, episodic_return=-259.724609375
2022-11-15 02:16:23,037 - INFO: global_step=112619, episodic_return=-200.84642028808594
2022-11-15 02:16:23,424 - INFO: global_step=112952, episodic_return=-26.166534423828125
2022-11-15 02:16:23,767 - INFO: global_step=113280, episodic_return=-217.5680694580078
2022-11-15 02:16:25,556 - INFO: global_step=114280, episodic_return=-99.44804382324219
2022-11-15 02:16:27,669 - INFO: global_step=115280, episodic_return=-69.0903549194336
2022-11-15 02:16:29,975 - INFO: global_step=116280, episodic_return=-71.2302474975586
2022-11-15 02:16:31,970 - INFO: global_step=117280, episodic_return=-73.12850952148438
2022-11-15 02:16:33,687 - INFO: global_step=118280, episodic_return=-96.0304946899414
2022-11-15 02:16:34,375 - INFO: global_step=118787, episodic_return=-63.22610855102539
2022-11-15 02:16:36,508 - INFO: global_step=119787, episodic_return=-71.46923065185547
2022-11-15 02:16:38,808 - INFO: global_step=120787, episodic_return=-150.3820343017578
2022-11-15 02:16:41,574 - INFO: global_step=121787, episodic_return=-76.70973205566406
2022-11-15 02:16:43,115 - INFO: global_step=122787, episodic_return=-68.79171752929688
2022-11-15 02:16:45,050 - INFO: global_step=123787, episodic_return=-132.7390594482422
2022-11-15 02:16:46,425 - INFO: global_step=124787, episodic_return=-81.29840087890625
2022-11-15 02:16:47,778 - INFO: global_step=125787, episodic_return=-113.3387222290039
2022-11-15 02:16:48,085 - INFO: global_step=126082, episodic_return=-26.00023651123047
2022-11-15 02:16:49,887 - INFO: global_step=127082, episodic_return=-89.93144226074219
2022-11-15 02:16:51,914 - INFO: global_step=128082, episodic_return=-104.01782989501953
2022-11-15 02:16:54,386 - INFO: global_step=129082, episodic_return=-125.7457275390625
2022-11-15 02:16:57,007 - INFO: global_step=130082, episodic_return=-138.35928344726562
2022-11-15 02:16:58,507 - INFO: global_step=131082, episodic_return=-100.03601837158203
2022-11-15 02:17:00,140 - INFO: global_step=132082, episodic_return=-100.25515747070312
2022-11-15 02:17:01,857 - INFO: global_step=133082, episodic_return=-130.22206115722656
2022-11-15 02:17:02,220 - INFO: global_step=133412, episodic_return=-139.68496704101562
2022-11-15 02:17:04,106 - INFO: global_step=134412, episodic_return=-109.10782623291016
2022-11-15 02:17:06,231 - INFO: global_step=135412, episodic_return=-136.13844299316406
2022-11-15 02:17:08,478 - INFO: global_step=136412, episodic_return=-122.39632415771484
2022-11-15 02:17:10,334 - INFO: global_step=137412, episodic_return=-131.7608642578125
2022-11-15 02:17:11,927 - INFO: global_step=138412, episodic_return=-118.56559753417969
2022-11-15 02:17:12,279 - INFO: global_step=138703, episodic_return=-55.1473274230957
2022-11-15 02:17:12,759 - INFO: global_step=139071, episodic_return=-70.80340576171875
2022-11-15 02:17:13,188 - INFO: global_step=139422, episodic_return=-12.237861633300781
2022-11-15 02:17:15,809 - INFO: global_step=140422, episodic_return=-158.6584014892578
2022-11-15 02:17:17,854 - INFO: global_step=141422, episodic_return=-92.98733520507812
2022-11-15 02:17:20,091 - INFO: global_step=142422, episodic_return=-81.31183624267578
2022-11-15 02:17:20,514 - INFO: global_step=142823, episodic_return=-92.64086151123047
2022-11-15 02:17:20,863 - INFO: global_step=143111, episodic_return=-64.90164184570312
2022-11-15 02:17:22,410 - INFO: global_step=144111, episodic_return=-133.13462829589844
2022-11-15 02:17:22,922 - INFO: global_step=144458, episodic_return=-48.16917419433594
2022-11-15 02:17:23,806 - INFO: global_step=145061, episodic_return=-68.14404296875
2022-11-15 02:17:24,096 - INFO: global_step=145306, episodic_return=-181.28831481933594
2022-11-15 02:17:24,747 - INFO: global_step=145744, episodic_return=-36.76435852050781
2022-11-15 02:17:25,120 - INFO: global_step=146082, episodic_return=-231.7141876220703
2022-11-15 02:17:27,129 - INFO: global_step=147082, episodic_return=-147.6857452392578
2022-11-15 02:17:29,265 - INFO: global_step=148082, episodic_return=-121.69645690917969
2022-11-15 02:17:31,725 - INFO: global_step=149082, episodic_return=-157.7693328857422
2022-11-15 02:17:33,665 - INFO: global_step=150082, episodic_return=-112.83503723144531
2022-11-15 02:17:36,022 - INFO: global_step=151082, episodic_return=-133.1455535888672
2022-11-15 02:17:38,412 - INFO: global_step=152082, episodic_return=-143.2216339111328
2022-11-15 02:17:40,677 - INFO: global_step=153082, episodic_return=-114.610107421875
2022-11-15 02:17:43,022 - INFO: global_step=154082, episodic_return=-150.6752471923828
2022-11-15 02:17:45,675 - INFO: global_step=155082, episodic_return=-77.65068054199219
2022-11-15 02:17:48,141 - INFO: global_step=156082, episodic_return=-124.0244369506836
2022-11-15 02:17:50,329 - INFO: global_step=157082, episodic_return=-131.3852081298828
2022-11-15 02:17:52,762 - INFO: global_step=158082, episodic_return=-142.96739196777344
2022-11-15 02:17:54,392 - INFO: global_step=159082, episodic_return=-129.7606658935547
2022-11-15 02:17:56,138 - INFO: global_step=160082, episodic_return=-86.71524810791016
2022-11-15 02:17:58,694 - INFO: global_step=161082, episodic_return=-133.08323669433594
2022-11-15 02:18:00,435 - INFO: global_step=162082, episodic_return=-132.05487060546875
2022-11-15 02:18:02,389 - INFO: global_step=163082, episodic_return=-165.21334838867188
2022-11-15 02:18:04,946 - INFO: global_step=164082, episodic_return=-134.5525665283203
2022-11-15 02:18:06,759 - INFO: global_step=165082, episodic_return=-102.69033813476562
2022-11-15 02:18:08,466 - INFO: global_step=166082, episodic_return=-116.20803833007812
2022-11-15 02:18:10,566 - INFO: global_step=167082, episodic_return=-141.31517028808594
2022-11-15 02:18:12,813 - INFO: global_step=168082, episodic_return=-156.0648956298828
2022-11-15 02:18:14,528 - INFO: global_step=169082, episodic_return=-172.7882843017578
2022-11-15 02:18:16,908 - INFO: global_step=170082, episodic_return=-136.21636962890625
2022-11-15 02:18:18,865 - INFO: global_step=171082, episodic_return=-139.14175415039062
2022-11-15 02:18:21,021 - INFO: global_step=172082, episodic_return=-133.9903106689453
2022-11-15 02:18:23,274 - INFO: global_step=173082, episodic_return=-79.16283416748047
2022-11-15 02:18:24,796 - INFO: global_step=174082, episodic_return=-110.3480224609375
2022-11-15 02:18:26,805 - INFO: global_step=175082, episodic_return=-120.66213989257812
2022-11-15 02:18:28,743 - INFO: global_step=176082, episodic_return=-116.02218627929688
2022-11-15 02:18:30,503 - INFO: global_step=177082, episodic_return=-107.04791259765625
2022-11-15 02:18:33,033 - INFO: global_step=178082, episodic_return=-115.38273620605469
2022-11-15 02:18:34,834 - INFO: global_step=179082, episodic_return=-127.12027740478516
2022-11-15 02:18:35,484 - INFO: global_step=179592, episodic_return=-228.49954223632812
2022-11-15 02:18:36,404 - INFO: global_step=180221, episodic_return=-154.75680541992188
2022-11-15 02:18:37,047 - INFO: global_step=180678, episodic_return=-55.5043830871582
2022-11-15 02:18:37,409 - INFO: global_step=180971, episodic_return=-587.1829833984375
2022-11-15 02:18:37,867 - INFO: global_step=181324, episodic_return=-216.767333984375
2022-11-15 02:18:38,817 - INFO: global_step=181775, episodic_return=-211.58953857421875
2022-11-15 02:18:39,122 - INFO: global_step=181984, episodic_return=-257.5066223144531
2022-11-15 02:18:39,442 - INFO: global_step=182250, episodic_return=-145.68310546875
2022-11-15 02:18:40,362 - INFO: global_step=182841, episodic_return=-139.41995239257812
2022-11-15 02:18:42,215 - INFO: global_step=183841, episodic_return=-119.42813110351562
2022-11-15 02:18:44,140 - INFO: global_step=184841, episodic_return=-140.33645629882812
2022-11-15 02:18:46,313 - INFO: global_step=185841, episodic_return=-129.6382293701172
2022-11-15 02:18:48,752 - INFO: global_step=186841, episodic_return=-105.4720230102539
2022-11-15 02:18:51,164 - INFO: global_step=187841, episodic_return=-160.88197326660156
2022-11-15 02:18:53,602 - INFO: global_step=188841, episodic_return=-147.7847442626953
2022-11-15 02:18:55,707 - INFO: global_step=189841, episodic_return=-116.57545471191406
2022-11-15 02:18:58,197 - INFO: global_step=190841, episodic_return=-172.14987182617188
2022-11-15 02:19:00,803 - INFO: global_step=191841, episodic_return=-121.52285766601562
2022-11-15 02:19:02,674 - INFO: global_step=192841, episodic_return=-143.0608673095703
2022-11-15 02:19:04,476 - INFO: global_step=193841, episodic_return=-99.3542709350586
2022-11-15 02:19:06,473 - INFO: global_step=194841, episodic_return=-98.4942855834961
2022-11-15 02:19:09,045 - INFO: global_step=195841, episodic_return=-106.17803955078125
2022-11-15 02:19:10,866 - INFO: global_step=196841, episodic_return=-95.6143798828125
2022-11-15 02:19:12,720 - INFO: global_step=197841, episodic_return=-103.64021301269531
2022-11-15 02:19:13,956 - INFO: global_step=198841, episodic_return=-73.22122955322266
2022-11-15 02:19:15,448 - INFO: global_step=199841, episodic_return=-127.90969848632812
2022-11-15 02:19:17,105 - INFO: global_step=200841, episodic_return=-118.52169799804688
2022-11-15 02:19:18,542 - INFO: global_step=201841, episodic_return=-110.53449249267578
2022-11-15 02:19:20,701 - INFO: global_step=202841, episodic_return=-170.19827270507812
2022-11-15 02:19:22,728 - INFO: global_step=203841, episodic_return=-153.1974334716797
2022-11-15 02:19:24,313 - INFO: global_step=204841, episodic_return=-143.53762817382812
2022-11-15 02:19:26,857 - INFO: global_step=205841, episodic_return=-117.20918273925781
2022-11-15 02:19:28,623 - INFO: global_step=206841, episodic_return=-150.38088989257812
2022-11-15 02:19:30,764 - INFO: global_step=207841, episodic_return=-153.82058715820312
2022-11-15 02:19:33,164 - INFO: global_step=208841, episodic_return=-142.10159301757812
2022-11-15 02:19:34,877 - INFO: global_step=209841, episodic_return=-122.98548889160156
2022-11-15 02:19:37,604 - INFO: global_step=210841, episodic_return=-129.11282348632812
2022-11-15 02:19:40,204 - INFO: global_step=211841, episodic_return=-162.08157348632812
2022-11-15 02:19:43,438 - INFO: global_step=212841, episodic_return=-133.0830535888672
2022-11-15 02:19:46,133 - INFO: global_step=213841, episodic_return=-124.45394134521484
2022-11-15 02:19:48,211 - INFO: global_step=214841, episodic_return=-129.00880432128906
2022-11-15 02:19:50,346 - INFO: global_step=215841, episodic_return=-61.99519729614258
2022-11-15 02:19:52,143 - INFO: global_step=216841, episodic_return=-73.83553314208984
2022-11-15 02:19:53,991 - INFO: global_step=217841, episodic_return=-65.91069030761719
2022-11-15 02:19:56,467 - INFO: global_step=218841, episodic_return=-83.95820617675781
2022-11-15 02:19:58,218 - INFO: global_step=219841, episodic_return=-96.66180419921875
2022-11-15 02:20:00,204 - INFO: global_step=220841, episodic_return=-63.13785934448242
2022-11-15 02:20:02,281 - INFO: global_step=221841, episodic_return=-88.25411987304688
2022-11-15 02:20:04,057 - INFO: global_step=222841, episodic_return=-63.5627326965332
2022-11-15 02:20:06,632 - INFO: global_step=223841, episodic_return=-97.79186248779297
2022-11-15 02:20:08,569 - INFO: global_step=224841, episodic_return=-107.63565063476562
2022-11-15 02:20:10,276 - INFO: global_step=225841, episodic_return=-137.4735107421875
2022-11-15 02:20:12,328 - INFO: global_step=226841, episodic_return=-156.18359375
2022-11-15 02:20:12,758 - INFO: global_step=227213, episodic_return=-100.57613372802734
2022-11-15 02:20:14,524 - INFO: global_step=228213, episodic_return=-110.88957977294922
2022-11-15 02:20:17,284 - INFO: global_step=229213, episodic_return=-125.77642059326172
2022-11-15 02:20:20,066 - INFO: global_step=230213, episodic_return=-125.14197540283203
2022-11-15 02:20:22,896 - INFO: global_step=231213, episodic_return=-86.88416290283203
2022-11-15 02:20:24,756 - INFO: global_step=232213, episodic_return=-112.1943130493164
2022-11-15 02:20:26,867 - INFO: global_step=233213, episodic_return=-170.56748962402344
2022-11-15 02:20:29,158 - INFO: global_step=234213, episodic_return=-93.93286895751953
2022-11-15 02:20:30,764 - INFO: global_step=235213, episodic_return=-167.8238983154297
2022-11-15 02:20:32,311 - INFO: global_step=236213, episodic_return=-120.611328125
2022-11-15 02:20:35,032 - INFO: global_step=237213, episodic_return=-86.00779724121094
2022-11-15 02:20:36,860 - INFO: global_step=238213, episodic_return=-80.46851348876953
2022-11-15 02:20:38,937 - INFO: global_step=239213, episodic_return=-131.1284942626953
2022-11-15 02:20:41,115 - INFO: global_step=240213, episodic_return=-107.4673843383789
2022-11-15 02:20:43,364 - INFO: global_step=241213, episodic_return=-134.65785217285156
2022-11-15 02:20:44,591 - INFO: global_step=241979, episodic_return=-153.4866180419922
2022-11-15 02:20:46,307 - INFO: global_step=242979, episodic_return=-117.47162628173828
2022-11-15 02:20:46,611 - INFO: global_step=243263, episodic_return=-30.083221435546875
2022-11-15 02:20:48,096 - INFO: global_step=244068, episodic_return=-95.13494873046875
2022-11-15 02:20:51,203 - INFO: global_step=245068, episodic_return=-128.80172729492188
2022-11-15 02:20:53,021 - INFO: global_step=246068, episodic_return=-100.54149627685547
2022-11-15 02:20:53,489 - INFO: global_step=246474, episodic_return=-222.29409790039062
2022-11-15 02:20:54,333 - INFO: global_step=246983, episodic_return=-200.25439453125
2022-11-15 02:20:56,140 - INFO: global_step=247983, episodic_return=-94.0673599243164
2022-11-15 02:20:57,983 - INFO: global_step=248983, episodic_return=-103.28145599365234
2022-11-15 02:21:00,037 - INFO: global_step=249983, episodic_return=-125.0060806274414
2022-11-15 02:21:02,648 - INFO: global_step=250983, episodic_return=-73.21991729736328
2022-11-15 02:21:04,694 - INFO: global_step=251983, episodic_return=-141.6584930419922
2022-11-15 02:21:07,140 - INFO: global_step=252983, episodic_return=-105.46078491210938
2022-11-15 02:21:09,424 - INFO: global_step=253983, episodic_return=-136.56695556640625
2022-11-15 02:21:11,394 - INFO: global_step=254983, episodic_return=-143.77804565429688
2022-11-15 02:21:14,356 - INFO: global_step=255983, episodic_return=-144.21759033203125
2022-11-15 02:21:15,578 - INFO: global_step=256816, episodic_return=-175.18807983398438
2022-11-15 02:21:17,842 - INFO: global_step=257816, episodic_return=-113.01260375976562
2022-11-15 02:21:20,061 - INFO: global_step=258816, episodic_return=-80.98929595947266
2022-11-15 02:21:21,929 - INFO: global_step=259816, episodic_return=-104.75989532470703
2022-11-15 02:21:23,846 - INFO: global_step=260816, episodic_return=-71.35033416748047
2022-11-15 02:21:25,814 - INFO: global_step=261816, episodic_return=-115.87525939941406
2022-11-15 02:21:27,988 - INFO: global_step=262816, episodic_return=-94.89503479003906
2022-11-15 02:21:30,125 - INFO: global_step=263816, episodic_return=-139.8998565673828
2022-11-15 02:21:32,624 - INFO: global_step=264816, episodic_return=-153.17147827148438
2022-11-15 02:21:34,979 - INFO: global_step=265816, episodic_return=-111.2723159790039
2022-11-15 02:21:36,281 - INFO: global_step=266549, episodic_return=-526.2877197265625
2022-11-15 02:21:37,771 - INFO: global_step=267549, episodic_return=-125.27564239501953
2022-11-15 02:21:39,920 - INFO: global_step=268549, episodic_return=-75.21366119384766
2022-11-15 02:21:42,064 - INFO: global_step=269549, episodic_return=-166.88938903808594
2022-11-15 02:21:44,330 - INFO: global_step=270549, episodic_return=-104.32750701904297
2022-11-15 02:21:46,050 - INFO: global_step=271549, episodic_return=-49.60100555419922
2022-11-15 02:21:48,100 - INFO: global_step=272549, episodic_return=-74.4328384399414
2022-11-15 02:21:50,344 - INFO: global_step=273549, episodic_return=-125.86934661865234
2022-11-15 02:21:52,192 - INFO: global_step=274549, episodic_return=-66.95789337158203
2022-11-15 02:21:54,640 - INFO: global_step=275549, episodic_return=-97.63607025146484
2022-11-15 02:21:57,055 - INFO: global_step=276549, episodic_return=-138.98849487304688
2022-11-15 02:21:59,396 - INFO: global_step=277549, episodic_return=-79.35114288330078
2022-11-15 02:22:01,613 - INFO: global_step=278549, episodic_return=-100.59204864501953
2022-11-15 02:22:03,942 - INFO: global_step=279549, episodic_return=-110.13211822509766
2022-11-15 02:22:05,467 - INFO: global_step=280549, episodic_return=-72.75309753417969
2022-11-15 02:22:07,967 - INFO: global_step=281549, episodic_return=-138.4472198486328
2022-11-15 02:22:09,785 - INFO: global_step=282549, episodic_return=-136.52598571777344
2022-11-15 02:22:11,798 - INFO: global_step=283549, episodic_return=-132.181884765625
2022-11-15 02:22:13,617 - INFO: global_step=284549, episodic_return=-81.93042755126953
2022-11-15 02:22:15,359 - INFO: global_step=285549, episodic_return=-100.82706451416016
2022-11-15 02:22:17,098 - INFO: global_step=286549, episodic_return=-107.95445251464844
2022-11-15 02:22:18,653 - INFO: global_step=287549, episodic_return=-39.824867248535156
2022-11-15 02:22:20,521 - INFO: global_step=288549, episodic_return=-127.93388366699219
2022-11-15 02:22:22,958 - INFO: global_step=289549, episodic_return=-141.36997985839844
2022-11-15 02:22:24,772 - INFO: global_step=290549, episodic_return=-66.49819946289062
2022-11-15 02:22:26,855 - INFO: global_step=291549, episodic_return=-80.77586364746094
2022-11-15 02:22:28,908 - INFO: global_step=292549, episodic_return=-118.73552703857422
2022-11-15 02:22:31,213 - INFO: global_step=293549, episodic_return=-112.28363800048828
2022-11-15 02:22:33,590 - INFO: global_step=294549, episodic_return=-141.08572387695312
2022-11-15 02:22:35,774 - INFO: global_step=295549, episodic_return=-154.11058044433594
2022-11-15 02:22:38,308 - INFO: global_step=296549, episodic_return=-132.8858184814453
2022-11-15 02:22:40,332 - INFO: global_step=297549, episodic_return=-126.57364654541016
2022-11-15 02:22:42,608 - INFO: global_step=298549, episodic_return=-147.49803161621094
2022-11-15 02:22:45,027 - INFO: global_step=299549, episodic_return=-110.6044921875
2022-11-15 02:22:46,908 - INFO: global_step=300549, episodic_return=-85.70608520507812
2022-11-15 02:22:49,005 - INFO: global_step=301549, episodic_return=-151.62977600097656
2022-11-15 02:22:50,936 - INFO: global_step=302549, episodic_return=-80.07789611816406
2022-11-15 02:22:53,492 - INFO: global_step=303549, episodic_return=-108.40208435058594
2022-11-15 02:22:55,096 - INFO: global_step=304549, episodic_return=-157.53451538085938
2022-11-15 02:22:57,706 - INFO: global_step=305549, episodic_return=-88.9141616821289
2022-11-15 02:23:00,099 - INFO: global_step=306549, episodic_return=-100.06905364990234
2022-11-15 02:23:01,886 - INFO: global_step=307549, episodic_return=-103.78021240234375
2022-11-15 02:23:03,606 - INFO: global_step=308549, episodic_return=-62.26354217529297
2022-11-15 02:23:05,867 - INFO: global_step=309549, episodic_return=-107.58251953125
2022-11-15 02:23:07,909 - INFO: global_step=310549, episodic_return=-113.7783432006836
2022-11-15 02:23:08,570 - INFO: global_step=311055, episodic_return=-142.8276824951172
2022-11-15 02:23:10,248 - INFO: global_step=312055, episodic_return=-64.55012512207031
2022-11-15 02:23:11,950 - INFO: global_step=313055, episodic_return=-147.49209594726562
2022-11-15 02:23:14,025 - INFO: global_step=314055, episodic_return=-106.0362319946289
2022-11-15 02:23:16,237 - INFO: global_step=315055, episodic_return=-60.4958381652832
2022-11-15 02:23:18,311 - INFO: global_step=316055, episodic_return=-117.70193481445312
2022-11-15 02:23:20,094 - INFO: global_step=317055, episodic_return=-110.47024536132812
2022-11-15 02:23:21,855 - INFO: global_step=318055, episodic_return=-53.856876373291016
2022-11-15 02:23:24,109 - INFO: global_step=319055, episodic_return=-108.86396789550781
2022-11-15 02:23:25,830 - INFO: global_step=320055, episodic_return=-126.97528076171875
2022-11-15 02:23:27,771 - INFO: global_step=321055, episodic_return=-143.7950439453125
2022-11-15 02:23:29,698 - INFO: global_step=322055, episodic_return=-103.2252197265625
2022-11-15 02:23:31,890 - INFO: global_step=323055, episodic_return=-121.34912872314453
2022-11-15 02:23:34,021 - INFO: global_step=324055, episodic_return=-73.11656188964844
2022-11-15 02:23:36,100 - INFO: global_step=325055, episodic_return=-54.07585144042969
2022-11-15 02:23:37,856 - INFO: global_step=326055, episodic_return=-73.19088745117188
2022-11-15 02:23:39,839 - INFO: global_step=327055, episodic_return=-156.0444793701172
2022-11-15 02:23:42,244 - INFO: global_step=328055, episodic_return=-78.3340072631836
2022-11-15 02:23:44,613 - INFO: global_step=329055, episodic_return=-37.65009307861328
2022-11-15 02:23:47,665 - INFO: global_step=330055, episodic_return=-140.4415283203125
2022-11-15 02:23:50,204 - INFO: global_step=331055, episodic_return=-94.25695037841797
2022-11-15 02:23:52,153 - INFO: global_step=332055, episodic_return=-82.72250366210938
2022-11-15 02:23:54,317 - INFO: global_step=333055, episodic_return=-117.4146499633789
2022-11-15 02:23:55,853 - INFO: global_step=334055, episodic_return=-42.220420837402344
2022-11-15 02:23:57,471 - INFO: global_step=335055, episodic_return=-51.48329162597656
2022-11-15 02:23:59,469 - INFO: global_step=336055, episodic_return=-12.822480201721191
2022-11-15 02:24:01,916 - INFO: global_step=337055, episodic_return=-138.0294189453125
2022-11-15 02:24:03,371 - INFO: global_step=338055, episodic_return=-60.52168655395508
2022-11-15 02:24:04,992 - INFO: global_step=339055, episodic_return=-133.57656860351562
2022-11-15 02:24:06,993 - INFO: global_step=340055, episodic_return=-87.78233337402344
2022-11-15 02:24:08,837 - INFO: global_step=341055, episodic_return=-80.49673461914062
2022-11-15 02:24:10,818 - INFO: global_step=342055, episodic_return=-76.85751342773438
2022-11-15 02:24:13,964 - INFO: global_step=343055, episodic_return=-107.8924560546875
2022-11-15 02:24:15,630 - INFO: global_step=344055, episodic_return=-71.08374786376953
2022-11-15 02:24:17,141 - INFO: global_step=345055, episodic_return=-32.498043060302734
2022-11-15 02:24:18,802 - INFO: global_step=346055, episodic_return=-35.09413146972656
2022-11-15 02:24:20,889 - INFO: global_step=347055, episodic_return=-51.79253005981445
2022-11-15 02:24:22,626 - INFO: global_step=348055, episodic_return=-15.993717193603516
2022-11-15 02:24:24,186 - INFO: global_step=349055, episodic_return=-81.1800765991211
2022-11-15 02:24:26,411 - INFO: global_step=350055, episodic_return=-100.76486206054688
2022-11-15 02:24:28,642 - INFO: global_step=351055, episodic_return=-81.67610168457031
2022-11-15 02:24:30,035 - INFO: global_step=352055, episodic_return=-87.33060455322266
2022-11-15 02:24:31,853 - INFO: global_step=353055, episodic_return=-15.81043529510498
2022-11-15 02:24:33,998 - INFO: global_step=354055, episodic_return=-107.06169128417969
2022-11-15 02:24:35,891 - INFO: global_step=355055, episodic_return=-100.02301788330078
2022-11-15 02:24:38,989 - INFO: global_step=356055, episodic_return=-80.92659759521484
2022-11-15 02:24:40,449 - INFO: global_step=357055, episodic_return=-65.24996948242188
2022-11-15 02:24:43,231 - INFO: global_step=358055, episodic_return=-53.28159713745117
2022-11-15 02:24:45,712 - INFO: global_step=359055, episodic_return=-59.4908447265625
2022-11-15 02:24:48,002 - INFO: global_step=360055, episodic_return=-63.4275016784668
2022-11-15 02:24:50,056 - INFO: global_step=361055, episodic_return=-80.55696105957031
2022-11-15 02:24:51,839 - INFO: global_step=362055, episodic_return=-71.93902587890625
2022-11-15 02:24:54,001 - INFO: global_step=363055, episodic_return=-103.26742553710938
2022-11-15 02:24:55,895 - INFO: global_step=364055, episodic_return=15.867033004760742
2022-11-15 02:24:57,710 - INFO: global_step=365055, episodic_return=-8.566436767578125
2022-11-15 02:24:59,650 - INFO: global_step=366055, episodic_return=-60.01091384887695
2022-11-15 02:25:01,892 - INFO: global_step=367055, episodic_return=-67.20409393310547
2022-11-15 02:25:04,341 - INFO: global_step=368055, episodic_return=-41.84518814086914
2022-11-15 02:25:06,876 - INFO: global_step=369055, episodic_return=-67.69705963134766
2022-11-15 02:25:08,358 - INFO: global_step=370055, episodic_return=-56.178192138671875
2022-11-15 02:25:10,805 - INFO: global_step=371055, episodic_return=-15.243026733398438
2022-11-15 02:25:13,532 - INFO: global_step=372055, episodic_return=-30.599987030029297
2022-11-15 02:25:15,678 - INFO: global_step=373055, episodic_return=-59.193634033203125
2022-11-15 02:25:17,765 - INFO: global_step=374055, episodic_return=-14.646739959716797
2022-11-15 02:25:20,400 - INFO: global_step=375055, episodic_return=-14.00335693359375
2022-11-15 02:25:22,964 - INFO: global_step=376055, episodic_return=-22.61081886291504
2022-11-15 02:25:25,206 - INFO: global_step=377055, episodic_return=-49.35223388671875
2022-11-15 02:25:27,845 - INFO: global_step=378055, episodic_return=-32.90229415893555
2022-11-15 02:25:30,235 - INFO: global_step=379055, episodic_return=-26.746000289916992
2022-11-15 02:25:32,558 - INFO: global_step=380055, episodic_return=-10.886606216430664
2022-11-15 02:25:34,645 - INFO: global_step=381055, episodic_return=-39.25739288330078
2022-11-15 02:25:37,295 - INFO: global_step=382055, episodic_return=-44.331703186035156
2022-11-15 02:25:38,599 - INFO: global_step=382905, episodic_return=-190.13233947753906
2022-11-15 02:25:41,107 - INFO: global_step=383905, episodic_return=-41.90186309814453
2022-11-15 02:25:43,145 - INFO: global_step=384905, episodic_return=-21.670644760131836
2022-11-15 02:25:45,907 - INFO: global_step=385905, episodic_return=-25.459444046020508
2022-11-15 02:25:47,608 - INFO: global_step=386905, episodic_return=-109.56214141845703
2022-11-15 02:25:49,806 - INFO: global_step=387905, episodic_return=0.22256243228912354
2022-11-15 02:25:50,027 - INFO: global_step=388140, episodic_return=-114.34589385986328
2022-11-15 02:25:51,688 - INFO: global_step=389140, episodic_return=-17.422130584716797
2022-11-15 02:25:52,323 - INFO: global_step=389612, episodic_return=-163.6594696044922
2022-11-15 02:25:53,928 - INFO: global_step=390612, episodic_return=-94.02024841308594
2022-11-15 02:25:54,328 - INFO: global_step=391011, episodic_return=-104.8223876953125
2022-11-15 02:25:57,114 - INFO: global_step=392011, episodic_return=-84.22412872314453
2022-11-15 02:25:58,940 - INFO: global_step=393011, episodic_return=-33.437686920166016
2022-11-15 02:25:59,138 - INFO: global_step=393226, episodic_return=-108.43537139892578
2022-11-15 02:25:59,900 - INFO: global_step=393756, episodic_return=-187.7318115234375
2022-11-15 02:26:02,080 - INFO: global_step=394756, episodic_return=-43.91801071166992
2022-11-15 02:26:03,877 - INFO: global_step=395756, episodic_return=-50.29248046875
2022-11-15 02:26:06,093 - INFO: global_step=396756, episodic_return=20.66053581237793
2022-11-15 02:26:07,999 - INFO: global_step=397756, episodic_return=-31.930145263671875
2022-11-15 02:26:09,763 - INFO: global_step=398756, episodic_return=-99.16969299316406
2022-11-15 02:26:11,936 - INFO: global_step=399756, episodic_return=-41.948822021484375
2022-11-15 02:26:14,392 - INFO: global_step=400756, episodic_return=-60.596351623535156
2022-11-15 02:26:17,009 - INFO: global_step=401756, episodic_return=-66.82740020751953
2022-11-15 02:26:18,688 - INFO: global_step=402756, episodic_return=-57.85438537597656
2022-11-15 02:26:20,018 - INFO: global_step=403756, episodic_return=-48.34821701049805
2022-11-15 02:26:22,455 - INFO: global_step=404756, episodic_return=-40.79689025878906
2022-11-15 02:26:24,504 - INFO: global_step=405756, episodic_return=-19.5020809173584
2022-11-15 02:26:26,566 - INFO: global_step=406756, episodic_return=-41.355377197265625
2022-11-15 02:26:28,593 - INFO: global_step=407756, episodic_return=-39.686614990234375
2022-11-15 02:26:30,581 - INFO: global_step=408756, episodic_return=-37.41054916381836
2022-11-15 02:26:33,225 - INFO: global_step=409756, episodic_return=-32.79487609863281
2022-11-15 02:26:35,142 - INFO: global_step=410756, episodic_return=-34.209083557128906
2022-11-15 02:26:37,184 - INFO: global_step=411756, episodic_return=-27.87969398498535
2022-11-15 02:26:39,965 - INFO: global_step=412756, episodic_return=-41.17250061035156
2022-11-15 02:26:41,646 - INFO: global_step=413756, episodic_return=-45.31216812133789
2022-11-15 02:26:43,183 - INFO: global_step=414756, episodic_return=-49.69047164916992
2022-11-15 02:26:44,787 - INFO: global_step=415756, episodic_return=-63.457740783691406
2022-11-15 02:26:47,375 - INFO: global_step=416756, episodic_return=-45.83860397338867
2022-11-15 02:26:50,172 - INFO: global_step=417756, episodic_return=-30.972379684448242
2022-11-15 02:26:52,269 - INFO: global_step=418756, episodic_return=-31.061574935913086
2022-11-15 02:26:54,174 - INFO: global_step=419756, episodic_return=-30.57450294494629
2022-11-15 02:26:56,517 - INFO: global_step=420756, episodic_return=-28.10296630859375
2022-11-15 02:26:58,547 - INFO: global_step=421756, episodic_return=-39.51866912841797
2022-11-15 02:27:00,817 - INFO: global_step=422756, episodic_return=-11.593786239624023
2022-11-15 02:27:02,868 - INFO: global_step=423756, episodic_return=-3.725409984588623
2022-11-15 02:27:04,714 - INFO: global_step=424756, episodic_return=-9.075401306152344
2022-11-15 02:27:06,551 - INFO: global_step=425756, episodic_return=5.205322265625
2022-11-15 02:27:09,013 - INFO: global_step=426756, episodic_return=8.004644393920898
2022-11-15 02:27:09,150 - INFO: global_step=426900, episodic_return=-300.1535949707031
2022-11-15 02:27:10,833 - INFO: global_step=427900, episodic_return=-66.86549377441406
2022-11-15 02:27:12,095 - INFO: global_step=428749, episodic_return=-409.0423889160156
2022-11-15 02:27:12,292 - INFO: global_step=428968, episodic_return=-114.63373565673828
2022-11-15 02:27:12,789 - INFO: global_step=429411, episodic_return=-161.04006958007812
2022-11-15 02:27:13,613 - INFO: global_step=429716, episodic_return=-129.9806671142578
2022-11-15 02:27:15,398 - INFO: global_step=430271, episodic_return=97.32059478759766
2022-11-15 02:27:15,750 - INFO: global_step=430581, episodic_return=-159.14198303222656
2022-11-15 02:27:17,550 - INFO: global_step=431556, episodic_return=-132.1272430419922
2022-11-15 02:27:18,474 - INFO: global_step=432150, episodic_return=-358.5755920410156
2022-11-15 02:27:18,653 - INFO: global_step=432334, episodic_return=-440.3481750488281
2022-11-15 02:27:19,310 - INFO: global_step=432759, episodic_return=-382.56396484375
2022-11-15 02:27:19,836 - INFO: global_step=433188, episodic_return=-252.78375244140625
2022-11-15 02:27:19,975 - INFO: global_step=433339, episodic_return=-90.94200897216797
2022-11-15 02:27:21,935 - INFO: global_step=434339, episodic_return=-120.0398941040039
2022-11-15 02:27:22,985 - INFO: global_step=434990, episodic_return=-187.34219360351562
2022-11-15 02:27:25,047 - INFO: global_step=435990, episodic_return=-236.74449157714844
2022-11-15 02:27:26,749 - INFO: global_step=436990, episodic_return=-172.60134887695312
2022-11-15 02:27:29,147 - INFO: global_step=437990, episodic_return=-161.0738525390625
2022-11-15 02:27:29,896 - INFO: global_step=438508, episodic_return=-152.68600463867188
2022-11-15 02:27:31,881 - INFO: global_step=439508, episodic_return=-136.5612335205078
2022-11-15 02:27:33,575 - INFO: global_step=440508, episodic_return=-67.94470977783203
2022-11-15 02:27:36,284 - INFO: global_step=441508, episodic_return=-99.23114776611328
2022-11-15 02:27:38,253 - INFO: global_step=442508, episodic_return=-91.4791259765625
2022-11-15 02:27:39,873 - INFO: global_step=443508, episodic_return=-127.4175796508789
2022-11-15 02:27:42,012 - INFO: global_step=444508, episodic_return=-96.2113037109375
2022-11-15 02:27:42,871 - INFO: global_step=445101, episodic_return=-172.62686157226562
2022-11-15 02:27:43,552 - INFO: global_step=445664, episodic_return=-156.51901245117188
2022-11-15 02:27:45,212 - INFO: global_step=446664, episodic_return=-76.03514099121094
2022-11-15 02:27:47,439 - INFO: global_step=447664, episodic_return=-80.2795639038086
2022-11-15 02:27:49,876 - INFO: global_step=448664, episodic_return=-66.90888977050781
2022-11-15 02:27:51,494 - INFO: global_step=449664, episodic_return=-76.78727722167969
2022-11-15 02:27:54,081 - INFO: global_step=450664, episodic_return=-51.428192138671875
2022-11-15 02:27:56,309 - INFO: global_step=451664, episodic_return=-43.52024459838867
2022-11-15 02:27:59,179 - INFO: global_step=452664, episodic_return=-94.98895263671875
2022-11-15 02:28:00,693 - INFO: global_step=453664, episodic_return=-61.57569885253906
2022-11-15 02:28:02,826 - INFO: global_step=454664, episodic_return=-77.54293060302734
2022-11-15 02:28:05,000 - INFO: global_step=455664, episodic_return=-111.52509307861328
2022-11-15 02:28:07,449 - INFO: global_step=456664, episodic_return=-93.78781127929688
2022-11-15 02:28:09,358 - INFO: global_step=457664, episodic_return=-86.14282989501953
2022-11-15 02:28:10,952 - INFO: global_step=458664, episodic_return=-90.31620788574219
2022-11-15 02:28:12,524 - INFO: global_step=459664, episodic_return=-68.58248901367188
2022-11-15 02:28:14,862 - INFO: global_step=460664, episodic_return=-71.17574310302734
2022-11-15 02:28:17,922 - INFO: global_step=461664, episodic_return=-103.84295654296875
2022-11-15 02:28:19,678 - INFO: global_step=462664, episodic_return=-125.56654357910156
2022-11-15 02:28:21,831 - INFO: global_step=463664, episodic_return=-132.9663848876953
2022-11-15 02:28:24,429 - INFO: global_step=464664, episodic_return=-113.04537200927734
2022-11-15 02:28:26,361 - INFO: global_step=465664, episodic_return=-108.73319244384766
2022-11-15 02:28:29,208 - INFO: global_step=466664, episodic_return=-97.9867172241211
2022-11-15 02:28:31,390 - INFO: global_step=467664, episodic_return=-111.1504898071289
2022-11-15 02:28:33,640 - INFO: global_step=468664, episodic_return=-102.02192687988281
2022-11-15 02:28:35,760 - INFO: global_step=469664, episodic_return=-77.91685485839844
2022-11-15 02:28:37,374 - INFO: global_step=470664, episodic_return=-93.94747924804688
2022-11-15 02:28:39,443 - INFO: global_step=471664, episodic_return=-42.21189880371094
2022-11-15 02:28:42,013 - INFO: global_step=472664, episodic_return=-73.03258514404297
2022-11-15 02:28:42,180 - INFO: global_step=472850, episodic_return=-108.8587646484375
2022-11-15 02:28:45,299 - INFO: global_step=473850, episodic_return=-117.95960235595703
2022-11-15 02:28:45,794 - INFO: global_step=474204, episodic_return=-168.574462890625
2022-11-15 02:28:45,960 - INFO: global_step=474353, episodic_return=-122.11417388916016
2022-11-15 02:28:48,240 - INFO: global_step=475353, episodic_return=-81.06278228759766
2022-11-15 02:28:48,884 - INFO: global_step=475774, episodic_return=-153.82814025878906
2022-11-15 02:28:49,793 - INFO: global_step=476371, episodic_return=-189.27407836914062
2022-11-15 02:28:52,585 - INFO: global_step=477371, episodic_return=-106.64676666259766
2022-11-15 02:28:54,434 - INFO: global_step=478371, episodic_return=-101.27973937988281
2022-11-15 02:28:54,815 - INFO: global_step=478685, episodic_return=-151.072265625
2022-11-15 02:28:56,926 - INFO: global_step=479685, episodic_return=-87.69011688232422
2022-11-15 02:28:58,675 - INFO: global_step=480685, episodic_return=-98.74510955810547
2022-11-15 02:29:00,697 - INFO: global_step=481685, episodic_return=-67.00885772705078
2022-11-15 02:29:02,639 - INFO: global_step=482685, episodic_return=-85.79010009765625
2022-11-15 02:29:05,078 - INFO: global_step=483685, episodic_return=-84.4443588256836
2022-11-15 02:29:07,223 - INFO: global_step=484685, episodic_return=-46.210941314697266
2022-11-15 02:29:07,432 - INFO: global_step=484888, episodic_return=-126.81890106201172
2022-11-15 02:29:09,515 - INFO: global_step=485888, episodic_return=-91.24888610839844
2022-11-15 02:29:11,463 - INFO: global_step=486888, episodic_return=-59.167137145996094
2022-11-15 02:29:13,703 - INFO: global_step=487888, episodic_return=-104.63902282714844
2022-11-15 02:29:16,009 - INFO: global_step=488888, episodic_return=-96.39533233642578
2022-11-15 02:29:18,591 - INFO: global_step=489888, episodic_return=-89.04312896728516
2022-11-15 02:29:21,288 - INFO: global_step=490888, episodic_return=-30.79884910583496
2022-11-15 02:29:23,925 - INFO: global_step=491888, episodic_return=-81.63468933105469
2022-11-15 02:29:26,397 - INFO: global_step=492888, episodic_return=-114.14509582519531
2022-11-15 02:29:26,991 - INFO: global_step=493264, episodic_return=-114.81165313720703
2022-11-15 02:29:27,373 - INFO: global_step=493548, episodic_return=-99.84842681884766
2022-11-15 02:29:29,405 - INFO: global_step=494431, episodic_return=-210.44435119628906
2022-11-15 02:29:29,998 - INFO: global_step=494733, episodic_return=-87.65387725830078
2022-11-15 02:29:31,935 - INFO: global_step=495733, episodic_return=-43.68120574951172
2022-11-15 02:29:32,887 - INFO: global_step=496238, episodic_return=-147.63003540039062
2022-11-15 02:29:33,214 - INFO: global_step=496513, episodic_return=-106.8233642578125
2022-11-15 02:29:34,915 - INFO: global_step=497343, episodic_return=-199.39004516601562
2022-11-15 02:29:36,695 - INFO: global_step=498325, episodic_return=-192.66781616210938
2022-11-15 02:29:38,693 - INFO: global_step=499325, episodic_return=-32.48772430419922
2022-11-15 02:29:38,899 - INFO: global_step=499501, episodic_return=-75.05374145507812
2022-11-15 02:29:39,654 - INFO: The average reward of last 20 steps: -105.21916418075561
