2022-11-15 10:38:45,436 - INFO: +--------------------------+----------------+
| Parameter                | Value          |
+--------------------------+----------------+
| exp_name                 | dqn            |
+--------------------------+----------------+
| seed                     | 42             |
+--------------------------+----------------+
| total_timesteps          | 500000         |
+--------------------------+----------------+
| learning_rate            | 0.001          |
+--------------------------+----------------+
| buffer_size              | 2000           |
+--------------------------+----------------+
| gamma                    | 0.982          |
+--------------------------+----------------+
| target_network_frequency | 50             |
+--------------------------+----------------+
| batch_size               | 128            |
+--------------------------+----------------+
| start_e                  | 1              |
+--------------------------+----------------+
| end_e                    | 0.050          |
+--------------------------+----------------+
| exploration_fraction     | 0.050          |
+--------------------------+----------------+
| learning_starts          | 10000          |
+--------------------------+----------------+
| train_frequency          | 10             |
+--------------------------+----------------+
| env_id                   | LunarLander-v2 |
+--------------------------+----------------+
2022-11-15 10:38:48,924 - INFO: global_step=119, episodic_return=-313.3778076171875
2022-11-15 10:38:48,948 - INFO: global_step=195, episodic_return=-187.13906860351562
2022-11-15 10:38:48,977 - INFO: global_step=277, episodic_return=-266.0443420410156
2022-11-15 10:38:48,997 - INFO: global_step=354, episodic_return=-115.51432800292969
2022-11-15 10:38:49,013 - INFO: global_step=425, episodic_return=-54.3162956237793
2022-11-15 10:38:49,032 - INFO: global_step=503, episodic_return=-113.84065246582031
2022-11-15 10:38:49,059 - INFO: global_step=606, episodic_return=-161.98922729492188
2022-11-15 10:38:49,084 - INFO: global_step=693, episodic_return=-109.32754516601562
2022-11-15 10:38:49,109 - INFO: global_step=781, episodic_return=-62.970458984375
2022-11-15 10:38:49,128 - INFO: global_step=852, episodic_return=-172.19131469726562
2022-11-15 10:38:49,146 - INFO: global_step=929, episodic_return=-371.88037109375
2022-11-15 10:38:49,166 - INFO: global_step=1006, episodic_return=-164.22198486328125
2022-11-15 10:38:49,192 - INFO: global_step=1108, episodic_return=-265.05291748046875
2022-11-15 10:38:49,219 - INFO: global_step=1231, episodic_return=-11.033218383789062
2022-11-15 10:38:49,245 - INFO: global_step=1315, episodic_return=-294.8025207519531
2022-11-15 10:38:49,261 - INFO: global_step=1388, episodic_return=-75.28526306152344
2022-11-15 10:38:49,282 - INFO: global_step=1480, episodic_return=-126.36372375488281
2022-11-15 10:38:49,308 - INFO: global_step=1582, episodic_return=-200.49258422851562
2022-11-15 10:38:49,330 - INFO: global_step=1665, episodic_return=-133.63308715820312
2022-11-15 10:38:49,370 - INFO: global_step=1801, episodic_return=-158.8602294921875
2022-11-15 10:38:49,396 - INFO: global_step=1889, episodic_return=-136.90847778320312
2022-11-15 10:38:49,427 - INFO: global_step=1998, episodic_return=-293.41143798828125
2022-11-15 10:38:49,459 - INFO: global_step=2115, episodic_return=-128.21519470214844
2022-11-15 10:38:49,527 - INFO: global_step=2253, episodic_return=-237.93118286132812
2022-11-15 10:38:49,560 - INFO: global_step=2339, episodic_return=-355.239013671875
2022-11-15 10:38:49,579 - INFO: global_step=2418, episodic_return=-93.16963195800781
2022-11-15 10:38:49,605 - INFO: global_step=2528, episodic_return=-107.79386901855469
2022-11-15 10:38:49,630 - INFO: global_step=2623, episodic_return=-407.9690856933594
2022-11-15 10:38:49,654 - INFO: global_step=2710, episodic_return=-173.58102416992188
2022-11-15 10:38:49,673 - INFO: global_step=2771, episodic_return=-98.94854736328125
2022-11-15 10:38:49,693 - INFO: global_step=2847, episodic_return=-335.83221435546875
2022-11-15 10:38:49,734 - INFO: global_step=2953, episodic_return=-192.09677124023438
2022-11-15 10:38:49,777 - INFO: global_step=3087, episodic_return=-216.57200622558594
2022-11-15 10:38:49,815 - INFO: global_step=3205, episodic_return=-447.0898742675781
2022-11-15 10:38:49,842 - INFO: global_step=3301, episodic_return=-115.66636657714844
2022-11-15 10:38:49,865 - INFO: global_step=3399, episodic_return=-374.4488220214844
2022-11-15 10:38:49,881 - INFO: global_step=3472, episodic_return=-120.96945190429688
2022-11-15 10:38:49,903 - INFO: global_step=3575, episodic_return=-352.4877624511719
2022-11-15 10:38:49,948 - INFO: global_step=3728, episodic_return=-335.964111328125
2022-11-15 10:38:49,988 - INFO: global_step=3851, episodic_return=-207.3603515625
2022-11-15 10:38:50,013 - INFO: global_step=3933, episodic_return=-301.2518310546875
2022-11-15 10:38:50,045 - INFO: global_step=4048, episodic_return=-323.964111328125
2022-11-15 10:38:50,064 - INFO: global_step=4118, episodic_return=-259.9613037109375
2022-11-15 10:38:50,120 - INFO: global_step=4280, episodic_return=-396.3168029785156
2022-11-15 10:38:50,164 - INFO: global_step=4443, episodic_return=-597.9149169921875
2022-11-15 10:38:50,185 - INFO: global_step=4545, episodic_return=-149.7451629638672
2022-11-15 10:38:50,201 - INFO: global_step=4617, episodic_return=-178.0145721435547
2022-11-15 10:38:50,217 - INFO: global_step=4703, episodic_return=-125.46713256835938
2022-11-15 10:38:50,231 - INFO: global_step=4771, episodic_return=-100.35038757324219
2022-11-15 10:38:50,262 - INFO: global_step=4897, episodic_return=-251.6605224609375
2022-11-15 10:38:50,283 - INFO: global_step=4996, episodic_return=-272.8871154785156
2022-11-15 10:38:50,301 - INFO: global_step=5084, episodic_return=-133.47491455078125
2022-11-15 10:38:50,316 - INFO: global_step=5159, episodic_return=-246.0624542236328
2022-11-15 10:38:50,329 - INFO: global_step=5221, episodic_return=-95.92304992675781
2022-11-15 10:38:50,343 - INFO: global_step=5288, episodic_return=-129.99575805664062
2022-11-15 10:38:50,361 - INFO: global_step=5367, episodic_return=-101.03319549560547
2022-11-15 10:38:50,375 - INFO: global_step=5434, episodic_return=-79.57258605957031
2022-11-15 10:38:50,406 - INFO: global_step=5549, episodic_return=-543.878662109375
2022-11-15 10:38:50,433 - INFO: global_step=5664, episodic_return=-194.12034606933594
2022-11-15 10:38:50,462 - INFO: global_step=5781, episodic_return=-324.8150634765625
2022-11-15 10:38:50,480 - INFO: global_step=5862, episodic_return=-109.56769561767578
2022-11-15 10:38:50,498 - INFO: global_step=5936, episodic_return=-114.73388671875
2022-11-15 10:38:50,515 - INFO: global_step=6007, episodic_return=-284.41241455078125
2022-11-15 10:38:50,538 - INFO: global_step=6100, episodic_return=-442.18157958984375
2022-11-15 10:38:50,552 - INFO: global_step=6166, episodic_return=-103.06217956542969
2022-11-15 10:38:50,591 - INFO: global_step=6317, episodic_return=-217.88954162597656
2022-11-15 10:38:50,620 - INFO: global_step=6423, episodic_return=-351.72625732421875
2022-11-15 10:38:50,643 - INFO: global_step=6502, episodic_return=-212.72445678710938
2022-11-15 10:38:50,665 - INFO: global_step=6587, episodic_return=-269.83282470703125
2022-11-15 10:38:50,706 - INFO: global_step=6741, episodic_return=-429.6700134277344
2022-11-15 10:38:50,733 - INFO: global_step=6854, episodic_return=-335.6795654296875
2022-11-15 10:38:50,755 - INFO: global_step=6940, episodic_return=-120.32382202148438
2022-11-15 10:38:50,773 - INFO: global_step=7018, episodic_return=-135.43008422851562
2022-11-15 10:38:50,796 - INFO: global_step=7111, episodic_return=-215.53067016601562
2022-11-15 10:38:50,810 - INFO: global_step=7176, episodic_return=-111.33241271972656
2022-11-15 10:38:50,831 - INFO: global_step=7264, episodic_return=-106.4850082397461
2022-11-15 10:38:50,844 - INFO: global_step=7330, episodic_return=-102.28482818603516
2022-11-15 10:38:50,860 - INFO: global_step=7398, episodic_return=-102.88626098632812
2022-11-15 10:38:50,878 - INFO: global_step=7472, episodic_return=-438.5632019042969
2022-11-15 10:38:50,909 - INFO: global_step=7595, episodic_return=-128.75794982910156
2022-11-15 10:38:50,930 - INFO: global_step=7687, episodic_return=-391.364501953125
2022-11-15 10:38:50,954 - INFO: global_step=7790, episodic_return=-113.19900512695312
2022-11-15 10:38:51,111 - INFO: global_step=8133, episodic_return=-550.50439453125
2022-11-15 10:38:51,131 - INFO: global_step=8204, episodic_return=-248.4142608642578
2022-11-15 10:38:51,155 - INFO: global_step=8292, episodic_return=-110.6562271118164
2022-11-15 10:38:51,178 - INFO: global_step=8386, episodic_return=-559.495361328125
2022-11-15 10:38:51,203 - INFO: global_step=8467, episodic_return=-386.0314636230469
2022-11-15 10:38:51,233 - INFO: global_step=8585, episodic_return=-140.39625549316406
2022-11-15 10:38:51,262 - INFO: global_step=8688, episodic_return=-36.774871826171875
2022-11-15 10:38:51,319 - INFO: global_step=8876, episodic_return=-170.45281982421875
2022-11-15 10:38:51,343 - INFO: global_step=8950, episodic_return=-392.8537902832031
2022-11-15 10:38:51,376 - INFO: global_step=9059, episodic_return=-558.5716552734375
2022-11-15 10:38:51,407 - INFO: global_step=9158, episodic_return=-207.13519287109375
2022-11-15 10:38:51,443 - INFO: global_step=9271, episodic_return=-335.21697998046875
2022-11-15 10:38:51,462 - INFO: global_step=9332, episodic_return=-180.51095581054688
2022-11-15 10:38:51,495 - INFO: global_step=9441, episodic_return=-256.923583984375
2022-11-15 10:38:51,541 - INFO: global_step=9569, episodic_return=-574.2921752929688
2022-11-15 10:38:51,581 - INFO: global_step=9684, episodic_return=-452.5150451660156
2022-11-15 10:38:51,607 - INFO: global_step=9775, episodic_return=-340.3473205566406
2022-11-15 10:38:51,627 - INFO: global_step=9833, episodic_return=-103.49110412597656
2022-11-15 10:38:51,658 - INFO: global_step=9912, episodic_return=-179.6935577392578
2022-11-15 10:38:51,688 - INFO: global_step=9996, episodic_return=-366.06744384765625
2022-11-15 10:38:51,754 - INFO: global_step=10076, episodic_return=-582.0408935546875
2022-11-15 10:38:51,807 - INFO: global_step=10189, episodic_return=-116.38921356201172
2022-11-15 10:38:51,856 - INFO: global_step=10292, episodic_return=-282.1180725097656
2022-11-15 10:38:51,909 - INFO: global_step=10397, episodic_return=-338.5740966796875
2022-11-15 10:38:51,959 - INFO: global_step=10485, episodic_return=-83.80859375
2022-11-15 10:38:51,985 - INFO: global_step=10541, episodic_return=-105.57503509521484
2022-11-15 10:38:52,029 - INFO: global_step=10638, episodic_return=-219.26385498046875
2022-11-15 10:38:52,061 - INFO: global_step=10702, episodic_return=-36.495574951171875
2022-11-15 10:38:52,104 - INFO: global_step=10791, episodic_return=-166.7675323486328
2022-11-15 10:38:52,138 - INFO: global_step=10865, episodic_return=-229.07350158691406
2022-11-15 10:38:52,160 - INFO: global_step=10917, episodic_return=-96.28961181640625
2022-11-15 10:38:52,203 - INFO: global_step=10998, episodic_return=-246.54507446289062
2022-11-15 10:38:52,241 - INFO: global_step=11072, episodic_return=-416.3469543457031
2022-11-15 10:38:52,284 - INFO: global_step=11151, episodic_return=-406.720458984375
2022-11-15 10:38:52,320 - INFO: global_step=11227, episodic_return=-53.249778747558594
2022-11-15 10:38:52,354 - INFO: global_step=11287, episodic_return=-164.05886840820312
2022-11-15 10:38:52,413 - INFO: global_step=11394, episodic_return=-465.4875183105469
2022-11-15 10:38:52,450 - INFO: global_step=11465, episodic_return=-348.6194152832031
2022-11-15 10:38:52,495 - INFO: global_step=11550, episodic_return=-496.47174072265625
2022-11-15 10:38:52,564 - INFO: global_step=11675, episodic_return=-227.36163330078125
2022-11-15 10:38:52,598 - INFO: global_step=11741, episodic_return=-96.95636749267578
2022-11-15 10:38:52,640 - INFO: global_step=11820, episodic_return=-108.85991668701172
2022-11-15 10:38:52,703 - INFO: global_step=11909, episodic_return=-299.9908447265625
2022-11-15 10:38:52,770 - INFO: global_step=12008, episodic_return=-319.39398193359375
2022-11-15 10:38:52,835 - INFO: global_step=12110, episodic_return=-424.98626708984375
2022-11-15 10:38:52,880 - INFO: global_step=12185, episodic_return=-140.83151245117188
2022-11-15 10:38:52,924 - INFO: global_step=12280, episodic_return=-100.09783172607422
2022-11-15 10:38:52,961 - INFO: global_step=12355, episodic_return=-135.7308807373047
2022-11-15 10:38:53,018 - INFO: global_step=12454, episodic_return=-163.04954528808594
2022-11-15 10:38:53,065 - INFO: global_step=12545, episodic_return=-122.27800750732422
2022-11-15 10:38:53,124 - INFO: global_step=12630, episodic_return=-166.11175537109375
2022-11-15 10:38:53,168 - INFO: global_step=12711, episodic_return=-446.35052490234375
2022-11-15 10:38:53,230 - INFO: global_step=12837, episodic_return=-182.34483337402344
2022-11-15 10:38:53,298 - INFO: global_step=12940, episodic_return=-119.486328125
2022-11-15 10:38:53,357 - INFO: global_step=13031, episodic_return=-190.70994567871094
2022-11-15 10:38:53,452 - INFO: global_step=13173, episodic_return=-51.68380355834961
2022-11-15 10:38:53,503 - INFO: global_step=13268, episodic_return=-170.67503356933594
2022-11-15 10:38:53,541 - INFO: global_step=13335, episodic_return=-66.33432006835938
2022-11-15 10:38:53,609 - INFO: global_step=13445, episodic_return=-67.18143463134766
2022-11-15 10:38:53,656 - INFO: global_step=13529, episodic_return=-518.0245361328125
2022-11-15 10:38:53,700 - INFO: global_step=13615, episodic_return=-376.9204406738281
2022-11-15 10:38:53,739 - INFO: global_step=13680, episodic_return=-324.13232421875
2022-11-15 10:38:53,815 - INFO: global_step=13822, episodic_return=-74.68492126464844
2022-11-15 10:38:53,849 - INFO: global_step=13888, episodic_return=-136.708984375
2022-11-15 10:38:53,939 - INFO: global_step=14050, episodic_return=-164.62828063964844
2022-11-15 10:38:54,595 - INFO: global_step=14729, episodic_return=-308.35833740234375
2022-11-15 10:38:54,683 - INFO: global_step=14843, episodic_return=-103.15858459472656
2022-11-15 10:38:55,002 - INFO: global_step=15188, episodic_return=-373.197021484375
2022-11-15 10:38:55,095 - INFO: global_step=15319, episodic_return=33.1376953125
2022-11-15 10:38:55,197 - INFO: global_step=15465, episodic_return=-404.45843505859375
2022-11-15 10:38:55,343 - INFO: global_step=15657, episodic_return=-314.15081787109375
2022-11-15 10:38:55,688 - INFO: global_step=16013, episodic_return=-207.38754272460938
2022-11-15 10:38:56,625 - INFO: global_step=16449, episodic_return=-113.16553497314453
2022-11-15 10:38:58,501 - INFO: global_step=17176, episodic_return=-763.460693359375
2022-11-15 10:38:58,687 - INFO: global_step=17313, episodic_return=-152.25
2022-11-15 10:38:58,956 - INFO: global_step=17479, episodic_return=-94.04069519042969
2022-11-15 10:39:01,096 - INFO: global_step=18479, episodic_return=-97.31234741210938
2022-11-15 10:39:01,275 - INFO: global_step=18733, episodic_return=-226.4649658203125
2022-11-15 10:39:01,455 - INFO: global_step=18971, episodic_return=25.30950164794922
2022-11-15 10:39:01,526 - INFO: global_step=19089, episodic_return=-111.83898162841797
2022-11-15 10:39:02,192 - INFO: global_step=19645, episodic_return=-448.4752197265625
2022-11-15 10:39:02,981 - INFO: global_step=20388, episodic_return=-302.18927001953125
2022-11-15 10:39:03,054 - INFO: global_step=20505, episodic_return=-268.0250244140625
2022-11-15 10:39:04,053 - INFO: global_step=21108, episodic_return=-576.0580444335938
2022-11-15 10:39:04,321 - INFO: global_step=21368, episodic_return=-334.468994140625
2022-11-15 10:39:04,419 - INFO: global_step=21491, episodic_return=-298.119384765625
2022-11-15 10:39:04,523 - INFO: global_step=21649, episodic_return=-439.89776611328125
2022-11-15 10:39:04,584 - INFO: global_step=21742, episodic_return=-509.884033203125
2022-11-15 10:39:04,683 - INFO: global_step=21876, episodic_return=-773.5700073242188
2022-11-15 10:39:04,776 - INFO: global_step=21999, episodic_return=-163.51634216308594
2022-11-15 10:39:04,838 - INFO: global_step=22091, episodic_return=-303.6219482421875
2022-11-15 10:39:04,916 - INFO: global_step=22214, episodic_return=-198.6735382080078
2022-11-15 10:39:04,982 - INFO: global_step=22327, episodic_return=-181.96527099609375
2022-11-15 10:39:05,037 - INFO: global_step=22424, episodic_return=-378.5904541015625
2022-11-15 10:39:06,309 - INFO: global_step=23424, episodic_return=-180.7593231201172
2022-11-15 10:39:07,668 - INFO: global_step=24424, episodic_return=-55.876712799072266
2022-11-15 10:39:09,166 - INFO: global_step=25424, episodic_return=-92.68585205078125
2022-11-15 10:39:09,237 - INFO: global_step=25524, episodic_return=-483.3994140625
2022-11-15 10:39:10,180 - INFO: global_step=26259, episodic_return=-178.85980224609375
2022-11-15 10:39:12,227 - INFO: global_step=27259, episodic_return=-82.86970520019531
2022-11-15 10:39:14,027 - INFO: global_step=28259, episodic_return=-86.87133026123047
2022-11-15 10:39:15,703 - INFO: global_step=29259, episodic_return=-123.78556823730469
2022-11-15 10:39:15,982 - INFO: global_step=29495, episodic_return=-175.9916229248047
2022-11-15 10:39:16,199 - INFO: global_step=29728, episodic_return=-51.69034194946289
2022-11-15 10:39:16,372 - INFO: global_step=29918, episodic_return=-507.0216979980469
2022-11-15 10:39:16,573 - INFO: global_step=30174, episodic_return=-211.88375854492188
2022-11-15 10:39:17,825 - INFO: global_step=30937, episodic_return=-248.96170043945312
2022-11-15 10:39:18,165 - INFO: global_step=31244, episodic_return=-225.05706787109375
2022-11-15 10:39:18,467 - INFO: global_step=31544, episodic_return=-177.2955780029297
2022-11-15 10:39:18,787 - INFO: global_step=31851, episodic_return=-183.95111083984375
2022-11-15 10:39:18,940 - INFO: global_step=32036, episodic_return=-215.10166931152344
2022-11-15 10:39:19,197 - INFO: global_step=32347, episodic_return=-144.12869262695312
2022-11-15 10:39:19,328 - INFO: global_step=32496, episodic_return=-423.2966003417969
2022-11-15 10:39:19,420 - INFO: global_step=32618, episodic_return=-250.42274475097656
2022-11-15 10:39:19,523 - INFO: global_step=32763, episodic_return=-507.517333984375
2022-11-15 10:39:19,624 - INFO: global_step=32888, episodic_return=-707.3855590820312
2022-11-15 10:39:20,487 - INFO: global_step=33608, episodic_return=-278.0685729980469
2022-11-15 10:39:22,128 - INFO: global_step=34608, episodic_return=-117.99583435058594
2022-11-15 10:39:22,485 - INFO: global_step=34973, episodic_return=-195.01539611816406
2022-11-15 10:39:24,339 - INFO: global_step=35973, episodic_return=-142.61361694335938
2022-11-15 10:39:25,947 - INFO: global_step=36973, episodic_return=-106.1421127319336
2022-11-15 10:39:27,951 - INFO: global_step=37973, episodic_return=-124.0562973022461
2022-11-15 10:39:28,585 - INFO: global_step=38534, episodic_return=-132.8777313232422
2022-11-15 10:39:30,680 - INFO: global_step=39534, episodic_return=-136.08810424804688
2022-11-15 10:39:32,233 - INFO: global_step=40534, episodic_return=-143.0957489013672
2022-11-15 10:39:33,615 - INFO: global_step=41534, episodic_return=-132.8690185546875
2022-11-15 10:39:35,598 - INFO: global_step=42534, episodic_return=-84.13402557373047
2022-11-15 10:39:37,622 - INFO: global_step=43534, episodic_return=-86.79441833496094
2022-11-15 10:39:39,335 - INFO: global_step=44534, episodic_return=-94.93949127197266
2022-11-15 10:39:41,974 - INFO: global_step=45534, episodic_return=-117.87898254394531
2022-11-15 10:39:44,703 - INFO: global_step=46534, episodic_return=-134.03778076171875
2022-11-15 10:39:46,553 - INFO: global_step=47534, episodic_return=-124.7176513671875
2022-11-15 10:39:48,637 - INFO: global_step=48534, episodic_return=-140.70570373535156
2022-11-15 10:39:50,737 - INFO: global_step=49534, episodic_return=-12.54952621459961
2022-11-15 10:39:51,190 - INFO: global_step=49919, episodic_return=-275.294677734375
2022-11-15 10:39:51,690 - INFO: global_step=50346, episodic_return=-168.16415405273438
2022-11-15 10:39:51,911 - INFO: global_step=50604, episodic_return=-358.5819396972656
2022-11-15 10:39:52,207 - INFO: global_step=50911, episodic_return=-228.42886352539062
2022-11-15 10:39:52,396 - INFO: global_step=51167, episodic_return=-207.08294677734375
2022-11-15 10:39:52,548 - INFO: global_step=51374, episodic_return=-63.57864761352539
2022-11-15 10:39:52,825 - INFO: global_step=51618, episodic_return=-380.95526123046875
2022-11-15 10:39:53,216 - INFO: global_step=51963, episodic_return=-43.42611312866211
2022-11-15 10:39:53,460 - INFO: global_step=52189, episodic_return=-64.83489990234375
2022-11-15 10:39:53,731 - INFO: global_step=52432, episodic_return=-82.09082794189453
2022-11-15 10:39:53,896 - INFO: global_step=52616, episodic_return=-42.28886413574219
2022-11-15 10:39:54,123 - INFO: global_step=52840, episodic_return=-27.05584716796875
2022-11-15 10:39:54,504 - INFO: global_step=53195, episodic_return=-111.21359252929688
2022-11-15 10:39:55,799 - INFO: global_step=54113, episodic_return=-141.4757843017578
2022-11-15 10:39:57,328 - INFO: global_step=55113, episodic_return=-65.87882995605469
2022-11-15 10:39:57,958 - INFO: global_step=55758, episodic_return=-72.85813903808594
2022-11-15 10:39:59,866 - INFO: global_step=56758, episodic_return=-70.51188659667969
2022-11-15 10:40:00,681 - INFO: global_step=57387, episodic_return=170.21546936035156
2022-11-15 10:40:02,412 - INFO: global_step=58211, episodic_return=-192.98959350585938
2022-11-15 10:40:04,407 - INFO: global_step=59211, episodic_return=-87.99852752685547
2022-11-15 10:40:04,603 - INFO: global_step=59465, episodic_return=-179.20562744140625
2022-11-15 10:40:06,283 - INFO: global_step=60465, episodic_return=-120.3823471069336
2022-11-15 10:40:06,393 - INFO: global_step=60639, episodic_return=-273.65618896484375
2022-11-15 10:40:06,612 - INFO: global_step=60887, episodic_return=-212.7615203857422
2022-11-15 10:40:06,733 - INFO: global_step=61025, episodic_return=-224.1560516357422
2022-11-15 10:40:08,843 - INFO: global_step=62025, episodic_return=-95.61795806884766
2022-11-15 10:40:10,449 - INFO: global_step=63025, episodic_return=-114.69758605957031
2022-11-15 10:40:11,781 - INFO: global_step=64025, episodic_return=-95.56971740722656
2022-11-15 10:40:11,867 - INFO: global_step=64163, episodic_return=-223.51663208007812
2022-11-15 10:40:13,323 - INFO: global_step=65163, episodic_return=-118.59416961669922
2022-11-15 10:40:13,476 - INFO: global_step=65341, episodic_return=-297.04705810546875
2022-11-15 10:40:13,608 - INFO: global_step=65531, episodic_return=-236.46853637695312
2022-11-15 10:40:15,060 - INFO: global_step=66531, episodic_return=-121.95507049560547
2022-11-15 10:40:16,332 - INFO: global_step=67531, episodic_return=-94.51927185058594
2022-11-15 10:40:17,846 - INFO: global_step=68531, episodic_return=-98.16858673095703
2022-11-15 10:40:18,178 - INFO: global_step=68882, episodic_return=-156.2250518798828
2022-11-15 10:40:19,516 - INFO: global_step=69882, episodic_return=-108.31353759765625
2022-11-15 10:40:21,179 - INFO: global_step=70882, episodic_return=-111.9410400390625
2022-11-15 10:40:22,692 - INFO: global_step=71882, episodic_return=-106.48170471191406
2022-11-15 10:40:24,239 - INFO: global_step=72882, episodic_return=-117.28009796142578
2022-11-15 10:40:25,689 - INFO: global_step=73882, episodic_return=-66.7452392578125
2022-11-15 10:40:28,527 - INFO: global_step=74882, episodic_return=-93.58509826660156
2022-11-15 10:40:30,496 - INFO: global_step=75882, episodic_return=-139.16571044921875
2022-11-15 10:40:32,104 - INFO: global_step=76882, episodic_return=-132.01405334472656
2022-11-15 10:40:32,650 - INFO: global_step=77374, episodic_return=-95.15219116210938
2022-11-15 10:40:33,033 - INFO: global_step=77775, episodic_return=-235.94769287109375
2022-11-15 10:40:34,673 - INFO: global_step=78775, episodic_return=-148.67994689941406
2022-11-15 10:40:36,384 - INFO: global_step=79775, episodic_return=-93.8721923828125
2022-11-15 10:40:37,951 - INFO: global_step=80775, episodic_return=-78.07115936279297
2022-11-15 10:40:39,647 - INFO: global_step=81775, episodic_return=-98.33023071289062
2022-11-15 10:40:41,305 - INFO: global_step=82775, episodic_return=-71.58409881591797
2022-11-15 10:40:42,839 - INFO: global_step=83775, episodic_return=-140.01283264160156
2022-11-15 10:40:44,694 - INFO: global_step=84775, episodic_return=-114.27266693115234
2022-11-15 10:40:45,777 - INFO: global_step=85775, episodic_return=-84.1998519897461
2022-11-15 10:40:47,332 - INFO: global_step=86775, episodic_return=-104.65641021728516
2022-11-15 10:40:49,083 - INFO: global_step=87775, episodic_return=-85.26646423339844
2022-11-15 10:40:51,606 - INFO: global_step=88775, episodic_return=-121.8670883178711
2022-11-15 10:40:53,644 - INFO: global_step=89775, episodic_return=-107.57667541503906
2022-11-15 10:40:56,051 - INFO: global_step=90775, episodic_return=-84.99362182617188
2022-11-15 10:40:56,296 - INFO: global_step=91085, episodic_return=-248.6485137939453
2022-11-15 10:40:58,513 - INFO: global_step=92085, episodic_return=-121.21379852294922
2022-11-15 10:41:00,436 - INFO: global_step=93085, episodic_return=-85.15658569335938
2022-11-15 10:41:00,708 - INFO: global_step=93443, episodic_return=-209.9296875
2022-11-15 10:41:01,899 - INFO: global_step=94142, episodic_return=-200.71347045898438
2022-11-15 10:41:04,640 - INFO: global_step=95142, episodic_return=-119.35787963867188
2022-11-15 10:41:06,564 - INFO: global_step=96142, episodic_return=-126.99740600585938
2022-11-15 10:41:07,296 - INFO: global_step=96686, episodic_return=-204.3996124267578
2022-11-15 10:41:09,417 - INFO: global_step=97686, episodic_return=-86.8945541381836
2022-11-15 10:41:11,350 - INFO: global_step=98686, episodic_return=-117.29732513427734
2022-11-15 10:41:11,785 - INFO: global_step=99022, episodic_return=-274.47796630859375
2022-11-15 10:41:13,648 - INFO: global_step=100022, episodic_return=-107.93246459960938
2022-11-15 10:41:15,694 - INFO: global_step=101022, episodic_return=-70.90493774414062
2022-11-15 10:41:17,608 - INFO: global_step=102022, episodic_return=-135.2881622314453
2022-11-15 10:41:20,035 - INFO: global_step=103022, episodic_return=-75.05472564697266
2022-11-15 10:41:22,143 - INFO: global_step=104022, episodic_return=-64.55022430419922
2022-11-15 10:41:24,365 - INFO: global_step=105022, episodic_return=-134.19436645507812
2022-11-15 10:41:25,605 - INFO: global_step=106022, episodic_return=-158.8992156982422
2022-11-15 10:41:28,300 - INFO: global_step=107022, episodic_return=-131.12838745117188
2022-11-15 10:41:30,144 - INFO: global_step=108022, episodic_return=-41.97532653808594
2022-11-15 10:41:31,653 - INFO: global_step=109022, episodic_return=-60.36017990112305
2022-11-15 10:41:33,208 - INFO: global_step=110022, episodic_return=-64.58086395263672
2022-11-15 10:41:36,015 - INFO: global_step=111022, episodic_return=-112.9403076171875
2022-11-15 10:41:38,334 - INFO: global_step=112022, episodic_return=-66.73997497558594
2022-11-15 10:41:40,137 - INFO: global_step=113022, episodic_return=-94.73657989501953
2022-11-15 10:41:42,567 - INFO: global_step=114022, episodic_return=-54.41764831542969
2022-11-15 10:41:44,396 - INFO: global_step=115022, episodic_return=-11.686777114868164
2022-11-15 10:41:46,836 - INFO: global_step=116022, episodic_return=-60.09640884399414
2022-11-15 10:41:49,113 - INFO: global_step=117022, episodic_return=-68.11798858642578
2022-11-15 10:41:51,454 - INFO: global_step=118022, episodic_return=-91.9906005859375
2022-11-15 10:41:53,705 - INFO: global_step=119022, episodic_return=-47.400238037109375
2022-11-15 10:41:56,123 - INFO: global_step=120022, episodic_return=-42.65238952636719
2022-11-15 10:41:58,280 - INFO: global_step=121022, episodic_return=-106.18401336669922
2022-11-15 10:42:01,130 - INFO: global_step=122022, episodic_return=-114.90434265136719
2022-11-15 10:42:03,078 - INFO: global_step=123022, episodic_return=-106.68508911132812
2022-11-15 10:42:04,322 - INFO: global_step=124022, episodic_return=-91.00936889648438
2022-11-15 10:42:05,889 - INFO: global_step=125022, episodic_return=-25.160137176513672
2022-11-15 10:42:07,753 - INFO: global_step=126022, episodic_return=-100.6238784790039
2022-11-15 10:42:09,911 - INFO: global_step=127022, episodic_return=-77.79476928710938
2022-11-15 10:42:11,995 - INFO: global_step=128022, episodic_return=-105.51494598388672
2022-11-15 10:42:14,496 - INFO: global_step=129022, episodic_return=-55.504058837890625
2022-11-15 10:42:16,976 - INFO: global_step=130022, episodic_return=-92.13392639160156
2022-11-15 10:42:18,943 - INFO: global_step=131022, episodic_return=-65.38358306884766
2022-11-15 10:42:20,672 - INFO: global_step=132022, episodic_return=-50.01753616333008
2022-11-15 10:42:22,685 - INFO: global_step=133022, episodic_return=-5.137200832366943
2022-11-15 10:42:25,509 - INFO: global_step=134022, episodic_return=-110.80968475341797
2022-11-15 10:42:27,191 - INFO: global_step=135022, episodic_return=-60.1706428527832
2022-11-15 10:42:29,041 - INFO: global_step=136022, episodic_return=-50.863548278808594
2022-11-15 10:42:31,383 - INFO: global_step=137022, episodic_return=-30.091859817504883
2022-11-15 10:42:33,500 - INFO: global_step=138022, episodic_return=-62.91609573364258
2022-11-15 10:42:35,424 - INFO: global_step=139022, episodic_return=-35.77694320678711
2022-11-15 10:42:37,477 - INFO: global_step=140022, episodic_return=-64.59102630615234
2022-11-15 10:42:38,997 - INFO: global_step=141022, episodic_return=-54.38801956176758
2022-11-15 10:42:39,808 - INFO: global_step=141641, episodic_return=232.13214111328125
2022-11-15 10:42:40,804 - INFO: global_step=142299, episodic_return=238.07821655273438
2022-11-15 10:42:43,297 - INFO: global_step=143299, episodic_return=-29.6661434173584
2022-11-15 10:42:45,427 - INFO: global_step=144291, episodic_return=133.70474243164062
2022-11-15 10:42:45,827 - INFO: global_step=144641, episodic_return=-62.994388580322266
2022-11-15 10:42:46,461 - INFO: global_step=145114, episodic_return=-62.150726318359375
2022-11-15 10:42:46,885 - INFO: global_step=145544, episodic_return=-71.49313354492188
2022-11-15 10:42:47,079 - INFO: global_step=145774, episodic_return=-132.69407653808594
2022-11-15 10:42:47,170 - INFO: global_step=145903, episodic_return=8.566680908203125
2022-11-15 10:42:47,254 - INFO: global_step=146049, episodic_return=-123.49314880371094
2022-11-15 10:42:47,366 - INFO: global_step=146211, episodic_return=-118.40765380859375
2022-11-15 10:42:48,818 - INFO: global_step=147177, episodic_return=149.251708984375
2022-11-15 10:42:49,330 - INFO: global_step=147721, episodic_return=-161.23544311523438
2022-11-15 10:42:49,975 - INFO: global_step=148169, episodic_return=10.239295959472656
2022-11-15 10:42:52,542 - INFO: global_step=149169, episodic_return=13.648077011108398
2022-11-15 10:42:52,696 - INFO: global_step=149368, episodic_return=-119.00344848632812
2022-11-15 10:42:53,150 - INFO: global_step=149844, episodic_return=-155.46337890625
2022-11-15 10:42:53,373 - INFO: global_step=150063, episodic_return=-103.65235137939453
2022-11-15 10:42:55,425 - INFO: global_step=151063, episodic_return=-53.46552276611328
2022-11-15 10:42:55,528 - INFO: global_step=151199, episodic_return=-108.71685028076172
2022-11-15 10:42:55,667 - INFO: global_step=151338, episodic_return=-91.34274291992188
2022-11-15 10:42:57,538 - INFO: global_step=152338, episodic_return=-53.98107147216797
2022-11-15 10:42:59,692 - INFO: global_step=153338, episodic_return=-65.0087890625
2022-11-15 10:43:02,203 - INFO: global_step=154338, episodic_return=-79.60221862792969
2022-11-15 10:43:04,377 - INFO: global_step=155338, episodic_return=-137.1666259765625
2022-11-15 10:43:06,208 - INFO: global_step=156338, episodic_return=-31.55630111694336
2022-11-15 10:43:08,248 - INFO: global_step=157338, episodic_return=-57.0736198425293
2022-11-15 10:43:10,795 - INFO: global_step=158338, episodic_return=-16.511550903320312
2022-11-15 10:43:12,415 - INFO: global_step=159338, episodic_return=-108.27978515625
2022-11-15 10:43:13,651 - INFO: global_step=160338, episodic_return=-103.20650482177734
2022-11-15 10:43:15,204 - INFO: global_step=161338, episodic_return=-36.68888473510742
2022-11-15 10:43:17,100 - INFO: global_step=162338, episodic_return=-47.768131256103516
2022-11-15 10:43:18,554 - INFO: global_step=163338, episodic_return=-45.120460510253906
2022-11-15 10:43:19,862 - INFO: global_step=164338, episodic_return=-39.481285095214844
2022-11-15 10:43:21,616 - INFO: global_step=165338, episodic_return=6.297425270080566
2022-11-15 10:43:23,389 - INFO: global_step=166338, episodic_return=-74.23904418945312
2022-11-15 10:43:25,033 - INFO: global_step=167338, episodic_return=-38.488067626953125
2022-11-15 10:43:26,473 - INFO: global_step=168338, episodic_return=-50.93144226074219
2022-11-15 10:43:28,266 - INFO: global_step=169338, episodic_return=-59.82087707519531
2022-11-15 10:43:30,408 - INFO: global_step=170338, episodic_return=-91.0420913696289
2022-11-15 10:43:32,316 - INFO: global_step=171338, episodic_return=-71.39836883544922
2022-11-15 10:43:33,878 - INFO: global_step=172338, episodic_return=4.668710708618164
2022-11-15 10:43:35,913 - INFO: global_step=173338, episodic_return=-31.886938095092773
2022-11-15 10:43:37,305 - INFO: global_step=174338, episodic_return=4.407958030700684
2022-11-15 10:43:39,854 - INFO: global_step=175338, episodic_return=-22.361125946044922
2022-11-15 10:43:41,607 - INFO: global_step=176338, episodic_return=-74.22178649902344
2022-11-15 10:43:42,023 - INFO: global_step=176749, episodic_return=-120.70507049560547
2022-11-15 10:43:43,613 - INFO: global_step=177749, episodic_return=26.913511276245117
2022-11-15 10:43:45,303 - INFO: global_step=178749, episodic_return=-67.03341674804688
2022-11-15 10:43:46,547 - INFO: global_step=179749, episodic_return=-42.2039794921875
2022-11-15 10:43:48,110 - INFO: global_step=180749, episodic_return=-89.3991928100586
2022-11-15 10:43:48,509 - INFO: global_step=181220, episodic_return=-107.94377899169922
2022-11-15 10:43:48,866 - INFO: global_step=181633, episodic_return=-186.58682250976562
2022-11-15 10:43:49,035 - INFO: global_step=181834, episodic_return=-78.27428436279297
2022-11-15 10:43:49,200 - INFO: global_step=182033, episodic_return=-107.59553527832031
2022-11-15 10:43:51,085 - INFO: global_step=183033, episodic_return=7.690136432647705
2022-11-15 10:43:53,294 - INFO: global_step=184033, episodic_return=-6.536452293395996
2022-11-15 10:43:55,666 - INFO: global_step=185033, episodic_return=58.43703842163086
2022-11-15 10:43:57,567 - INFO: global_step=186033, episodic_return=-65.65385437011719
2022-11-15 10:43:57,649 - INFO: global_step=186152, episodic_return=-169.70550537109375
2022-11-15 10:43:59,261 - INFO: global_step=187152, episodic_return=-95.79531860351562
2022-11-15 10:44:00,988 - INFO: global_step=188152, episodic_return=86.18123626708984
2022-11-15 10:44:02,647 - INFO: global_step=189152, episodic_return=-74.40930938720703
2022-11-15 10:44:03,974 - INFO: global_step=190152, episodic_return=21.17677879333496
2022-11-15 10:44:05,853 - INFO: global_step=191152, episodic_return=-40.787391662597656
2022-11-15 10:44:07,010 - INFO: global_step=191920, episodic_return=89.90534210205078
2022-11-15 10:44:08,895 - INFO: global_step=192886, episodic_return=58.801788330078125
2022-11-15 10:44:09,847 - INFO: global_step=193606, episodic_return=120.21702575683594
2022-11-15 10:44:10,380 - INFO: global_step=194013, episodic_return=253.11146545410156
2022-11-15 10:44:11,863 - INFO: global_step=195013, episodic_return=-34.52190399169922
2022-11-15 10:44:15,139 - INFO: global_step=196013, episodic_return=-45.84490966796875
2022-11-15 10:44:16,849 - INFO: global_step=197013, episodic_return=27.583240509033203
2022-11-15 10:44:18,972 - INFO: global_step=198013, episodic_return=77.31364440917969
2022-11-15 10:44:19,563 - INFO: global_step=198518, episodic_return=166.78652954101562
2022-11-15 10:44:20,901 - INFO: global_step=199518, episodic_return=74.70406341552734
2022-11-15 10:44:22,239 - INFO: global_step=200412, episodic_return=189.52777099609375
2022-11-15 10:44:23,505 - INFO: global_step=201298, episodic_return=125.94445037841797
2022-11-15 10:44:25,523 - INFO: global_step=202298, episodic_return=-42.65882873535156
2022-11-15 10:44:27,777 - INFO: global_step=203249, episodic_return=128.7694854736328
2022-11-15 10:44:29,614 - INFO: global_step=204249, episodic_return=-58.48701095581055
2022-11-15 10:44:32,097 - INFO: global_step=205249, episodic_return=-100.08435821533203
2022-11-15 10:44:34,343 - INFO: global_step=206249, episodic_return=-11.148679733276367
2022-11-15 10:44:36,002 - INFO: global_step=207156, episodic_return=182.9052734375
2022-11-15 10:44:36,894 - INFO: global_step=207811, episodic_return=158.06704711914062
2022-11-15 10:44:38,528 - INFO: global_step=208811, episodic_return=11.986065864562988
2022-11-15 10:44:39,716 - INFO: global_step=209811, episodic_return=1.6454715728759766
2022-11-15 10:44:40,185 - INFO: global_step=210256, episodic_return=168.16998291015625
2022-11-15 10:44:41,015 - INFO: global_step=210905, episodic_return=215.74974060058594
2022-11-15 10:44:41,103 - INFO: global_step=211043, episodic_return=88.46760559082031
2022-11-15 10:44:41,993 - INFO: global_step=211655, episodic_return=190.30355834960938
2022-11-15 10:44:42,427 - INFO: global_step=212066, episodic_return=-7.84368896484375
2022-11-15 10:44:43,611 - INFO: global_step=213066, episodic_return=120.08296203613281
2022-11-15 10:44:45,151 - INFO: global_step=214009, episodic_return=184.700439453125
2022-11-15 10:44:45,763 - INFO: global_step=214540, episodic_return=139.32044982910156
2022-11-15 10:44:47,398 - INFO: global_step=215540, episodic_return=-69.08041381835938
2022-11-15 10:44:48,013 - INFO: global_step=216078, episodic_return=169.2266082763672
2022-11-15 10:44:49,955 - INFO: global_step=217078, episodic_return=-81.30093383789062
2022-11-15 10:44:52,089 - INFO: global_step=218078, episodic_return=-114.02638244628906
2022-11-15 10:44:53,780 - INFO: global_step=219078, episodic_return=-78.50482177734375
2022-11-15 10:44:55,203 - INFO: global_step=220078, episodic_return=-79.83775329589844
2022-11-15 10:44:55,347 - INFO: global_step=220244, episodic_return=56.962249755859375
2022-11-15 10:44:57,645 - INFO: global_step=221244, episodic_return=-42.85560989379883
2022-11-15 10:45:00,627 - INFO: global_step=222244, episodic_return=-69.69287109375
2022-11-15 10:45:02,471 - INFO: global_step=223244, episodic_return=-77.24776458740234
2022-11-15 10:45:04,386 - INFO: global_step=224244, episodic_return=-83.06238555908203
2022-11-15 10:45:06,786 - INFO: global_step=225244, episodic_return=-117.93143463134766
2022-11-15 10:45:08,766 - INFO: global_step=226244, episodic_return=-128.12155151367188
2022-11-15 10:45:10,491 - INFO: global_step=227244, episodic_return=-74.31501007080078
2022-11-15 10:45:12,536 - INFO: global_step=228244, episodic_return=-78.84319305419922
2022-11-15 10:45:14,327 - INFO: global_step=229244, episodic_return=-107.80323791503906
2022-11-15 10:45:16,150 - INFO: global_step=230244, episodic_return=-74.16031646728516
2022-11-15 10:45:18,045 - INFO: global_step=231244, episodic_return=-68.00106048583984
2022-11-15 10:45:19,863 - INFO: global_step=232244, episodic_return=-96.8557357788086
2022-11-15 10:45:21,814 - INFO: global_step=233244, episodic_return=-78.75271606445312
2022-11-15 10:45:23,506 - INFO: global_step=234244, episodic_return=-63.951419830322266
2022-11-15 10:45:23,640 - INFO: global_step=234410, episodic_return=49.713104248046875
2022-11-15 10:45:25,210 - INFO: global_step=235410, episodic_return=-49.32493591308594
2022-11-15 10:45:27,840 - INFO: global_step=236410, episodic_return=-55.988670349121094
2022-11-15 10:45:29,612 - INFO: global_step=237410, episodic_return=111.61360168457031
2022-11-15 10:45:31,134 - INFO: global_step=238410, episodic_return=132.4488525390625
2022-11-15 10:45:33,442 - INFO: global_step=239410, episodic_return=-4.2561798095703125
2022-11-15 10:45:33,534 - INFO: global_step=239529, episodic_return=-193.41796875
2022-11-15 10:45:36,253 - INFO: global_step=240529, episodic_return=-107.51937103271484
2022-11-15 10:45:37,821 - INFO: global_step=241529, episodic_return=-90.56315612792969
2022-11-15 10:45:39,908 - INFO: global_step=242529, episodic_return=-45.324790954589844
2022-11-15 10:45:41,611 - INFO: global_step=243529, episodic_return=-91.08242797851562
2022-11-15 10:45:43,913 - INFO: global_step=244529, episodic_return=-74.30460357666016
2022-11-15 10:45:45,333 - INFO: global_step=245529, episodic_return=-10.153501510620117
2022-11-15 10:45:47,013 - INFO: global_step=246529, episodic_return=-10.964776039123535
2022-11-15 10:45:48,825 - INFO: global_step=247529, episodic_return=-0.6411377787590027
2022-11-15 10:45:50,651 - INFO: global_step=248529, episodic_return=-64.2686767578125
2022-11-15 10:45:50,801 - INFO: global_step=248700, episodic_return=-182.32086181640625
2022-11-15 10:45:51,525 - INFO: global_step=249300, episodic_return=-22.65027618408203
2022-11-15 10:45:51,594 - INFO: global_step=249405, episodic_return=17.922622680664062
2022-11-15 10:45:51,876 - INFO: global_step=249718, episodic_return=-65.29792785644531
2022-11-15 10:45:52,380 - INFO: global_step=250213, episodic_return=222.313720703125
2022-11-15 10:45:52,766 - INFO: global_step=250575, episodic_return=264.49847412109375
2022-11-15 10:45:53,321 - INFO: global_step=250989, episodic_return=228.6734161376953
2022-11-15 10:45:54,615 - INFO: global_step=251778, episodic_return=111.08131408691406
2022-11-15 10:45:56,637 - INFO: global_step=252778, episodic_return=-42.13397979736328
2022-11-15 10:45:58,044 - INFO: global_step=253778, episodic_return=23.943204879760742
2022-11-15 10:45:59,660 - INFO: global_step=254778, episodic_return=-91.0179443359375
2022-11-15 10:46:01,358 - INFO: global_step=255778, episodic_return=-52.433067321777344
2022-11-15 10:46:03,125 - INFO: global_step=256778, episodic_return=-75.51911926269531
2022-11-15 10:46:04,338 - INFO: global_step=257674, episodic_return=-147.64308166503906
2022-11-15 10:46:06,279 - INFO: global_step=258674, episodic_return=-76.1360092163086
2022-11-15 10:46:07,786 - INFO: global_step=259674, episodic_return=-24.060964584350586
2022-11-15 10:46:09,132 - INFO: global_step=260674, episodic_return=-109.43338775634766
2022-11-15 10:46:10,368 - INFO: global_step=261674, episodic_return=-89.23390197753906
2022-11-15 10:46:12,445 - INFO: global_step=262674, episodic_return=-60.5676155090332
2022-11-15 10:46:12,991 - INFO: global_step=263119, episodic_return=212.499267578125
2022-11-15 10:46:14,825 - INFO: global_step=263994, episodic_return=150.3551483154297
2022-11-15 10:46:15,112 - INFO: global_step=264304, episodic_return=-108.05374145507812
2022-11-15 10:46:15,536 - INFO: global_step=264670, episodic_return=-186.69747924804688
2022-11-15 10:46:15,714 - INFO: global_step=264875, episodic_return=-81.15357971191406
2022-11-15 10:46:15,877 - INFO: global_step=265060, episodic_return=-150.83482360839844
2022-11-15 10:46:16,368 - INFO: global_step=265441, episodic_return=-136.021484375
2022-11-15 10:46:16,535 - INFO: global_step=265626, episodic_return=-138.72706604003906
2022-11-15 10:46:17,288 - INFO: global_step=266231, episodic_return=-191.73455810546875
2022-11-15 10:46:17,425 - INFO: global_step=266397, episodic_return=-142.76187133789062
2022-11-15 10:46:17,864 - INFO: global_step=266786, episodic_return=-164.17031860351562
2022-11-15 10:46:18,030 - INFO: global_step=266967, episodic_return=-175.96450805664062
2022-11-15 10:46:18,255 - INFO: global_step=267201, episodic_return=-188.9518585205078
2022-11-15 10:46:18,448 - INFO: global_step=267431, episodic_return=-190.95957946777344
2022-11-15 10:46:18,715 - INFO: global_step=267697, episodic_return=-70.5272445678711
2022-11-15 10:46:19,583 - INFO: global_step=268363, episodic_return=181.69046020507812
2022-11-15 10:46:20,585 - INFO: global_step=268948, episodic_return=-161.31561279296875
2022-11-15 10:46:21,857 - INFO: global_step=269680, episodic_return=114.6138687133789
2022-11-15 10:46:23,169 - INFO: global_step=270577, episodic_return=-216.38507080078125
2022-11-15 10:46:24,806 - INFO: global_step=271577, episodic_return=-93.32716369628906
2022-11-15 10:46:26,394 - INFO: global_step=272577, episodic_return=-19.784250259399414
2022-11-15 10:46:27,817 - INFO: global_step=273577, episodic_return=-96.22410583496094
2022-11-15 10:46:29,970 - INFO: global_step=274577, episodic_return=-98.5861587524414
2022-11-15 10:46:32,321 - INFO: global_step=275577, episodic_return=-6.227387428283691
2022-11-15 10:46:33,921 - INFO: global_step=276577, episodic_return=-19.46131134033203
2022-11-15 10:46:35,466 - INFO: global_step=277577, episodic_return=-73.39447021484375
2022-11-15 10:46:37,234 - INFO: global_step=278577, episodic_return=-44.189735412597656
2022-11-15 10:46:40,133 - INFO: global_step=279577, episodic_return=-60.76557922363281
2022-11-15 10:46:42,345 - INFO: global_step=280577, episodic_return=-66.92170715332031
2022-11-15 10:46:43,794 - INFO: global_step=281577, episodic_return=-73.76457977294922
2022-11-15 10:46:45,845 - INFO: global_step=282577, episodic_return=-32.579872131347656
2022-11-15 10:46:48,079 - INFO: global_step=283577, episodic_return=-10.417703628540039
2022-11-15 10:46:49,497 - INFO: global_step=284577, episodic_return=1.4496991634368896
2022-11-15 10:46:51,005 - INFO: global_step=285577, episodic_return=-77.05975341796875
2022-11-15 10:46:53,212 - INFO: global_step=286577, episodic_return=-69.66437530517578
2022-11-15 10:46:54,488 - INFO: global_step=287577, episodic_return=-32.25077819824219
2022-11-15 10:46:56,351 - INFO: global_step=288577, episodic_return=-77.24122619628906
2022-11-15 10:46:58,539 - INFO: global_step=289577, episodic_return=-33.343727111816406
2022-11-15 10:47:00,671 - INFO: global_step=290577, episodic_return=-61.897396087646484
2022-11-15 10:47:02,375 - INFO: global_step=291577, episodic_return=-60.542236328125
2022-11-15 10:47:04,304 - INFO: global_step=292577, episodic_return=-38.49235916137695
2022-11-15 10:47:06,464 - INFO: global_step=293577, episodic_return=-72.69461059570312
2022-11-15 10:47:08,756 - INFO: global_step=294577, episodic_return=52.87886047363281
2022-11-15 10:47:10,793 - INFO: global_step=295577, episodic_return=-37.63300323486328
2022-11-15 10:47:12,933 - INFO: global_step=296577, episodic_return=-12.081968307495117
2022-11-15 10:47:15,489 - INFO: global_step=297577, episodic_return=-23.76985740661621
2022-11-15 10:47:15,749 - INFO: global_step=297796, episodic_return=-36.608821868896484
2022-11-15 10:47:18,509 - INFO: global_step=298796, episodic_return=-37.27569580078125
2022-11-15 10:47:19,144 - INFO: global_step=299223, episodic_return=271.7451477050781
2022-11-15 10:47:20,488 - INFO: global_step=299941, episodic_return=190.48184204101562
2022-11-15 10:47:23,057 - INFO: global_step=300941, episodic_return=-44.572086334228516
2022-11-15 10:47:24,667 - INFO: global_step=301941, episodic_return=-38.99757766723633
2022-11-15 10:47:25,657 - INFO: global_step=302582, episodic_return=226.98574829101562
2022-11-15 10:47:26,709 - INFO: global_step=303365, episodic_return=-81.07809448242188
2022-11-15 10:47:26,763 - INFO: global_step=303446, episodic_return=-121.64555358886719
2022-11-15 10:47:27,245 - INFO: global_step=303867, episodic_return=-123.58081817626953
2022-11-15 10:47:27,600 - INFO: global_step=304234, episodic_return=279.6490173339844
2022-11-15 10:47:29,547 - INFO: global_step=305234, episodic_return=41.64019775390625
2022-11-15 10:47:29,916 - INFO: global_step=305532, episodic_return=287.32476806640625
2022-11-15 10:47:30,504 - INFO: global_step=306029, episodic_return=-205.89910888671875
2022-11-15 10:47:32,455 - INFO: global_step=307017, episodic_return=122.93035888671875
2022-11-15 10:47:33,133 - INFO: global_step=307555, episodic_return=223.35858154296875
2022-11-15 10:47:33,855 - INFO: global_step=308272, episodic_return=194.4366455078125
2022-11-15 10:47:34,771 - INFO: global_step=308879, episodic_return=189.018798828125
2022-11-15 10:47:34,986 - INFO: global_step=309133, episodic_return=250.1292724609375
2022-11-15 10:47:35,452 - INFO: global_step=309585, episodic_return=224.25592041015625
2022-11-15 10:47:36,671 - INFO: global_step=310284, episodic_return=173.6058807373047
2022-11-15 10:47:36,761 - INFO: global_step=310385, episodic_return=-3.0246505737304688
2022-11-15 10:47:37,460 - INFO: global_step=310865, episodic_return=227.66714477539062
2022-11-15 10:47:38,498 - INFO: global_step=311540, episodic_return=-131.223876953125
2022-11-15 10:47:39,378 - INFO: global_step=312125, episodic_return=165.54351806640625
2022-11-15 10:47:41,132 - INFO: global_step=313125, episodic_return=-43.455387115478516
2022-11-15 10:47:43,424 - INFO: global_step=314125, episodic_return=2.4346365928649902
2022-11-15 10:47:44,860 - INFO: global_step=315125, episodic_return=-30.767684936523438
2022-11-15 10:47:46,788 - INFO: global_step=316125, episodic_return=16.05818748474121
2022-11-15 10:47:48,598 - INFO: global_step=317125, episodic_return=-54.789573669433594
2022-11-15 10:47:49,525 - INFO: global_step=317684, episodic_return=225.35311889648438
2022-11-15 10:47:50,779 - INFO: global_step=318512, episodic_return=-113.87992858886719
2022-11-15 10:47:50,857 - INFO: global_step=318640, episodic_return=23.99913787841797
2022-11-15 10:47:51,197 - INFO: global_step=319040, episodic_return=240.7332763671875
2022-11-15 10:47:51,560 - INFO: global_step=319400, episodic_return=-138.0294647216797
2022-11-15 10:47:51,634 - INFO: global_step=319516, episodic_return=-144.97573852539062
2022-11-15 10:47:52,631 - INFO: global_step=320216, episodic_return=232.422119140625
2022-11-15 10:47:53,947 - INFO: global_step=320945, episodic_return=169.3800811767578
2022-11-15 10:47:53,999 - INFO: global_step=321013, episodic_return=-183.46768188476562
2022-11-15 10:47:54,090 - INFO: global_step=321108, episodic_return=-60.3732795715332
2022-11-15 10:47:55,952 - INFO: global_step=321923, episodic_return=161.42210388183594
2022-11-15 10:47:56,213 - INFO: global_step=322226, episodic_return=22.255783081054688
2022-11-15 10:47:58,111 - INFO: global_step=323226, episodic_return=-29.08156394958496
2022-11-15 10:47:58,257 - INFO: global_step=323436, episodic_return=51.991973876953125
2022-11-15 10:47:59,756 - INFO: global_step=324317, episodic_return=134.41668701171875
2022-11-15 10:48:01,677 - INFO: global_step=325047, episodic_return=139.87742614746094
2022-11-15 10:48:01,879 - INFO: global_step=325268, episodic_return=-36.82127380371094
2022-11-15 10:48:02,213 - INFO: global_step=325638, episodic_return=-57.376258850097656
2022-11-15 10:48:02,539 - INFO: global_step=325995, episodic_return=-54.464637756347656
2022-11-15 10:48:03,056 - INFO: global_step=326494, episodic_return=253.34327697753906
2022-11-15 10:48:03,593 - INFO: global_step=326929, episodic_return=170.5928955078125
2022-11-15 10:48:04,637 - INFO: global_step=327464, episodic_return=156.14987182617188
2022-11-15 10:48:05,410 - INFO: global_step=327942, episodic_return=128.83929443359375
2022-11-15 10:48:06,879 - INFO: global_step=328897, episodic_return=100.81205749511719
2022-11-15 10:48:08,542 - INFO: global_step=329897, episodic_return=-14.426155090332031
2022-11-15 10:48:08,830 - INFO: global_step=330193, episodic_return=244.6099090576172
2022-11-15 10:48:09,306 - INFO: global_step=330586, episodic_return=238.30780029296875
2022-11-15 10:48:10,124 - INFO: global_step=331196, episodic_return=-131.93197631835938
2022-11-15 10:48:11,156 - INFO: global_step=331967, episodic_return=145.76353454589844
2022-11-15 10:48:11,361 - INFO: global_step=332231, episodic_return=294.64532470703125
2022-11-15 10:48:12,909 - INFO: global_step=333061, episodic_return=115.33717346191406
2022-11-15 10:48:14,723 - INFO: global_step=334061, episodic_return=-43.49005126953125
2022-11-15 10:48:15,025 - INFO: global_step=334346, episodic_return=-13.734909057617188
2022-11-15 10:48:17,665 - INFO: global_step=335346, episodic_return=-16.022144317626953
2022-11-15 10:48:19,222 - INFO: global_step=336346, episodic_return=-66.31768798828125
2022-11-15 10:48:19,460 - INFO: global_step=336609, episodic_return=233.64112854003906
2022-11-15 10:48:20,777 - INFO: global_step=337609, episodic_return=6.638875961303711
2022-11-15 10:48:22,366 - INFO: global_step=338609, episodic_return=32.2091064453125
2022-11-15 10:48:24,052 - INFO: global_step=339609, episodic_return=-53.70449447631836
2022-11-15 10:48:25,971 - INFO: global_step=340609, episodic_return=150.98211669921875
2022-11-15 10:48:28,548 - INFO: global_step=341609, episodic_return=-6.030675888061523
2022-11-15 10:48:30,683 - INFO: global_step=342609, episodic_return=-39.547264099121094
2022-11-15 10:48:32,701 - INFO: global_step=343543, episodic_return=108.58763122558594
2022-11-15 10:48:34,175 - INFO: global_step=344327, episodic_return=112.68959045410156
2022-11-15 10:48:36,061 - INFO: global_step=345327, episodic_return=14.894756317138672
2022-11-15 10:48:38,219 - INFO: global_step=346327, episodic_return=51.29671096801758
2022-11-15 10:48:40,122 - INFO: global_step=347327, episodic_return=9.435969352722168
2022-11-15 10:48:41,487 - INFO: global_step=348252, episodic_return=138.9766845703125
2022-11-15 10:48:41,813 - INFO: global_step=348509, episodic_return=285.74658203125
2022-11-15 10:48:42,283 - INFO: global_step=348856, episodic_return=242.48477172851562
2022-11-15 10:48:43,226 - INFO: global_step=349514, episodic_return=198.791259765625
2022-11-15 10:48:43,629 - INFO: global_step=349961, episodic_return=247.21823120117188
2022-11-15 10:48:43,958 - INFO: global_step=350336, episodic_return=237.9306640625
2022-11-15 10:48:44,254 - INFO: global_step=350688, episodic_return=246.57101440429688
2022-11-15 10:48:44,326 - INFO: global_step=350769, episodic_return=-39.044036865234375
2022-11-15 10:48:44,405 - INFO: global_step=350845, episodic_return=-70.28242492675781
2022-11-15 10:48:44,586 - INFO: global_step=351057, episodic_return=-102.35441589355469
2022-11-15 10:48:45,002 - INFO: global_step=351478, episodic_return=212.57476806640625
2022-11-15 10:48:45,242 - INFO: global_step=351744, episodic_return=-83.73774719238281
2022-11-15 10:48:45,423 - INFO: global_step=351944, episodic_return=-38.0546989440918
2022-11-15 10:48:45,777 - INFO: global_step=352247, episodic_return=28.410812377929688
2022-11-15 10:48:46,043 - INFO: global_step=352508, episodic_return=278.00982666015625
2022-11-15 10:48:46,932 - INFO: global_step=353073, episodic_return=187.9149169921875
2022-11-15 10:48:47,147 - INFO: global_step=353320, episodic_return=-94.60375213623047
2022-11-15 10:48:47,474 - INFO: global_step=353666, episodic_return=-68.87142181396484
2022-11-15 10:48:47,693 - INFO: global_step=353880, episodic_return=315.32281494140625
2022-11-15 10:48:48,450 - INFO: global_step=354418, episodic_return=164.07154846191406
2022-11-15 10:48:49,711 - INFO: global_step=355119, episodic_return=-91.58956909179688
2022-11-15 10:48:51,745 - INFO: global_step=356119, episodic_return=7.945435523986816
2022-11-15 10:48:52,560 - INFO: global_step=356673, episodic_return=-99.05450439453125
2022-11-15 10:48:53,479 - INFO: global_step=357395, episodic_return=160.11024475097656
2022-11-15 10:48:55,474 - INFO: global_step=358395, episodic_return=35.92426300048828
2022-11-15 10:48:57,203 - INFO: global_step=359395, episodic_return=-77.22797393798828
2022-11-15 10:48:59,443 - INFO: global_step=360395, episodic_return=-34.04811477661133
2022-11-15 10:49:01,250 - INFO: global_step=361395, episodic_return=-31.509164810180664
2022-11-15 10:49:03,267 - INFO: global_step=362395, episodic_return=-36.49980163574219
2022-11-15 10:49:04,844 - INFO: global_step=363395, episodic_return=7.6430768966674805
2022-11-15 10:49:06,533 - INFO: global_step=364395, episodic_return=-59.443504333496094
2022-11-15 10:49:08,882 - INFO: global_step=365395, episodic_return=-13.189143180847168
2022-11-15 10:49:10,591 - INFO: global_step=366395, episodic_return=-19.323213577270508
2022-11-15 10:49:12,574 - INFO: global_step=367395, episodic_return=-2.8846254348754883
2022-11-15 10:49:14,002 - INFO: global_step=368395, episodic_return=0.38835158944129944
2022-11-15 10:49:15,927 - INFO: global_step=369395, episodic_return=-42.6065673828125
2022-11-15 10:49:17,345 - INFO: global_step=370395, episodic_return=8.781652450561523
2022-11-15 10:49:18,927 - INFO: global_step=371395, episodic_return=-47.13062286376953
2022-11-15 10:49:20,750 - INFO: global_step=372395, episodic_return=-125.09502410888672
2022-11-15 10:49:22,598 - INFO: global_step=373395, episodic_return=-4.497169017791748
2022-11-15 10:49:23,814 - INFO: global_step=374395, episodic_return=-27.038700103759766
2022-11-15 10:49:25,879 - INFO: global_step=375395, episodic_return=-82.11149597167969
2022-11-15 10:49:27,394 - INFO: global_step=376395, episodic_return=-29.14415168762207
2022-11-15 10:49:30,118 - INFO: global_step=377395, episodic_return=-55.19546890258789
2022-11-15 10:49:32,290 - INFO: global_step=378395, episodic_return=-20.0482120513916
2022-11-15 10:49:34,011 - INFO: global_step=379395, episodic_return=5.9659881591796875
2022-11-15 10:49:35,915 - INFO: global_step=380395, episodic_return=-11.668994903564453
2022-11-15 10:49:37,377 - INFO: global_step=381395, episodic_return=13.869571685791016
2022-11-15 10:49:39,368 - INFO: global_step=382395, episodic_return=-8.4923677444458
2022-11-15 10:49:41,093 - INFO: global_step=383395, episodic_return=-8.154706001281738
2022-11-15 10:49:43,245 - INFO: global_step=384395, episodic_return=-2.260650396347046
2022-11-15 10:49:44,922 - INFO: global_step=385395, episodic_return=-16.514524459838867
2022-11-15 10:49:46,601 - INFO: global_step=386395, episodic_return=5.597715377807617
2022-11-15 10:49:48,540 - INFO: global_step=387395, episodic_return=-17.317480087280273
2022-11-15 10:49:50,402 - INFO: global_step=388395, episodic_return=-51.0106201171875
2022-11-15 10:49:52,249 - INFO: global_step=389395, episodic_return=31.27118682861328
2022-11-15 10:49:54,422 - INFO: global_step=390395, episodic_return=-54.56906509399414
2022-11-15 10:49:55,834 - INFO: global_step=391395, episodic_return=2.6671876907348633
2022-11-15 10:49:57,754 - INFO: global_step=392395, episodic_return=4.787894248962402
2022-11-15 10:49:59,506 - INFO: global_step=393395, episodic_return=-50.45439147949219
2022-11-15 10:50:01,717 - INFO: global_step=394395, episodic_return=-60.62263107299805
2022-11-15 10:50:03,469 - INFO: global_step=395395, episodic_return=-61.77371597290039
2022-11-15 10:50:05,407 - INFO: global_step=396372, episodic_return=150.0870819091797
2022-11-15 10:50:06,342 - INFO: global_step=397019, episodic_return=190.507080078125
2022-11-15 10:50:08,113 - INFO: global_step=398019, episodic_return=-32.16044235229492
2022-11-15 10:50:09,367 - INFO: global_step=398825, episodic_return=197.37203979492188
2022-11-15 10:50:10,319 - INFO: global_step=399602, episodic_return=221.598388671875
2022-11-15 10:50:11,385 - INFO: global_step=400214, episodic_return=224.8590087890625
2022-11-15 10:50:12,224 - INFO: global_step=400805, episodic_return=188.99331665039062
2022-11-15 10:50:13,145 - INFO: global_step=401508, episodic_return=192.73095703125
2022-11-15 10:50:14,005 - INFO: global_step=402159, episodic_return=203.89431762695312
2022-11-15 10:50:15,341 - INFO: global_step=402996, episodic_return=216.28530883789062
2022-11-15 10:50:15,941 - INFO: global_step=403522, episodic_return=220.31227111816406
2022-11-15 10:50:16,843 - INFO: global_step=404123, episodic_return=204.47723388671875
2022-11-15 10:50:17,598 - INFO: global_step=404698, episodic_return=217.53717041015625
2022-11-15 10:50:18,707 - INFO: global_step=405445, episodic_return=137.3687744140625
2022-11-15 10:50:19,730 - INFO: global_step=406214, episodic_return=220.04867553710938
2022-11-15 10:50:20,366 - INFO: global_step=406737, episodic_return=175.6436767578125
2022-11-15 10:50:20,952 - INFO: global_step=407236, episodic_return=278.7847900390625
2022-11-15 10:50:21,529 - INFO: global_step=407745, episodic_return=181.24403381347656
2022-11-15 10:50:21,934 - INFO: global_step=408120, episodic_return=188.84075927734375
2022-11-15 10:50:23,098 - INFO: global_step=409120, episodic_return=149.66244506835938
2022-11-15 10:50:23,790 - INFO: global_step=409661, episodic_return=194.47109985351562
2022-11-15 10:50:24,358 - INFO: global_step=410052, episodic_return=251.54530334472656
2022-11-15 10:50:25,297 - INFO: global_step=410754, episodic_return=198.9390869140625
2022-11-15 10:50:26,022 - INFO: global_step=411290, episodic_return=137.56396484375
2022-11-15 10:50:26,251 - INFO: global_step=411568, episodic_return=-71.36835479736328
2022-11-15 10:50:26,313 - INFO: global_step=411676, episodic_return=-144.31398010253906
2022-11-15 10:50:26,854 - INFO: global_step=412178, episodic_return=234.6808319091797
2022-11-15 10:50:27,919 - INFO: global_step=413056, episodic_return=260.2748718261719
2022-11-15 10:50:28,711 - INFO: global_step=413593, episodic_return=184.15802001953125
2022-11-15 10:50:29,223 - INFO: global_step=414020, episodic_return=233.6607666015625
2022-11-15 10:50:29,783 - INFO: global_step=414449, episodic_return=221.01373291015625
2022-11-15 10:50:30,882 - INFO: global_step=415080, episodic_return=201.90658569335938
2022-11-15 10:50:31,478 - INFO: global_step=415498, episodic_return=239.0587921142578
2022-11-15 10:50:32,326 - INFO: global_step=416068, episodic_return=205.12091064453125
2022-11-15 10:50:32,934 - INFO: global_step=416581, episodic_return=227.34698486328125
2022-11-15 10:50:33,315 - INFO: global_step=416936, episodic_return=275.0289611816406
2022-11-15 10:50:33,798 - INFO: global_step=417318, episodic_return=205.73968505859375
2022-11-15 10:50:35,229 - INFO: global_step=418318, episodic_return=-31.429046630859375
2022-11-15 10:50:35,567 - INFO: global_step=418686, episodic_return=153.0293731689453
2022-11-15 10:50:35,877 - INFO: global_step=419038, episodic_return=192.5598602294922
2022-11-15 10:50:35,991 - INFO: global_step=419199, episodic_return=-95.46563720703125
2022-11-15 10:50:36,312 - INFO: global_step=419499, episodic_return=-146.90016174316406
2022-11-15 10:50:37,002 - INFO: global_step=419885, episodic_return=-21.60651397705078
2022-11-15 10:50:37,568 - INFO: global_step=420282, episodic_return=165.1820068359375
2022-11-15 10:50:38,511 - INFO: global_step=420962, episodic_return=211.68499755859375
2022-11-15 10:50:38,877 - INFO: global_step=421328, episodic_return=250.00372314453125
2022-11-15 10:50:40,233 - INFO: global_step=422328, episodic_return=-36.000038146972656
2022-11-15 10:50:41,672 - INFO: global_step=423328, episodic_return=104.18222045898438
2022-11-15 10:50:41,851 - INFO: global_step=423583, episodic_return=-42.0955696105957
2022-11-15 10:50:42,262 - INFO: global_step=424086, episodic_return=268.7461242675781
2022-11-15 10:50:43,184 - INFO: global_step=424745, episodic_return=199.8852081298828
2022-11-15 10:50:44,065 - INFO: global_step=425377, episodic_return=187.78677368164062
2022-11-15 10:50:44,753 - INFO: global_step=426009, episodic_return=181.85247802734375
2022-11-15 10:50:45,673 - INFO: global_step=426654, episodic_return=208.9141845703125
2022-11-15 10:50:46,338 - INFO: global_step=427234, episodic_return=182.10867309570312
2022-11-15 10:50:47,434 - INFO: global_step=428047, episodic_return=153.21807861328125
2022-11-15 10:50:48,302 - INFO: global_step=428743, episodic_return=189.09024047851562
2022-11-15 10:50:48,811 - INFO: global_step=429201, episodic_return=197.00204467773438
2022-11-15 10:50:49,510 - INFO: global_step=429690, episodic_return=177.28494262695312
2022-11-15 10:50:50,419 - INFO: global_step=430353, episodic_return=180.5160369873047
2022-11-15 10:50:50,872 - INFO: global_step=430855, episodic_return=216.47796630859375
2022-11-15 10:50:51,294 - INFO: global_step=431268, episodic_return=-96.45057678222656
2022-11-15 10:50:51,767 - INFO: global_step=431681, episodic_return=-26.773162841796875
2022-11-15 10:50:52,708 - INFO: global_step=432307, episodic_return=156.0987091064453
2022-11-15 10:50:52,769 - INFO: global_step=432396, episodic_return=-113.92913055419922
2022-11-15 10:50:53,592 - INFO: global_step=432926, episodic_return=184.83323669433594
2022-11-15 10:50:54,232 - INFO: global_step=433451, episodic_return=251.37454223632812
2022-11-15 10:50:55,291 - INFO: global_step=434451, episodic_return=-6.643146514892578
2022-11-15 10:50:57,180 - INFO: global_step=435451, episodic_return=-72.62850189208984
2022-11-15 10:50:59,220 - INFO: global_step=436451, episodic_return=-15.613755226135254
2022-11-15 10:51:01,725 - INFO: global_step=437451, episodic_return=-38.68443298339844
2022-11-15 10:51:04,186 - INFO: global_step=438451, episodic_return=-31.48092269897461
2022-11-15 10:51:05,710 - INFO: global_step=439451, episodic_return=-114.37687683105469
2022-11-15 10:51:07,161 - INFO: global_step=440451, episodic_return=1.091233491897583
2022-11-15 10:51:08,598 - INFO: global_step=441451, episodic_return=-43.670570373535156
2022-11-15 10:51:10,318 - INFO: global_step=442451, episodic_return=-77.91402435302734
2022-11-15 10:51:12,049 - INFO: global_step=443451, episodic_return=-123.14067077636719
2022-11-15 10:51:13,870 - INFO: global_step=444451, episodic_return=-108.23927307128906
2022-11-15 10:51:15,176 - INFO: global_step=445451, episodic_return=-85.68445587158203
2022-11-15 10:51:17,073 - INFO: global_step=446451, episodic_return=9.214383125305176
2022-11-15 10:51:18,483 - INFO: global_step=447451, episodic_return=-129.28604125976562
2022-11-15 10:51:20,167 - INFO: global_step=448451, episodic_return=-90.79793548583984
2022-11-15 10:51:20,365 - INFO: global_step=448704, episodic_return=-131.73793029785156
2022-11-15 10:51:21,680 - INFO: global_step=449704, episodic_return=-97.25586700439453
2022-11-15 10:51:22,937 - INFO: global_step=450704, episodic_return=-17.694305419921875
2022-11-15 10:51:24,209 - INFO: global_step=451704, episodic_return=30.196523666381836
2022-11-15 10:51:25,547 - INFO: global_step=452704, episodic_return=1.1273229122161865
2022-11-15 10:51:27,570 - INFO: global_step=453704, episodic_return=-74.44440460205078
2022-11-15 10:51:29,391 - INFO: global_step=454704, episodic_return=-26.881603240966797
2022-11-15 10:51:31,035 - INFO: global_step=455652, episodic_return=163.08779907226562
2022-11-15 10:51:31,999 - INFO: global_step=456392, episodic_return=209.360595703125
2022-11-15 10:51:33,192 - INFO: global_step=457189, episodic_return=170.53346252441406
2022-11-15 10:51:33,928 - INFO: global_step=457776, episodic_return=212.43817138671875
2022-11-15 10:51:34,860 - INFO: global_step=458351, episodic_return=164.75363159179688
2022-11-15 10:51:35,307 - INFO: global_step=458770, episodic_return=-23.68004608154297
2022-11-15 10:51:36,908 - INFO: global_step=459576, episodic_return=203.51998901367188
2022-11-15 10:51:37,616 - INFO: global_step=460181, episodic_return=150.76609802246094
2022-11-15 10:51:38,047 - INFO: global_step=460529, episodic_return=41.60084533691406
2022-11-15 10:51:39,584 - INFO: global_step=461529, episodic_return=-90.7585220336914
2022-11-15 10:51:41,714 - INFO: global_step=462529, episodic_return=47.10042953491211
2022-11-15 10:51:43,397 - INFO: global_step=463529, episodic_return=-6.720232009887695
2022-11-15 10:51:44,643 - INFO: global_step=464248, episodic_return=193.61441040039062
2022-11-15 10:51:45,486 - INFO: global_step=464801, episodic_return=180.58859252929688
2022-11-15 10:51:47,190 - INFO: global_step=465665, episodic_return=170.9849853515625
2022-11-15 10:51:49,045 - INFO: global_step=466665, episodic_return=0.31388330459594727
2022-11-15 10:51:49,680 - INFO: global_step=467160, episodic_return=183.35250854492188
2022-11-15 10:51:49,937 - INFO: global_step=467434, episodic_return=266.9302978515625
2022-11-15 10:51:50,616 - INFO: global_step=467929, episodic_return=188.67214965820312
2022-11-15 10:51:51,022 - INFO: global_step=468324, episodic_return=262.931396484375
2022-11-15 10:51:51,309 - INFO: global_step=468658, episodic_return=270.4905090332031
2022-11-15 10:51:51,864 - INFO: global_step=469149, episodic_return=215.70225524902344
2022-11-15 10:51:52,496 - INFO: global_step=469694, episodic_return=193.0980224609375
2022-11-15 10:51:53,491 - INFO: global_step=470351, episodic_return=133.15255737304688
2022-11-15 10:51:54,154 - INFO: global_step=471007, episodic_return=199.80044555664062
2022-11-15 10:51:54,440 - INFO: global_step=471314, episodic_return=285.6303405761719
2022-11-15 10:51:55,349 - INFO: global_step=472078, episodic_return=167.53128051757812
2022-11-15 10:51:55,551 - INFO: global_step=472328, episodic_return=276.57373046875
2022-11-15 10:51:55,990 - INFO: global_step=472764, episodic_return=247.74349975585938
2022-11-15 10:51:56,417 - INFO: global_step=473195, episodic_return=263.38616943359375
2022-11-15 10:51:56,657 - INFO: global_step=473463, episodic_return=244.534423828125
2022-11-15 10:51:57,999 - INFO: global_step=474463, episodic_return=-71.02430725097656
2022-11-15 10:51:58,321 - INFO: global_step=474813, episodic_return=225.892578125
2022-11-15 10:51:58,860 - INFO: global_step=475221, episodic_return=223.58746337890625
2022-11-15 10:51:59,170 - INFO: global_step=475481, episodic_return=9.813980102539062
2022-11-15 10:52:00,306 - INFO: global_step=476187, episodic_return=281.45611572265625
2022-11-15 10:52:00,652 - INFO: global_step=476535, episodic_return=181.7081756591797
2022-11-15 10:52:01,449 - INFO: global_step=477090, episodic_return=243.1851806640625
2022-11-15 10:52:01,800 - INFO: global_step=477443, episodic_return=231.43380737304688
2022-11-15 10:52:02,060 - INFO: global_step=477746, episodic_return=290.566650390625
2022-11-15 10:52:02,276 - INFO: global_step=477971, episodic_return=273.0928649902344
2022-11-15 10:52:02,570 - INFO: global_step=478286, episodic_return=275.27288818359375
2022-11-15 10:52:02,860 - INFO: global_step=478612, episodic_return=292.46221923828125
2022-11-15 10:52:03,082 - INFO: global_step=478912, episodic_return=258.9082336425781
2022-11-15 10:52:03,380 - INFO: global_step=479253, episodic_return=256.59698486328125
2022-11-15 10:52:03,729 - INFO: global_step=479580, episodic_return=263.05535888671875
2022-11-15 10:52:04,201 - INFO: global_step=479957, episodic_return=266.4232482910156
2022-11-15 10:52:04,668 - INFO: global_step=480365, episodic_return=253.21340942382812
2022-11-15 10:52:05,018 - INFO: global_step=480794, episodic_return=229.19168090820312
2022-11-15 10:52:05,538 - INFO: global_step=481261, episodic_return=184.6613311767578
2022-11-15 10:52:06,494 - INFO: global_step=481981, episodic_return=249.1468505859375
2022-11-15 10:52:06,612 - INFO: global_step=482119, episodic_return=18.61365509033203
2022-11-15 10:52:07,233 - INFO: global_step=482606, episodic_return=241.5719451904297
2022-11-15 10:52:08,095 - INFO: global_step=483162, episodic_return=198.477294921875
2022-11-15 10:52:08,198 - INFO: global_step=483295, episodic_return=-36.710044860839844
2022-11-15 10:52:08,272 - INFO: global_step=483382, episodic_return=-122.47733306884766
2022-11-15 10:52:08,353 - INFO: global_step=483500, episodic_return=-177.105712890625
2022-11-15 10:52:08,441 - INFO: global_step=483624, episodic_return=-118.34864807128906
2022-11-15 10:52:08,554 - INFO: global_step=483783, episodic_return=-119.91068267822266
2022-11-15 10:52:09,786 - INFO: global_step=484598, episodic_return=253.8542938232422
2022-11-15 10:52:10,496 - INFO: global_step=485137, episodic_return=-56.988887786865234
2022-11-15 10:52:11,375 - INFO: global_step=485847, episodic_return=190.86807250976562
2022-11-15 10:52:11,849 - INFO: global_step=486347, episodic_return=236.8472137451172
2022-11-15 10:52:12,439 - INFO: global_step=486854, episodic_return=204.10934448242188
2022-11-15 10:52:14,784 - INFO: global_step=487854, episodic_return=-42.13602828979492
2022-11-15 10:52:15,282 - INFO: global_step=488260, episodic_return=0.9479751586914062
2022-11-15 10:52:16,652 - INFO: global_step=489033, episodic_return=156.07952880859375
2022-11-15 10:52:17,678 - INFO: global_step=489802, episodic_return=155.4835662841797
2022-11-15 10:52:18,402 - INFO: global_step=490398, episodic_return=209.02418518066406
2022-11-15 10:52:18,952 - INFO: global_step=490900, episodic_return=200.85494995117188
2022-11-15 10:52:19,269 - INFO: global_step=491238, episodic_return=253.2847442626953
2022-11-15 10:52:20,185 - INFO: global_step=491874, episodic_return=224.41632080078125
2022-11-15 10:52:20,928 - INFO: global_step=492354, episodic_return=202.28076171875
2022-11-15 10:52:21,547 - INFO: global_step=492874, episodic_return=204.0010986328125
2022-11-15 10:52:21,965 - INFO: global_step=493219, episodic_return=258.8646240234375
2022-11-15 10:52:22,270 - INFO: global_step=493495, episodic_return=250.0283966064453
2022-11-15 10:52:22,570 - INFO: global_step=493773, episodic_return=259.42822265625
2022-11-15 10:52:23,450 - INFO: global_step=494406, episodic_return=270.875
2022-11-15 10:52:23,741 - INFO: global_step=494743, episodic_return=274.41412353515625
2022-11-15 10:52:25,081 - INFO: global_step=495618, episodic_return=210.75125122070312
2022-11-15 10:52:25,846 - INFO: global_step=496128, episodic_return=232.00892639160156
2022-11-15 10:52:27,036 - INFO: global_step=496910, episodic_return=150.6657257080078
2022-11-15 10:52:27,703 - INFO: global_step=497441, episodic_return=230.11788940429688
2022-11-15 10:52:28,302 - INFO: global_step=497967, episodic_return=240.24903869628906
2022-11-15 10:52:28,822 - INFO: global_step=498376, episodic_return=211.43569946289062
2022-11-15 10:52:29,508 - INFO: global_step=498906, episodic_return=214.16561889648438
2022-11-15 10:52:29,826 - INFO: global_step=499220, episodic_return=223.0836639404297
2022-11-15 10:52:30,278 - INFO: global_step=499632, episodic_return=242.82664489746094
2022-11-15 10:52:30,377 - INFO: global_step=499756, episodic_return=24.675537109375
2022-11-15 10:52:31,177 - INFO: The average reward of last 20 steps: 218.92141189575196
