2022-11-15 08:01:22,828 - INFO: +--------------------------+----------------+
| Parameter                | Value          |
+--------------------------+----------------+
| exp_name                 | dqn            |
+--------------------------+----------------+
| seed                     | 42             |
+--------------------------+----------------+
| total_timesteps          | 500000         |
+--------------------------+----------------+
| learning_rate            | 0.001          |
+--------------------------+----------------+
| buffer_size              | 2000           |
+--------------------------+----------------+
| gamma                    | 0.982          |
+--------------------------+----------------+
| target_network_frequency | 50             |
+--------------------------+----------------+
| batch_size               | 128            |
+--------------------------+----------------+
| start_e                  | 0.500          |
+--------------------------+----------------+
| end_e                    | 0.050          |
+--------------------------+----------------+
| exploration_fraction     | 0.050          |
+--------------------------+----------------+
| learning_starts          | 10000          |
+--------------------------+----------------+
| train_frequency          | 10             |
+--------------------------+----------------+
| env_id                   | LunarLander-v2 |
+--------------------------+----------------+
2022-11-15 08:01:24,805 - INFO: global_step=117, episodic_return=-522.0361938476562
2022-11-15 08:01:24,823 - INFO: global_step=177, episodic_return=-309.25958251953125
2022-11-15 08:01:24,924 - INFO: global_step=410, episodic_return=-668.8887939453125
2022-11-15 08:01:24,946 - INFO: global_step=480, episodic_return=-481.5799560546875
2022-11-15 08:01:24,964 - INFO: global_step=543, episodic_return=-113.24115753173828
2022-11-15 08:01:24,981 - INFO: global_step=599, episodic_return=-122.83190155029297
2022-11-15 08:01:25,005 - INFO: global_step=679, episodic_return=-435.7273254394531
2022-11-15 08:01:25,023 - INFO: global_step=736, episodic_return=-81.93054962158203
2022-11-15 08:01:25,043 - INFO: global_step=797, episodic_return=-363.7027282714844
2022-11-15 08:01:25,070 - INFO: global_step=876, episodic_return=-456.5064697265625
2022-11-15 08:01:25,166 - INFO: global_step=1099, episodic_return=-772.8675537109375
2022-11-15 08:01:25,185 - INFO: global_step=1155, episodic_return=-140.28224182128906
2022-11-15 08:01:25,204 - INFO: global_step=1221, episodic_return=-134.0505828857422
2022-11-15 08:01:25,248 - INFO: global_step=1347, episodic_return=-535.2579956054688
2022-11-15 08:01:25,316 - INFO: global_step=1525, episodic_return=-753.1981811523438
2022-11-15 08:01:25,344 - INFO: global_step=1604, episodic_return=-230.4405517578125
2022-11-15 08:01:25,369 - INFO: global_step=1680, episodic_return=-502.4245910644531
2022-11-15 08:01:25,392 - INFO: global_step=1747, episodic_return=-127.47013092041016
2022-11-15 08:01:25,427 - INFO: global_step=1851, episodic_return=-608.572998046875
2022-11-15 08:01:25,446 - INFO: global_step=1913, episodic_return=-107.0895004272461
2022-11-15 08:01:25,467 - INFO: global_step=1983, episodic_return=-84.31055450439453
2022-11-15 08:01:25,495 - INFO: global_step=2062, episodic_return=-434.5248107910156
2022-11-15 08:01:25,744 - INFO: global_step=2459, episodic_return=-1585.787353515625
2022-11-15 08:01:25,769 - INFO: global_step=2538, episodic_return=-470.9659729003906
2022-11-15 08:01:25,787 - INFO: global_step=2600, episodic_return=-81.0596923828125
2022-11-15 08:01:25,809 - INFO: global_step=2664, episodic_return=-167.963134765625
2022-11-15 08:01:25,826 - INFO: global_step=2719, episodic_return=-86.64763641357422
2022-11-15 08:01:25,845 - INFO: global_step=2777, episodic_return=-89.54240417480469
2022-11-15 08:01:25,881 - INFO: global_step=2885, episodic_return=-355.07257080078125
2022-11-15 08:01:25,912 - INFO: global_step=2965, episodic_return=-538.3529663085938
2022-11-15 08:01:25,932 - INFO: global_step=3020, episodic_return=-107.77369689941406
2022-11-15 08:01:25,955 - INFO: global_step=3089, episodic_return=-228.06414794921875
2022-11-15 08:01:25,980 - INFO: global_step=3168, episodic_return=-468.2460021972656
2022-11-15 08:01:25,997 - INFO: global_step=3225, episodic_return=-142.87197875976562
2022-11-15 08:01:26,021 - INFO: global_step=3296, episodic_return=-438.93450927734375
2022-11-15 08:01:26,043 - INFO: global_step=3368, episodic_return=-360.3099365234375
2022-11-15 08:01:26,064 - INFO: global_step=3433, episodic_return=-464.0155029296875
2022-11-15 08:01:26,090 - INFO: global_step=3512, episodic_return=-107.08395385742188
2022-11-15 08:01:26,126 - INFO: global_step=3603, episodic_return=-417.4254455566406
2022-11-15 08:01:26,160 - INFO: global_step=3694, episodic_return=-162.9391632080078
2022-11-15 08:01:26,185 - INFO: global_step=3769, episodic_return=-535.599853515625
2022-11-15 08:01:26,222 - INFO: global_step=3877, episodic_return=-708.6845092773438
2022-11-15 08:01:26,243 - INFO: global_step=3941, episodic_return=-356.92718505859375
2022-11-15 08:01:26,265 - INFO: global_step=4006, episodic_return=-299.2806396484375
2022-11-15 08:01:26,324 - INFO: global_step=4166, episodic_return=-308.4691162109375
2022-11-15 08:01:26,377 - INFO: global_step=4313, episodic_return=-563.3182983398438
2022-11-15 08:01:26,396 - INFO: global_step=4368, episodic_return=-388.67041015625
2022-11-15 08:01:26,421 - INFO: global_step=4432, episodic_return=-186.2296600341797
2022-11-15 08:01:26,448 - INFO: global_step=4514, episodic_return=-137.17822265625
2022-11-15 08:01:26,475 - INFO: global_step=4594, episodic_return=-556.6024169921875
2022-11-15 08:01:26,494 - INFO: global_step=4652, episodic_return=-109.21932983398438
2022-11-15 08:01:26,517 - INFO: global_step=4721, episodic_return=-108.2059555053711
2022-11-15 08:01:26,535 - INFO: global_step=4780, episodic_return=-127.41954040527344
2022-11-15 08:01:26,559 - INFO: global_step=4845, episodic_return=-124.426025390625
2022-11-15 08:01:26,608 - INFO: global_step=4964, episodic_return=-610.9376220703125
2022-11-15 08:01:26,641 - INFO: global_step=5051, episodic_return=-130.91143798828125
2022-11-15 08:01:26,669 - INFO: global_step=5113, episodic_return=-158.89263916015625
2022-11-15 08:01:26,710 - INFO: global_step=5208, episodic_return=-461.4073486328125
2022-11-15 08:01:26,734 - INFO: global_step=5266, episodic_return=-89.65007781982422
2022-11-15 08:01:26,759 - INFO: global_step=5319, episodic_return=-123.3148193359375
2022-11-15 08:01:26,838 - INFO: global_step=5491, episodic_return=-567.7291259765625
2022-11-15 08:01:26,865 - INFO: global_step=5560, episodic_return=-560.7025756835938
2022-11-15 08:01:26,898 - INFO: global_step=5652, episodic_return=-121.23771667480469
2022-11-15 08:01:26,919 - INFO: global_step=5710, episodic_return=-97.90606689453125
2022-11-15 08:01:26,948 - INFO: global_step=5786, episodic_return=-336.75640869140625
2022-11-15 08:01:26,970 - INFO: global_step=5851, episodic_return=-119.32806396484375
2022-11-15 08:01:26,988 - INFO: global_step=5906, episodic_return=-125.33049011230469
2022-11-15 08:01:27,011 - INFO: global_step=5975, episodic_return=-563.7462158203125
2022-11-15 08:01:27,046 - INFO: global_step=6079, episodic_return=-104.6827392578125
2022-11-15 08:01:27,083 - INFO: global_step=6190, episodic_return=-587.359375
2022-11-15 08:01:27,116 - INFO: global_step=6289, episodic_return=-519.1138916015625
2022-11-15 08:01:27,142 - INFO: global_step=6363, episodic_return=-522.5115966796875
2022-11-15 08:01:27,167 - INFO: global_step=6433, episodic_return=-537.5791015625
2022-11-15 08:01:27,187 - INFO: global_step=6488, episodic_return=-111.25961303710938
2022-11-15 08:01:27,266 - INFO: global_step=6675, episodic_return=-494.000244140625
2022-11-15 08:01:27,293 - INFO: global_step=6755, episodic_return=-555.771240234375
2022-11-15 08:01:27,322 - INFO: global_step=6838, episodic_return=-635.8683471679688
2022-11-15 08:01:27,341 - INFO: global_step=6903, episodic_return=-122.80677795410156
2022-11-15 08:01:27,376 - INFO: global_step=6997, episodic_return=-367.68170166015625
2022-11-15 08:01:27,404 - INFO: global_step=7075, episodic_return=-449.5011901855469
2022-11-15 08:01:27,425 - INFO: global_step=7140, episodic_return=-462.9166564941406
2022-11-15 08:01:27,443 - INFO: global_step=7193, episodic_return=-122.17416381835938
2022-11-15 08:01:27,479 - INFO: global_step=7296, episodic_return=-547.8773193359375
2022-11-15 08:01:27,495 - INFO: global_step=7352, episodic_return=-80.86297607421875
2022-11-15 08:01:27,517 - INFO: global_step=7419, episodic_return=-450.07177734375
2022-11-15 08:01:27,534 - INFO: global_step=7477, episodic_return=-87.69258880615234
2022-11-15 08:01:27,552 - INFO: global_step=7531, episodic_return=-119.578369140625
2022-11-15 08:01:27,576 - INFO: global_step=7599, episodic_return=-100.04752349853516
2022-11-15 08:01:27,601 - INFO: global_step=7673, episodic_return=-499.87054443359375
2022-11-15 08:01:27,628 - INFO: global_step=7756, episodic_return=-492.2789611816406
2022-11-15 08:01:27,651 - INFO: global_step=7826, episodic_return=-138.40139770507812
2022-11-15 08:01:27,687 - INFO: global_step=7931, episodic_return=-684.0599975585938
2022-11-15 08:01:27,705 - INFO: global_step=7984, episodic_return=-94.56742858886719
2022-11-15 08:01:27,727 - INFO: global_step=8049, episodic_return=-556.8362426757812
2022-11-15 08:01:27,748 - INFO: global_step=8111, episodic_return=-484.16546630859375
2022-11-15 08:01:27,851 - INFO: global_step=8329, episodic_return=-1292.8084716796875
2022-11-15 08:01:27,867 - INFO: global_step=8382, episodic_return=-107.22248840332031
2022-11-15 08:01:27,907 - INFO: global_step=8485, episodic_return=-434.5914001464844
2022-11-15 08:01:27,949 - INFO: global_step=8607, episodic_return=-430.4592590332031
2022-11-15 08:01:27,968 - INFO: global_step=8661, episodic_return=-234.55296325683594
2022-11-15 08:01:27,998 - INFO: global_step=8746, episodic_return=-530.30078125
2022-11-15 08:01:28,014 - INFO: global_step=8801, episodic_return=-408.2917175292969
2022-11-15 08:01:28,034 - INFO: global_step=8860, episodic_return=-106.19406127929688
2022-11-15 08:01:28,090 - INFO: global_step=9006, episodic_return=-697.6780395507812
2022-11-15 08:01:28,154 - INFO: global_step=9163, episodic_return=-717.2177734375
2022-11-15 08:01:28,185 - INFO: global_step=9245, episodic_return=-551.0089111328125
2022-11-15 08:01:28,205 - INFO: global_step=9303, episodic_return=-96.05621337890625
2022-11-15 08:01:28,226 - INFO: global_step=9367, episodic_return=-112.62106323242188
2022-11-15 08:01:28,250 - INFO: global_step=9437, episodic_return=-469.6507263183594
2022-11-15 08:01:28,325 - INFO: global_step=9615, episodic_return=-1013.5056762695312
2022-11-15 08:01:28,351 - INFO: global_step=9685, episodic_return=-510.0660705566406
2022-11-15 08:01:28,379 - INFO: global_step=9765, episodic_return=-125.60890197753906
2022-11-15 08:01:28,403 - INFO: global_step=9837, episodic_return=-137.51687622070312
2022-11-15 08:01:28,428 - INFO: global_step=9901, episodic_return=-101.73587036132812
2022-11-15 08:01:28,451 - INFO: global_step=9967, episodic_return=-445.6130676269531
2022-11-15 08:01:28,503 - INFO: global_step=10071, episodic_return=-487.05023193359375
2022-11-15 08:01:28,532 - INFO: global_step=10131, episodic_return=-315.19140625
2022-11-15 08:01:28,569 - INFO: global_step=10206, episodic_return=-537.672119140625
2022-11-15 08:01:28,601 - INFO: global_step=10268, episodic_return=-333.73040771484375
2022-11-15 08:01:28,646 - INFO: global_step=10351, episodic_return=-413.0575256347656
2022-11-15 08:01:28,677 - INFO: global_step=10420, episodic_return=-399.3425598144531
2022-11-15 08:01:28,720 - INFO: global_step=10517, episodic_return=-88.88289642333984
2022-11-15 08:01:28,746 - INFO: global_step=10575, episodic_return=-107.451416015625
2022-11-15 08:01:28,783 - INFO: global_step=10652, episodic_return=-163.75013732910156
2022-11-15 08:01:28,807 - INFO: global_step=10708, episodic_return=-99.49079132080078
2022-11-15 08:01:28,834 - INFO: global_step=10761, episodic_return=-136.7814483642578
2022-11-15 08:01:28,864 - INFO: global_step=10828, episodic_return=-140.88584899902344
2022-11-15 08:01:28,893 - INFO: global_step=10891, episodic_return=-99.63798522949219
2022-11-15 08:01:28,934 - INFO: global_step=10976, episodic_return=-330.40576171875
2022-11-15 08:01:28,967 - INFO: global_step=11042, episodic_return=-110.04460906982422
2022-11-15 08:01:29,007 - INFO: global_step=11131, episodic_return=-98.92475891113281
2022-11-15 08:01:29,033 - INFO: global_step=11188, episodic_return=-124.67560577392578
2022-11-15 08:01:29,077 - INFO: global_step=11281, episodic_return=-186.5447540283203
2022-11-15 08:01:29,103 - INFO: global_step=11340, episodic_return=-94.5831298828125
2022-11-15 08:01:29,132 - INFO: global_step=11401, episodic_return=-127.13587188720703
2022-11-15 08:01:29,158 - INFO: global_step=11460, episodic_return=-127.83321380615234
2022-11-15 08:01:29,190 - INFO: global_step=11522, episodic_return=-118.683349609375
2022-11-15 08:01:29,225 - INFO: global_step=11600, episodic_return=-169.08473205566406
2022-11-15 08:01:29,305 - INFO: global_step=11749, episodic_return=-185.0764923095703
2022-11-15 08:01:29,341 - INFO: global_step=11827, episodic_return=-132.3716278076172
2022-11-15 08:01:29,442 - INFO: global_step=12005, episodic_return=-92.13038635253906
2022-11-15 08:01:29,466 - INFO: global_step=12058, episodic_return=-95.1290283203125
2022-11-15 08:01:29,867 - INFO: global_step=12452, episodic_return=-474.1322021484375
2022-11-15 08:01:29,972 - INFO: global_step=12581, episodic_return=-367.7806396484375
2022-11-15 08:01:30,052 - INFO: global_step=12689, episodic_return=-300.7982177734375
2022-11-15 08:01:30,171 - INFO: global_step=12836, episodic_return=-102.3718032836914
2022-11-15 08:01:30,213 - INFO: global_step=12892, episodic_return=-184.8120880126953
2022-11-15 08:01:30,571 - INFO: global_step=13197, episodic_return=-439.2701110839844
2022-11-15 08:01:31,899 - INFO: global_step=14197, episodic_return=-172.45285034179688
2022-11-15 08:01:33,429 - INFO: global_step=15197, episodic_return=-90.6961669921875
2022-11-15 08:01:33,528 - INFO: global_step=15356, episodic_return=-239.63082885742188
2022-11-15 08:01:35,436 - INFO: global_step=16356, episodic_return=-158.83935546875
2022-11-15 08:01:36,922 - INFO: global_step=17356, episodic_return=-132.1509246826172
2022-11-15 08:01:38,391 - INFO: global_step=18356, episodic_return=-93.23458099365234
2022-11-15 08:01:38,571 - INFO: global_step=18615, episodic_return=-250.9997100830078
2022-11-15 08:01:38,858 - INFO: global_step=18934, episodic_return=-673.1091918945312
2022-11-15 08:01:39,004 - INFO: global_step=19139, episodic_return=-430.2350158691406
2022-11-15 08:01:39,083 - INFO: global_step=19278, episodic_return=-316.0966796875
2022-11-15 08:01:39,139 - INFO: global_step=19387, episodic_return=-294.6169128417969
2022-11-15 08:01:39,231 - INFO: global_step=19534, episodic_return=-232.04795837402344
2022-11-15 08:01:39,333 - INFO: global_step=19694, episodic_return=-436.94793701171875
2022-11-15 08:01:39,475 - INFO: global_step=19896, episodic_return=-366.4770202636719
2022-11-15 08:01:39,706 - INFO: global_step=20211, episodic_return=-250.36636352539062
2022-11-15 08:01:39,942 - INFO: global_step=20493, episodic_return=-46.80928039550781
2022-11-15 08:01:40,121 - INFO: global_step=20725, episodic_return=-131.46432495117188
2022-11-15 08:01:40,194 - INFO: global_step=20838, episodic_return=11.25543212890625
2022-11-15 08:01:41,117 - INFO: global_step=21632, episodic_return=-237.67388916015625
2022-11-15 08:01:42,624 - INFO: global_step=22632, episodic_return=-98.74126434326172
2022-11-15 08:01:44,652 - INFO: global_step=23632, episodic_return=-123.18916320800781
2022-11-15 08:01:46,119 - INFO: global_step=24632, episodic_return=-143.91299438476562
2022-11-15 08:01:47,845 - INFO: global_step=25632, episodic_return=-138.2911834716797
2022-11-15 08:01:49,787 - INFO: global_step=26632, episodic_return=-114.95438385009766
2022-11-15 08:01:51,265 - INFO: global_step=27632, episodic_return=-102.61036682128906
2022-11-15 08:01:53,360 - INFO: global_step=28632, episodic_return=-106.33899688720703
2022-11-15 08:01:54,782 - INFO: global_step=29632, episodic_return=-90.60244750976562
2022-11-15 08:01:56,859 - INFO: global_step=30632, episodic_return=-105.63624572753906
2022-11-15 08:01:58,753 - INFO: global_step=31632, episodic_return=-104.28900909423828
2022-11-15 08:02:00,500 - INFO: global_step=32632, episodic_return=-128.7923126220703
2022-11-15 08:02:01,905 - INFO: global_step=33632, episodic_return=-150.638427734375
2022-11-15 08:02:02,125 - INFO: global_step=33845, episodic_return=-299.9317626953125
2022-11-15 08:02:02,300 - INFO: global_step=34092, episodic_return=-244.59410095214844
2022-11-15 08:02:04,150 - INFO: global_step=35092, episodic_return=-92.74032592773438
2022-11-15 08:02:05,965 - INFO: global_step=36092, episodic_return=-138.9149169921875
2022-11-15 08:02:07,702 - INFO: global_step=37092, episodic_return=-128.5122833251953
2022-11-15 08:02:09,500 - INFO: global_step=38092, episodic_return=-122.68026733398438
2022-11-15 08:02:11,656 - INFO: global_step=39092, episodic_return=-93.4908218383789
2022-11-15 08:02:13,746 - INFO: global_step=40092, episodic_return=-104.75482940673828
2022-11-15 08:02:15,817 - INFO: global_step=41092, episodic_return=-91.16593933105469
2022-11-15 08:02:17,588 - INFO: global_step=42092, episodic_return=-79.02107238769531
2022-11-15 08:02:18,792 - INFO: global_step=42975, episodic_return=-190.477294921875
2022-11-15 08:02:21,043 - INFO: global_step=43975, episodic_return=-81.00757598876953
2022-11-15 08:02:22,268 - INFO: global_step=44975, episodic_return=-93.20587921142578
2022-11-15 08:02:24,138 - INFO: global_step=45975, episodic_return=-80.09378814697266
2022-11-15 08:02:25,968 - INFO: global_step=46975, episodic_return=-105.47421264648438
2022-11-15 08:02:28,307 - INFO: global_step=47975, episodic_return=-131.52952575683594
2022-11-15 08:02:30,015 - INFO: global_step=48975, episodic_return=-90.59153747558594
2022-11-15 08:02:31,347 - INFO: global_step=49975, episodic_return=-117.79610443115234
2022-11-15 08:02:32,884 - INFO: global_step=50975, episodic_return=-111.72052764892578
2022-11-15 08:02:34,508 - INFO: global_step=51975, episodic_return=-146.56593322753906
2022-11-15 08:02:36,363 - INFO: global_step=52975, episodic_return=-92.50904083251953
2022-11-15 08:02:38,419 - INFO: global_step=53975, episodic_return=-136.7762451171875
2022-11-15 08:02:40,137 - INFO: global_step=54975, episodic_return=-126.54901885986328
2022-11-15 08:02:41,559 - INFO: global_step=55975, episodic_return=-97.25392150878906
2022-11-15 08:02:43,143 - INFO: global_step=56975, episodic_return=-142.46986389160156
2022-11-15 08:02:44,536 - INFO: global_step=57975, episodic_return=-111.53974151611328
2022-11-15 08:02:46,121 - INFO: global_step=58975, episodic_return=-109.86698150634766
2022-11-15 08:02:47,711 - INFO: global_step=59975, episodic_return=-146.80389404296875
2022-11-15 08:02:49,478 - INFO: global_step=60975, episodic_return=-118.11860656738281
2022-11-15 08:02:51,250 - INFO: global_step=61975, episodic_return=-144.45071411132812
2022-11-15 08:02:53,290 - INFO: global_step=62975, episodic_return=-83.84086608886719
2022-11-15 08:02:54,828 - INFO: global_step=63975, episodic_return=-138.10348510742188
2022-11-15 08:02:57,125 - INFO: global_step=64975, episodic_return=-70.19770812988281
2022-11-15 08:02:59,270 - INFO: global_step=65975, episodic_return=-109.13681030273438
2022-11-15 08:03:00,876 - INFO: global_step=66975, episodic_return=-154.97552490234375
2022-11-15 08:03:02,407 - INFO: global_step=67975, episodic_return=-77.08186340332031
2022-11-15 08:03:04,190 - INFO: global_step=68975, episodic_return=-108.49150085449219
2022-11-15 08:03:05,386 - INFO: global_step=69975, episodic_return=-129.6080780029297
2022-11-15 08:03:07,034 - INFO: global_step=70975, episodic_return=-95.66233825683594
2022-11-15 08:03:08,824 - INFO: global_step=71975, episodic_return=-29.551755905151367
2022-11-15 08:03:10,284 - INFO: global_step=72975, episodic_return=-143.62789916992188
2022-11-15 08:03:11,524 - INFO: global_step=73975, episodic_return=-62.00300216674805
2022-11-15 08:03:13,563 - INFO: global_step=74975, episodic_return=-134.75791931152344
2022-11-15 08:03:15,318 - INFO: global_step=75975, episodic_return=-98.21134948730469
2022-11-15 08:03:16,904 - INFO: global_step=76975, episodic_return=-76.43062591552734
2022-11-15 08:03:18,469 - INFO: global_step=77975, episodic_return=-78.28475189208984
2022-11-15 08:03:20,264 - INFO: global_step=78975, episodic_return=-108.53108215332031
2022-11-15 08:03:21,545 - INFO: global_step=79975, episodic_return=3.051042079925537
2022-11-15 08:03:23,249 - INFO: global_step=80975, episodic_return=-72.84246826171875
2022-11-15 08:03:24,710 - INFO: global_step=81975, episodic_return=-86.91209411621094
2022-11-15 08:03:25,915 - INFO: global_step=82975, episodic_return=-23.138044357299805
2022-11-15 08:03:27,780 - INFO: global_step=83975, episodic_return=-22.46327781677246
2022-11-15 08:03:28,277 - INFO: global_step=84412, episodic_return=149.5812225341797
2022-11-15 08:03:30,434 - INFO: global_step=85412, episodic_return=-59.9849853515625
2022-11-15 08:03:32,036 - INFO: global_step=86412, episodic_return=-102.14337921142578
2022-11-15 08:03:34,012 - INFO: global_step=87412, episodic_return=-114.47087097167969
2022-11-15 08:03:36,861 - INFO: global_step=88412, episodic_return=-102.64410400390625
2022-11-15 08:03:38,010 - INFO: global_step=89240, episodic_return=149.68988037109375
2022-11-15 08:03:38,334 - INFO: global_step=89594, episodic_return=-68.70221710205078
2022-11-15 08:03:38,967 - INFO: global_step=90192, episodic_return=-80.05229187011719
2022-11-15 08:03:39,429 - INFO: global_step=90669, episodic_return=-189.66848754882812
2022-11-15 08:03:39,815 - INFO: global_step=91071, episodic_return=190.25790405273438
2022-11-15 08:03:40,056 - INFO: global_step=91380, episodic_return=-5.216087341308594
2022-11-15 08:03:40,263 - INFO: global_step=91626, episodic_return=-81.21696472167969
2022-11-15 08:03:40,545 - INFO: global_step=91935, episodic_return=-335.35931396484375
2022-11-15 08:03:40,816 - INFO: global_step=92248, episodic_return=-176.0692138671875
2022-11-15 08:03:41,306 - INFO: global_step=92678, episodic_return=-189.11962890625
2022-11-15 08:03:41,513 - INFO: global_step=92901, episodic_return=-169.22552490234375
2022-11-15 08:03:41,809 - INFO: global_step=93195, episodic_return=-134.339111328125
2022-11-15 08:03:41,878 - INFO: global_step=93290, episodic_return=-127.68814849853516
2022-11-15 08:03:42,090 - INFO: global_step=93529, episodic_return=-158.40872192382812
2022-11-15 08:03:42,539 - INFO: global_step=93938, episodic_return=-134.72213745117188
2022-11-15 08:03:43,084 - INFO: global_step=94374, episodic_return=-120.9627914428711
2022-11-15 08:03:44,651 - INFO: global_step=95374, episodic_return=-49.49224853515625
2022-11-15 08:03:46,144 - INFO: global_step=96374, episodic_return=-87.22772216796875
2022-11-15 08:03:47,629 - INFO: global_step=97374, episodic_return=-115.15424346923828
2022-11-15 08:03:49,135 - INFO: global_step=98374, episodic_return=-126.12187194824219
2022-11-15 08:03:50,912 - INFO: global_step=99374, episodic_return=-120.56674194335938
2022-11-15 08:03:52,329 - INFO: global_step=100374, episodic_return=-120.13471221923828
2022-11-15 08:03:54,499 - INFO: global_step=101374, episodic_return=-110.95445251464844
2022-11-15 08:03:55,996 - INFO: global_step=102374, episodic_return=-127.57494354248047
2022-11-15 08:03:57,593 - INFO: global_step=103374, episodic_return=-122.04403686523438
2022-11-15 08:03:59,068 - INFO: global_step=104374, episodic_return=-84.26040649414062
2022-11-15 08:04:00,744 - INFO: global_step=105374, episodic_return=-56.81794738769531
2022-11-15 08:04:02,260 - INFO: global_step=106374, episodic_return=-37.32406997680664
2022-11-15 08:04:03,924 - INFO: global_step=107374, episodic_return=-89.0135498046875
2022-11-15 08:04:05,312 - INFO: global_step=108374, episodic_return=-43.915855407714844
2022-11-15 08:04:06,677 - INFO: global_step=109374, episodic_return=-59.508609771728516
2022-11-15 08:04:07,077 - INFO: global_step=109741, episodic_return=-147.81658935546875
2022-11-15 08:04:08,220 - INFO: global_step=110741, episodic_return=-86.91844940185547
2022-11-15 08:04:09,684 - INFO: global_step=111741, episodic_return=-64.31475830078125
2022-11-15 08:04:11,780 - INFO: global_step=112741, episodic_return=-60.68085861206055
2022-11-15 08:04:13,241 - INFO: global_step=113741, episodic_return=-59.22886276245117
2022-11-15 08:04:14,827 - INFO: global_step=114741, episodic_return=-116.61808776855469
2022-11-15 08:04:16,617 - INFO: global_step=115741, episodic_return=-103.76243591308594
2022-11-15 08:04:17,936 - INFO: global_step=116741, episodic_return=-36.83177947998047
2022-11-15 08:04:19,852 - INFO: global_step=117741, episodic_return=-70.43122863769531
2022-11-15 08:04:21,281 - INFO: global_step=118741, episodic_return=-8.157768249511719
2022-11-15 08:04:23,041 - INFO: global_step=119741, episodic_return=-5.446931838989258
2022-11-15 08:04:24,469 - INFO: global_step=120741, episodic_return=-91.47759246826172
2022-11-15 08:04:25,954 - INFO: global_step=121741, episodic_return=-81.0683364868164
2022-11-15 08:04:27,911 - INFO: global_step=122741, episodic_return=-71.43238830566406
2022-11-15 08:04:30,244 - INFO: global_step=123741, episodic_return=0.7048776149749756
2022-11-15 08:04:31,763 - INFO: global_step=124741, episodic_return=-122.75152587890625
2022-11-15 08:04:33,050 - INFO: global_step=125741, episodic_return=-105.89891815185547
2022-11-15 08:04:34,722 - INFO: global_step=126741, episodic_return=-46.200103759765625
2022-11-15 08:04:36,008 - INFO: global_step=127741, episodic_return=-24.4521427154541
2022-11-15 08:04:37,745 - INFO: global_step=128741, episodic_return=-38.43719482421875
2022-11-15 08:04:37,856 - INFO: global_step=128895, episodic_return=-90.9801025390625
2022-11-15 08:04:39,420 - INFO: global_step=129895, episodic_return=-72.93436431884766
2022-11-15 08:04:40,513 - INFO: global_step=130895, episodic_return=-126.3843765258789
2022-11-15 08:04:42,353 - INFO: global_step=131895, episodic_return=-131.15696716308594
2022-11-15 08:04:44,239 - INFO: global_step=132895, episodic_return=-91.32901000976562
2022-11-15 08:04:45,783 - INFO: global_step=133895, episodic_return=-100.21284484863281
2022-11-15 08:04:47,337 - INFO: global_step=134895, episodic_return=-110.94332122802734
2022-11-15 08:04:48,814 - INFO: global_step=135895, episodic_return=-117.71875762939453
2022-11-15 08:04:50,991 - INFO: global_step=136895, episodic_return=-97.54227447509766
2022-11-15 08:04:52,474 - INFO: global_step=137895, episodic_return=-85.60990905761719
2022-11-15 08:04:54,414 - INFO: global_step=138895, episodic_return=-68.84391784667969
2022-11-15 08:04:56,643 - INFO: global_step=139895, episodic_return=-78.15771484375
2022-11-15 08:04:58,177 - INFO: global_step=140895, episodic_return=-18.630779266357422
2022-11-15 08:04:59,755 - INFO: global_step=141895, episodic_return=-119.46649169921875
2022-11-15 08:05:01,522 - INFO: global_step=142895, episodic_return=-72.6002426147461
2022-11-15 08:05:03,292 - INFO: global_step=143895, episodic_return=-98.45877075195312
2022-11-15 08:05:05,329 - INFO: global_step=144895, episodic_return=18.071083068847656
2022-11-15 08:05:07,060 - INFO: global_step=145895, episodic_return=-97.23745727539062
2022-11-15 08:05:07,283 - INFO: global_step=146188, episodic_return=-191.89028930664062
2022-11-15 08:05:07,973 - INFO: global_step=146764, episodic_return=157.6383819580078
2022-11-15 08:05:09,160 - INFO: global_step=147533, episodic_return=134.1682586669922
2022-11-15 08:05:10,930 - INFO: global_step=148533, episodic_return=-97.68630981445312
2022-11-15 08:05:11,631 - INFO: global_step=149089, episodic_return=-42.69907760620117
2022-11-15 08:05:12,881 - INFO: global_step=150089, episodic_return=-34.63013458251953
2022-11-15 08:05:14,304 - INFO: global_step=151089, episodic_return=-67.84255981445312
2022-11-15 08:05:15,898 - INFO: global_step=152089, episodic_return=-55.85420608520508
2022-11-15 08:05:17,694 - INFO: global_step=153089, episodic_return=-49.782779693603516
2022-11-15 08:05:19,046 - INFO: global_step=154089, episodic_return=-132.0098114013672
2022-11-15 08:05:20,589 - INFO: global_step=155089, episodic_return=-18.565807342529297
2022-11-15 08:05:21,915 - INFO: global_step=156089, episodic_return=-120.8624038696289
2022-11-15 08:05:23,744 - INFO: global_step=157089, episodic_return=-116.45024108886719
2022-11-15 08:05:25,541 - INFO: global_step=158089, episodic_return=-26.963665008544922
2022-11-15 08:05:27,212 - INFO: global_step=159089, episodic_return=-106.347900390625
2022-11-15 08:05:28,618 - INFO: global_step=160089, episodic_return=-96.41498565673828
2022-11-15 08:05:30,337 - INFO: global_step=161089, episodic_return=-100.69635009765625
2022-11-15 08:05:32,036 - INFO: global_step=162089, episodic_return=-33.35289001464844
2022-11-15 08:05:33,515 - INFO: global_step=163089, episodic_return=-63.059017181396484
2022-11-15 08:05:34,613 - INFO: global_step=164089, episodic_return=-91.00860595703125
2022-11-15 08:05:36,044 - INFO: global_step=165089, episodic_return=-47.271244049072266
2022-11-15 08:05:38,026 - INFO: global_step=166089, episodic_return=-70.37603759765625
2022-11-15 08:05:39,535 - INFO: global_step=167089, episodic_return=-99.41558837890625
2022-11-15 08:05:41,246 - INFO: global_step=168089, episodic_return=-125.64347076416016
2022-11-15 08:05:43,451 - INFO: global_step=169089, episodic_return=-124.18423461914062
2022-11-15 08:05:45,040 - INFO: global_step=170089, episodic_return=-120.04529571533203
2022-11-15 08:05:46,928 - INFO: global_step=171089, episodic_return=-60.187068939208984
2022-11-15 08:05:48,483 - INFO: global_step=172089, episodic_return=-132.0546417236328
2022-11-15 08:05:49,652 - INFO: global_step=173089, episodic_return=-26.397560119628906
2022-11-15 08:05:51,405 - INFO: global_step=174089, episodic_return=-36.327152252197266
2022-11-15 08:05:53,229 - INFO: global_step=175089, episodic_return=-79.26738739013672
2022-11-15 08:05:54,750 - INFO: global_step=176089, episodic_return=-77.95003509521484
2022-11-15 08:05:56,216 - INFO: global_step=177089, episodic_return=-104.615478515625
2022-11-15 08:05:57,406 - INFO: global_step=178089, episodic_return=-63.613834381103516
2022-11-15 08:05:58,576 - INFO: global_step=179089, episodic_return=-72.84339141845703
2022-11-15 08:05:59,784 - INFO: global_step=180089, episodic_return=-87.43280029296875
2022-11-15 08:06:01,365 - INFO: global_step=181089, episodic_return=-41.80140686035156
2022-11-15 08:06:03,266 - INFO: global_step=182089, episodic_return=-98.86389923095703
2022-11-15 08:06:04,823 - INFO: global_step=183089, episodic_return=-48.94947052001953
2022-11-15 08:06:05,111 - INFO: global_step=183406, episodic_return=20.861068725585938
2022-11-15 08:06:05,221 - INFO: global_step=183566, episodic_return=-100.03559875488281
2022-11-15 08:06:06,444 - INFO: global_step=184566, episodic_return=-114.50822448730469
2022-11-15 08:06:07,028 - INFO: global_step=185138, episodic_return=-94.4353256225586
2022-11-15 08:06:08,657 - INFO: global_step=186138, episodic_return=-70.13932800292969
2022-11-15 08:06:10,490 - INFO: global_step=187138, episodic_return=-17.250091552734375
2022-11-15 08:06:12,148 - INFO: global_step=188138, episodic_return=-49.11490249633789
2022-11-15 08:06:13,745 - INFO: global_step=189138, episodic_return=-32.345619201660156
2022-11-15 08:06:15,755 - INFO: global_step=190138, episodic_return=-68.10816955566406
2022-11-15 08:06:17,431 - INFO: global_step=191138, episodic_return=-14.263111114501953
2022-11-15 08:06:19,672 - INFO: global_step=192138, episodic_return=-127.59854125976562
2022-11-15 08:06:20,002 - INFO: global_step=192480, episodic_return=30.036849975585938
2022-11-15 08:06:21,621 - INFO: global_step=193480, episodic_return=4.874492168426514
2022-11-15 08:06:23,835 - INFO: global_step=194480, episodic_return=-36.98939514160156
2022-11-15 08:06:25,419 - INFO: global_step=195347, episodic_return=-118.00931549072266
2022-11-15 08:06:27,211 - INFO: global_step=196347, episodic_return=-66.1528549194336
2022-11-15 08:06:29,012 - INFO: global_step=197270, episodic_return=-262.7889709472656
2022-11-15 08:06:30,901 - INFO: global_step=198270, episodic_return=-87.79026794433594
2022-11-15 08:06:32,797 - INFO: global_step=199270, episodic_return=-38.278194427490234
2022-11-15 08:06:33,128 - INFO: global_step=199539, episodic_return=21.974044799804688
2022-11-15 08:06:34,922 - INFO: global_step=200539, episodic_return=-70.15117645263672
2022-11-15 08:06:34,970 - INFO: global_step=200619, episodic_return=-68.56294250488281
2022-11-15 08:06:37,082 - INFO: global_step=201619, episodic_return=-10.21902084350586
2022-11-15 08:06:39,535 - INFO: global_step=202619, episodic_return=-130.13381958007812
2022-11-15 08:06:41,277 - INFO: global_step=203619, episodic_return=-94.4568099975586
2022-11-15 08:06:43,325 - INFO: global_step=204619, episodic_return=-126.10435485839844
2022-11-15 08:06:44,812 - INFO: global_step=205619, episodic_return=-89.63610076904297
2022-11-15 08:06:46,798 - INFO: global_step=206619, episodic_return=-102.04573059082031
2022-11-15 08:06:48,991 - INFO: global_step=207619, episodic_return=-96.01026153564453
2022-11-15 08:06:50,786 - INFO: global_step=208619, episodic_return=-124.39044189453125
2022-11-15 08:06:53,153 - INFO: global_step=209619, episodic_return=-142.9498748779297
2022-11-15 08:06:54,673 - INFO: global_step=210619, episodic_return=-99.28591918945312
2022-11-15 08:06:56,265 - INFO: global_step=211619, episodic_return=-52.54930877685547
2022-11-15 08:06:58,447 - INFO: global_step=212619, episodic_return=-126.468505859375
2022-11-15 08:06:59,759 - INFO: global_step=213619, episodic_return=-94.7492446899414
2022-11-15 08:07:01,041 - INFO: global_step=214619, episodic_return=-84.1705551147461
2022-11-15 08:07:02,450 - INFO: global_step=215619, episodic_return=-54.51704025268555
2022-11-15 08:07:03,605 - INFO: global_step=216619, episodic_return=-113.68102264404297
2022-11-15 08:07:05,311 - INFO: global_step=217619, episodic_return=-123.34730529785156
2022-11-15 08:07:06,883 - INFO: global_step=218619, episodic_return=-83.46986389160156
2022-11-15 08:07:08,709 - INFO: global_step=219619, episodic_return=-126.4510726928711
2022-11-15 08:07:10,220 - INFO: global_step=220619, episodic_return=-18.948026657104492
2022-11-15 08:07:11,636 - INFO: global_step=221619, episodic_return=-98.35234832763672
2022-11-15 08:07:13,208 - INFO: global_step=222619, episodic_return=-66.1823501586914
2022-11-15 08:07:13,460 - INFO: global_step=222912, episodic_return=-50.11369705200195
2022-11-15 08:07:13,666 - INFO: global_step=223159, episodic_return=-113.1163558959961
2022-11-15 08:07:13,981 - INFO: global_step=223579, episodic_return=-176.74302673339844
2022-11-15 08:07:14,425 - INFO: global_step=224059, episodic_return=-239.93603515625
2022-11-15 08:07:16,174 - INFO: global_step=225059, episodic_return=-28.505779266357422
2022-11-15 08:07:16,692 - INFO: global_step=225551, episodic_return=-166.70603942871094
2022-11-15 08:07:16,915 - INFO: global_step=225821, episodic_return=-109.03590393066406
2022-11-15 08:07:18,963 - INFO: global_step=226821, episodic_return=-155.64773559570312
2022-11-15 08:07:20,287 - INFO: global_step=227821, episodic_return=-132.40762329101562
2022-11-15 08:07:21,953 - INFO: global_step=228821, episodic_return=-164.57763671875
2022-11-15 08:07:22,019 - INFO: global_step=228915, episodic_return=-170.61488342285156
2022-11-15 08:07:22,088 - INFO: global_step=229022, episodic_return=-125.50933074951172
2022-11-15 08:07:22,369 - INFO: global_step=229365, episodic_return=-67.0179443359375
2022-11-15 08:07:23,820 - INFO: global_step=230365, episodic_return=-142.998046875
2022-11-15 08:07:26,038 - INFO: global_step=231365, episodic_return=-135.82664489746094
2022-11-15 08:07:27,745 - INFO: global_step=232365, episodic_return=-121.25125122070312
2022-11-15 08:07:29,881 - INFO: global_step=233365, episodic_return=-126.86497497558594
2022-11-15 08:07:31,405 - INFO: global_step=234365, episodic_return=-120.1944808959961
2022-11-15 08:07:33,308 - INFO: global_step=235365, episodic_return=-126.58712005615234
2022-11-15 08:07:34,617 - INFO: global_step=236365, episodic_return=-65.0600814819336
2022-11-15 08:07:36,091 - INFO: global_step=237365, episodic_return=-161.01487731933594
2022-11-15 08:07:37,736 - INFO: global_step=238365, episodic_return=-100.45980834960938
2022-11-15 08:07:39,143 - INFO: global_step=239365, episodic_return=-68.67656707763672
2022-11-15 08:07:40,913 - INFO: global_step=240365, episodic_return=-107.87800598144531
2022-11-15 08:07:42,921 - INFO: global_step=241365, episodic_return=-128.85134887695312
2022-11-15 08:07:44,671 - INFO: global_step=242365, episodic_return=-128.60012817382812
2022-11-15 08:07:45,867 - INFO: global_step=243365, episodic_return=-33.90385055541992
2022-11-15 08:07:47,315 - INFO: global_step=244365, episodic_return=-63.36741256713867
2022-11-15 08:07:49,137 - INFO: global_step=245365, episodic_return=-146.87059020996094
2022-11-15 08:07:50,626 - INFO: global_step=246365, episodic_return=-122.01071166992188
2022-11-15 08:07:52,229 - INFO: global_step=247365, episodic_return=-108.58909606933594
2022-11-15 08:07:53,931 - INFO: global_step=248365, episodic_return=-139.17237854003906
2022-11-15 08:07:55,298 - INFO: global_step=249365, episodic_return=-117.13652801513672
2022-11-15 08:07:56,559 - INFO: global_step=250365, episodic_return=-100.46990966796875
2022-11-15 08:07:58,532 - INFO: global_step=251365, episodic_return=-105.82664489746094
2022-11-15 08:08:00,961 - INFO: global_step=252365, episodic_return=-106.63919067382812
2022-11-15 08:08:02,544 - INFO: global_step=253365, episodic_return=-126.82586669921875
2022-11-15 08:08:03,967 - INFO: global_step=254365, episodic_return=-96.36602783203125
2022-11-15 08:08:05,680 - INFO: global_step=255365, episodic_return=-74.97479248046875
2022-11-15 08:08:08,059 - INFO: global_step=256365, episodic_return=-19.58977508544922
2022-11-15 08:08:09,836 - INFO: global_step=257365, episodic_return=-66.58187866210938
2022-11-15 08:08:11,597 - INFO: global_step=258365, episodic_return=-86.66072845458984
2022-11-15 08:08:13,187 - INFO: global_step=259365, episodic_return=-63.60322189331055
2022-11-15 08:08:14,917 - INFO: global_step=260365, episodic_return=-45.839385986328125
2022-11-15 08:08:17,027 - INFO: global_step=261365, episodic_return=-54.7222785949707
2022-11-15 08:08:17,075 - INFO: global_step=261449, episodic_return=-4.781822204589844
2022-11-15 08:08:18,540 - INFO: global_step=262449, episodic_return=-32.94162368774414
2022-11-15 08:08:19,015 - INFO: global_step=262909, episodic_return=-155.36964416503906
2022-11-15 08:08:20,672 - INFO: global_step=263909, episodic_return=-95.69544982910156
2022-11-15 08:08:21,385 - INFO: global_step=264500, episodic_return=-139.24107360839844
2022-11-15 08:08:22,781 - INFO: global_step=265500, episodic_return=-79.53921508789062
2022-11-15 08:08:24,123 - INFO: global_step=266500, episodic_return=-73.1291732788086
2022-11-15 08:08:25,650 - INFO: global_step=267500, episodic_return=-109.13165283203125
2022-11-15 08:08:27,739 - INFO: global_step=268500, episodic_return=-128.35809326171875
2022-11-15 08:08:29,901 - INFO: global_step=269500, episodic_return=-58.91518783569336
2022-11-15 08:08:31,583 - INFO: global_step=270500, episodic_return=-94.05815887451172
2022-11-15 08:08:33,012 - INFO: global_step=271500, episodic_return=-100.12957000732422
2022-11-15 08:08:35,209 - INFO: global_step=272500, episodic_return=-89.88851928710938
2022-11-15 08:08:36,764 - INFO: global_step=273500, episodic_return=-43.28911209106445
2022-11-15 08:08:38,572 - INFO: global_step=274500, episodic_return=-55.138492584228516
2022-11-15 08:08:40,125 - INFO: global_step=275500, episodic_return=-24.48750877380371
2022-11-15 08:08:41,927 - INFO: global_step=276500, episodic_return=-39.802574157714844
2022-11-15 08:08:44,021 - INFO: global_step=277500, episodic_return=-73.0617904663086
2022-11-15 08:08:45,932 - INFO: global_step=278500, episodic_return=-14.575739860534668
2022-11-15 08:08:46,039 - INFO: global_step=278642, episodic_return=-45.27669143676758
2022-11-15 08:08:47,902 - INFO: global_step=279642, episodic_return=-60.41004180908203
2022-11-15 08:08:49,640 - INFO: global_step=280642, episodic_return=-42.213279724121094
2022-11-15 08:08:52,272 - INFO: global_step=281642, episodic_return=-15.32724666595459
2022-11-15 08:08:54,525 - INFO: global_step=282642, episodic_return=-33.7019157409668
2022-11-15 08:08:56,739 - INFO: global_step=283642, episodic_return=-61.167869567871094
2022-11-15 08:08:59,184 - INFO: global_step=284642, episodic_return=-21.2341365814209
2022-11-15 08:09:00,819 - INFO: global_step=285642, episodic_return=1.6054413318634033
2022-11-15 08:09:02,771 - INFO: global_step=286642, episodic_return=-24.313169479370117
2022-11-15 08:09:04,509 - INFO: global_step=287642, episodic_return=-20.247150421142578
2022-11-15 08:09:06,862 - INFO: global_step=288642, episodic_return=0.24130016565322876
2022-11-15 08:09:08,173 - INFO: global_step=289642, episodic_return=6.96863317489624
2022-11-15 08:09:09,763 - INFO: global_step=290642, episodic_return=-12.856517791748047
2022-11-15 08:09:11,129 - INFO: global_step=291642, episodic_return=-20.63057518005371
2022-11-15 08:09:12,931 - INFO: global_step=292642, episodic_return=-2.1162099838256836
2022-11-15 08:09:14,749 - INFO: global_step=293642, episodic_return=-34.74586486816406
2022-11-15 08:09:16,375 - INFO: global_step=294642, episodic_return=5.770815849304199
2022-11-15 08:09:17,765 - INFO: global_step=295642, episodic_return=-43.11014175415039
2022-11-15 08:09:19,134 - INFO: global_step=296642, episodic_return=42.182716369628906
2022-11-15 08:09:21,355 - INFO: global_step=297642, episodic_return=11.633110046386719
2022-11-15 08:09:23,440 - INFO: global_step=298642, episodic_return=-5.636921405792236
2022-11-15 08:09:25,488 - INFO: global_step=299642, episodic_return=-38.10874938964844
2022-11-15 08:09:26,909 - INFO: global_step=300642, episodic_return=-17.609994888305664
2022-11-15 08:09:28,793 - INFO: global_step=301642, episodic_return=-46.529457092285156
2022-11-15 08:09:28,901 - INFO: global_step=301764, episodic_return=-162.8684844970703
2022-11-15 08:09:30,128 - INFO: global_step=302764, episodic_return=-54.75248336791992
2022-11-15 08:09:30,210 - INFO: global_step=302896, episodic_return=-8.048965454101562
2022-11-15 08:09:32,126 - INFO: global_step=303896, episodic_return=11.898626327514648
2022-11-15 08:09:34,022 - INFO: global_step=304896, episodic_return=-30.417606353759766
2022-11-15 08:09:36,137 - INFO: global_step=305896, episodic_return=-55.46671676635742
2022-11-15 08:09:38,368 - INFO: global_step=306896, episodic_return=0.3595304489135742
2022-11-15 08:09:40,233 - INFO: global_step=307896, episodic_return=35.65774154663086
2022-11-15 08:09:42,090 - INFO: global_step=308896, episodic_return=-13.515702247619629
2022-11-15 08:09:43,735 - INFO: global_step=309896, episodic_return=-42.736610412597656
2022-11-15 08:09:45,076 - INFO: global_step=310896, episodic_return=-51.74628829956055
2022-11-15 08:09:46,706 - INFO: global_step=311896, episodic_return=-55.13942337036133
2022-11-15 08:09:48,051 - INFO: global_step=312896, episodic_return=-77.02633666992188
2022-11-15 08:09:49,314 - INFO: global_step=313896, episodic_return=-41.408660888671875
2022-11-15 08:09:50,973 - INFO: global_step=314896, episodic_return=-13.690184593200684
2022-11-15 08:09:52,949 - INFO: global_step=315896, episodic_return=-6.794790744781494
2022-11-15 08:09:54,750 - INFO: global_step=316896, episodic_return=-32.67096710205078
2022-11-15 08:09:56,627 - INFO: global_step=317896, episodic_return=-16.838539123535156
2022-11-15 08:09:58,333 - INFO: global_step=318896, episodic_return=-20.46685218811035
2022-11-15 08:10:00,101 - INFO: global_step=319896, episodic_return=-26.94980239868164
2022-11-15 08:10:01,656 - INFO: global_step=320896, episodic_return=-20.210227966308594
2022-11-15 08:10:03,758 - INFO: global_step=321896, episodic_return=30.41626739501953
2022-11-15 08:10:06,701 - INFO: global_step=322896, episodic_return=-34.58707809448242
2022-11-15 08:10:08,557 - INFO: global_step=323896, episodic_return=6.741927146911621
2022-11-15 08:10:09,882 - INFO: global_step=324896, episodic_return=29.45061683654785
2022-11-15 08:10:11,889 - INFO: global_step=325896, episodic_return=-2.1744298934936523
2022-11-15 08:10:13,659 - INFO: global_step=326896, episodic_return=-43.31099319458008
2022-11-15 08:10:15,403 - INFO: global_step=327896, episodic_return=-19.042322158813477
2022-11-15 08:10:15,848 - INFO: global_step=328280, episodic_return=234.4130859375
2022-11-15 08:10:15,995 - INFO: global_step=328487, episodic_return=-56.50129699707031
2022-11-15 08:10:17,449 - INFO: global_step=329487, episodic_return=1.8176512718200684
2022-11-15 08:10:19,489 - INFO: global_step=330487, episodic_return=-14.720072746276855
2022-11-15 08:10:21,546 - INFO: global_step=331487, episodic_return=40.488826751708984
2022-11-15 08:10:23,474 - INFO: global_step=332487, episodic_return=-6.845306873321533
2022-11-15 08:10:25,703 - INFO: global_step=333487, episodic_return=46.1693000793457
2022-11-15 08:10:27,816 - INFO: global_step=334487, episodic_return=-41.38360595703125
2022-11-15 08:10:29,757 - INFO: global_step=335487, episodic_return=-7.425101280212402
2022-11-15 08:10:30,102 - INFO: global_step=335842, episodic_return=235.7710723876953
2022-11-15 08:10:30,997 - INFO: global_step=336490, episodic_return=251.27268981933594
2022-11-15 08:10:31,126 - INFO: global_step=336677, episodic_return=-47.918052673339844
2022-11-15 08:10:31,172 - INFO: global_step=336755, episodic_return=-106.11478424072266
2022-11-15 08:10:31,479 - INFO: global_step=337140, episodic_return=-237.5462646484375
2022-11-15 08:10:31,655 - INFO: global_step=337362, episodic_return=29.03973388671875
2022-11-15 08:10:31,699 - INFO: global_step=337433, episodic_return=-56.11196517944336
2022-11-15 08:10:31,736 - INFO: global_step=337493, episodic_return=-69.74374389648438
2022-11-15 08:10:31,799 - INFO: global_step=337586, episodic_return=-89.92754364013672
2022-11-15 08:10:33,550 - INFO: global_step=338586, episodic_return=15.1065034866333
2022-11-15 08:10:33,844 - INFO: global_step=338931, episodic_return=-381.049072265625
2022-11-15 08:10:35,651 - INFO: global_step=339931, episodic_return=-36.98250198364258
2022-11-15 08:10:37,423 - INFO: global_step=340931, episodic_return=-18.91249656677246
2022-11-15 08:10:38,646 - INFO: global_step=341931, episodic_return=-9.928598403930664
2022-11-15 08:10:40,369 - INFO: global_step=342931, episodic_return=-28.068931579589844
2022-11-15 08:10:41,450 - INFO: global_step=343757, episodic_return=148.3072509765625
2022-11-15 08:10:43,157 - INFO: global_step=344757, episodic_return=-72.95594787597656
2022-11-15 08:10:44,588 - INFO: global_step=345757, episodic_return=-5.3870086669921875
2022-11-15 08:10:46,347 - INFO: global_step=346757, episodic_return=-32.53752899169922
2022-11-15 08:10:47,838 - INFO: global_step=347757, episodic_return=-2.833430528640747
2022-11-15 08:10:49,556 - INFO: global_step=348757, episodic_return=108.33500671386719
2022-11-15 08:10:49,953 - INFO: global_step=349062, episodic_return=216.180908203125
2022-11-15 08:10:52,030 - INFO: global_step=350062, episodic_return=42.446868896484375
2022-11-15 08:10:53,407 - INFO: global_step=350869, episodic_return=150.083984375
2022-11-15 08:10:54,882 - INFO: global_step=351869, episodic_return=50.923789978027344
2022-11-15 08:10:56,842 - INFO: global_step=352869, episodic_return=19.42588996887207
2022-11-15 08:10:58,281 - INFO: global_step=353869, episodic_return=51.695186614990234
2022-11-15 08:10:59,359 - INFO: global_step=354714, episodic_return=207.48773193359375
2022-11-15 08:11:00,123 - INFO: global_step=355183, episodic_return=232.19700622558594
2022-11-15 08:11:00,564 - INFO: global_step=355583, episodic_return=196.48696899414062
2022-11-15 08:11:01,187 - INFO: global_step=356134, episodic_return=188.24716186523438
2022-11-15 08:11:01,998 - INFO: global_step=356649, episodic_return=211.65280151367188
2022-11-15 08:11:02,418 - INFO: global_step=357038, episodic_return=206.69512939453125
2022-11-15 08:11:02,833 - INFO: global_step=357433, episodic_return=262.04205322265625
2022-11-15 08:11:03,207 - INFO: global_step=357818, episodic_return=255.58323669433594
2022-11-15 08:11:03,855 - INFO: global_step=358430, episodic_return=202.97006225585938
2022-11-15 08:11:04,189 - INFO: global_step=358831, episodic_return=189.6802978515625
2022-11-15 08:11:04,548 - INFO: global_step=359210, episodic_return=215.00360107421875
2022-11-15 08:11:04,813 - INFO: global_step=359578, episodic_return=274.67181396484375
2022-11-15 08:11:05,174 - INFO: global_step=359956, episodic_return=203.86569213867188
2022-11-15 08:11:05,737 - INFO: global_step=360497, episodic_return=241.5888671875
2022-11-15 08:11:06,184 - INFO: global_step=360915, episodic_return=208.19590759277344
2022-11-15 08:11:06,630 - INFO: global_step=361384, episodic_return=209.90322875976562
2022-11-15 08:11:07,561 - INFO: global_step=361747, episodic_return=273.2480773925781
2022-11-15 08:11:08,147 - INFO: global_step=362274, episodic_return=214.71221923828125
2022-11-15 08:11:09,112 - INFO: global_step=362712, episodic_return=155.12698364257812
2022-11-15 08:11:09,901 - INFO: global_step=363243, episodic_return=147.56484985351562
2022-11-15 08:11:10,706 - INFO: global_step=363845, episodic_return=218.71694946289062
2022-11-15 08:11:11,976 - INFO: global_step=364668, episodic_return=187.7974853515625
2022-11-15 08:11:12,703 - INFO: global_step=365185, episodic_return=262.8514709472656
2022-11-15 08:11:12,969 - INFO: global_step=365481, episodic_return=263.4823303222656
2022-11-15 08:11:13,360 - INFO: global_step=365898, episodic_return=260.76824951171875
2022-11-15 08:11:13,507 - INFO: global_step=366084, episodic_return=1.3770523071289062
2022-11-15 08:11:13,773 - INFO: global_step=366382, episodic_return=279.96905517578125
2022-11-15 08:11:14,225 - INFO: global_step=366803, episodic_return=227.65896606445312
2022-11-15 08:11:14,582 - INFO: global_step=367204, episodic_return=270.7579345703125
2022-11-15 08:11:14,867 - INFO: global_step=367481, episodic_return=249.3601531982422
2022-11-15 08:11:15,551 - INFO: global_step=367934, episodic_return=257.4548034667969
2022-11-15 08:11:15,959 - INFO: global_step=368388, episodic_return=193.6795654296875
2022-11-15 08:11:16,296 - INFO: global_step=368738, episodic_return=247.72076416015625
2022-11-15 08:11:16,701 - INFO: global_step=369205, episodic_return=-108.68148040771484
2022-11-15 08:11:17,595 - INFO: global_step=369901, episodic_return=212.52044677734375
2022-11-15 08:11:18,117 - INFO: global_step=370434, episodic_return=-248.40350341796875
2022-11-15 08:11:18,300 - INFO: global_step=370668, episodic_return=-109.27279663085938
2022-11-15 08:11:19,910 - INFO: global_step=371668, episodic_return=-75.87317657470703
2022-11-15 08:11:20,059 - INFO: global_step=371809, episodic_return=-21.073379516601562
2022-11-15 08:11:20,456 - INFO: global_step=372150, episodic_return=258.5362548828125
2022-11-15 08:11:20,815 - INFO: global_step=372398, episodic_return=203.26727294921875
2022-11-15 08:11:22,625 - INFO: global_step=373398, episodic_return=64.41537475585938
2022-11-15 08:11:22,871 - INFO: global_step=373682, episodic_return=211.51492309570312
2022-11-15 08:11:23,130 - INFO: global_step=373998, episodic_return=254.54066467285156
2022-11-15 08:11:24,310 - INFO: global_step=374801, episodic_return=166.94662475585938
2022-11-15 08:11:26,096 - INFO: global_step=375801, episodic_return=-81.16941833496094
2022-11-15 08:11:27,447 - INFO: global_step=376801, episodic_return=-135.66552734375
2022-11-15 08:11:28,646 - INFO: global_step=377801, episodic_return=-120.15641021728516
2022-11-15 08:11:28,914 - INFO: global_step=378099, episodic_return=222.52496337890625
2022-11-15 08:11:29,501 - INFO: global_step=378593, episodic_return=-150.71267700195312
2022-11-15 08:11:29,744 - INFO: global_step=378795, episodic_return=-107.71739196777344
2022-11-15 08:11:30,661 - INFO: global_step=379487, episodic_return=-166.2535400390625
2022-11-15 08:11:30,861 - INFO: global_step=379759, episodic_return=-70.59807586669922
2022-11-15 08:11:31,128 - INFO: global_step=380051, episodic_return=291.7743835449219
2022-11-15 08:11:33,124 - INFO: global_step=381051, episodic_return=-123.04817199707031
2022-11-15 08:11:33,260 - INFO: global_step=381248, episodic_return=-83.84295654296875
2022-11-15 08:11:34,164 - INFO: global_step=382036, episodic_return=-165.700927734375
2022-11-15 08:11:34,932 - INFO: global_step=382709, episodic_return=-281.31072998046875
2022-11-15 08:11:36,600 - INFO: global_step=383709, episodic_return=-106.6033706665039
2022-11-15 08:11:38,269 - INFO: global_step=384709, episodic_return=-113.25010681152344
2022-11-15 08:11:40,068 - INFO: global_step=385709, episodic_return=-149.75332641601562
2022-11-15 08:11:42,231 - INFO: global_step=386709, episodic_return=-122.8667221069336
2022-11-15 08:11:43,750 - INFO: global_step=387709, episodic_return=-140.184326171875
2022-11-15 08:11:45,425 - INFO: global_step=388709, episodic_return=-157.27822875976562
2022-11-15 08:11:46,756 - INFO: global_step=389709, episodic_return=-87.98381042480469
2022-11-15 08:11:48,485 - INFO: global_step=390709, episodic_return=-134.37278747558594
2022-11-15 08:11:50,068 - INFO: global_step=391709, episodic_return=-105.40167236328125
2022-11-15 08:11:51,219 - INFO: global_step=392709, episodic_return=-69.02017211914062
2022-11-15 08:11:52,556 - INFO: global_step=393709, episodic_return=-92.78966522216797
2022-11-15 08:11:54,240 - INFO: global_step=394709, episodic_return=-58.551368713378906
2022-11-15 08:11:56,154 - INFO: global_step=395709, episodic_return=-58.0545768737793
2022-11-15 08:11:57,731 - INFO: global_step=396709, episodic_return=-31.127655029296875
2022-11-15 08:12:00,021 - INFO: global_step=397709, episodic_return=-44.84120178222656
2022-11-15 08:12:01,371 - INFO: global_step=398709, episodic_return=-59.1553955078125
2022-11-15 08:12:02,900 - INFO: global_step=399709, episodic_return=-41.2702751159668
2022-11-15 08:12:04,838 - INFO: global_step=400709, episodic_return=-58.392826080322266
2022-11-15 08:12:07,156 - INFO: global_step=401709, episodic_return=-54.98127746582031
2022-11-15 08:12:09,274 - INFO: global_step=402709, episodic_return=-68.60564422607422
2022-11-15 08:12:11,092 - INFO: global_step=403709, episodic_return=-48.47390365600586
2022-11-15 08:12:13,266 - INFO: global_step=404709, episodic_return=-26.682035446166992
2022-11-15 08:12:15,136 - INFO: global_step=405709, episodic_return=-42.65329360961914
2022-11-15 08:12:16,850 - INFO: global_step=406709, episodic_return=-55.99208068847656
2022-11-15 08:12:18,204 - INFO: global_step=407709, episodic_return=-63.62925720214844
2022-11-15 08:12:19,334 - INFO: global_step=408709, episodic_return=-48.364585876464844
2022-11-15 08:12:20,527 - INFO: global_step=409709, episodic_return=-78.31639099121094
2022-11-15 08:12:22,411 - INFO: global_step=410709, episodic_return=-67.74671173095703
2022-11-15 08:12:24,597 - INFO: global_step=411709, episodic_return=-7.360193729400635
2022-11-15 08:12:26,689 - INFO: global_step=412709, episodic_return=-16.318498611450195
2022-11-15 08:12:28,887 - INFO: global_step=413709, episodic_return=-10.276765823364258
2022-11-15 08:12:30,566 - INFO: global_step=414518, episodic_return=140.26429748535156
2022-11-15 08:12:31,438 - INFO: global_step=415131, episodic_return=163.0330810546875
2022-11-15 08:12:32,546 - INFO: global_step=415885, episodic_return=143.48587036132812
2022-11-15 08:12:33,266 - INFO: global_step=416513, episodic_return=189.828857421875
2022-11-15 08:12:34,541 - INFO: global_step=417358, episodic_return=169.38687133789062
2022-11-15 08:12:35,148 - INFO: global_step=417841, episodic_return=171.49917602539062
2022-11-15 08:12:36,176 - INFO: global_step=418512, episodic_return=119.39503479003906
2022-11-15 08:12:37,408 - INFO: global_step=419512, episodic_return=-23.984113693237305
2022-11-15 08:12:39,059 - INFO: global_step=420260, episodic_return=101.41785430908203
2022-11-15 08:12:40,119 - INFO: global_step=421066, episodic_return=-169.42852783203125
2022-11-15 08:12:42,397 - INFO: global_step=422066, episodic_return=-54.08171463012695
2022-11-15 08:12:43,053 - INFO: global_step=422656, episodic_return=199.6291961669922
2022-11-15 08:12:44,278 - INFO: global_step=423398, episodic_return=-174.50839233398438
2022-11-15 08:12:44,459 - INFO: global_step=423627, episodic_return=-131.71458435058594
2022-11-15 08:12:44,566 - INFO: global_step=423773, episodic_return=-107.2641372680664
2022-11-15 08:12:45,976 - INFO: global_step=424773, episodic_return=-106.68815612792969
2022-11-15 08:12:47,250 - INFO: global_step=425773, episodic_return=-80.71570587158203
2022-11-15 08:12:48,626 - INFO: global_step=426773, episodic_return=-31.65757942199707
2022-11-15 08:12:50,248 - INFO: global_step=427773, episodic_return=-50.0205192565918
2022-11-15 08:12:51,528 - INFO: global_step=428773, episodic_return=-51.51344299316406
2022-11-15 08:12:53,133 - INFO: global_step=429773, episodic_return=-20.244718551635742
2022-11-15 08:12:54,863 - INFO: global_step=430773, episodic_return=-12.464888572692871
2022-11-15 08:12:56,482 - INFO: global_step=431773, episodic_return=-22.530860900878906
2022-11-15 08:12:58,273 - INFO: global_step=432773, episodic_return=12.253507614135742
2022-11-15 08:13:00,575 - INFO: global_step=433662, episodic_return=151.435791015625
2022-11-15 08:13:01,747 - INFO: global_step=434469, episodic_return=162.93814086914062
2022-11-15 08:13:03,252 - INFO: global_step=435355, episodic_return=115.4339599609375
2022-11-15 08:13:04,618 - INFO: global_step=436355, episodic_return=-72.06885528564453
2022-11-15 08:13:05,264 - INFO: global_step=436855, episodic_return=193.69760131835938
2022-11-15 08:13:06,321 - INFO: global_step=437572, episodic_return=145.34869384765625
2022-11-15 08:13:07,360 - INFO: global_step=438376, episodic_return=124.16971588134766
2022-11-15 08:13:08,857 - INFO: global_step=439376, episodic_return=-23.820804595947266
2022-11-15 08:13:10,069 - INFO: global_step=440376, episodic_return=-10.870806694030762
2022-11-15 08:13:10,736 - INFO: global_step=440860, episodic_return=205.75843811035156
2022-11-15 08:13:12,647 - INFO: global_step=441860, episodic_return=-23.983469009399414
2022-11-15 08:13:14,292 - INFO: global_step=442860, episodic_return=-48.254947662353516
2022-11-15 08:13:14,706 - INFO: global_step=443261, episodic_return=-108.37709045410156
2022-11-15 08:13:15,227 - INFO: global_step=443726, episodic_return=132.9427032470703
2022-11-15 08:13:15,437 - INFO: global_step=443974, episodic_return=-79.17100524902344
2022-11-15 08:13:15,594 - INFO: global_step=444207, episodic_return=-45.71141052246094
2022-11-15 08:13:15,891 - INFO: global_step=444554, episodic_return=-131.31863403320312
2022-11-15 08:13:17,565 - INFO: global_step=445554, episodic_return=-26.844402313232422
2022-11-15 08:13:17,953 - INFO: global_step=445922, episodic_return=-120.59213256835938
2022-11-15 08:13:19,660 - INFO: global_step=446922, episodic_return=-31.051986694335938
2022-11-15 08:13:19,863 - INFO: global_step=447120, episodic_return=-66.30601501464844
2022-11-15 08:13:20,342 - INFO: global_step=447504, episodic_return=-128.01821899414062
2022-11-15 08:13:21,440 - INFO: global_step=448127, episodic_return=157.76763916015625
2022-11-15 08:13:22,284 - INFO: global_step=448688, episodic_return=152.6913604736328
2022-11-15 08:13:22,652 - INFO: global_step=449076, episodic_return=165.63409423828125
2022-11-15 08:13:24,196 - INFO: global_step=450076, episodic_return=-0.8320053815841675
2022-11-15 08:13:25,187 - INFO: global_step=450920, episodic_return=102.5191421508789
2022-11-15 08:13:26,863 - INFO: global_step=451873, episodic_return=89.56600189208984
2022-11-15 08:13:28,652 - INFO: global_step=452811, episodic_return=197.0272216796875
2022-11-15 08:13:30,102 - INFO: global_step=453629, episodic_return=138.06361389160156
2022-11-15 08:13:31,225 - INFO: global_step=454629, episodic_return=-73.87222290039062
2022-11-15 08:13:32,864 - INFO: global_step=455582, episodic_return=117.7086181640625
2022-11-15 08:13:34,227 - INFO: global_step=456582, episodic_return=-40.0409049987793
2022-11-15 08:13:35,599 - INFO: global_step=457582, episodic_return=-64.22625732421875
2022-11-15 08:13:37,105 - INFO: global_step=458582, episodic_return=-42.328163146972656
2022-11-15 08:13:38,424 - INFO: global_step=459582, episodic_return=-99.25434112548828
2022-11-15 08:13:40,200 - INFO: global_step=460582, episodic_return=-81.02676391601562
2022-11-15 08:13:40,727 - INFO: global_step=460987, episodic_return=-67.12100982666016
2022-11-15 08:13:42,260 - INFO: global_step=461987, episodic_return=-84.32532501220703
2022-11-15 08:13:42,313 - INFO: global_step=462077, episodic_return=-219.4229736328125
2022-11-15 08:13:42,695 - INFO: global_step=462471, episodic_return=-249.71170043945312
2022-11-15 08:13:44,047 - INFO: global_step=463471, episodic_return=-86.92086791992188
2022-11-15 08:13:45,967 - INFO: global_step=464471, episodic_return=-112.8977279663086
2022-11-15 08:13:47,379 - INFO: global_step=465471, episodic_return=-95.43257141113281
2022-11-15 08:13:48,726 - INFO: global_step=466471, episodic_return=-95.66397857666016
2022-11-15 08:13:49,993 - INFO: global_step=467471, episodic_return=-111.1827621459961
2022-11-15 08:13:51,910 - INFO: global_step=468471, episodic_return=-102.44913482666016
2022-11-15 08:13:53,409 - INFO: global_step=469471, episodic_return=-61.965110778808594
2022-11-15 08:13:55,440 - INFO: global_step=470471, episodic_return=-65.54161071777344
2022-11-15 08:13:56,768 - INFO: global_step=471471, episodic_return=-21.76679039001465
2022-11-15 08:13:57,983 - INFO: global_step=472471, episodic_return=-14.348340034484863
2022-11-15 08:13:59,172 - INFO: global_step=473471, episodic_return=-46.83244705200195
2022-11-15 08:14:00,817 - INFO: global_step=474471, episodic_return=28.025232315063477
2022-11-15 08:14:02,385 - INFO: global_step=475471, episodic_return=-32.009769439697266
2022-11-15 08:14:04,514 - INFO: global_step=476471, episodic_return=-16.992029190063477
2022-11-15 08:14:06,041 - INFO: global_step=477471, episodic_return=16.881053924560547
2022-11-15 08:14:08,332 - INFO: global_step=478471, episodic_return=5.395449638366699
2022-11-15 08:14:11,035 - INFO: global_step=479471, episodic_return=-49.124977111816406
2022-11-15 08:14:12,176 - INFO: global_step=480141, episodic_return=235.1180419921875
2022-11-15 08:14:13,307 - INFO: global_step=481141, episodic_return=5.403669357299805
2022-11-15 08:14:14,942 - INFO: global_step=482141, episodic_return=-27.776874542236328
2022-11-15 08:14:16,833 - INFO: global_step=483141, episodic_return=-32.765262603759766
2022-11-15 08:14:18,990 - INFO: global_step=484141, episodic_return=-18.63235092163086
2022-11-15 08:14:21,009 - INFO: global_step=485141, episodic_return=-22.94385528564453
2022-11-15 08:14:22,979 - INFO: global_step=486141, episodic_return=-33.52798843383789
2022-11-15 08:14:25,488 - INFO: global_step=487141, episodic_return=3.631465196609497
2022-11-15 08:14:27,533 - INFO: global_step=488141, episodic_return=-86.98423767089844
2022-11-15 08:14:29,633 - INFO: global_step=489141, episodic_return=-69.58997344970703
2022-11-15 08:14:30,962 - INFO: global_step=490141, episodic_return=-100.2916030883789
2022-11-15 08:14:32,398 - INFO: global_step=491141, episodic_return=-71.74390411376953
2022-11-15 08:14:33,796 - INFO: global_step=492141, episodic_return=-73.69500732421875
2022-11-15 08:14:35,302 - INFO: global_step=493141, episodic_return=-107.57573699951172
2022-11-15 08:14:36,840 - INFO: global_step=494141, episodic_return=39.13977813720703
2022-11-15 08:14:39,545 - INFO: global_step=495141, episodic_return=-17.41950225830078
2022-11-15 08:14:40,917 - INFO: global_step=496141, episodic_return=-103.26407623291016
2022-11-15 08:14:42,663 - INFO: global_step=497141, episodic_return=-57.32211685180664
2022-11-15 08:14:44,549 - INFO: global_step=498141, episodic_return=-102.93465423583984
2022-11-15 08:14:46,371 - INFO: global_step=499141, episodic_return=-133.3584442138672
2022-11-15 08:14:47,436 - INFO: The average reward of last 20 steps: -38.82663167715073
