2022-11-15 09:25:19,544 - INFO: +--------------------------+----------------+
| Parameter                | Value          |
+--------------------------+----------------+
| exp_name                 | dqn            |
+--------------------------+----------------+
| seed                     | 42             |
+--------------------------+----------------+
| total_timesteps          | 500000         |
+--------------------------+----------------+
| learning_rate            | 0.001          |
+--------------------------+----------------+
| buffer_size              | 2000           |
+--------------------------+----------------+
| gamma                    | 0.982          |
+--------------------------+----------------+
| target_network_frequency | 50             |
+--------------------------+----------------+
| batch_size               | 128            |
+--------------------------+----------------+
| start_e                  | 0.700          |
+--------------------------+----------------+
| end_e                    | 0.050          |
+--------------------------+----------------+
| exploration_fraction     | 0.300          |
+--------------------------+----------------+
| learning_starts          | 10000          |
+--------------------------+----------------+
| train_frequency          | 10             |
+--------------------------+----------------+
| env_id                   | LunarLander-v2 |
+--------------------------+----------------+
2022-11-15 09:25:21,545 - INFO: global_step=136, episodic_return=-531.7100219726562
2022-11-15 09:25:21,565 - INFO: global_step=218, episodic_return=-407.9483337402344
2022-11-15 09:25:21,584 - INFO: global_step=293, episodic_return=-89.19992065429688
2022-11-15 09:25:21,601 - INFO: global_step=350, episodic_return=-81.596435546875
2022-11-15 09:25:21,641 - INFO: global_step=501, episodic_return=-86.75325012207031
2022-11-15 09:25:21,669 - INFO: global_step=611, episodic_return=-134.7493896484375
2022-11-15 09:25:21,720 - INFO: global_step=785, episodic_return=-546.3221435546875
2022-11-15 09:25:21,787 - INFO: global_step=987, episodic_return=-580.428955078125
2022-11-15 09:25:21,801 - INFO: global_step=1047, episodic_return=-54.94858932495117
2022-11-15 09:25:21,832 - INFO: global_step=1170, episodic_return=-116.6462631225586
2022-11-15 09:25:21,869 - INFO: global_step=1318, episodic_return=-554.1336669921875
2022-11-15 09:25:21,887 - INFO: global_step=1386, episodic_return=-107.42806243896484
2022-11-15 09:25:21,923 - INFO: global_step=1514, episodic_return=-360.15069580078125
2022-11-15 09:25:21,942 - INFO: global_step=1589, episodic_return=-480.32452392578125
2022-11-15 09:25:21,967 - INFO: global_step=1693, episodic_return=-463.5926818847656
2022-11-15 09:25:21,981 - INFO: global_step=1754, episodic_return=-73.43401336669922
2022-11-15 09:25:22,011 - INFO: global_step=1862, episodic_return=-499.6610107421875
2022-11-15 09:25:22,025 - INFO: global_step=1927, episodic_return=-84.150390625
2022-11-15 09:25:22,042 - INFO: global_step=1993, episodic_return=-262.20574951171875
2022-11-15 09:25:22,057 - INFO: global_step=2056, episodic_return=-122.87891387939453
2022-11-15 09:25:22,076 - INFO: global_step=2137, episodic_return=-118.66108703613281
2022-11-15 09:25:22,097 - INFO: global_step=2227, episodic_return=-151.73764038085938
2022-11-15 09:25:22,113 - INFO: global_step=2301, episodic_return=-148.89007568359375
2022-11-15 09:25:22,130 - INFO: global_step=2378, episodic_return=-92.57472229003906
2022-11-15 09:25:22,143 - INFO: global_step=2437, episodic_return=-98.39301300048828
2022-11-15 09:25:22,170 - INFO: global_step=2536, episodic_return=-86.99760437011719
2022-11-15 09:25:22,194 - INFO: global_step=2632, episodic_return=-190.48365783691406
2022-11-15 09:25:22,212 - INFO: global_step=2705, episodic_return=-385.97137451171875
2022-11-15 09:25:22,228 - INFO: global_step=2768, episodic_return=-117.39666748046875
2022-11-15 09:25:22,241 - INFO: global_step=2826, episodic_return=-105.66650390625
2022-11-15 09:25:22,258 - INFO: global_step=2897, episodic_return=-435.8002624511719
2022-11-15 09:25:22,277 - INFO: global_step=2961, episodic_return=-180.4752197265625
2022-11-15 09:25:22,337 - INFO: global_step=3152, episodic_return=-539.684326171875
2022-11-15 09:25:22,357 - INFO: global_step=3230, episodic_return=-122.42385864257812
2022-11-15 09:25:22,380 - INFO: global_step=3316, episodic_return=-270.8364562988281
2022-11-15 09:25:22,393 - INFO: global_step=3373, episodic_return=-112.65423583984375
2022-11-15 09:25:22,412 - INFO: global_step=3453, episodic_return=-175.82473754882812
2022-11-15 09:25:22,439 - INFO: global_step=3566, episodic_return=-173.69944763183594
2022-11-15 09:25:22,472 - INFO: global_step=3682, episodic_return=-127.51358032226562
2022-11-15 09:25:22,486 - INFO: global_step=3741, episodic_return=-82.48352813720703
2022-11-15 09:25:22,501 - INFO: global_step=3800, episodic_return=-80.9791259765625
2022-11-15 09:25:22,515 - INFO: global_step=3864, episodic_return=-114.49295043945312
2022-11-15 09:25:22,555 - INFO: global_step=4019, episodic_return=-59.11306381225586
2022-11-15 09:25:22,580 - INFO: global_step=4122, episodic_return=-173.0901641845703
2022-11-15 09:25:22,600 - INFO: global_step=4201, episodic_return=-462.98089599609375
2022-11-15 09:25:22,623 - INFO: global_step=4299, episodic_return=-306.7790832519531
2022-11-15 09:25:22,638 - INFO: global_step=4359, episodic_return=-88.70933532714844
2022-11-15 09:25:22,654 - INFO: global_step=4426, episodic_return=-96.81315612792969
2022-11-15 09:25:22,668 - INFO: global_step=4483, episodic_return=-99.0406723022461
2022-11-15 09:25:22,686 - INFO: global_step=4562, episodic_return=-125.81341552734375
2022-11-15 09:25:22,714 - INFO: global_step=4667, episodic_return=-614.9397583007812
2022-11-15 09:25:22,743 - INFO: global_step=4778, episodic_return=-265.05865478515625
2022-11-15 09:25:22,773 - INFO: global_step=4859, episodic_return=-247.49020385742188
2022-11-15 09:25:22,792 - INFO: global_step=4933, episodic_return=-466.04766845703125
2022-11-15 09:25:22,810 - INFO: global_step=5009, episodic_return=-280.4394836425781
2022-11-15 09:25:22,832 - INFO: global_step=5094, episodic_return=-449.2462463378906
2022-11-15 09:25:22,850 - INFO: global_step=5172, episodic_return=-111.17924499511719
2022-11-15 09:25:22,867 - INFO: global_step=5245, episodic_return=-103.43795776367188
2022-11-15 09:25:22,903 - INFO: global_step=5370, episodic_return=-465.68304443359375
2022-11-15 09:25:22,929 - INFO: global_step=5461, episodic_return=-463.2238464355469
2022-11-15 09:25:22,945 - INFO: global_step=5525, episodic_return=-103.28218078613281
2022-11-15 09:25:22,975 - INFO: global_step=5633, episodic_return=-268.5096435546875
2022-11-15 09:25:22,992 - INFO: global_step=5698, episodic_return=-64.43151092529297
2022-11-15 09:25:23,013 - INFO: global_step=5772, episodic_return=-238.2408905029297
2022-11-15 09:25:23,040 - INFO: global_step=5875, episodic_return=-384.4722595214844
2022-11-15 09:25:23,057 - INFO: global_step=5938, episodic_return=-168.03121948242188
2022-11-15 09:25:23,076 - INFO: global_step=6016, episodic_return=-111.60191345214844
2022-11-15 09:25:23,099 - INFO: global_step=6100, episodic_return=-159.12646484375
2022-11-15 09:25:23,122 - INFO: global_step=6193, episodic_return=-314.85455322265625
2022-11-15 09:25:23,152 - INFO: global_step=6308, episodic_return=-176.8914794921875
2022-11-15 09:25:23,173 - INFO: global_step=6386, episodic_return=-341.2987365722656
2022-11-15 09:25:23,208 - INFO: global_step=6493, episodic_return=-647.8495483398438
2022-11-15 09:25:23,224 - INFO: global_step=6551, episodic_return=-182.45867919921875
2022-11-15 09:25:23,242 - INFO: global_step=6615, episodic_return=-120.6595230102539
2022-11-15 09:25:23,297 - INFO: global_step=6795, episodic_return=-497.2308044433594
2022-11-15 09:25:23,321 - INFO: global_step=6887, episodic_return=-378.69342041015625
2022-11-15 09:25:23,337 - INFO: global_step=6948, episodic_return=-127.25065612792969
2022-11-15 09:25:23,362 - INFO: global_step=7039, episodic_return=-81.20271301269531
2022-11-15 09:25:23,410 - INFO: global_step=7214, episodic_return=-564.3134765625
2022-11-15 09:25:23,452 - INFO: global_step=7370, episodic_return=-489.77740478515625
2022-11-15 09:25:23,501 - INFO: global_step=7538, episodic_return=-449.66778564453125
2022-11-15 09:25:23,521 - INFO: global_step=7612, episodic_return=-109.1541519165039
2022-11-15 09:25:23,544 - INFO: global_step=7699, episodic_return=-140.2373504638672
2022-11-15 09:25:23,564 - INFO: global_step=7780, episodic_return=-436.6142272949219
2022-11-15 09:25:23,582 - INFO: global_step=7848, episodic_return=-81.97063446044922
2022-11-15 09:25:23,599 - INFO: global_step=7921, episodic_return=-437.41845703125
2022-11-15 09:25:23,625 - INFO: global_step=8015, episodic_return=-538.829833984375
2022-11-15 09:25:23,648 - INFO: global_step=8098, episodic_return=-20.89995574951172
2022-11-15 09:25:23,663 - INFO: global_step=8156, episodic_return=-400.5101013183594
2022-11-15 09:25:23,690 - INFO: global_step=8243, episodic_return=-502.43524169921875
2022-11-15 09:25:23,707 - INFO: global_step=8304, episodic_return=-89.55985260009766
2022-11-15 09:25:23,734 - INFO: global_step=8409, episodic_return=-474.0785827636719
2022-11-15 09:25:23,761 - INFO: global_step=8513, episodic_return=-388.5475769042969
2022-11-15 09:25:23,777 - INFO: global_step=8571, episodic_return=-112.98344421386719
2022-11-15 09:25:23,791 - INFO: global_step=8640, episodic_return=-84.46346282958984
2022-11-15 09:25:23,840 - INFO: global_step=8800, episodic_return=-466.77069091796875
2022-11-15 09:25:23,904 - INFO: global_step=8991, episodic_return=-622.3582763671875
2022-11-15 09:25:23,919 - INFO: global_step=9051, episodic_return=-101.48207092285156
2022-11-15 09:25:23,932 - INFO: global_step=9110, episodic_return=-97.65290832519531
2022-11-15 09:25:23,963 - INFO: global_step=9227, episodic_return=-340.70086669921875
2022-11-15 09:25:23,978 - INFO: global_step=9286, episodic_return=-104.4312973022461
2022-11-15 09:25:23,997 - INFO: global_step=9374, episodic_return=-502.53387451171875
2022-11-15 09:25:24,016 - INFO: global_step=9455, episodic_return=-393.0740661621094
2022-11-15 09:25:24,062 - INFO: global_step=9620, episodic_return=-75.27041625976562
2022-11-15 09:25:24,085 - INFO: global_step=9701, episodic_return=-135.78158569335938
2022-11-15 09:25:24,100 - INFO: global_step=9775, episodic_return=-233.2398681640625
2022-11-15 09:25:24,117 - INFO: global_step=9847, episodic_return=-125.0905532836914
2022-11-15 09:25:24,138 - INFO: global_step=9924, episodic_return=-469.5751037597656
2022-11-15 09:25:24,159 - INFO: global_step=10006, episodic_return=-121.95165252685547
2022-11-15 09:25:24,191 - INFO: global_step=10076, episodic_return=-350.01141357421875
2022-11-15 09:25:24,221 - INFO: global_step=10141, episodic_return=-358.6461181640625
2022-11-15 09:25:24,275 - INFO: global_step=10231, episodic_return=-323.2044372558594
2022-11-15 09:25:24,306 - INFO: global_step=10305, episodic_return=-311.1721496582031
2022-11-15 09:25:24,343 - INFO: global_step=10397, episodic_return=-241.4662322998047
2022-11-15 09:25:24,367 - INFO: global_step=10464, episodic_return=-111.7107162475586
2022-11-15 09:25:24,389 - INFO: global_step=10522, episodic_return=-74.52388763427734
2022-11-15 09:25:24,407 - INFO: global_step=10577, episodic_return=-128.6124725341797
2022-11-15 09:25:24,435 - INFO: global_step=10652, episodic_return=-124.64010620117188
2022-11-15 09:25:24,474 - INFO: global_step=10759, episodic_return=-174.51693725585938
2022-11-15 09:25:24,503 - INFO: global_step=10831, episodic_return=-187.29086303710938
2022-11-15 09:25:24,530 - INFO: global_step=10903, episodic_return=-148.94610595703125
2022-11-15 09:25:24,551 - INFO: global_step=10962, episodic_return=-94.48893737792969
2022-11-15 09:25:24,577 - INFO: global_step=11028, episodic_return=-196.26954650878906
2022-11-15 09:25:24,604 - INFO: global_step=11101, episodic_return=-193.68011474609375
2022-11-15 09:25:24,633 - INFO: global_step=11176, episodic_return=-339.06207275390625
2022-11-15 09:25:24,673 - INFO: global_step=11277, episodic_return=-360.9419250488281
2022-11-15 09:25:24,720 - INFO: global_step=11394, episodic_return=-602.738525390625
2022-11-15 09:25:24,759 - INFO: global_step=11495, episodic_return=-104.50740051269531
2022-11-15 09:25:24,783 - INFO: global_step=11558, episodic_return=-79.71990966796875
2022-11-15 09:25:24,828 - INFO: global_step=11666, episodic_return=-281.79833984375
2022-11-15 09:25:24,869 - INFO: global_step=11754, episodic_return=-85.20457458496094
2022-11-15 09:25:24,912 - INFO: global_step=11846, episodic_return=-62.035282135009766
2022-11-15 09:25:24,989 - INFO: global_step=11989, episodic_return=15.210220336914062
2022-11-15 09:25:25,028 - INFO: global_step=12070, episodic_return=-45.316062927246094
2022-11-15 09:25:25,097 - INFO: global_step=12182, episodic_return=-291.4109802246094
2022-11-15 09:25:25,164 - INFO: global_step=12316, episodic_return=-104.90959930419922
2022-11-15 09:25:25,222 - INFO: global_step=12438, episodic_return=-114.70057678222656
2022-11-15 09:25:25,262 - INFO: global_step=12521, episodic_return=-63.420860290527344
2022-11-15 09:25:25,332 - INFO: global_step=12639, episodic_return=-99.4850082397461
2022-11-15 09:25:25,436 - INFO: global_step=12845, episodic_return=-347.1960754394531
2022-11-15 09:25:25,505 - INFO: global_step=12960, episodic_return=-398.5569763183594
2022-11-15 09:25:25,552 - INFO: global_step=13066, episodic_return=-391.70452880859375
2022-11-15 09:25:25,647 - INFO: global_step=13257, episodic_return=-281.7459411621094
2022-11-15 09:25:25,736 - INFO: global_step=13436, episodic_return=-121.99221801757812
2022-11-15 09:25:25,780 - INFO: global_step=13533, episodic_return=-35.19940185546875
2022-11-15 09:25:25,812 - INFO: global_step=13613, episodic_return=-178.41973876953125
2022-11-15 09:25:25,877 - INFO: global_step=13763, episodic_return=-119.10995483398438
2022-11-15 09:25:25,976 - INFO: global_step=13961, episodic_return=-200.1149139404297
2022-11-15 09:25:26,227 - INFO: global_step=14281, episodic_return=-157.37344360351562
2022-11-15 09:25:26,292 - INFO: global_step=14385, episodic_return=-98.97956085205078
2022-11-15 09:25:26,371 - INFO: global_step=14545, episodic_return=-204.59507751464844
2022-11-15 09:25:26,432 - INFO: global_step=14682, episodic_return=-44.123191833496094
2022-11-15 09:25:26,500 - INFO: global_step=14831, episodic_return=-170.89202880859375
2022-11-15 09:25:26,551 - INFO: global_step=14956, episodic_return=-364.5015563964844
2022-11-15 09:25:26,632 - INFO: global_step=15132, episodic_return=-279.6727294921875
2022-11-15 09:25:26,699 - INFO: global_step=15280, episodic_return=-354.88092041015625
2022-11-15 09:25:26,751 - INFO: global_step=15389, episodic_return=-91.9993667602539
2022-11-15 09:25:26,814 - INFO: global_step=15524, episodic_return=-138.92617797851562
2022-11-15 09:25:26,886 - INFO: global_step=15682, episodic_return=-114.40399932861328
2022-11-15 09:25:26,938 - INFO: global_step=15783, episodic_return=-193.4932861328125
2022-11-15 09:25:26,986 - INFO: global_step=15889, episodic_return=-113.54747772216797
2022-11-15 09:25:27,058 - INFO: global_step=16048, episodic_return=-138.22723388671875
2022-11-15 09:25:27,105 - INFO: global_step=16140, episodic_return=-85.22808837890625
2022-11-15 09:25:27,172 - INFO: global_step=16254, episodic_return=-118.3037109375
2022-11-15 09:25:27,219 - INFO: global_step=16363, episodic_return=-121.52083587646484
2022-11-15 09:25:28,337 - INFO: global_step=17363, episodic_return=60.21122360229492
2022-11-15 09:25:28,421 - INFO: global_step=17536, episodic_return=-222.16738891601562
2022-11-15 09:25:28,482 - INFO: global_step=17656, episodic_return=-292.2304382324219
2022-11-15 09:25:28,554 - INFO: global_step=17818, episodic_return=-205.56321716308594
2022-11-15 09:25:28,632 - INFO: global_step=17990, episodic_return=-161.66217041015625
2022-11-15 09:25:28,697 - INFO: global_step=18123, episodic_return=-157.5521697998047
2022-11-15 09:25:28,798 - INFO: global_step=18306, episodic_return=-45.68500900268555
2022-11-15 09:25:28,851 - INFO: global_step=18404, episodic_return=-6.230308532714844
2022-11-15 09:25:28,937 - INFO: global_step=18560, episodic_return=-73.41314697265625
2022-11-15 09:25:29,003 - INFO: global_step=18709, episodic_return=-184.24176025390625
2022-11-15 09:25:29,064 - INFO: global_step=18849, episodic_return=-105.67805480957031
2022-11-15 09:25:29,112 - INFO: global_step=18952, episodic_return=-129.86578369140625
2022-11-15 09:25:29,226 - INFO: global_step=19157, episodic_return=-219.42286682128906
2022-11-15 09:25:29,279 - INFO: global_step=19241, episodic_return=-59.33895492553711
2022-11-15 09:25:29,391 - INFO: global_step=19396, episodic_return=-161.25486755371094
2022-11-15 09:25:29,474 - INFO: global_step=19515, episodic_return=-149.369384765625
2022-11-15 09:25:29,581 - INFO: global_step=19665, episodic_return=-268.9002685546875
2022-11-15 09:25:29,687 - INFO: global_step=19854, episodic_return=-206.89212036132812
2022-11-15 09:25:29,746 - INFO: global_step=19991, episodic_return=-232.3673553466797
2022-11-15 09:25:29,780 - INFO: global_step=20071, episodic_return=-97.88026428222656
2022-11-15 09:25:29,878 - INFO: global_step=20229, episodic_return=-166.72958374023438
2022-11-15 09:25:29,970 - INFO: global_step=20419, episodic_return=-326.7614440917969
2022-11-15 09:25:30,000 - INFO: global_step=20492, episodic_return=-158.66375732421875
2022-11-15 09:25:30,038 - INFO: global_step=20588, episodic_return=-56.144012451171875
2022-11-15 09:25:30,089 - INFO: global_step=20700, episodic_return=-320.5148620605469
2022-11-15 09:25:30,165 - INFO: global_step=20859, episodic_return=-96.33187866210938
2022-11-15 09:25:30,232 - INFO: global_step=21003, episodic_return=-125.92979431152344
2022-11-15 09:25:30,323 - INFO: global_step=21139, episodic_return=-87.75308990478516
2022-11-15 09:25:30,552 - INFO: global_step=21420, episodic_return=-296.4512023925781
2022-11-15 09:25:30,682 - INFO: global_step=21670, episodic_return=-165.96095275878906
2022-11-15 09:25:30,754 - INFO: global_step=21822, episodic_return=-132.95175170898438
2022-11-15 09:25:30,811 - INFO: global_step=21948, episodic_return=-206.8153076171875
2022-11-15 09:25:30,882 - INFO: global_step=22093, episodic_return=-167.6824493408203
2022-11-15 09:25:30,964 - INFO: global_step=22260, episodic_return=-302.00341796875
2022-11-15 09:25:31,043 - INFO: global_step=22411, episodic_return=-102.29438018798828
2022-11-15 09:25:31,165 - INFO: global_step=22599, episodic_return=-105.14935302734375
2022-11-15 09:25:31,231 - INFO: global_step=22729, episodic_return=-49.07090377807617
2022-11-15 09:25:31,399 - INFO: global_step=22999, episodic_return=-227.45912170410156
2022-11-15 09:25:31,443 - INFO: global_step=23093, episodic_return=50.69007873535156
2022-11-15 09:25:31,539 - INFO: global_step=23276, episodic_return=-193.09664916992188
2022-11-15 09:25:31,682 - INFO: global_step=23470, episodic_return=-94.88272857666016
2022-11-15 09:25:31,795 - INFO: global_step=23627, episodic_return=-94.8942642211914
2022-11-15 09:25:31,947 - INFO: global_step=23842, episodic_return=-164.53814697265625
2022-11-15 09:25:32,062 - INFO: global_step=24037, episodic_return=-20.45972442626953
2022-11-15 09:25:32,114 - INFO: global_step=24139, episodic_return=-137.72364807128906
2022-11-15 09:25:32,166 - INFO: global_step=24240, episodic_return=-256.34490966796875
2022-11-15 09:25:32,224 - INFO: global_step=24365, episodic_return=-174.2742919921875
2022-11-15 09:25:32,284 - INFO: global_step=24484, episodic_return=-107.99419403076172
2022-11-15 09:25:32,397 - INFO: global_step=24657, episodic_return=-221.45947265625
2022-11-15 09:25:32,480 - INFO: global_step=24814, episodic_return=-196.1414794921875
2022-11-15 09:25:32,543 - INFO: global_step=24945, episodic_return=-164.0430908203125
2022-11-15 09:25:32,619 - INFO: global_step=25074, episodic_return=-212.77635192871094
2022-11-15 09:25:32,737 - INFO: global_step=25251, episodic_return=-146.2841796875
2022-11-15 09:25:32,820 - INFO: global_step=25424, episodic_return=-222.5500030517578
2022-11-15 09:25:32,880 - INFO: global_step=25561, episodic_return=-186.97769165039062
2022-11-15 09:25:32,958 - INFO: global_step=25726, episodic_return=-152.43832397460938
2022-11-15 09:25:33,033 - INFO: global_step=25885, episodic_return=-27.82581329345703
2022-11-15 09:25:33,112 - INFO: global_step=26060, episodic_return=-185.6038360595703
2022-11-15 09:25:33,231 - INFO: global_step=26281, episodic_return=-121.01007843017578
2022-11-15 09:25:33,322 - INFO: global_step=26454, episodic_return=-139.7221221923828
2022-11-15 09:25:33,381 - INFO: global_step=26562, episodic_return=-149.10250854492188
2022-11-15 09:25:33,588 - INFO: global_step=26862, episodic_return=-129.66331481933594
2022-11-15 09:25:33,632 - INFO: global_step=26967, episodic_return=-79.62838745117188
2022-11-15 09:25:33,675 - INFO: global_step=27060, episodic_return=-177.66122436523438
2022-11-15 09:25:33,729 - INFO: global_step=27188, episodic_return=-215.9588165283203
2022-11-15 09:25:33,840 - INFO: global_step=27397, episodic_return=-377.8790283203125
2022-11-15 09:25:33,888 - INFO: global_step=27505, episodic_return=-34.33772277832031
2022-11-15 09:25:33,965 - INFO: global_step=27669, episodic_return=-238.48878479003906
2022-11-15 09:25:34,018 - INFO: global_step=27771, episodic_return=-151.33590698242188
2022-11-15 09:25:34,126 - INFO: global_step=27952, episodic_return=-146.8829345703125
2022-11-15 09:25:34,222 - INFO: global_step=28136, episodic_return=-47.00943374633789
2022-11-15 09:25:34,304 - INFO: global_step=28274, episodic_return=7.022865295410156
2022-11-15 09:25:34,371 - INFO: global_step=28415, episodic_return=42.834442138671875
2022-11-15 09:25:34,430 - INFO: global_step=28542, episodic_return=-149.38571166992188
2022-11-15 09:25:34,509 - INFO: global_step=28708, episodic_return=-104.28422546386719
2022-11-15 09:25:34,606 - INFO: global_step=28893, episodic_return=-20.832839965820312
2022-11-15 09:25:34,658 - INFO: global_step=29003, episodic_return=-268.37274169921875
2022-11-15 09:25:34,695 - INFO: global_step=29088, episodic_return=-109.50670623779297
2022-11-15 09:25:34,766 - INFO: global_step=29230, episodic_return=-71.7701187133789
2022-11-15 09:25:34,994 - INFO: global_step=29486, episodic_return=-77.80828857421875
2022-11-15 09:25:35,115 - INFO: global_step=29648, episodic_return=-73.26358032226562
2022-11-15 09:25:35,182 - INFO: global_step=29781, episodic_return=-20.596755981445312
2022-11-15 09:25:35,268 - INFO: global_step=29942, episodic_return=-159.400146484375
2022-11-15 09:25:35,363 - INFO: global_step=30114, episodic_return=18.065650939941406
2022-11-15 09:25:35,465 - INFO: global_step=30286, episodic_return=-68.9898681640625
2022-11-15 09:25:35,563 - INFO: global_step=30459, episodic_return=-63.36290740966797
2022-11-15 09:25:35,691 - INFO: global_step=30672, episodic_return=-99.90702819824219
2022-11-15 09:25:35,863 - INFO: global_step=30907, episodic_return=-0.21944427490234375
2022-11-15 09:25:35,922 - INFO: global_step=31010, episodic_return=-104.95489501953125
2022-11-15 09:25:35,978 - INFO: global_step=31105, episodic_return=-92.67232513427734
2022-11-15 09:25:36,043 - INFO: global_step=31217, episodic_return=-55.53584289550781
2022-11-15 09:25:36,162 - INFO: global_step=31403, episodic_return=21.19983673095703
2022-11-15 09:25:38,041 - INFO: global_step=32403, episodic_return=12.991983413696289
2022-11-15 09:25:38,232 - INFO: global_step=32694, episodic_return=-108.52964782714844
2022-11-15 09:25:38,296 - INFO: global_step=32828, episodic_return=-22.469261169433594
2022-11-15 09:25:39,385 - INFO: global_step=33828, episodic_return=81.71294403076172
2022-11-15 09:25:39,452 - INFO: global_step=33971, episodic_return=-86.85541534423828
2022-11-15 09:25:39,505 - INFO: global_step=34091, episodic_return=-64.73714447021484
2022-11-15 09:25:39,688 - INFO: global_step=34382, episodic_return=-97.14739990234375
2022-11-15 09:25:39,786 - INFO: global_step=34583, episodic_return=-24.13421630859375
2022-11-15 09:25:39,883 - INFO: global_step=34773, episodic_return=-16.714630126953125
2022-11-15 09:25:39,954 - INFO: global_step=34914, episodic_return=-3.211029052734375
2022-11-15 09:25:40,043 - INFO: global_step=35093, episodic_return=-68.68919372558594
2022-11-15 09:25:40,107 - INFO: global_step=35223, episodic_return=-101.68355560302734
2022-11-15 09:25:40,212 - INFO: global_step=35423, episodic_return=-62.83348846435547
2022-11-15 09:25:40,267 - INFO: global_step=35524, episodic_return=36.847808837890625
2022-11-15 09:25:40,352 - INFO: global_step=35661, episodic_return=-79.63016510009766
2022-11-15 09:25:40,580 - INFO: global_step=35944, episodic_return=-44.237640380859375
2022-11-15 09:25:40,641 - INFO: global_step=36071, episodic_return=-81.35873413085938
2022-11-15 09:25:40,732 - INFO: global_step=36249, episodic_return=-68.14739990234375
2022-11-15 09:25:40,784 - INFO: global_step=36355, episodic_return=-134.9531707763672
2022-11-15 09:25:40,991 - INFO: global_step=36642, episodic_return=-214.57662963867188
2022-11-15 09:25:41,087 - INFO: global_step=36798, episodic_return=-9.553024291992188
2022-11-15 09:25:41,165 - INFO: global_step=36933, episodic_return=-83.42433166503906
2022-11-15 09:25:41,279 - INFO: global_step=37118, episodic_return=-110.42029571533203
2022-11-15 09:25:41,389 - INFO: global_step=37273, episodic_return=-23.145156860351562
2022-11-15 09:25:41,488 - INFO: global_step=37456, episodic_return=-68.20932006835938
2022-11-15 09:25:41,581 - INFO: global_step=37628, episodic_return=-107.30947875976562
2022-11-15 09:25:41,631 - INFO: global_step=37740, episodic_return=-46.13163375854492
2022-11-15 09:25:42,904 - INFO: global_step=38740, episodic_return=79.44560241699219
2022-11-15 09:25:42,960 - INFO: global_step=38833, episodic_return=-80.42949676513672
2022-11-15 09:25:43,035 - INFO: global_step=38962, episodic_return=-123.01915740966797
2022-11-15 09:25:43,088 - INFO: global_step=39060, episodic_return=-92.56707000732422
2022-11-15 09:25:43,337 - INFO: global_step=39372, episodic_return=-5.7975921630859375
2022-11-15 09:25:43,452 - INFO: global_step=39571, episodic_return=-160.9211883544922
2022-11-15 09:25:43,560 - INFO: global_step=39753, episodic_return=-17.57464599609375
2022-11-15 09:25:43,882 - INFO: global_step=40074, episodic_return=-56.310081481933594
2022-11-15 09:25:43,986 - INFO: global_step=40214, episodic_return=-34.58843231201172
2022-11-15 09:25:44,134 - INFO: global_step=40400, episodic_return=-11.36602783203125
2022-11-15 09:25:44,205 - INFO: global_step=40489, episodic_return=-115.21566009521484
2022-11-15 09:25:44,290 - INFO: global_step=40603, episodic_return=-91.79142761230469
2022-11-15 09:25:44,384 - INFO: global_step=40767, episodic_return=-23.045196533203125
2022-11-15 09:25:44,440 - INFO: global_step=40875, episodic_return=-73.33087158203125
2022-11-15 09:25:44,565 - INFO: global_step=41095, episodic_return=-87.35441589355469
2022-11-15 09:25:44,629 - INFO: global_step=41219, episodic_return=-71.614990234375
2022-11-15 09:25:44,678 - INFO: global_step=41330, episodic_return=-147.76522827148438
2022-11-15 09:25:44,779 - INFO: global_step=41523, episodic_return=-230.97518920898438
2022-11-15 09:25:44,853 - INFO: global_step=41676, episodic_return=-55.10753631591797
2022-11-15 09:25:45,052 - INFO: global_step=41962, episodic_return=2.0125579833984375
2022-11-15 09:25:45,115 - INFO: global_step=42080, episodic_return=-79.51490783691406
2022-11-15 09:25:45,231 - INFO: global_step=42285, episodic_return=-80.58894348144531
2022-11-15 09:25:45,298 - INFO: global_step=42426, episodic_return=-13.798286437988281
2022-11-15 09:25:45,414 - INFO: global_step=42634, episodic_return=-50.347015380859375
2022-11-15 09:25:45,472 - INFO: global_step=42768, episodic_return=-112.13223266601562
2022-11-15 09:25:45,641 - INFO: global_step=43033, episodic_return=-23.0933837890625
2022-11-15 09:25:45,701 - INFO: global_step=43124, episodic_return=-50.33518981933594
2022-11-15 09:25:45,795 - INFO: global_step=43306, episodic_return=36.007354736328125
2022-11-15 09:25:45,886 - INFO: global_step=43486, episodic_return=-192.60772705078125
2022-11-15 09:25:47,612 - INFO: global_step=44486, episodic_return=-8.50321102142334
2022-11-15 09:25:47,685 - INFO: global_step=44638, episodic_return=-162.38568115234375
2022-11-15 09:25:47,848 - INFO: global_step=44901, episodic_return=-82.32560729980469
2022-11-15 09:25:47,887 - INFO: global_step=44988, episodic_return=-57.215538024902344
2022-11-15 09:25:47,926 - INFO: global_step=45070, episodic_return=-40.15270233154297
2022-11-15 09:25:47,975 - INFO: global_step=45151, episodic_return=-41.40918731689453
2022-11-15 09:25:48,031 - INFO: global_step=45252, episodic_return=-64.211669921875
2022-11-15 09:25:48,107 - INFO: global_step=45374, episodic_return=-17.097412109375
2022-11-15 09:25:48,289 - INFO: global_step=45646, episodic_return=-19.76177978515625
2022-11-15 09:25:48,428 - INFO: global_step=45889, episodic_return=5.5033416748046875
2022-11-15 09:25:48,546 - INFO: global_step=46087, episodic_return=-31.83092498779297
2022-11-15 09:25:50,026 - INFO: global_step=47087, episodic_return=34.96847915649414
2022-11-15 09:25:50,149 - INFO: global_step=47307, episodic_return=-45.61678695678711
2022-11-15 09:25:50,318 - INFO: global_step=47544, episodic_return=-228.47265625
2022-11-15 09:25:50,572 - INFO: global_step=47866, episodic_return=-90.45294189453125
2022-11-15 09:25:50,713 - INFO: global_step=48085, episodic_return=-77.67863464355469
2022-11-15 09:25:50,802 - INFO: global_step=48259, episodic_return=-102.8141098022461
2022-11-15 09:25:52,157 - INFO: global_step=49259, episodic_return=-40.77301025390625
2022-11-15 09:25:52,297 - INFO: global_step=49485, episodic_return=-29.147216796875
2022-11-15 09:25:52,458 - INFO: global_step=49717, episodic_return=-29.845932006835938
2022-11-15 09:25:52,619 - INFO: global_step=49964, episodic_return=8.420913696289062
2022-11-15 09:25:52,688 - INFO: global_step=50069, episodic_return=-60.911197662353516
2022-11-15 09:25:52,788 - INFO: global_step=50218, episodic_return=-54.22038269042969
2022-11-15 09:25:52,931 - INFO: global_step=50443, episodic_return=12.626983642578125
2022-11-15 09:25:53,006 - INFO: global_step=50585, episodic_return=-335.6798400878906
2022-11-15 09:25:53,112 - INFO: global_step=50765, episodic_return=-82.03055572509766
2022-11-15 09:25:53,148 - INFO: global_step=50837, episodic_return=-90.50163269042969
2022-11-15 09:25:53,237 - INFO: global_step=50998, episodic_return=-41.66334915161133
2022-11-15 09:25:53,610 - INFO: global_step=51475, episodic_return=-61.006935119628906
2022-11-15 09:25:53,750 - INFO: global_step=51699, episodic_return=-210.57244873046875
2022-11-15 09:25:53,865 - INFO: global_step=51890, episodic_return=-169.51446533203125
2022-11-15 09:25:54,262 - INFO: global_step=52228, episodic_return=-293.6693420410156
2022-11-15 09:25:54,431 - INFO: global_step=52325, episodic_return=-64.13914489746094
2022-11-15 09:25:54,507 - INFO: global_step=52455, episodic_return=-79.8501205444336
2022-11-15 09:25:54,676 - INFO: global_step=52682, episodic_return=-261.0426940917969
2022-11-15 09:25:54,797 - INFO: global_step=52860, episodic_return=-22.39604949951172
2022-11-15 09:25:55,612 - INFO: global_step=53489, episodic_return=-113.30784606933594
2022-11-15 09:25:56,813 - INFO: global_step=54489, episodic_return=22.013858795166016
2022-11-15 09:25:56,913 - INFO: global_step=54662, episodic_return=-65.60755157470703
2022-11-15 09:25:57,185 - INFO: global_step=55025, episodic_return=-47.46843719482422
2022-11-15 09:25:57,242 - INFO: global_step=55127, episodic_return=-78.78834533691406
2022-11-15 09:25:57,337 - INFO: global_step=55296, episodic_return=1.2937469482421875
2022-11-15 09:25:57,611 - INFO: global_step=55657, episodic_return=-8.120590209960938
2022-11-15 09:25:57,730 - INFO: global_step=55872, episodic_return=9.456695556640625
2022-11-15 09:25:58,940 - INFO: global_step=56872, episodic_return=54.65961456298828
2022-11-15 09:25:59,030 - INFO: global_step=57027, episodic_return=-18.976234436035156
2022-11-15 09:25:59,088 - INFO: global_step=57142, episodic_return=-306.759765625
2022-11-15 09:25:59,225 - INFO: global_step=57371, episodic_return=24.52196502685547
2022-11-15 09:25:59,274 - INFO: global_step=57474, episodic_return=-46.56428146362305
2022-11-15 09:25:59,431 - INFO: global_step=57724, episodic_return=-47.51018524169922
2022-11-15 09:25:59,686 - INFO: global_step=58093, episodic_return=-99.32191467285156
2022-11-15 09:25:59,759 - INFO: global_step=58240, episodic_return=0.035369873046875
2022-11-15 09:25:59,882 - INFO: global_step=58417, episodic_return=-38.58056640625
2022-11-15 09:26:00,273 - INFO: global_step=58822, episodic_return=-98.82154846191406
2022-11-15 09:26:00,462 - INFO: global_step=59116, episodic_return=-23.824966430664062
2022-11-15 09:26:02,189 - INFO: global_step=60116, episodic_return=20.2602596282959
2022-11-15 09:26:02,394 - INFO: global_step=60394, episodic_return=-0.6653976440429688
2022-11-15 09:26:03,623 - INFO: global_step=61307, episodic_return=-300.4866943359375
2022-11-15 09:26:04,755 - INFO: global_step=62307, episodic_return=73.13418579101562
2022-11-15 09:26:05,021 - INFO: global_step=62648, episodic_return=-88.09942626953125
2022-11-15 09:26:05,114 - INFO: global_step=62792, episodic_return=-132.0046844482422
2022-11-15 09:26:05,283 - INFO: global_step=63068, episodic_return=-56.90797424316406
2022-11-15 09:26:05,348 - INFO: global_step=63192, episodic_return=-48.332763671875
2022-11-15 09:26:07,367 - INFO: global_step=64192, episodic_return=-117.7410659790039
2022-11-15 09:26:07,702 - INFO: global_step=64580, episodic_return=-41.44242858886719
2022-11-15 09:26:08,349 - INFO: global_step=65096, episodic_return=0.0428466796875
2022-11-15 09:26:08,682 - INFO: global_step=65481, episodic_return=-74.69703674316406
2022-11-15 09:26:08,738 - INFO: global_step=65587, episodic_return=-55.472862243652344
2022-11-15 09:26:09,113 - INFO: global_step=65989, episodic_return=-129.40782165527344
2022-11-15 09:26:09,326 - INFO: global_step=66269, episodic_return=-66.73123931884766
2022-11-15 09:26:09,529 - INFO: global_step=66536, episodic_return=-19.445465087890625
2022-11-15 09:26:11,292 - INFO: global_step=67536, episodic_return=46.51689910888672
2022-11-15 09:26:11,641 - INFO: global_step=67853, episodic_return=5.477569580078125
2022-11-15 09:26:13,095 - INFO: global_step=68853, episodic_return=112.58026885986328
2022-11-15 09:26:13,163 - INFO: global_step=68983, episodic_return=-26.16761016845703
2022-11-15 09:26:13,570 - INFO: global_step=69414, episodic_return=211.35147094726562
2022-11-15 09:26:14,808 - INFO: global_step=70414, episodic_return=110.08574676513672
2022-11-15 09:26:16,109 - INFO: global_step=71414, episodic_return=102.48908233642578
2022-11-15 09:26:16,398 - INFO: global_step=71696, episodic_return=10.731605529785156
2022-11-15 09:26:16,552 - INFO: global_step=71921, episodic_return=6.585685729980469
2022-11-15 09:26:16,650 - INFO: global_step=72083, episodic_return=-0.7952346801757812
2022-11-15 09:26:17,638 - INFO: global_step=73083, episodic_return=163.10494995117188
2022-11-15 09:26:18,813 - INFO: global_step=74083, episodic_return=77.32410430908203
2022-11-15 09:26:19,977 - INFO: global_step=75083, episodic_return=69.14781951904297
2022-11-15 09:26:20,062 - INFO: global_step=75210, episodic_return=-13.134918212890625
2022-11-15 09:26:21,298 - INFO: global_step=76210, episodic_return=101.49896240234375
2022-11-15 09:26:21,454 - INFO: global_step=76454, episodic_return=-38.77216339111328
2022-11-15 09:26:23,030 - INFO: global_step=77454, episodic_return=125.86262512207031
2022-11-15 09:26:24,449 - INFO: global_step=78454, episodic_return=8.150309562683105
2022-11-15 09:26:24,655 - INFO: global_step=78666, episodic_return=-11.737800598144531
2022-11-15 09:26:26,259 - INFO: global_step=79666, episodic_return=16.51113510131836
2022-11-15 09:26:26,856 - INFO: global_step=80214, episodic_return=-53.46092224121094
2022-11-15 09:26:27,071 - INFO: global_step=80524, episodic_return=-129.04116821289062
2022-11-15 09:26:27,141 - INFO: global_step=80633, episodic_return=-124.25704193115234
2022-11-15 09:26:29,071 - INFO: global_step=81633, episodic_return=36.690582275390625
2022-11-15 09:26:30,512 - INFO: global_step=82633, episodic_return=15.424575805664062
2022-11-15 09:26:31,750 - INFO: global_step=83633, episodic_return=123.63658905029297
2022-11-15 09:26:33,643 - INFO: global_step=84633, episodic_return=111.82891845703125
2022-11-15 09:26:33,821 - INFO: global_step=84874, episodic_return=-48.865684509277344
2022-11-15 09:26:35,000 - INFO: global_step=85874, episodic_return=111.06121063232422
2022-11-15 09:26:36,418 - INFO: global_step=86874, episodic_return=36.975467681884766
2022-11-15 09:26:37,269 - INFO: global_step=87683, episodic_return=247.12071228027344
2022-11-15 09:26:39,156 - INFO: global_step=88683, episodic_return=66.47381591796875
2022-11-15 09:26:40,393 - INFO: global_step=89683, episodic_return=-42.687843322753906
2022-11-15 09:26:41,700 - INFO: global_step=90683, episodic_return=-19.41517448425293
2022-11-15 09:26:42,878 - INFO: global_step=91683, episodic_return=118.03955078125
2022-11-15 09:26:44,038 - INFO: global_step=92683, episodic_return=42.33357620239258
2022-11-15 09:26:44,271 - INFO: global_step=92966, episodic_return=-6.492439270019531
2022-11-15 09:26:45,742 - INFO: global_step=93966, episodic_return=47.2367057800293
2022-11-15 09:26:47,471 - INFO: global_step=94966, episodic_return=62.554771423339844
2022-11-15 09:26:47,544 - INFO: global_step=95081, episodic_return=-15.096366882324219
2022-11-15 09:26:48,054 - INFO: global_step=95483, episodic_return=-43.985862731933594
2022-11-15 09:26:49,349 - INFO: global_step=96483, episodic_return=39.923606872558594
2022-11-15 09:26:49,431 - INFO: global_step=96594, episodic_return=-14.64215087890625
2022-11-15 09:26:49,686 - INFO: global_step=96927, episodic_return=-57.632198333740234
2022-11-15 09:26:50,031 - INFO: global_step=97330, episodic_return=-31.87236785888672
2022-11-15 09:26:51,305 - INFO: global_step=98330, episodic_return=103.8493881225586
2022-11-15 09:26:52,532 - INFO: global_step=99330, episodic_return=80.97127532958984
2022-11-15 09:26:54,360 - INFO: global_step=100330, episodic_return=47.743408203125
2022-11-15 09:26:54,612 - INFO: global_step=100604, episodic_return=15.071807861328125
2022-11-15 09:26:54,766 - INFO: global_step=100846, episodic_return=-7.330406188964844
2022-11-15 09:26:57,010 - INFO: global_step=101846, episodic_return=30.270105361938477
2022-11-15 09:26:58,315 - INFO: global_step=102846, episodic_return=31.4005126953125
2022-11-15 09:26:58,468 - INFO: global_step=103052, episodic_return=74.91046142578125
2022-11-15 09:26:58,610 - INFO: global_step=103281, episodic_return=40.24211120605469
2022-11-15 09:26:58,788 - INFO: global_step=103544, episodic_return=26.978591918945312
2022-11-15 09:27:00,356 - INFO: global_step=104544, episodic_return=8.978837966918945
2022-11-15 09:27:01,859 - INFO: global_step=105544, episodic_return=10.728270530700684
2022-11-15 09:27:02,261 - INFO: global_step=106016, episodic_return=-42.78936004638672
2022-11-15 09:27:03,556 - INFO: global_step=107016, episodic_return=145.25201416015625
2022-11-15 09:27:04,351 - INFO: global_step=107633, episodic_return=198.83309936523438
2022-11-15 09:27:05,979 - INFO: global_step=108633, episodic_return=-49.661617279052734
2022-11-15 09:27:06,148 - INFO: global_step=108859, episodic_return=-7.378990173339844
2022-11-15 09:27:07,389 - INFO: global_step=109859, episodic_return=147.11663818359375
2022-11-15 09:27:07,512 - INFO: global_step=110012, episodic_return=86.32002258300781
2022-11-15 09:27:08,455 - INFO: global_step=110663, episodic_return=192.64466857910156
2022-11-15 09:27:08,700 - INFO: global_step=110943, episodic_return=21.586456298828125
2022-11-15 09:27:09,042 - INFO: global_step=111242, episodic_return=253.1468963623047
2022-11-15 09:27:10,423 - INFO: global_step=112242, episodic_return=83.62730407714844
2022-11-15 09:27:11,605 - INFO: global_step=113242, episodic_return=165.8591766357422
2022-11-15 09:27:11,691 - INFO: global_step=113372, episodic_return=37.7325439453125
2022-11-15 09:27:11,788 - INFO: global_step=113496, episodic_return=4.822479248046875
2022-11-15 09:27:12,065 - INFO: global_step=113822, episodic_return=241.2075958251953
2022-11-15 09:27:12,759 - INFO: global_step=114379, episodic_return=221.57391357421875
2022-11-15 09:27:12,859 - INFO: global_step=114506, episodic_return=26.618301391601562
2022-11-15 09:27:13,027 - INFO: global_step=114706, episodic_return=-22.062095642089844
2022-11-15 09:27:13,128 - INFO: global_step=114838, episodic_return=22.131752014160156
2022-11-15 09:27:14,673 - INFO: global_step=115838, episodic_return=-23.510238647460938
2022-11-15 09:27:15,340 - INFO: global_step=116448, episodic_return=179.7728271484375
2022-11-15 09:27:17,365 - INFO: global_step=117448, episodic_return=-51.460514068603516
2022-11-15 09:27:18,399 - INFO: global_step=118222, episodic_return=257.5584716796875
2022-11-15 09:27:20,240 - INFO: global_step=119222, episodic_return=36.31671142578125
2022-11-15 09:27:21,286 - INFO: global_step=119904, episodic_return=208.553955078125
2022-11-15 09:27:22,765 - INFO: global_step=120864, episodic_return=191.82888793945312
2022-11-15 09:27:23,305 - INFO: global_step=121311, episodic_return=216.71441650390625
2022-11-15 09:27:24,577 - INFO: global_step=122128, episodic_return=169.54348754882812
2022-11-15 09:27:24,728 - INFO: global_step=122308, episodic_return=-148.46463012695312
2022-11-15 09:27:24,941 - INFO: global_step=122552, episodic_return=-28.15760040283203
2022-11-15 09:27:25,643 - INFO: global_step=123107, episodic_return=-263.68890380859375
2022-11-15 09:27:25,733 - INFO: global_step=123232, episodic_return=-46.07090759277344
2022-11-15 09:27:25,839 - INFO: global_step=123371, episodic_return=-348.06915283203125
2022-11-15 09:27:25,944 - INFO: global_step=123540, episodic_return=-272.97894287109375
2022-11-15 09:27:26,024 - INFO: global_step=123656, episodic_return=15.410018920898438
2022-11-15 09:27:26,086 - INFO: global_step=123728, episodic_return=-27.289169311523438
2022-11-15 09:27:26,289 - INFO: global_step=123929, episodic_return=26.46685028076172
2022-11-15 09:27:26,450 - INFO: global_step=124106, episodic_return=36.484893798828125
2022-11-15 09:27:26,521 - INFO: global_step=124195, episodic_return=-110.77303314208984
2022-11-15 09:27:28,004 - INFO: global_step=124940, episodic_return=155.79653930664062
2022-11-15 09:27:29,372 - INFO: global_step=125940, episodic_return=-60.20005798339844
2022-11-15 09:27:31,144 - INFO: global_step=126940, episodic_return=-6.9940009117126465
2022-11-15 09:27:33,090 - INFO: global_step=127940, episodic_return=-35.232521057128906
2022-11-15 09:27:34,589 - INFO: global_step=128940, episodic_return=-38.11301040649414
2022-11-15 09:27:36,146 - INFO: global_step=129940, episodic_return=23.66030502319336
2022-11-15 09:27:37,968 - INFO: global_step=130940, episodic_return=-19.664209365844727
2022-11-15 09:27:39,361 - INFO: global_step=131940, episodic_return=-64.96118927001953
2022-11-15 09:27:41,373 - INFO: global_step=132940, episodic_return=0.20620453357696533
2022-11-15 09:27:43,514 - INFO: global_step=133940, episodic_return=-2.747039794921875
2022-11-15 09:27:45,207 - INFO: global_step=134940, episodic_return=-0.17521783709526062
2022-11-15 09:27:47,199 - INFO: global_step=135940, episodic_return=-29.804529190063477
2022-11-15 09:27:48,903 - INFO: global_step=136940, episodic_return=-74.16949462890625
2022-11-15 09:27:50,226 - INFO: global_step=137940, episodic_return=-45.12186050415039
2022-11-15 09:27:51,604 - INFO: global_step=138940, episodic_return=-36.16621398925781
2022-11-15 09:27:53,627 - INFO: global_step=139940, episodic_return=-64.27599334716797
2022-11-15 09:27:55,056 - INFO: global_step=140940, episodic_return=-24.049720764160156
2022-11-15 09:27:56,560 - INFO: global_step=141940, episodic_return=-76.74857330322266
2022-11-15 09:27:58,559 - INFO: global_step=142940, episodic_return=-60.546104431152344
2022-11-15 09:27:59,986 - INFO: global_step=143940, episodic_return=-61.323246002197266
2022-11-15 09:28:01,537 - INFO: global_step=144940, episodic_return=-99.61526489257812
2022-11-15 09:28:03,656 - INFO: global_step=145940, episodic_return=-5.693854331970215
2022-11-15 09:28:05,899 - INFO: global_step=146940, episodic_return=-52.0135498046875
2022-11-15 09:28:07,418 - INFO: global_step=147940, episodic_return=-49.12861251831055
2022-11-15 09:28:08,544 - INFO: global_step=148940, episodic_return=1.5187968015670776
2022-11-15 09:28:09,934 - INFO: global_step=149940, episodic_return=4.836000442504883
2022-11-15 09:28:11,132 - INFO: global_step=150940, episodic_return=-29.32299041748047
2022-11-15 09:28:12,765 - INFO: global_step=151940, episodic_return=-42.58435821533203
2022-11-15 09:28:14,394 - INFO: global_step=152940, episodic_return=-20.008777618408203
2022-11-15 09:28:16,382 - INFO: global_step=153940, episodic_return=-74.18494415283203
2022-11-15 09:28:18,451 - INFO: global_step=154940, episodic_return=-37.85099411010742
2022-11-15 09:28:20,107 - INFO: global_step=155940, episodic_return=-28.944835662841797
2022-11-15 09:28:21,880 - INFO: global_step=156940, episodic_return=-22.242090225219727
2022-11-15 09:28:23,488 - INFO: global_step=157940, episodic_return=-27.97352409362793
2022-11-15 09:28:24,981 - INFO: global_step=158940, episodic_return=-40.862220764160156
2022-11-15 09:28:26,954 - INFO: global_step=159940, episodic_return=-39.024566650390625
2022-11-15 09:28:28,784 - INFO: global_step=160940, episodic_return=-63.69247817993164
2022-11-15 09:28:30,636 - INFO: global_step=161940, episodic_return=-14.041203498840332
2022-11-15 09:28:31,856 - INFO: global_step=162940, episodic_return=-36.63072967529297
2022-11-15 09:28:33,794 - INFO: global_step=163940, episodic_return=-9.132619857788086
2022-11-15 09:28:35,324 - INFO: global_step=164931, episodic_return=107.49494171142578
2022-11-15 09:28:36,883 - INFO: global_step=165931, episodic_return=-9.110894203186035
2022-11-15 09:28:39,136 - INFO: global_step=166931, episodic_return=-35.957862854003906
2022-11-15 09:28:41,085 - INFO: global_step=167931, episodic_return=-65.3276596069336
2022-11-15 09:28:43,048 - INFO: global_step=168931, episodic_return=-64.25248718261719
2022-11-15 09:28:44,615 - INFO: global_step=169931, episodic_return=-84.49517822265625
2022-11-15 09:28:46,321 - INFO: global_step=170931, episodic_return=-89.43950653076172
2022-11-15 09:28:48,076 - INFO: global_step=171931, episodic_return=-14.130501747131348
2022-11-15 09:28:50,016 - INFO: global_step=172931, episodic_return=-20.37869644165039
2022-11-15 09:28:52,058 - INFO: global_step=173931, episodic_return=6.570489883422852
2022-11-15 09:28:52,401 - INFO: global_step=174265, episodic_return=208.9225311279297
2022-11-15 09:28:54,231 - INFO: global_step=175265, episodic_return=-18.067575454711914
2022-11-15 09:28:56,444 - INFO: global_step=176265, episodic_return=-81.39232635498047
2022-11-15 09:28:58,189 - INFO: global_step=177265, episodic_return=-24.94036293029785
2022-11-15 09:29:00,473 - INFO: global_step=178265, episodic_return=-9.998553276062012
2022-11-15 09:29:02,044 - INFO: global_step=179265, episodic_return=-18.01009750366211
2022-11-15 09:29:03,380 - INFO: global_step=180109, episodic_return=149.200439453125
2022-11-15 09:29:03,626 - INFO: global_step=180407, episodic_return=301.4266357421875
2022-11-15 09:29:04,613 - INFO: global_step=181032, episodic_return=184.29824829101562
2022-11-15 09:29:05,944 - INFO: global_step=181943, episodic_return=157.27706909179688
2022-11-15 09:29:06,763 - INFO: global_step=182541, episodic_return=183.5664825439453
2022-11-15 09:29:08,369 - INFO: global_step=183507, episodic_return=93.50752258300781
2022-11-15 09:29:09,070 - INFO: global_step=184075, episodic_return=156.05624389648438
2022-11-15 09:29:09,758 - INFO: global_step=184642, episodic_return=195.1867218017578
2022-11-15 09:29:10,338 - INFO: global_step=185212, episodic_return=63.91240692138672
2022-11-15 09:29:11,629 - INFO: global_step=185932, episodic_return=164.0682830810547
2022-11-15 09:29:13,079 - INFO: global_step=186932, episodic_return=0.5005942583084106
2022-11-15 09:29:14,612 - INFO: global_step=187932, episodic_return=-6.291138648986816
2022-11-15 09:29:16,157 - INFO: global_step=188766, episodic_return=174.26876831054688
2022-11-15 09:29:17,702 - INFO: global_step=189766, episodic_return=-4.406790733337402
2022-11-15 09:29:19,627 - INFO: global_step=190719, episodic_return=111.13043975830078
2022-11-15 09:29:21,611 - INFO: global_step=191719, episodic_return=53.304264068603516
2022-11-15 09:29:23,150 - INFO: global_step=192719, episodic_return=-20.18381690979004
2022-11-15 09:29:25,559 - INFO: global_step=193719, episodic_return=8.684991836547852
2022-11-15 09:29:26,848 - INFO: global_step=194589, episodic_return=184.26670837402344
2022-11-15 09:29:27,178 - INFO: global_step=194922, episodic_return=295.04290771484375
2022-11-15 09:29:27,294 - INFO: global_step=195073, episodic_return=10.918113708496094
2022-11-15 09:29:28,210 - INFO: global_step=195688, episodic_return=197.3679962158203
2022-11-15 09:29:28,528 - INFO: global_step=196065, episodic_return=194.82058715820312
2022-11-15 09:29:29,660 - INFO: global_step=196984, episodic_return=102.8017578125
2022-11-15 09:29:30,478 - INFO: global_step=197759, episodic_return=110.2979507446289
2022-11-15 09:29:30,623 - INFO: global_step=197938, episodic_return=-212.23651123046875
2022-11-15 09:29:30,780 - INFO: global_step=198147, episodic_return=-199.78323364257812
2022-11-15 09:29:30,827 - INFO: global_step=198233, episodic_return=-189.9097442626953
2022-11-15 09:29:30,954 - INFO: global_step=198421, episodic_return=-45.23834228515625
2022-11-15 09:29:31,202 - INFO: global_step=198729, episodic_return=286.08648681640625
2022-11-15 09:29:31,288 - INFO: global_step=198859, episodic_return=-228.58851623535156
2022-11-15 09:29:31,349 - INFO: global_step=198957, episodic_return=-861.482666015625
2022-11-15 09:29:31,474 - INFO: global_step=199153, episodic_return=-40.80412292480469
2022-11-15 09:29:31,614 - INFO: global_step=199345, episodic_return=-226.773681640625
2022-11-15 09:29:31,667 - INFO: global_step=199430, episodic_return=-81.09613800048828
2022-11-15 09:29:32,529 - INFO: global_step=200124, episodic_return=185.31134033203125
2022-11-15 09:29:32,683 - INFO: global_step=200332, episodic_return=37.766387939453125
2022-11-15 09:29:33,902 - INFO: global_step=200779, episodic_return=-47.24412536621094
2022-11-15 09:29:35,306 - INFO: global_step=201438, episodic_return=209.60621643066406
2022-11-15 09:29:35,620 - INFO: global_step=201769, episodic_return=-76.95600128173828
2022-11-15 09:29:36,450 - INFO: global_step=202458, episodic_return=190.98580932617188
2022-11-15 09:29:37,864 - INFO: global_step=203400, episodic_return=143.05186462402344
2022-11-15 09:29:38,298 - INFO: global_step=203852, episodic_return=248.5069122314453
2022-11-15 09:29:40,259 - INFO: global_step=204852, episodic_return=-24.966800689697266
2022-11-15 09:29:41,819 - INFO: global_step=205852, episodic_return=-118.47588348388672
2022-11-15 09:29:43,303 - INFO: global_step=206852, episodic_return=-91.00904846191406
2022-11-15 09:29:44,972 - INFO: global_step=207852, episodic_return=-100.34477996826172
2022-11-15 09:29:46,780 - INFO: global_step=208852, episodic_return=-107.17166137695312
2022-11-15 09:29:47,915 - INFO: global_step=209851, episodic_return=105.70112609863281
2022-11-15 09:29:49,845 - INFO: global_step=210851, episodic_return=-19.721187591552734
2022-11-15 09:29:51,508 - INFO: global_step=211851, episodic_return=-15.93537425994873
2022-11-15 09:29:53,770 - INFO: global_step=212851, episodic_return=-44.9198112487793
2022-11-15 09:29:55,803 - INFO: global_step=213851, episodic_return=-57.070838928222656
2022-11-15 09:29:57,877 - INFO: global_step=214851, episodic_return=-72.05652618408203
2022-11-15 09:29:59,384 - INFO: global_step=215851, episodic_return=-36.31235885620117
2022-11-15 09:30:01,394 - INFO: global_step=216851, episodic_return=-88.84627532958984
2022-11-15 09:30:02,778 - INFO: global_step=217851, episodic_return=-92.75267028808594
2022-11-15 09:30:04,116 - INFO: global_step=218851, episodic_return=-20.56729507446289
2022-11-15 09:30:05,655 - INFO: global_step=219754, episodic_return=103.26897430419922
2022-11-15 09:30:07,527 - INFO: global_step=220754, episodic_return=23.283910751342773
2022-11-15 09:30:08,698 - INFO: global_step=221754, episodic_return=-2.062434673309326
2022-11-15 09:30:10,095 - INFO: global_step=222754, episodic_return=-61.1820182800293
2022-11-15 09:30:11,498 - INFO: global_step=223754, episodic_return=-87.75250244140625
2022-11-15 09:30:12,998 - INFO: global_step=224754, episodic_return=-114.88893127441406
2022-11-15 09:30:14,550 - INFO: global_step=225754, episodic_return=-55.78007507324219
2022-11-15 09:30:16,141 - INFO: global_step=226754, episodic_return=-75.39948272705078
2022-11-15 09:30:17,867 - INFO: global_step=227754, episodic_return=-26.869504928588867
2022-11-15 09:30:19,063 - INFO: global_step=228754, episodic_return=-70.44937133789062
2022-11-15 09:30:20,343 - INFO: global_step=229754, episodic_return=-65.5611801147461
2022-11-15 09:30:21,818 - INFO: global_step=230754, episodic_return=-82.00521087646484
2022-11-15 09:30:23,564 - INFO: global_step=231754, episodic_return=-77.70358276367188
2022-11-15 09:30:25,254 - INFO: global_step=232754, episodic_return=-24.876602172851562
2022-11-15 09:30:26,805 - INFO: global_step=233754, episodic_return=-31.238279342651367
2022-11-15 09:30:28,123 - INFO: global_step=234754, episodic_return=-20.53536605834961
2022-11-15 09:30:29,624 - INFO: global_step=235754, episodic_return=1.1412451267242432
2022-11-15 09:30:31,633 - INFO: global_step=236754, episodic_return=-15.588159561157227
2022-11-15 09:30:33,368 - INFO: global_step=237754, episodic_return=-0.6462193727493286
2022-11-15 09:30:34,737 - INFO: global_step=238754, episodic_return=-41.50301742553711
2022-11-15 09:30:36,576 - INFO: global_step=239754, episodic_return=-25.01189613342285
2022-11-15 09:30:38,391 - INFO: global_step=240700, episodic_return=90.63176727294922
2022-11-15 09:30:39,817 - INFO: global_step=241562, episodic_return=115.6095199584961
2022-11-15 09:30:40,415 - INFO: global_step=242127, episodic_return=227.741455078125
2022-11-15 09:30:41,976 - INFO: global_step=243127, episodic_return=-21.564348220825195
2022-11-15 09:30:43,991 - INFO: global_step=244081, episodic_return=157.5146484375
2022-11-15 09:30:44,330 - INFO: global_step=244430, episodic_return=241.65023803710938
2022-11-15 09:30:44,601 - INFO: global_step=244744, episodic_return=280.87060546875
2022-11-15 09:30:45,222 - INFO: global_step=245294, episodic_return=170.42193603515625
2022-11-15 09:30:45,732 - INFO: global_step=245763, episodic_return=250.83924865722656
2022-11-15 09:30:46,123 - INFO: global_step=246185, episodic_return=271.7635803222656
2022-11-15 09:30:46,524 - INFO: global_step=246569, episodic_return=242.09703063964844
2022-11-15 09:30:46,954 - INFO: global_step=247026, episodic_return=225.45657348632812
2022-11-15 09:30:47,036 - INFO: global_step=247152, episodic_return=79.28044128417969
2022-11-15 09:30:47,177 - INFO: global_step=247343, episodic_return=-55.66354751586914
2022-11-15 09:30:47,291 - INFO: global_step=247497, episodic_return=18.470909118652344
2022-11-15 09:30:47,567 - INFO: global_step=247777, episodic_return=-8.424118041992188
2022-11-15 09:30:47,842 - INFO: global_step=248024, episodic_return=3.7918853759765625
2022-11-15 09:30:47,940 - INFO: global_step=248142, episodic_return=-35.922576904296875
2022-11-15 09:30:48,329 - INFO: global_step=248597, episodic_return=251.1048126220703
2022-11-15 09:30:48,605 - INFO: global_step=248931, episodic_return=275.6983337402344
2022-11-15 09:30:48,854 - INFO: global_step=249211, episodic_return=234.71929931640625
2022-11-15 09:30:49,420 - INFO: global_step=249729, episodic_return=224.38766479492188
2022-11-15 09:30:51,027 - INFO: global_step=250591, episodic_return=150.37155151367188
2022-11-15 09:30:52,145 - INFO: global_step=251303, episodic_return=142.15353393554688
2022-11-15 09:30:53,760 - INFO: global_step=252177, episodic_return=136.77102661132812
2022-11-15 09:30:54,441 - INFO: global_step=252817, episodic_return=186.84426879882812
2022-11-15 09:30:55,201 - INFO: global_step=253460, episodic_return=177.44078063964844
2022-11-15 09:30:56,108 - INFO: global_step=254175, episodic_return=193.42034912109375
2022-11-15 09:30:56,654 - INFO: global_step=254674, episodic_return=249.26080322265625
2022-11-15 09:30:57,998 - INFO: global_step=255547, episodic_return=171.13363647460938
2022-11-15 09:30:58,834 - INFO: global_step=256112, episodic_return=208.915283203125
2022-11-15 09:31:00,187 - INFO: global_step=257112, episodic_return=41.422149658203125
2022-11-15 09:31:01,500 - INFO: global_step=258080, episodic_return=106.68914031982422
2022-11-15 09:31:02,569 - INFO: global_step=258799, episodic_return=190.00547790527344
2022-11-15 09:31:03,114 - INFO: global_step=259322, episodic_return=173.63973999023438
2022-11-15 09:31:04,393 - INFO: global_step=259868, episodic_return=169.5799102783203
2022-11-15 09:31:05,874 - INFO: global_step=260801, episodic_return=91.10627746582031
2022-11-15 09:31:06,975 - INFO: global_step=261663, episodic_return=91.20841979980469
2022-11-15 09:31:08,114 - INFO: global_step=262493, episodic_return=190.92312622070312
2022-11-15 09:31:09,161 - INFO: global_step=263417, episodic_return=171.50848388671875
2022-11-15 09:31:11,252 - INFO: global_step=264417, episodic_return=-10.379426002502441
2022-11-15 09:31:13,273 - INFO: global_step=265414, episodic_return=117.725830078125
2022-11-15 09:31:14,676 - INFO: global_step=266289, episodic_return=140.94754028320312
2022-11-15 09:31:15,299 - INFO: global_step=266835, episodic_return=248.11814880371094
2022-11-15 09:31:16,808 - INFO: global_step=267835, episodic_return=-86.85370635986328
2022-11-15 09:31:17,490 - INFO: global_step=268434, episodic_return=217.8690185546875
2022-11-15 09:31:17,970 - INFO: global_step=268839, episodic_return=219.67532348632812
2022-11-15 09:31:18,350 - INFO: global_step=269236, episodic_return=247.53126525878906
2022-11-15 09:31:18,720 - INFO: global_step=269604, episodic_return=209.07415771484375
2022-11-15 09:31:18,967 - INFO: global_step=269871, episodic_return=285.8626403808594
2022-11-15 09:31:19,625 - INFO: global_step=270397, episodic_return=217.53981018066406
2022-11-15 09:31:20,154 - INFO: global_step=270881, episodic_return=244.58338928222656
2022-11-15 09:31:20,491 - INFO: global_step=271219, episodic_return=230.1448516845703
2022-11-15 09:31:20,851 - INFO: global_step=271559, episodic_return=235.08274841308594
2022-11-15 09:31:21,345 - INFO: global_step=271982, episodic_return=189.13800048828125
2022-11-15 09:31:21,862 - INFO: global_step=272392, episodic_return=236.32855224609375
2022-11-15 09:31:22,763 - INFO: global_step=273036, episodic_return=205.7188262939453
2022-11-15 09:31:23,258 - INFO: global_step=273485, episodic_return=228.40240478515625
2022-11-15 09:31:23,714 - INFO: global_step=273860, episodic_return=251.84368896484375
2022-11-15 09:31:24,491 - INFO: global_step=274413, episodic_return=223.73626708984375
2022-11-15 09:31:25,004 - INFO: global_step=274883, episodic_return=177.10076904296875
2022-11-15 09:31:25,513 - INFO: global_step=275358, episodic_return=247.8628692626953
2022-11-15 09:31:26,391 - INFO: global_step=276081, episodic_return=205.66748046875
2022-11-15 09:31:27,913 - INFO: global_step=277081, episodic_return=-34.72694396972656
2022-11-15 09:31:30,216 - INFO: global_step=278081, episodic_return=-69.24691772460938
2022-11-15 09:31:32,047 - INFO: global_step=279081, episodic_return=-54.80461120605469
2022-11-15 09:31:33,617 - INFO: global_step=280081, episodic_return=-107.40227508544922
2022-11-15 09:31:34,517 - INFO: global_step=280885, episodic_return=160.33798217773438
2022-11-15 09:31:35,818 - INFO: global_step=281885, episodic_return=-29.570667266845703
2022-11-15 09:31:37,343 - INFO: global_step=282885, episodic_return=6.301143646240234
2022-11-15 09:31:39,086 - INFO: global_step=283650, episodic_return=174.07919311523438
2022-11-15 09:31:40,258 - INFO: global_step=284435, episodic_return=183.4942626953125
2022-11-15 09:31:41,008 - INFO: global_step=285094, episodic_return=236.40135192871094
2022-11-15 09:31:41,272 - INFO: global_step=285410, episodic_return=221.13150024414062
2022-11-15 09:31:42,156 - INFO: global_step=286138, episodic_return=228.75502014160156
2022-11-15 09:31:42,411 - INFO: global_step=286442, episodic_return=221.282958984375
2022-11-15 09:31:42,715 - INFO: global_step=286774, episodic_return=210.58078002929688
2022-11-15 09:31:42,939 - INFO: global_step=287094, episodic_return=257.21856689453125
2022-11-15 09:31:43,321 - INFO: global_step=287506, episodic_return=176.33978271484375
2022-11-15 09:31:43,819 - INFO: global_step=288008, episodic_return=212.51516723632812
2022-11-15 09:31:44,265 - INFO: global_step=288425, episodic_return=204.22100830078125
2022-11-15 09:31:44,694 - INFO: global_step=288842, episodic_return=153.9178924560547
2022-11-15 09:31:45,447 - INFO: global_step=289408, episodic_return=217.80984497070312
2022-11-15 09:31:45,788 - INFO: global_step=289804, episodic_return=250.27801513671875
2022-11-15 09:31:47,212 - INFO: global_step=290804, episodic_return=-14.716793060302734
2022-11-15 09:31:47,632 - INFO: global_step=291187, episodic_return=271.95281982421875
2022-11-15 09:31:48,156 - INFO: global_step=291566, episodic_return=183.37339782714844
2022-11-15 09:31:48,485 - INFO: global_step=291917, episodic_return=223.37588500976562
2022-11-15 09:31:48,853 - INFO: global_step=292321, episodic_return=228.05445861816406
2022-11-15 09:31:49,750 - INFO: global_step=293047, episodic_return=199.78997802734375
2022-11-15 09:31:50,186 - INFO: global_step=293440, episodic_return=209.04791259765625
2022-11-15 09:31:50,549 - INFO: global_step=293779, episodic_return=214.87991333007812
2022-11-15 09:31:50,992 - INFO: global_step=294209, episodic_return=238.01589965820312
2022-11-15 09:31:51,551 - INFO: global_step=294762, episodic_return=219.6668243408203
2022-11-15 09:31:52,262 - INFO: global_step=295388, episodic_return=185.12203979492188
2022-11-15 09:31:52,869 - INFO: global_step=295901, episodic_return=151.00257873535156
2022-11-15 09:31:53,556 - INFO: global_step=296419, episodic_return=216.2154083251953
2022-11-15 09:31:54,013 - INFO: global_step=296885, episodic_return=216.76107788085938
2022-11-15 09:31:54,623 - INFO: global_step=297455, episodic_return=197.3920135498047
2022-11-15 09:31:55,312 - INFO: global_step=298095, episodic_return=165.82269287109375
2022-11-15 09:31:55,837 - INFO: global_step=298599, episodic_return=219.79937744140625
2022-11-15 09:31:56,540 - INFO: global_step=299175, episodic_return=230.64755249023438
2022-11-15 09:31:57,193 - INFO: global_step=299731, episodic_return=217.45703125
2022-11-15 09:31:57,920 - INFO: global_step=300347, episodic_return=240.62518310546875
2022-11-15 09:31:58,988 - INFO: global_step=301064, episodic_return=195.63800048828125
2022-11-15 09:31:59,395 - INFO: global_step=301471, episodic_return=282.321044921875
2022-11-15 09:32:00,023 - INFO: global_step=301990, episodic_return=187.59341430664062
2022-11-15 09:32:00,592 - INFO: global_step=302469, episodic_return=240.49417114257812
2022-11-15 09:32:01,132 - INFO: global_step=302953, episodic_return=222.5302734375
2022-11-15 09:32:02,469 - INFO: global_step=303953, episodic_return=90.575927734375
2022-11-15 09:32:02,871 - INFO: global_step=304318, episodic_return=218.63360595703125
2022-11-15 09:32:03,322 - INFO: global_step=304624, episodic_return=-29.249473571777344
2022-11-15 09:32:03,553 - INFO: global_step=304886, episodic_return=290.00689697265625
2022-11-15 09:32:03,906 - INFO: global_step=305235, episodic_return=261.21771240234375
2022-11-15 09:32:04,092 - INFO: global_step=305496, episodic_return=277.5821533203125
2022-11-15 09:32:04,389 - INFO: global_step=305858, episodic_return=233.84951782226562
2022-11-15 09:32:04,736 - INFO: global_step=306220, episodic_return=251.13412475585938
2022-11-15 09:32:04,954 - INFO: global_step=306512, episodic_return=274.7099914550781
2022-11-15 09:32:05,495 - INFO: global_step=306993, episodic_return=251.04270935058594
2022-11-15 09:32:05,842 - INFO: global_step=307339, episodic_return=262.5513916015625
2022-11-15 09:32:06,004 - INFO: global_step=307532, episodic_return=-14.45452880859375
2022-11-15 09:32:06,206 - INFO: global_step=307784, episodic_return=291.24200439453125
2022-11-15 09:32:06,442 - INFO: global_step=308080, episodic_return=269.7564697265625
2022-11-15 09:32:06,734 - INFO: global_step=308380, episodic_return=261.1740417480469
2022-11-15 09:32:06,905 - INFO: global_step=308598, episodic_return=34.41218566894531
2022-11-15 09:32:07,076 - INFO: global_step=308809, episodic_return=60.46421813964844
2022-11-15 09:32:07,210 - INFO: global_step=309005, episodic_return=-32.26079559326172
2022-11-15 09:32:07,337 - INFO: global_step=309201, episodic_return=41.70176696777344
2022-11-15 09:32:07,534 - INFO: global_step=309476, episodic_return=2.4100112915039062
2022-11-15 09:32:08,128 - INFO: global_step=310017, episodic_return=-65.68673706054688
2022-11-15 09:32:08,356 - INFO: global_step=310320, episodic_return=251.83517456054688
2022-11-15 09:32:08,581 - INFO: global_step=310623, episodic_return=274.63677978515625
2022-11-15 09:32:10,563 - INFO: global_step=311623, episodic_return=-24.56121826171875
2022-11-15 09:32:11,351 - INFO: global_step=312387, episodic_return=148.50318908691406
2022-11-15 09:32:11,778 - INFO: global_step=312802, episodic_return=243.29637145996094
2022-11-15 09:32:12,475 - INFO: global_step=313366, episodic_return=194.115966796875
2022-11-15 09:32:14,930 - INFO: global_step=314366, episodic_return=-2.9726181030273438
2022-11-15 09:32:16,764 - INFO: global_step=315366, episodic_return=23.00755500793457
2022-11-15 09:32:18,650 - INFO: global_step=316366, episodic_return=17.178787231445312
2022-11-15 09:32:18,917 - INFO: global_step=316667, episodic_return=262.5635070800781
2022-11-15 09:32:19,210 - INFO: global_step=317025, episodic_return=275.3563232421875
2022-11-15 09:32:19,596 - INFO: global_step=317438, episodic_return=222.1409149169922
2022-11-15 09:32:19,966 - INFO: global_step=317783, episodic_return=253.11859130859375
2022-11-15 09:32:21,108 - INFO: global_step=318434, episodic_return=194.49853515625
2022-11-15 09:32:21,543 - INFO: global_step=318774, episodic_return=265.86041259765625
2022-11-15 09:32:22,197 - INFO: global_step=319266, episodic_return=174.24618530273438
2022-11-15 09:32:22,543 - INFO: global_step=319661, episodic_return=248.96142578125
2022-11-15 09:32:23,788 - INFO: global_step=320661, episodic_return=-9.258984565734863
2022-11-15 09:32:24,129 - INFO: global_step=321020, episodic_return=211.7379608154297
2022-11-15 09:32:24,453 - INFO: global_step=321351, episodic_return=259.996337890625
2022-11-15 09:32:25,104 - INFO: global_step=321861, episodic_return=194.3663330078125
2022-11-15 09:32:25,757 - INFO: global_step=322364, episodic_return=177.0638427734375
2022-11-15 09:32:26,051 - INFO: global_step=322755, episodic_return=288.47662353515625
2022-11-15 09:32:26,517 - INFO: global_step=323193, episodic_return=238.5525665283203
2022-11-15 09:32:27,440 - INFO: global_step=323937, episodic_return=142.45538330078125
2022-11-15 09:32:28,269 - INFO: global_step=324580, episodic_return=222.04110717773438
2022-11-15 09:32:29,143 - INFO: global_step=325149, episodic_return=202.48843383789062
2022-11-15 09:32:30,323 - INFO: global_step=325946, episodic_return=194.2324676513672
2022-11-15 09:32:31,568 - INFO: global_step=326785, episodic_return=181.55377197265625
2022-11-15 09:32:31,998 - INFO: global_step=327205, episodic_return=244.19189453125
2022-11-15 09:32:32,937 - INFO: global_step=327972, episodic_return=-247.6752166748047
2022-11-15 09:32:33,626 - INFO: global_step=328500, episodic_return=222.83468627929688
2022-11-15 09:32:35,091 - INFO: global_step=329111, episodic_return=193.00607299804688
2022-11-15 09:32:37,738 - INFO: global_step=330111, episodic_return=-70.00947570800781
2022-11-15 09:32:37,989 - INFO: global_step=330348, episodic_return=274.3132629394531
2022-11-15 09:32:38,279 - INFO: global_step=330702, episodic_return=265.28631591796875
2022-11-15 09:32:39,525 - INFO: global_step=331428, episodic_return=158.9237518310547
2022-11-15 09:32:40,003 - INFO: global_step=331842, episodic_return=195.70875549316406
2022-11-15 09:32:41,094 - INFO: global_step=332722, episodic_return=169.7082977294922
2022-11-15 09:32:42,415 - INFO: global_step=333564, episodic_return=198.85244750976562
2022-11-15 09:32:43,438 - INFO: global_step=334230, episodic_return=141.1590576171875
2022-11-15 09:32:43,543 - INFO: global_step=334388, episodic_return=7.4055328369140625
2022-11-15 09:32:43,932 - INFO: global_step=334795, episodic_return=175.306396484375
2022-11-15 09:32:44,166 - INFO: global_step=335087, episodic_return=247.3829345703125
2022-11-15 09:32:45,533 - INFO: global_step=336087, episodic_return=66.32051086425781
2022-11-15 09:32:46,212 - INFO: global_step=336848, episodic_return=233.1930694580078
2022-11-15 09:32:48,286 - INFO: global_step=337848, episodic_return=-67.4715576171875
2022-11-15 09:32:48,522 - INFO: global_step=338153, episodic_return=277.1557922363281
2022-11-15 09:32:48,732 - INFO: global_step=338437, episodic_return=1.8410491943359375
2022-11-15 09:32:49,098 - INFO: global_step=338851, episodic_return=219.4605712890625
2022-11-15 09:32:49,343 - INFO: global_step=339183, episodic_return=292.65887451171875
2022-11-15 09:32:50,038 - INFO: global_step=339813, episodic_return=155.72225952148438
2022-11-15 09:32:50,294 - INFO: global_step=340104, episodic_return=181.99282836914062
2022-11-15 09:32:50,512 - INFO: global_step=340373, episodic_return=274.94281005859375
2022-11-15 09:32:51,267 - INFO: global_step=340992, episodic_return=192.1224365234375
2022-11-15 09:32:51,658 - INFO: global_step=341398, episodic_return=160.41574096679688
2022-11-15 09:32:52,221 - INFO: global_step=341882, episodic_return=199.4051513671875
2022-11-15 09:32:52,437 - INFO: global_step=342149, episodic_return=261.40460205078125
2022-11-15 09:32:52,761 - INFO: global_step=342455, episodic_return=249.76028442382812
2022-11-15 09:32:53,105 - INFO: global_step=342834, episodic_return=223.15863037109375
2022-11-15 09:32:53,960 - INFO: global_step=343626, episodic_return=248.26278686523438
2022-11-15 09:32:55,322 - INFO: global_step=344626, episodic_return=15.747477531433105
2022-11-15 09:32:56,692 - INFO: global_step=345545, episodic_return=130.7008056640625
2022-11-15 09:32:57,301 - INFO: global_step=346087, episodic_return=160.770751953125
2022-11-15 09:32:57,846 - INFO: global_step=346544, episodic_return=224.08128356933594
2022-11-15 09:32:58,310 - INFO: global_step=347085, episodic_return=225.7769012451172
2022-11-15 09:32:58,755 - INFO: global_step=347578, episodic_return=257.9605712890625
2022-11-15 09:32:59,100 - INFO: global_step=347956, episodic_return=222.63101196289062
2022-11-15 09:32:59,443 - INFO: global_step=348309, episodic_return=241.32174682617188
2022-11-15 09:32:59,901 - INFO: global_step=348734, episodic_return=232.21539306640625
2022-11-15 09:33:00,739 - INFO: global_step=349443, episodic_return=152.91574096679688
2022-11-15 09:33:01,713 - INFO: global_step=350113, episodic_return=198.90167236328125
2022-11-15 09:33:03,001 - INFO: global_step=351113, episodic_return=-68.46109008789062
2022-11-15 09:33:03,123 - INFO: global_step=351289, episodic_return=58.14332580566406
2022-11-15 09:33:03,581 - INFO: global_step=351767, episodic_return=215.61163330078125
2022-11-15 09:33:04,006 - INFO: global_step=352204, episodic_return=249.92649841308594
2022-11-15 09:33:04,484 - INFO: global_step=352651, episodic_return=266.7874755859375
2022-11-15 09:33:05,316 - INFO: global_step=353333, episodic_return=206.34088134765625
2022-11-15 09:33:05,656 - INFO: global_step=353746, episodic_return=220.84205627441406
2022-11-15 09:33:06,011 - INFO: global_step=354164, episodic_return=274.33209228515625
2022-11-15 09:33:06,267 - INFO: global_step=354434, episodic_return=256.4536437988281
2022-11-15 09:33:06,544 - INFO: global_step=354739, episodic_return=283.05657958984375
2022-11-15 09:33:06,796 - INFO: global_step=355037, episodic_return=7.3656158447265625
2022-11-15 09:33:07,005 - INFO: global_step=355260, episodic_return=225.17503356933594
2022-11-15 09:33:07,346 - INFO: global_step=355632, episodic_return=-175.68089294433594
2022-11-15 09:33:07,602 - INFO: global_step=355958, episodic_return=233.57615661621094
2022-11-15 09:33:07,783 - INFO: global_step=356200, episodic_return=-12.194984436035156
2022-11-15 09:33:08,108 - INFO: global_step=356559, episodic_return=247.8186492919922
2022-11-15 09:33:08,479 - INFO: global_step=356916, episodic_return=248.5717010498047
2022-11-15 09:33:08,645 - INFO: global_step=357159, episodic_return=-59.308536529541016
2022-11-15 09:33:08,884 - INFO: global_step=357450, episodic_return=265.8607177734375
2022-11-15 09:33:09,284 - INFO: global_step=357839, episodic_return=224.00210571289062
2022-11-15 09:33:09,652 - INFO: global_step=358214, episodic_return=234.54510498046875
2022-11-15 09:33:09,977 - INFO: global_step=358575, episodic_return=223.3763427734375
2022-11-15 09:33:10,257 - INFO: global_step=358878, episodic_return=-17.065696716308594
2022-11-15 09:33:10,548 - INFO: global_step=359163, episodic_return=-35.21460723876953
2022-11-15 09:33:11,285 - INFO: global_step=359767, episodic_return=179.46652221679688
2022-11-15 09:33:12,695 - INFO: global_step=360767, episodic_return=71.21554565429688
2022-11-15 09:33:13,094 - INFO: global_step=361198, episodic_return=262.17889404296875
2022-11-15 09:33:13,762 - INFO: global_step=361763, episodic_return=149.6936798095703
2022-11-15 09:33:15,263 - INFO: global_step=362763, episodic_return=-31.63812255859375
2022-11-15 09:33:16,650 - INFO: global_step=363763, episodic_return=153.38027954101562
2022-11-15 09:33:18,084 - INFO: global_step=364763, episodic_return=-16.629924774169922
2022-11-15 09:33:19,615 - INFO: global_step=365763, episodic_return=30.705516815185547
2022-11-15 09:33:21,309 - INFO: global_step=366763, episodic_return=65.17211151123047
2022-11-15 09:33:22,852 - INFO: global_step=367763, episodic_return=57.28546905517578
2022-11-15 09:33:24,504 - INFO: global_step=368763, episodic_return=89.72319793701172
2022-11-15 09:33:25,917 - INFO: global_step=369763, episodic_return=6.60001802444458
2022-11-15 09:33:28,225 - INFO: global_step=370763, episodic_return=12.624100685119629
2022-11-15 09:33:30,065 - INFO: global_step=371763, episodic_return=5.0687761306762695
2022-11-15 09:33:31,628 - INFO: global_step=372763, episodic_return=19.03911781311035
2022-11-15 09:33:33,878 - INFO: global_step=373763, episodic_return=21.776830673217773
2022-11-15 09:33:35,422 - INFO: global_step=374763, episodic_return=82.96992492675781
2022-11-15 09:33:35,681 - INFO: global_step=375018, episodic_return=-41.1014404296875
2022-11-15 09:33:37,150 - INFO: global_step=376018, episodic_return=-35.85503005981445
2022-11-15 09:33:37,889 - INFO: global_step=376585, episodic_return=150.23284912109375
2022-11-15 09:33:39,799 - INFO: global_step=377585, episodic_return=-56.927486419677734
2022-11-15 09:33:41,301 - INFO: global_step=378585, episodic_return=-17.897714614868164
2022-11-15 09:33:42,474 - INFO: global_step=379353, episodic_return=196.83572387695312
2022-11-15 09:33:42,911 - INFO: global_step=379852, episodic_return=269.7071228027344
2022-11-15 09:33:43,458 - INFO: global_step=380333, episodic_return=228.50938415527344
2022-11-15 09:33:43,828 - INFO: global_step=380694, episodic_return=276.29937744140625
2022-11-15 09:33:44,249 - INFO: global_step=381085, episodic_return=254.14280700683594
2022-11-15 09:33:44,817 - INFO: global_step=381570, episodic_return=209.97149658203125
2022-11-15 09:33:45,154 - INFO: global_step=381946, episodic_return=262.32098388671875
2022-11-15 09:33:45,623 - INFO: global_step=382368, episodic_return=245.81167602539062
2022-11-15 09:33:46,023 - INFO: global_step=382755, episodic_return=268.0224609375
2022-11-15 09:33:46,631 - INFO: global_step=383223, episodic_return=214.03179931640625
2022-11-15 09:33:47,503 - INFO: global_step=383730, episodic_return=217.25738525390625
2022-11-15 09:33:48,034 - INFO: global_step=384218, episodic_return=220.54644775390625
2022-11-15 09:33:48,557 - INFO: global_step=384689, episodic_return=257.0195617675781
2022-11-15 09:33:49,042 - INFO: global_step=385145, episodic_return=257.5262451171875
2022-11-15 09:33:49,655 - INFO: global_step=385667, episodic_return=200.9414520263672
2022-11-15 09:33:50,081 - INFO: global_step=386108, episodic_return=275.816650390625
2022-11-15 09:33:50,719 - INFO: global_step=386663, episodic_return=230.46188354492188
2022-11-15 09:33:51,055 - INFO: global_step=387046, episodic_return=258.07525634765625
2022-11-15 09:33:51,488 - INFO: global_step=387483, episodic_return=251.5167694091797
2022-11-15 09:33:52,492 - INFO: global_step=388251, episodic_return=209.36053466796875
2022-11-15 09:33:52,927 - INFO: global_step=388666, episodic_return=279.8138122558594
2022-11-15 09:33:53,557 - INFO: global_step=389235, episodic_return=243.07667541503906
2022-11-15 09:33:54,236 - INFO: global_step=389922, episodic_return=174.55792236328125
2022-11-15 09:33:54,892 - INFO: global_step=390497, episodic_return=203.07090759277344
2022-11-15 09:33:56,825 - INFO: global_step=391497, episodic_return=-1.0999622344970703
2022-11-15 09:33:57,812 - INFO: global_step=392175, episodic_return=228.98765563964844
2022-11-15 09:33:58,482 - INFO: global_step=392726, episodic_return=251.8555908203125
2022-11-15 09:33:59,305 - INFO: global_step=393261, episodic_return=200.0987091064453
2022-11-15 09:33:59,645 - INFO: global_step=393630, episodic_return=237.24635314941406
2022-11-15 09:34:00,658 - INFO: global_step=394359, episodic_return=155.5377197265625
2022-11-15 09:34:00,863 - INFO: global_step=394564, episodic_return=-1.6923751831054688
2022-11-15 09:34:01,402 - INFO: global_step=394995, episodic_return=221.6193389892578
2022-11-15 09:34:02,185 - INFO: global_step=395597, episodic_return=181.2341766357422
2022-11-15 09:34:02,365 - INFO: global_step=395816, episodic_return=-1.2552337646484375
2022-11-15 09:34:02,873 - INFO: global_step=396309, episodic_return=212.90765380859375
2022-11-15 09:34:03,389 - INFO: global_step=396753, episodic_return=192.366943359375
2022-11-15 09:34:03,784 - INFO: global_step=397074, episodic_return=-67.73271179199219
2022-11-15 09:34:05,229 - INFO: global_step=397646, episodic_return=203.8968963623047
2022-11-15 09:34:06,520 - INFO: global_step=398185, episodic_return=141.50088500976562
2022-11-15 09:34:06,603 - INFO: global_step=398299, episodic_return=-109.47438049316406
2022-11-15 09:34:06,698 - INFO: global_step=398425, episodic_return=-98.61233520507812
2022-11-15 09:34:07,012 - INFO: global_step=398750, episodic_return=-27.375518798828125
2022-11-15 09:34:07,146 - INFO: global_step=398908, episodic_return=-89.39167785644531
2022-11-15 09:34:08,352 - INFO: global_step=399729, episodic_return=207.52792358398438
2022-11-15 09:34:09,229 - INFO: global_step=400456, episodic_return=182.35763549804688
2022-11-15 09:34:09,608 - INFO: global_step=400851, episodic_return=260.74530029296875
2022-11-15 09:34:10,275 - INFO: global_step=401374, episodic_return=246.5401611328125
2022-11-15 09:34:11,581 - INFO: global_step=402120, episodic_return=206.3736114501953
2022-11-15 09:34:12,460 - INFO: global_step=402728, episodic_return=241.59767150878906
2022-11-15 09:34:13,226 - INFO: global_step=403332, episodic_return=226.24758911132812
2022-11-15 09:34:14,313 - INFO: global_step=404187, episodic_return=210.19964599609375
2022-11-15 09:34:15,156 - INFO: global_step=404797, episodic_return=222.263427734375
2022-11-15 09:34:15,953 - INFO: global_step=405441, episodic_return=179.03964233398438
2022-11-15 09:34:16,633 - INFO: global_step=406011, episodic_return=219.188720703125
2022-11-15 09:34:17,781 - INFO: global_step=406849, episodic_return=177.43130493164062
2022-11-15 09:34:18,123 - INFO: global_step=407225, episodic_return=279.92364501953125
2022-11-15 09:34:18,603 - INFO: global_step=407654, episodic_return=269.75799560546875
2022-11-15 09:34:19,485 - INFO: global_step=408239, episodic_return=207.17388916015625
2022-11-15 09:34:20,389 - INFO: global_step=408828, episodic_return=212.9170684814453
2022-11-15 09:34:20,770 - INFO: global_step=409224, episodic_return=240.84962463378906
2022-11-15 09:34:20,884 - INFO: global_step=409401, episodic_return=23.40245819091797
2022-11-15 09:34:21,276 - INFO: global_step=409813, episodic_return=226.448974609375
2022-11-15 09:34:21,674 - INFO: global_step=410241, episodic_return=245.25390625
2022-11-15 09:34:22,087 - INFO: global_step=410646, episodic_return=238.43997192382812
2022-11-15 09:34:22,341 - INFO: global_step=410964, episodic_return=175.13568115234375
2022-11-15 09:34:22,620 - INFO: global_step=411314, episodic_return=239.76129150390625
2022-11-15 09:34:22,870 - INFO: global_step=411623, episodic_return=253.1918487548828
2022-11-15 09:34:23,171 - INFO: global_step=411981, episodic_return=214.68710327148438
2022-11-15 09:34:23,581 - INFO: global_step=412396, episodic_return=210.67637634277344
2022-11-15 09:34:24,008 - INFO: global_step=412860, episodic_return=240.84921264648438
2022-11-15 09:34:24,665 - INFO: global_step=413407, episodic_return=247.41839599609375
2022-11-15 09:34:24,850 - INFO: global_step=413633, episodic_return=-119.17953491210938
2022-11-15 09:34:25,427 - INFO: global_step=414114, episodic_return=237.95620727539062
2022-11-15 09:34:26,088 - INFO: global_step=414595, episodic_return=200.89834594726562
2022-11-15 09:34:26,479 - INFO: global_step=414945, episodic_return=268.0803527832031
2022-11-15 09:34:27,705 - INFO: global_step=415945, episodic_return=35.752017974853516
2022-11-15 09:34:28,382 - INFO: global_step=416472, episodic_return=243.90721130371094
2022-11-15 09:34:29,902 - INFO: global_step=417455, episodic_return=103.4067153930664
2022-11-15 09:34:30,254 - INFO: global_step=417867, episodic_return=246.6646270751953
2022-11-15 09:34:30,737 - INFO: global_step=418343, episodic_return=234.55079650878906
2022-11-15 09:34:31,046 - INFO: global_step=418732, episodic_return=230.65846252441406
2022-11-15 09:34:31,335 - INFO: global_step=419053, episodic_return=260.2106018066406
2022-11-15 09:34:31,572 - INFO: global_step=419345, episodic_return=250.66062927246094
2022-11-15 09:34:32,217 - INFO: global_step=419897, episodic_return=182.0462646484375
2022-11-15 09:34:32,674 - INFO: global_step=420350, episodic_return=166.64474487304688
2022-11-15 09:34:33,604 - INFO: global_step=420906, episodic_return=207.63522338867188
2022-11-15 09:34:33,821 - INFO: global_step=421196, episodic_return=212.546875
2022-11-15 09:34:34,064 - INFO: global_step=421510, episodic_return=287.896728515625
2022-11-15 09:34:35,336 - INFO: global_step=422510, episodic_return=31.299375534057617
2022-11-15 09:34:36,176 - INFO: global_step=423113, episodic_return=225.98304748535156
2022-11-15 09:34:37,193 - INFO: global_step=424045, episodic_return=211.67477416992188
2022-11-15 09:34:38,207 - INFO: global_step=424763, episodic_return=176.67604064941406
2022-11-15 09:34:38,919 - INFO: global_step=425351, episodic_return=243.31710815429688
2022-11-15 09:34:39,205 - INFO: global_step=425616, episodic_return=247.21231079101562
2022-11-15 09:34:39,779 - INFO: global_step=426118, episodic_return=179.6867218017578
2022-11-15 09:34:40,008 - INFO: global_step=426394, episodic_return=231.74786376953125
2022-11-15 09:34:40,275 - INFO: global_step=426691, episodic_return=231.21713256835938
2022-11-15 09:34:40,814 - INFO: global_step=427257, episodic_return=224.42539978027344
2022-11-15 09:34:42,547 - INFO: global_step=428257, episodic_return=58.37425994873047
2022-11-15 09:34:43,205 - INFO: global_step=428858, episodic_return=179.66127014160156
2022-11-15 09:34:43,952 - INFO: global_step=429482, episodic_return=257.4606628417969
2022-11-15 09:34:44,318 - INFO: global_step=429843, episodic_return=220.91110229492188
2022-11-15 09:34:44,591 - INFO: global_step=430134, episodic_return=256.7813720703125
2022-11-15 09:34:45,064 - INFO: global_step=430577, episodic_return=246.58633422851562
2022-11-15 09:34:45,843 - INFO: global_step=431167, episodic_return=222.39462280273438
2022-11-15 09:34:46,253 - INFO: global_step=431498, episodic_return=246.15660095214844
2022-11-15 09:34:46,515 - INFO: global_step=431801, episodic_return=241.85113525390625
2022-11-15 09:34:46,808 - INFO: global_step=432111, episodic_return=269.59918212890625
2022-11-15 09:34:47,001 - INFO: global_step=432368, episodic_return=275.57867431640625
2022-11-15 09:34:47,349 - INFO: global_step=432710, episodic_return=237.50634765625
2022-11-15 09:34:47,593 - INFO: global_step=433000, episodic_return=251.95120239257812
2022-11-15 09:34:48,225 - INFO: global_step=433567, episodic_return=218.05313110351562
2022-11-15 09:34:48,446 - INFO: global_step=433841, episodic_return=264.0061950683594
2022-11-15 09:34:48,768 - INFO: global_step=434181, episodic_return=273.549072265625
2022-11-15 09:34:48,959 - INFO: global_step=434415, episodic_return=292.0845947265625
2022-11-15 09:34:49,182 - INFO: global_step=434612, episodic_return=36.78178405761719
2022-11-15 09:34:49,354 - INFO: global_step=434825, episodic_return=265.6281433105469
2022-11-15 09:34:49,607 - INFO: global_step=435095, episodic_return=311.8065185546875
2022-11-15 09:34:49,848 - INFO: global_step=435347, episodic_return=265.34075927734375
2022-11-15 09:34:50,100 - INFO: global_step=435630, episodic_return=270.23822021484375
2022-11-15 09:34:50,311 - INFO: global_step=435894, episodic_return=292.38616943359375
2022-11-15 09:34:50,480 - INFO: global_step=436108, episodic_return=262.97137451171875
2022-11-15 09:34:50,632 - INFO: global_step=436325, episodic_return=247.28329467773438
2022-11-15 09:34:51,292 - INFO: global_step=436874, episodic_return=190.70547485351562
2022-11-15 09:34:51,462 - INFO: global_step=437104, episodic_return=269.73358154296875
2022-11-15 09:34:51,579 - INFO: global_step=437267, episodic_return=15.480613708496094
2022-11-15 09:34:51,712 - INFO: global_step=437472, episodic_return=260.74078369140625
2022-11-15 09:34:51,851 - INFO: global_step=437688, episodic_return=222.99342346191406
2022-11-15 09:34:51,965 - INFO: global_step=437871, episodic_return=286.667724609375
2022-11-15 09:34:52,099 - INFO: global_step=438064, episodic_return=308.30126953125
2022-11-15 09:34:52,278 - INFO: global_step=438298, episodic_return=321.5121154785156
2022-11-15 09:34:52,376 - INFO: global_step=438462, episodic_return=29.062286376953125
2022-11-15 09:34:52,468 - INFO: global_step=438613, episodic_return=-6.0558013916015625
2022-11-15 09:34:52,631 - INFO: global_step=438853, episodic_return=274.33489990234375
2022-11-15 09:34:52,724 - INFO: global_step=439005, episodic_return=28.534744262695312
2022-11-15 09:34:52,801 - INFO: global_step=439137, episodic_return=22.564895629882812
2022-11-15 09:34:52,880 - INFO: global_step=439269, episodic_return=56.67121887207031
2022-11-15 09:34:53,009 - INFO: global_step=439467, episodic_return=41.03309631347656
2022-11-15 09:34:53,091 - INFO: global_step=439593, episodic_return=8.626213073730469
2022-11-15 09:34:53,394 - INFO: global_step=439954, episodic_return=176.98529052734375
2022-11-15 09:34:53,577 - INFO: global_step=440188, episodic_return=206.50442504882812
2022-11-15 09:34:53,743 - INFO: global_step=440413, episodic_return=238.82887268066406
2022-11-15 09:34:53,882 - INFO: global_step=440623, episodic_return=8.726181030273438
2022-11-15 09:34:54,021 - INFO: global_step=440833, episodic_return=-14.380401611328125
2022-11-15 09:34:54,325 - INFO: global_step=441180, episodic_return=232.5218048095703
2022-11-15 09:34:54,485 - INFO: global_step=441407, episodic_return=-54.796348571777344
2022-11-15 09:34:54,629 - INFO: global_step=441606, episodic_return=-17.70062255859375
2022-11-15 09:34:54,780 - INFO: global_step=441801, episodic_return=-13.633255004882812
2022-11-15 09:34:54,991 - INFO: global_step=442004, episodic_return=266.47528076171875
2022-11-15 09:34:55,265 - INFO: global_step=442269, episodic_return=227.17605590820312
2022-11-15 09:34:55,477 - INFO: global_step=442468, episodic_return=0.5277633666992188
2022-11-15 09:34:55,758 - INFO: global_step=442798, episodic_return=230.60574340820312
2022-11-15 09:34:55,972 - INFO: global_step=443065, episodic_return=280.0684509277344
2022-11-15 09:34:56,244 - INFO: global_step=443410, episodic_return=215.60385131835938
2022-11-15 09:34:56,412 - INFO: global_step=443644, episodic_return=263.2747802734375
2022-11-15 09:34:56,743 - INFO: global_step=443998, episodic_return=269.34783935546875
2022-11-15 09:34:57,710 - INFO: global_step=444778, episodic_return=234.45372009277344
2022-11-15 09:34:58,146 - INFO: global_step=445208, episodic_return=235.8820343017578
2022-11-15 09:34:58,675 - INFO: global_step=445646, episodic_return=219.30587768554688
2022-11-15 09:34:58,943 - INFO: global_step=445951, episodic_return=272.5527038574219
2022-11-15 09:34:59,110 - INFO: global_step=446175, episodic_return=-162.0843963623047
2022-11-15 09:34:59,410 - INFO: global_step=446500, episodic_return=270.90216064453125
2022-11-15 09:34:59,494 - INFO: global_step=446612, episodic_return=-352.87078857421875
2022-11-15 09:34:59,549 - INFO: global_step=446688, episodic_return=-265.88238525390625
2022-11-15 09:34:59,620 - INFO: global_step=446776, episodic_return=-178.348876953125
2022-11-15 09:34:59,830 - INFO: global_step=446977, episodic_return=-468.9522399902344
2022-11-15 09:34:59,977 - INFO: global_step=447122, episodic_return=-277.122314453125
2022-11-15 09:35:00,223 - INFO: global_step=447366, episodic_return=284.2447204589844
2022-11-15 09:35:00,434 - INFO: global_step=447574, episodic_return=275.24517822265625
2022-11-15 09:35:01,540 - INFO: global_step=448358, episodic_return=141.13800048828125
2022-11-15 09:35:01,665 - INFO: global_step=448523, episodic_return=-142.814208984375
2022-11-15 09:35:01,763 - INFO: global_step=448662, episodic_return=2.0410003662109375
2022-11-15 09:35:01,995 - INFO: global_step=448912, episodic_return=252.03126525878906
2022-11-15 09:35:02,359 - INFO: global_step=449225, episodic_return=44.41851806640625
2022-11-15 09:35:02,507 - INFO: global_step=449388, episodic_return=-125.49223327636719
2022-11-15 09:35:02,769 - INFO: global_step=449637, episodic_return=221.93309020996094
2022-11-15 09:35:03,960 - INFO: global_step=450577, episodic_return=125.53343200683594
2022-11-15 09:35:05,644 - INFO: global_step=451577, episodic_return=-96.98214721679688
2022-11-15 09:35:07,210 - INFO: global_step=452577, episodic_return=-70.22100067138672
2022-11-15 09:35:08,751 - INFO: global_step=453577, episodic_return=-110.62828826904297
2022-11-15 09:35:09,356 - INFO: global_step=454032, episodic_return=211.14117431640625
2022-11-15 09:35:10,232 - INFO: global_step=454733, episodic_return=133.24786376953125
2022-11-15 09:35:11,390 - INFO: global_step=455733, episodic_return=-99.19261932373047
2022-11-15 09:35:13,216 - INFO: global_step=456733, episodic_return=-89.88278198242188
2022-11-15 09:35:14,680 - INFO: global_step=457733, episodic_return=-89.875732421875
2022-11-15 09:35:16,381 - INFO: global_step=458733, episodic_return=-102.13124084472656
2022-11-15 09:35:17,863 - INFO: global_step=459733, episodic_return=-100.17469024658203
2022-11-15 09:35:19,449 - INFO: global_step=460733, episodic_return=-73.5324478149414
2022-11-15 09:35:20,456 - INFO: global_step=461733, episodic_return=-74.42626953125
2022-11-15 09:35:20,788 - INFO: global_step=462112, episodic_return=199.592529296875
2022-11-15 09:35:22,169 - INFO: global_step=463112, episodic_return=-73.59622192382812
2022-11-15 09:35:23,705 - INFO: global_step=464112, episodic_return=-20.479595184326172
2022-11-15 09:35:25,350 - INFO: global_step=465112, episodic_return=-45.0102653503418
2022-11-15 09:35:26,756 - INFO: global_step=466112, episodic_return=-28.02762222290039
2022-11-15 09:35:27,110 - INFO: global_step=466496, episodic_return=204.42044067382812
2022-11-15 09:35:28,560 - INFO: global_step=467496, episodic_return=-20.65984535217285
2022-11-15 09:35:28,876 - INFO: global_step=467866, episodic_return=280.15252685546875
2022-11-15 09:35:29,118 - INFO: global_step=468171, episodic_return=258.7404479980469
2022-11-15 09:35:29,624 - INFO: global_step=468772, episodic_return=244.9398651123047
2022-11-15 09:35:29,836 - INFO: global_step=469053, episodic_return=260.865966796875
2022-11-15 09:35:30,312 - INFO: global_step=469499, episodic_return=224.5717315673828
2022-11-15 09:35:30,788 - INFO: global_step=469937, episodic_return=257.97174072265625
2022-11-15 09:35:31,022 - INFO: global_step=470252, episodic_return=298.46160888671875
2022-11-15 09:35:31,464 - INFO: global_step=470707, episodic_return=175.95135498046875
2022-11-15 09:35:32,651 - INFO: global_step=471539, episodic_return=112.23765563964844
2022-11-15 09:35:34,100 - INFO: global_step=472539, episodic_return=-86.46646118164062
2022-11-15 09:35:36,677 - INFO: global_step=473539, episodic_return=-54.00295639038086
2022-11-15 09:35:37,064 - INFO: global_step=473889, episodic_return=238.74595642089844
2022-11-15 09:35:38,695 - INFO: global_step=474889, episodic_return=-66.30206298828125
2022-11-15 09:35:40,078 - INFO: global_step=475889, episodic_return=79.89305114746094
2022-11-15 09:35:40,379 - INFO: global_step=476265, episodic_return=291.658203125
2022-11-15 09:35:40,795 - INFO: global_step=476669, episodic_return=233.96328735351562
2022-11-15 09:35:41,482 - INFO: global_step=477287, episodic_return=130.28091430664062
2022-11-15 09:35:43,192 - INFO: global_step=478287, episodic_return=-18.126251220703125
2022-11-15 09:35:43,817 - INFO: global_step=478794, episodic_return=196.85934448242188
2022-11-15 09:35:45,365 - INFO: global_step=479579, episodic_return=110.46582794189453
2022-11-15 09:35:47,502 - INFO: global_step=480579, episodic_return=-126.4220962524414
2022-11-15 09:35:49,716 - INFO: global_step=481579, episodic_return=-113.94715881347656
2022-11-15 09:35:50,951 - INFO: global_step=482579, episodic_return=-134.7704315185547
2022-11-15 09:35:52,503 - INFO: global_step=483579, episodic_return=-91.26844787597656
2022-11-15 09:35:54,657 - INFO: global_step=484552, episodic_return=129.41094970703125
2022-11-15 09:35:54,921 - INFO: global_step=484850, episodic_return=242.8014678955078
2022-11-15 09:35:55,168 - INFO: global_step=485116, episodic_return=277.1776123046875
2022-11-15 09:35:55,528 - INFO: global_step=485528, episodic_return=254.10568237304688
2022-11-15 09:35:55,812 - INFO: global_step=485829, episodic_return=293.58966064453125
2022-11-15 09:35:55,976 - INFO: global_step=486077, episodic_return=256.2878723144531
2022-11-15 09:35:56,226 - INFO: global_step=486392, episodic_return=282.4461669921875
2022-11-15 09:35:56,483 - INFO: global_step=486684, episodic_return=268.99102783203125
2022-11-15 09:35:56,688 - INFO: global_step=486940, episodic_return=-8.249481201171875
2022-11-15 09:35:56,972 - INFO: global_step=487275, episodic_return=231.59881591796875
2022-11-15 09:35:57,284 - INFO: global_step=487613, episodic_return=257.5254821777344
2022-11-15 09:35:57,648 - INFO: global_step=488024, episodic_return=251.2294158935547
2022-11-15 09:35:57,877 - INFO: global_step=488322, episodic_return=256.3994445800781
2022-11-15 09:35:58,152 - INFO: global_step=488595, episodic_return=257.0120544433594
2022-11-15 09:35:58,628 - INFO: global_step=488963, episodic_return=258.5084228515625
2022-11-15 09:35:59,071 - INFO: global_step=489336, episodic_return=282.316650390625
2022-11-15 09:35:59,778 - INFO: global_step=489926, episodic_return=226.15377807617188
2022-11-15 09:36:00,315 - INFO: global_step=490433, episodic_return=251.4823760986328
2022-11-15 09:36:00,936 - INFO: global_step=490891, episodic_return=192.47450256347656
2022-11-15 09:36:01,700 - INFO: global_step=491460, episodic_return=222.2706298828125
2022-11-15 09:36:02,753 - INFO: global_step=492196, episodic_return=135.37916564941406
2022-11-15 09:36:03,051 - INFO: global_step=492502, episodic_return=201.55319213867188
2022-11-15 09:36:03,391 - INFO: global_step=492873, episodic_return=177.7437286376953
2022-11-15 09:36:03,618 - INFO: global_step=493131, episodic_return=266.556640625
2022-11-15 09:36:04,706 - INFO: global_step=493962, episodic_return=123.50761413574219
2022-11-15 09:36:05,023 - INFO: global_step=494317, episodic_return=266.5059509277344
2022-11-15 09:36:05,377 - INFO: global_step=494695, episodic_return=186.2196044921875
2022-11-15 09:36:05,594 - INFO: global_step=494960, episodic_return=284.0179748535156
2022-11-15 09:36:05,965 - INFO: global_step=495314, episodic_return=252.180419921875
2022-11-15 09:36:06,275 - INFO: global_step=495641, episodic_return=225.05474853515625
2022-11-15 09:36:06,643 - INFO: global_step=495995, episodic_return=281.82696533203125
2022-11-15 09:36:07,289 - INFO: global_step=496599, episodic_return=209.4718780517578
2022-11-15 09:36:07,514 - INFO: global_step=496863, episodic_return=284.9604187011719
2022-11-15 09:36:07,724 - INFO: global_step=497136, episodic_return=286.5802307128906
2022-11-15 09:36:08,581 - INFO: global_step=497894, episodic_return=178.34970092773438
2022-11-15 09:36:08,993 - INFO: global_step=498258, episodic_return=223.19007873535156
2022-11-15 09:36:09,297 - INFO: global_step=498616, episodic_return=271.37042236328125
2022-11-15 09:36:09,487 - INFO: global_step=498879, episodic_return=283.66082763671875
2022-11-15 09:36:09,745 - INFO: global_step=499210, episodic_return=265.98675537109375
2022-11-15 09:36:10,018 - INFO: global_step=499529, episodic_return=301.8369140625
2022-11-15 09:36:10,265 - INFO: global_step=499819, episodic_return=281.54595947265625
2022-11-15 09:36:10,381 - INFO: The average reward of last 20 steps: 242.6060012817383
