2022-11-14 23:51:41,757 - INFO: +--------------------------+----------------+
| Parameter                | Value          |
+--------------------------+----------------+
| exp_name                 | dqn            |
+--------------------------+----------------+
| seed                     | 42             |
+--------------------------+----------------+
| total_timesteps          | 500000         |
+--------------------------+----------------+
| learning_rate            | 0.001          |
+--------------------------+----------------+
| buffer_size              | 2000           |
+--------------------------+----------------+
| gamma                    | 0.982          |
+--------------------------+----------------+
| target_network_frequency | 50             |
+--------------------------+----------------+
| batch_size               | 128            |
+--------------------------+----------------+
| start_e                  | 0.700          |
+--------------------------+----------------+
| end_e                    | 0              |
+--------------------------+----------------+
| exploration_fraction     | 0.300          |
+--------------------------+----------------+
| learning_starts          | 10000          |
+--------------------------+----------------+
| train_frequency          | 10             |
+--------------------------+----------------+
| env_id                   | LunarLander-v2 |
+--------------------------+----------------+
2022-11-14 23:51:48,093 - INFO: global_step=136, episodic_return=-531.7100219726562
2022-11-14 23:51:48,129 - INFO: global_step=218, episodic_return=-407.9483337402344
2022-11-14 23:51:48,157 - INFO: global_step=293, episodic_return=-89.19992065429688
2022-11-14 23:51:48,184 - INFO: global_step=350, episodic_return=-81.596435546875
2022-11-14 23:51:48,240 - INFO: global_step=501, episodic_return=-86.75325012207031
2022-11-14 23:51:48,284 - INFO: global_step=611, episodic_return=-134.7493896484375
2022-11-14 23:51:48,359 - INFO: global_step=785, episodic_return=-546.3221435546875
2022-11-14 23:51:48,457 - INFO: global_step=987, episodic_return=-580.428955078125
2022-11-14 23:51:48,474 - INFO: global_step=1047, episodic_return=-54.94858932495117
2022-11-14 23:51:48,514 - INFO: global_step=1170, episodic_return=-116.6462631225586
2022-11-14 23:51:48,564 - INFO: global_step=1318, episodic_return=-554.1336669921875
2022-11-14 23:51:48,587 - INFO: global_step=1386, episodic_return=-107.42806243896484
2022-11-14 23:51:48,634 - INFO: global_step=1514, episodic_return=-360.15069580078125
2022-11-14 23:51:48,659 - INFO: global_step=1589, episodic_return=-480.32452392578125
2022-11-14 23:51:48,693 - INFO: global_step=1693, episodic_return=-463.5926818847656
2022-11-14 23:51:48,712 - INFO: global_step=1754, episodic_return=-73.43401336669922
2022-11-14 23:51:48,750 - INFO: global_step=1862, episodic_return=-499.6610107421875
2022-11-14 23:51:48,768 - INFO: global_step=1927, episodic_return=-84.150390625
2022-11-14 23:51:48,791 - INFO: global_step=1993, episodic_return=-262.20574951171875
2022-11-14 23:51:48,812 - INFO: global_step=2056, episodic_return=-122.87891387939453
2022-11-14 23:51:48,832 - INFO: global_step=2137, episodic_return=-118.66108703613281
2022-11-14 23:51:48,856 - INFO: global_step=2227, episodic_return=-151.73764038085938
2022-11-14 23:51:48,873 - INFO: global_step=2301, episodic_return=-148.89007568359375
2022-11-14 23:51:48,892 - INFO: global_step=2378, episodic_return=-92.57472229003906
2022-11-14 23:51:48,911 - INFO: global_step=2437, episodic_return=-98.39301300048828
2022-11-14 23:51:48,955 - INFO: global_step=2536, episodic_return=-86.99760437011719
2022-11-14 23:51:49,000 - INFO: global_step=2632, episodic_return=-199.19740295410156
2022-11-14 23:51:49,036 - INFO: global_step=2705, episodic_return=-363.22381591796875
2022-11-14 23:51:49,068 - INFO: global_step=2768, episodic_return=-123.23639678955078
2022-11-14 23:51:49,092 - INFO: global_step=2826, episodic_return=-104.01434326171875
2022-11-14 23:51:49,126 - INFO: global_step=2894, episodic_return=-378.85076904296875
2022-11-14 23:51:49,176 - INFO: global_step=2990, episodic_return=-550.7499389648438
2022-11-14 23:51:49,199 - INFO: global_step=3048, episodic_return=-166.85836791992188
2022-11-14 23:51:49,233 - INFO: global_step=3126, episodic_return=-466.90838623046875
2022-11-14 23:51:49,267 - INFO: global_step=3195, episodic_return=-115.70561218261719
2022-11-14 23:51:49,303 - INFO: global_step=3286, episodic_return=-152.7023468017578
2022-11-14 23:51:49,376 - INFO: global_step=3424, episodic_return=-458.0510559082031
2022-11-14 23:51:49,411 - INFO: global_step=3499, episodic_return=-531.65283203125
2022-11-14 23:51:49,464 - INFO: global_step=3596, episodic_return=-135.44915771484375
2022-11-14 23:51:49,500 - INFO: global_step=3675, episodic_return=-479.7328186035156
2022-11-14 23:51:49,532 - INFO: global_step=3755, episodic_return=-313.28753662109375
2022-11-14 23:51:49,571 - INFO: global_step=3855, episodic_return=-149.10501098632812
2022-11-14 23:51:49,611 - INFO: global_step=3958, episodic_return=-509.5636291503906
2022-11-14 23:51:49,658 - INFO: global_step=4066, episodic_return=-180.8904266357422
2022-11-14 23:51:49,685 - INFO: global_step=4127, episodic_return=-85.6945571899414
2022-11-14 23:51:49,732 - INFO: global_step=4225, episodic_return=-191.40188598632812
2022-11-14 23:51:49,770 - INFO: global_step=4324, episodic_return=-374.5340576171875
2022-11-14 23:51:49,799 - INFO: global_step=4414, episodic_return=-430.92327880859375
2022-11-14 23:51:49,825 - INFO: global_step=4497, episodic_return=-370.4999084472656
2022-11-14 23:51:49,844 - INFO: global_step=4557, episodic_return=-78.92201232910156
2022-11-14 23:51:49,867 - INFO: global_step=4631, episodic_return=-460.6117858886719
2022-11-14 23:51:49,900 - INFO: global_step=4741, episodic_return=-123.53319549560547
2022-11-14 23:51:49,933 - INFO: global_step=4841, episodic_return=-86.8246078491211
2022-11-14 23:51:50,010 - INFO: global_step=5036, episodic_return=-488.0307922363281
2022-11-14 23:51:50,120 - INFO: global_step=5283, episodic_return=-580.9227294921875
2022-11-14 23:51:50,142 - INFO: global_step=5360, episodic_return=-159.67135620117188
2022-11-14 23:51:50,167 - INFO: global_step=5438, episodic_return=-458.9362487792969
2022-11-14 23:51:50,218 - INFO: global_step=5580, episodic_return=-477.3385925292969
2022-11-14 23:51:50,251 - INFO: global_step=5682, episodic_return=-110.59342193603516
2022-11-14 23:51:50,283 - INFO: global_step=5782, episodic_return=-188.36212158203125
2022-11-14 23:51:50,309 - INFO: global_step=5863, episodic_return=-394.5570983886719
2022-11-14 23:51:50,340 - INFO: global_step=5957, episodic_return=-83.90043640136719
2022-11-14 23:51:50,382 - INFO: global_step=6072, episodic_return=-432.7997131347656
2022-11-14 23:51:50,406 - INFO: global_step=6146, episodic_return=-91.95808410644531
2022-11-14 23:51:50,432 - INFO: global_step=6216, episodic_return=-112.43814849853516
2022-11-14 23:51:50,448 - INFO: global_step=6277, episodic_return=-78.93218994140625
2022-11-14 23:51:50,476 - INFO: global_step=6370, episodic_return=-243.71206665039062
2022-11-14 23:51:50,513 - INFO: global_step=6480, episodic_return=-158.12362670898438
2022-11-14 23:51:50,538 - INFO: global_step=6558, episodic_return=-468.46820068359375
2022-11-14 23:51:50,566 - INFO: global_step=6639, episodic_return=-158.583740234375
2022-11-14 23:51:50,630 - INFO: global_step=6804, episodic_return=-236.6088104248047
2022-11-14 23:51:50,658 - INFO: global_step=6885, episodic_return=-303.80487060546875
2022-11-14 23:51:50,681 - INFO: global_step=6942, episodic_return=-95.30071258544922
2022-11-14 23:51:50,719 - INFO: global_step=7039, episodic_return=-492.7489318847656
2022-11-14 23:51:50,805 - INFO: global_step=7220, episodic_return=-333.22589111328125
2022-11-14 23:51:50,847 - INFO: global_step=7328, episodic_return=-198.33108520507812
2022-11-14 23:51:50,862 - INFO: global_step=7388, episodic_return=-248.34234619140625
2022-11-14 23:51:50,892 - INFO: global_step=7474, episodic_return=-423.24365234375
2022-11-14 23:51:50,920 - INFO: global_step=7553, episodic_return=-365.7180480957031
2022-11-14 23:51:50,943 - INFO: global_step=7621, episodic_return=-90.73297119140625
2022-11-14 23:51:50,983 - INFO: global_step=7739, episodic_return=-416.57318115234375
2022-11-14 23:51:51,010 - INFO: global_step=7802, episodic_return=-291.5874938964844
2022-11-14 23:51:51,036 - INFO: global_step=7864, episodic_return=-103.98319244384766
2022-11-14 23:51:51,060 - INFO: global_step=7930, episodic_return=-422.3404846191406
2022-11-14 23:51:51,094 - INFO: global_step=8029, episodic_return=-167.2977294921875
2022-11-14 23:51:51,120 - INFO: global_step=8109, episodic_return=-64.21656799316406
2022-11-14 23:51:51,144 - INFO: global_step=8182, episodic_return=-475.88934326171875
2022-11-14 23:51:51,170 - INFO: global_step=8259, episodic_return=-557.8819580078125
2022-11-14 23:51:52,025 - INFO: global_step=8320, episodic_return=-120.00468444824219
2022-11-14 23:51:52,064 - INFO: global_step=8426, episodic_return=-451.6710205078125
2022-11-14 23:51:52,096 - INFO: global_step=8537, episodic_return=-65.06990051269531
2022-11-14 23:51:52,115 - INFO: global_step=8618, episodic_return=-442.97894287109375
2022-11-14 23:51:52,141 - INFO: global_step=8706, episodic_return=-486.6958312988281
2022-11-14 23:51:52,162 - INFO: global_step=8774, episodic_return=-367.3833923339844
2022-11-14 23:51:52,205 - INFO: global_step=8898, episodic_return=-540.0452270507812
2022-11-14 23:51:53,057 - INFO: global_step=8981, episodic_return=-335.9681701660156
2022-11-14 23:51:53,153 - INFO: global_step=9195, episodic_return=-190.04559326171875
2022-11-14 23:51:53,172 - INFO: global_step=9260, episodic_return=-128.6863555908203
2022-11-14 23:51:53,226 - INFO: global_step=9422, episodic_return=-173.51171875
2022-11-14 23:51:53,267 - INFO: global_step=9538, episodic_return=-602.3399047851562
2022-11-14 23:51:53,284 - INFO: global_step=9595, episodic_return=-191.30703735351562
2022-11-14 23:51:53,307 - INFO: global_step=9655, episodic_return=-116.64768981933594
2022-11-14 23:51:53,333 - INFO: global_step=9751, episodic_return=-403.4424133300781
2022-11-14 23:51:53,350 - INFO: global_step=9826, episodic_return=-146.49148559570312
2022-11-14 23:51:53,380 - INFO: global_step=9887, episodic_return=-95.54126739501953
2022-11-14 23:51:53,400 - INFO: global_step=9951, episodic_return=-188.04830932617188
2022-11-14 23:51:53,428 - INFO: global_step=10015, episodic_return=-108.99163818359375
2022-11-14 23:51:53,473 - INFO: global_step=10089, episodic_return=-383.87127685546875
2022-11-14 23:51:53,513 - INFO: global_step=10169, episodic_return=-14.168121337890625
2022-11-14 23:51:53,571 - INFO: global_step=10279, episodic_return=-124.61906433105469
2022-11-14 23:51:53,617 - INFO: global_step=10366, episodic_return=-116.2882308959961
2022-11-14 23:51:53,655 - INFO: global_step=10432, episodic_return=-122.80504608154297
2022-11-14 23:51:53,708 - INFO: global_step=10506, episodic_return=-111.61486053466797
2022-11-14 23:51:53,743 - INFO: global_step=10575, episodic_return=-126.3153076171875
2022-11-14 23:51:53,783 - INFO: global_step=10647, episodic_return=-320.62213134765625
2022-11-14 23:51:53,827 - INFO: global_step=10720, episodic_return=-233.7935791015625
2022-11-14 23:51:53,879 - INFO: global_step=10804, episodic_return=-398.7950744628906
2022-11-14 23:51:53,910 - INFO: global_step=10862, episodic_return=-70.41792297363281
2022-11-14 23:51:53,944 - INFO: global_step=10941, episodic_return=-290.6455078125
2022-11-14 23:51:53,998 - INFO: global_step=11029, episodic_return=-97.82347106933594
2022-11-14 23:51:54,052 - INFO: global_step=11130, episodic_return=-354.8369140625
2022-11-14 23:51:54,122 - INFO: global_step=11260, episodic_return=-484.8174133300781
2022-11-14 23:51:54,169 - INFO: global_step=11351, episodic_return=-299.21197509765625
2022-11-14 23:51:54,209 - INFO: global_step=11432, episodic_return=-495.3738708496094
2022-11-14 23:51:54,255 - INFO: global_step=11525, episodic_return=-288.90704345703125
2022-11-14 23:51:54,315 - INFO: global_step=11633, episodic_return=-288.08636474609375
2022-11-14 23:51:54,364 - INFO: global_step=11722, episodic_return=-190.19065856933594
2022-11-14 23:51:54,437 - INFO: global_step=11853, episodic_return=-253.14605712890625
2022-11-14 23:51:54,480 - INFO: global_step=11918, episodic_return=-63.295082092285156
2022-11-14 23:51:54,529 - INFO: global_step=11996, episodic_return=0.307464599609375
2022-11-14 23:51:54,616 - INFO: global_step=12145, episodic_return=1.2776107788085938
2022-11-14 23:51:54,746 - INFO: global_step=12353, episodic_return=-256.4687805175781
2022-11-14 23:51:54,779 - INFO: global_step=12418, episodic_return=-104.97344207763672
2022-11-14 23:51:54,868 - INFO: global_step=12581, episodic_return=-203.41033935546875
2022-11-14 23:51:54,985 - INFO: global_step=12763, episodic_return=-134.8012237548828
2022-11-14 23:51:55,033 - INFO: global_step=12850, episodic_return=-122.85700988769531
2022-11-14 23:51:55,083 - INFO: global_step=12933, episodic_return=-58.89392852783203
2022-11-14 23:51:55,151 - INFO: global_step=13040, episodic_return=-255.05136108398438
2022-11-14 23:51:55,197 - INFO: global_step=13114, episodic_return=-48.63349533081055
2022-11-14 23:51:55,276 - INFO: global_step=13259, episodic_return=-443.9814453125
2022-11-14 23:51:55,322 - INFO: global_step=13338, episodic_return=-135.1202850341797
2022-11-14 23:51:55,403 - INFO: global_step=13455, episodic_return=-103.82404327392578
2022-11-14 23:51:55,472 - INFO: global_step=13571, episodic_return=-93.046630859375
2022-11-14 23:51:55,519 - INFO: global_step=13664, episodic_return=-168.5048065185547
2022-11-14 23:51:55,597 - INFO: global_step=13801, episodic_return=-246.20899963378906
2022-11-14 23:51:55,703 - INFO: global_step=13951, episodic_return=-188.7681884765625
2022-11-14 23:51:55,793 - INFO: global_step=14082, episodic_return=-138.72256469726562
2022-11-14 23:51:55,873 - INFO: global_step=14188, episodic_return=-200.2409210205078
2022-11-14 23:51:55,966 - INFO: global_step=14322, episodic_return=-162.7834930419922
2022-11-14 23:51:56,017 - INFO: global_step=14429, episodic_return=-166.75428771972656
2022-11-14 23:51:56,078 - INFO: global_step=14553, episodic_return=-201.33880615234375
2022-11-14 23:51:56,168 - INFO: global_step=14679, episodic_return=-229.34658813476562
2022-11-14 23:51:56,245 - INFO: global_step=14777, episodic_return=19.370582580566406
2022-11-14 23:51:56,322 - INFO: global_step=14902, episodic_return=-205.7144317626953
2022-11-14 23:51:56,447 - INFO: global_step=15103, episodic_return=-180.04949951171875
2022-11-14 23:51:56,613 - INFO: global_step=15269, episodic_return=-102.3603286743164
2022-11-14 23:51:56,720 - INFO: global_step=15445, episodic_return=-166.65771484375
2022-11-14 23:51:56,797 - INFO: global_step=15599, episodic_return=-303.770263671875
2022-11-14 23:51:56,860 - INFO: global_step=15701, episodic_return=-128.8036651611328
2022-11-14 23:51:56,926 - INFO: global_step=15808, episodic_return=-332.0081787109375
2022-11-14 23:51:57,002 - INFO: global_step=15920, episodic_return=-224.8531036376953
2022-11-14 23:51:57,072 - INFO: global_step=16032, episodic_return=-113.83865356445312
2022-11-14 23:51:57,160 - INFO: global_step=16189, episodic_return=-225.29312133789062
2022-11-14 23:51:57,209 - INFO: global_step=16283, episodic_return=-64.99881744384766
2022-11-14 23:51:57,259 - INFO: global_step=16363, episodic_return=-314.5460510253906
2022-11-14 23:51:57,326 - INFO: global_step=16471, episodic_return=-19.692176818847656
2022-11-14 23:51:57,412 - INFO: global_step=16609, episodic_return=-161.9346923828125
2022-11-14 23:51:57,520 - INFO: global_step=16783, episodic_return=-90.59565734863281
2022-11-14 23:51:57,759 - INFO: global_step=17100, episodic_return=-69.79281616210938
2022-11-14 23:51:57,890 - INFO: global_step=17302, episodic_return=-220.84475708007812
2022-11-14 23:51:57,955 - INFO: global_step=17416, episodic_return=-211.77674865722656
2022-11-14 23:51:58,007 - INFO: global_step=17496, episodic_return=-107.65983581542969
2022-11-14 23:51:58,161 - INFO: global_step=17706, episodic_return=-258.6695861816406
2022-11-14 23:51:58,262 - INFO: global_step=17862, episodic_return=-215.13377380371094
2022-11-14 23:51:58,329 - INFO: global_step=17982, episodic_return=-102.71749114990234
2022-11-14 23:51:58,410 - INFO: global_step=18121, episodic_return=32.51979064941406
2022-11-14 23:51:58,492 - INFO: global_step=18271, episodic_return=-79.21690368652344
2022-11-14 23:51:58,612 - INFO: global_step=18452, episodic_return=-126.68321228027344
2022-11-14 23:51:58,715 - INFO: global_step=18616, episodic_return=-0.634307861328125
2022-11-14 23:51:58,792 - INFO: global_step=18751, episodic_return=-108.39533996582031
2022-11-14 23:51:59,013 - INFO: global_step=19050, episodic_return=-213.33538818359375
2022-11-14 23:51:59,069 - INFO: global_step=19141, episodic_return=-137.9949493408203
2022-11-14 23:51:59,116 - INFO: global_step=19228, episodic_return=-155.69940185546875
2022-11-14 23:51:59,190 - INFO: global_step=19367, episodic_return=13.136978149414062
2022-11-14 23:51:59,293 - INFO: global_step=19536, episodic_return=-78.22660064697266
2022-11-14 23:51:59,443 - INFO: global_step=19745, episodic_return=-106.69393920898438
2022-11-14 23:51:59,611 - INFO: global_step=19987, episodic_return=-44.59387969970703
2022-11-14 23:51:59,692 - INFO: global_step=20117, episodic_return=-164.2779541015625
2022-11-14 23:51:59,830 - INFO: global_step=20315, episodic_return=-105.2347412109375
2022-11-14 23:51:59,946 - INFO: global_step=20502, episodic_return=-89.173095703125
2022-11-14 23:52:00,001 - INFO: global_step=20592, episodic_return=-49.7503547668457
2022-11-14 23:52:00,157 - INFO: global_step=20812, episodic_return=-158.96176147460938
2022-11-14 23:52:00,362 - INFO: global_step=21073, episodic_return=-3.2323226928710938
2022-11-14 23:52:00,432 - INFO: global_step=21189, episodic_return=-106.74280548095703
2022-11-14 23:52:00,493 - INFO: global_step=21309, episodic_return=-314.49859619140625
2022-11-14 23:52:00,534 - INFO: global_step=21394, episodic_return=-90.32110595703125
2022-11-14 23:52:00,657 - INFO: global_step=21581, episodic_return=-247.12399291992188
2022-11-14 23:52:00,759 - INFO: global_step=21750, episodic_return=-264.28076171875
2022-11-14 23:52:00,804 - INFO: global_step=21828, episodic_return=-178.07249450683594
2022-11-14 23:52:00,885 - INFO: global_step=21960, episodic_return=-280.7213134765625
2022-11-14 23:52:01,098 - INFO: global_step=22212, episodic_return=-48.77438735961914
2022-11-14 23:52:01,192 - INFO: global_step=22359, episodic_return=-239.1741180419922
2022-11-14 23:52:01,299 - INFO: global_step=22536, episodic_return=-47.64412307739258
2022-11-14 23:52:01,366 - INFO: global_step=22650, episodic_return=-91.11864471435547
2022-11-14 23:52:01,407 - INFO: global_step=22721, episodic_return=-96.29641723632812
2022-11-14 23:52:01,544 - INFO: global_step=22933, episodic_return=-162.81788635253906
2022-11-14 23:52:01,654 - INFO: global_step=23073, episodic_return=-111.78607177734375
2022-11-14 23:52:01,728 - INFO: global_step=23184, episodic_return=-225.98617553710938
2022-11-14 23:52:01,878 - INFO: global_step=23397, episodic_return=-27.143348693847656
2022-11-14 23:52:01,956 - INFO: global_step=23533, episodic_return=-129.27586364746094
2022-11-14 23:52:02,178 - INFO: global_step=23790, episodic_return=-135.00177001953125
2022-11-14 23:52:02,219 - INFO: global_step=23866, episodic_return=-126.11902618408203
2022-11-14 23:52:02,286 - INFO: global_step=23991, episodic_return=-162.28587341308594
2022-11-14 23:52:02,371 - INFO: global_step=24140, episodic_return=-85.35877990722656
2022-11-14 23:52:02,431 - INFO: global_step=24252, episodic_return=-137.0849609375
2022-11-14 23:52:02,530 - INFO: global_step=24410, episodic_return=-364.58819580078125
2022-11-14 23:52:02,688 - INFO: global_step=24599, episodic_return=-49.135066986083984
2022-11-14 23:52:02,765 - INFO: global_step=24737, episodic_return=-102.9115219116211
2022-11-14 23:52:02,892 - INFO: global_step=24920, episodic_return=-201.68634033203125
2022-11-14 23:52:02,950 - INFO: global_step=25028, episodic_return=-21.12920379638672
2022-11-14 23:52:03,065 - INFO: global_step=25212, episodic_return=-47.42535400390625
2022-11-14 23:52:03,161 - INFO: global_step=25389, episodic_return=-87.52864837646484
2022-11-14 23:52:03,255 - INFO: global_step=25527, episodic_return=-121.0186996459961
2022-11-14 23:52:03,349 - INFO: global_step=25678, episodic_return=-45.90345001220703
2022-11-14 23:52:03,404 - INFO: global_step=25791, episodic_return=-163.4572296142578
2022-11-14 23:52:03,463 - INFO: global_step=25908, episodic_return=4.857017517089844
2022-11-14 23:52:03,526 - INFO: global_step=26014, episodic_return=-141.63975524902344
2022-11-14 23:52:03,591 - INFO: global_step=26130, episodic_return=-37.613555908203125
2022-11-14 23:52:03,673 - INFO: global_step=26267, episodic_return=-106.0247802734375
2022-11-14 23:52:03,741 - INFO: global_step=26403, episodic_return=-88.77361297607422
2022-11-14 23:52:03,806 - INFO: global_step=26503, episodic_return=-257.17352294921875
2022-11-14 23:52:03,920 - INFO: global_step=26667, episodic_return=26.125350952148438
2022-11-14 23:52:03,993 - INFO: global_step=26787, episodic_return=-86.86097717285156
2022-11-14 23:52:04,065 - INFO: global_step=26894, episodic_return=-98.50892639160156
2022-11-14 23:52:04,127 - INFO: global_step=27008, episodic_return=-156.264404296875
2022-11-14 23:52:04,214 - INFO: global_step=27154, episodic_return=-98.28518676757812
2022-11-14 23:52:04,287 - INFO: global_step=27265, episodic_return=-115.04698181152344
2022-11-14 23:52:04,359 - INFO: global_step=27390, episodic_return=-138.69451904296875
2022-11-14 23:52:04,433 - INFO: global_step=27518, episodic_return=-78.12187194824219
2022-11-14 23:52:04,482 - INFO: global_step=27623, episodic_return=-152.35198974609375
2022-11-14 23:52:04,605 - INFO: global_step=27788, episodic_return=-87.68305206298828
2022-11-14 23:52:04,702 - INFO: global_step=27939, episodic_return=-68.4762954711914
2022-11-14 23:52:04,820 - INFO: global_step=28150, episodic_return=-145.58547973632812
2022-11-14 23:52:04,934 - INFO: global_step=28321, episodic_return=-64.72880554199219
2022-11-14 23:52:05,035 - INFO: global_step=28484, episodic_return=-98.21343994140625
2022-11-14 23:52:05,121 - INFO: global_step=28623, episodic_return=-136.93385314941406
2022-11-14 23:52:05,194 - INFO: global_step=28739, episodic_return=-105.08378601074219
2022-11-14 23:52:05,273 - INFO: global_step=28864, episodic_return=-104.41434478759766
2022-11-14 23:52:05,344 - INFO: global_step=28994, episodic_return=-50.04928970336914
2022-11-14 23:52:05,383 - INFO: global_step=29079, episodic_return=-1.9902725219726562
2022-11-14 23:52:05,458 - INFO: global_step=29201, episodic_return=-5.770599365234375
2022-11-14 23:52:05,558 - INFO: global_step=29303, episodic_return=-192.146728515625
2022-11-14 23:52:05,749 - INFO: global_step=29494, episodic_return=-99.86345672607422
2022-11-14 23:52:05,855 - INFO: global_step=29641, episodic_return=-77.97444152832031
2022-11-14 23:52:05,970 - INFO: global_step=29789, episodic_return=-71.97911071777344
2022-11-14 23:52:06,054 - INFO: global_step=29898, episodic_return=-141.80899047851562
2022-11-14 23:52:06,245 - INFO: global_step=30115, episodic_return=-178.51805114746094
2022-11-14 23:52:06,385 - INFO: global_step=30297, episodic_return=-66.9683837890625
2022-11-14 23:52:06,740 - INFO: global_step=30675, episodic_return=-74.11930847167969
2022-11-14 23:52:06,791 - INFO: global_step=30756, episodic_return=-60.52482986450195
2022-11-14 23:52:06,869 - INFO: global_step=30875, episodic_return=-114.57996368408203
2022-11-14 23:52:06,986 - INFO: global_step=31045, episodic_return=-25.827606201171875
2022-11-14 23:52:07,067 - INFO: global_step=31161, episodic_return=-72.94581604003906
2022-11-14 23:52:07,207 - INFO: global_step=31339, episodic_return=-136.76837158203125
2022-11-14 23:52:07,336 - INFO: global_step=31544, episodic_return=-155.72634887695312
2022-11-14 23:52:07,469 - INFO: global_step=31735, episodic_return=-187.031982421875
2022-11-14 23:52:07,561 - INFO: global_step=31879, episodic_return=-79.46589660644531
2022-11-14 23:52:07,643 - INFO: global_step=31994, episodic_return=-131.59849548339844
2022-11-14 23:52:07,833 - INFO: global_step=32235, episodic_return=-224.4377899169922
2022-11-14 23:52:07,973 - INFO: global_step=32439, episodic_return=-334.65191650390625
2022-11-14 23:52:08,051 - INFO: global_step=32555, episodic_return=-39.33837127685547
2022-11-14 23:52:08,313 - INFO: global_step=32859, episodic_return=-36.83389663696289
2022-11-14 23:52:08,381 - INFO: global_step=32979, episodic_return=-175.75540161132812
2022-11-14 23:52:08,436 - INFO: global_step=33085, episodic_return=-89.38289642333984
2022-11-14 23:52:08,615 - INFO: global_step=33325, episodic_return=-126.4717025756836
2022-11-14 23:52:08,860 - INFO: global_step=33675, episodic_return=-46.695831298828125
2022-11-14 23:52:08,905 - INFO: global_step=33764, episodic_return=-49.9542236328125
2022-11-14 23:52:08,964 - INFO: global_step=33891, episodic_return=-154.33721923828125
2022-11-14 23:52:09,018 - INFO: global_step=34004, episodic_return=-55.5945930480957
2022-11-14 23:52:09,061 - INFO: global_step=34104, episodic_return=-201.61819458007812
2022-11-14 23:52:09,179 - INFO: global_step=34286, episodic_return=-71.50005340576172
2022-11-14 23:52:09,274 - INFO: global_step=34450, episodic_return=-118.16981506347656
2022-11-14 23:52:09,596 - INFO: global_step=34786, episodic_return=-214.69427490234375
2022-11-14 23:52:09,738 - INFO: global_step=35001, episodic_return=-52.501014709472656
2022-11-14 23:52:09,881 - INFO: global_step=35210, episodic_return=-92.4883041381836
2022-11-14 23:52:09,951 - INFO: global_step=35321, episodic_return=-58.46335220336914
2022-11-14 23:52:10,166 - INFO: global_step=35586, episodic_return=-242.54681396484375
2022-11-14 23:52:10,391 - INFO: global_step=35870, episodic_return=-61.26137161254883
2022-11-14 23:52:10,573 - INFO: global_step=36072, episodic_return=-31.03974151611328
2022-11-14 23:52:10,641 - INFO: global_step=36188, episodic_return=-109.80441284179688
2022-11-14 23:52:10,712 - INFO: global_step=36296, episodic_return=-111.70592498779297
2022-11-14 23:52:10,996 - INFO: global_step=36583, episodic_return=-321.8782958984375
2022-11-14 23:52:11,063 - INFO: global_step=36692, episodic_return=-17.95500946044922
2022-11-14 23:52:11,157 - INFO: global_step=36832, episodic_return=-6.9122161865234375
2022-11-14 23:52:11,319 - INFO: global_step=37042, episodic_return=-108.40459442138672
2022-11-14 23:52:11,377 - INFO: global_step=37138, episodic_return=-101.30120849609375
2022-11-14 23:52:11,539 - INFO: global_step=37327, episodic_return=-294.6139831542969
2022-11-14 23:52:11,645 - INFO: global_step=37461, episodic_return=-215.87997436523438
2022-11-14 23:52:11,860 - INFO: global_step=37663, episodic_return=-82.72370910644531
2022-11-14 23:52:11,979 - INFO: global_step=37811, episodic_return=-125.59939575195312
2022-11-14 23:52:12,552 - INFO: global_step=38230, episodic_return=-117.71087646484375
2022-11-14 23:52:12,652 - INFO: global_step=38405, episodic_return=-46.20912551879883
2022-11-14 23:52:13,419 - INFO: global_step=39007, episodic_return=-196.10169982910156
2022-11-14 23:52:13,536 - INFO: global_step=39174, episodic_return=-223.8201904296875
2022-11-14 23:52:13,603 - INFO: global_step=39286, episodic_return=-181.6726837158203
2022-11-14 23:52:13,684 - INFO: global_step=39413, episodic_return=-100.69479370117188
2022-11-14 23:52:13,769 - INFO: global_step=39534, episodic_return=-78.22465515136719
2022-11-14 23:52:13,911 - INFO: global_step=39721, episodic_return=-57.35179138183594
2022-11-14 23:52:13,969 - INFO: global_step=39840, episodic_return=-111.15489959716797
2022-11-14 23:52:14,166 - INFO: global_step=40064, episodic_return=-72.1458740234375
2022-11-14 23:52:14,278 - INFO: global_step=40240, episodic_return=-74.2353744506836
2022-11-14 23:52:14,388 - INFO: global_step=40346, episodic_return=-66.34922790527344
2022-11-14 23:52:15,871 - INFO: global_step=41346, episodic_return=86.69207763671875
2022-11-14 23:52:16,101 - INFO: global_step=41588, episodic_return=-89.86630249023438
2022-11-14 23:52:16,312 - INFO: global_step=41804, episodic_return=-73.95608520507812
2022-11-14 23:52:16,486 - INFO: global_step=42011, episodic_return=-51.24541473388672
2022-11-14 23:52:16,609 - INFO: global_step=42159, episodic_return=-84.7616195678711
2022-11-14 23:52:16,768 - INFO: global_step=42348, episodic_return=-100.55965423583984
2022-11-14 23:52:17,181 - INFO: global_step=42731, episodic_return=-35.83391571044922
2022-11-14 23:52:17,308 - INFO: global_step=42915, episodic_return=4.9822540283203125
2022-11-14 23:52:17,478 - INFO: global_step=43140, episodic_return=-84.08976745605469
2022-11-14 23:52:17,681 - INFO: global_step=43381, episodic_return=-77.70115661621094
2022-11-14 23:52:17,801 - INFO: global_step=43554, episodic_return=-33.69757080078125
2022-11-14 23:52:17,857 - INFO: global_step=43660, episodic_return=15.945228576660156
2022-11-14 23:52:17,946 - INFO: global_step=43798, episodic_return=-76.13705444335938
2022-11-14 23:52:18,145 - INFO: global_step=44056, episodic_return=-118.42037963867188
2022-11-14 23:52:18,479 - INFO: global_step=44408, episodic_return=-63.95551681518555
2022-11-14 23:52:18,573 - INFO: global_step=44507, episodic_return=-85.82400512695312
2022-11-14 23:52:18,688 - INFO: global_step=44684, episodic_return=-74.3471450805664
2022-11-14 23:52:18,792 - INFO: global_step=44850, episodic_return=-91.58447265625
2022-11-14 23:52:18,874 - INFO: global_step=45003, episodic_return=-74.56297302246094
2022-11-14 23:52:18,914 - INFO: global_step=45072, episodic_return=-76.78520202636719
2022-11-14 23:52:19,003 - INFO: global_step=45207, episodic_return=-106.75829315185547
2022-11-14 23:52:20,826 - INFO: global_step=46207, episodic_return=18.57242202758789
2022-11-14 23:52:23,205 - INFO: global_step=47192, episodic_return=-113.60370635986328
2022-11-14 23:52:23,301 - INFO: global_step=47308, episodic_return=-41.40498352050781
2022-11-14 23:52:25,303 - INFO: global_step=48308, episodic_return=21.42998504638672
2022-11-14 23:52:25,498 - INFO: global_step=48542, episodic_return=-62.92531967163086
2022-11-14 23:52:25,616 - INFO: global_step=48720, episodic_return=-63.36333465576172
2022-11-14 23:52:25,736 - INFO: global_step=48909, episodic_return=-92.46552276611328
2022-11-14 23:52:25,844 - INFO: global_step=49066, episodic_return=-34.24055480957031
2022-11-14 23:52:25,956 - INFO: global_step=49228, episodic_return=-34.353355407714844
2022-11-14 23:52:28,302 - INFO: global_step=50228, episodic_return=-6.775402069091797
2022-11-14 23:52:30,364 - INFO: global_step=51228, episodic_return=41.93114471435547
2022-11-14 23:52:30,495 - INFO: global_step=51401, episodic_return=-82.49798583984375
2022-11-14 23:52:30,703 - INFO: global_step=51665, episodic_return=-104.2025146484375
2022-11-14 23:52:30,764 - INFO: global_step=51774, episodic_return=-171.08465576171875
2022-11-14 23:52:30,864 - INFO: global_step=51905, episodic_return=-62.007755279541016
2022-11-14 23:52:32,746 - INFO: global_step=52905, episodic_return=76.88613891601562
2022-11-14 23:52:32,894 - INFO: global_step=53094, episodic_return=-48.92928695678711
2022-11-14 23:52:32,937 - INFO: global_step=53168, episodic_return=-97.50565338134766
2022-11-14 23:52:33,074 - INFO: global_step=53327, episodic_return=-286.62762451171875
2022-11-14 23:52:33,149 - INFO: global_step=53416, episodic_return=-80.63116455078125
2022-11-14 23:52:35,065 - INFO: global_step=54416, episodic_return=77.24446868896484
2022-11-14 23:52:35,219 - INFO: global_step=54595, episodic_return=-140.40084838867188
2022-11-14 23:52:35,584 - INFO: global_step=54916, episodic_return=-35.61285400390625
2022-11-14 23:52:35,851 - INFO: global_step=55161, episodic_return=-130.119873046875
2022-11-14 23:52:36,273 - INFO: global_step=55539, episodic_return=-185.65655517578125
2022-11-14 23:52:36,400 - INFO: global_step=55691, episodic_return=-64.00148010253906
2022-11-14 23:52:36,580 - INFO: global_step=55895, episodic_return=-100.36837768554688
2022-11-14 23:52:36,737 - INFO: global_step=56102, episodic_return=-294.46636962890625
2022-11-14 23:52:37,201 - INFO: global_step=56379, episodic_return=-23.30950164794922
2022-11-14 23:52:37,573 - INFO: global_step=56575, episodic_return=-34.595703125
2022-11-14 23:52:37,701 - INFO: global_step=56757, episodic_return=-68.88419342041016
2022-11-14 23:52:37,812 - INFO: global_step=56914, episodic_return=-21.311935424804688
2022-11-14 23:52:37,874 - INFO: global_step=57016, episodic_return=-87.03848266601562
2022-11-14 23:52:38,134 - INFO: global_step=57328, episodic_return=-78.05931854248047
2022-11-14 23:52:40,135 - INFO: global_step=58328, episodic_return=5.678187370300293
2022-11-14 23:52:40,401 - INFO: global_step=58590, episodic_return=-5.704200744628906
2022-11-14 23:52:40,696 - INFO: global_step=58910, episodic_return=-49.42258071899414
2022-11-14 23:52:41,352 - INFO: global_step=59395, episodic_return=-138.49545288085938
2022-11-14 23:52:43,068 - INFO: global_step=60395, episodic_return=-86.3591537475586
2022-11-14 23:52:44,851 - INFO: global_step=61395, episodic_return=-17.04064178466797
2022-11-14 23:52:46,649 - INFO: global_step=62395, episodic_return=39.69667434692383
2022-11-14 23:52:46,733 - INFO: global_step=62518, episodic_return=-89.10202026367188
2022-11-14 23:52:48,134 - INFO: global_step=63518, episodic_return=90.79280090332031
2022-11-14 23:52:48,341 - INFO: global_step=63752, episodic_return=17.05657958984375
2022-11-14 23:52:49,905 - INFO: global_step=64752, episodic_return=74.37702178955078
2022-11-14 23:52:51,477 - INFO: global_step=65752, episodic_return=-88.78622436523438
2022-11-14 23:52:52,914 - INFO: global_step=66752, episodic_return=88.46343231201172
2022-11-14 23:52:53,053 - INFO: global_step=66934, episodic_return=-37.82801055908203
2022-11-14 23:52:53,301 - INFO: global_step=67197, episodic_return=14.032012939453125
2022-11-14 23:52:53,656 - INFO: global_step=67514, episodic_return=-69.6811752319336
2022-11-14 23:52:55,051 - INFO: global_step=68514, episodic_return=104.3146743774414
2022-11-14 23:52:56,704 - INFO: global_step=69514, episodic_return=106.30024719238281
2022-11-14 23:52:56,861 - INFO: global_step=69720, episodic_return=32.15754699707031
2022-11-14 23:52:57,236 - INFO: global_step=70022, episodic_return=-16.991966247558594
2022-11-14 23:52:57,493 - INFO: global_step=70278, episodic_return=-109.24945068359375
2022-11-14 23:52:57,609 - INFO: global_step=70417, episodic_return=-52.816802978515625
2022-11-14 23:52:59,489 - INFO: global_step=71417, episodic_return=85.47344970703125
2022-11-14 23:52:59,662 - INFO: global_step=71632, episodic_return=19.65380096435547
2022-11-14 23:53:01,288 - INFO: global_step=72632, episodic_return=93.96508026123047
2022-11-14 23:53:01,457 - INFO: global_step=72867, episodic_return=-26.126441955566406
2022-11-14 23:53:01,616 - INFO: global_step=73073, episodic_return=-296.7771911621094
2022-11-14 23:53:01,738 - INFO: global_step=73228, episodic_return=-13.678878784179688
2022-11-14 23:53:01,873 - INFO: global_step=73407, episodic_return=16.77465057373047
2022-11-14 23:53:02,032 - INFO: global_step=73594, episodic_return=-25.29346466064453
2022-11-14 23:53:02,125 - INFO: global_step=73732, episodic_return=-9.394363403320312
2022-11-14 23:53:02,400 - INFO: global_step=74012, episodic_return=-24.13995361328125
2022-11-14 23:53:02,513 - INFO: global_step=74178, episodic_return=44.05003356933594
2022-11-14 23:53:02,720 - INFO: global_step=74409, episodic_return=63.730224609375
2022-11-14 23:53:04,466 - INFO: global_step=75409, episodic_return=52.807403564453125
2022-11-14 23:53:06,235 - INFO: global_step=76409, episodic_return=53.71891784667969
2022-11-14 23:53:06,339 - INFO: global_step=76563, episodic_return=-48.82721710205078
2022-11-14 23:53:07,741 - INFO: global_step=77563, episodic_return=26.567346572875977
2022-11-14 23:53:07,837 - INFO: global_step=77710, episodic_return=-74.74427795410156
2022-11-14 23:53:08,061 - INFO: global_step=77962, episodic_return=-2.8840255737304688
2022-11-14 23:53:09,642 - INFO: global_step=78962, episodic_return=32.14057540893555
2022-11-14 23:53:10,452 - INFO: global_step=79515, episodic_return=-61.82382583618164
2022-11-14 23:53:12,036 - INFO: global_step=80515, episodic_return=80.7320556640625
2022-11-14 23:53:14,628 - INFO: global_step=81515, episodic_return=31.524425506591797
2022-11-14 23:53:16,371 - INFO: global_step=82515, episodic_return=106.80413818359375
2022-11-14 23:53:18,369 - INFO: global_step=83515, episodic_return=9.19028091430664
2022-11-14 23:53:20,485 - INFO: global_step=84515, episodic_return=69.05009460449219
2022-11-14 23:53:20,576 - INFO: global_step=84659, episodic_return=2.2962417602539062
2022-11-14 23:53:22,467 - INFO: global_step=85659, episodic_return=-41.23273849487305
2022-11-14 23:53:22,966 - INFO: global_step=85954, episodic_return=35.99851989746094
2022-11-14 23:53:23,998 - INFO: global_step=86311, episodic_return=-21.55298614501953
2022-11-14 23:53:24,201 - INFO: global_step=86519, episodic_return=-216.7130584716797
2022-11-14 23:53:25,665 - INFO: global_step=87519, episodic_return=154.95750427246094
2022-11-14 23:53:26,780 - INFO: global_step=88147, episodic_return=163.36802673339844
2022-11-14 23:53:26,857 - INFO: global_step=88262, episodic_return=-94.47358703613281
2022-11-14 23:53:29,033 - INFO: global_step=89262, episodic_return=36.52748107910156
2022-11-14 23:53:29,199 - INFO: global_step=89472, episodic_return=34.091552734375
2022-11-14 23:53:30,487 - INFO: global_step=90472, episodic_return=97.05424499511719
2022-11-14 23:53:31,619 - INFO: global_step=91457, episodic_return=264.54034423828125
2022-11-14 23:53:33,541 - INFO: global_step=92457, episodic_return=30.665420532226562
2022-11-14 23:53:34,664 - INFO: global_step=93457, episodic_return=174.78114318847656
2022-11-14 23:53:36,163 - INFO: global_step=94457, episodic_return=78.23216247558594
2022-11-14 23:53:37,753 - INFO: global_step=95457, episodic_return=10.665406227111816
2022-11-14 23:53:39,494 - INFO: global_step=96457, episodic_return=36.62981033325195
2022-11-14 23:53:39,844 - INFO: global_step=96795, episodic_return=-58.407676696777344
2022-11-14 23:53:42,239 - INFO: global_step=97795, episodic_return=75.76030731201172
2022-11-14 23:53:43,770 - INFO: global_step=98795, episodic_return=72.76956176757812
2022-11-14 23:53:45,203 - INFO: global_step=99460, episodic_return=195.19581604003906
2022-11-14 23:53:46,817 - INFO: global_step=100460, episodic_return=116.77307891845703
2022-11-14 23:53:48,222 - INFO: global_step=101319, episodic_return=184.09811401367188
2022-11-14 23:53:48,408 - INFO: global_step=101547, episodic_return=-17.23267364501953
2022-11-14 23:53:49,690 - INFO: global_step=102327, episodic_return=199.3020477294922
2022-11-14 23:53:51,400 - INFO: global_step=103327, episodic_return=89.77484893798828
2022-11-14 23:53:53,512 - INFO: global_step=104327, episodic_return=-9.752172470092773
2022-11-14 23:53:55,271 - INFO: global_step=105327, episodic_return=41.60379409790039
2022-11-14 23:53:56,754 - INFO: global_step=106327, episodic_return=41.924503326416016
2022-11-14 23:53:59,212 - INFO: global_step=107327, episodic_return=22.86725616455078
2022-11-14 23:54:00,632 - INFO: global_step=108274, episodic_return=179.49822998046875
2022-11-14 23:54:00,841 - INFO: global_step=108503, episodic_return=-11.547027587890625
2022-11-14 23:54:01,515 - INFO: global_step=109072, episodic_return=185.55621337890625
2022-11-14 23:54:03,800 - INFO: global_step=110072, episodic_return=62.380619049072266
2022-11-14 23:54:03,920 - INFO: global_step=110203, episodic_return=5.116485595703125
2022-11-14 23:54:06,080 - INFO: global_step=111203, episodic_return=29.531654357910156
2022-11-14 23:54:07,174 - INFO: global_step=111893, episodic_return=177.46910095214844
2022-11-14 23:54:09,838 - INFO: global_step=112893, episodic_return=22.35875129699707
2022-11-14 23:54:11,484 - INFO: global_step=113721, episodic_return=87.10021209716797
2022-11-14 23:54:12,185 - INFO: global_step=114231, episodic_return=209.35546875
2022-11-14 23:54:13,142 - INFO: global_step=114889, episodic_return=-201.43701171875
2022-11-14 23:54:13,468 - INFO: global_step=115207, episodic_return=-82.86278533935547
2022-11-14 23:54:14,682 - INFO: global_step=116207, episodic_return=139.82276916503906
2022-11-14 23:54:15,310 - INFO: global_step=116666, episodic_return=-19.1224365234375
2022-11-14 23:54:16,297 - INFO: global_step=117410, episodic_return=171.078369140625
2022-11-14 23:54:18,095 - INFO: global_step=118410, episodic_return=-32.46164321899414
2022-11-14 23:54:18,765 - INFO: global_step=118935, episodic_return=-87.15177917480469
2022-11-14 23:54:18,930 - INFO: global_step=119112, episodic_return=-154.33663940429688
2022-11-14 23:54:20,959 - INFO: global_step=120112, episodic_return=-52.76884841918945
2022-11-14 23:54:22,487 - INFO: global_step=121112, episodic_return=-82.78467559814453
2022-11-14 23:54:24,418 - INFO: global_step=122112, episodic_return=-80.79749298095703
2022-11-14 23:54:26,584 - INFO: global_step=123112, episodic_return=-45.11222839355469
2022-11-14 23:54:28,649 - INFO: global_step=124112, episodic_return=-56.94343948364258
2022-11-14 23:54:30,806 - INFO: global_step=125112, episodic_return=-122.5636215209961
2022-11-14 23:54:33,103 - INFO: global_step=126112, episodic_return=-88.85829162597656
2022-11-14 23:54:35,393 - INFO: global_step=127112, episodic_return=-41.74388885498047
2022-11-14 23:54:37,515 - INFO: global_step=128112, episodic_return=-105.06068420410156
2022-11-14 23:54:39,503 - INFO: global_step=129112, episodic_return=-75.19107055664062
2022-11-14 23:54:41,868 - INFO: global_step=130112, episodic_return=-70.3351821899414
2022-11-14 23:54:43,773 - INFO: global_step=131112, episodic_return=-28.088756561279297
2022-11-14 23:54:45,481 - INFO: global_step=132112, episodic_return=-99.06220245361328
2022-11-14 23:54:48,020 - INFO: global_step=133112, episodic_return=-72.62787628173828
2022-11-14 23:54:50,343 - INFO: global_step=134112, episodic_return=-52.13123321533203
2022-11-14 23:54:52,448 - INFO: global_step=135112, episodic_return=-92.13762664794922
2022-11-14 23:54:53,353 - INFO: global_step=135634, episodic_return=-210.26629638671875
2022-11-14 23:54:55,679 - INFO: global_step=136634, episodic_return=-77.60299682617188
2022-11-14 23:54:57,990 - INFO: global_step=137634, episodic_return=96.65447998046875
2022-11-14 23:54:59,964 - INFO: global_step=138634, episodic_return=-2.2066688537597656
2022-11-14 23:55:00,854 - INFO: global_step=139241, episodic_return=176.69009399414062
2022-11-14 23:55:03,146 - INFO: global_step=140241, episodic_return=-84.56044006347656
2022-11-14 23:55:05,587 - INFO: global_step=141241, episodic_return=-74.64231872558594
2022-11-14 23:55:07,823 - INFO: global_step=142241, episodic_return=-14.695510864257812
2022-11-14 23:55:08,129 - INFO: global_step=142546, episodic_return=208.42080688476562
2022-11-14 23:55:08,477 - INFO: global_step=142818, episodic_return=-171.57443237304688
2022-11-14 23:55:09,659 - INFO: global_step=143426, episodic_return=230.65060424804688
2022-11-14 23:55:10,102 - INFO: global_step=143814, episodic_return=213.85446166992188
2022-11-14 23:55:10,265 - INFO: global_step=144017, episodic_return=-126.30662536621094
2022-11-14 23:55:10,508 - INFO: global_step=144296, episodic_return=305.77313232421875
2022-11-14 23:55:10,933 - INFO: global_step=144669, episodic_return=218.26626586914062
2022-11-14 23:55:12,022 - INFO: global_step=145299, episodic_return=164.50927734375
2022-11-14 23:55:12,168 - INFO: global_step=145465, episodic_return=7.4945526123046875
2022-11-14 23:55:13,952 - INFO: global_step=146465, episodic_return=-80.12605285644531
2022-11-14 23:55:15,085 - INFO: global_step=147168, episodic_return=-69.50245666503906
2022-11-14 23:55:17,231 - INFO: global_step=148168, episodic_return=-72.4886474609375
2022-11-14 23:55:19,300 - INFO: global_step=149058, episodic_return=108.90097045898438
2022-11-14 23:55:21,350 - INFO: global_step=150058, episodic_return=-49.42414093017578
2022-11-14 23:55:23,257 - INFO: global_step=151058, episodic_return=-62.707523345947266
2022-11-14 23:55:24,610 - INFO: global_step=151795, episodic_return=175.72125244140625
2022-11-14 23:55:25,769 - INFO: global_step=152503, episodic_return=164.7007293701172
2022-11-14 23:55:27,432 - INFO: global_step=153278, episodic_return=183.64495849609375
2022-11-14 23:55:29,492 - INFO: global_step=154258, episodic_return=-103.1774673461914
2022-11-14 23:55:31,757 - INFO: global_step=155258, episodic_return=-52.8335075378418
2022-11-14 23:55:32,122 - INFO: global_step=155578, episodic_return=254.91122436523438
2022-11-14 23:55:34,046 - INFO: global_step=156578, episodic_return=-49.61729431152344
2022-11-14 23:55:36,075 - INFO: global_step=157578, episodic_return=-28.11131477355957
2022-11-14 23:55:38,132 - INFO: global_step=158578, episodic_return=-58.72175979614258
2022-11-14 23:55:39,996 - INFO: global_step=159578, episodic_return=-26.358503341674805
2022-11-14 23:55:42,074 - INFO: global_step=160578, episodic_return=-69.72517395019531
2022-11-14 23:55:44,533 - INFO: global_step=161578, episodic_return=-58.81604766845703
2022-11-14 23:55:46,789 - INFO: global_step=162578, episodic_return=-84.18141174316406
2022-11-14 23:55:48,790 - INFO: global_step=163578, episodic_return=-19.85855484008789
2022-11-14 23:55:51,382 - INFO: global_step=164578, episodic_return=-29.354806900024414
2022-11-14 23:55:53,513 - INFO: global_step=165559, episodic_return=78.01310729980469
2022-11-14 23:55:55,293 - INFO: global_step=166559, episodic_return=-73.44688415527344
2022-11-14 23:55:57,292 - INFO: global_step=167559, episodic_return=-6.545445442199707
2022-11-14 23:55:58,735 - INFO: global_step=168307, episodic_return=175.59225463867188
2022-11-14 23:56:01,039 - INFO: global_step=169307, episodic_return=-52.7847900390625
2022-11-14 23:56:03,364 - INFO: global_step=170307, episodic_return=-98.12869262695312
2022-11-14 23:56:05,291 - INFO: global_step=171307, episodic_return=-126.57926940917969
2022-11-14 23:56:07,762 - INFO: global_step=172307, episodic_return=-94.00386047363281
2022-11-14 23:56:09,353 - INFO: global_step=173307, episodic_return=-40.54841613769531
2022-11-14 23:56:10,844 - INFO: global_step=174307, episodic_return=-44.05006408691406
2022-11-14 23:56:13,173 - INFO: global_step=175307, episodic_return=-42.85780715942383
2022-11-14 23:56:15,615 - INFO: global_step=176307, episodic_return=-71.93848419189453
2022-11-14 23:56:17,161 - INFO: global_step=177307, episodic_return=-98.91305541992188
2022-11-14 23:56:19,325 - INFO: global_step=178307, episodic_return=-83.27754211425781
2022-11-14 23:56:21,667 - INFO: global_step=179307, episodic_return=-68.14274597167969
2022-11-14 23:56:23,630 - INFO: global_step=180307, episodic_return=-117.02197265625
2022-11-14 23:56:25,776 - INFO: global_step=181307, episodic_return=-132.72962951660156
2022-11-14 23:56:28,169 - INFO: global_step=182307, episodic_return=-41.632991790771484
2022-11-14 23:56:30,771 - INFO: global_step=183307, episodic_return=-96.0699234008789
2022-11-14 23:56:32,851 - INFO: global_step=184307, episodic_return=-52.712364196777344
2022-11-14 23:56:34,868 - INFO: global_step=185307, episodic_return=-98.92374420166016
2022-11-14 23:56:36,679 - INFO: global_step=186307, episodic_return=-82.77919006347656
2022-11-14 23:56:38,670 - INFO: global_step=187307, episodic_return=-89.71150207519531
2022-11-14 23:56:40,449 - INFO: global_step=188307, episodic_return=-60.25010299682617
2022-11-14 23:56:42,087 - INFO: global_step=189307, episodic_return=-61.282081604003906
2022-11-14 23:56:43,539 - INFO: global_step=190307, episodic_return=-94.09603881835938
2022-11-14 23:56:45,235 - INFO: global_step=191307, episodic_return=-90.4879379272461
2022-11-14 23:56:47,426 - INFO: global_step=192307, episodic_return=-102.3093032836914
2022-11-14 23:56:49,356 - INFO: global_step=193307, episodic_return=-108.5141830444336
2022-11-14 23:56:51,472 - INFO: global_step=194307, episodic_return=-108.16674041748047
2022-11-14 23:56:53,388 - INFO: global_step=195307, episodic_return=-19.127201080322266
2022-11-14 23:56:55,192 - INFO: global_step=196307, episodic_return=-64.21222686767578
2022-11-14 23:56:56,808 - INFO: global_step=197307, episodic_return=-22.70773696899414
2022-11-14 23:56:58,988 - INFO: global_step=198307, episodic_return=-68.8755874633789
2022-11-14 23:57:00,899 - INFO: global_step=199123, episodic_return=142.3159637451172
2022-11-14 23:57:02,807 - INFO: global_step=200123, episodic_return=-95.43153381347656
2022-11-14 23:57:03,492 - INFO: global_step=200522, episodic_return=169.3899383544922
2022-11-14 23:57:04,930 - INFO: global_step=201522, episodic_return=-47.50038528442383
2022-11-14 23:57:06,258 - INFO: global_step=202409, episodic_return=-280.44403076171875
2022-11-14 23:57:07,813 - INFO: global_step=203234, episodic_return=-260.90570068359375
2022-11-14 23:57:09,545 - INFO: global_step=204054, episodic_return=-249.4511260986328
2022-11-14 23:57:10,334 - INFO: global_step=204622, episodic_return=-151.23867797851562
2022-11-14 23:57:11,354 - INFO: global_step=205341, episodic_return=-155.85150146484375
2022-11-14 23:57:12,638 - INFO: global_step=206049, episodic_return=-215.71644592285156
2022-11-14 23:57:13,301 - INFO: global_step=206475, episodic_return=-112.51203155517578
2022-11-14 23:57:14,482 - INFO: global_step=207168, episodic_return=-177.64981079101562
2022-11-14 23:57:16,556 - INFO: global_step=208168, episodic_return=-145.96923828125
2022-11-14 23:57:17,118 - INFO: global_step=208652, episodic_return=-153.94105529785156
2022-11-14 23:57:18,570 - INFO: global_step=209652, episodic_return=-172.46099853515625
2022-11-14 23:57:20,216 - INFO: global_step=210652, episodic_return=-160.3833770751953
2022-11-14 23:57:21,960 - INFO: global_step=211652, episodic_return=-112.18363952636719
2022-11-14 23:57:23,870 - INFO: global_step=212652, episodic_return=-106.75708770751953
2022-11-14 23:57:26,027 - INFO: global_step=213652, episodic_return=-135.31854248046875
2022-11-14 23:57:28,138 - INFO: global_step=214652, episodic_return=-135.9099884033203
2022-11-14 23:57:30,210 - INFO: global_step=215652, episodic_return=-124.19923400878906
2022-11-14 23:57:32,890 - INFO: global_step=216652, episodic_return=-66.23757934570312
2022-11-14 23:57:35,952 - INFO: global_step=217652, episodic_return=-124.54297637939453
2022-11-14 23:57:38,323 - INFO: global_step=218652, episodic_return=-158.19798278808594
2022-11-14 23:57:40,200 - INFO: global_step=219652, episodic_return=-161.14859008789062
2022-11-14 23:57:42,561 - INFO: global_step=220652, episodic_return=-142.25338745117188
2022-11-14 23:57:44,311 - INFO: global_step=221652, episodic_return=-78.51904296875
2022-11-14 23:57:46,248 - INFO: global_step=222652, episodic_return=-107.0465316772461
2022-11-14 23:57:48,406 - INFO: global_step=223652, episodic_return=-31.7181339263916
2022-11-14 23:57:50,566 - INFO: global_step=224652, episodic_return=-92.65777587890625
2022-11-14 23:57:51,402 - INFO: global_step=225191, episodic_return=229.7113494873047
2022-11-14 23:57:52,116 - INFO: global_step=225708, episodic_return=209.22848510742188
2022-11-14 23:57:55,162 - INFO: global_step=226708, episodic_return=-114.79247283935547
2022-11-14 23:57:55,355 - INFO: global_step=226949, episodic_return=-24.70287322998047
2022-11-14 23:57:55,817 - INFO: global_step=227319, episodic_return=241.2322540283203
2022-11-14 23:57:56,149 - INFO: global_step=227643, episodic_return=274.54217529296875
2022-11-14 23:57:56,468 - INFO: global_step=227902, episodic_return=250.10047912597656
2022-11-14 23:57:57,105 - INFO: global_step=228357, episodic_return=123.50493621826172
2022-11-14 23:57:57,539 - INFO: global_step=228731, episodic_return=-29.73150634765625
2022-11-14 23:57:58,042 - INFO: global_step=229104, episodic_return=257.6979064941406
2022-11-14 23:57:59,919 - INFO: global_step=229944, episodic_return=155.0649871826172
2022-11-14 23:58:00,167 - INFO: global_step=230209, episodic_return=-58.64141082763672
2022-11-14 23:58:00,563 - INFO: global_step=230574, episodic_return=2.84881591796875
2022-11-14 23:58:01,838 - INFO: global_step=231304, episodic_return=56.82674789428711
2022-11-14 23:58:02,245 - INFO: global_step=231740, episodic_return=-136.68484497070312
2022-11-14 23:58:03,486 - INFO: global_step=232496, episodic_return=-208.91770935058594
2022-11-14 23:58:05,160 - INFO: global_step=233496, episodic_return=-87.49430084228516
2022-11-14 23:58:07,103 - INFO: global_step=234496, episodic_return=-132.65048217773438
2022-11-14 23:58:08,746 - INFO: global_step=235496, episodic_return=-61.1840934753418
2022-11-14 23:58:10,386 - INFO: global_step=236496, episodic_return=-73.70081329345703
2022-11-14 23:58:12,504 - INFO: global_step=237496, episodic_return=-87.67300415039062
2022-11-14 23:58:14,249 - INFO: global_step=238496, episodic_return=-47.87586975097656
2022-11-14 23:58:16,102 - INFO: global_step=239496, episodic_return=-29.942476272583008
2022-11-14 23:58:17,923 - INFO: global_step=240496, episodic_return=-91.40506744384766
2022-11-14 23:58:20,066 - INFO: global_step=241496, episodic_return=-120.64802551269531
2022-11-14 23:58:21,882 - INFO: global_step=242496, episodic_return=-45.38224411010742
2022-11-14 23:58:23,605 - INFO: global_step=243496, episodic_return=-69.05288696289062
2022-11-14 23:58:25,408 - INFO: global_step=244496, episodic_return=-84.1703872680664
2022-11-14 23:58:25,475 - INFO: global_step=244592, episodic_return=-129.96690368652344
2022-11-14 23:58:27,400 - INFO: global_step=245592, episodic_return=-40.38468551635742
2022-11-14 23:58:27,600 - INFO: global_step=245799, episodic_return=35.37646484375
2022-11-14 23:58:29,923 - INFO: global_step=246799, episodic_return=-80.27105712890625
2022-11-14 23:58:32,426 - INFO: global_step=247799, episodic_return=-39.27924728393555
2022-11-14 23:58:34,419 - INFO: global_step=248799, episodic_return=-54.44817352294922
2022-11-14 23:58:36,218 - INFO: global_step=249634, episodic_return=182.9407196044922
2022-11-14 23:58:38,150 - INFO: global_step=250634, episodic_return=-92.19307708740234
2022-11-14 23:58:40,674 - INFO: global_step=251634, episodic_return=-110.11988830566406
2022-11-14 23:58:43,076 - INFO: global_step=252634, episodic_return=-75.18283081054688
2022-11-14 23:58:46,374 - INFO: global_step=253634, episodic_return=-100.89115142822266
2022-11-14 23:58:48,878 - INFO: global_step=254634, episodic_return=-33.34194564819336
2022-11-14 23:58:50,874 - INFO: global_step=255634, episodic_return=-64.69011688232422
2022-11-14 23:58:52,889 - INFO: global_step=256634, episodic_return=-94.33247375488281
2022-11-14 23:58:55,381 - INFO: global_step=257634, episodic_return=-131.05899047851562
2022-11-14 23:58:55,986 - INFO: global_step=258066, episodic_return=271.3346252441406
2022-11-14 23:58:58,242 - INFO: global_step=259066, episodic_return=-67.01930236816406
2022-11-14 23:58:58,890 - INFO: global_step=259448, episodic_return=258.4649658203125
2022-11-14 23:59:01,201 - INFO: global_step=260448, episodic_return=-74.45777893066406
2022-11-14 23:59:03,808 - INFO: global_step=261448, episodic_return=-91.21212768554688
2022-11-14 23:59:06,514 - INFO: global_step=262448, episodic_return=-66.44376373291016
2022-11-14 23:59:08,861 - INFO: global_step=263448, episodic_return=-48.54465103149414
2022-11-14 23:59:09,093 - INFO: global_step=263674, episodic_return=6.8262481689453125
2022-11-14 23:59:09,336 - INFO: global_step=263917, episodic_return=-147.70648193359375
2022-11-14 23:59:10,659 - INFO: global_step=264723, episodic_return=-85.44884490966797
2022-11-14 23:59:12,285 - INFO: global_step=265723, episodic_return=21.160856246948242
2022-11-14 23:59:13,668 - INFO: global_step=266466, episodic_return=142.7454376220703
2022-11-14 23:59:15,314 - INFO: global_step=267466, episodic_return=100.78691101074219
2022-11-14 23:59:15,489 - INFO: global_step=267664, episodic_return=-199.2537841796875
2022-11-14 23:59:17,675 - INFO: global_step=268664, episodic_return=-43.62278366088867
2022-11-14 23:59:18,545 - INFO: global_step=269329, episodic_return=167.0405731201172
2022-11-14 23:59:21,029 - INFO: global_step=270329, episodic_return=-40.48918151855469
2022-11-14 23:59:22,795 - INFO: global_step=271226, episodic_return=-217.1624755859375
2022-11-14 23:59:24,346 - INFO: global_step=272226, episodic_return=-55.24652862548828
2022-11-14 23:59:26,604 - INFO: global_step=273226, episodic_return=-40.440792083740234
2022-11-14 23:59:28,019 - INFO: global_step=274226, episodic_return=-76.84308624267578
2022-11-14 23:59:30,285 - INFO: global_step=275226, episodic_return=-26.963760375976562
2022-11-14 23:59:32,287 - INFO: global_step=276226, episodic_return=-60.95205307006836
2022-11-14 23:59:34,596 - INFO: global_step=277226, episodic_return=-61.81690979003906
2022-11-14 23:59:37,167 - INFO: global_step=278226, episodic_return=-70.19224548339844
2022-11-14 23:59:40,027 - INFO: global_step=279226, episodic_return=-63.35599136352539
2022-11-14 23:59:42,917 - INFO: global_step=280226, episodic_return=-66.25178527832031
2022-11-14 23:59:45,173 - INFO: global_step=281226, episodic_return=9.19842529296875
2022-11-14 23:59:47,202 - INFO: global_step=282226, episodic_return=-75.09186553955078
2022-11-14 23:59:48,895 - INFO: global_step=283226, episodic_return=-80.60575866699219
2022-11-14 23:59:50,901 - INFO: global_step=284226, episodic_return=-40.69293975830078
2022-11-14 23:59:52,885 - INFO: global_step=285226, episodic_return=-100.65521240234375
2022-11-14 23:59:54,936 - INFO: global_step=286226, episodic_return=44.37295150756836
2022-11-14 23:59:57,271 - INFO: global_step=287226, episodic_return=-72.80369567871094
2022-11-14 23:59:58,924 - INFO: global_step=288226, episodic_return=-74.0307388305664
2022-11-15 00:00:01,075 - INFO: global_step=289226, episodic_return=-102.9360580444336
2022-11-15 00:00:03,316 - INFO: global_step=290226, episodic_return=29.862890243530273
2022-11-15 00:00:06,270 - INFO: global_step=291226, episodic_return=-33.27623748779297
2022-11-15 00:00:08,754 - INFO: global_step=292226, episodic_return=-40.51051330566406
2022-11-15 00:00:10,463 - INFO: global_step=293226, episodic_return=-11.979997634887695
2022-11-15 00:00:12,415 - INFO: global_step=294226, episodic_return=-62.63694763183594
2022-11-15 00:00:14,399 - INFO: global_step=295226, episodic_return=-35.86138916015625
2022-11-15 00:00:17,129 - INFO: global_step=296226, episodic_return=-88.17829895019531
2022-11-15 00:00:19,484 - INFO: global_step=297226, episodic_return=-3.3638155460357666
2022-11-15 00:00:22,101 - INFO: global_step=298226, episodic_return=-66.21192169189453
2022-11-15 00:00:24,185 - INFO: global_step=299226, episodic_return=-56.735084533691406
2022-11-15 00:00:26,073 - INFO: global_step=300226, episodic_return=-88.077880859375
2022-11-15 00:00:27,612 - INFO: global_step=301226, episodic_return=-50.58368682861328
2022-11-15 00:00:30,046 - INFO: global_step=302226, episodic_return=-66.51139831542969
2022-11-15 00:00:32,516 - INFO: global_step=303226, episodic_return=-82.06201934814453
2022-11-15 00:00:35,430 - INFO: global_step=304226, episodic_return=-92.09441375732422
2022-11-15 00:00:37,137 - INFO: global_step=305226, episodic_return=-122.09221649169922
2022-11-15 00:00:39,735 - INFO: global_step=306226, episodic_return=-73.01219940185547
2022-11-15 00:00:42,468 - INFO: global_step=307226, episodic_return=-145.4358673095703
2022-11-15 00:00:44,102 - INFO: global_step=308226, episodic_return=-128.24168395996094
2022-11-15 00:00:46,174 - INFO: global_step=309226, episodic_return=-120.3797378540039
2022-11-15 00:00:46,652 - INFO: global_step=309737, episodic_return=222.784423828125
2022-11-15 00:00:49,028 - INFO: global_step=310737, episodic_return=34.195926666259766
2022-11-15 00:00:51,149 - INFO: global_step=311737, episodic_return=-145.65090942382812
2022-11-15 00:00:52,801 - INFO: global_step=312737, episodic_return=-152.97401428222656
2022-11-15 00:00:54,874 - INFO: global_step=313737, episodic_return=-118.84600830078125
2022-11-15 00:00:57,557 - INFO: global_step=314737, episodic_return=-64.13955688476562
2022-11-15 00:00:59,814 - INFO: global_step=315737, episodic_return=-116.43840789794922
2022-11-15 00:01:01,721 - INFO: global_step=316737, episodic_return=-133.38604736328125
2022-11-15 00:01:03,998 - INFO: global_step=317737, episodic_return=-94.05772399902344
2022-11-15 00:01:05,561 - INFO: global_step=318737, episodic_return=-49.428279876708984
2022-11-15 00:01:07,255 - INFO: global_step=319737, episodic_return=-114.67700958251953
2022-11-15 00:01:09,303 - INFO: global_step=320737, episodic_return=-22.897294998168945
2022-11-15 00:01:11,213 - INFO: global_step=321737, episodic_return=-81.27568054199219
2022-11-15 00:01:12,905 - INFO: global_step=322737, episodic_return=-59.995880126953125
2022-11-15 00:01:15,207 - INFO: global_step=323737, episodic_return=-88.63191223144531
2022-11-15 00:01:17,451 - INFO: global_step=324737, episodic_return=-47.35546875
2022-11-15 00:01:19,389 - INFO: global_step=325737, episodic_return=-116.43690490722656
2022-11-15 00:01:21,369 - INFO: global_step=326737, episodic_return=-80.9658432006836
2022-11-15 00:01:21,673 - INFO: global_step=326974, episodic_return=14.573944091796875
2022-11-15 00:01:23,344 - INFO: global_step=327974, episodic_return=-55.175621032714844
2022-11-15 00:01:25,391 - INFO: global_step=328974, episodic_return=-21.970470428466797
2022-11-15 00:01:28,243 - INFO: global_step=329974, episodic_return=-45.96643829345703
2022-11-15 00:01:30,842 - INFO: global_step=330974, episodic_return=-103.09876251220703
2022-11-15 00:01:32,904 - INFO: global_step=331974, episodic_return=-83.26817321777344
2022-11-15 00:01:35,078 - INFO: global_step=332974, episodic_return=-139.7201385498047
2022-11-15 00:01:36,804 - INFO: global_step=333974, episodic_return=-113.60526275634766
2022-11-15 00:01:39,279 - INFO: global_step=334974, episodic_return=-104.14936065673828
2022-11-15 00:01:41,356 - INFO: global_step=335974, episodic_return=-131.65972900390625
2022-11-15 00:01:43,103 - INFO: global_step=336974, episodic_return=-83.80899810791016
2022-11-15 00:01:45,923 - INFO: global_step=337974, episodic_return=-36.930965423583984
2022-11-15 00:01:48,398 - INFO: global_step=338974, episodic_return=-104.72431945800781
2022-11-15 00:01:50,638 - INFO: global_step=339974, episodic_return=-70.00113677978516
2022-11-15 00:01:52,208 - INFO: global_step=340974, episodic_return=-101.30023956298828
2022-11-15 00:01:54,405 - INFO: global_step=341974, episodic_return=-83.6323013305664
2022-11-15 00:01:57,556 - INFO: global_step=342974, episodic_return=-69.55516815185547
2022-11-15 00:01:59,568 - INFO: global_step=343974, episodic_return=-117.9579086303711
2022-11-15 00:02:01,840 - INFO: global_step=344974, episodic_return=-99.662841796875
2022-11-15 00:02:04,509 - INFO: global_step=345974, episodic_return=-103.09974670410156
2022-11-15 00:02:06,422 - INFO: global_step=346974, episodic_return=-44.601966857910156
2022-11-15 00:02:08,249 - INFO: global_step=347974, episodic_return=-15.251514434814453
2022-11-15 00:02:10,391 - INFO: global_step=348974, episodic_return=-55.603065490722656
2022-11-15 00:02:12,647 - INFO: global_step=349974, episodic_return=-99.94969940185547
2022-11-15 00:02:15,067 - INFO: global_step=350974, episodic_return=-68.37529754638672
2022-11-15 00:02:16,767 - INFO: global_step=351974, episodic_return=-47.89393997192383
2022-11-15 00:02:18,949 - INFO: global_step=352974, episodic_return=-98.84989166259766
2022-11-15 00:02:19,092 - INFO: global_step=353144, episodic_return=-109.88346862792969
2022-11-15 00:02:19,215 - INFO: global_step=353302, episodic_return=-122.74452209472656
2022-11-15 00:02:21,845 - INFO: global_step=354302, episodic_return=-69.6727294921875
2022-11-15 00:02:24,028 - INFO: global_step=355302, episodic_return=5.340717792510986
2022-11-15 00:02:26,563 - INFO: global_step=356302, episodic_return=-73.89142608642578
2022-11-15 00:02:28,934 - INFO: global_step=357302, episodic_return=-42.03278732299805
2022-11-15 00:02:31,866 - INFO: global_step=358302, episodic_return=-67.8465347290039
2022-11-15 00:02:34,914 - INFO: global_step=359302, episodic_return=-98.88056945800781
2022-11-15 00:02:37,427 - INFO: global_step=360302, episodic_return=-97.85795593261719
2022-11-15 00:02:39,640 - INFO: global_step=361302, episodic_return=-113.33676147460938
2022-11-15 00:02:42,179 - INFO: global_step=362302, episodic_return=-121.02204132080078
2022-11-15 00:02:43,901 - INFO: global_step=363302, episodic_return=-46.067935943603516
2022-11-15 00:02:45,787 - INFO: global_step=364302, episodic_return=-51.79164123535156
2022-11-15 00:02:48,057 - INFO: global_step=365302, episodic_return=17.00246810913086
2022-11-15 00:02:50,740 - INFO: global_step=366302, episodic_return=-1.0972201824188232
2022-11-15 00:02:52,929 - INFO: global_step=367302, episodic_return=-71.18412017822266
2022-11-15 00:02:55,129 - INFO: global_step=368302, episodic_return=-67.1952896118164
2022-11-15 00:02:57,255 - INFO: global_step=369302, episodic_return=-40.616825103759766
2022-11-15 00:03:00,356 - INFO: global_step=370302, episodic_return=-66.85820770263672
2022-11-15 00:03:02,157 - INFO: global_step=371302, episodic_return=-99.4522476196289
2022-11-15 00:03:03,917 - INFO: global_step=372302, episodic_return=-33.105796813964844
2022-11-15 00:03:06,267 - INFO: global_step=373302, episodic_return=-61.62250900268555
2022-11-15 00:03:08,765 - INFO: global_step=374302, episodic_return=-73.36428833007812
2022-11-15 00:03:11,293 - INFO: global_step=375302, episodic_return=-101.49871063232422
2022-11-15 00:03:12,901 - INFO: global_step=376302, episodic_return=-37.60377883911133
2022-11-15 00:03:14,707 - INFO: global_step=377302, episodic_return=-56.86668395996094
2022-11-15 00:03:17,105 - INFO: global_step=378302, episodic_return=-115.30728912353516
2022-11-15 00:03:18,944 - INFO: global_step=379302, episodic_return=-95.74529266357422
2022-11-15 00:03:20,743 - INFO: global_step=380302, episodic_return=-104.2801742553711
2022-11-15 00:03:22,403 - INFO: global_step=381302, episodic_return=-54.58673095703125
2022-11-15 00:03:25,078 - INFO: global_step=382302, episodic_return=-83.7344970703125
2022-11-15 00:03:26,686 - INFO: global_step=383302, episodic_return=-37.6745719909668
2022-11-15 00:03:29,019 - INFO: global_step=384302, episodic_return=-60.787078857421875
2022-11-15 00:03:32,099 - INFO: global_step=385302, episodic_return=-99.95237731933594
2022-11-15 00:03:34,141 - INFO: global_step=386302, episodic_return=-85.16483306884766
2022-11-15 00:03:36,265 - INFO: global_step=387302, episodic_return=-92.35360717773438
2022-11-15 00:03:39,111 - INFO: global_step=388302, episodic_return=-57.30535888671875
2022-11-15 00:03:41,546 - INFO: global_step=389302, episodic_return=-5.009617805480957
2022-11-15 00:03:42,990 - INFO: global_step=390302, episodic_return=-38.71197509765625
2022-11-15 00:03:45,513 - INFO: global_step=391302, episodic_return=-13.976287841796875
2022-11-15 00:03:47,941 - INFO: global_step=392302, episodic_return=-37.8300895690918
2022-11-15 00:03:49,718 - INFO: global_step=393302, episodic_return=-36.16035461425781
2022-11-15 00:03:52,239 - INFO: global_step=394302, episodic_return=-65.3768539428711
2022-11-15 00:03:53,955 - INFO: global_step=395302, episodic_return=-54.56056213378906
2022-11-15 00:03:56,805 - INFO: global_step=396302, episodic_return=-7.839583396911621
2022-11-15 00:03:59,447 - INFO: global_step=397302, episodic_return=-71.00393676757812
2022-11-15 00:04:01,011 - INFO: global_step=398302, episodic_return=-63.61790084838867
2022-11-15 00:04:03,575 - INFO: global_step=399302, episodic_return=-99.77507781982422
2022-11-15 00:04:05,429 - INFO: global_step=400302, episodic_return=16.932785034179688
2022-11-15 00:04:07,118 - INFO: global_step=401302, episodic_return=-72.987548828125
2022-11-15 00:04:09,104 - INFO: global_step=402302, episodic_return=-7.052703380584717
2022-11-15 00:04:10,897 - INFO: global_step=403302, episodic_return=-76.47586059570312
2022-11-15 00:04:12,401 - INFO: global_step=404302, episodic_return=-72.58329772949219
2022-11-15 00:04:14,647 - INFO: global_step=405302, episodic_return=-139.69378662109375
2022-11-15 00:04:17,308 - INFO: global_step=406302, episodic_return=-79.05674743652344
2022-11-15 00:04:19,092 - INFO: global_step=407302, episodic_return=-65.96829223632812
2022-11-15 00:04:20,394 - INFO: global_step=408302, episodic_return=-76.78071594238281
2022-11-15 00:04:22,388 - INFO: global_step=409302, episodic_return=-50.95046615600586
2022-11-15 00:04:24,318 - INFO: global_step=410302, episodic_return=-58.11844253540039
2022-11-15 00:04:25,967 - INFO: global_step=411302, episodic_return=-25.950180053710938
2022-11-15 00:04:28,314 - INFO: global_step=412302, episodic_return=-78.96698760986328
2022-11-15 00:04:30,561 - INFO: global_step=413302, episodic_return=-59.36004638671875
2022-11-15 00:04:32,969 - INFO: global_step=414302, episodic_return=-105.25358581542969
2022-11-15 00:04:34,914 - INFO: global_step=415302, episodic_return=-122.6208724975586
2022-11-15 00:04:36,663 - INFO: global_step=416302, episodic_return=-105.71266174316406
2022-11-15 00:04:38,596 - INFO: global_step=417302, episodic_return=-73.61137390136719
2022-11-15 00:04:40,497 - INFO: global_step=418302, episodic_return=-75.32538604736328
2022-11-15 00:04:42,609 - INFO: global_step=419302, episodic_return=43.28085708618164
2022-11-15 00:04:44,893 - INFO: global_step=420302, episodic_return=-110.07645416259766
2022-11-15 00:04:46,833 - INFO: global_step=421302, episodic_return=-54.56329345703125
2022-11-15 00:04:49,619 - INFO: global_step=422302, episodic_return=-156.93316650390625
2022-11-15 00:04:51,452 - INFO: global_step=423302, episodic_return=-108.69519805908203
2022-11-15 00:04:53,789 - INFO: global_step=424302, episodic_return=-71.16163635253906
2022-11-15 00:04:55,512 - INFO: global_step=425302, episodic_return=-119.62033081054688
2022-11-15 00:04:57,612 - INFO: global_step=426302, episodic_return=-52.032691955566406
2022-11-15 00:04:59,874 - INFO: global_step=427302, episodic_return=-46.929847717285156
2022-11-15 00:05:02,071 - INFO: global_step=428302, episodic_return=-81.19801330566406
2022-11-15 00:05:04,361 - INFO: global_step=429302, episodic_return=-84.86405944824219
2022-11-15 00:05:06,582 - INFO: global_step=430302, episodic_return=-83.18115234375
2022-11-15 00:05:08,471 - INFO: global_step=431302, episodic_return=-64.83148193359375
2022-11-15 00:05:08,630 - INFO: global_step=431483, episodic_return=-199.70321655273438
2022-11-15 00:05:10,485 - INFO: global_step=432483, episodic_return=-114.144287109375
2022-11-15 00:05:11,970 - INFO: global_step=433483, episodic_return=-91.04053497314453
2022-11-15 00:05:13,861 - INFO: global_step=434483, episodic_return=-117.97807312011719
2022-11-15 00:05:15,982 - INFO: global_step=435483, episodic_return=-102.91860961914062
2022-11-15 00:05:18,189 - INFO: global_step=436483, episodic_return=-17.498456954956055
2022-11-15 00:05:20,000 - INFO: global_step=437483, episodic_return=-76.98944091796875
2022-11-15 00:05:21,956 - INFO: global_step=438483, episodic_return=-83.91881561279297
2022-11-15 00:05:24,382 - INFO: global_step=439483, episodic_return=-25.742746353149414
2022-11-15 00:05:26,024 - INFO: global_step=440483, episodic_return=-83.8099365234375
2022-11-15 00:05:28,761 - INFO: global_step=441483, episodic_return=6.026039123535156
2022-11-15 00:05:30,695 - INFO: global_step=442483, episodic_return=-83.83285522460938
2022-11-15 00:05:32,384 - INFO: global_step=443483, episodic_return=-41.448299407958984
2022-11-15 00:05:34,859 - INFO: global_step=444483, episodic_return=-39.082672119140625
2022-11-15 00:05:37,341 - INFO: global_step=445483, episodic_return=-57.96078109741211
2022-11-15 00:05:39,260 - INFO: global_step=446483, episodic_return=-50.97171401977539
2022-11-15 00:05:41,081 - INFO: global_step=447483, episodic_return=-118.37691497802734
2022-11-15 00:05:42,775 - INFO: global_step=448483, episodic_return=2.7194595336914062
2022-11-15 00:05:45,134 - INFO: global_step=449483, episodic_return=-55.21619415283203
2022-11-15 00:05:47,055 - INFO: global_step=450483, episodic_return=-38.512367248535156
2022-11-15 00:05:49,179 - INFO: global_step=451483, episodic_return=-76.29857635498047
2022-11-15 00:05:51,353 - INFO: global_step=452483, episodic_return=-77.8402328491211
2022-11-15 00:05:52,735 - INFO: global_step=453483, episodic_return=-56.82676696777344
2022-11-15 00:05:54,795 - INFO: global_step=454483, episodic_return=-63.135929107666016
2022-11-15 00:05:56,656 - INFO: global_step=455483, episodic_return=-70.27008819580078
2022-11-15 00:05:58,900 - INFO: global_step=456483, episodic_return=-8.83056640625
2022-11-15 00:06:01,287 - INFO: global_step=457483, episodic_return=-25.24250030517578
2022-11-15 00:06:02,674 - INFO: global_step=458483, episodic_return=-62.729400634765625
2022-11-15 00:06:04,802 - INFO: global_step=459483, episodic_return=-71.98341369628906
2022-11-15 00:06:07,042 - INFO: global_step=460483, episodic_return=-70.12667083740234
2022-11-15 00:06:08,793 - INFO: global_step=461483, episodic_return=-81.69136810302734
2022-11-15 00:06:10,288 - INFO: global_step=462483, episodic_return=-79.22403717041016
2022-11-15 00:06:12,286 - INFO: global_step=463483, episodic_return=-54.94745635986328
2022-11-15 00:06:14,337 - INFO: global_step=464483, episodic_return=-49.16938018798828
2022-11-15 00:06:16,676 - INFO: global_step=465483, episodic_return=-19.8892822265625
2022-11-15 00:06:18,701 - INFO: global_step=466483, episodic_return=-17.50372314453125
2022-11-15 00:06:20,282 - INFO: global_step=467483, episodic_return=-26.179611206054688
2022-11-15 00:06:21,860 - INFO: global_step=468483, episodic_return=-44.00271987915039
2022-11-15 00:06:23,903 - INFO: global_step=469483, episodic_return=-28.761098861694336
2022-11-15 00:06:25,552 - INFO: global_step=470483, episodic_return=-66.51078796386719
2022-11-15 00:06:27,180 - INFO: global_step=471483, episodic_return=-53.33976364135742
2022-11-15 00:06:29,575 - INFO: global_step=472483, episodic_return=-56.02193832397461
2022-11-15 00:06:31,463 - INFO: global_step=473483, episodic_return=-112.5196762084961
2022-11-15 00:06:32,943 - INFO: global_step=474483, episodic_return=-73.21122741699219
2022-11-15 00:06:35,045 - INFO: global_step=475483, episodic_return=-59.978023529052734
2022-11-15 00:06:36,715 - INFO: global_step=476483, episodic_return=-62.865543365478516
2022-11-15 00:06:38,424 - INFO: global_step=477483, episodic_return=-101.37195587158203
2022-11-15 00:06:40,634 - INFO: global_step=478483, episodic_return=-60.31028366088867
2022-11-15 00:06:42,343 - INFO: global_step=479483, episodic_return=-68.85466003417969
2022-11-15 00:06:43,856 - INFO: global_step=480483, episodic_return=-47.36136245727539
2022-11-15 00:06:45,325 - INFO: global_step=481483, episodic_return=-42.87897491455078
2022-11-15 00:06:46,905 - INFO: global_step=482483, episodic_return=-51.741477966308594
2022-11-15 00:06:49,249 - INFO: global_step=483483, episodic_return=-40.450279235839844
2022-11-15 00:06:50,911 - INFO: global_step=484483, episodic_return=-55.38274383544922
2022-11-15 00:06:53,017 - INFO: global_step=485483, episodic_return=-62.3550910949707
2022-11-15 00:06:54,720 - INFO: global_step=486483, episodic_return=-88.96485900878906
2022-11-15 00:06:56,813 - INFO: global_step=487483, episodic_return=31.001617431640625
2022-11-15 00:06:59,059 - INFO: global_step=488483, episodic_return=-116.677490234375
2022-11-15 00:07:01,267 - INFO: global_step=489483, episodic_return=-36.53645324707031
2022-11-15 00:07:03,046 - INFO: global_step=490483, episodic_return=-88.20587921142578
2022-11-15 00:07:04,811 - INFO: global_step=491483, episodic_return=-105.760009765625
2022-11-15 00:07:06,927 - INFO: global_step=492483, episodic_return=-91.00856018066406
2022-11-15 00:07:08,896 - INFO: global_step=493483, episodic_return=-77.70868682861328
2022-11-15 00:07:10,641 - INFO: global_step=494483, episodic_return=-69.87039184570312
2022-11-15 00:07:12,991 - INFO: global_step=495483, episodic_return=-65.17330169677734
2022-11-15 00:07:14,854 - INFO: global_step=496483, episodic_return=-82.2617416381836
2022-11-15 00:07:16,873 - INFO: global_step=497483, episodic_return=-41.20283508300781
2022-11-15 00:07:18,846 - INFO: global_step=498483, episodic_return=-70.18359375
2022-11-15 00:07:21,704 - INFO: global_step=499483, episodic_return=-46.90461349487305
2022-11-15 00:07:22,331 - INFO: The average reward of last 20 steps: -62.481336402893064
