2022-11-15 10:52:35,780 - INFO: +--------------------------+----------------+
| Parameter                | Value          |
+--------------------------+----------------+
| exp_name                 | dqn            |
+--------------------------+----------------+
| seed                     | 42             |
+--------------------------+----------------+
| total_timesteps          | 500000         |
+--------------------------+----------------+
| learning_rate            | 0.001          |
+--------------------------+----------------+
| buffer_size              | 2000           |
+--------------------------+----------------+
| gamma                    | 0.982          |
+--------------------------+----------------+
| target_network_frequency | 50             |
+--------------------------+----------------+
| batch_size               | 128            |
+--------------------------+----------------+
| start_e                  | 1              |
+--------------------------+----------------+
| end_e                    | 0.050          |
+--------------------------+----------------+
| exploration_fraction     | 0.100          |
+--------------------------+----------------+
| learning_starts          | 10000          |
+--------------------------+----------------+
| train_frequency          | 10             |
+--------------------------+----------------+
| env_id                   | LunarLander-v2 |
+--------------------------+----------------+
2022-11-15 10:52:36,987 - INFO: global_step=122, episodic_return=-351.156494140625
2022-11-15 10:52:37,792 - INFO: global_step=213, episodic_return=-123.88553619384766
2022-11-15 10:52:37,806 - INFO: global_step=280, episodic_return=-206.61187744140625
2022-11-15 10:52:37,825 - INFO: global_step=369, episodic_return=-146.66458129882812
2022-11-15 10:52:37,841 - INFO: global_step=448, episodic_return=-134.07046508789062
2022-11-15 10:52:37,867 - INFO: global_step=560, episodic_return=-209.50868225097656
2022-11-15 10:52:37,895 - INFO: global_step=675, episodic_return=-323.1044921875
2022-11-15 10:52:37,933 - INFO: global_step=825, episodic_return=-517.4085693359375
2022-11-15 10:52:37,952 - INFO: global_step=920, episodic_return=-227.89337158203125
2022-11-15 10:52:37,974 - INFO: global_step=1018, episodic_return=-108.97444915771484
2022-11-15 10:52:37,994 - INFO: global_step=1110, episodic_return=-221.5886688232422
2022-11-15 10:52:38,025 - INFO: global_step=1245, episodic_return=-51.37635040283203
2022-11-15 10:52:38,036 - INFO: global_step=1302, episodic_return=-138.7189483642578
2022-11-15 10:52:38,053 - INFO: global_step=1380, episodic_return=-102.9498519897461
2022-11-15 10:52:38,066 - INFO: global_step=1442, episodic_return=-126.42334747314453
2022-11-15 10:52:38,077 - INFO: global_step=1515, episodic_return=-117.82674407958984
2022-11-15 10:52:38,087 - INFO: global_step=1587, episodic_return=-85.06668090820312
2022-11-15 10:52:38,107 - INFO: global_step=1707, episodic_return=-219.26608276367188
2022-11-15 10:52:38,123 - INFO: global_step=1805, episodic_return=-345.96221923828125
2022-11-15 10:52:38,139 - INFO: global_step=1904, episodic_return=-331.6182861328125
2022-11-15 10:52:38,150 - INFO: global_step=1980, episodic_return=-209.55221557617188
2022-11-15 10:52:38,169 - INFO: global_step=2085, episodic_return=-133.9514617919922
2022-11-15 10:52:38,194 - INFO: global_step=2211, episodic_return=-185.3172149658203
2022-11-15 10:52:38,211 - INFO: global_step=2312, episodic_return=-254.35609436035156
2022-11-15 10:52:38,225 - INFO: global_step=2397, episodic_return=-218.38613891601562
2022-11-15 10:52:38,234 - INFO: global_step=2457, episodic_return=-144.46319580078125
2022-11-15 10:52:38,246 - INFO: global_step=2523, episodic_return=-139.91983032226562
2022-11-15 10:52:38,256 - INFO: global_step=2592, episodic_return=-186.04190063476562
2022-11-15 10:52:38,266 - INFO: global_step=2650, episodic_return=-69.61482238769531
2022-11-15 10:52:38,279 - INFO: global_step=2718, episodic_return=-55.504844665527344
2022-11-15 10:52:38,292 - INFO: global_step=2778, episodic_return=-220.4525146484375
2022-11-15 10:52:38,306 - INFO: global_step=2850, episodic_return=-65.41454315185547
2022-11-15 10:52:38,324 - INFO: global_step=2928, episodic_return=-78.57948303222656
2022-11-15 10:52:38,346 - INFO: global_step=3023, episodic_return=-264.02264404296875
2022-11-15 10:52:38,359 - INFO: global_step=3092, episodic_return=-75.22821044921875
2022-11-15 10:52:38,376 - INFO: global_step=3173, episodic_return=-106.41541290283203
2022-11-15 10:52:38,392 - INFO: global_step=3259, episodic_return=-108.76317596435547
2022-11-15 10:52:38,423 - INFO: global_step=3385, episodic_return=-304.2354736328125
2022-11-15 10:52:38,442 - INFO: global_step=3476, episodic_return=-129.35952758789062
2022-11-15 10:52:38,479 - INFO: global_step=3604, episodic_return=-257.63812255859375
2022-11-15 10:52:38,498 - INFO: global_step=3688, episodic_return=-125.09082794189453
2022-11-15 10:52:38,532 - INFO: global_step=3810, episodic_return=-290.34527587890625
2022-11-15 10:52:38,557 - INFO: global_step=3914, episodic_return=-147.56939697265625
2022-11-15 10:52:38,571 - INFO: global_step=3983, episodic_return=-51.51841735839844
2022-11-15 10:52:38,586 - INFO: global_step=4059, episodic_return=-104.18695831298828
2022-11-15 10:52:38,627 - INFO: global_step=4205, episodic_return=-320.63409423828125
2022-11-15 10:52:38,658 - INFO: global_step=4335, episodic_return=-504.2560729980469
2022-11-15 10:52:38,681 - INFO: global_step=4443, episodic_return=-548.1475219726562
2022-11-15 10:52:38,700 - INFO: global_step=4537, episodic_return=-325.90435791015625
2022-11-15 10:52:38,718 - INFO: global_step=4609, episodic_return=-104.68914031982422
2022-11-15 10:52:38,729 - INFO: global_step=4669, episodic_return=-101.54988861083984
2022-11-15 10:52:38,743 - INFO: global_step=4735, episodic_return=-95.72529602050781
2022-11-15 10:52:38,777 - INFO: global_step=4825, episodic_return=-103.42459869384766
2022-11-15 10:52:38,790 - INFO: global_step=4904, episodic_return=-153.44039916992188
2022-11-15 10:52:38,813 - INFO: global_step=5022, episodic_return=-352.5325927734375
2022-11-15 10:52:38,836 - INFO: global_step=5143, episodic_return=-191.34335327148438
2022-11-15 10:52:38,850 - INFO: global_step=5218, episodic_return=-104.33838653564453
2022-11-15 10:52:38,862 - INFO: global_step=5287, episodic_return=-447.0319519042969
2022-11-15 10:52:38,878 - INFO: global_step=5371, episodic_return=-362.382568359375
2022-11-15 10:52:38,923 - INFO: global_step=5497, episodic_return=-144.89962768554688
2022-11-15 10:52:38,944 - INFO: global_step=5566, episodic_return=-121.11695861816406
2022-11-15 10:52:38,988 - INFO: global_step=5701, episodic_return=-274.5491027832031
2022-11-15 10:52:39,017 - INFO: global_step=5790, episodic_return=-359.29541015625
2022-11-15 10:52:39,037 - INFO: global_step=5852, episodic_return=-309.9013366699219
2022-11-15 10:52:39,082 - INFO: global_step=5982, episodic_return=-355.39910888671875
2022-11-15 10:52:39,099 - INFO: global_step=6050, episodic_return=-63.44054412841797
2022-11-15 10:52:39,128 - INFO: global_step=6118, episodic_return=-127.36013793945312
2022-11-15 10:52:39,156 - INFO: global_step=6246, episodic_return=-98.26116943359375
2022-11-15 10:52:39,169 - INFO: global_step=6328, episodic_return=-275.7642822265625
2022-11-15 10:52:39,185 - INFO: global_step=6406, episodic_return=-356.4379577636719
2022-11-15 10:52:39,197 - INFO: global_step=6465, episodic_return=-94.29629516601562
2022-11-15 10:52:39,213 - INFO: global_step=6543, episodic_return=15.619903564453125
2022-11-15 10:52:39,226 - INFO: global_step=6604, episodic_return=-106.19436645507812
2022-11-15 10:52:39,240 - INFO: global_step=6675, episodic_return=-168.29689025878906
2022-11-15 10:52:39,254 - INFO: global_step=6756, episodic_return=-198.06497192382812
2022-11-15 10:52:39,265 - INFO: global_step=6820, episodic_return=-108.43842315673828
2022-11-15 10:52:39,296 - INFO: global_step=6965, episodic_return=-332.9109802246094
2022-11-15 10:52:39,307 - INFO: global_step=7027, episodic_return=-83.62454986572266
2022-11-15 10:52:39,319 - INFO: global_step=7087, episodic_return=-102.94305419921875
2022-11-15 10:52:39,328 - INFO: global_step=7145, episodic_return=-166.21945190429688
2022-11-15 10:52:39,353 - INFO: global_step=7261, episodic_return=-414.1971740722656
2022-11-15 10:52:39,370 - INFO: global_step=7350, episodic_return=-485.7664489746094
2022-11-15 10:52:39,396 - INFO: global_step=7470, episodic_return=-165.84359741210938
2022-11-15 10:52:39,416 - INFO: global_step=7561, episodic_return=-95.67417907714844
2022-11-15 10:52:39,433 - INFO: global_step=7656, episodic_return=-478.5586242675781
2022-11-15 10:52:39,448 - INFO: global_step=7729, episodic_return=-363.1652526855469
2022-11-15 10:52:39,463 - INFO: global_step=7806, episodic_return=-109.40737915039062
2022-11-15 10:52:39,478 - INFO: global_step=7886, episodic_return=-79.70793151855469
2022-11-15 10:52:39,503 - INFO: global_step=8011, episodic_return=-149.46630859375
2022-11-15 10:52:39,518 - INFO: global_step=8077, episodic_return=-408.0025939941406
2022-11-15 10:52:39,537 - INFO: global_step=8159, episodic_return=-291.0210876464844
2022-11-15 10:52:39,551 - INFO: global_step=8224, episodic_return=-211.59402465820312
2022-11-15 10:52:39,569 - INFO: global_step=8316, episodic_return=-87.37069702148438
2022-11-15 10:52:39,586 - INFO: global_step=8396, episodic_return=-134.2425994873047
2022-11-15 10:52:39,602 - INFO: global_step=8468, episodic_return=-94.72695922851562
2022-11-15 10:52:39,633 - INFO: global_step=8606, episodic_return=-120.1881332397461
2022-11-15 10:52:39,649 - INFO: global_step=8679, episodic_return=-156.25070190429688
2022-11-15 10:52:39,659 - INFO: global_step=8741, episodic_return=-100.93296813964844
2022-11-15 10:52:39,684 - INFO: global_step=8851, episodic_return=-136.9908905029297
2022-11-15 10:52:39,711 - INFO: global_step=8973, episodic_return=-326.20550537109375
2022-11-15 10:52:39,735 - INFO: global_step=9076, episodic_return=-257.93988037109375
2022-11-15 10:52:39,749 - INFO: global_step=9148, episodic_return=-120.11722564697266
2022-11-15 10:52:39,767 - INFO: global_step=9230, episodic_return=-161.3417510986328
2022-11-15 10:52:39,786 - INFO: global_step=9319, episodic_return=-423.91851806640625
2022-11-15 10:52:39,803 - INFO: global_step=9398, episodic_return=-368.56488037109375
2022-11-15 10:52:39,823 - INFO: global_step=9493, episodic_return=-121.58698272705078
2022-11-15 10:52:39,840 - INFO: global_step=9578, episodic_return=-16.273048400878906
2022-11-15 10:52:39,854 - INFO: global_step=9644, episodic_return=-154.28713989257812
2022-11-15 10:52:39,872 - INFO: global_step=9726, episodic_return=-393.1125183105469
2022-11-15 10:52:39,887 - INFO: global_step=9804, episodic_return=-122.31582641601562
2022-11-15 10:52:39,908 - INFO: global_step=9877, episodic_return=-96.86294555664062
2022-11-15 10:52:39,927 - INFO: global_step=9936, episodic_return=-88.93245697021484
2022-11-15 10:52:39,974 - INFO: global_step=10027, episodic_return=-130.44200134277344
2022-11-15 10:52:40,018 - INFO: global_step=10092, episodic_return=-102.5873031616211
2022-11-15 10:52:40,080 - INFO: global_step=10180, episodic_return=-498.2417297363281
2022-11-15 10:52:40,155 - INFO: global_step=10284, episodic_return=-336.0785827636719
2022-11-15 10:52:40,220 - INFO: global_step=10372, episodic_return=-313.93487548828125
2022-11-15 10:52:40,296 - INFO: global_step=10514, episodic_return=-261.754638671875
2022-11-15 10:52:40,352 - INFO: global_step=10632, episodic_return=-201.24627685546875
2022-11-15 10:52:40,411 - INFO: global_step=10754, episodic_return=-95.82701873779297
2022-11-15 10:52:40,456 - INFO: global_step=10830, episodic_return=-439.7240295410156
2022-11-15 10:52:40,507 - INFO: global_step=10908, episodic_return=-298.4346008300781
2022-11-15 10:52:40,578 - INFO: global_step=11020, episodic_return=-346.1893310546875
2022-11-15 10:52:40,628 - INFO: global_step=11102, episodic_return=-131.91026306152344
2022-11-15 10:52:40,664 - INFO: global_step=11161, episodic_return=-109.84820556640625
2022-11-15 10:52:40,728 - INFO: global_step=11263, episodic_return=-143.49343872070312
2022-11-15 10:52:40,785 - INFO: global_step=11350, episodic_return=-89.18738555908203
2022-11-15 10:52:40,850 - INFO: global_step=11432, episodic_return=-357.8681335449219
2022-11-15 10:52:40,914 - INFO: global_step=11522, episodic_return=-137.79576110839844
2022-11-15 10:52:41,000 - INFO: global_step=11638, episodic_return=-377.128662109375
2022-11-15 10:52:41,040 - INFO: global_step=11702, episodic_return=-135.99798583984375
2022-11-15 10:52:41,094 - INFO: global_step=11787, episodic_return=-258.54840087890625
2022-11-15 10:52:41,132 - INFO: global_step=11852, episodic_return=-91.58152770996094
2022-11-15 10:52:41,192 - INFO: global_step=11942, episodic_return=-457.52569580078125
2022-11-15 10:52:41,265 - INFO: global_step=12050, episodic_return=-189.2210693359375
2022-11-15 10:52:41,343 - INFO: global_step=12169, episodic_return=-368.6315612792969
2022-11-15 10:52:41,376 - INFO: global_step=12240, episodic_return=-97.91632080078125
2022-11-15 10:52:41,477 - INFO: global_step=12353, episodic_return=-102.55387878417969
2022-11-15 10:52:41,551 - INFO: global_step=12470, episodic_return=-400.6263122558594
2022-11-15 10:52:41,606 - INFO: global_step=12560, episodic_return=-336.8009033203125
2022-11-15 10:52:41,654 - INFO: global_step=12623, episodic_return=-55.32789611816406
2022-11-15 10:52:41,745 - INFO: global_step=12750, episodic_return=-416.04583740234375
2022-11-15 10:52:41,795 - INFO: global_step=12842, episodic_return=-190.0469970703125
2022-11-15 10:52:41,863 - INFO: global_step=12972, episodic_return=-407.63427734375
2022-11-15 10:52:41,926 - INFO: global_step=13105, episodic_return=-291.2914733886719
2022-11-15 10:52:41,984 - INFO: global_step=13220, episodic_return=-107.45677947998047
2022-11-15 10:52:42,055 - INFO: global_step=13336, episodic_return=-106.4239501953125
2022-11-15 10:52:42,098 - INFO: global_step=13417, episodic_return=-129.7757568359375
2022-11-15 10:52:42,134 - INFO: global_step=13494, episodic_return=-137.48294067382812
2022-11-15 10:52:42,178 - INFO: global_step=13589, episodic_return=-121.82577514648438
2022-11-15 10:52:42,252 - INFO: global_step=13735, episodic_return=-229.81675720214844
2022-11-15 10:52:42,358 - INFO: global_step=13899, episodic_return=-109.10138702392578
2022-11-15 10:52:42,404 - INFO: global_step=13985, episodic_return=-146.59092712402344
2022-11-15 10:52:42,479 - INFO: global_step=14119, episodic_return=-53.882652282714844
2022-11-15 10:52:42,574 - INFO: global_step=14277, episodic_return=-357.9034423828125
2022-11-15 10:52:42,664 - INFO: global_step=14441, episodic_return=-216.50689697265625
2022-11-15 10:52:42,760 - INFO: global_step=14603, episodic_return=-146.38511657714844
2022-11-15 10:52:42,802 - INFO: global_step=14686, episodic_return=-165.7122039794922
2022-11-15 10:52:42,859 - INFO: global_step=14787, episodic_return=-85.86247253417969
2022-11-15 10:52:42,899 - INFO: global_step=14859, episodic_return=-81.57146453857422
2022-11-15 10:52:42,960 - INFO: global_step=14963, episodic_return=-135.38433837890625
2022-11-15 10:52:43,028 - INFO: global_step=15078, episodic_return=-499.778564453125
2022-11-15 10:52:43,067 - INFO: global_step=15148, episodic_return=-255.88882446289062
2022-11-15 10:52:43,147 - INFO: global_step=15297, episodic_return=-225.98776245117188
2022-11-15 10:52:43,212 - INFO: global_step=15394, episodic_return=-182.100830078125
2022-11-15 10:52:43,337 - INFO: global_step=15597, episodic_return=-204.1014404296875
2022-11-15 10:52:43,406 - INFO: global_step=15723, episodic_return=-14.424407958984375
2022-11-15 10:52:43,470 - INFO: global_step=15852, episodic_return=-333.6138916015625
2022-11-15 10:52:43,535 - INFO: global_step=15982, episodic_return=-106.25630187988281
2022-11-15 10:52:43,579 - INFO: global_step=16072, episodic_return=-165.87286376953125
2022-11-15 10:52:43,717 - INFO: global_step=16303, episodic_return=-149.36578369140625
2022-11-15 10:52:43,790 - INFO: global_step=16431, episodic_return=-224.94384765625
2022-11-15 10:52:43,896 - INFO: global_step=16588, episodic_return=-455.8595886230469
2022-11-15 10:52:43,968 - INFO: global_step=16740, episodic_return=-257.565673828125
2022-11-15 10:52:44,007 - INFO: global_step=16828, episodic_return=-81.8145980834961
2022-11-15 10:52:44,046 - INFO: global_step=16918, episodic_return=-203.45562744140625
2022-11-15 10:52:44,114 - INFO: global_step=17068, episodic_return=-26.607444763183594
2022-11-15 10:52:44,148 - INFO: global_step=17150, episodic_return=-279.42950439453125
2022-11-15 10:52:44,198 - INFO: global_step=17272, episodic_return=-258.50616455078125
2022-11-15 10:52:44,265 - INFO: global_step=17417, episodic_return=-163.47470092773438
2022-11-15 10:52:44,347 - INFO: global_step=17557, episodic_return=-141.48812866210938
2022-11-15 10:52:44,449 - INFO: global_step=17720, episodic_return=-212.18399047851562
2022-11-15 10:52:44,554 - INFO: global_step=17886, episodic_return=-488.02178955078125
2022-11-15 10:52:44,608 - INFO: global_step=17986, episodic_return=-172.32949829101562
2022-11-15 10:52:44,770 - INFO: global_step=18149, episodic_return=-50.84712600708008
2022-11-15 10:52:44,860 - INFO: global_step=18229, episodic_return=-84.57694244384766
2022-11-15 10:52:44,951 - INFO: global_step=18393, episodic_return=-159.00906372070312
2022-11-15 10:52:45,086 - INFO: global_step=18586, episodic_return=-357.80755615234375
2022-11-15 10:52:45,153 - INFO: global_step=18699, episodic_return=-79.64198303222656
2022-11-15 10:52:45,227 - INFO: global_step=18844, episodic_return=-105.10301208496094
2022-11-15 10:52:45,303 - INFO: global_step=18993, episodic_return=-108.77266693115234
2022-11-15 10:52:45,348 - INFO: global_step=19071, episodic_return=-36.05467224121094
2022-11-15 10:52:45,404 - INFO: global_step=19182, episodic_return=-189.11012268066406
2022-11-15 10:52:45,496 - INFO: global_step=19324, episodic_return=-131.445556640625
2022-11-15 10:52:45,556 - INFO: global_step=19414, episodic_return=-14.062309265136719
2022-11-15 10:52:45,642 - INFO: global_step=19537, episodic_return=-195.30722045898438
2022-11-15 10:52:45,807 - INFO: global_step=19713, episodic_return=-115.4285888671875
2022-11-15 10:52:45,932 - INFO: global_step=19857, episodic_return=-190.05422973632812
2022-11-15 10:52:46,013 - INFO: global_step=19962, episodic_return=-50.2849006652832
2022-11-15 10:52:46,114 - INFO: global_step=20085, episodic_return=-157.8294677734375
2022-11-15 10:52:46,230 - INFO: global_step=20214, episodic_return=-217.34347534179688
2022-11-15 10:52:46,296 - INFO: global_step=20312, episodic_return=-102.11445617675781
2022-11-15 10:52:46,422 - INFO: global_step=20505, episodic_return=-160.38922119140625
2022-11-15 10:52:46,531 - INFO: global_step=20664, episodic_return=-139.68569946289062
2022-11-15 10:52:46,676 - INFO: global_step=20826, episodic_return=-236.6859130859375
2022-11-15 10:52:46,777 - INFO: global_step=20975, episodic_return=-253.2345733642578
2022-11-15 10:52:46,864 - INFO: global_step=21096, episodic_return=-148.35906982421875
2022-11-15 10:52:46,967 - INFO: global_step=21216, episodic_return=-164.23626708984375
2022-11-15 10:52:47,122 - INFO: global_step=21403, episodic_return=-231.98703002929688
2022-11-15 10:52:47,288 - INFO: global_step=21623, episodic_return=-85.20897674560547
2022-11-15 10:52:47,402 - INFO: global_step=21794, episodic_return=-104.2332992553711
2022-11-15 10:52:47,478 - INFO: global_step=21911, episodic_return=-29.355499267578125
2022-11-15 10:52:47,530 - INFO: global_step=21986, episodic_return=-75.27311706542969
2022-11-15 10:52:47,645 - INFO: global_step=22133, episodic_return=-182.19602966308594
2022-11-15 10:52:47,713 - INFO: global_step=22241, episodic_return=9.976203918457031
2022-11-15 10:52:47,781 - INFO: global_step=22358, episodic_return=-93.7435531616211
2022-11-15 10:52:47,916 - INFO: global_step=22566, episodic_return=-248.08502197265625
2022-11-15 10:52:47,978 - INFO: global_step=22670, episodic_return=-54.956932067871094
2022-11-15 10:52:48,096 - INFO: global_step=22840, episodic_return=-42.95112228393555
2022-11-15 10:52:48,222 - INFO: global_step=23012, episodic_return=-44.88536071777344
2022-11-15 10:52:48,308 - INFO: global_step=23152, episodic_return=-229.19091796875
2022-11-15 10:52:48,391 - INFO: global_step=23250, episodic_return=-43.905487060546875
2022-11-15 10:52:48,526 - INFO: global_step=23439, episodic_return=-101.79349517822266
2022-11-15 10:52:48,663 - INFO: global_step=23658, episodic_return=-105.24759674072266
2022-11-15 10:52:48,727 - INFO: global_step=23776, episodic_return=-76.68911743164062
2022-11-15 10:52:48,824 - INFO: global_step=23948, episodic_return=-263.356201171875
2022-11-15 10:52:48,896 - INFO: global_step=24057, episodic_return=-92.82484436035156
2022-11-15 10:52:48,991 - INFO: global_step=24230, episodic_return=-184.7292938232422
2022-11-15 10:52:49,067 - INFO: global_step=24374, episodic_return=-88.39035034179688
2022-11-15 10:52:49,155 - INFO: global_step=24470, episodic_return=-164.32266235351562
2022-11-15 10:52:49,463 - INFO: global_step=24791, episodic_return=-96.03459167480469
2022-11-15 10:52:49,539 - INFO: global_step=24889, episodic_return=12.408821105957031
2022-11-15 10:52:49,632 - INFO: global_step=25018, episodic_return=-140.8113555908203
2022-11-15 10:52:49,775 - INFO: global_step=25200, episodic_return=-111.05300903320312
2022-11-15 10:52:49,872 - INFO: global_step=25309, episodic_return=-88.504638671875
2022-11-15 10:52:49,989 - INFO: global_step=25434, episodic_return=-21.23657989501953
2022-11-15 10:52:50,041 - INFO: global_step=25526, episodic_return=-49.45389938354492
2022-11-15 10:52:50,111 - INFO: global_step=25653, episodic_return=18.47796630859375
2022-11-15 10:52:50,148 - INFO: global_step=25722, episodic_return=-59.54182052612305
2022-11-15 10:52:50,342 - INFO: global_step=25981, episodic_return=-92.5565414428711
2022-11-15 10:52:50,414 - INFO: global_step=26113, episodic_return=-116.62894439697266
2022-11-15 10:52:50,495 - INFO: global_step=26248, episodic_return=-7.693634033203125
2022-11-15 10:52:50,592 - INFO: global_step=26375, episodic_return=-12.040634155273438
2022-11-15 10:52:50,674 - INFO: global_step=26499, episodic_return=-116.71675872802734
2022-11-15 10:52:50,792 - INFO: global_step=26684, episodic_return=-84.33699035644531
2022-11-15 10:52:50,948 - INFO: global_step=26924, episodic_return=-295.7283630371094
2022-11-15 10:52:51,088 - INFO: global_step=27124, episodic_return=-145.92425537109375
2022-11-15 10:52:51,193 - INFO: global_step=27306, episodic_return=-40.78987503051758
2022-11-15 10:52:51,249 - INFO: global_step=27403, episodic_return=-95.74662780761719
2022-11-15 10:52:51,421 - INFO: global_step=27631, episodic_return=-46.09794235229492
2022-11-15 10:52:51,782 - INFO: global_step=28003, episodic_return=-69.2642822265625
2022-11-15 10:52:52,027 - INFO: global_step=28282, episodic_return=-44.381187438964844
2022-11-15 10:52:52,124 - INFO: global_step=28441, episodic_return=16.50591278076172
2022-11-15 10:52:52,545 - INFO: global_step=28878, episodic_return=-116.41783142089844
2022-11-15 10:52:52,664 - INFO: global_step=29054, episodic_return=-3.2550582885742188
2022-11-15 10:52:52,782 - INFO: global_step=29238, episodic_return=-119.21881866455078
2022-11-15 10:52:52,873 - INFO: global_step=29377, episodic_return=-148.17242431640625
2022-11-15 10:52:52,950 - INFO: global_step=29502, episodic_return=-27.21137237548828
2022-11-15 10:52:53,083 - INFO: global_step=29701, episodic_return=10.062126159667969
2022-11-15 10:52:53,830 - INFO: global_step=30429, episodic_return=-235.99478149414062
2022-11-15 10:52:55,050 - INFO: global_step=31429, episodic_return=85.2345962524414
2022-11-15 10:52:56,670 - INFO: global_step=32429, episodic_return=89.49075317382812
2022-11-15 10:52:57,147 - INFO: global_step=32891, episodic_return=224.98504638671875
2022-11-15 10:52:57,315 - INFO: global_step=33124, episodic_return=-35.18351745605469
2022-11-15 10:52:57,417 - INFO: global_step=33303, episodic_return=-46.62302017211914
2022-11-15 10:52:57,500 - INFO: global_step=33452, episodic_return=6.069358825683594
2022-11-15 10:52:57,590 - INFO: global_step=33619, episodic_return=-114.13041687011719
2022-11-15 10:52:57,663 - INFO: global_step=33748, episodic_return=-48.15377426147461
2022-11-15 10:52:57,728 - INFO: global_step=33871, episodic_return=-48.05027770996094
2022-11-15 10:52:57,891 - INFO: global_step=34074, episodic_return=-189.5562744140625
2022-11-15 10:52:58,076 - INFO: global_step=34311, episodic_return=-82.92803192138672
2022-11-15 10:52:58,263 - INFO: global_step=34531, episodic_return=-42.98460006713867
2022-11-15 10:52:58,323 - INFO: global_step=34618, episodic_return=-112.22916412353516
2022-11-15 10:52:58,621 - INFO: global_step=34929, episodic_return=-218.09854125976562
2022-11-15 10:53:00,302 - INFO: global_step=35929, episodic_return=-116.55166625976562
2022-11-15 10:53:00,414 - INFO: global_step=36108, episodic_return=-1.7041015625
2022-11-15 10:53:01,841 - INFO: global_step=37108, episodic_return=108.35448455810547
2022-11-15 10:53:03,352 - INFO: global_step=38026, episodic_return=-243.01535034179688
2022-11-15 10:53:04,899 - INFO: global_step=39026, episodic_return=29.504636764526367
2022-11-15 10:53:05,606 - INFO: global_step=39612, episodic_return=-201.08010864257812
2022-11-15 10:53:07,421 - INFO: global_step=40612, episodic_return=-67.02104187011719
2022-11-15 10:53:07,595 - INFO: global_step=40829, episodic_return=-119.19369506835938
2022-11-15 10:53:09,141 - INFO: global_step=41829, episodic_return=76.97852325439453
2022-11-15 10:53:09,821 - INFO: global_step=42370, episodic_return=-135.945556640625
2022-11-15 10:53:11,993 - INFO: global_step=43370, episodic_return=-163.7584228515625
2022-11-15 10:53:12,334 - INFO: global_step=43698, episodic_return=-80.78739166259766
2022-11-15 10:53:13,950 - INFO: global_step=44698, episodic_return=-99.26954650878906
2022-11-15 10:53:14,632 - INFO: global_step=45221, episodic_return=-113.94676971435547
2022-11-15 10:53:16,258 - INFO: global_step=46172, episodic_return=-246.5130157470703
2022-11-15 10:53:17,506 - INFO: global_step=46940, episodic_return=-242.4112091064453
2022-11-15 10:53:19,419 - INFO: global_step=47940, episodic_return=-84.27410125732422
2022-11-15 10:53:21,077 - INFO: global_step=48940, episodic_return=-80.60453033447266
2022-11-15 10:53:23,151 - INFO: global_step=49940, episodic_return=-77.4053726196289
2022-11-15 10:53:24,833 - INFO: global_step=50940, episodic_return=-116.32510375976562
2022-11-15 10:53:27,270 - INFO: global_step=51940, episodic_return=-118.83076477050781
2022-11-15 10:53:28,855 - INFO: global_step=52940, episodic_return=-122.93720245361328
2022-11-15 10:53:31,446 - INFO: global_step=53940, episodic_return=-124.21304321289062
2022-11-15 10:53:32,922 - INFO: global_step=54940, episodic_return=-101.88249206542969
2022-11-15 10:53:34,517 - INFO: global_step=55940, episodic_return=-150.5545196533203
2022-11-15 10:53:36,165 - INFO: global_step=56940, episodic_return=-155.0782470703125
2022-11-15 10:53:36,637 - INFO: global_step=57238, episodic_return=-22.588272094726562
2022-11-15 10:53:36,870 - INFO: global_step=57478, episodic_return=-130.57131958007812
2022-11-15 10:53:38,777 - INFO: global_step=58478, episodic_return=-87.01779174804688
2022-11-15 10:53:40,657 - INFO: global_step=59478, episodic_return=-102.43641662597656
2022-11-15 10:53:41,191 - INFO: global_step=59945, episodic_return=-198.51039123535156
2022-11-15 10:53:43,362 - INFO: global_step=60945, episodic_return=-68.9681167602539
2022-11-15 10:53:45,670 - INFO: global_step=61945, episodic_return=-86.43620300292969
2022-11-15 10:53:47,339 - INFO: global_step=62945, episodic_return=-44.736515045166016
2022-11-15 10:53:49,044 - INFO: global_step=63945, episodic_return=-82.48680877685547
2022-11-15 10:53:51,147 - INFO: global_step=64945, episodic_return=-74.37254333496094
2022-11-15 10:53:51,496 - INFO: global_step=65277, episodic_return=-470.5296630859375
2022-11-15 10:53:53,176 - INFO: global_step=66277, episodic_return=-92.7127914428711
2022-11-15 10:53:53,780 - INFO: global_step=66821, episodic_return=-545.6369018554688
2022-11-15 10:53:55,291 - INFO: global_step=67644, episodic_return=66.18717956542969
2022-11-15 10:53:57,120 - INFO: global_step=68644, episodic_return=106.04973602294922
2022-11-15 10:53:57,722 - INFO: global_step=69164, episodic_return=-95.25841522216797
2022-11-15 10:53:57,964 - INFO: global_step=69474, episodic_return=245.38844299316406
2022-11-15 10:53:58,252 - INFO: global_step=69776, episodic_return=-50.826560974121094
2022-11-15 10:53:59,007 - INFO: global_step=70288, episodic_return=-73.26123809814453
2022-11-15 10:53:59,312 - INFO: global_step=70513, episodic_return=-7.81536865234375
2022-11-15 10:54:00,285 - INFO: global_step=71084, episodic_return=-146.0758819580078
2022-11-15 10:54:03,669 - INFO: global_step=72056, episodic_return=126.20909881591797
2022-11-15 10:54:04,620 - INFO: global_step=72611, episodic_return=168.96139526367188
2022-11-15 10:54:06,517 - INFO: global_step=73507, episodic_return=167.46450805664062
2022-11-15 10:54:08,262 - INFO: global_step=74506, episodic_return=147.84298706054688
2022-11-15 10:54:09,555 - INFO: global_step=75506, episodic_return=-35.469966888427734
2022-11-15 10:54:09,722 - INFO: global_step=75696, episodic_return=39.06806945800781
2022-11-15 10:54:09,941 - INFO: global_step=75952, episodic_return=245.99435424804688
2022-11-15 10:54:10,488 - INFO: global_step=76426, episodic_return=147.8075714111328
2022-11-15 10:54:10,684 - INFO: global_step=76634, episodic_return=16.277244567871094
2022-11-15 10:54:12,550 - INFO: global_step=77634, episodic_return=-7.634212970733643
2022-11-15 10:54:12,815 - INFO: global_step=77904, episodic_return=6.170478820800781
2022-11-15 10:54:14,121 - INFO: global_step=78716, episodic_return=-147.26663208007812
2022-11-15 10:54:15,797 - INFO: global_step=79716, episodic_return=-27.849071502685547
2022-11-15 10:54:15,942 - INFO: global_step=79906, episodic_return=15.883903503417969
2022-11-15 10:54:17,784 - INFO: global_step=80906, episodic_return=19.241788864135742
2022-11-15 10:54:19,612 - INFO: global_step=81906, episodic_return=-78.34898376464844
2022-11-15 10:54:22,076 - INFO: global_step=82906, episodic_return=-44.175655364990234
2022-11-15 10:54:24,053 - INFO: global_step=83906, episodic_return=-85.93019104003906
2022-11-15 10:54:26,368 - INFO: global_step=84906, episodic_return=-81.88571166992188
2022-11-15 10:54:28,652 - INFO: global_step=85906, episodic_return=-41.06343460083008
2022-11-15 10:54:30,588 - INFO: global_step=86906, episodic_return=-53.908111572265625
2022-11-15 10:54:32,191 - INFO: global_step=87906, episodic_return=-49.23002243041992
2022-11-15 10:54:33,700 - INFO: global_step=88906, episodic_return=4.597929954528809
2022-11-15 10:54:35,619 - INFO: global_step=89906, episodic_return=-95.58939361572266
2022-11-15 10:54:37,291 - INFO: global_step=90906, episodic_return=-118.2760009765625
2022-11-15 10:54:39,385 - INFO: global_step=91906, episodic_return=-63.87177658081055
2022-11-15 10:54:41,094 - INFO: global_step=92906, episodic_return=-112.9625015258789
2022-11-15 10:54:42,728 - INFO: global_step=93906, episodic_return=-105.68745422363281
2022-11-15 10:54:44,159 - INFO: global_step=94906, episodic_return=-118.44187927246094
2022-11-15 10:54:45,676 - INFO: global_step=95906, episodic_return=-57.46541213989258
2022-11-15 10:54:47,522 - INFO: global_step=96906, episodic_return=-113.97237396240234
2022-11-15 10:54:49,086 - INFO: global_step=97906, episodic_return=-119.98332977294922
2022-11-15 10:54:50,559 - INFO: global_step=98906, episodic_return=-106.43234252929688
2022-11-15 10:54:52,007 - INFO: global_step=99906, episodic_return=-70.0345458984375
2022-11-15 10:54:53,528 - INFO: global_step=100906, episodic_return=-60.70600128173828
2022-11-15 10:54:54,932 - INFO: global_step=101906, episodic_return=-82.6369400024414
2022-11-15 10:54:57,196 - INFO: global_step=102906, episodic_return=-59.175716400146484
2022-11-15 10:54:58,905 - INFO: global_step=103906, episodic_return=-7.252803802490234
2022-11-15 10:55:00,514 - INFO: global_step=104906, episodic_return=-50.7077751159668
2022-11-15 10:55:01,868 - INFO: global_step=105906, episodic_return=-20.844877243041992
2022-11-15 10:55:03,749 - INFO: global_step=106906, episodic_return=-83.7651138305664
2022-11-15 10:55:05,614 - INFO: global_step=107906, episodic_return=-74.2978515625
2022-11-15 10:55:07,812 - INFO: global_step=108906, episodic_return=21.514196395874023
2022-11-15 10:55:09,547 - INFO: global_step=109906, episodic_return=-30.79114532470703
2022-11-15 10:55:10,667 - INFO: global_step=110774, episodic_return=103.22101593017578
2022-11-15 10:55:12,105 - INFO: global_step=111774, episodic_return=-36.16373062133789
2022-11-15 10:55:12,260 - INFO: global_step=111937, episodic_return=-99.821533203125
2022-11-15 10:55:12,470 - INFO: global_step=112148, episodic_return=-113.67903137207031
2022-11-15 10:55:12,754 - INFO: global_step=112404, episodic_return=-114.05693054199219
2022-11-15 10:55:12,915 - INFO: global_step=112610, episodic_return=-101.27333068847656
2022-11-15 10:55:13,187 - INFO: global_step=112905, episodic_return=-144.47317504882812
2022-11-15 10:55:13,271 - INFO: global_step=113029, episodic_return=-111.35264587402344
2022-11-15 10:55:13,615 - INFO: global_step=113371, episodic_return=-144.636962890625
2022-11-15 10:55:13,730 - INFO: global_step=113522, episodic_return=-92.26615142822266
2022-11-15 10:55:15,294 - INFO: global_step=114522, episodic_return=-31.363842010498047
2022-11-15 10:55:17,383 - INFO: global_step=115522, episodic_return=-71.46932220458984
2022-11-15 10:55:19,572 - INFO: global_step=116522, episodic_return=3.423412561416626
2022-11-15 10:55:21,693 - INFO: global_step=117522, episodic_return=-3.5976767539978027
2022-11-15 10:55:23,833 - INFO: global_step=118522, episodic_return=-63.92597198486328
2022-11-15 10:55:25,510 - INFO: global_step=119522, episodic_return=-87.31846618652344
2022-11-15 10:55:26,954 - INFO: global_step=120522, episodic_return=-51.003684997558594
2022-11-15 10:55:28,025 - INFO: global_step=121228, episodic_return=-168.55645751953125
2022-11-15 10:55:29,142 - INFO: global_step=122228, episodic_return=-67.71085357666016
2022-11-15 10:55:30,280 - INFO: global_step=123228, episodic_return=-87.8034896850586
2022-11-15 10:55:32,224 - INFO: global_step=124228, episodic_return=-101.0915298461914
2022-11-15 10:55:33,490 - INFO: global_step=124665, episodic_return=180.08970642089844
2022-11-15 10:55:35,062 - INFO: global_step=125665, episodic_return=-40.517635345458984
2022-11-15 10:55:37,203 - INFO: global_step=126665, episodic_return=-116.51924896240234
2022-11-15 10:55:38,794 - INFO: global_step=127665, episodic_return=-91.94410705566406
2022-11-15 10:55:40,453 - INFO: global_step=128628, episodic_return=-223.174560546875
2022-11-15 10:55:42,253 - INFO: global_step=129628, episodic_return=-56.60305404663086
2022-11-15 10:55:44,314 - INFO: global_step=130628, episodic_return=-69.27194213867188
2022-11-15 10:55:45,760 - INFO: global_step=131628, episodic_return=-88.15735626220703
2022-11-15 10:55:47,166 - INFO: global_step=132628, episodic_return=-46.21818161010742
2022-11-15 10:55:48,755 - INFO: global_step=133396, episodic_return=160.05099487304688
2022-11-15 10:55:50,680 - INFO: global_step=134396, episodic_return=-64.03849029541016
2022-11-15 10:55:50,877 - INFO: global_step=134630, episodic_return=-253.80650329589844
2022-11-15 10:55:51,028 - INFO: global_step=134813, episodic_return=-242.8621368408203
2022-11-15 10:55:51,165 - INFO: global_step=134986, episodic_return=-159.15185546875
2022-11-15 10:55:51,463 - INFO: global_step=135323, episodic_return=-79.03372955322266
2022-11-15 10:55:51,979 - INFO: global_step=135749, episodic_return=278.2389221191406
2022-11-15 10:55:52,413 - INFO: global_step=136218, episodic_return=248.19717407226562
2022-11-15 10:55:53,806 - INFO: global_step=137218, episodic_return=-61.38724899291992
2022-11-15 10:55:55,345 - INFO: global_step=138218, episodic_return=-62.80763626098633
2022-11-15 10:55:57,177 - INFO: global_step=139218, episodic_return=-84.03590393066406
2022-11-15 10:55:59,080 - INFO: global_step=140218, episodic_return=-81.0086441040039
2022-11-15 10:55:59,317 - INFO: global_step=140473, episodic_return=15.587379455566406
2022-11-15 10:56:01,101 - INFO: global_step=141473, episodic_return=-82.01868438720703
2022-11-15 10:56:02,573 - INFO: global_step=142473, episodic_return=-29.176687240600586
2022-11-15 10:56:04,707 - INFO: global_step=143473, episodic_return=-77.92169189453125
2022-11-15 10:56:06,232 - INFO: global_step=144473, episodic_return=13.322052955627441
2022-11-15 10:56:07,690 - INFO: global_step=145473, episodic_return=-125.27196502685547
2022-11-15 10:56:09,664 - INFO: global_step=146473, episodic_return=-117.5216293334961
2022-11-15 10:56:11,144 - INFO: global_step=147473, episodic_return=-82.22827911376953
2022-11-15 10:56:13,257 - INFO: global_step=148473, episodic_return=-85.73355865478516
2022-11-15 10:56:15,472 - INFO: global_step=149473, episodic_return=-61.83489990234375
2022-11-15 10:56:17,960 - INFO: global_step=150473, episodic_return=-122.05519104003906
2022-11-15 10:56:19,401 - INFO: global_step=151473, episodic_return=-107.9214096069336
2022-11-15 10:56:20,945 - INFO: global_step=152473, episodic_return=-96.28809356689453
2022-11-15 10:56:22,564 - INFO: global_step=153473, episodic_return=-89.3459701538086
2022-11-15 10:56:24,408 - INFO: global_step=154473, episodic_return=-69.40492248535156
2022-11-15 10:56:25,924 - INFO: global_step=155473, episodic_return=-81.74894714355469
2022-11-15 10:56:27,979 - INFO: global_step=156473, episodic_return=-92.2701187133789
2022-11-15 10:56:29,822 - INFO: global_step=157473, episodic_return=-91.38530731201172
2022-11-15 10:56:31,565 - INFO: global_step=158473, episodic_return=-77.20339965820312
2022-11-15 10:56:33,916 - INFO: global_step=159473, episodic_return=-84.26206970214844
2022-11-15 10:56:35,523 - INFO: global_step=160473, episodic_return=-70.75421905517578
2022-11-15 10:56:37,167 - INFO: global_step=161473, episodic_return=-74.34459686279297
2022-11-15 10:56:38,842 - INFO: global_step=162473, episodic_return=-54.909217834472656
2022-11-15 10:56:38,986 - INFO: global_step=162623, episodic_return=-68.8516616821289
2022-11-15 10:56:41,462 - INFO: global_step=163623, episodic_return=-79.36654663085938
2022-11-15 10:56:41,807 - INFO: global_step=163924, episodic_return=-128.74496459960938
2022-11-15 10:56:43,731 - INFO: global_step=164924, episodic_return=-78.8896713256836
2022-11-15 10:56:45,932 - INFO: global_step=165924, episodic_return=-30.428667068481445
2022-11-15 10:56:46,255 - INFO: global_step=166248, episodic_return=-131.59629821777344
2022-11-15 10:56:47,635 - INFO: global_step=167248, episodic_return=-77.99422454833984
2022-11-15 10:56:47,796 - INFO: global_step=167394, episodic_return=-101.4922103881836
2022-11-15 10:56:49,562 - INFO: global_step=168394, episodic_return=-14.65823745727539
2022-11-15 10:56:51,171 - INFO: global_step=169394, episodic_return=-83.13898468017578
2022-11-15 10:56:52,789 - INFO: global_step=170394, episodic_return=-36.270225524902344
2022-11-15 10:56:54,669 - INFO: global_step=171394, episodic_return=-128.5126953125
2022-11-15 10:56:54,805 - INFO: global_step=171573, episodic_return=-59.06020736694336
2022-11-15 10:56:56,239 - INFO: global_step=172573, episodic_return=-66.40682220458984
2022-11-15 10:56:57,853 - INFO: global_step=173573, episodic_return=-122.73261260986328
2022-11-15 10:56:59,352 - INFO: global_step=174573, episodic_return=-76.961181640625
2022-11-15 10:57:01,264 - INFO: global_step=175573, episodic_return=-57.9750862121582
2022-11-15 10:57:03,171 - INFO: global_step=176573, episodic_return=-56.08730697631836
2022-11-15 10:57:05,764 - INFO: global_step=177573, episodic_return=-111.20658874511719
2022-11-15 10:57:07,707 - INFO: global_step=178573, episodic_return=-108.54631042480469
2022-11-15 10:57:09,536 - INFO: global_step=179573, episodic_return=-131.75204467773438
2022-11-15 10:57:11,408 - INFO: global_step=180573, episodic_return=-107.1316146850586
2022-11-15 10:57:12,966 - INFO: global_step=181573, episodic_return=-61.37788391113281
2022-11-15 10:57:14,382 - INFO: global_step=182573, episodic_return=-93.56256103515625
2022-11-15 10:57:16,093 - INFO: global_step=183573, episodic_return=-90.65045928955078
2022-11-15 10:57:17,888 - INFO: global_step=184573, episodic_return=-113.40203857421875
2022-11-15 10:57:19,378 - INFO: global_step=185573, episodic_return=-59.96053695678711
2022-11-15 10:57:21,333 - INFO: global_step=186573, episodic_return=-97.54767608642578
2022-11-15 10:57:22,940 - INFO: global_step=187573, episodic_return=-78.49897003173828
2022-11-15 10:57:24,342 - INFO: global_step=188573, episodic_return=-50.301910400390625
2022-11-15 10:57:26,921 - INFO: global_step=189573, episodic_return=-111.5863037109375
2022-11-15 10:57:28,411 - INFO: global_step=190573, episodic_return=-22.282310485839844
2022-11-15 10:57:28,510 - INFO: global_step=190708, episodic_return=-256.76361083984375
2022-11-15 10:57:28,923 - INFO: global_step=191081, episodic_return=-319.0145263671875
2022-11-15 10:57:30,873 - INFO: global_step=192081, episodic_return=-99.23632049560547
2022-11-15 10:57:32,143 - INFO: global_step=192881, episodic_return=-180.11007690429688
2022-11-15 10:57:33,526 - INFO: global_step=193881, episodic_return=-103.60087585449219
2022-11-15 10:57:33,877 - INFO: global_step=194287, episodic_return=-281.32952880859375
2022-11-15 10:57:34,126 - INFO: global_step=194595, episodic_return=-192.75039672851562
2022-11-15 10:57:34,258 - INFO: global_step=194789, episodic_return=-362.7024841308594
2022-11-15 10:57:34,956 - INFO: global_step=195445, episodic_return=-98.5165786743164
2022-11-15 10:57:35,246 - INFO: global_step=195802, episodic_return=-157.80160522460938
2022-11-15 10:57:36,383 - INFO: global_step=196668, episodic_return=-202.81478881835938
2022-11-15 10:57:38,935 - INFO: global_step=197668, episodic_return=-138.31134033203125
2022-11-15 10:57:40,534 - INFO: global_step=198668, episodic_return=-87.53527069091797
2022-11-15 10:57:42,293 - INFO: global_step=199668, episodic_return=-162.85595703125
2022-11-15 10:57:42,392 - INFO: global_step=199801, episodic_return=-514.4319458007812
2022-11-15 10:57:44,127 - INFO: global_step=200801, episodic_return=-89.59284210205078
2022-11-15 10:57:45,978 - INFO: global_step=201801, episodic_return=-110.29254913330078
2022-11-15 10:57:47,210 - INFO: global_step=202801, episodic_return=-99.30217742919922
2022-11-15 10:57:47,355 - INFO: global_step=202985, episodic_return=-289.90020751953125
2022-11-15 10:57:48,921 - INFO: global_step=203985, episodic_return=-175.05226135253906
2022-11-15 10:57:50,944 - INFO: global_step=204985, episodic_return=-167.0365753173828
2022-11-15 10:57:51,794 - INFO: global_step=205687, episodic_return=-201.64376831054688
2022-11-15 10:57:52,420 - INFO: global_step=206194, episodic_return=-165.57315063476562
2022-11-15 10:57:53,235 - INFO: global_step=206766, episodic_return=-154.14962768554688
2022-11-15 10:57:55,018 - INFO: global_step=207766, episodic_return=-69.63607788085938
2022-11-15 10:57:56,563 - INFO: global_step=208766, episodic_return=-155.0711669921875
2022-11-15 10:57:57,815 - INFO: global_step=209766, episodic_return=-114.10212707519531
2022-11-15 10:57:59,271 - INFO: global_step=210766, episodic_return=-79.60299682617188
2022-11-15 10:58:00,741 - INFO: global_step=211766, episodic_return=-120.18273162841797
2022-11-15 10:58:02,227 - INFO: global_step=212766, episodic_return=-112.80143737792969
2022-11-15 10:58:04,198 - INFO: global_step=213766, episodic_return=-91.83084106445312
2022-11-15 10:58:05,659 - INFO: global_step=214766, episodic_return=-98.12992095947266
2022-11-15 10:58:07,268 - INFO: global_step=215766, episodic_return=-76.51618957519531
2022-11-15 10:58:08,762 - INFO: global_step=216766, episodic_return=-66.58629608154297
2022-11-15 10:58:10,707 - INFO: global_step=217766, episodic_return=-77.32056427001953
2022-11-15 10:58:12,804 - INFO: global_step=218766, episodic_return=-113.29684448242188
2022-11-15 10:58:14,246 - INFO: global_step=219766, episodic_return=-47.22474670410156
2022-11-15 10:58:15,749 - INFO: global_step=220766, episodic_return=-52.00543975830078
2022-11-15 10:58:17,437 - INFO: global_step=221766, episodic_return=-65.92530822753906
2022-11-15 10:58:18,959 - INFO: global_step=222766, episodic_return=-23.249610900878906
2022-11-15 10:58:21,005 - INFO: global_step=223766, episodic_return=-107.2579574584961
2022-11-15 10:58:22,704 - INFO: global_step=224766, episodic_return=-40.567115783691406
2022-11-15 10:58:23,914 - INFO: global_step=225766, episodic_return=3.163768768310547
2022-11-15 10:58:25,483 - INFO: global_step=226766, episodic_return=-3.831582546234131
2022-11-15 10:58:26,894 - INFO: global_step=227766, episodic_return=-9.550127983093262
2022-11-15 10:58:28,572 - INFO: global_step=228766, episodic_return=-32.73465347290039
2022-11-15 10:58:29,908 - INFO: global_step=229766, episodic_return=-58.21017837524414
2022-11-15 10:58:31,727 - INFO: global_step=230766, episodic_return=6.0379133224487305
2022-11-15 10:58:34,252 - INFO: global_step=231766, episodic_return=-10.384931564331055
2022-11-15 10:58:35,617 - INFO: global_step=232766, episodic_return=9.61650276184082
2022-11-15 10:58:37,069 - INFO: global_step=233766, episodic_return=-25.808961868286133
2022-11-15 10:58:38,932 - INFO: global_step=234766, episodic_return=-2.4400522708892822
2022-11-15 10:58:40,476 - INFO: global_step=235766, episodic_return=-46.3198356628418
2022-11-15 10:58:41,920 - INFO: global_step=236766, episodic_return=-15.173148155212402
2022-11-15 10:58:43,794 - INFO: global_step=237766, episodic_return=-5.716221332550049
2022-11-15 10:58:45,660 - INFO: global_step=238766, episodic_return=-9.537948608398438
2022-11-15 10:58:47,074 - INFO: global_step=239766, episodic_return=-52.09855270385742
2022-11-15 10:58:48,390 - INFO: global_step=240766, episodic_return=3.7453560829162598
2022-11-15 10:58:50,366 - INFO: global_step=241766, episodic_return=-37.84577560424805
2022-11-15 10:58:52,453 - INFO: global_step=242766, episodic_return=-45.10729217529297
2022-11-15 10:58:53,846 - INFO: global_step=243766, episodic_return=8.428912162780762
2022-11-15 10:58:56,230 - INFO: global_step=244766, episodic_return=-16.324769973754883
2022-11-15 10:58:58,118 - INFO: global_step=245766, episodic_return=-34.04140853881836
2022-11-15 10:58:59,735 - INFO: global_step=246740, episodic_return=118.7316665649414
2022-11-15 10:59:01,911 - INFO: global_step=247740, episodic_return=-13.226773262023926
2022-11-15 10:59:03,673 - INFO: global_step=248706, episodic_return=137.54013061523438
2022-11-15 10:59:05,420 - INFO: global_step=249706, episodic_return=-73.96282196044922
2022-11-15 10:59:06,641 - INFO: global_step=250706, episodic_return=-78.78196716308594
2022-11-15 10:59:08,499 - INFO: global_step=251706, episodic_return=-69.13983154296875
2022-11-15 10:59:10,580 - INFO: global_step=252706, episodic_return=-48.91341781616211
2022-11-15 10:59:11,797 - INFO: global_step=253706, episodic_return=-27.25571060180664
2022-11-15 10:59:13,242 - INFO: global_step=254706, episodic_return=-97.1180191040039
2022-11-15 10:59:15,052 - INFO: global_step=255706, episodic_return=-50.070533752441406
2022-11-15 10:59:17,458 - INFO: global_step=256706, episodic_return=-82.70639038085938
2022-11-15 10:59:18,790 - INFO: global_step=257706, episodic_return=-25.388948440551758
2022-11-15 10:59:20,614 - INFO: global_step=258706, episodic_return=-25.772186279296875
2022-11-15 10:59:22,252 - INFO: global_step=259706, episodic_return=7.482363700866699
2022-11-15 10:59:24,075 - INFO: global_step=260706, episodic_return=-43.23183059692383
2022-11-15 10:59:25,760 - INFO: global_step=261706, episodic_return=-23.782779693603516
2022-11-15 10:59:28,256 - INFO: global_step=262706, episodic_return=-59.91126251220703
2022-11-15 10:59:29,653 - INFO: global_step=263706, episodic_return=11.37844181060791
2022-11-15 10:59:30,968 - INFO: global_step=264706, episodic_return=-7.905757427215576
2022-11-15 10:59:32,193 - INFO: global_step=265706, episodic_return=-67.22440338134766
2022-11-15 10:59:33,968 - INFO: global_step=266706, episodic_return=-22.405574798583984
2022-11-15 10:59:34,688 - INFO: global_step=267250, episodic_return=188.13633728027344
2022-11-15 10:59:35,819 - INFO: global_step=268156, episodic_return=-128.34877014160156
2022-11-15 10:59:36,467 - INFO: global_step=268799, episodic_return=-149.48439025878906
2022-11-15 10:59:37,920 - INFO: global_step=269799, episodic_return=-59.9029426574707
2022-11-15 10:59:38,330 - INFO: global_step=270167, episodic_return=-103.67060852050781
2022-11-15 10:59:38,690 - INFO: global_step=270507, episodic_return=-124.23963165283203
2022-11-15 10:59:39,635 - INFO: global_step=271187, episodic_return=-195.32720947265625
2022-11-15 10:59:39,717 - INFO: global_step=271323, episodic_return=-24.204177856445312
2022-11-15 10:59:41,036 - INFO: global_step=272323, episodic_return=-87.82775115966797
2022-11-15 10:59:42,465 - INFO: global_step=273323, episodic_return=-48.298397064208984
2022-11-15 10:59:44,492 - INFO: global_step=274260, episodic_return=62.75762939453125
2022-11-15 10:59:46,452 - INFO: global_step=275260, episodic_return=-14.851441383361816
2022-11-15 10:59:47,925 - INFO: global_step=276260, episodic_return=-73.79106903076172
2022-11-15 10:59:49,908 - INFO: global_step=277260, episodic_return=-52.415977478027344
2022-11-15 10:59:51,674 - INFO: global_step=278260, episodic_return=-47.423561096191406
2022-11-15 10:59:53,479 - INFO: global_step=279260, episodic_return=-47.61015319824219
2022-11-15 10:59:55,410 - INFO: global_step=280260, episodic_return=-43.42579650878906
2022-11-15 10:59:56,892 - INFO: global_step=281260, episodic_return=-24.5821533203125
2022-11-15 10:59:58,431 - INFO: global_step=282260, episodic_return=6.215167999267578
2022-11-15 10:59:59,953 - INFO: global_step=283260, episodic_return=-29.388450622558594
2022-11-15 11:00:01,269 - INFO: global_step=284260, episodic_return=-70.21880340576172
2022-11-15 11:00:02,992 - INFO: global_step=285260, episodic_return=-46.15716552734375
2022-11-15 11:00:06,010 - INFO: global_step=286260, episodic_return=-48.05698013305664
2022-11-15 11:00:08,336 - INFO: global_step=287260, episodic_return=-62.85260772705078
2022-11-15 11:00:10,528 - INFO: global_step=288260, episodic_return=-86.83385467529297
2022-11-15 11:00:12,461 - INFO: global_step=289260, episodic_return=-41.20380401611328
2022-11-15 11:00:14,324 - INFO: global_step=290260, episodic_return=-40.35795593261719
2022-11-15 11:00:15,487 - INFO: global_step=291260, episodic_return=3.2036478519439697
2022-11-15 11:00:16,784 - INFO: global_step=292146, episodic_return=117.4935302734375
2022-11-15 11:00:18,106 - INFO: global_step=293146, episodic_return=-33.11859130859375
2022-11-15 11:00:19,319 - INFO: global_step=294064, episodic_return=126.9737548828125
2022-11-15 11:00:19,427 - INFO: global_step=294220, episodic_return=-61.29475784301758
2022-11-15 11:00:20,891 - INFO: global_step=295110, episodic_return=170.21072387695312
2022-11-15 11:00:21,668 - INFO: global_step=295776, episodic_return=248.9264678955078
2022-11-15 11:00:22,085 - INFO: global_step=296199, episodic_return=-23.75286102294922
2022-11-15 11:00:22,476 - INFO: global_step=296577, episodic_return=290.1806640625
2022-11-15 11:00:22,807 - INFO: global_step=296984, episodic_return=278.305419921875
2022-11-15 11:00:23,287 - INFO: global_step=297445, episodic_return=217.30116271972656
2022-11-15 11:00:24,244 - INFO: global_step=298103, episodic_return=265.34222412109375
2022-11-15 11:00:24,856 - INFO: global_step=298499, episodic_return=223.85105895996094
2022-11-15 11:00:25,322 - INFO: global_step=298939, episodic_return=240.4844207763672
2022-11-15 11:00:25,715 - INFO: global_step=299363, episodic_return=269.99029541015625
2022-11-15 11:00:26,922 - INFO: global_step=300017, episodic_return=136.1334228515625
2022-11-15 11:00:27,105 - INFO: global_step=300250, episodic_return=-37.67937088012695
2022-11-15 11:00:27,357 - INFO: global_step=300544, episodic_return=287.03009033203125
2022-11-15 11:00:29,124 - INFO: global_step=301544, episodic_return=-64.61322021484375
2022-11-15 11:00:30,725 - INFO: global_step=302544, episodic_return=-73.2173843383789
2022-11-15 11:00:31,595 - INFO: global_step=303259, episodic_return=228.06167602539062
2022-11-15 11:00:33,235 - INFO: global_step=304211, episodic_return=150.36602783203125
2022-11-15 11:00:34,480 - INFO: global_step=305211, episodic_return=-17.670438766479492
2022-11-15 11:00:34,759 - INFO: global_step=305536, episodic_return=-30.284423828125
2022-11-15 11:00:34,965 - INFO: global_step=305776, episodic_return=-4.386512756347656
2022-11-15 11:00:35,473 - INFO: global_step=306251, episodic_return=192.784912109375
2022-11-15 11:00:35,702 - INFO: global_step=306542, episodic_return=-95.83016204833984
2022-11-15 11:00:37,164 - INFO: global_step=307542, episodic_return=-66.92726135253906
2022-11-15 11:00:38,657 - INFO: global_step=308542, episodic_return=-39.79386901855469
2022-11-15 11:00:40,540 - INFO: global_step=309542, episodic_return=-21.123950958251953
2022-11-15 11:00:41,286 - INFO: global_step=310228, episodic_return=-231.91473388671875
2022-11-15 11:00:41,676 - INFO: global_step=310664, episodic_return=-192.04281616210938
2022-11-15 11:00:41,885 - INFO: global_step=310934, episodic_return=-159.45582580566406
2022-11-15 11:00:43,738 - INFO: global_step=311926, episodic_return=-212.1630096435547
2022-11-15 11:00:45,308 - INFO: global_step=312926, episodic_return=-87.87444305419922
2022-11-15 11:00:45,454 - INFO: global_step=313144, episodic_return=-102.34747314453125
2022-11-15 11:00:47,224 - INFO: global_step=314144, episodic_return=-59.56782531738281
2022-11-15 11:00:48,691 - INFO: global_step=315144, episodic_return=-73.28468322753906
2022-11-15 11:00:51,098 - INFO: global_step=316144, episodic_return=-11.983177185058594
2022-11-15 11:00:52,480 - INFO: global_step=317144, episodic_return=-15.18696403503418
2022-11-15 11:00:54,224 - INFO: global_step=318144, episodic_return=50.166744232177734
2022-11-15 11:00:55,594 - INFO: global_step=319144, episodic_return=-62.912384033203125
2022-11-15 11:00:57,439 - INFO: global_step=320144, episodic_return=20.00581932067871
2022-11-15 11:00:58,281 - INFO: global_step=320808, episodic_return=184.1941375732422
2022-11-15 11:00:59,072 - INFO: global_step=321435, episodic_return=162.10972595214844
2022-11-15 11:00:59,463 - INFO: global_step=321895, episodic_return=11.157386779785156
2022-11-15 11:01:00,898 - INFO: global_step=322895, episodic_return=-87.93466186523438
2022-11-15 11:01:02,431 - INFO: global_step=323895, episodic_return=-74.36002349853516
2022-11-15 11:01:02,528 - INFO: global_step=324058, episodic_return=-78.84552001953125
2022-11-15 11:01:03,962 - INFO: global_step=325058, episodic_return=-40.487709045410156
2022-11-15 11:01:05,192 - INFO: global_step=325950, episodic_return=109.44953918457031
2022-11-15 11:01:06,794 - INFO: global_step=326950, episodic_return=75.98515319824219
2022-11-15 11:01:07,557 - INFO: global_step=327604, episodic_return=184.12240600585938
2022-11-15 11:01:10,165 - INFO: global_step=328604, episodic_return=79.94474029541016
2022-11-15 11:01:12,292 - INFO: global_step=329604, episodic_return=64.4670639038086
2022-11-15 11:01:14,237 - INFO: global_step=330599, episodic_return=161.65060424804688
2022-11-15 11:01:15,205 - INFO: global_step=331351, episodic_return=-80.82408142089844
2022-11-15 11:01:16,028 - INFO: global_step=331966, episodic_return=215.54263305664062
2022-11-15 11:01:16,846 - INFO: global_step=332543, episodic_return=244.92013549804688
2022-11-15 11:01:17,331 - INFO: global_step=333002, episodic_return=225.0182342529297
2022-11-15 11:01:17,687 - INFO: global_step=333403, episodic_return=221.88687133789062
2022-11-15 11:01:18,020 - INFO: global_step=333779, episodic_return=219.23785400390625
2022-11-15 11:01:18,091 - INFO: global_step=333899, episodic_return=-84.71977996826172
2022-11-15 11:01:18,171 - INFO: global_step=334020, episodic_return=-91.397216796875
2022-11-15 11:01:18,673 - INFO: global_step=334558, episodic_return=192.17733764648438
2022-11-15 11:01:18,795 - INFO: global_step=334743, episodic_return=-112.22160339355469
2022-11-15 11:01:18,928 - INFO: global_step=334929, episodic_return=-111.69957733154297
2022-11-15 11:01:19,646 - INFO: global_step=335535, episodic_return=216.56253051757812
2022-11-15 11:01:19,745 - INFO: global_step=335701, episodic_return=-23.2454833984375
2022-11-15 11:01:20,656 - INFO: global_step=336400, episodic_return=214.26930236816406
2022-11-15 11:01:21,578 - INFO: global_step=337142, episodic_return=81.3759536743164
2022-11-15 11:01:21,772 - INFO: global_step=337366, episodic_return=-98.21369934082031
2022-11-15 11:01:21,938 - INFO: global_step=337564, episodic_return=-121.99984741210938
2022-11-15 11:01:22,008 - INFO: global_step=337685, episodic_return=-113.10504913330078
2022-11-15 11:01:22,076 - INFO: global_step=337801, episodic_return=-83.42881774902344
2022-11-15 11:01:22,144 - INFO: global_step=337923, episodic_return=-157.29527282714844
2022-11-15 11:01:22,250 - INFO: global_step=338094, episodic_return=-188.98492431640625
2022-11-15 11:01:23,705 - INFO: global_step=339094, episodic_return=-127.76002502441406
2022-11-15 11:01:25,130 - INFO: global_step=340094, episodic_return=-87.0959701538086
2022-11-15 11:01:26,713 - INFO: global_step=341094, episodic_return=-80.47013092041016
2022-11-15 11:01:28,642 - INFO: global_step=342094, episodic_return=-106.37201690673828
2022-11-15 11:01:30,329 - INFO: global_step=343094, episodic_return=-102.44732666015625
2022-11-15 11:01:32,328 - INFO: global_step=344094, episodic_return=-87.45683288574219
2022-11-15 11:01:34,220 - INFO: global_step=345094, episodic_return=-54.51139831542969
2022-11-15 11:01:36,527 - INFO: global_step=346094, episodic_return=-53.954227447509766
2022-11-15 11:01:37,883 - INFO: global_step=347094, episodic_return=-36.01393127441406
2022-11-15 11:01:39,768 - INFO: global_step=348094, episodic_return=-30.498920440673828
2022-11-15 11:01:41,052 - INFO: global_step=349094, episodic_return=-38.80864334106445
2022-11-15 11:01:42,487 - INFO: global_step=350094, episodic_return=-40.47043991088867
2022-11-15 11:01:44,211 - INFO: global_step=351094, episodic_return=-20.43387794494629
2022-11-15 11:01:45,936 - INFO: global_step=352094, episodic_return=66.548828125
2022-11-15 11:01:47,439 - INFO: global_step=353090, episodic_return=133.12789916992188
2022-11-15 11:01:49,353 - INFO: global_step=353984, episodic_return=104.35841369628906
2022-11-15 11:01:50,782 - INFO: global_step=354887, episodic_return=-173.3712921142578
2022-11-15 11:01:51,090 - INFO: global_step=355205, episodic_return=26.19744110107422
2022-11-15 11:01:51,247 - INFO: global_step=355393, episodic_return=33.390411376953125
2022-11-15 11:01:52,319 - INFO: global_step=356095, episodic_return=190.41073608398438
2022-11-15 11:01:53,649 - INFO: global_step=357095, episodic_return=-40.03786849975586
2022-11-15 11:01:54,734 - INFO: global_step=357829, episodic_return=201.18856811523438
2022-11-15 11:01:55,987 - INFO: global_step=358648, episodic_return=125.88337707519531
2022-11-15 11:01:57,780 - INFO: global_step=359648, episodic_return=38.5008659362793
2022-11-15 11:01:58,587 - INFO: global_step=360228, episodic_return=223.06597900390625
2022-11-15 11:01:59,179 - INFO: global_step=360775, episodic_return=-98.77176666259766
2022-11-15 11:02:00,872 - INFO: global_step=361775, episodic_return=-75.79813385009766
2022-11-15 11:02:01,189 - INFO: global_step=362140, episodic_return=243.9147186279297
2022-11-15 11:02:02,323 - INFO: global_step=362788, episodic_return=143.67196655273438
2022-11-15 11:02:03,602 - INFO: global_step=363686, episodic_return=54.188331604003906
2022-11-15 11:02:03,957 - INFO: global_step=364045, episodic_return=272.682373046875
2022-11-15 11:02:05,754 - INFO: global_step=365045, episodic_return=-11.744219779968262
2022-11-15 11:02:06,318 - INFO: global_step=365526, episodic_return=209.84239196777344
2022-11-15 11:02:06,654 - INFO: global_step=365900, episodic_return=234.16751098632812
2022-11-15 11:02:06,742 - INFO: global_step=366048, episodic_return=-33.75767517089844
2022-11-15 11:02:07,006 - INFO: global_step=366380, episodic_return=272.23358154296875
2022-11-15 11:02:07,095 - INFO: global_step=366522, episodic_return=12.794486999511719
2022-11-15 11:02:07,553 - INFO: global_step=366946, episodic_return=246.44369506835938
2022-11-15 11:02:07,869 - INFO: global_step=367311, episodic_return=229.4033203125
2022-11-15 11:02:08,045 - INFO: global_step=367557, episodic_return=303.6819763183594
2022-11-15 11:02:08,725 - INFO: global_step=368180, episodic_return=-141.407958984375
2022-11-15 11:02:08,818 - INFO: global_step=368328, episodic_return=42.76530456542969
2022-11-15 11:02:09,220 - INFO: global_step=368735, episodic_return=162.91629028320312
2022-11-15 11:02:09,645 - INFO: global_step=369115, episodic_return=169.50735473632812
2022-11-15 11:02:11,463 - INFO: global_step=370115, episodic_return=-80.89608764648438
2022-11-15 11:02:13,026 - INFO: global_step=371115, episodic_return=-44.987030029296875
2022-11-15 11:02:13,216 - INFO: global_step=371358, episodic_return=221.07894897460938
2022-11-15 11:02:13,408 - INFO: global_step=371608, episodic_return=-53.33417892456055
2022-11-15 11:02:13,868 - INFO: global_step=372012, episodic_return=184.03065490722656
2022-11-15 11:02:14,151 - INFO: global_step=372335, episodic_return=221.48980712890625
2022-11-15 11:02:14,366 - INFO: global_step=372580, episodic_return=292.75640869140625
2022-11-15 11:02:16,239 - INFO: global_step=373580, episodic_return=36.40509796142578
2022-11-15 11:02:16,652 - INFO: global_step=373962, episodic_return=221.6141357421875
2022-11-15 11:02:16,775 - INFO: global_step=374144, episodic_return=312.18426513671875
2022-11-15 11:02:16,865 - INFO: global_step=374294, episodic_return=57.656402587890625
2022-11-15 11:02:17,035 - INFO: global_step=374531, episodic_return=260.31939697265625
2022-11-15 11:02:17,256 - INFO: global_step=374789, episodic_return=239.24530029296875
2022-11-15 11:02:17,378 - INFO: global_step=374920, episodic_return=23.688804626464844
2022-11-15 11:02:17,575 - INFO: global_step=375137, episodic_return=283.1075439453125
2022-11-15 11:02:17,727 - INFO: global_step=375352, episodic_return=274.5902099609375
2022-11-15 11:02:17,840 - INFO: global_step=375536, episodic_return=2.6065139770507812
2022-11-15 11:02:18,127 - INFO: global_step=375891, episodic_return=230.8346405029297
2022-11-15 11:02:18,238 - INFO: global_step=376041, episodic_return=29.968597412109375
2022-11-15 11:02:18,398 - INFO: global_step=376288, episodic_return=284.3399658203125
2022-11-15 11:02:18,627 - INFO: global_step=376586, episodic_return=227.46932983398438
2022-11-15 11:02:18,909 - INFO: global_step=376966, episodic_return=283.6470947265625
2022-11-15 11:02:19,119 - INFO: global_step=377253, episodic_return=272.398193359375
2022-11-15 11:02:19,389 - INFO: global_step=377580, episodic_return=258.34185791015625
2022-11-15 11:02:19,935 - INFO: global_step=378175, episodic_return=272.6891784667969
2022-11-15 11:02:20,103 - INFO: global_step=378394, episodic_return=272.2965393066406
2022-11-15 11:02:20,640 - INFO: global_step=378949, episodic_return=265.7755432128906
2022-11-15 11:02:20,926 - INFO: global_step=379284, episodic_return=157.32122802734375
2022-11-15 11:02:21,157 - INFO: global_step=379554, episodic_return=285.58221435546875
2022-11-15 11:02:21,339 - INFO: global_step=379763, episodic_return=294.95806884765625
2022-11-15 11:02:22,053 - INFO: global_step=380346, episodic_return=201.95223999023438
2022-11-15 11:02:22,250 - INFO: global_step=380625, episodic_return=258.4974365234375
2022-11-15 11:02:22,410 - INFO: global_step=380850, episodic_return=-33.75104522705078
2022-11-15 11:02:22,567 - INFO: global_step=381067, episodic_return=266.8063049316406
2022-11-15 11:02:23,663 - INFO: global_step=381859, episodic_return=180.46095275878906
2022-11-15 11:02:23,852 - INFO: global_step=382111, episodic_return=236.35086059570312
2022-11-15 11:02:24,152 - INFO: global_step=382482, episodic_return=194.82537841796875
2022-11-15 11:02:24,366 - INFO: global_step=382712, episodic_return=261.8396911621094
2022-11-15 11:02:24,593 - INFO: global_step=383018, episodic_return=234.96469116210938
2022-11-15 11:02:24,897 - INFO: global_step=383349, episodic_return=202.53939819335938
2022-11-15 11:02:25,006 - INFO: global_step=383509, episodic_return=5.5620880126953125
2022-11-15 11:02:25,577 - INFO: global_step=384108, episodic_return=162.20274353027344
2022-11-15 11:02:25,773 - INFO: global_step=384358, episodic_return=267.73321533203125
2022-11-15 11:02:26,028 - INFO: global_step=384633, episodic_return=245.4027557373047
2022-11-15 11:02:26,318 - INFO: global_step=384950, episodic_return=248.16433715820312
2022-11-15 11:02:26,572 - INFO: global_step=385268, episodic_return=254.98037719726562
2022-11-15 11:02:27,394 - INFO: global_step=386039, episodic_return=180.1747589111328
2022-11-15 11:02:27,719 - INFO: global_step=386390, episodic_return=236.45449829101562
2022-11-15 11:02:28,084 - INFO: global_step=386778, episodic_return=229.74610900878906
2022-11-15 11:02:28,414 - INFO: global_step=387149, episodic_return=213.5753173828125
2022-11-15 11:02:28,725 - INFO: global_step=387536, episodic_return=214.51708984375
2022-11-15 11:02:29,049 - INFO: global_step=387816, episodic_return=281.17230224609375
2022-11-15 11:02:29,873 - INFO: global_step=388426, episodic_return=238.4177703857422
2022-11-15 11:02:30,176 - INFO: global_step=388764, episodic_return=206.34820556640625
2022-11-15 11:02:30,348 - INFO: global_step=388971, episodic_return=1.921600341796875
2022-11-15 11:02:31,114 - INFO: global_step=389685, episodic_return=170.67674255371094
2022-11-15 11:02:31,504 - INFO: global_step=390109, episodic_return=203.04794311523438
2022-11-15 11:02:31,855 - INFO: global_step=390491, episodic_return=167.96043395996094
2022-11-15 11:02:32,422 - INFO: global_step=391048, episodic_return=174.0161590576172
2022-11-15 11:02:32,877 - INFO: global_step=391441, episodic_return=220.94845581054688
2022-11-15 11:02:33,453 - INFO: global_step=391940, episodic_return=-95.0868148803711
2022-11-15 11:02:33,860 - INFO: global_step=392371, episodic_return=259.35595703125
2022-11-15 11:02:33,996 - INFO: global_step=392544, episodic_return=-47.75365447998047
2022-11-15 11:02:34,447 - INFO: global_step=393000, episodic_return=165.92929077148438
2022-11-15 11:02:34,548 - INFO: global_step=393144, episodic_return=-85.55316925048828
2022-11-15 11:02:34,822 - INFO: global_step=393465, episodic_return=301.72015380859375
2022-11-15 11:02:35,074 - INFO: global_step=393751, episodic_return=246.46759033203125
2022-11-15 11:02:35,707 - INFO: global_step=394283, episodic_return=116.60614776611328
2022-11-15 11:02:36,737 - INFO: global_step=395283, episodic_return=138.73892211914062
2022-11-15 11:02:37,046 - INFO: global_step=395598, episodic_return=220.95359802246094
2022-11-15 11:02:37,567 - INFO: global_step=396035, episodic_return=274.66339111328125
2022-11-15 11:02:37,833 - INFO: global_step=396314, episodic_return=224.94589233398438
2022-11-15 11:02:38,163 - INFO: global_step=396648, episodic_return=222.4701385498047
2022-11-15 11:02:38,829 - INFO: global_step=397205, episodic_return=219.20510864257812
2022-11-15 11:02:39,108 - INFO: global_step=397493, episodic_return=258.3197021484375
2022-11-15 11:02:39,532 - INFO: global_step=397855, episodic_return=213.67013549804688
2022-11-15 11:02:40,156 - INFO: global_step=398363, episodic_return=225.83834838867188
2022-11-15 11:02:40,747 - INFO: global_step=398860, episodic_return=206.1478271484375
2022-11-15 11:02:40,882 - INFO: global_step=399054, episodic_return=-42.536598205566406
2022-11-15 11:02:41,317 - INFO: global_step=399506, episodic_return=244.84959411621094
2022-11-15 11:02:41,851 - INFO: global_step=399970, episodic_return=229.25564575195312
2022-11-15 11:02:42,299 - INFO: global_step=400355, episodic_return=219.24786376953125
2022-11-15 11:02:43,124 - INFO: global_step=401052, episodic_return=180.92141723632812
2022-11-15 11:02:44,037 - INFO: global_step=401791, episodic_return=124.54669952392578
2022-11-15 11:02:44,992 - INFO: global_step=402525, episodic_return=125.19902038574219
2022-11-15 11:02:45,313 - INFO: global_step=402819, episodic_return=214.39630126953125
2022-11-15 11:02:45,586 - INFO: global_step=403116, episodic_return=252.908447265625
2022-11-15 11:02:46,078 - INFO: global_step=403600, episodic_return=162.63766479492188
2022-11-15 11:02:46,676 - INFO: global_step=404179, episodic_return=253.552490234375
2022-11-15 11:02:48,246 - INFO: global_step=405107, episodic_return=130.88238525390625
2022-11-15 11:02:48,883 - INFO: global_step=405540, episodic_return=203.71542358398438
2022-11-15 11:02:49,622 - INFO: global_step=406113, episodic_return=144.1559295654297
2022-11-15 11:02:50,135 - INFO: global_step=406592, episodic_return=168.39559936523438
2022-11-15 11:02:50,953 - INFO: global_step=407375, episodic_return=151.06527709960938
2022-11-15 11:02:51,308 - INFO: global_step=407742, episodic_return=217.93966674804688
2022-11-15 11:02:52,381 - INFO: global_step=408535, episodic_return=235.83758544921875
2022-11-15 11:02:52,729 - INFO: global_step=408945, episodic_return=195.8585968017578
2022-11-15 11:02:53,085 - INFO: global_step=409312, episodic_return=254.27285766601562
2022-11-15 11:02:53,430 - INFO: global_step=409650, episodic_return=258.49639892578125
2022-11-15 11:02:53,923 - INFO: global_step=410096, episodic_return=234.1031951904297
2022-11-15 11:02:54,302 - INFO: global_step=410505, episodic_return=247.21505737304688
2022-11-15 11:02:54,642 - INFO: global_step=410868, episodic_return=216.0283966064453
2022-11-15 11:02:55,069 - INFO: global_step=411261, episodic_return=263.1259460449219
2022-11-15 11:02:55,518 - INFO: global_step=411672, episodic_return=212.95469665527344
2022-11-15 11:02:55,803 - INFO: global_step=411978, episodic_return=266.9466247558594
2022-11-15 11:02:56,049 - INFO: global_step=412281, episodic_return=296.8358154296875
2022-11-15 11:02:56,418 - INFO: global_step=412635, episodic_return=260.107666015625
2022-11-15 11:02:56,907 - INFO: global_step=413100, episodic_return=246.199462890625
2022-11-15 11:02:57,257 - INFO: global_step=413405, episodic_return=275.93096923828125
2022-11-15 11:02:57,654 - INFO: global_step=413795, episodic_return=248.3214874267578
2022-11-15 11:02:58,118 - INFO: global_step=414240, episodic_return=265.5939025878906
2022-11-15 11:02:58,434 - INFO: global_step=414578, episodic_return=244.95431518554688
2022-11-15 11:02:58,691 - INFO: global_step=414859, episodic_return=292.48876953125
2022-11-15 11:02:58,987 - INFO: global_step=415218, episodic_return=277.8601989746094
2022-11-15 11:02:59,212 - INFO: global_step=415506, episodic_return=246.56248474121094
2022-11-15 11:02:59,452 - INFO: global_step=415799, episodic_return=227.24981689453125
2022-11-15 11:02:59,662 - INFO: global_step=416080, episodic_return=220.3227996826172
2022-11-15 11:03:00,044 - INFO: global_step=416504, episodic_return=146.92068481445312
2022-11-15 11:03:00,263 - INFO: global_step=416793, episodic_return=-64.08518981933594
2022-11-15 11:03:00,429 - INFO: global_step=417027, episodic_return=284.26422119140625
2022-11-15 11:03:00,659 - INFO: global_step=417358, episodic_return=262.80206298828125
2022-11-15 11:03:00,850 - INFO: global_step=417633, episodic_return=29.304641723632812
2022-11-15 11:03:01,056 - INFO: global_step=417930, episodic_return=264.281494140625
2022-11-15 11:03:01,434 - INFO: global_step=418351, episodic_return=282.6884460449219
2022-11-15 11:03:01,723 - INFO: global_step=418675, episodic_return=212.35382080078125
2022-11-15 11:03:02,008 - INFO: global_step=419001, episodic_return=211.4647979736328
2022-11-15 11:03:02,294 - INFO: global_step=419344, episodic_return=237.85694885253906
2022-11-15 11:03:02,566 - INFO: global_step=419710, episodic_return=246.8495635986328
2022-11-15 11:03:02,864 - INFO: global_step=420044, episodic_return=223.04776000976562
2022-11-15 11:03:03,178 - INFO: global_step=420422, episodic_return=268.2229919433594
2022-11-15 11:03:03,464 - INFO: global_step=420736, episodic_return=199.04116821289062
2022-11-15 11:03:03,803 - INFO: global_step=421075, episodic_return=198.4069061279297
2022-11-15 11:03:04,764 - INFO: global_step=421436, episodic_return=215.47201538085938
2022-11-15 11:03:05,675 - INFO: global_step=421794, episodic_return=282.01153564453125
2022-11-15 11:03:06,110 - INFO: global_step=422181, episodic_return=234.1953125
2022-11-15 11:03:06,485 - INFO: global_step=422559, episodic_return=246.6142578125
2022-11-15 11:03:06,760 - INFO: global_step=422901, episodic_return=278.82427978515625
2022-11-15 11:03:07,059 - INFO: global_step=423257, episodic_return=249.85546875
2022-11-15 11:03:07,507 - INFO: global_step=423692, episodic_return=256.27642822265625
2022-11-15 11:03:08,240 - INFO: global_step=424344, episodic_return=208.23660278320312
2022-11-15 11:03:09,788 - INFO: global_step=425198, episodic_return=143.17164611816406
2022-11-15 11:03:11,071 - INFO: global_step=426045, episodic_return=196.89279174804688
2022-11-15 11:03:11,683 - INFO: global_step=426653, episodic_return=220.9742889404297
2022-11-15 11:03:12,734 - INFO: global_step=427313, episodic_return=140.28289794921875
2022-11-15 11:03:13,533 - INFO: global_step=427996, episodic_return=219.17926025390625
2022-11-15 11:03:14,309 - INFO: global_step=428627, episodic_return=233.96194458007812
2022-11-15 11:03:14,732 - INFO: global_step=429033, episodic_return=245.7383270263672
2022-11-15 11:03:15,071 - INFO: global_step=429389, episodic_return=237.72486877441406
2022-11-15 11:03:16,220 - INFO: global_step=430210, episodic_return=243.27801513671875
2022-11-15 11:03:16,664 - INFO: global_step=430648, episodic_return=171.58572387695312
2022-11-15 11:03:17,113 - INFO: global_step=431145, episodic_return=201.68276977539062
2022-11-15 11:03:17,544 - INFO: global_step=431598, episodic_return=241.5330352783203
2022-11-15 11:03:18,097 - INFO: global_step=432058, episodic_return=149.35690307617188
2022-11-15 11:03:18,656 - INFO: global_step=432537, episodic_return=194.609130859375
2022-11-15 11:03:19,021 - INFO: global_step=432906, episodic_return=231.7660675048828
2022-11-15 11:03:20,129 - INFO: global_step=433794, episodic_return=152.41201782226562
2022-11-15 11:03:20,527 - INFO: global_step=434225, episodic_return=235.3870086669922
2022-11-15 11:03:20,816 - INFO: global_step=434570, episodic_return=246.77694702148438
2022-11-15 11:03:21,530 - INFO: global_step=435220, episodic_return=235.8490447998047
2022-11-15 11:03:22,032 - INFO: global_step=435685, episodic_return=245.31179809570312
2022-11-15 11:03:22,272 - INFO: global_step=435966, episodic_return=296.11187744140625
2022-11-15 11:03:22,559 - INFO: global_step=436296, episodic_return=262.127197265625
2022-11-15 11:03:22,971 - INFO: global_step=436708, episodic_return=249.29269409179688
2022-11-15 11:03:23,378 - INFO: global_step=437152, episodic_return=248.26931762695312
2022-11-15 11:03:23,763 - INFO: global_step=437552, episodic_return=176.072021484375
2022-11-15 11:03:24,101 - INFO: global_step=437933, episodic_return=199.3410186767578
2022-11-15 11:03:24,464 - INFO: global_step=438327, episodic_return=273.03607177734375
2022-11-15 11:03:25,047 - INFO: global_step=438843, episodic_return=266.2189025878906
2022-11-15 11:03:25,335 - INFO: global_step=439224, episodic_return=297.8130798339844
2022-11-15 11:03:25,519 - INFO: global_step=439457, episodic_return=233.95310974121094
2022-11-15 11:03:25,822 - INFO: global_step=439737, episodic_return=265.6484375
2022-11-15 11:03:26,196 - INFO: global_step=440143, episodic_return=169.22088623046875
2022-11-15 11:03:26,422 - INFO: global_step=440410, episodic_return=238.7588653564453
2022-11-15 11:03:26,695 - INFO: global_step=440703, episodic_return=254.7389678955078
2022-11-15 11:03:26,988 - INFO: global_step=441072, episodic_return=267.39764404296875
2022-11-15 11:03:27,248 - INFO: global_step=441399, episodic_return=281.596435546875
2022-11-15 11:03:27,428 - INFO: global_step=441654, episodic_return=250.12278747558594
2022-11-15 11:03:27,576 - INFO: global_step=441845, episodic_return=31.21099853515625
2022-11-15 11:03:27,750 - INFO: global_step=442094, episodic_return=223.4330291748047
2022-11-15 11:03:28,005 - INFO: global_step=442404, episodic_return=245.32608032226562
2022-11-15 11:03:28,909 - INFO: global_step=443159, episodic_return=245.3573455810547
2022-11-15 11:03:29,181 - INFO: global_step=443513, episodic_return=262.2138671875
2022-11-15 11:03:29,403 - INFO: global_step=443795, episodic_return=296.94049072265625
2022-11-15 11:03:29,718 - INFO: global_step=444109, episodic_return=259.8682556152344
2022-11-15 11:03:30,075 - INFO: global_step=444461, episodic_return=260.66546630859375
2022-11-15 11:03:30,322 - INFO: global_step=444777, episodic_return=294.8100280761719
2022-11-15 11:03:30,564 - INFO: global_step=445064, episodic_return=260.0576171875
2022-11-15 11:03:30,919 - INFO: global_step=445472, episodic_return=272.398681640625
2022-11-15 11:03:31,369 - INFO: global_step=445840, episodic_return=241.94830322265625
2022-11-15 11:03:31,656 - INFO: global_step=446129, episodic_return=254.8085479736328
2022-11-15 11:03:32,009 - INFO: global_step=446501, episodic_return=224.88818359375
2022-11-15 11:03:32,295 - INFO: global_step=446802, episodic_return=301.193603515625
2022-11-15 11:03:32,571 - INFO: global_step=447103, episodic_return=295.07135009765625
2022-11-15 11:03:33,060 - INFO: global_step=447561, episodic_return=270.2503356933594
2022-11-15 11:03:33,359 - INFO: global_step=447878, episodic_return=280.7298278808594
2022-11-15 11:03:33,554 - INFO: global_step=448160, episodic_return=287.06585693359375
2022-11-15 11:03:34,225 - INFO: global_step=448831, episodic_return=276.58941650390625
2022-11-15 11:03:34,723 - INFO: global_step=449238, episodic_return=204.96490478515625
2022-11-15 11:03:35,032 - INFO: global_step=449568, episodic_return=293.693603515625
2022-11-15 11:03:35,298 - INFO: global_step=449884, episodic_return=233.41806030273438
2022-11-15 11:03:35,570 - INFO: global_step=450222, episodic_return=271.33465576171875
2022-11-15 11:03:35,838 - INFO: global_step=450508, episodic_return=193.98106384277344
2022-11-15 11:03:36,221 - INFO: global_step=450882, episodic_return=239.578369140625
2022-11-15 11:03:36,645 - INFO: global_step=451276, episodic_return=219.45013427734375
2022-11-15 11:03:37,026 - INFO: global_step=451625, episodic_return=191.77301025390625
2022-11-15 11:03:38,073 - INFO: global_step=452527, episodic_return=160.16180419921875
2022-11-15 11:03:38,827 - INFO: global_step=453172, episodic_return=251.15025329589844
2022-11-15 11:03:39,183 - INFO: global_step=453565, episodic_return=194.52955627441406
2022-11-15 11:03:39,570 - INFO: global_step=453966, episodic_return=252.72203063964844
2022-11-15 11:03:40,131 - INFO: global_step=454464, episodic_return=199.98362731933594
2022-11-15 11:03:40,449 - INFO: global_step=454883, episodic_return=248.66787719726562
2022-11-15 11:03:40,916 - INFO: global_step=455339, episodic_return=253.4762725830078
2022-11-15 11:03:41,235 - INFO: global_step=455674, episodic_return=261.3758544921875
2022-11-15 11:03:41,701 - INFO: global_step=456119, episodic_return=204.57553100585938
2022-11-15 11:03:42,363 - INFO: global_step=456617, episodic_return=173.15313720703125
2022-11-15 11:03:42,595 - INFO: global_step=456902, episodic_return=247.2999725341797
2022-11-15 11:03:42,894 - INFO: global_step=457255, episodic_return=278.3597106933594
2022-11-15 11:03:43,173 - INFO: global_step=457561, episodic_return=265.5526123046875
2022-11-15 11:03:43,783 - INFO: global_step=458057, episodic_return=215.02989196777344
2022-11-15 11:03:44,218 - INFO: global_step=458437, episodic_return=234.11721801757812
2022-11-15 11:03:45,066 - INFO: global_step=458917, episodic_return=204.2271270751953
2022-11-15 11:03:45,953 - INFO: global_step=459452, episodic_return=-95.05948638916016
2022-11-15 11:03:46,228 - INFO: global_step=459788, episodic_return=267.9093017578125
2022-11-15 11:03:46,660 - INFO: global_step=460219, episodic_return=290.7492370605469
2022-11-15 11:03:46,935 - INFO: global_step=460509, episodic_return=253.3167724609375
2022-11-15 11:03:47,837 - INFO: global_step=461124, episodic_return=225.4467010498047
2022-11-15 11:03:48,234 - INFO: global_step=461513, episodic_return=239.7802734375
2022-11-15 11:03:48,491 - INFO: global_step=461788, episodic_return=275.24822998046875
2022-11-15 11:03:48,750 - INFO: global_step=462088, episodic_return=273.5469970703125
2022-11-15 11:03:49,730 - INFO: global_step=462708, episodic_return=213.77932739257812
2022-11-15 11:03:50,538 - INFO: global_step=463304, episodic_return=91.6759262084961
2022-11-15 11:03:50,784 - INFO: global_step=463575, episodic_return=250.5704803466797
2022-11-15 11:03:50,915 - INFO: global_step=463721, episodic_return=-89.58763122558594
2022-11-15 11:03:51,059 - INFO: global_step=463858, episodic_return=-99.81197357177734
2022-11-15 11:03:51,852 - INFO: global_step=464395, episodic_return=235.73968505859375
2022-11-15 11:03:52,480 - INFO: global_step=464799, episodic_return=216.34844970703125
2022-11-15 11:03:52,853 - INFO: global_step=465071, episodic_return=211.93759155273438
2022-11-15 11:03:53,299 - INFO: global_step=465349, episodic_return=289.44354248046875
2022-11-15 11:03:53,495 - INFO: global_step=465534, episodic_return=29.964447021484375
2022-11-15 11:03:53,700 - INFO: global_step=465708, episodic_return=35.04121398925781
2022-11-15 11:03:53,970 - INFO: global_step=465993, episodic_return=-71.87918853759766
2022-11-15 11:03:54,321 - INFO: global_step=466349, episodic_return=240.61251831054688
2022-11-15 11:03:55,024 - INFO: global_step=466869, episodic_return=272.171875
2022-11-15 11:03:55,206 - INFO: global_step=467061, episodic_return=39.46728515625
2022-11-15 11:03:55,459 - INFO: global_step=467321, episodic_return=-13.217735290527344
2022-11-15 11:03:55,601 - INFO: global_step=467489, episodic_return=-18.094711303710938
2022-11-15 11:03:56,067 - INFO: global_step=467930, episodic_return=219.23550415039062
2022-11-15 11:03:56,329 - INFO: global_step=468222, episodic_return=219.43399047851562
2022-11-15 11:03:56,630 - INFO: global_step=468520, episodic_return=272.5148010253906
2022-11-15 11:03:56,932 - INFO: global_step=468828, episodic_return=244.52413940429688
2022-11-15 11:03:57,538 - INFO: global_step=469399, episodic_return=169.29049682617188
2022-11-15 11:03:57,982 - INFO: global_step=469858, episodic_return=244.57638549804688
2022-11-15 11:03:58,442 - INFO: global_step=470319, episodic_return=250.9778289794922
2022-11-15 11:03:58,831 - INFO: global_step=470675, episodic_return=240.84825134277344
2022-11-15 11:03:59,355 - INFO: global_step=471070, episodic_return=249.69912719726562
2022-11-15 11:04:00,055 - INFO: global_step=471584, episodic_return=223.8641815185547
2022-11-15 11:04:01,920 - INFO: global_step=472584, episodic_return=-52.99492645263672
2022-11-15 11:04:04,142 - INFO: global_step=473494, episodic_return=104.74478912353516
2022-11-15 11:04:04,605 - INFO: global_step=473925, episodic_return=259.1475830078125
2022-11-15 11:04:05,251 - INFO: global_step=474404, episodic_return=261.584228515625
2022-11-15 11:04:05,912 - INFO: global_step=474848, episodic_return=262.11376953125
2022-11-15 11:04:06,331 - INFO: global_step=475247, episodic_return=277.4885559082031
2022-11-15 11:04:07,079 - INFO: global_step=475796, episodic_return=143.83474731445312
2022-11-15 11:04:07,677 - INFO: global_step=476266, episodic_return=229.56784057617188
2022-11-15 11:04:08,113 - INFO: global_step=476636, episodic_return=243.4061279296875
2022-11-15 11:04:08,928 - INFO: global_step=477177, episodic_return=213.1924591064453
2022-11-15 11:04:09,677 - INFO: global_step=477776, episodic_return=233.81617736816406
2022-11-15 11:04:10,040 - INFO: global_step=478130, episodic_return=275.66558837890625
2022-11-15 11:04:10,372 - INFO: global_step=478434, episodic_return=228.0946044921875
2022-11-15 11:04:11,178 - INFO: global_step=479080, episodic_return=194.23916625976562
2022-11-15 11:04:11,772 - INFO: global_step=479579, episodic_return=216.58746337890625
2022-11-15 11:04:12,265 - INFO: global_step=480022, episodic_return=244.82012939453125
2022-11-15 11:04:12,762 - INFO: global_step=480566, episodic_return=217.58877563476562
2022-11-15 11:04:13,212 - INFO: global_step=480990, episodic_return=208.1079559326172
2022-11-15 11:04:13,799 - INFO: global_step=481528, episodic_return=225.30181884765625
2022-11-15 11:04:14,713 - INFO: global_step=482278, episodic_return=181.92442321777344
2022-11-15 11:04:15,429 - INFO: global_step=482762, episodic_return=247.14776611328125
2022-11-15 11:04:16,169 - INFO: global_step=483328, episodic_return=165.77273559570312
2022-11-15 11:04:16,931 - INFO: global_step=483918, episodic_return=184.47406005859375
2022-11-15 11:04:17,436 - INFO: global_step=484434, episodic_return=218.4158172607422
2022-11-15 11:04:17,935 - INFO: global_step=484944, episodic_return=223.96890258789062
2022-11-15 11:04:18,428 - INFO: global_step=485347, episodic_return=258.9170227050781
2022-11-15 11:04:19,328 - INFO: global_step=486018, episodic_return=186.062255859375
2022-11-15 11:04:20,136 - INFO: global_step=486550, episodic_return=184.58822631835938
2022-11-15 11:04:21,379 - INFO: global_step=487512, episodic_return=137.63626098632812
2022-11-15 11:04:22,237 - INFO: global_step=488124, episodic_return=172.4439697265625
2022-11-15 11:04:23,294 - INFO: global_step=488760, episodic_return=177.0611572265625
2022-11-15 11:04:24,650 - INFO: global_step=489510, episodic_return=163.84725952148438
2022-11-15 11:04:25,138 - INFO: global_step=489965, episodic_return=257.664794921875
2022-11-15 11:04:26,606 - INFO: global_step=490815, episodic_return=191.13818359375
2022-11-15 11:04:27,232 - INFO: global_step=491361, episodic_return=265.5982971191406
2022-11-15 11:04:28,876 - INFO: global_step=492361, episodic_return=-15.90606689453125
2022-11-15 11:04:29,801 - INFO: global_step=493074, episodic_return=156.33319091796875
2022-11-15 11:04:30,246 - INFO: global_step=493524, episodic_return=179.59664916992188
2022-11-15 11:04:30,719 - INFO: global_step=493984, episodic_return=268.2227783203125
2022-11-15 11:04:31,290 - INFO: global_step=494500, episodic_return=151.00607299804688
2022-11-15 11:04:31,854 - INFO: global_step=494993, episodic_return=260.27764892578125
2022-11-15 11:04:32,345 - INFO: global_step=495433, episodic_return=229.285888671875
2022-11-15 11:04:32,890 - INFO: global_step=495956, episodic_return=177.05419921875
2022-11-15 11:04:33,413 - INFO: global_step=496474, episodic_return=251.49081420898438
2022-11-15 11:04:34,167 - INFO: global_step=497038, episodic_return=157.05564880371094
2022-11-15 11:04:36,113 - INFO: global_step=497639, episodic_return=172.65386962890625
2022-11-15 11:04:36,658 - INFO: global_step=498105, episodic_return=239.87855529785156
2022-11-15 11:04:37,955 - INFO: global_step=499105, episodic_return=59.27625274658203
2022-11-15 11:04:38,813 - INFO: global_step=499733, episodic_return=198.9849395751953
2022-11-15 11:04:39,043 - INFO: The average reward of last 20 steps: 185.64820518493653
