2022-11-15 00:24:41,501 - INFO: +--------------------------+----------------+
| Parameter                | Value          |
+--------------------------+----------------+
| exp_name                 | dqn            |
+--------------------------+----------------+
| seed                     | 42             |
+--------------------------+----------------+
| total_timesteps          | 500000         |
+--------------------------+----------------+
| learning_rate            | 0.001          |
+--------------------------+----------------+
| buffer_size              | 2000           |
+--------------------------+----------------+
| gamma                    | 0.982          |
+--------------------------+----------------+
| target_network_frequency | 50             |
+--------------------------+----------------+
| batch_size               | 128            |
+--------------------------+----------------+
| start_e                  | 0.900          |
+--------------------------+----------------+
| end_e                    | 0              |
+--------------------------+----------------+
| exploration_fraction     | 0.100          |
+--------------------------+----------------+
| learning_starts          | 10000          |
+--------------------------+----------------+
| train_frequency          | 10             |
+--------------------------+----------------+
| env_id                   | LunarLander-v2 |
+--------------------------+----------------+
2022-11-15 00:24:44,542 - INFO: global_step=112, episodic_return=-339.75921630859375
2022-11-15 00:24:44,581 - INFO: global_step=233, episodic_return=-152.68775939941406
2022-11-15 00:24:44,600 - INFO: global_step=299, episodic_return=-109.94239807128906
2022-11-15 00:24:44,631 - INFO: global_step=416, episodic_return=-203.19461059570312
2022-11-15 00:24:44,670 - INFO: global_step=527, episodic_return=-443.8146057128906
2022-11-15 00:24:44,708 - INFO: global_step=645, episodic_return=-16.002593994140625
2022-11-15 00:24:44,723 - INFO: global_step=707, episodic_return=-80.40404510498047
2022-11-15 00:24:44,742 - INFO: global_step=772, episodic_return=-328.1663818359375
2022-11-15 00:24:44,765 - INFO: global_step=865, episodic_return=-308.7459411621094
2022-11-15 00:24:44,790 - INFO: global_step=967, episodic_return=-176.49862670898438
2022-11-15 00:24:44,807 - INFO: global_step=1037, episodic_return=-57.02763748168945
2022-11-15 00:24:44,821 - INFO: global_step=1105, episodic_return=-78.90031433105469
2022-11-15 00:24:44,845 - INFO: global_step=1214, episodic_return=-134.96469116210938
2022-11-15 00:24:44,858 - INFO: global_step=1283, episodic_return=-181.92494201660156
2022-11-15 00:24:44,883 - INFO: global_step=1378, episodic_return=-156.32958984375
2022-11-15 00:24:44,918 - INFO: global_step=1499, episodic_return=-169.55926513671875
2022-11-15 00:24:44,934 - INFO: global_step=1566, episodic_return=-150.14688110351562
2022-11-15 00:24:44,962 - INFO: global_step=1678, episodic_return=-242.79116821289062
2022-11-15 00:24:44,987 - INFO: global_step=1743, episodic_return=-145.66465759277344
2022-11-15 00:24:45,011 - INFO: global_step=1820, episodic_return=-116.97244262695312
2022-11-15 00:24:45,033 - INFO: global_step=1901, episodic_return=-73.95481872558594
2022-11-15 00:24:45,057 - INFO: global_step=1991, episodic_return=-110.77940368652344
2022-11-15 00:24:45,084 - INFO: global_step=2085, episodic_return=-42.084129333496094
2022-11-15 00:24:45,113 - INFO: global_step=2180, episodic_return=-293.1473693847656
2022-11-15 00:24:45,142 - INFO: global_step=2296, episodic_return=-160.27395629882812
2022-11-15 00:24:45,165 - INFO: global_step=2410, episodic_return=-480.4417419433594
2022-11-15 00:24:45,177 - INFO: global_step=2476, episodic_return=-47.594417572021484
2022-11-15 00:24:45,188 - INFO: global_step=2534, episodic_return=-68.66618347167969
2022-11-15 00:24:45,215 - INFO: global_step=2665, episodic_return=-125.92888641357422
2022-11-15 00:24:45,240 - INFO: global_step=2761, episodic_return=-115.19336700439453
2022-11-15 00:24:45,266 - INFO: global_step=2870, episodic_return=-163.29971313476562
2022-11-15 00:24:45,286 - INFO: global_step=2932, episodic_return=-185.9726104736328
2022-11-15 00:24:45,321 - INFO: global_step=3047, episodic_return=-240.7017364501953
2022-11-15 00:24:45,365 - INFO: global_step=3175, episodic_return=-127.33190155029297
2022-11-15 00:24:45,381 - INFO: global_step=3238, episodic_return=-385.5828552246094
2022-11-15 00:24:45,399 - INFO: global_step=3305, episodic_return=-202.3246307373047
2022-11-15 00:24:45,417 - INFO: global_step=3385, episodic_return=-102.81241607666016
2022-11-15 00:24:45,446 - INFO: global_step=3494, episodic_return=-257.88983154296875
2022-11-15 00:24:45,464 - INFO: global_step=3580, episodic_return=-130.4400634765625
2022-11-15 00:24:45,481 - INFO: global_step=3651, episodic_return=-102.05644226074219
2022-11-15 00:24:45,498 - INFO: global_step=3722, episodic_return=-120.92510986328125
2022-11-15 00:24:45,528 - INFO: global_step=3845, episodic_return=-172.8802490234375
2022-11-15 00:24:45,556 - INFO: global_step=3956, episodic_return=-448.5483093261719
2022-11-15 00:24:45,576 - INFO: global_step=4046, episodic_return=-143.40869140625
2022-11-15 00:24:45,601 - INFO: global_step=4150, episodic_return=-391.03802490234375
2022-11-15 00:24:45,620 - INFO: global_step=4224, episodic_return=-95.95038604736328
2022-11-15 00:24:45,640 - INFO: global_step=4307, episodic_return=-106.03608703613281
2022-11-15 00:24:45,659 - INFO: global_step=4387, episodic_return=-106.45568084716797
2022-11-15 00:24:45,686 - INFO: global_step=4496, episodic_return=-100.96980285644531
2022-11-15 00:24:45,704 - INFO: global_step=4567, episodic_return=-74.47570037841797
2022-11-15 00:24:45,727 - INFO: global_step=4657, episodic_return=-189.31150817871094
2022-11-15 00:24:45,755 - INFO: global_step=4762, episodic_return=-123.48529815673828
2022-11-15 00:24:45,772 - INFO: global_step=4819, episodic_return=-76.80877685546875
2022-11-15 00:24:45,789 - INFO: global_step=4884, episodic_return=-208.70046997070312
2022-11-15 00:24:45,814 - INFO: global_step=4987, episodic_return=-92.18749237060547
2022-11-15 00:24:45,847 - INFO: global_step=5111, episodic_return=-228.0917510986328
2022-11-15 00:24:45,875 - INFO: global_step=5221, episodic_return=-194.94549560546875
2022-11-15 00:24:45,907 - INFO: global_step=5338, episodic_return=-538.8148193359375
2022-11-15 00:24:45,922 - INFO: global_step=5403, episodic_return=-118.77710723876953
2022-11-15 00:24:45,939 - INFO: global_step=5466, episodic_return=-143.7319793701172
2022-11-15 00:24:45,970 - INFO: global_step=5581, episodic_return=-207.57241821289062
2022-11-15 00:24:45,993 - INFO: global_step=5674, episodic_return=-435.73919677734375
2022-11-15 00:24:46,017 - INFO: global_step=5758, episodic_return=-111.4371566772461
2022-11-15 00:24:46,038 - INFO: global_step=5836, episodic_return=-404.271728515625
2022-11-15 00:24:46,058 - INFO: global_step=5909, episodic_return=-142.13218688964844
2022-11-15 00:24:46,085 - INFO: global_step=6000, episodic_return=-363.12677001953125
2022-11-15 00:24:46,103 - INFO: global_step=6066, episodic_return=-95.22325897216797
2022-11-15 00:24:46,123 - INFO: global_step=6143, episodic_return=-356.6343994140625
2022-11-15 00:24:46,169 - INFO: global_step=6297, episodic_return=-104.35566711425781
2022-11-15 00:24:46,191 - INFO: global_step=6379, episodic_return=-393.82342529296875
2022-11-15 00:24:46,216 - INFO: global_step=6456, episodic_return=-407.1393737792969
2022-11-15 00:24:46,236 - INFO: global_step=6527, episodic_return=-491.13165283203125
2022-11-15 00:24:46,257 - INFO: global_step=6603, episodic_return=-100.14767456054688
2022-11-15 00:24:46,274 - INFO: global_step=6667, episodic_return=-71.79286193847656
2022-11-15 00:24:46,294 - INFO: global_step=6741, episodic_return=-190.69964599609375
2022-11-15 00:24:46,327 - INFO: global_step=6851, episodic_return=-262.3084716796875
2022-11-15 00:24:46,349 - INFO: global_step=6923, episodic_return=-206.74237060546875
2022-11-15 00:24:46,404 - INFO: global_step=7073, episodic_return=-234.19717407226562
2022-11-15 00:24:46,427 - INFO: global_step=7146, episodic_return=-61.302433013916016
2022-11-15 00:24:46,464 - INFO: global_step=7262, episodic_return=-403.253662109375
2022-11-15 00:24:46,483 - INFO: global_step=7357, episodic_return=-256.7528076171875
2022-11-15 00:24:46,506 - INFO: global_step=7456, episodic_return=-318.30224609375
2022-11-15 00:24:46,531 - INFO: global_step=7565, episodic_return=-272.4687194824219
2022-11-15 00:24:46,569 - INFO: global_step=7711, episodic_return=-198.5677490234375
2022-11-15 00:24:46,607 - INFO: global_step=7839, episodic_return=13.34234619140625
2022-11-15 00:24:46,625 - INFO: global_step=7911, episodic_return=-120.2199935913086
2022-11-15 00:24:46,676 - INFO: global_step=8057, episodic_return=-379.8506774902344
2022-11-15 00:24:46,704 - INFO: global_step=8145, episodic_return=-90.92886352539062
2022-11-15 00:24:46,724 - INFO: global_step=8213, episodic_return=-436.0999755859375
2022-11-15 00:24:46,750 - INFO: global_step=8296, episodic_return=-397.4084777832031
2022-11-15 00:24:46,780 - INFO: global_step=8401, episodic_return=-146.0768585205078
2022-11-15 00:24:46,815 - INFO: global_step=8497, episodic_return=-160.89573669433594
2022-11-15 00:24:46,838 - INFO: global_step=8569, episodic_return=-99.41194915771484
2022-11-15 00:24:46,861 - INFO: global_step=8636, episodic_return=-98.322021484375
2022-11-15 00:24:46,920 - INFO: global_step=8785, episodic_return=-110.900146484375
2022-11-15 00:24:46,938 - INFO: global_step=8850, episodic_return=-100.39232635498047
2022-11-15 00:24:46,959 - INFO: global_step=8914, episodic_return=-126.49491882324219
2022-11-15 00:24:47,010 - INFO: global_step=9043, episodic_return=-151.51821899414062
2022-11-15 00:24:47,030 - INFO: global_step=9111, episodic_return=-328.57763671875
2022-11-15 00:24:47,048 - INFO: global_step=9173, episodic_return=-99.8782958984375
2022-11-15 00:24:47,069 - INFO: global_step=9243, episodic_return=-123.8041000366211
2022-11-15 00:24:47,087 - INFO: global_step=9302, episodic_return=-104.13136291503906
2022-11-15 00:24:47,127 - INFO: global_step=9448, episodic_return=-516.54833984375
2022-11-15 00:24:47,146 - INFO: global_step=9520, episodic_return=-190.61590576171875
2022-11-15 00:24:47,179 - INFO: global_step=9582, episodic_return=-379.503662109375
2022-11-15 00:24:47,201 - INFO: global_step=9649, episodic_return=-103.38827514648438
2022-11-15 00:24:47,240 - INFO: global_step=9798, episodic_return=-344.9358825683594
2022-11-15 00:24:47,258 - INFO: global_step=9863, episodic_return=-107.19169616699219
2022-11-15 00:24:47,282 - INFO: global_step=9932, episodic_return=-207.44598388671875
2022-11-15 00:24:47,317 - INFO: global_step=10020, episodic_return=-430.6026916503906
2022-11-15 00:24:47,400 - INFO: global_step=10135, episodic_return=-284.54107666015625
2022-11-15 00:24:47,444 - INFO: global_step=10217, episodic_return=-73.63872528076172
2022-11-15 00:24:47,488 - INFO: global_step=10315, episodic_return=-106.33722686767578
2022-11-15 00:24:47,530 - INFO: global_step=10405, episodic_return=-229.89068603515625
2022-11-15 00:24:47,576 - INFO: global_step=10493, episodic_return=-244.92108154296875
2022-11-15 00:24:47,654 - INFO: global_step=10612, episodic_return=-125.16014862060547
2022-11-15 00:24:47,721 - INFO: global_step=10715, episodic_return=-298.760498046875
2022-11-15 00:24:47,769 - INFO: global_step=10806, episodic_return=-138.98350524902344
2022-11-15 00:24:47,792 - INFO: global_step=10862, episodic_return=-80.84786987304688
2022-11-15 00:24:47,823 - INFO: global_step=10943, episodic_return=31.65081787109375
2022-11-15 00:24:47,860 - INFO: global_step=11035, episodic_return=-87.49044036865234
2022-11-15 00:24:47,910 - INFO: global_step=11128, episodic_return=-91.19625091552734
2022-11-15 00:24:48,040 - INFO: global_step=11276, episodic_return=-154.86813354492188
2022-11-15 00:24:48,115 - INFO: global_step=11406, episodic_return=-24.266021728515625
2022-11-15 00:24:48,164 - INFO: global_step=11501, episodic_return=-256.1910705566406
2022-11-15 00:24:48,226 - INFO: global_step=11601, episodic_return=-45.52549743652344
2022-11-15 00:24:48,318 - INFO: global_step=11735, episodic_return=-81.33744812011719
2022-11-15 00:24:48,380 - INFO: global_step=11850, episodic_return=-308.35015869140625
2022-11-15 00:24:48,501 - INFO: global_step=12036, episodic_return=-150.8354034423828
2022-11-15 00:24:48,561 - INFO: global_step=12134, episodic_return=11.879859924316406
2022-11-15 00:24:48,698 - INFO: global_step=12269, episodic_return=-433.4828186035156
2022-11-15 00:24:48,793 - INFO: global_step=12413, episodic_return=-156.10047912597656
2022-11-15 00:24:48,845 - INFO: global_step=12502, episodic_return=-38.391136169433594
2022-11-15 00:24:48,889 - INFO: global_step=12582, episodic_return=-378.2534484863281
2022-11-15 00:24:48,967 - INFO: global_step=12694, episodic_return=-455.3128662109375
2022-11-15 00:24:49,073 - INFO: global_step=12830, episodic_return=-277.92864990234375
2022-11-15 00:24:49,150 - INFO: global_step=12969, episodic_return=-126.58757781982422
2022-11-15 00:24:49,231 - INFO: global_step=13101, episodic_return=35.382843017578125
2022-11-15 00:24:49,300 - INFO: global_step=13205, episodic_return=-60.81642150878906
2022-11-15 00:24:49,390 - INFO: global_step=13338, episodic_return=-51.12268829345703
2022-11-15 00:24:49,469 - INFO: global_step=13466, episodic_return=-69.83820343017578
2022-11-15 00:24:49,541 - INFO: global_step=13598, episodic_return=-272.9836120605469
2022-11-15 00:24:49,636 - INFO: global_step=13750, episodic_return=-115.63729858398438
2022-11-15 00:24:49,777 - INFO: global_step=13918, episodic_return=-179.24282836914062
2022-11-15 00:24:49,859 - INFO: global_step=14016, episodic_return=-73.69774627685547
2022-11-15 00:24:49,996 - INFO: global_step=14219, episodic_return=-75.25961303710938
2022-11-15 00:24:50,074 - INFO: global_step=14346, episodic_return=19.139266967773438
2022-11-15 00:24:50,200 - INFO: global_step=14540, episodic_return=-108.75167083740234
2022-11-15 00:24:50,250 - INFO: global_step=14651, episodic_return=-231.20742797851562
2022-11-15 00:24:50,323 - INFO: global_step=14795, episodic_return=-201.11563110351562
2022-11-15 00:24:50,385 - INFO: global_step=14886, episodic_return=-407.43414306640625
2022-11-15 00:24:50,441 - INFO: global_step=14975, episodic_return=-49.42841339111328
2022-11-15 00:24:50,524 - INFO: global_step=15099, episodic_return=-16.280242919921875
2022-11-15 00:24:50,574 - INFO: global_step=15187, episodic_return=-198.22772216796875
2022-11-15 00:24:50,640 - INFO: global_step=15303, episodic_return=-398.37982177734375
2022-11-15 00:24:50,788 - INFO: global_step=15510, episodic_return=-509.80596923828125
2022-11-15 00:24:50,887 - INFO: global_step=15664, episodic_return=-203.3475341796875
2022-11-15 00:24:50,930 - INFO: global_step=15747, episodic_return=-55.95856475830078
2022-11-15 00:24:51,017 - INFO: global_step=15899, episodic_return=-2.4704818725585938
2022-11-15 00:24:51,095 - INFO: global_step=16028, episodic_return=-32.44248962402344
2022-11-15 00:24:51,169 - INFO: global_step=16139, episodic_return=-74.16460418701172
2022-11-15 00:24:51,232 - INFO: global_step=16250, episodic_return=-87.8626937866211
2022-11-15 00:24:51,344 - INFO: global_step=16414, episodic_return=-161.09228515625
2022-11-15 00:24:51,508 - INFO: global_step=16587, episodic_return=-227.7542266845703
2022-11-15 00:24:51,625 - INFO: global_step=16763, episodic_return=-24.914352416992188
2022-11-15 00:24:51,729 - INFO: global_step=16932, episodic_return=-125.31652069091797
2022-11-15 00:24:51,811 - INFO: global_step=17065, episodic_return=-17.833709716796875
2022-11-15 00:24:51,904 - INFO: global_step=17228, episodic_return=-118.16799926757812
2022-11-15 00:24:52,035 - INFO: global_step=17440, episodic_return=-161.1537628173828
2022-11-15 00:24:52,132 - INFO: global_step=17586, episodic_return=-81.39649963378906
2022-11-15 00:24:52,408 - INFO: global_step=17924, episodic_return=-207.21240234375
2022-11-15 00:24:52,783 - INFO: global_step=18353, episodic_return=-141.69284057617188
2022-11-15 00:24:52,871 - INFO: global_step=18527, episodic_return=-327.2803955078125
2022-11-15 00:24:52,932 - INFO: global_step=18643, episodic_return=-29.23155975341797
2022-11-15 00:24:53,003 - INFO: global_step=18754, episodic_return=-123.48719787597656
2022-11-15 00:24:53,287 - INFO: global_step=19061, episodic_return=-293.56756591796875
2022-11-15 00:24:53,369 - INFO: global_step=19179, episodic_return=-123.12091064453125
2022-11-15 00:24:53,418 - INFO: global_step=19269, episodic_return=-27.49170684814453
2022-11-15 00:24:53,485 - INFO: global_step=19395, episodic_return=-152.01766967773438
2022-11-15 00:24:53,538 - INFO: global_step=19493, episodic_return=-133.95697021484375
2022-11-15 00:24:53,608 - INFO: global_step=19619, episodic_return=-58.67170715332031
2022-11-15 00:24:53,676 - INFO: global_step=19721, episodic_return=-109.56637573242188
2022-11-15 00:24:53,960 - INFO: global_step=20018, episodic_return=-152.41607666015625
2022-11-15 00:24:54,048 - INFO: global_step=20138, episodic_return=-81.22490692138672
2022-11-15 00:24:54,132 - INFO: global_step=20252, episodic_return=-137.47036743164062
2022-11-15 00:24:54,211 - INFO: global_step=20370, episodic_return=-113.36972045898438
2022-11-15 00:24:54,322 - INFO: global_step=20508, episodic_return=-55.31045150756836
2022-11-15 00:24:54,483 - INFO: global_step=20698, episodic_return=-173.04754638671875
2022-11-15 00:24:54,626 - INFO: global_step=20857, episodic_return=-89.08697509765625
2022-11-15 00:24:54,721 - INFO: global_step=20976, episodic_return=-75.50797271728516
2022-11-15 00:24:55,147 - INFO: global_step=21434, episodic_return=-189.58447265625
2022-11-15 00:24:55,354 - INFO: global_step=21689, episodic_return=-126.07441711425781
2022-11-15 00:24:55,463 - INFO: global_step=21830, episodic_return=-80.67782592773438
2022-11-15 00:24:55,559 - INFO: global_step=21976, episodic_return=-96.75875854492188
2022-11-15 00:24:55,713 - INFO: global_step=22155, episodic_return=-10.179290771484375
2022-11-15 00:24:55,787 - INFO: global_step=22280, episodic_return=-128.98081970214844
2022-11-15 00:24:55,886 - INFO: global_step=22447, episodic_return=-199.84812927246094
2022-11-15 00:24:56,068 - INFO: global_step=22683, episodic_return=-38.71883010864258
2022-11-15 00:24:56,359 - INFO: global_step=23022, episodic_return=-129.77906799316406
2022-11-15 00:24:56,429 - INFO: global_step=23148, episodic_return=-93.80677795410156
2022-11-15 00:24:56,816 - INFO: global_step=23501, episodic_return=-137.20664978027344
2022-11-15 00:24:56,996 - INFO: global_step=23720, episodic_return=-66.7406234741211
2022-11-15 00:24:57,192 - INFO: global_step=23961, episodic_return=-156.64093017578125
2022-11-15 00:24:57,368 - INFO: global_step=24186, episodic_return=-213.78343200683594
2022-11-15 00:24:59,107 - INFO: global_step=25186, episodic_return=28.76896095275879
2022-11-15 00:24:59,409 - INFO: global_step=25491, episodic_return=-72.56415557861328
2022-11-15 00:25:00,002 - INFO: global_step=25970, episodic_return=-117.57814025878906
2022-11-15 00:25:00,110 - INFO: global_step=26139, episodic_return=-94.44242095947266
2022-11-15 00:25:00,839 - INFO: global_step=26651, episodic_return=-102.67757415771484
2022-11-15 00:25:01,461 - INFO: global_step=27183, episodic_return=-60.4445915222168
2022-11-15 00:25:01,634 - INFO: global_step=27410, episodic_return=-290.1742248535156
2022-11-15 00:25:01,910 - INFO: global_step=27707, episodic_return=-272.61077880859375
2022-11-15 00:25:05,071 - INFO: global_step=28698, episodic_return=-201.1701202392578
2022-11-15 00:25:07,416 - INFO: global_step=29617, episodic_return=-333.308837890625
2022-11-15 00:25:09,525 - INFO: global_step=30617, episodic_return=-72.50695037841797
2022-11-15 00:25:09,850 - INFO: global_step=30820, episodic_return=-279.7518615722656
2022-11-15 00:25:10,912 - INFO: global_step=31445, episodic_return=-539.13818359375
2022-11-15 00:25:11,046 - INFO: global_step=31572, episodic_return=-259.059814453125
2022-11-15 00:25:11,212 - INFO: global_step=31766, episodic_return=-253.40509033203125
2022-11-15 00:25:11,568 - INFO: global_step=32044, episodic_return=-35.03491973876953
2022-11-15 00:25:11,786 - INFO: global_step=32254, episodic_return=-190.03041076660156
2022-11-15 00:25:13,096 - INFO: global_step=33191, episodic_return=-276.3084716796875
2022-11-15 00:25:13,456 - INFO: global_step=33532, episodic_return=-262.76513671875
2022-11-15 00:25:13,909 - INFO: global_step=33948, episodic_return=-10.063034057617188
2022-11-15 00:25:14,084 - INFO: global_step=34189, episodic_return=-98.66217803955078
2022-11-15 00:25:16,394 - INFO: global_step=35189, episodic_return=-75.73063659667969
2022-11-15 00:25:17,781 - INFO: global_step=36189, episodic_return=-61.94745635986328
2022-11-15 00:25:19,291 - INFO: global_step=37189, episodic_return=-125.03907775878906
2022-11-15 00:25:19,693 - INFO: global_step=37538, episodic_return=-34.73863220214844
2022-11-15 00:25:21,776 - INFO: global_step=38538, episodic_return=-98.71174621582031
2022-11-15 00:25:23,371 - INFO: global_step=39462, episodic_return=-276.4425354003906
2022-11-15 00:25:23,559 - INFO: global_step=39682, episodic_return=-338.9005126953125
2022-11-15 00:25:24,275 - INFO: global_step=40306, episodic_return=-298.356201171875
2022-11-15 00:25:24,563 - INFO: global_step=40569, episodic_return=-71.2925796508789
2022-11-15 00:25:24,852 - INFO: global_step=40844, episodic_return=-43.52507781982422
2022-11-15 00:25:26,521 - INFO: global_step=41844, episodic_return=-5.716243267059326
2022-11-15 00:25:29,296 - INFO: global_step=42844, episodic_return=-40.78434753417969
2022-11-15 00:25:31,582 - INFO: global_step=43844, episodic_return=-54.970252990722656
2022-11-15 00:25:33,466 - INFO: global_step=44844, episodic_return=-77.39657592773438
2022-11-15 00:25:34,820 - INFO: global_step=45641, episodic_return=-167.522705078125
2022-11-15 00:25:36,812 - INFO: global_step=46641, episodic_return=-61.755638122558594
2022-11-15 00:25:38,793 - INFO: global_step=47641, episodic_return=-44.823299407958984
2022-11-15 00:25:41,002 - INFO: global_step=48641, episodic_return=-71.22792053222656
2022-11-15 00:25:42,900 - INFO: global_step=49641, episodic_return=-23.52149200439453
2022-11-15 00:25:45,318 - INFO: global_step=50641, episodic_return=-40.59401321411133
2022-11-15 00:25:47,566 - INFO: global_step=51641, episodic_return=-13.758783340454102
2022-11-15 00:25:49,753 - INFO: global_step=52641, episodic_return=-69.2022705078125
2022-11-15 00:25:51,811 - INFO: global_step=53641, episodic_return=-106.92778778076172
2022-11-15 00:25:53,702 - INFO: global_step=54641, episodic_return=-100.05575561523438
2022-11-15 00:25:56,283 - INFO: global_step=55641, episodic_return=-99.94903564453125
2022-11-15 00:25:58,784 - INFO: global_step=56641, episodic_return=-91.83267211914062
2022-11-15 00:26:01,052 - INFO: global_step=57641, episodic_return=-15.280462265014648
2022-11-15 00:26:02,774 - INFO: global_step=58641, episodic_return=-78.28877258300781
2022-11-15 00:26:04,875 - INFO: global_step=59641, episodic_return=-119.97975158691406
2022-11-15 00:26:05,110 - INFO: global_step=59900, episodic_return=-303.54522705078125
2022-11-15 00:26:06,842 - INFO: global_step=60774, episodic_return=-169.3873291015625
2022-11-15 00:26:08,930 - INFO: global_step=61774, episodic_return=-121.50151062011719
2022-11-15 00:26:10,694 - INFO: global_step=62774, episodic_return=-51.49111557006836
2022-11-15 00:26:11,121 - INFO: global_step=63120, episodic_return=1.43487548828125
2022-11-15 00:26:13,274 - INFO: global_step=64120, episodic_return=-113.28846740722656
2022-11-15 00:26:16,251 - INFO: global_step=65120, episodic_return=-141.74838256835938
2022-11-15 00:26:18,165 - INFO: global_step=66120, episodic_return=-125.89669799804688
2022-11-15 00:26:18,337 - INFO: global_step=66315, episodic_return=-273.0679931640625
2022-11-15 00:26:20,448 - INFO: global_step=67315, episodic_return=-115.45222473144531
2022-11-15 00:26:20,962 - INFO: global_step=67735, episodic_return=-8.402168273925781
2022-11-15 00:26:23,231 - INFO: global_step=68735, episodic_return=-71.91372680664062
2022-11-15 00:26:25,347 - INFO: global_step=69735, episodic_return=-93.57247161865234
2022-11-15 00:26:28,276 - INFO: global_step=70735, episodic_return=-91.94639587402344
2022-11-15 00:26:30,773 - INFO: global_step=71735, episodic_return=-75.83094024658203
2022-11-15 00:26:33,244 - INFO: global_step=72735, episodic_return=-114.27005767822266
2022-11-15 00:26:33,774 - INFO: global_step=72971, episodic_return=6.9597930908203125
2022-11-15 00:26:37,453 - INFO: global_step=73971, episodic_return=-72.80929565429688
2022-11-15 00:26:37,811 - INFO: global_step=74230, episodic_return=-70.19984436035156
2022-11-15 00:26:40,009 - INFO: global_step=75230, episodic_return=-106.67572021484375
2022-11-15 00:26:42,119 - INFO: global_step=76230, episodic_return=-87.56874084472656
2022-11-15 00:26:44,070 - INFO: global_step=77230, episodic_return=-66.5422134399414
2022-11-15 00:26:45,990 - INFO: global_step=78230, episodic_return=-68.92744445800781
2022-11-15 00:26:48,167 - INFO: global_step=79230, episodic_return=-121.02622985839844
2022-11-15 00:26:48,435 - INFO: global_step=79495, episodic_return=-68.05747985839844
2022-11-15 00:26:50,304 - INFO: global_step=80495, episodic_return=-106.5801773071289
2022-11-15 00:26:52,308 - INFO: global_step=81495, episodic_return=15.108705520629883
2022-11-15 00:26:52,858 - INFO: global_step=81946, episodic_return=-285.9407958984375
2022-11-15 00:26:55,024 - INFO: global_step=82946, episodic_return=-143.67393493652344
2022-11-15 00:26:55,326 - INFO: global_step=83193, episodic_return=-63.302555084228516
2022-11-15 00:26:58,270 - INFO: global_step=84193, episodic_return=-99.4880599975586
2022-11-15 00:26:58,660 - INFO: global_step=84531, episodic_return=-25.308448791503906
2022-11-15 00:27:01,011 - INFO: global_step=85531, episodic_return=-127.19602966308594
2022-11-15 00:27:01,969 - INFO: global_step=86158, episodic_return=212.45330810546875
2022-11-15 00:27:02,226 - INFO: global_step=86384, episodic_return=-222.12091064453125
2022-11-15 00:27:04,528 - INFO: global_step=87384, episodic_return=-115.34253692626953
2022-11-15 00:27:06,521 - INFO: global_step=88345, episodic_return=219.95834350585938
2022-11-15 00:27:06,973 - INFO: global_step=88711, episodic_return=-201.7187042236328
2022-11-15 00:27:08,907 - INFO: global_step=89711, episodic_return=-159.8058624267578
2022-11-15 00:27:11,163 - INFO: global_step=90711, episodic_return=-113.64421081542969
2022-11-15 00:27:13,340 - INFO: global_step=91711, episodic_return=-64.45491027832031
2022-11-15 00:27:15,204 - INFO: global_step=92711, episodic_return=-101.1695327758789
2022-11-15 00:27:17,147 - INFO: global_step=93711, episodic_return=-152.80189514160156
2022-11-15 00:27:19,224 - INFO: global_step=94711, episodic_return=-129.89540100097656
2022-11-15 00:27:20,986 - INFO: global_step=95711, episodic_return=-132.08200073242188
2022-11-15 00:27:22,933 - INFO: global_step=96711, episodic_return=-103.28726959228516
2022-11-15 00:27:25,051 - INFO: global_step=97711, episodic_return=-106.6919174194336
2022-11-15 00:27:26,937 - INFO: global_step=98711, episodic_return=129.62161254882812
2022-11-15 00:27:28,860 - INFO: global_step=99711, episodic_return=-122.3685531616211
2022-11-15 00:27:31,291 - INFO: global_step=100711, episodic_return=-113.13526153564453
2022-11-15 00:27:33,239 - INFO: global_step=101711, episodic_return=-174.67825317382812
2022-11-15 00:27:35,588 - INFO: global_step=102711, episodic_return=-128.8110809326172
2022-11-15 00:27:38,341 - INFO: global_step=103711, episodic_return=-162.5775146484375
2022-11-15 00:27:40,292 - INFO: global_step=104711, episodic_return=-163.41165161132812
2022-11-15 00:27:42,679 - INFO: global_step=105711, episodic_return=-80.41454315185547
2022-11-15 00:27:44,195 - INFO: global_step=106709, episodic_return=-234.79763793945312
2022-11-15 00:27:44,792 - INFO: global_step=107112, episodic_return=-89.92953491210938
2022-11-15 00:27:46,491 - INFO: global_step=108112, episodic_return=-148.95404052734375
2022-11-15 00:27:48,618 - INFO: global_step=109112, episodic_return=-87.19048309326172
2022-11-15 00:27:50,361 - INFO: global_step=110112, episodic_return=-108.32035064697266
2022-11-15 00:27:52,405 - INFO: global_step=111112, episodic_return=-111.21712493896484
2022-11-15 00:27:54,666 - INFO: global_step=112112, episodic_return=-130.0130615234375
2022-11-15 00:27:56,475 - INFO: global_step=113112, episodic_return=-128.69395446777344
2022-11-15 00:27:59,115 - INFO: global_step=114112, episodic_return=-112.47960662841797
2022-11-15 00:28:01,695 - INFO: global_step=115112, episodic_return=-125.70411682128906
2022-11-15 00:28:03,406 - INFO: global_step=116112, episodic_return=-113.49250030517578
2022-11-15 00:28:06,421 - INFO: global_step=117112, episodic_return=-112.42064666748047
2022-11-15 00:28:08,337 - INFO: global_step=118112, episodic_return=-94.9229507446289
2022-11-15 00:28:10,371 - INFO: global_step=119112, episodic_return=-115.49415588378906
2022-11-15 00:28:12,689 - INFO: global_step=120112, episodic_return=-129.04881286621094
2022-11-15 00:28:15,307 - INFO: global_step=121112, episodic_return=-141.78884887695312
2022-11-15 00:28:17,610 - INFO: global_step=122112, episodic_return=-141.4752960205078
2022-11-15 00:28:19,449 - INFO: global_step=123112, episodic_return=-103.12254333496094
2022-11-15 00:28:21,026 - INFO: global_step=124112, episodic_return=-107.16825866699219
2022-11-15 00:28:22,797 - INFO: global_step=125112, episodic_return=-145.76158142089844
2022-11-15 00:28:25,175 - INFO: global_step=126112, episodic_return=-121.28746032714844
2022-11-15 00:28:25,754 - INFO: global_step=126599, episodic_return=-337.9300537109375
2022-11-15 00:28:27,605 - INFO: global_step=127599, episodic_return=-151.2460479736328
2022-11-15 00:28:30,279 - INFO: global_step=128599, episodic_return=-154.85824584960938
2022-11-15 00:28:31,005 - INFO: global_step=129162, episodic_return=-82.76812744140625
2022-11-15 00:28:31,286 - INFO: global_step=129418, episodic_return=-221.83932495117188
2022-11-15 00:28:31,852 - INFO: global_step=129813, episodic_return=-255.23435974121094
2022-11-15 00:28:34,951 - INFO: global_step=130813, episodic_return=-112.40646362304688
2022-11-15 00:28:37,104 - INFO: global_step=131813, episodic_return=-116.92797088623047
2022-11-15 00:28:39,533 - INFO: global_step=132813, episodic_return=-94.10775756835938
2022-11-15 00:28:42,187 - INFO: global_step=133813, episodic_return=-141.16586303710938
2022-11-15 00:28:44,415 - INFO: global_step=134813, episodic_return=-143.6227264404297
2022-11-15 00:28:46,742 - INFO: global_step=135813, episodic_return=-99.74130249023438
2022-11-15 00:28:48,896 - INFO: global_step=136813, episodic_return=-66.77824401855469
2022-11-15 00:28:49,272 - INFO: global_step=137145, episodic_return=-101.95419311523438
2022-11-15 00:28:51,672 - INFO: global_step=138145, episodic_return=-126.45558166503906
2022-11-15 00:28:54,308 - INFO: global_step=139145, episodic_return=-112.8609390258789
2022-11-15 00:28:56,109 - INFO: global_step=140145, episodic_return=-106.63143920898438
2022-11-15 00:28:58,033 - INFO: global_step=141145, episodic_return=-112.13994598388672
2022-11-15 00:29:00,439 - INFO: global_step=142145, episodic_return=-80.46385955810547
2022-11-15 00:29:02,236 - INFO: global_step=143145, episodic_return=-50.741477966308594
2022-11-15 00:29:04,188 - INFO: global_step=144145, episodic_return=-73.32262420654297
2022-11-15 00:29:06,069 - INFO: global_step=145145, episodic_return=-116.77176666259766
2022-11-15 00:29:08,551 - INFO: global_step=146145, episodic_return=-104.86259460449219
2022-11-15 00:29:10,903 - INFO: global_step=147145, episodic_return=-116.02523040771484
2022-11-15 00:29:13,566 - INFO: global_step=148145, episodic_return=-140.02191162109375
2022-11-15 00:29:16,418 - INFO: global_step=149145, episodic_return=-118.68253326416016
2022-11-15 00:29:18,010 - INFO: global_step=150145, episodic_return=-18.467056274414062
2022-11-15 00:29:20,401 - INFO: global_step=151145, episodic_return=-113.68910217285156
2022-11-15 00:29:22,366 - INFO: global_step=152145, episodic_return=-66.06018829345703
2022-11-15 00:29:24,802 - INFO: global_step=153145, episodic_return=-102.55638885498047
2022-11-15 00:29:26,660 - INFO: global_step=154145, episodic_return=-103.6519775390625
2022-11-15 00:29:28,997 - INFO: global_step=155145, episodic_return=-117.43355560302734
2022-11-15 00:29:31,015 - INFO: global_step=156145, episodic_return=-144.639892578125
2022-11-15 00:29:32,846 - INFO: global_step=157145, episodic_return=-32.787105560302734
2022-11-15 00:29:35,925 - INFO: global_step=158145, episodic_return=-139.2913360595703
2022-11-15 00:29:38,243 - INFO: global_step=159145, episodic_return=-134.88827514648438
2022-11-15 00:29:40,195 - INFO: global_step=160145, episodic_return=-98.64459991455078
2022-11-15 00:29:42,423 - INFO: global_step=161145, episodic_return=-115.70259094238281
2022-11-15 00:29:45,003 - INFO: global_step=162145, episodic_return=-105.37648010253906
2022-11-15 00:29:47,470 - INFO: global_step=163145, episodic_return=-151.85488891601562
2022-11-15 00:29:49,564 - INFO: global_step=164145, episodic_return=-95.44239044189453
2022-11-15 00:29:52,120 - INFO: global_step=165145, episodic_return=-100.4782943725586
2022-11-15 00:29:54,201 - INFO: global_step=166145, episodic_return=-127.41016387939453
2022-11-15 00:29:56,434 - INFO: global_step=167145, episodic_return=-158.14842224121094
2022-11-15 00:29:58,260 - INFO: global_step=168145, episodic_return=-168.51300048828125
2022-11-15 00:30:00,446 - INFO: global_step=169145, episodic_return=-134.31874084472656
2022-11-15 00:30:01,979 - INFO: global_step=170145, episodic_return=-88.67664337158203
2022-11-15 00:30:04,895 - INFO: global_step=171145, episodic_return=-140.15521240234375
2022-11-15 00:30:06,688 - INFO: global_step=172145, episodic_return=-158.5489044189453
2022-11-15 00:30:09,275 - INFO: global_step=173145, episodic_return=-145.90557861328125
2022-11-15 00:30:11,718 - INFO: global_step=174145, episodic_return=-148.8371124267578
2022-11-15 00:30:14,098 - INFO: global_step=175145, episodic_return=-147.14883422851562
2022-11-15 00:30:15,942 - INFO: global_step=176145, episodic_return=-133.67689514160156
2022-11-15 00:30:16,561 - INFO: global_step=176624, episodic_return=-324.1400146484375
2022-11-15 00:30:18,709 - INFO: global_step=177624, episodic_return=-109.3757553100586
2022-11-15 00:30:20,786 - INFO: global_step=178624, episodic_return=-107.80912780761719
2022-11-15 00:30:22,298 - INFO: global_step=179624, episodic_return=-65.63687133789062
2022-11-15 00:30:23,837 - INFO: global_step=180624, episodic_return=-138.74452209472656
2022-11-15 00:30:25,706 - INFO: global_step=181624, episodic_return=-88.42195129394531
2022-11-15 00:30:27,741 - INFO: global_step=182624, episodic_return=-169.69839477539062
2022-11-15 00:30:30,376 - INFO: global_step=183624, episodic_return=-161.99212646484375
2022-11-15 00:30:32,276 - INFO: global_step=184624, episodic_return=-95.15510559082031
2022-11-15 00:30:34,663 - INFO: global_step=185624, episodic_return=-121.47407531738281
2022-11-15 00:30:36,806 - INFO: global_step=186624, episodic_return=-165.79708862304688
2022-11-15 00:30:39,187 - INFO: global_step=187624, episodic_return=-128.16513061523438
2022-11-15 00:30:41,608 - INFO: global_step=188624, episodic_return=-135.12448120117188
2022-11-15 00:30:43,619 - INFO: global_step=189624, episodic_return=-102.0201187133789
2022-11-15 00:30:45,756 - INFO: global_step=190624, episodic_return=-98.74282836914062
2022-11-15 00:30:48,173 - INFO: global_step=191624, episodic_return=-164.58383178710938
2022-11-15 00:30:50,570 - INFO: global_step=192624, episodic_return=-110.16399383544922
2022-11-15 00:30:52,641 - INFO: global_step=193624, episodic_return=-105.09808349609375
2022-11-15 00:30:54,555 - INFO: global_step=194624, episodic_return=-142.3347930908203
2022-11-15 00:30:56,386 - INFO: global_step=195624, episodic_return=-113.05399322509766
2022-11-15 00:30:58,407 - INFO: global_step=196624, episodic_return=-105.57243347167969
2022-11-15 00:31:00,351 - INFO: global_step=197624, episodic_return=-118.07542419433594
2022-11-15 00:31:01,880 - INFO: global_step=198624, episodic_return=-67.7166748046875
2022-11-15 00:31:03,747 - INFO: global_step=199624, episodic_return=-89.2084732055664
2022-11-15 00:31:05,646 - INFO: global_step=200624, episodic_return=-101.34761047363281
2022-11-15 00:31:07,224 - INFO: global_step=201624, episodic_return=-116.28263092041016
2022-11-15 00:31:08,915 - INFO: global_step=202624, episodic_return=-131.34799194335938
2022-11-15 00:31:10,646 - INFO: global_step=203624, episodic_return=-142.5686492919922
2022-11-15 00:31:12,629 - INFO: global_step=204624, episodic_return=-101.96359252929688
2022-11-15 00:31:14,913 - INFO: global_step=205624, episodic_return=-112.92317199707031
2022-11-15 00:31:16,573 - INFO: global_step=206624, episodic_return=-99.5122299194336
2022-11-15 00:31:18,123 - INFO: global_step=207624, episodic_return=-108.47181701660156
2022-11-15 00:31:20,987 - INFO: global_step=208624, episodic_return=-155.82408142089844
2022-11-15 00:31:22,961 - INFO: global_step=209624, episodic_return=-109.37559509277344
2022-11-15 00:31:25,541 - INFO: global_step=210624, episodic_return=-169.9491424560547
2022-11-15 00:31:27,405 - INFO: global_step=211624, episodic_return=-100.27941131591797
2022-11-15 00:31:29,556 - INFO: global_step=212624, episodic_return=-131.78448486328125
2022-11-15 00:31:31,630 - INFO: global_step=213624, episodic_return=-133.47579956054688
2022-11-15 00:31:33,690 - INFO: global_step=214624, episodic_return=-134.84666442871094
2022-11-15 00:31:35,596 - INFO: global_step=215624, episodic_return=-121.07060241699219
2022-11-15 00:31:38,302 - INFO: global_step=216624, episodic_return=-145.30819702148438
2022-11-15 00:31:40,087 - INFO: global_step=217624, episodic_return=-106.97809600830078
2022-11-15 00:31:41,755 - INFO: global_step=218624, episodic_return=-89.49870300292969
2022-11-15 00:31:43,980 - INFO: global_step=219624, episodic_return=-122.14046478271484
2022-11-15 00:31:46,253 - INFO: global_step=220624, episodic_return=-127.95289611816406
2022-11-15 00:31:47,731 - INFO: global_step=221624, episodic_return=-94.04060363769531
2022-11-15 00:31:49,612 - INFO: global_step=222624, episodic_return=-125.22913360595703
2022-11-15 00:31:51,718 - INFO: global_step=223624, episodic_return=-95.79505920410156
2022-11-15 00:31:53,648 - INFO: global_step=224624, episodic_return=-102.71507263183594
2022-11-15 00:31:55,698 - INFO: global_step=225624, episodic_return=-130.14385986328125
2022-11-15 00:31:57,956 - INFO: global_step=226624, episodic_return=-128.09378051757812
2022-11-15 00:32:00,638 - INFO: global_step=227624, episodic_return=-116.69632720947266
2022-11-15 00:32:02,964 - INFO: global_step=228624, episodic_return=-142.6195068359375
2022-11-15 00:32:05,233 - INFO: global_step=229624, episodic_return=-104.23086547851562
2022-11-15 00:32:07,621 - INFO: global_step=230624, episodic_return=-127.61138153076172
2022-11-15 00:32:09,551 - INFO: global_step=231624, episodic_return=-133.0244598388672
2022-11-15 00:32:12,087 - INFO: global_step=232624, episodic_return=-134.4163360595703
2022-11-15 00:32:14,479 - INFO: global_step=233624, episodic_return=-93.67707824707031
2022-11-15 00:32:16,146 - INFO: global_step=234624, episodic_return=-99.63097381591797
2022-11-15 00:32:18,448 - INFO: global_step=235624, episodic_return=-89.08073425292969
2022-11-15 00:32:20,817 - INFO: global_step=236624, episodic_return=-105.79391479492188
2022-11-15 00:32:22,983 - INFO: global_step=237624, episodic_return=-76.62249755859375
2022-11-15 00:32:25,747 - INFO: global_step=238624, episodic_return=-91.95732116699219
2022-11-15 00:32:27,884 - INFO: global_step=239624, episodic_return=-129.4338836669922
2022-11-15 00:32:29,941 - INFO: global_step=240624, episodic_return=-135.0366668701172
2022-11-15 00:32:31,556 - INFO: global_step=241624, episodic_return=-78.30335998535156
2022-11-15 00:32:34,635 - INFO: global_step=242624, episodic_return=-151.18678283691406
2022-11-15 00:32:36,984 - INFO: global_step=243624, episodic_return=-123.4734115600586
2022-11-15 00:32:38,871 - INFO: global_step=244624, episodic_return=-109.1019515991211
2022-11-15 00:32:40,687 - INFO: global_step=245624, episodic_return=-175.07958984375
2022-11-15 00:32:42,404 - INFO: global_step=246624, episodic_return=-93.7525405883789
2022-11-15 00:32:44,500 - INFO: global_step=247624, episodic_return=-88.4155044555664
2022-11-15 00:32:46,787 - INFO: global_step=248624, episodic_return=-125.60142517089844
2022-11-15 00:32:48,703 - INFO: global_step=249624, episodic_return=-112.68773651123047
2022-11-15 00:32:51,334 - INFO: global_step=250624, episodic_return=-103.45848083496094
2022-11-15 00:32:53,845 - INFO: global_step=251624, episodic_return=-122.5108871459961
2022-11-15 00:32:55,947 - INFO: global_step=252624, episodic_return=-96.68116760253906
2022-11-15 00:32:57,903 - INFO: global_step=253624, episodic_return=-94.01285552978516
2022-11-15 00:33:00,314 - INFO: global_step=254624, episodic_return=-111.0427474975586
2022-11-15 00:33:02,250 - INFO: global_step=255624, episodic_return=-102.36636352539062
2022-11-15 00:33:04,513 - INFO: global_step=256624, episodic_return=-100.87653350830078
2022-11-15 00:33:06,405 - INFO: global_step=257624, episodic_return=-111.47537994384766
2022-11-15 00:33:08,359 - INFO: global_step=258624, episodic_return=-91.99252319335938
2022-11-15 00:33:10,925 - INFO: global_step=259624, episodic_return=-109.43636322021484
2022-11-15 00:33:13,306 - INFO: global_step=260624, episodic_return=-102.63925170898438
2022-11-15 00:33:15,662 - INFO: global_step=261624, episodic_return=-122.72927856445312
2022-11-15 00:33:17,514 - INFO: global_step=262624, episodic_return=-107.5435791015625
2022-11-15 00:33:19,549 - INFO: global_step=263624, episodic_return=-118.08361053466797
2022-11-15 00:33:22,055 - INFO: global_step=264624, episodic_return=-108.32232666015625
2022-11-15 00:33:23,894 - INFO: global_step=265624, episodic_return=-108.29193878173828
2022-11-15 00:33:26,567 - INFO: global_step=266624, episodic_return=-141.4498291015625
2022-11-15 00:33:29,557 - INFO: global_step=267624, episodic_return=-139.70993041992188
2022-11-15 00:33:31,641 - INFO: global_step=268624, episodic_return=-159.619873046875
2022-11-15 00:33:33,357 - INFO: global_step=269624, episodic_return=-87.04251098632812
2022-11-15 00:33:35,994 - INFO: global_step=270624, episodic_return=-66.08961486816406
2022-11-15 00:33:37,924 - INFO: global_step=271624, episodic_return=-88.58961486816406
2022-11-15 00:33:39,881 - INFO: global_step=272624, episodic_return=-137.80337524414062
2022-11-15 00:33:41,825 - INFO: global_step=273624, episodic_return=-138.80557250976562
2022-11-15 00:33:44,139 - INFO: global_step=274624, episodic_return=-147.555908203125
2022-11-15 00:33:46,115 - INFO: global_step=275624, episodic_return=-132.61940002441406
2022-11-15 00:33:47,711 - INFO: global_step=276624, episodic_return=-142.2384490966797
2022-11-15 00:33:49,505 - INFO: global_step=277624, episodic_return=-93.04144287109375
2022-11-15 00:33:51,614 - INFO: global_step=278624, episodic_return=-104.4471664428711
2022-11-15 00:33:54,170 - INFO: global_step=279624, episodic_return=-96.07233428955078
2022-11-15 00:33:56,591 - INFO: global_step=280624, episodic_return=-149.04135131835938
2022-11-15 00:33:59,171 - INFO: global_step=281624, episodic_return=-147.2344207763672
2022-11-15 00:34:00,811 - INFO: global_step=282624, episodic_return=-114.93336486816406
2022-11-15 00:34:02,659 - INFO: global_step=283624, episodic_return=-165.22198486328125
2022-11-15 00:34:04,766 - INFO: global_step=284624, episodic_return=-97.59308624267578
2022-11-15 00:34:08,544 - INFO: global_step=285624, episodic_return=-95.78804016113281
2022-11-15 00:34:10,294 - INFO: global_step=286624, episodic_return=-62.040470123291016
2022-11-15 00:34:12,274 - INFO: global_step=287624, episodic_return=-89.29283142089844
2022-11-15 00:34:14,665 - INFO: global_step=288624, episodic_return=-52.762229919433594
2022-11-15 00:34:16,398 - INFO: global_step=289624, episodic_return=-110.66669464111328
2022-11-15 00:34:17,896 - INFO: global_step=290624, episodic_return=-72.92282104492188
2022-11-15 00:34:19,707 - INFO: global_step=291624, episodic_return=-83.2288818359375
2022-11-15 00:34:22,283 - INFO: global_step=292624, episodic_return=-133.83071899414062
2022-11-15 00:34:24,450 - INFO: global_step=293624, episodic_return=-59.33176803588867
2022-11-15 00:34:26,710 - INFO: global_step=294624, episodic_return=-177.8316650390625
2022-11-15 00:34:29,295 - INFO: global_step=295624, episodic_return=-223.05160522460938
2022-11-15 00:34:30,921 - INFO: global_step=296624, episodic_return=-140.40296936035156
2022-11-15 00:34:32,821 - INFO: global_step=297624, episodic_return=-54.88917541503906
2022-11-15 00:34:34,646 - INFO: global_step=298624, episodic_return=-86.53435516357422
2022-11-15 00:34:36,846 - INFO: global_step=299624, episodic_return=-139.49526977539062
2022-11-15 00:34:38,892 - INFO: global_step=300624, episodic_return=-166.02691650390625
2022-11-15 00:34:40,585 - INFO: global_step=301624, episodic_return=-62.85401153564453
2022-11-15 00:34:42,378 - INFO: global_step=302624, episodic_return=-44.26913070678711
2022-11-15 00:34:43,994 - INFO: global_step=303624, episodic_return=-56.76801681518555
2022-11-15 00:34:46,104 - INFO: global_step=304624, episodic_return=-121.90032196044922
2022-11-15 00:34:48,257 - INFO: global_step=305624, episodic_return=-61.3902587890625
2022-11-15 00:34:50,025 - INFO: global_step=306624, episodic_return=-45.096153259277344
2022-11-15 00:34:52,479 - INFO: global_step=307624, episodic_return=-63.297569274902344
2022-11-15 00:34:55,293 - INFO: global_step=308624, episodic_return=-119.39807891845703
2022-11-15 00:34:56,682 - INFO: global_step=309624, episodic_return=-43.17071533203125
2022-11-15 00:34:58,923 - INFO: global_step=310624, episodic_return=-117.85635375976562
2022-11-15 00:35:00,881 - INFO: global_step=311624, episodic_return=-67.87787628173828
2022-11-15 00:35:03,681 - INFO: global_step=312624, episodic_return=-87.45765686035156
2022-11-15 00:35:05,335 - INFO: global_step=313624, episodic_return=-79.00509643554688
2022-11-15 00:35:07,327 - INFO: global_step=314624, episodic_return=-111.41987609863281
2022-11-15 00:35:08,954 - INFO: global_step=315624, episodic_return=-79.59176635742188
2022-11-15 00:35:10,648 - INFO: global_step=316624, episodic_return=-229.13653564453125
2022-11-15 00:35:10,805 - INFO: global_step=316771, episodic_return=-173.94088745117188
2022-11-15 00:35:10,986 - INFO: global_step=316941, episodic_return=-166.53607177734375
2022-11-15 00:35:12,841 - INFO: global_step=317941, episodic_return=-95.63192749023438
2022-11-15 00:35:14,428 - INFO: global_step=318941, episodic_return=-80.53475952148438
2022-11-15 00:35:14,688 - INFO: global_step=319231, episodic_return=-54.47174072265625
2022-11-15 00:35:14,868 - INFO: global_step=319426, episodic_return=-62.618961334228516
2022-11-15 00:35:17,115 - INFO: global_step=320426, episodic_return=-95.58135223388672
2022-11-15 00:35:18,984 - INFO: global_step=321426, episodic_return=-116.1816177368164
2022-11-15 00:35:20,687 - INFO: global_step=322426, episodic_return=-91.15420532226562
2022-11-15 00:35:22,375 - INFO: global_step=323426, episodic_return=-89.31881713867188
2022-11-15 00:35:23,573 - INFO: global_step=324252, episodic_return=-328.4202880859375
2022-11-15 00:35:23,712 - INFO: global_step=324406, episodic_return=-83.47427368164062
2022-11-15 00:35:25,312 - INFO: global_step=325406, episodic_return=-81.98384094238281
2022-11-15 00:35:27,502 - INFO: global_step=326406, episodic_return=-155.8770751953125
2022-11-15 00:35:29,187 - INFO: global_step=327406, episodic_return=-75.22888946533203
2022-11-15 00:35:31,248 - INFO: global_step=328406, episodic_return=-128.10958862304688
2022-11-15 00:35:32,997 - INFO: global_step=329406, episodic_return=-92.46420288085938
2022-11-15 00:35:35,485 - INFO: global_step=330406, episodic_return=-106.16636657714844
2022-11-15 00:35:37,244 - INFO: global_step=331406, episodic_return=-93.31389617919922
2022-11-15 00:35:40,295 - INFO: global_step=332406, episodic_return=-154.56936645507812
2022-11-15 00:35:42,675 - INFO: global_step=333406, episodic_return=-124.26651763916016
2022-11-15 00:35:45,166 - INFO: global_step=334406, episodic_return=-187.52029418945312
2022-11-15 00:35:47,154 - INFO: global_step=335406, episodic_return=-83.29829406738281
2022-11-15 00:35:49,264 - INFO: global_step=336406, episodic_return=-188.26495361328125
2022-11-15 00:35:51,013 - INFO: global_step=337406, episodic_return=-112.0085678100586
2022-11-15 00:35:53,208 - INFO: global_step=338406, episodic_return=-98.78219604492188
2022-11-15 00:35:55,480 - INFO: global_step=339406, episodic_return=-78.74734497070312
2022-11-15 00:35:57,963 - INFO: global_step=340406, episodic_return=-124.57261657714844
2022-11-15 00:36:00,492 - INFO: global_step=341406, episodic_return=-168.86131286621094
2022-11-15 00:36:02,305 - INFO: global_step=342406, episodic_return=-107.52674865722656
2022-11-15 00:36:04,349 - INFO: global_step=343406, episodic_return=-92.83235168457031
2022-11-15 00:36:06,444 - INFO: global_step=344406, episodic_return=-157.40098571777344
2022-11-15 00:36:08,566 - INFO: global_step=345406, episodic_return=-74.6990966796875
2022-11-15 00:36:10,809 - INFO: global_step=346406, episodic_return=-130.6387176513672
2022-11-15 00:36:12,321 - INFO: global_step=347406, episodic_return=-89.4161148071289
2022-11-15 00:36:14,157 - INFO: global_step=348406, episodic_return=-164.038330078125
2022-11-15 00:36:16,495 - INFO: global_step=349406, episodic_return=-66.70367431640625
2022-11-15 00:36:18,739 - INFO: global_step=350406, episodic_return=-106.90326690673828
2022-11-15 00:36:21,272 - INFO: global_step=351406, episodic_return=-73.50675201416016
2022-11-15 00:36:23,251 - INFO: global_step=352406, episodic_return=-73.76823425292969
2022-11-15 00:36:25,838 - INFO: global_step=353406, episodic_return=-143.0105743408203
2022-11-15 00:36:27,712 - INFO: global_step=354406, episodic_return=-79.12088012695312
2022-11-15 00:36:29,883 - INFO: global_step=355406, episodic_return=-52.76460266113281
2022-11-15 00:36:31,735 - INFO: global_step=356406, episodic_return=-121.3784408569336
2022-11-15 00:36:33,428 - INFO: global_step=357406, episodic_return=-31.835216522216797
2022-11-15 00:36:35,630 - INFO: global_step=358406, episodic_return=-29.17812728881836
2022-11-15 00:36:37,111 - INFO: global_step=359406, episodic_return=-68.71411895751953
2022-11-15 00:36:39,179 - INFO: global_step=360406, episodic_return=-58.523460388183594
2022-11-15 00:36:41,774 - INFO: global_step=361406, episodic_return=-94.71607208251953
2022-11-15 00:36:43,499 - INFO: global_step=362406, episodic_return=-69.02613830566406
2022-11-15 00:36:45,204 - INFO: global_step=363406, episodic_return=-78.24835968017578
2022-11-15 00:36:46,844 - INFO: global_step=364406, episodic_return=-88.79039001464844
2022-11-15 00:36:48,528 - INFO: global_step=365406, episodic_return=-53.219120025634766
2022-11-15 00:36:50,379 - INFO: global_step=366406, episodic_return=-92.69969940185547
2022-11-15 00:36:52,187 - INFO: global_step=367406, episodic_return=-95.66765594482422
2022-11-15 00:36:54,452 - INFO: global_step=368406, episodic_return=-104.85528564453125
2022-11-15 00:36:56,951 - INFO: global_step=369406, episodic_return=-21.704566955566406
2022-11-15 00:36:58,568 - INFO: global_step=370406, episodic_return=-78.59320068359375
2022-11-15 00:37:00,495 - INFO: global_step=371406, episodic_return=-98.51693725585938
2022-11-15 00:37:02,449 - INFO: global_step=372406, episodic_return=-98.49710083007812
2022-11-15 00:37:04,394 - INFO: global_step=373406, episodic_return=-85.04789733886719
2022-11-15 00:37:06,109 - INFO: global_step=374406, episodic_return=-88.88336944580078
2022-11-15 00:37:08,454 - INFO: global_step=375406, episodic_return=-113.96089935302734
2022-11-15 00:37:11,160 - INFO: global_step=376406, episodic_return=-123.4456787109375
2022-11-15 00:37:12,750 - INFO: global_step=377406, episodic_return=-112.20137023925781
2022-11-15 00:37:15,053 - INFO: global_step=378406, episodic_return=-81.55696868896484
2022-11-15 00:37:17,273 - INFO: global_step=379406, episodic_return=-149.83155822753906
2022-11-15 00:37:19,281 - INFO: global_step=380406, episodic_return=-145.9735107421875
2022-11-15 00:37:21,382 - INFO: global_step=381406, episodic_return=-126.58732604980469
2022-11-15 00:37:22,954 - INFO: global_step=382406, episodic_return=-121.57394409179688
2022-11-15 00:37:24,432 - INFO: global_step=383406, episodic_return=-116.0867919921875
2022-11-15 00:37:26,828 - INFO: global_step=384406, episodic_return=-103.77375030517578
2022-11-15 00:37:28,940 - INFO: global_step=385406, episodic_return=-138.99929809570312
2022-11-15 00:37:30,682 - INFO: global_step=386406, episodic_return=-67.32743072509766
2022-11-15 00:37:32,881 - INFO: global_step=387406, episodic_return=-131.59469604492188
2022-11-15 00:37:33,045 - INFO: global_step=387595, episodic_return=-80.40113830566406
2022-11-15 00:37:34,937 - INFO: global_step=388595, episodic_return=-58.832763671875
2022-11-15 00:37:35,997 - INFO: global_step=389267, episodic_return=-215.92471313476562
2022-11-15 00:37:38,629 - INFO: global_step=390267, episodic_return=-80.64579010009766
2022-11-15 00:37:38,821 - INFO: global_step=390451, episodic_return=-114.20279693603516
2022-11-15 00:37:41,550 - INFO: global_step=391451, episodic_return=-100.4781723022461
2022-11-15 00:37:41,791 - INFO: global_step=391716, episodic_return=-60.88019943237305
2022-11-15 00:37:43,432 - INFO: global_step=392716, episodic_return=-134.06314086914062
2022-11-15 00:37:45,373 - INFO: global_step=393716, episodic_return=-101.2423095703125
2022-11-15 00:37:47,361 - INFO: global_step=394716, episodic_return=-65.56458282470703
2022-11-15 00:37:49,510 - INFO: global_step=395716, episodic_return=-117.62470245361328
2022-11-15 00:37:51,935 - INFO: global_step=396716, episodic_return=-66.15751647949219
2022-11-15 00:37:54,233 - INFO: global_step=397716, episodic_return=-133.81442260742188
2022-11-15 00:37:56,509 - INFO: global_step=398716, episodic_return=-152.2491912841797
2022-11-15 00:37:59,176 - INFO: global_step=399716, episodic_return=-152.63108825683594
2022-11-15 00:37:59,280 - INFO: global_step=399833, episodic_return=-196.25643920898438
2022-11-15 00:37:59,499 - INFO: global_step=400054, episodic_return=-119.73480987548828
2022-11-15 00:37:59,686 - INFO: global_step=400227, episodic_return=-105.2211685180664
2022-11-15 00:37:59,841 - INFO: global_step=400378, episodic_return=-104.57405853271484
2022-11-15 00:38:01,528 - INFO: global_step=401378, episodic_return=-34.83408737182617
2022-11-15 00:38:01,663 - INFO: global_step=401548, episodic_return=-82.30430603027344
2022-11-15 00:38:01,852 - INFO: global_step=401744, episodic_return=-119.66450500488281
2022-11-15 00:38:02,617 - INFO: global_step=402331, episodic_return=-113.89823150634766
2022-11-15 00:38:03,644 - INFO: global_step=403010, episodic_return=-267.80560302734375
2022-11-15 00:38:06,026 - INFO: global_step=404010, episodic_return=-37.98701095581055
2022-11-15 00:38:06,345 - INFO: global_step=404302, episodic_return=-112.20480346679688
2022-11-15 00:38:07,988 - INFO: global_step=405223, episodic_return=-208.70840454101562
2022-11-15 00:38:10,099 - INFO: global_step=406223, episodic_return=-124.87147521972656
2022-11-15 00:38:12,311 - INFO: global_step=407223, episodic_return=-171.80740356445312
2022-11-15 00:38:12,869 - INFO: global_step=407626, episodic_return=-106.51675415039062
2022-11-15 00:38:14,775 - INFO: global_step=408626, episodic_return=-101.30039978027344
2022-11-15 00:38:17,161 - INFO: global_step=409626, episodic_return=-115.28852081298828
2022-11-15 00:38:19,334 - INFO: global_step=410626, episodic_return=-141.9837188720703
2022-11-15 00:38:21,142 - INFO: global_step=411626, episodic_return=-121.81349182128906
2022-11-15 00:38:23,244 - INFO: global_step=412626, episodic_return=-71.87185668945312
2022-11-15 00:38:23,449 - INFO: global_step=412824, episodic_return=-76.31047058105469
2022-11-15 00:38:25,117 - INFO: global_step=413824, episodic_return=-85.88946533203125
2022-11-15 00:38:26,821 - INFO: global_step=414824, episodic_return=-60.223236083984375
2022-11-15 00:38:29,259 - INFO: global_step=415824, episodic_return=-80.02284240722656
2022-11-15 00:38:31,514 - INFO: global_step=416824, episodic_return=-65.39962768554688
2022-11-15 00:38:33,527 - INFO: global_step=417824, episodic_return=-69.4696273803711
2022-11-15 00:38:35,771 - INFO: global_step=418824, episodic_return=-92.01396179199219
2022-11-15 00:38:38,468 - INFO: global_step=419824, episodic_return=-64.9830093383789
2022-11-15 00:38:40,352 - INFO: global_step=420824, episodic_return=-3.442458152770996
2022-11-15 00:38:41,821 - INFO: global_step=421824, episodic_return=-46.359500885009766
2022-11-15 00:38:43,616 - INFO: global_step=422824, episodic_return=-7.390649318695068
2022-11-15 00:38:45,470 - INFO: global_step=423824, episodic_return=-61.88444900512695
2022-11-15 00:38:47,523 - INFO: global_step=424824, episodic_return=-72.74839782714844
2022-11-15 00:38:49,568 - INFO: global_step=425824, episodic_return=-63.75125503540039
2022-11-15 00:38:51,682 - INFO: global_step=426824, episodic_return=-49.61030578613281
2022-11-15 00:38:53,993 - INFO: global_step=427824, episodic_return=-1.5186318159103394
2022-11-15 00:38:55,946 - INFO: global_step=428824, episodic_return=-44.87904739379883
2022-11-15 00:38:57,620 - INFO: global_step=429824, episodic_return=-68.90174865722656
2022-11-15 00:38:59,767 - INFO: global_step=430824, episodic_return=-69.84756469726562
2022-11-15 00:39:01,864 - INFO: global_step=431824, episodic_return=-51.73371505737305
2022-11-15 00:39:03,824 - INFO: global_step=432824, episodic_return=-64.78582763671875
2022-11-15 00:39:06,431 - INFO: global_step=433824, episodic_return=-77.0206527709961
2022-11-15 00:39:08,927 - INFO: global_step=434824, episodic_return=-68.19341278076172
2022-11-15 00:39:10,887 - INFO: global_step=435824, episodic_return=-53.46051025390625
2022-11-15 00:39:13,614 - INFO: global_step=436824, episodic_return=-59.17842483520508
2022-11-15 00:39:15,361 - INFO: global_step=437824, episodic_return=-70.8653793334961
2022-11-15 00:39:17,429 - INFO: global_step=438824, episodic_return=9.79751968383789
2022-11-15 00:39:19,559 - INFO: global_step=439824, episodic_return=-68.24394226074219
2022-11-15 00:39:21,367 - INFO: global_step=440824, episodic_return=-76.03987884521484
2022-11-15 00:39:23,637 - INFO: global_step=441824, episodic_return=-65.39946746826172
2022-11-15 00:39:26,082 - INFO: global_step=442824, episodic_return=-51.36141586303711
2022-11-15 00:39:28,332 - INFO: global_step=443824, episodic_return=-40.87619400024414
2022-11-15 00:39:29,799 - INFO: global_step=444824, episodic_return=-60.43238830566406
2022-11-15 00:39:32,098 - INFO: global_step=445824, episodic_return=-26.16527557373047
2022-11-15 00:39:34,397 - INFO: global_step=446824, episodic_return=-58.254722595214844
2022-11-15 00:39:36,150 - INFO: global_step=447824, episodic_return=-81.67530822753906
2022-11-15 00:39:38,282 - INFO: global_step=448824, episodic_return=-62.17984390258789
2022-11-15 00:39:40,805 - INFO: global_step=449824, episodic_return=-31.352876663208008
2022-11-15 00:39:42,726 - INFO: global_step=450824, episodic_return=-90.75947570800781
2022-11-15 00:39:45,238 - INFO: global_step=451824, episodic_return=-18.316972732543945
2022-11-15 00:39:47,488 - INFO: global_step=452824, episodic_return=-62.47783279418945
2022-11-15 00:39:49,603 - INFO: global_step=453824, episodic_return=-77.9502182006836
2022-11-15 00:39:51,817 - INFO: global_step=454824, episodic_return=-30.69322967529297
2022-11-15 00:39:53,768 - INFO: global_step=455824, episodic_return=-86.32426452636719
2022-11-15 00:39:55,394 - INFO: global_step=456824, episodic_return=-113.77735900878906
2022-11-15 00:39:57,292 - INFO: global_step=457824, episodic_return=-77.22122955322266
2022-11-15 00:39:58,900 - INFO: global_step=458824, episodic_return=-71.982421875
2022-11-15 00:40:00,742 - INFO: global_step=459824, episodic_return=-41.51682662963867
2022-11-15 00:40:02,892 - INFO: global_step=460824, episodic_return=-68.4349365234375
2022-11-15 00:40:05,295 - INFO: global_step=461824, episodic_return=-85.75446319580078
2022-11-15 00:40:07,504 - INFO: global_step=462824, episodic_return=-94.71292877197266
2022-11-15 00:40:10,797 - INFO: global_step=463824, episodic_return=-87.94369506835938
2022-11-15 00:40:12,458 - INFO: global_step=464824, episodic_return=-71.52957916259766
2022-11-15 00:40:14,488 - INFO: global_step=465824, episodic_return=-49.02126693725586
2022-11-15 00:40:16,429 - INFO: global_step=466824, episodic_return=-83.79232025146484
2022-11-15 00:40:18,282 - INFO: global_step=467824, episodic_return=-19.998994827270508
2022-11-15 00:40:20,109 - INFO: global_step=468824, episodic_return=-99.89302062988281
2022-11-15 00:40:22,344 - INFO: global_step=469824, episodic_return=-96.90892791748047
2022-11-15 00:40:23,962 - INFO: global_step=470824, episodic_return=-76.34524536132812
2022-11-15 00:40:26,167 - INFO: global_step=471824, episodic_return=-94.87372589111328
2022-11-15 00:40:28,342 - INFO: global_step=472824, episodic_return=-62.38869857788086
2022-11-15 00:40:30,007 - INFO: global_step=473824, episodic_return=-72.56713104248047
2022-11-15 00:40:32,279 - INFO: global_step=474824, episodic_return=-87.09353637695312
2022-11-15 00:40:34,100 - INFO: global_step=475824, episodic_return=-49.305973052978516
2022-11-15 00:40:35,856 - INFO: global_step=476824, episodic_return=-97.153076171875
2022-11-15 00:40:38,048 - INFO: global_step=477824, episodic_return=-79.03966522216797
2022-11-15 00:40:40,232 - INFO: global_step=478824, episodic_return=-33.9627571105957
2022-11-15 00:40:41,845 - INFO: global_step=479824, episodic_return=-72.44617462158203
2022-11-15 00:40:44,391 - INFO: global_step=480824, episodic_return=-65.45079040527344
2022-11-15 00:40:47,238 - INFO: global_step=481824, episodic_return=-68.06731414794922
2022-11-15 00:40:49,338 - INFO: global_step=482824, episodic_return=-80.05843353271484
2022-11-15 00:40:50,833 - INFO: global_step=483824, episodic_return=-68.62110137939453
2022-11-15 00:40:52,496 - INFO: global_step=484824, episodic_return=-48.524742126464844
2022-11-15 00:40:54,875 - INFO: global_step=485824, episodic_return=-21.852535247802734
2022-11-15 00:40:56,277 - INFO: global_step=486824, episodic_return=-60.13560104370117
2022-11-15 00:40:58,621 - INFO: global_step=487824, episodic_return=-64.69863891601562
2022-11-15 00:41:00,804 - INFO: global_step=488824, episodic_return=-84.72511291503906
2022-11-15 00:41:03,257 - INFO: global_step=489824, episodic_return=-79.34323120117188
2022-11-15 00:41:05,043 - INFO: global_step=490824, episodic_return=-40.30194091796875
2022-11-15 00:41:08,097 - INFO: global_step=491824, episodic_return=-90.91084289550781
2022-11-15 00:41:09,699 - INFO: global_step=492824, episodic_return=-90.9847640991211
2022-11-15 00:41:11,766 - INFO: global_step=493824, episodic_return=-100.10722351074219
2022-11-15 00:41:13,574 - INFO: global_step=494824, episodic_return=-53.05261993408203
2022-11-15 00:41:15,256 - INFO: global_step=495824, episodic_return=-37.4619026184082
2022-11-15 00:41:16,976 - INFO: global_step=496824, episodic_return=-106.55194854736328
2022-11-15 00:41:18,815 - INFO: global_step=497824, episodic_return=-88.71952819824219
2022-11-15 00:41:20,644 - INFO: global_step=498824, episodic_return=-67.2363510131836
2022-11-15 00:41:22,460 - INFO: global_step=499824, episodic_return=-80.70662689208984
2022-11-15 00:41:22,640 - INFO: The average reward of last 20 steps: -69.87556247711181
