2022-11-15 03:50:28,402 - INFO: +--------------------------+----------------+
| Parameter                | Value          |
+--------------------------+----------------+
| exp_name                 | dqn            |
+--------------------------+----------------+
| seed                     | 42             |
+--------------------------+----------------+
| total_timesteps          | 500000         |
+--------------------------+----------------+
| learning_rate            | 0.001          |
+--------------------------+----------------+
| buffer_size              | 2000           |
+--------------------------+----------------+
| gamma                    | 0.982          |
+--------------------------+----------------+
| target_network_frequency | 50             |
+--------------------------+----------------+
| batch_size               | 128            |
+--------------------------+----------------+
| start_e                  | 0.500          |
+--------------------------+----------------+
| end_e                    | 0.010          |
+--------------------------+----------------+
| exploration_fraction     | 0.200          |
+--------------------------+----------------+
| learning_starts          | 10000          |
+--------------------------+----------------+
| train_frequency          | 10             |
+--------------------------+----------------+
| env_id                   | LunarLander-v2 |
+--------------------------+----------------+
2022-11-15 03:50:30,667 - INFO: global_step=117, episodic_return=-522.0361938476562
2022-11-15 03:50:30,686 - INFO: global_step=177, episodic_return=-309.25958251953125
2022-11-15 03:50:30,810 - INFO: global_step=410, episodic_return=-668.8887939453125
2022-11-15 03:50:30,832 - INFO: global_step=480, episodic_return=-446.4344482421875
2022-11-15 03:50:30,850 - INFO: global_step=545, episodic_return=-105.6734390258789
2022-11-15 03:50:30,878 - INFO: global_step=634, episodic_return=-514.1392822265625
2022-11-15 03:50:30,903 - INFO: global_step=709, episodic_return=-484.79461669921875
2022-11-15 03:50:30,926 - INFO: global_step=778, episodic_return=-123.82054901123047
2022-11-15 03:50:30,955 - INFO: global_step=850, episodic_return=-434.1261901855469
2022-11-15 03:50:30,987 - INFO: global_step=916, episodic_return=-108.09194946289062
2022-11-15 03:50:31,018 - INFO: global_step=976, episodic_return=-108.13243865966797
2022-11-15 03:50:31,065 - INFO: global_step=1083, episodic_return=-568.5518188476562
2022-11-15 03:50:31,096 - INFO: global_step=1146, episodic_return=-87.76319122314453
2022-11-15 03:50:31,170 - INFO: global_step=1340, episodic_return=-650.5827026367188
2022-11-15 03:50:31,217 - INFO: global_step=1437, episodic_return=-314.2852783203125
2022-11-15 03:50:31,278 - INFO: global_step=1564, episodic_return=-649.79296875
2022-11-15 03:50:31,311 - INFO: global_step=1658, episodic_return=-579.674072265625
2022-11-15 03:50:31,335 - INFO: global_step=1724, episodic_return=-81.13228607177734
2022-11-15 03:50:31,408 - INFO: global_step=1905, episodic_return=-626.6585693359375
2022-11-15 03:50:31,457 - INFO: global_step=2019, episodic_return=-459.2358703613281
2022-11-15 03:50:31,483 - INFO: global_step=2082, episodic_return=-99.45941925048828
2022-11-15 03:50:31,527 - INFO: global_step=2182, episodic_return=-305.0805358886719
2022-11-15 03:50:31,595 - INFO: global_step=2340, episodic_return=-376.43133544921875
2022-11-15 03:50:31,615 - INFO: global_step=2406, episodic_return=-93.45738983154297
2022-11-15 03:50:31,635 - INFO: global_step=2470, episodic_return=-132.44862365722656
2022-11-15 03:50:31,663 - INFO: global_step=2558, episodic_return=-483.16748046875
2022-11-15 03:50:31,690 - INFO: global_step=2635, episodic_return=-494.2709655761719
2022-11-15 03:50:31,723 - INFO: global_step=2734, episodic_return=-441.36505126953125
2022-11-15 03:50:31,741 - INFO: global_step=2790, episodic_return=-372.8381042480469
2022-11-15 03:50:31,776 - INFO: global_step=2901, episodic_return=-398.8497009277344
2022-11-15 03:50:31,806 - INFO: global_step=2984, episodic_return=-500.1906433105469
2022-11-15 03:50:31,825 - INFO: global_step=3051, episodic_return=-116.3524398803711
2022-11-15 03:50:31,859 - INFO: global_step=3158, episodic_return=-177.90499877929688
2022-11-15 03:50:31,876 - INFO: global_step=3215, episodic_return=-111.30859375
2022-11-15 03:50:31,911 - INFO: global_step=3315, episodic_return=-255.646728515625
2022-11-15 03:50:31,938 - INFO: global_step=3392, episodic_return=-505.4040222167969
2022-11-15 03:50:31,959 - INFO: global_step=3456, episodic_return=-93.14054107666016
2022-11-15 03:50:31,980 - INFO: global_step=3514, episodic_return=-98.64524841308594
2022-11-15 03:50:32,007 - INFO: global_step=3580, episodic_return=-231.8955078125
2022-11-15 03:50:32,037 - INFO: global_step=3649, episodic_return=-117.6988525390625
2022-11-15 03:50:32,060 - INFO: global_step=3704, episodic_return=-372.37359619140625
2022-11-15 03:50:32,097 - INFO: global_step=3788, episodic_return=-371.7400817871094
2022-11-15 03:50:32,138 - INFO: global_step=3886, episodic_return=-483.7884216308594
2022-11-15 03:50:32,164 - INFO: global_step=3951, episodic_return=-88.32308197021484
2022-11-15 03:50:32,196 - INFO: global_step=4034, episodic_return=-560.4398803710938
2022-11-15 03:50:32,218 - INFO: global_step=4094, episodic_return=-129.2999267578125
2022-11-15 03:50:32,280 - INFO: global_step=4230, episodic_return=-601.6038818359375
2022-11-15 03:50:32,311 - INFO: global_step=4303, episodic_return=-446.2857666015625
2022-11-15 03:50:32,336 - INFO: global_step=4367, episodic_return=-66.71101379394531
2022-11-15 03:50:32,359 - INFO: global_step=4434, episodic_return=-530.0208740234375
2022-11-15 03:50:32,385 - INFO: global_step=4506, episodic_return=-440.579345703125
2022-11-15 03:50:32,438 - INFO: global_step=4625, episodic_return=-401.9846496582031
2022-11-15 03:50:32,472 - INFO: global_step=4714, episodic_return=-333.98138427734375
2022-11-15 03:50:32,504 - INFO: global_step=4811, episodic_return=-522.395263671875
2022-11-15 03:50:32,521 - INFO: global_step=4866, episodic_return=-104.13340759277344
2022-11-15 03:50:32,539 - INFO: global_step=4926, episodic_return=-91.40890502929688
2022-11-15 03:50:32,595 - INFO: global_step=5081, episodic_return=-594.6485595703125
2022-11-15 03:50:32,619 - INFO: global_step=5162, episodic_return=-502.6036682128906
2022-11-15 03:50:32,652 - INFO: global_step=5269, episodic_return=-620.1474609375
2022-11-15 03:50:32,689 - INFO: global_step=5371, episodic_return=-375.2007751464844
2022-11-15 03:50:32,726 - INFO: global_step=5470, episodic_return=-509.1611022949219
2022-11-15 03:50:32,757 - INFO: global_step=5547, episodic_return=-518.217041015625
2022-11-15 03:50:32,797 - INFO: global_step=5635, episodic_return=-163.37664794921875
2022-11-15 03:50:32,842 - INFO: global_step=5739, episodic_return=-409.3057861328125
2022-11-15 03:50:32,863 - INFO: global_step=5805, episodic_return=-130.71896362304688
2022-11-15 03:50:32,885 - INFO: global_step=5885, episodic_return=-134.95079040527344
2022-11-15 03:50:32,908 - INFO: global_step=5960, episodic_return=-510.4644775390625
2022-11-15 03:50:32,931 - INFO: global_step=6031, episodic_return=-420.9158020019531
2022-11-15 03:50:32,990 - INFO: global_step=6203, episodic_return=-357.0054931640625
2022-11-15 03:50:33,008 - INFO: global_step=6263, episodic_return=-89.0805435180664
2022-11-15 03:50:33,034 - INFO: global_step=6350, episodic_return=-500.2249450683594
2022-11-15 03:50:33,060 - INFO: global_step=6429, episodic_return=-450.6601257324219
2022-11-15 03:50:33,086 - INFO: global_step=6508, episodic_return=-458.1788330078125
2022-11-15 03:50:33,110 - INFO: global_step=6585, episodic_return=-565.976806640625
2022-11-15 03:50:33,136 - INFO: global_step=6666, episodic_return=-467.896728515625
2022-11-15 03:50:33,152 - INFO: global_step=6723, episodic_return=-97.916259765625
2022-11-15 03:50:33,197 - INFO: global_step=6855, episodic_return=-582.5565185546875
2022-11-15 03:50:33,221 - INFO: global_step=6936, episodic_return=-151.2357177734375
2022-11-15 03:50:33,245 - INFO: global_step=7012, episodic_return=-216.92730712890625
2022-11-15 03:50:33,267 - INFO: global_step=7075, episodic_return=-461.6786804199219
2022-11-15 03:50:33,283 - INFO: global_step=7138, episodic_return=-459.5775451660156
2022-11-15 03:50:33,304 - INFO: global_step=7212, episodic_return=-137.68817138671875
2022-11-15 03:50:33,332 - INFO: global_step=7298, episodic_return=-434.4790954589844
2022-11-15 03:50:33,350 - INFO: global_step=7363, episodic_return=-138.04766845703125
2022-11-15 03:50:33,369 - INFO: global_step=7438, episodic_return=-493.7513732910156
2022-11-15 03:50:33,399 - INFO: global_step=7531, episodic_return=-388.4724426269531
2022-11-15 03:50:33,427 - INFO: global_step=7622, episodic_return=-103.66984558105469
2022-11-15 03:50:33,460 - INFO: global_step=7728, episodic_return=-579.1015625
2022-11-15 03:50:33,490 - INFO: global_step=7829, episodic_return=-130.53843688964844
2022-11-15 03:50:33,548 - INFO: global_step=7990, episodic_return=-463.68231201171875
2022-11-15 03:50:33,582 - INFO: global_step=8091, episodic_return=-409.8607177734375
2022-11-15 03:50:33,610 - INFO: global_step=8171, episodic_return=-455.843994140625
2022-11-15 03:50:33,633 - INFO: global_step=8240, episodic_return=-135.6282501220703
2022-11-15 03:50:33,658 - INFO: global_step=8311, episodic_return=-514.5030517578125
2022-11-15 03:50:33,683 - INFO: global_step=8395, episodic_return=-548.42919921875
2022-11-15 03:50:33,714 - INFO: global_step=8486, episodic_return=-134.13299560546875
2022-11-15 03:50:33,730 - INFO: global_step=8547, episodic_return=-123.35310363769531
2022-11-15 03:50:33,747 - INFO: global_step=8604, episodic_return=-114.95622253417969
2022-11-15 03:50:33,797 - INFO: global_step=8745, episodic_return=-554.3323974609375
2022-11-15 03:50:33,820 - INFO: global_step=8818, episodic_return=-105.13822174072266
2022-11-15 03:50:33,841 - INFO: global_step=8882, episodic_return=-118.23805236816406
2022-11-15 03:50:33,898 - INFO: global_step=9021, episodic_return=-655.4617309570312
2022-11-15 03:50:33,940 - INFO: global_step=9124, episodic_return=-174.57131958007812
2022-11-15 03:50:33,971 - INFO: global_step=9205, episodic_return=-136.05056762695312
2022-11-15 03:50:33,997 - INFO: global_step=9273, episodic_return=-93.96604919433594
2022-11-15 03:50:34,021 - INFO: global_step=9334, episodic_return=-201.94381713867188
2022-11-15 03:50:34,058 - INFO: global_step=9423, episodic_return=-341.8542785644531
2022-11-15 03:50:34,112 - INFO: global_step=9575, episodic_return=-666.9641723632812
2022-11-15 03:50:34,152 - INFO: global_step=9691, episodic_return=-398.7085266113281
2022-11-15 03:50:34,265 - INFO: global_step=9912, episodic_return=-814.1162719726562
2022-11-15 03:50:34,326 - INFO: global_step=10034, episodic_return=-533.8265991210938
2022-11-15 03:50:34,377 - INFO: global_step=10132, episodic_return=-213.1859588623047
2022-11-15 03:50:34,406 - INFO: global_step=10191, episodic_return=-266.61572265625
2022-11-15 03:50:34,466 - INFO: global_step=10291, episodic_return=-266.84637451171875
2022-11-15 03:50:34,504 - INFO: global_step=10359, episodic_return=-324.0135498046875
2022-11-15 03:50:34,553 - INFO: global_step=10430, episodic_return=-393.29901123046875
2022-11-15 03:50:34,596 - INFO: global_step=10521, episodic_return=-690.3062133789062
2022-11-15 03:50:34,637 - INFO: global_step=10615, episodic_return=-550.2757568359375
2022-11-15 03:50:34,674 - INFO: global_step=10695, episodic_return=-249.25582885742188
2022-11-15 03:50:34,710 - INFO: global_step=10779, episodic_return=-158.79530334472656
2022-11-15 03:50:34,752 - INFO: global_step=10876, episodic_return=-249.9239959716797
2022-11-15 03:50:34,784 - INFO: global_step=10943, episodic_return=-255.67897033691406
2022-11-15 03:50:34,827 - INFO: global_step=11012, episodic_return=-241.6219482421875
2022-11-15 03:50:34,890 - INFO: global_step=11108, episodic_return=-222.17001342773438
2022-11-15 03:50:34,927 - INFO: global_step=11165, episodic_return=-193.01095581054688
2022-11-15 03:50:35,000 - INFO: global_step=11237, episodic_return=-360.2948303222656
2022-11-15 03:50:35,047 - INFO: global_step=11333, episodic_return=-120.16064453125
2022-11-15 03:50:35,110 - INFO: global_step=11432, episodic_return=-296.7486877441406
2022-11-15 03:50:35,179 - INFO: global_step=11512, episodic_return=-93.45597839355469
2022-11-15 03:50:35,225 - INFO: global_step=11577, episodic_return=-165.51705932617188
2022-11-15 03:50:35,306 - INFO: global_step=11682, episodic_return=-157.78150939941406
2022-11-15 03:50:35,369 - INFO: global_step=11775, episodic_return=-451.4434814453125
2022-11-15 03:50:35,447 - INFO: global_step=11884, episodic_return=-141.21157836914062
2022-11-15 03:50:35,511 - INFO: global_step=11975, episodic_return=-98.63245391845703
2022-11-15 03:50:35,583 - INFO: global_step=12062, episodic_return=-50.11662673950195
2022-11-15 03:50:35,639 - INFO: global_step=12136, episodic_return=-72.80272674560547
2022-11-15 03:50:35,716 - INFO: global_step=12251, episodic_return=-41.612449645996094
2022-11-15 03:50:35,861 - INFO: global_step=12457, episodic_return=-429.4678039550781
2022-11-15 03:50:35,909 - INFO: global_step=12540, episodic_return=-279.7544860839844
2022-11-15 03:50:36,204 - INFO: global_step=12892, episodic_return=-642.5352172851562
2022-11-15 03:50:36,410 - INFO: global_step=13133, episodic_return=-81.61377716064453
2022-11-15 03:50:36,538 - INFO: global_step=13282, episodic_return=-107.77281951904297
2022-11-15 03:50:36,693 - INFO: global_step=13489, episodic_return=-185.46575927734375
2022-11-15 03:50:36,781 - INFO: global_step=13628, episodic_return=-111.62189483642578
2022-11-15 03:50:37,090 - INFO: global_step=13976, episodic_return=-246.86239624023438
2022-11-15 03:50:37,335 - INFO: global_step=14289, episodic_return=-19.713760375976562
2022-11-15 03:50:37,858 - INFO: global_step=14767, episodic_return=-397.7428283691406
2022-11-15 03:50:38,109 - INFO: global_step=15066, episodic_return=-89.01396942138672
2022-11-15 03:50:38,862 - INFO: global_step=15576, episodic_return=-118.643310546875
2022-11-15 03:50:40,112 - INFO: global_step=16316, episodic_return=-383.8005065917969
2022-11-15 03:50:40,159 - INFO: global_step=16398, episodic_return=-515.3876953125
2022-11-15 03:50:40,263 - INFO: global_step=16539, episodic_return=-173.63665771484375
2022-11-15 03:50:40,430 - INFO: global_step=16742, episodic_return=-243.20159912109375
2022-11-15 03:50:40,510 - INFO: global_step=16865, episodic_return=-117.51324462890625
2022-11-15 03:50:40,598 - INFO: global_step=17004, episodic_return=-156.4889678955078
2022-11-15 03:50:40,745 - INFO: global_step=17212, episodic_return=-23.77155303955078
2022-11-15 03:50:40,849 - INFO: global_step=17361, episodic_return=-289.94415283203125
2022-11-15 03:50:41,129 - INFO: global_step=17685, episodic_return=-246.82388305664062
2022-11-15 03:50:41,320 - INFO: global_step=17940, episodic_return=-291.16217041015625
2022-11-15 03:50:41,427 - INFO: global_step=18086, episodic_return=-104.43515014648438
2022-11-15 03:50:41,549 - INFO: global_step=18250, episodic_return=-47.1605224609375
2022-11-15 03:50:43,458 - INFO: global_step=19250, episodic_return=-211.9902801513672
2022-11-15 03:50:43,547 - INFO: global_step=19384, episodic_return=-146.83184814453125
2022-11-15 03:50:44,700 - INFO: global_step=20216, episodic_return=-296.22821044921875
2022-11-15 03:50:44,819 - INFO: global_step=20394, episodic_return=-251.5389862060547
2022-11-15 03:50:44,906 - INFO: global_step=20549, episodic_return=-84.11869812011719
2022-11-15 03:50:45,989 - INFO: global_step=21197, episodic_return=-174.56011962890625
2022-11-15 03:50:46,195 - INFO: global_step=21441, episodic_return=-289.8314514160156
2022-11-15 03:50:47,689 - INFO: global_step=22441, episodic_return=-5.414972305297852
2022-11-15 03:50:49,665 - INFO: global_step=23441, episodic_return=-98.79344177246094
2022-11-15 03:50:49,828 - INFO: global_step=23663, episodic_return=-78.33060455322266
2022-11-15 03:50:50,013 - INFO: global_step=23879, episodic_return=-205.3615264892578
2022-11-15 03:50:50,162 - INFO: global_step=24090, episodic_return=-252.90452575683594
2022-11-15 03:50:50,277 - INFO: global_step=24233, episodic_return=-152.1200714111328
2022-11-15 03:50:50,391 - INFO: global_step=24380, episodic_return=-162.35153198242188
2022-11-15 03:50:50,497 - INFO: global_step=24508, episodic_return=-130.8959197998047
2022-11-15 03:50:50,594 - INFO: global_step=24623, episodic_return=-119.68608856201172
2022-11-15 03:50:50,883 - INFO: global_step=24866, episodic_return=-112.43096160888672
2022-11-15 03:50:51,176 - INFO: global_step=25140, episodic_return=-175.83560180664062
2022-11-15 03:50:52,414 - INFO: global_step=25848, episodic_return=-374.8858642578125
2022-11-15 03:50:53,765 - INFO: global_step=26597, episodic_return=-153.65455627441406
2022-11-15 03:50:53,913 - INFO: global_step=26833, episodic_return=-24.5177001953125
2022-11-15 03:50:54,062 - INFO: global_step=27054, episodic_return=-229.2809295654297
2022-11-15 03:50:54,225 - INFO: global_step=27264, episodic_return=-325.0548400878906
2022-11-15 03:50:54,407 - INFO: global_step=27514, episodic_return=-36.852569580078125
2022-11-15 03:50:56,082 - INFO: global_step=28514, episodic_return=66.40979766845703
2022-11-15 03:50:56,331 - INFO: global_step=28851, episodic_return=-123.63157653808594
2022-11-15 03:50:56,482 - INFO: global_step=29097, episodic_return=-65.74734497070312
2022-11-15 03:50:56,742 - INFO: global_step=29403, episodic_return=-102.7977066040039
2022-11-15 03:50:56,950 - INFO: global_step=29669, episodic_return=-55.411014556884766
2022-11-15 03:50:57,058 - INFO: global_step=29840, episodic_return=-100.25572967529297
2022-11-15 03:50:57,391 - INFO: global_step=30198, episodic_return=-78.97441101074219
2022-11-15 03:50:57,701 - INFO: global_step=30535, episodic_return=-342.6153564453125
2022-11-15 03:50:57,835 - INFO: global_step=30732, episodic_return=-265.9168395996094
2022-11-15 03:50:57,991 - INFO: global_step=30902, episodic_return=-215.38890075683594
2022-11-15 03:50:58,727 - INFO: global_step=31396, episodic_return=-224.5193634033203
2022-11-15 03:50:59,325 - INFO: global_step=31862, episodic_return=-217.64398193359375
2022-11-15 03:50:59,739 - INFO: global_step=32231, episodic_return=-66.38562774658203
2022-11-15 03:50:59,980 - INFO: global_step=32461, episodic_return=-38.84208679199219
2022-11-15 03:51:01,722 - INFO: global_step=33461, episodic_return=-113.63043975830078
2022-11-15 03:51:02,535 - INFO: global_step=34134, episodic_return=-240.17935180664062
2022-11-15 03:51:03,588 - INFO: global_step=34814, episodic_return=-204.93385314941406
2022-11-15 03:51:05,744 - INFO: global_step=35814, episodic_return=-132.896728515625
2022-11-15 03:51:06,624 - INFO: global_step=36427, episodic_return=-182.99435424804688
2022-11-15 03:51:07,303 - INFO: global_step=36980, episodic_return=-149.12901306152344
2022-11-15 03:51:09,549 - INFO: global_step=37980, episodic_return=-80.09039306640625
2022-11-15 03:51:11,312 - INFO: global_step=38980, episodic_return=-65.29025268554688
2022-11-15 03:51:12,020 - INFO: global_step=39470, episodic_return=-98.24701690673828
2022-11-15 03:51:13,891 - INFO: global_step=40470, episodic_return=-71.30398559570312
2022-11-15 03:51:14,132 - INFO: global_step=40636, episodic_return=-43.43967819213867
2022-11-15 03:51:14,968 - INFO: global_step=41217, episodic_return=-27.07666015625
2022-11-15 03:51:15,372 - INFO: global_step=41643, episodic_return=-74.70564270019531
2022-11-15 03:51:16,719 - INFO: global_step=42643, episodic_return=-24.3143367767334
2022-11-15 03:51:18,227 - INFO: global_step=43643, episodic_return=-45.002986907958984
2022-11-15 03:51:18,513 - INFO: global_step=43969, episodic_return=-55.038604736328125
2022-11-15 03:51:19,481 - INFO: global_step=44654, episodic_return=-61.51495361328125
2022-11-15 03:51:19,700 - INFO: global_step=44908, episodic_return=-125.7901611328125
2022-11-15 03:51:20,410 - INFO: global_step=45480, episodic_return=-51.63154983520508
2022-11-15 03:51:21,028 - INFO: global_step=46037, episodic_return=-184.2335968017578
2022-11-15 03:51:22,786 - INFO: global_step=47037, episodic_return=-97.56279754638672
2022-11-15 03:51:24,257 - INFO: global_step=48037, episodic_return=153.8353271484375
2022-11-15 03:51:24,711 - INFO: global_step=48420, episodic_return=-30.431564331054688
2022-11-15 03:51:25,270 - INFO: global_step=48852, episodic_return=-57.053382873535156
2022-11-15 03:51:25,540 - INFO: global_step=49132, episodic_return=-47.091670989990234
2022-11-15 03:51:27,121 - INFO: global_step=50132, episodic_return=62.99290084838867
2022-11-15 03:51:27,251 - INFO: global_step=50342, episodic_return=-67.73856353759766
2022-11-15 03:51:27,323 - INFO: global_step=50475, episodic_return=-126.71044921875
2022-11-15 03:51:27,426 - INFO: global_step=50655, episodic_return=-114.00897216796875
2022-11-15 03:51:29,340 - INFO: global_step=51655, episodic_return=-66.17532348632812
2022-11-15 03:51:30,268 - INFO: global_step=52322, episodic_return=-215.11376953125
2022-11-15 03:51:30,955 - INFO: global_step=52776, episodic_return=-194.1229248046875
2022-11-15 03:51:31,883 - INFO: global_step=53466, episodic_return=-250.3716583251953
2022-11-15 03:51:33,845 - INFO: global_step=54466, episodic_return=-73.7004623413086
2022-11-15 03:51:34,404 - INFO: global_step=54933, episodic_return=-100.30394744873047
2022-11-15 03:51:35,880 - INFO: global_step=55933, episodic_return=-22.214645385742188
2022-11-15 03:51:36,134 - INFO: global_step=56219, episodic_return=-125.32546997070312
2022-11-15 03:51:36,322 - INFO: global_step=56436, episodic_return=-119.46851348876953
2022-11-15 03:51:36,526 - INFO: global_step=56641, episodic_return=-213.0255126953125
2022-11-15 03:51:38,734 - INFO: global_step=57641, episodic_return=-57.075096130371094
2022-11-15 03:51:39,510 - INFO: global_step=58056, episodic_return=-119.57940673828125
2022-11-15 03:51:41,028 - INFO: global_step=59056, episodic_return=-117.98138427734375
2022-11-15 03:51:43,231 - INFO: global_step=60056, episodic_return=-72.42510223388672
2022-11-15 03:51:43,693 - INFO: global_step=60471, episodic_return=-351.1418762207031
2022-11-15 03:51:43,903 - INFO: global_step=60678, episodic_return=-228.20225524902344
2022-11-15 03:51:44,141 - INFO: global_step=60940, episodic_return=-83.27622985839844
2022-11-15 03:51:46,271 - INFO: global_step=61940, episodic_return=-32.62611770629883
2022-11-15 03:51:47,565 - INFO: global_step=62769, episodic_return=-119.91349792480469
2022-11-15 03:51:50,061 - INFO: global_step=63769, episodic_return=-45.730655670166016
2022-11-15 03:51:50,251 - INFO: global_step=63985, episodic_return=31.840240478515625
2022-11-15 03:51:51,676 - INFO: global_step=64959, episodic_return=177.78765869140625
2022-11-15 03:51:51,799 - INFO: global_step=65116, episodic_return=-28.87726593017578
2022-11-15 03:51:52,196 - INFO: global_step=65474, episodic_return=-161.88681030273438
2022-11-15 03:51:54,009 - INFO: global_step=66474, episodic_return=48.94196319580078
2022-11-15 03:51:56,145 - INFO: global_step=67474, episodic_return=-30.727224349975586
2022-11-15 03:51:57,442 - INFO: global_step=68474, episodic_return=-92.38455200195312
2022-11-15 03:51:58,813 - INFO: global_step=69474, episodic_return=-74.03570556640625
2022-11-15 03:51:59,001 - INFO: global_step=69676, episodic_return=-15.869178771972656
2022-11-15 03:51:59,976 - INFO: global_step=70342, episodic_return=-163.71328735351562
2022-11-15 03:52:01,544 - INFO: global_step=71342, episodic_return=-42.05500411987305
2022-11-15 03:52:01,722 - INFO: global_step=71597, episodic_return=-194.01821899414062
2022-11-15 03:52:02,999 - INFO: global_step=72546, episodic_return=233.32986450195312
2022-11-15 03:52:03,173 - INFO: global_step=72732, episodic_return=-115.75979614257812
2022-11-15 03:52:03,412 - INFO: global_step=72973, episodic_return=-173.50221252441406
2022-11-15 03:52:04,180 - INFO: global_step=73509, episodic_return=-103.58599853515625
2022-11-15 03:52:04,350 - INFO: global_step=73715, episodic_return=-162.289794921875
2022-11-15 03:52:04,436 - INFO: global_step=73839, episodic_return=-30.069778442382812
2022-11-15 03:52:05,850 - INFO: global_step=74591, episodic_return=157.21490478515625
2022-11-15 03:52:06,183 - INFO: global_step=74916, episodic_return=-48.25895690917969
2022-11-15 03:52:07,823 - INFO: global_step=75821, episodic_return=-320.3487243652344
2022-11-15 03:52:08,131 - INFO: global_step=76118, episodic_return=-109.28962707519531
2022-11-15 03:52:08,722 - INFO: global_step=76645, episodic_return=-105.42681884765625
2022-11-15 03:52:10,298 - INFO: global_step=77645, episodic_return=-52.058189392089844
2022-11-15 03:52:11,745 - INFO: global_step=78645, episodic_return=-68.09767150878906
2022-11-15 03:52:13,885 - INFO: global_step=79645, episodic_return=-73.3206558227539
2022-11-15 03:52:14,847 - INFO: global_step=80332, episodic_return=174.21710205078125
2022-11-15 03:52:16,586 - INFO: global_step=81332, episodic_return=-73.81568908691406
2022-11-15 03:52:18,960 - INFO: global_step=82332, episodic_return=-70.64981079101562
2022-11-15 03:52:20,582 - INFO: global_step=83212, episodic_return=182.2060546875
2022-11-15 03:52:22,540 - INFO: global_step=84212, episodic_return=-47.01112747192383
2022-11-15 03:52:24,571 - INFO: global_step=85212, episodic_return=-36.585174560546875
2022-11-15 03:52:26,846 - INFO: global_step=86212, episodic_return=-85.47924041748047
2022-11-15 03:52:29,023 - INFO: global_step=87212, episodic_return=-108.09223175048828
2022-11-15 03:52:30,805 - INFO: global_step=88212, episodic_return=-115.03364562988281
2022-11-15 03:52:32,372 - INFO: global_step=89212, episodic_return=-86.26863861083984
2022-11-15 03:52:34,533 - INFO: global_step=90212, episodic_return=-54.485023498535156
2022-11-15 03:52:36,320 - INFO: global_step=91212, episodic_return=-34.675994873046875
2022-11-15 03:52:37,893 - INFO: global_step=92212, episodic_return=-28.059906005859375
2022-11-15 03:52:40,534 - INFO: global_step=93212, episodic_return=-79.45390319824219
2022-11-15 03:52:42,353 - INFO: global_step=94212, episodic_return=-39.897857666015625
2022-11-15 03:52:44,235 - INFO: global_step=95212, episodic_return=-67.79133605957031
2022-11-15 03:52:46,323 - INFO: global_step=96212, episodic_return=-75.53600311279297
2022-11-15 03:52:48,389 - INFO: global_step=97212, episodic_return=-106.64059448242188
2022-11-15 03:52:50,342 - INFO: global_step=98212, episodic_return=-91.04096984863281
2022-11-15 03:52:51,730 - INFO: global_step=99212, episodic_return=-1.530995488166809
2022-11-15 03:52:53,276 - INFO: global_step=100212, episodic_return=-60.32021713256836
2022-11-15 03:52:55,218 - INFO: global_step=101212, episodic_return=-83.6830062866211
2022-11-15 03:52:57,594 - INFO: global_step=102212, episodic_return=-70.78910827636719
2022-11-15 03:52:59,473 - INFO: global_step=103212, episodic_return=-141.4104766845703
2022-11-15 03:53:00,976 - INFO: global_step=104212, episodic_return=-53.34095001220703
2022-11-15 03:53:03,201 - INFO: global_step=105212, episodic_return=-78.96603393554688
2022-11-15 03:53:05,365 - INFO: global_step=106212, episodic_return=-74.24745178222656
2022-11-15 03:53:07,554 - INFO: global_step=107212, episodic_return=-66.65029907226562
2022-11-15 03:53:09,427 - INFO: global_step=108212, episodic_return=-91.73292541503906
2022-11-15 03:53:11,339 - INFO: global_step=109212, episodic_return=-138.23179626464844
2022-11-15 03:53:14,350 - INFO: global_step=110212, episodic_return=-88.00191497802734
2022-11-15 03:53:16,588 - INFO: global_step=111212, episodic_return=-60.458290100097656
2022-11-15 03:53:18,546 - INFO: global_step=112212, episodic_return=-70.2201156616211
2022-11-15 03:53:20,361 - INFO: global_step=113212, episodic_return=-81.78849792480469
2022-11-15 03:53:22,308 - INFO: global_step=114212, episodic_return=-127.516357421875
2022-11-15 03:53:24,372 - INFO: global_step=115212, episodic_return=-124.07603454589844
2022-11-15 03:53:26,153 - INFO: global_step=116212, episodic_return=-115.00879669189453
2022-11-15 03:53:26,955 - INFO: global_step=116776, episodic_return=-94.11335754394531
2022-11-15 03:53:27,778 - INFO: global_step=117418, episodic_return=-156.392822265625
2022-11-15 03:53:28,258 - INFO: global_step=117836, episodic_return=-134.644287109375
2022-11-15 03:53:29,226 - INFO: global_step=118384, episodic_return=245.6106414794922
2022-11-15 03:53:29,475 - INFO: global_step=118649, episodic_return=-185.5374755859375
2022-11-15 03:53:29,725 - INFO: global_step=118904, episodic_return=-34.615478515625
2022-11-15 03:53:30,975 - INFO: global_step=119771, episodic_return=-328.8648376464844
2022-11-15 03:53:31,283 - INFO: global_step=120090, episodic_return=36.3914794921875
2022-11-15 03:53:31,532 - INFO: global_step=120351, episodic_return=-43.18482208251953
2022-11-15 03:53:33,256 - INFO: global_step=121351, episodic_return=-10.355823516845703
2022-11-15 03:53:35,347 - INFO: global_step=122351, episodic_return=-60.7405891418457
2022-11-15 03:53:37,053 - INFO: global_step=123351, episodic_return=-6.586483955383301
2022-11-15 03:53:39,002 - INFO: global_step=124351, episodic_return=-112.88662719726562
2022-11-15 03:53:40,623 - INFO: global_step=125351, episodic_return=-89.23693084716797
2022-11-15 03:53:42,355 - INFO: global_step=126351, episodic_return=-144.05740356445312
2022-11-15 03:53:44,451 - INFO: global_step=127351, episodic_return=-114.4133071899414
2022-11-15 03:53:46,208 - INFO: global_step=128351, episodic_return=-88.47640228271484
2022-11-15 03:53:47,584 - INFO: global_step=129351, episodic_return=-64.68518829345703
2022-11-15 03:53:49,332 - INFO: global_step=130351, episodic_return=-89.42068481445312
2022-11-15 03:53:51,235 - INFO: global_step=131351, episodic_return=-101.3084487915039
2022-11-15 03:53:53,275 - INFO: global_step=132351, episodic_return=-105.37619018554688
2022-11-15 03:53:53,974 - INFO: global_step=132879, episodic_return=-195.43148803710938
2022-11-15 03:53:56,236 - INFO: global_step=133879, episodic_return=-138.62110900878906
2022-11-15 03:53:57,858 - INFO: global_step=134879, episodic_return=-143.27166748046875
2022-11-15 03:53:58,884 - INFO: global_step=135655, episodic_return=-236.23031616210938
2022-11-15 03:53:59,466 - INFO: global_step=136190, episodic_return=-157.1442413330078
2022-11-15 03:54:00,079 - INFO: global_step=136656, episodic_return=-136.94805908203125
2022-11-15 03:54:00,336 - INFO: global_step=136888, episodic_return=-267.5799560546875
2022-11-15 03:54:00,691 - INFO: global_step=137175, episodic_return=-155.60043334960938
2022-11-15 03:54:01,178 - INFO: global_step=137593, episodic_return=-166.1490478515625
2022-11-15 03:54:01,494 - INFO: global_step=137966, episodic_return=-197.165283203125
2022-11-15 03:54:02,332 - INFO: global_step=138535, episodic_return=-241.56748962402344
2022-11-15 03:54:02,977 - INFO: global_step=139033, episodic_return=-258.45526123046875
2022-11-15 03:54:05,168 - INFO: global_step=139954, episodic_return=-180.47702026367188
2022-11-15 03:54:06,052 - INFO: global_step=140680, episodic_return=-236.31967163085938
2022-11-15 03:54:06,866 - INFO: global_step=141204, episodic_return=-223.5121307373047
2022-11-15 03:54:07,432 - INFO: global_step=141708, episodic_return=-240.8392791748047
2022-11-15 03:54:08,878 - INFO: global_step=142708, episodic_return=-34.76005554199219
2022-11-15 03:54:10,569 - INFO: global_step=143708, episodic_return=-33.3500862121582
2022-11-15 03:54:12,570 - INFO: global_step=144708, episodic_return=-120.10139465332031
2022-11-15 03:54:14,330 - INFO: global_step=145708, episodic_return=-120.55374145507812
2022-11-15 03:54:16,702 - INFO: global_step=146708, episodic_return=-118.56927490234375
2022-11-15 03:54:18,638 - INFO: global_step=147708, episodic_return=-128.15553283691406
2022-11-15 03:54:20,857 - INFO: global_step=148708, episodic_return=-117.56584167480469
2022-11-15 03:54:22,856 - INFO: global_step=149708, episodic_return=-156.03836059570312
2022-11-15 03:54:24,207 - INFO: global_step=150708, episodic_return=-125.48699951171875
2022-11-15 03:54:26,787 - INFO: global_step=151708, episodic_return=-119.00907897949219
2022-11-15 03:54:27,949 - INFO: global_step=152361, episodic_return=-130.90103149414062
2022-11-15 03:54:30,267 - INFO: global_step=153361, episodic_return=-54.4995231628418
2022-11-15 03:54:32,483 - INFO: global_step=154361, episodic_return=-50.04054641723633
2022-11-15 03:54:34,532 - INFO: global_step=155361, episodic_return=-100.2085189819336
2022-11-15 03:54:37,168 - INFO: global_step=156361, episodic_return=-165.76246643066406
2022-11-15 03:54:39,078 - INFO: global_step=157361, episodic_return=-199.7594757080078
2022-11-15 03:54:40,344 - INFO: global_step=158051, episodic_return=-83.27889251708984
2022-11-15 03:54:41,821 - INFO: global_step=159051, episodic_return=-113.23667907714844
2022-11-15 03:54:42,950 - INFO: global_step=159469, episodic_return=-285.01885986328125
2022-11-15 03:54:45,225 - INFO: global_step=160469, episodic_return=-129.20599365234375
2022-11-15 03:54:46,149 - INFO: global_step=161198, episodic_return=-165.345458984375
2022-11-15 03:54:47,287 - INFO: global_step=161929, episodic_return=205.88671875
2022-11-15 03:54:48,735 - INFO: global_step=162929, episodic_return=-104.92655181884766
2022-11-15 03:54:50,160 - INFO: global_step=163929, episodic_return=-125.64244842529297
2022-11-15 03:54:51,709 - INFO: global_step=164929, episodic_return=-126.5644302368164
2022-11-15 03:54:53,794 - INFO: global_step=165929, episodic_return=-69.31320190429688
2022-11-15 03:54:55,834 - INFO: global_step=166929, episodic_return=-133.0885009765625
2022-11-15 03:54:58,039 - INFO: global_step=167929, episodic_return=-93.36876678466797
2022-11-15 03:54:59,699 - INFO: global_step=168929, episodic_return=-116.3604507446289
2022-11-15 03:55:01,615 - INFO: global_step=169929, episodic_return=-85.11396789550781
2022-11-15 03:55:03,610 - INFO: global_step=170929, episodic_return=-120.97498321533203
2022-11-15 03:55:04,003 - INFO: global_step=171293, episodic_return=-206.41726684570312
2022-11-15 03:55:05,422 - INFO: global_step=172293, episodic_return=-84.39508056640625
2022-11-15 03:55:06,999 - INFO: global_step=173238, episodic_return=-172.19927978515625
2022-11-15 03:55:07,427 - INFO: global_step=173560, episodic_return=-95.28388214111328
2022-11-15 03:55:07,812 - INFO: global_step=173859, episodic_return=-270.0102844238281
2022-11-15 03:55:08,261 - INFO: global_step=174180, episodic_return=-190.21234130859375
2022-11-15 03:55:09,185 - INFO: global_step=174825, episodic_return=202.65872192382812
2022-11-15 03:55:09,558 - INFO: global_step=175166, episodic_return=230.93272399902344
2022-11-15 03:55:11,319 - INFO: global_step=176166, episodic_return=56.55179977416992
2022-11-15 03:55:11,638 - INFO: global_step=176484, episodic_return=-47.122657775878906
2022-11-15 03:55:13,175 - INFO: global_step=177356, episodic_return=126.73379516601562
2022-11-15 03:55:14,894 - INFO: global_step=178356, episodic_return=-34.98088455200195
2022-11-15 03:55:17,511 - INFO: global_step=179356, episodic_return=-26.09745979309082
2022-11-15 03:55:19,582 - INFO: global_step=180356, episodic_return=-3.2053022384643555
2022-11-15 03:55:22,042 - INFO: global_step=181356, episodic_return=-69.2256088256836
2022-11-15 03:55:24,134 - INFO: global_step=182356, episodic_return=-119.20927429199219
2022-11-15 03:55:26,048 - INFO: global_step=183356, episodic_return=-83.16036224365234
2022-11-15 03:55:27,782 - INFO: global_step=184356, episodic_return=-98.35668182373047
2022-11-15 03:55:29,803 - INFO: global_step=185356, episodic_return=-84.96620178222656
2022-11-15 03:55:31,431 - INFO: global_step=186356, episodic_return=-88.00377655029297
2022-11-15 03:55:33,382 - INFO: global_step=187356, episodic_return=-108.90606689453125
2022-11-15 03:55:35,422 - INFO: global_step=188356, episodic_return=-80.0169906616211
2022-11-15 03:55:37,352 - INFO: global_step=189356, episodic_return=-71.54231262207031
2022-11-15 03:55:38,769 - INFO: global_step=190356, episodic_return=-95.77275848388672
2022-11-15 03:55:40,319 - INFO: global_step=191356, episodic_return=-100.3415756225586
2022-11-15 03:55:42,440 - INFO: global_step=192356, episodic_return=40.411582946777344
2022-11-15 03:55:44,496 - INFO: global_step=193356, episodic_return=-134.42286682128906
2022-11-15 03:55:46,615 - INFO: global_step=194356, episodic_return=-84.13382720947266
2022-11-15 03:55:48,886 - INFO: global_step=195356, episodic_return=-103.99078369140625
2022-11-15 03:55:50,920 - INFO: global_step=196356, episodic_return=-96.41146850585938
2022-11-15 03:55:53,077 - INFO: global_step=197356, episodic_return=-99.2540512084961
2022-11-15 03:55:55,002 - INFO: global_step=198356, episodic_return=-135.5003662109375
2022-11-15 03:55:56,948 - INFO: global_step=199356, episodic_return=-123.6929931640625
2022-11-15 03:55:58,999 - INFO: global_step=200356, episodic_return=-70.76091003417969
2022-11-15 03:56:00,971 - INFO: global_step=201356, episodic_return=-101.10507202148438
2022-11-15 03:56:01,725 - INFO: global_step=202011, episodic_return=-89.1259765625
2022-11-15 03:56:02,286 - INFO: global_step=202481, episodic_return=247.74794006347656
2022-11-15 03:56:04,353 - INFO: global_step=203481, episodic_return=-82.05484771728516
2022-11-15 03:56:06,412 - INFO: global_step=204481, episodic_return=-140.62294006347656
2022-11-15 03:56:06,647 - INFO: global_step=204744, episodic_return=-227.69775390625
2022-11-15 03:56:06,899 - INFO: global_step=204996, episodic_return=-59.40739822387695
2022-11-15 03:56:07,756 - INFO: global_step=205588, episodic_return=218.75733947753906
2022-11-15 03:56:09,765 - INFO: global_step=206588, episodic_return=-102.7003402709961
2022-11-15 03:56:10,867 - INFO: global_step=207369, episodic_return=164.07449340820312
2022-11-15 03:56:12,836 - INFO: global_step=208369, episodic_return=-105.05533599853516
2022-11-15 03:56:13,317 - INFO: global_step=208738, episodic_return=-190.01901245117188
2022-11-15 03:56:16,181 - INFO: global_step=209738, episodic_return=-130.80027770996094
2022-11-15 03:56:18,962 - INFO: global_step=210738, episodic_return=-129.18409729003906
2022-11-15 03:56:21,044 - INFO: global_step=211738, episodic_return=-97.81832122802734
2022-11-15 03:56:22,649 - INFO: global_step=212738, episodic_return=-137.24375915527344
2022-11-15 03:56:25,108 - INFO: global_step=213738, episodic_return=-114.20429992675781
2022-11-15 03:56:27,222 - INFO: global_step=214738, episodic_return=-123.5781478881836
2022-11-15 03:56:28,801 - INFO: global_step=215738, episodic_return=-99.65894317626953
2022-11-15 03:56:30,872 - INFO: global_step=216738, episodic_return=-51.32920455932617
2022-11-15 03:56:33,364 - INFO: global_step=217738, episodic_return=-124.0615234375
2022-11-15 03:56:35,233 - INFO: global_step=218738, episodic_return=-124.1678466796875
2022-11-15 03:56:36,954 - INFO: global_step=219738, episodic_return=-100.55198669433594
2022-11-15 03:56:38,843 - INFO: global_step=220738, episodic_return=-99.60798645019531
2022-11-15 03:56:41,013 - INFO: global_step=221738, episodic_return=-113.35845184326172
2022-11-15 03:56:43,635 - INFO: global_step=222738, episodic_return=-151.8543243408203
2022-11-15 03:56:45,452 - INFO: global_step=223738, episodic_return=-70.52381134033203
2022-11-15 03:56:47,953 - INFO: global_step=224738, episodic_return=-66.17745208740234
2022-11-15 03:56:49,137 - INFO: global_step=225738, episodic_return=-92.37157440185547
2022-11-15 03:56:51,157 - INFO: global_step=226738, episodic_return=-29.609086990356445
2022-11-15 03:56:52,609 - INFO: global_step=227738, episodic_return=-99.49043273925781
2022-11-15 03:56:54,522 - INFO: global_step=228738, episodic_return=-126.93181610107422
2022-11-15 03:56:56,621 - INFO: global_step=229738, episodic_return=-90.31070709228516
2022-11-15 03:56:58,326 - INFO: global_step=230738, episodic_return=-47.41120910644531
2022-11-15 03:56:59,846 - INFO: global_step=231738, episodic_return=-75.37474060058594
2022-11-15 03:57:01,122 - INFO: global_step=232738, episodic_return=-146.09298706054688
2022-11-15 03:57:02,741 - INFO: global_step=233738, episodic_return=-129.424072265625
2022-11-15 03:57:04,892 - INFO: global_step=234738, episodic_return=-131.15225219726562
2022-11-15 03:57:06,866 - INFO: global_step=235738, episodic_return=-127.90181732177734
2022-11-15 03:57:08,632 - INFO: global_step=236738, episodic_return=-126.70457458496094
2022-11-15 03:57:10,387 - INFO: global_step=237738, episodic_return=-83.8346176147461
2022-11-15 03:57:12,208 - INFO: global_step=238738, episodic_return=-129.43954467773438
2022-11-15 03:57:14,143 - INFO: global_step=239738, episodic_return=-102.31204223632812
2022-11-15 03:57:16,163 - INFO: global_step=240738, episodic_return=-114.6235580444336
2022-11-15 03:57:18,419 - INFO: global_step=241738, episodic_return=-76.86772918701172
2022-11-15 03:57:19,730 - INFO: global_step=242738, episodic_return=-108.84705352783203
2022-11-15 03:57:21,337 - INFO: global_step=243738, episodic_return=-112.58631896972656
2022-11-15 03:57:24,029 - INFO: global_step=244737, episodic_return=121.2564697265625
2022-11-15 03:57:25,872 - INFO: global_step=245737, episodic_return=-142.8997039794922
2022-11-15 03:57:28,107 - INFO: global_step=246695, episodic_return=-158.24647521972656
2022-11-15 03:57:30,370 - INFO: global_step=247695, episodic_return=-119.97660827636719
2022-11-15 03:57:33,090 - INFO: global_step=248695, episodic_return=-101.49708557128906
2022-11-15 03:57:33,404 - INFO: global_step=249028, episodic_return=-107.07588958740234
2022-11-15 03:57:35,602 - INFO: global_step=250028, episodic_return=-62.710201263427734
2022-11-15 03:57:35,897 - INFO: global_step=250319, episodic_return=15.958915710449219
2022-11-15 03:57:36,239 - INFO: global_step=250621, episodic_return=16.14373016357422
2022-11-15 03:57:38,436 - INFO: global_step=251621, episodic_return=-104.42390441894531
2022-11-15 03:57:41,150 - INFO: global_step=252621, episodic_return=-85.03788757324219
2022-11-15 03:57:43,606 - INFO: global_step=253621, episodic_return=-80.9849853515625
2022-11-15 03:57:46,403 - INFO: global_step=254621, episodic_return=-114.09286499023438
2022-11-15 03:57:48,669 - INFO: global_step=255621, episodic_return=-102.6162338256836
2022-11-15 03:57:50,686 - INFO: global_step=256621, episodic_return=-137.7208251953125
2022-11-15 03:57:50,954 - INFO: global_step=256916, episodic_return=-46.68518829345703
2022-11-15 03:57:53,318 - INFO: global_step=257916, episodic_return=-102.35859680175781
2022-11-15 03:57:55,535 - INFO: global_step=258916, episodic_return=-105.34922790527344
2022-11-15 03:57:57,189 - INFO: global_step=259916, episodic_return=-125.546875
2022-11-15 03:57:59,359 - INFO: global_step=260916, episodic_return=-126.01847839355469
2022-11-15 03:58:01,046 - INFO: global_step=261916, episodic_return=-148.80067443847656
2022-11-15 03:58:02,518 - INFO: global_step=262916, episodic_return=-34.259159088134766
2022-11-15 03:58:04,396 - INFO: global_step=263916, episodic_return=-65.07637023925781
2022-11-15 03:58:06,275 - INFO: global_step=264916, episodic_return=-53.01588821411133
2022-11-15 03:58:08,893 - INFO: global_step=265916, episodic_return=-87.20967102050781
2022-11-15 03:58:10,740 - INFO: global_step=266916, episodic_return=-116.73250579833984
2022-11-15 03:58:13,107 - INFO: global_step=267916, episodic_return=23.454355239868164
2022-11-15 03:58:14,810 - INFO: global_step=268679, episodic_return=-178.83013916015625
2022-11-15 03:58:16,721 - INFO: global_step=269679, episodic_return=-112.26885986328125
2022-11-15 03:58:18,322 - INFO: global_step=270679, episodic_return=-62.3111457824707
2022-11-15 03:58:21,025 - INFO: global_step=271679, episodic_return=-46.04914093017578
2022-11-15 03:58:23,366 - INFO: global_step=272679, episodic_return=-16.755647659301758
2022-11-15 03:58:25,027 - INFO: global_step=273679, episodic_return=-67.29387664794922
2022-11-15 03:58:27,304 - INFO: global_step=274679, episodic_return=-86.5103530883789
2022-11-15 03:58:28,743 - INFO: global_step=275679, episodic_return=-53.91411209106445
2022-11-15 03:58:31,230 - INFO: global_step=276679, episodic_return=-48.098209381103516
2022-11-15 03:58:33,194 - INFO: global_step=277679, episodic_return=-33.417381286621094
2022-11-15 03:58:34,670 - INFO: global_step=278679, episodic_return=-90.96843719482422
2022-11-15 03:58:35,982 - INFO: global_step=279679, episodic_return=-71.1190414428711
2022-11-15 03:58:38,272 - INFO: global_step=280679, episodic_return=-23.265138626098633
2022-11-15 03:58:40,627 - INFO: global_step=281679, episodic_return=-5.653304100036621
2022-11-15 03:58:42,332 - INFO: global_step=282679, episodic_return=-60.46299743652344
2022-11-15 03:58:44,402 - INFO: global_step=283679, episodic_return=-98.04618835449219
2022-11-15 03:58:46,433 - INFO: global_step=284679, episodic_return=-62.95486831665039
2022-11-15 03:58:48,407 - INFO: global_step=285679, episodic_return=-27.220382690429688
2022-11-15 03:58:50,543 - INFO: global_step=286679, episodic_return=-64.06660461425781
2022-11-15 03:58:52,596 - INFO: global_step=287679, episodic_return=-59.56688690185547
2022-11-15 03:58:54,877 - INFO: global_step=288679, episodic_return=-119.65032196044922
2022-11-15 03:58:56,666 - INFO: global_step=289679, episodic_return=-33.172027587890625
2022-11-15 03:58:58,374 - INFO: global_step=290679, episodic_return=-109.5936050415039
2022-11-15 03:59:00,150 - INFO: global_step=291679, episodic_return=-88.40616607666016
2022-11-15 03:59:01,736 - INFO: global_step=292679, episodic_return=-44.55417251586914
2022-11-15 03:59:04,467 - INFO: global_step=293679, episodic_return=-23.336605072021484
2022-11-15 03:59:06,321 - INFO: global_step=294679, episodic_return=-95.41797637939453
2022-11-15 03:59:08,483 - INFO: global_step=295679, episodic_return=-80.01223754882812
2022-11-15 03:59:10,306 - INFO: global_step=296679, episodic_return=-125.43533325195312
2022-11-15 03:59:12,280 - INFO: global_step=297679, episodic_return=-85.74602508544922
2022-11-15 03:59:13,758 - INFO: global_step=298679, episodic_return=-45.17355728149414
2022-11-15 03:59:15,975 - INFO: global_step=299679, episodic_return=-44.23632049560547
2022-11-15 03:59:17,799 - INFO: global_step=300679, episodic_return=-45.58961868286133
2022-11-15 03:59:19,991 - INFO: global_step=301679, episodic_return=-48.91791915893555
2022-11-15 03:59:21,706 - INFO: global_step=302679, episodic_return=-29.802968978881836
2022-11-15 03:59:23,810 - INFO: global_step=303679, episodic_return=-92.24394989013672
2022-11-15 03:59:25,690 - INFO: global_step=304679, episodic_return=-77.87835693359375
2022-11-15 03:59:28,742 - INFO: global_step=305679, episodic_return=-49.85350799560547
2022-11-15 03:59:30,661 - INFO: global_step=306679, episodic_return=-88.22307586669922
2022-11-15 03:59:32,320 - INFO: global_step=307679, episodic_return=-103.99226379394531
2022-11-15 03:59:34,367 - INFO: global_step=308679, episodic_return=-118.64334869384766
2022-11-15 03:59:35,891 - INFO: global_step=309679, episodic_return=-45.40200424194336
2022-11-15 03:59:37,797 - INFO: global_step=310679, episodic_return=-42.084938049316406
2022-11-15 03:59:39,732 - INFO: global_step=311679, episodic_return=-73.06472778320312
2022-11-15 03:59:41,918 - INFO: global_step=312679, episodic_return=-99.4642562866211
2022-11-15 03:59:43,923 - INFO: global_step=313679, episodic_return=-54.94327926635742
2022-11-15 03:59:46,075 - INFO: global_step=314679, episodic_return=-96.11299896240234
2022-11-15 03:59:48,990 - INFO: global_step=315679, episodic_return=-95.03800201416016
2022-11-15 03:59:50,424 - INFO: global_step=316679, episodic_return=-55.38410186767578
2022-11-15 03:59:53,256 - INFO: global_step=317679, episodic_return=-70.3532485961914
2022-11-15 03:59:54,875 - INFO: global_step=318679, episodic_return=-88.83505249023438
2022-11-15 03:59:56,696 - INFO: global_step=319679, episodic_return=-62.07343673706055
2022-11-15 03:59:58,481 - INFO: global_step=320679, episodic_return=-63.05138397216797
2022-11-15 04:00:00,004 - INFO: global_step=321679, episodic_return=-69.55503845214844
2022-11-15 04:00:01,561 - INFO: global_step=322679, episodic_return=-0.49626022577285767
2022-11-15 04:00:03,392 - INFO: global_step=323679, episodic_return=-89.5443344116211
2022-11-15 04:00:05,808 - INFO: global_step=324679, episodic_return=-100.3262939453125
2022-11-15 04:00:07,730 - INFO: global_step=325679, episodic_return=55.961734771728516
2022-11-15 04:00:09,775 - INFO: global_step=326679, episodic_return=-65.21694946289062
2022-11-15 04:00:09,923 - INFO: global_step=326843, episodic_return=-33.53876495361328
2022-11-15 04:00:10,791 - INFO: global_step=327467, episodic_return=220.6982421875
2022-11-15 04:00:10,937 - INFO: global_step=327647, episodic_return=-45.26399612426758
2022-11-15 04:00:12,874 - INFO: global_step=328647, episodic_return=-10.371320724487305
2022-11-15 04:00:12,976 - INFO: global_step=328762, episodic_return=4.573524475097656
2022-11-15 04:00:14,637 - INFO: global_step=329762, episodic_return=-64.34166717529297
2022-11-15 04:00:16,518 - INFO: global_step=330762, episodic_return=-46.85015106201172
2022-11-15 04:00:19,341 - INFO: global_step=331762, episodic_return=-67.78063201904297
2022-11-15 04:00:21,270 - INFO: global_step=332762, episodic_return=-111.99649047851562
2022-11-15 04:00:23,038 - INFO: global_step=333762, episodic_return=-108.11595153808594
2022-11-15 04:00:24,464 - INFO: global_step=334762, episodic_return=-16.693639755249023
2022-11-15 04:00:26,098 - INFO: global_step=335762, episodic_return=-86.12229919433594
2022-11-15 04:00:27,473 - INFO: global_step=336762, episodic_return=-24.568130493164062
2022-11-15 04:00:29,053 - INFO: global_step=337762, episodic_return=-28.405838012695312
2022-11-15 04:00:31,000 - INFO: global_step=338762, episodic_return=26.973020553588867
2022-11-15 04:00:33,104 - INFO: global_step=339762, episodic_return=-33.84331512451172
2022-11-15 04:00:35,191 - INFO: global_step=340762, episodic_return=-14.057217597961426
2022-11-15 04:00:37,564 - INFO: global_step=341762, episodic_return=-67.6886215209961
2022-11-15 04:00:40,028 - INFO: global_step=342762, episodic_return=-82.7447509765625
2022-11-15 04:00:42,200 - INFO: global_step=343762, episodic_return=-45.77019500732422
2022-11-15 04:00:44,018 - INFO: global_step=344762, episodic_return=-7.98682165145874
2022-11-15 04:00:46,305 - INFO: global_step=345762, episodic_return=-59.32522201538086
2022-11-15 04:00:48,636 - INFO: global_step=346762, episodic_return=-74.59358215332031
2022-11-15 04:00:51,177 - INFO: global_step=347762, episodic_return=-59.349769592285156
2022-11-15 04:00:53,747 - INFO: global_step=348762, episodic_return=-72.62090301513672
2022-11-15 04:00:56,112 - INFO: global_step=349762, episodic_return=-44.92976760864258
2022-11-15 04:00:58,224 - INFO: global_step=350762, episodic_return=-19.671737670898438
2022-11-15 04:01:00,636 - INFO: global_step=351762, episodic_return=-37.993011474609375
2022-11-15 04:01:03,205 - INFO: global_step=352762, episodic_return=-49.25060272216797
2022-11-15 04:01:04,794 - INFO: global_step=353762, episodic_return=21.418190002441406
2022-11-15 04:01:06,707 - INFO: global_step=354762, episodic_return=-44.144920349121094
2022-11-15 04:01:08,408 - INFO: global_step=355762, episodic_return=5.87348747253418
2022-11-15 04:01:10,452 - INFO: global_step=356762, episodic_return=-7.09954309463501
2022-11-15 04:01:12,878 - INFO: global_step=357762, episodic_return=-46.21590805053711
2022-11-15 04:01:14,418 - INFO: global_step=358762, episodic_return=-53.98356628417969
2022-11-15 04:01:16,305 - INFO: global_step=359762, episodic_return=-5.285415172576904
2022-11-15 04:01:17,699 - INFO: global_step=360762, episodic_return=-34.60101318359375
2022-11-15 04:01:19,228 - INFO: global_step=361762, episodic_return=-28.823213577270508
2022-11-15 04:01:20,972 - INFO: global_step=362762, episodic_return=-101.96989440917969
2022-11-15 04:01:22,810 - INFO: global_step=363762, episodic_return=-75.97006225585938
2022-11-15 04:01:23,529 - INFO: global_step=364245, episodic_return=256.6202392578125
2022-11-15 04:01:24,166 - INFO: global_step=364801, episodic_return=-1.6326065063476562
2022-11-15 04:01:25,835 - INFO: global_step=365801, episodic_return=-27.17788314819336
2022-11-15 04:01:27,469 - INFO: global_step=366801, episodic_return=-21.7393741607666
2022-11-15 04:01:30,045 - INFO: global_step=367801, episodic_return=-42.01924514770508
2022-11-15 04:01:31,939 - INFO: global_step=368801, episodic_return=-33.96168899536133
2022-11-15 04:01:34,099 - INFO: global_step=369801, episodic_return=-64.50379943847656
2022-11-15 04:01:36,776 - INFO: global_step=370801, episodic_return=-78.15946197509766
2022-11-15 04:01:38,197 - INFO: global_step=371801, episodic_return=-38.880123138427734
2022-11-15 04:01:40,191 - INFO: global_step=372801, episodic_return=-16.71309471130371
2022-11-15 04:01:42,207 - INFO: global_step=373801, episodic_return=-55.166107177734375
2022-11-15 04:01:44,455 - INFO: global_step=374801, episodic_return=-39.4888916015625
2022-11-15 04:01:44,552 - INFO: global_step=374894, episodic_return=-45.66152572631836
2022-11-15 04:01:46,035 - INFO: global_step=375894, episodic_return=-55.84794998168945
2022-11-15 04:01:46,181 - INFO: global_step=376059, episodic_return=-70.08726501464844
2022-11-15 04:01:47,312 - INFO: global_step=376862, episodic_return=178.89816284179688
2022-11-15 04:01:49,434 - INFO: global_step=377862, episodic_return=11.63815689086914
2022-11-15 04:01:51,184 - INFO: global_step=378862, episodic_return=70.29322052001953
2022-11-15 04:01:53,253 - INFO: global_step=379862, episodic_return=-46.29754638671875
2022-11-15 04:01:54,808 - INFO: global_step=380862, episodic_return=-29.25800895690918
2022-11-15 04:01:56,720 - INFO: global_step=381862, episodic_return=5.045726299285889
2022-11-15 04:01:57,083 - INFO: global_step=382224, episodic_return=273.93463134765625
2022-11-15 04:01:58,875 - INFO: global_step=383138, episodic_return=136.4477081298828
2022-11-15 04:02:00,631 - INFO: global_step=384094, episodic_return=146.46072387695312
2022-11-15 04:02:01,976 - INFO: global_step=384829, episodic_return=191.427490234375
2022-11-15 04:02:03,955 - INFO: global_step=385829, episodic_return=-25.38715934753418
2022-11-15 04:02:05,084 - INFO: global_step=386545, episodic_return=181.61004638671875
2022-11-15 04:02:06,877 - INFO: global_step=387376, episodic_return=138.68519592285156
2022-11-15 04:02:08,127 - INFO: global_step=388021, episodic_return=164.7958984375
2022-11-15 04:02:09,039 - INFO: global_step=388586, episodic_return=206.03347778320312
2022-11-15 04:02:10,232 - INFO: global_step=389402, episodic_return=-239.2558135986328
2022-11-15 04:02:11,204 - INFO: global_step=390016, episodic_return=140.63221740722656
2022-11-15 04:02:11,729 - INFO: global_step=390446, episodic_return=-43.81672668457031
2022-11-15 04:02:12,123 - INFO: global_step=390812, episodic_return=270.44805908203125
2022-11-15 04:02:12,902 - INFO: global_step=391251, episodic_return=231.44651794433594
2022-11-15 04:02:14,106 - INFO: global_step=391821, episodic_return=214.92465209960938
2022-11-15 04:02:15,123 - INFO: global_step=392279, episodic_return=-9.736183166503906
2022-11-15 04:02:16,985 - INFO: global_step=392966, episodic_return=-67.80220031738281
2022-11-15 04:02:17,762 - INFO: global_step=393460, episodic_return=-28.754058837890625
2022-11-15 04:02:18,804 - INFO: global_step=394158, episodic_return=162.97239685058594
2022-11-15 04:02:18,883 - INFO: global_step=394262, episodic_return=-93.00009155273438
2022-11-15 04:02:19,340 - INFO: global_step=394685, episodic_return=202.11566162109375
2022-11-15 04:02:22,111 - INFO: global_step=395685, episodic_return=-33.640380859375
2022-11-15 04:02:22,728 - INFO: global_step=396155, episodic_return=246.1590576171875
2022-11-15 04:02:25,111 - INFO: global_step=397155, episodic_return=53.12071228027344
2022-11-15 04:02:27,321 - INFO: global_step=398155, episodic_return=118.01192474365234
2022-11-15 04:02:28,049 - INFO: global_step=398706, episodic_return=207.4146728515625
2022-11-15 04:02:29,858 - INFO: global_step=399706, episodic_return=50.61314392089844
2022-11-15 04:02:31,618 - INFO: global_step=400706, episodic_return=-2.558408498764038
2022-11-15 04:02:33,923 - INFO: global_step=401706, episodic_return=-90.18763732910156
2022-11-15 04:02:36,282 - INFO: global_step=402706, episodic_return=-34.64607620239258
2022-11-15 04:02:38,923 - INFO: global_step=403706, episodic_return=74.61071014404297
2022-11-15 04:02:41,562 - INFO: global_step=404706, episodic_return=-27.5853271484375
2022-11-15 04:02:43,834 - INFO: global_step=405706, episodic_return=142.2799530029297
2022-11-15 04:02:45,953 - INFO: global_step=406706, episodic_return=-5.395875930786133
2022-11-15 04:02:48,292 - INFO: global_step=407706, episodic_return=-82.97525024414062
2022-11-15 04:02:50,227 - INFO: global_step=408706, episodic_return=-41.02714538574219
2022-11-15 04:02:52,758 - INFO: global_step=409706, episodic_return=6.010292053222656
2022-11-15 04:02:54,425 - INFO: global_step=410543, episodic_return=175.52337646484375
2022-11-15 04:02:56,796 - INFO: global_step=411507, episodic_return=120.57007598876953
2022-11-15 04:02:58,886 - INFO: global_step=412507, episodic_return=-16.23617172241211
2022-11-15 04:03:00,476 - INFO: global_step=413283, episodic_return=98.31900024414062
2022-11-15 04:03:02,025 - INFO: global_step=414195, episodic_return=99.9468994140625
2022-11-15 04:03:03,827 - INFO: global_step=414980, episodic_return=94.60734558105469
2022-11-15 04:03:04,812 - INFO: global_step=415745, episodic_return=-65.90562438964844
2022-11-15 04:03:06,287 - INFO: global_step=416495, episodic_return=154.3565673828125
2022-11-15 04:03:07,389 - INFO: global_step=417294, episodic_return=168.9854736328125
2022-11-15 04:03:08,517 - INFO: global_step=417915, episodic_return=126.46871948242188
2022-11-15 04:03:10,198 - INFO: global_step=418785, episodic_return=138.54718017578125
2022-11-15 04:03:11,062 - INFO: global_step=419349, episodic_return=199.24044799804688
2022-11-15 04:03:12,957 - INFO: global_step=420349, episodic_return=52.332794189453125
2022-11-15 04:03:14,989 - INFO: global_step=421349, episodic_return=-2.3439955711364746
2022-11-15 04:03:16,125 - INFO: global_step=421974, episodic_return=184.2617950439453
2022-11-15 04:03:17,868 - INFO: global_step=422931, episodic_return=118.89422607421875
2022-11-15 04:03:19,909 - INFO: global_step=423751, episodic_return=134.78648376464844
2022-11-15 04:03:20,906 - INFO: global_step=424400, episodic_return=174.1259765625
2022-11-15 04:03:22,092 - INFO: global_step=425020, episodic_return=177.3390655517578
2022-11-15 04:03:23,627 - INFO: global_step=425817, episodic_return=136.7539520263672
2022-11-15 04:03:24,944 - INFO: global_step=426645, episodic_return=221.9005126953125
2022-11-15 04:03:25,780 - INFO: global_step=427257, episodic_return=200.89920043945312
2022-11-15 04:03:27,482 - INFO: global_step=428089, episodic_return=145.81649780273438
2022-11-15 04:03:29,088 - INFO: global_step=428923, episodic_return=179.20541381835938
2022-11-15 04:03:30,135 - INFO: global_step=429777, episodic_return=129.58267211914062
2022-11-15 04:03:30,943 - INFO: global_step=430347, episodic_return=215.15847778320312
2022-11-15 04:03:31,484 - INFO: global_step=430776, episodic_return=240.6896514892578
2022-11-15 04:03:32,331 - INFO: global_step=431354, episodic_return=197.5772247314453
2022-11-15 04:03:33,393 - INFO: global_step=431859, episodic_return=207.18328857421875
2022-11-15 04:03:33,746 - INFO: global_step=432188, episodic_return=261.26019287109375
2022-11-15 04:03:34,706 - INFO: global_step=432761, episodic_return=194.0734405517578
2022-11-15 04:03:35,607 - INFO: global_step=433354, episodic_return=205.96487426757812
2022-11-15 04:03:36,209 - INFO: global_step=433818, episodic_return=208.75375366210938
2022-11-15 04:03:36,754 - INFO: global_step=434261, episodic_return=205.06089782714844
2022-11-15 04:03:37,879 - INFO: global_step=434920, episodic_return=209.5060577392578
2022-11-15 04:03:38,288 - INFO: global_step=435258, episodic_return=238.8165283203125
2022-11-15 04:03:38,679 - INFO: global_step=435590, episodic_return=263.7916259765625
2022-11-15 04:03:39,112 - INFO: global_step=435928, episodic_return=232.3070526123047
2022-11-15 04:03:40,226 - INFO: global_step=436630, episodic_return=264.9695739746094
2022-11-15 04:03:40,910 - INFO: global_step=437164, episodic_return=235.6460418701172
2022-11-15 04:03:41,319 - INFO: global_step=437515, episodic_return=222.76654052734375
2022-11-15 04:03:41,699 - INFO: global_step=437865, episodic_return=246.78619384765625
2022-11-15 04:03:41,932 - INFO: global_step=438090, episodic_return=50.96148681640625
2022-11-15 04:03:42,530 - INFO: global_step=438488, episodic_return=269.88055419921875
2022-11-15 04:03:42,810 - INFO: global_step=438717, episodic_return=-44.8708610534668
2022-11-15 04:03:44,891 - INFO: global_step=439646, episodic_return=140.87020874023438
2022-11-15 04:03:45,496 - INFO: global_step=440016, episodic_return=193.46876525878906
2022-11-15 04:03:45,994 - INFO: global_step=440427, episodic_return=239.38401794433594
2022-11-15 04:03:47,526 - INFO: global_step=441305, episodic_return=-254.15249633789062
2022-11-15 04:03:47,943 - INFO: global_step=441712, episodic_return=266.7519226074219
2022-11-15 04:03:48,439 - INFO: global_step=442103, episodic_return=254.0865936279297
2022-11-15 04:03:48,896 - INFO: global_step=442502, episodic_return=244.2702178955078
2022-11-15 04:03:49,453 - INFO: global_step=442992, episodic_return=223.08895874023438
2022-11-15 04:03:50,138 - INFO: global_step=443517, episodic_return=226.66259765625
2022-11-15 04:03:51,240 - INFO: global_step=444305, episodic_return=146.7794647216797
2022-11-15 04:03:53,384 - INFO: global_step=445305, episodic_return=-79.06747436523438
2022-11-15 04:03:56,067 - INFO: global_step=446305, episodic_return=-29.403108596801758
2022-11-15 04:03:57,643 - INFO: global_step=447305, episodic_return=-56.26884460449219
2022-11-15 04:03:59,515 - INFO: global_step=448305, episodic_return=-55.202301025390625
2022-11-15 04:04:00,578 - INFO: global_step=448908, episodic_return=235.8795928955078
2022-11-15 04:04:01,230 - INFO: global_step=449426, episodic_return=230.81703186035156
2022-11-15 04:04:02,969 - INFO: global_step=450426, episodic_return=-123.09058380126953
2022-11-15 04:04:03,600 - INFO: global_step=450927, episodic_return=257.07080078125
2022-11-15 04:04:04,620 - INFO: global_step=451503, episodic_return=222.05160522460938
2022-11-15 04:04:06,137 - INFO: global_step=452192, episodic_return=186.92648315429688
2022-11-15 04:04:07,395 - INFO: global_step=452890, episodic_return=152.3852996826172
2022-11-15 04:04:09,016 - INFO: global_step=453671, episodic_return=163.18519592285156
2022-11-15 04:04:09,982 - INFO: global_step=454262, episodic_return=180.69537353515625
2022-11-15 04:04:10,774 - INFO: global_step=454796, episodic_return=201.52066040039062
2022-11-15 04:04:11,776 - INFO: global_step=455406, episodic_return=167.31228637695312
2022-11-15 04:04:12,465 - INFO: global_step=455893, episodic_return=222.93600463867188
2022-11-15 04:04:13,371 - INFO: global_step=456451, episodic_return=175.80703735351562
2022-11-15 04:04:13,791 - INFO: global_step=456849, episodic_return=259.5543212890625
2022-11-15 04:04:13,935 - INFO: global_step=457024, episodic_return=52.17381286621094
2022-11-15 04:04:14,412 - INFO: global_step=457488, episodic_return=280.54718017578125
2022-11-15 04:04:14,826 - INFO: global_step=457866, episodic_return=284.39569091796875
2022-11-15 04:04:15,532 - INFO: global_step=458367, episodic_return=191.3903350830078
2022-11-15 04:04:15,916 - INFO: global_step=458757, episodic_return=252.3627471923828
2022-11-15 04:04:16,235 - INFO: global_step=459089, episodic_return=270.7047424316406
2022-11-15 04:04:16,771 - INFO: global_step=459464, episodic_return=285.3463134765625
2022-11-15 04:04:17,335 - INFO: global_step=459845, episodic_return=267.49102783203125
2022-11-15 04:04:18,033 - INFO: global_step=460278, episodic_return=239.70486450195312
2022-11-15 04:04:18,397 - INFO: global_step=460611, episodic_return=227.87911987304688
2022-11-15 04:04:18,792 - INFO: global_step=460973, episodic_return=250.2330322265625
2022-11-15 04:04:19,248 - INFO: global_step=461379, episodic_return=251.28871154785156
2022-11-15 04:04:19,723 - INFO: global_step=461779, episodic_return=217.67144775390625
2022-11-15 04:04:20,178 - INFO: global_step=462198, episodic_return=243.60256958007812
2022-11-15 04:04:20,858 - INFO: global_step=462646, episodic_return=223.8029022216797
2022-11-15 04:04:21,594 - INFO: global_step=463148, episodic_return=220.64691162109375
2022-11-15 04:04:22,063 - INFO: global_step=463513, episodic_return=283.60015869140625
2022-11-15 04:04:22,780 - INFO: global_step=464003, episodic_return=199.77830505371094
2022-11-15 04:04:23,222 - INFO: global_step=464408, episodic_return=254.45774841308594
2022-11-15 04:04:23,942 - INFO: global_step=464903, episodic_return=225.44735717773438
2022-11-15 04:04:24,657 - INFO: global_step=465336, episodic_return=236.58436584472656
2022-11-15 04:04:25,243 - INFO: global_step=465826, episodic_return=244.99171447753906
2022-11-15 04:04:25,803 - INFO: global_step=466286, episodic_return=216.04046630859375
2022-11-15 04:04:26,720 - INFO: global_step=466887, episodic_return=208.16275024414062
2022-11-15 04:04:28,103 - INFO: global_step=467735, episodic_return=178.8755645751953
2022-11-15 04:04:28,666 - INFO: global_step=468136, episodic_return=248.7633819580078
2022-11-15 04:04:30,170 - INFO: global_step=469125, episodic_return=102.14402770996094
2022-11-15 04:04:31,562 - INFO: global_step=470125, episodic_return=-12.883587837219238
2022-11-15 04:04:33,962 - INFO: global_step=471125, episodic_return=-105.2184829711914
2022-11-15 04:04:35,512 - INFO: global_step=471896, episodic_return=189.57272338867188
2022-11-15 04:04:37,888 - INFO: global_step=472896, episodic_return=-54.08076477050781
2022-11-15 04:04:40,098 - INFO: global_step=473896, episodic_return=-95.7258071899414
2022-11-15 04:04:42,036 - INFO: global_step=474896, episodic_return=-60.105831146240234
2022-11-15 04:04:42,973 - INFO: global_step=475529, episodic_return=229.49806213378906
2022-11-15 04:04:43,677 - INFO: global_step=476055, episodic_return=232.16793823242188
2022-11-15 04:04:45,636 - INFO: global_step=477055, episodic_return=-65.77767181396484
2022-11-15 04:04:47,701 - INFO: global_step=477953, episodic_return=-56.34953689575195
2022-11-15 04:04:48,559 - INFO: global_step=478504, episodic_return=262.50701904296875
2022-11-15 04:04:49,419 - INFO: global_step=479059, episodic_return=170.90341186523438
2022-11-15 04:04:50,335 - INFO: global_step=479613, episodic_return=180.252197265625
2022-11-15 04:04:51,289 - INFO: global_step=480272, episodic_return=-421.3553771972656
2022-11-15 04:04:52,088 - INFO: global_step=480812, episodic_return=215.48519897460938
2022-11-15 04:04:52,737 - INFO: global_step=481341, episodic_return=207.48165893554688
2022-11-15 04:04:53,586 - INFO: global_step=481941, episodic_return=193.44558715820312
2022-11-15 04:04:54,077 - INFO: global_step=482337, episodic_return=245.49969482421875
2022-11-15 04:04:54,957 - INFO: global_step=482937, episodic_return=239.72433471679688
2022-11-15 04:04:55,404 - INFO: global_step=483333, episodic_return=203.167236328125
2022-11-15 04:04:56,235 - INFO: global_step=484027, episodic_return=186.5437469482422
2022-11-15 04:04:57,132 - INFO: global_step=484637, episodic_return=219.77903747558594
2022-11-15 04:04:57,500 - INFO: global_step=485012, episodic_return=254.97108459472656
2022-11-15 04:04:57,995 - INFO: global_step=485422, episodic_return=247.4033966064453
2022-11-15 04:04:58,426 - INFO: global_step=485793, episodic_return=255.08836364746094
2022-11-15 04:04:58,792 - INFO: global_step=486154, episodic_return=277.96234130859375
2022-11-15 04:04:59,188 - INFO: global_step=486510, episodic_return=205.9752655029297
2022-11-15 04:04:59,627 - INFO: global_step=486878, episodic_return=225.00405883789062
2022-11-15 04:05:00,093 - INFO: global_step=487232, episodic_return=210.3939971923828
2022-11-15 04:05:00,573 - INFO: global_step=487616, episodic_return=222.67791748046875
2022-11-15 04:05:00,970 - INFO: global_step=487967, episodic_return=240.00880432128906
2022-11-15 04:05:01,382 - INFO: global_step=488329, episodic_return=231.93069458007812
2022-11-15 04:05:01,797 - INFO: global_step=488697, episodic_return=268.5921325683594
2022-11-15 04:05:02,219 - INFO: global_step=489056, episodic_return=268.3403015136719
2022-11-15 04:05:02,703 - INFO: global_step=489471, episodic_return=243.4526824951172
2022-11-15 04:05:03,310 - INFO: global_step=489936, episodic_return=208.52566528320312
2022-11-15 04:05:04,244 - INFO: global_step=490599, episodic_return=183.83343505859375
2022-11-15 04:05:05,484 - INFO: global_step=491216, episodic_return=190.21331787109375
2022-11-15 04:05:06,033 - INFO: global_step=491654, episodic_return=218.55880737304688
2022-11-15 04:05:06,429 - INFO: global_step=491995, episodic_return=270.7003173828125
2022-11-15 04:05:07,158 - INFO: global_step=492560, episodic_return=162.46859741210938
2022-11-15 04:05:07,614 - INFO: global_step=492951, episodic_return=248.17237854003906
2022-11-15 04:05:08,230 - INFO: global_step=493432, episodic_return=185.92503356933594
2022-11-15 04:05:08,855 - INFO: global_step=493916, episodic_return=198.30850219726562
2022-11-15 04:05:09,563 - INFO: global_step=494462, episodic_return=175.202880859375
2022-11-15 04:05:11,351 - INFO: global_step=495462, episodic_return=-28.100265502929688
2022-11-15 04:05:12,419 - INFO: global_step=496059, episodic_return=185.18768310546875
2022-11-15 04:05:14,396 - INFO: global_step=497059, episodic_return=-46.585784912109375
2022-11-15 04:05:15,647 - INFO: global_step=497770, episodic_return=-120.4382095336914
2022-11-15 04:05:17,951 - INFO: global_step=498676, episodic_return=108.52110290527344
2022-11-15 04:05:19,987 - INFO: global_step=499676, episodic_return=-10.75836181640625
2022-11-15 04:05:20,274 - INFO: The average reward of last 20 steps: 157.10254554748536
