2022-11-15 07:37:17,193 - INFO: +--------------------------+----------------+
| Parameter                | Value          |
+--------------------------+----------------+
| exp_name                 | dqn            |
+--------------------------+----------------+
| seed                     | 42             |
+--------------------------+----------------+
| total_timesteps          | 500000         |
+--------------------------+----------------+
| learning_rate            | 0.001          |
+--------------------------+----------------+
| buffer_size              | 2000           |
+--------------------------+----------------+
| gamma                    | 0.982          |
+--------------------------+----------------+
| target_network_frequency | 50             |
+--------------------------+----------------+
| batch_size               | 128            |
+--------------------------+----------------+
| start_e                  | 0.300          |
+--------------------------+----------------+
| end_e                    | 0.050          |
+--------------------------+----------------+
| exploration_fraction     | 0.200          |
+--------------------------+----------------+
| learning_starts          | 10000          |
+--------------------------+----------------+
| train_frequency          | 10             |
+--------------------------+----------------+
| env_id                   | LunarLander-v2 |
+--------------------------+----------------+
2022-11-15 07:37:19,382 - INFO: global_step=111, episodic_return=-611.77490234375
2022-11-15 07:37:19,403 - INFO: global_step=172, episodic_return=-122.97918701171875
2022-11-15 07:37:19,423 - INFO: global_step=228, episodic_return=-94.93672180175781
2022-11-15 07:37:19,453 - INFO: global_step=311, episodic_return=-406.9200134277344
2022-11-15 07:37:19,480 - INFO: global_step=380, episodic_return=-112.57621765136719
2022-11-15 07:37:19,525 - INFO: global_step=495, episodic_return=-479.4324645996094
2022-11-15 07:37:19,558 - INFO: global_step=573, episodic_return=-398.597900390625
2022-11-15 07:37:19,613 - INFO: global_step=713, episodic_return=-640.2501220703125
2022-11-15 07:37:19,654 - INFO: global_step=814, episodic_return=-671.2049560546875
2022-11-15 07:37:19,704 - INFO: global_step=934, episodic_return=-627.7997436523438
2022-11-15 07:37:19,775 - INFO: global_step=1101, episodic_return=-776.7139282226562
2022-11-15 07:37:19,794 - INFO: global_step=1154, episodic_return=-118.8988037109375
2022-11-15 07:37:19,928 - INFO: global_step=1421, episodic_return=-1337.0836181640625
2022-11-15 07:37:19,973 - INFO: global_step=1532, episodic_return=-613.1895751953125
2022-11-15 07:37:20,034 - INFO: global_step=1678, episodic_return=-853.3927001953125
2022-11-15 07:37:20,058 - INFO: global_step=1742, episodic_return=-155.0596466064453
2022-11-15 07:37:20,080 - INFO: global_step=1806, episodic_return=-137.14515686035156
2022-11-15 07:37:20,100 - INFO: global_step=1864, episodic_return=-124.25537109375
2022-11-15 07:37:20,123 - INFO: global_step=1932, episodic_return=-125.16206359863281
2022-11-15 07:37:20,153 - INFO: global_step=2013, episodic_return=-608.677734375
2022-11-15 07:37:20,217 - INFO: global_step=2167, episodic_return=-820.8221435546875
2022-11-15 07:37:20,240 - INFO: global_step=2230, episodic_return=-466.8965148925781
2022-11-15 07:37:20,293 - INFO: global_step=2335, episodic_return=-133.58132934570312
2022-11-15 07:37:20,326 - INFO: global_step=2396, episodic_return=-90.03483581542969
2022-11-15 07:37:20,384 - INFO: global_step=2490, episodic_return=-607.40234375
2022-11-15 07:37:20,425 - INFO: global_step=2562, episodic_return=-136.800048828125
2022-11-15 07:37:20,469 - INFO: global_step=2666, episodic_return=-648.0786743164062
2022-11-15 07:37:20,490 - INFO: global_step=2723, episodic_return=-168.1992950439453
2022-11-15 07:37:20,511 - INFO: global_step=2781, episodic_return=-101.7591781616211
2022-11-15 07:37:20,529 - INFO: global_step=2834, episodic_return=-118.16949462890625
2022-11-15 07:37:20,610 - INFO: global_step=3018, episodic_return=-855.9420166015625
2022-11-15 07:37:20,641 - INFO: global_step=3102, episodic_return=-406.35015869140625
2022-11-15 07:37:20,673 - INFO: global_step=3186, episodic_return=-631.0160522460938
2022-11-15 07:37:20,745 - INFO: global_step=3349, episodic_return=-963.9525756835938
2022-11-15 07:37:20,792 - INFO: global_step=3472, episodic_return=-656.51953125
2022-11-15 07:37:20,811 - INFO: global_step=3524, episodic_return=-113.78466796875
2022-11-15 07:37:20,837 - INFO: global_step=3591, episodic_return=-158.05838012695312
2022-11-15 07:37:20,861 - INFO: global_step=3653, episodic_return=-109.021728515625
2022-11-15 07:37:20,893 - INFO: global_step=3736, episodic_return=-474.1521911621094
2022-11-15 07:37:20,917 - INFO: global_step=3799, episodic_return=-111.09556579589844
2022-11-15 07:37:20,966 - INFO: global_step=3903, episodic_return=-567.6739501953125
2022-11-15 07:37:21,008 - INFO: global_step=3979, episodic_return=-577.5192260742188
2022-11-15 07:37:21,038 - INFO: global_step=4048, episodic_return=-122.63793182373047
2022-11-15 07:37:21,088 - INFO: global_step=4161, episodic_return=-207.12503051757812
2022-11-15 07:37:21,114 - INFO: global_step=4221, episodic_return=-117.5927505493164
2022-11-15 07:37:21,154 - INFO: global_step=4314, episodic_return=-651.297119140625
2022-11-15 07:37:21,179 - INFO: global_step=4373, episodic_return=-119.31659698486328
2022-11-15 07:37:21,310 - INFO: global_step=4615, episodic_return=-1291.8433837890625
2022-11-15 07:37:21,341 - INFO: global_step=4701, episodic_return=-398.6747131347656
2022-11-15 07:37:21,384 - INFO: global_step=4808, episodic_return=-508.1224365234375
2022-11-15 07:37:21,416 - INFO: global_step=4884, episodic_return=-444.4327087402344
2022-11-15 07:37:21,463 - INFO: global_step=4977, episodic_return=-539.1484375
2022-11-15 07:37:21,487 - INFO: global_step=5038, episodic_return=-132.35946655273438
2022-11-15 07:37:21,535 - INFO: global_step=5153, episodic_return=-799.0679931640625
2022-11-15 07:37:21,572 - INFO: global_step=5235, episodic_return=-382.0466613769531
2022-11-15 07:37:21,658 - INFO: global_step=5414, episodic_return=-916.45654296875
2022-11-15 07:37:21,751 - INFO: global_step=5584, episodic_return=-841.2320556640625
2022-11-15 07:37:21,786 - INFO: global_step=5671, episodic_return=-614.02197265625
2022-11-15 07:37:21,810 - INFO: global_step=5733, episodic_return=-124.4280014038086
2022-11-15 07:37:21,830 - INFO: global_step=5788, episodic_return=-68.91316223144531
2022-11-15 07:37:21,867 - INFO: global_step=5880, episodic_return=-670.9823608398438
2022-11-15 07:37:21,887 - INFO: global_step=5933, episodic_return=-404.1424255371094
2022-11-15 07:37:21,919 - INFO: global_step=6015, episodic_return=-473.8526611328125
2022-11-15 07:37:22,097 - INFO: global_step=6306, episodic_return=-1011.8949584960938
2022-11-15 07:37:22,120 - INFO: global_step=6363, episodic_return=-437.471435546875
2022-11-15 07:37:22,181 - INFO: global_step=6494, episodic_return=-868.269287109375
2022-11-15 07:37:22,203 - INFO: global_step=6549, episodic_return=-115.82953643798828
2022-11-15 07:37:22,222 - INFO: global_step=6604, episodic_return=-417.7929382324219
2022-11-15 07:37:22,256 - INFO: global_step=6684, episodic_return=-377.2945556640625
2022-11-15 07:37:22,292 - INFO: global_step=6767, episodic_return=-558.1694946289062
2022-11-15 07:37:22,323 - INFO: global_step=6835, episodic_return=-136.1625518798828
2022-11-15 07:37:22,448 - INFO: global_step=7072, episodic_return=-1000.76953125
2022-11-15 07:37:22,499 - INFO: global_step=7196, episodic_return=-752.7879638671875
2022-11-15 07:37:22,525 - INFO: global_step=7264, episodic_return=-121.1490478515625
2022-11-15 07:37:22,557 - INFO: global_step=7353, episodic_return=-118.78048706054688
2022-11-15 07:37:22,590 - INFO: global_step=7432, episodic_return=-436.3250427246094
2022-11-15 07:37:22,616 - INFO: global_step=7503, episodic_return=-564.2388916015625
2022-11-15 07:37:22,638 - INFO: global_step=7559, episodic_return=-129.0390625
2022-11-15 07:37:22,663 - INFO: global_step=7625, episodic_return=-586.5810546875
2022-11-15 07:37:22,684 - INFO: global_step=7684, episodic_return=-115.08647155761719
2022-11-15 07:37:22,721 - INFO: global_step=7784, episodic_return=-479.8660888671875
2022-11-15 07:37:22,910 - INFO: global_step=8107, episodic_return=-2138.19970703125
2022-11-15 07:37:22,931 - INFO: global_step=8164, episodic_return=-459.9253234863281
2022-11-15 07:37:22,967 - INFO: global_step=8254, episodic_return=-639.2274169921875
2022-11-15 07:37:22,990 - INFO: global_step=8318, episodic_return=-85.83204650878906
2022-11-15 07:37:23,027 - INFO: global_step=8418, episodic_return=-556.9549560546875
2022-11-15 07:37:23,061 - INFO: global_step=8497, episodic_return=-423.8629150390625
2022-11-15 07:37:23,085 - INFO: global_step=8566, episodic_return=-450.2355651855469
2022-11-15 07:37:23,116 - INFO: global_step=8653, episodic_return=-572.60693359375
2022-11-15 07:37:23,164 - INFO: global_step=8778, episodic_return=-636.3771362304688
2022-11-15 07:37:23,198 - INFO: global_step=8867, episodic_return=-437.9583435058594
2022-11-15 07:37:23,348 - INFO: global_step=9140, episodic_return=-1556.9716796875
2022-11-15 07:37:23,383 - INFO: global_step=9205, episodic_return=-129.64944458007812
2022-11-15 07:37:23,513 - INFO: global_step=9458, episodic_return=-1441.0867919921875
2022-11-15 07:37:23,574 - INFO: global_step=9612, episodic_return=-598.0850830078125
2022-11-15 07:37:23,593 - INFO: global_step=9668, episodic_return=-79.52119445800781
2022-11-15 07:37:23,616 - INFO: global_step=9731, episodic_return=-143.7302703857422
2022-11-15 07:37:23,650 - INFO: global_step=9821, episodic_return=-577.2353515625
2022-11-15 07:37:23,674 - INFO: global_step=9880, episodic_return=-522.064453125
2022-11-15 07:37:23,693 - INFO: global_step=9935, episodic_return=-108.18975830078125
2022-11-15 07:37:23,738 - INFO: global_step=10033, episodic_return=-558.0545654296875
2022-11-15 07:37:23,767 - INFO: global_step=10093, episodic_return=-122.47695922851562
2022-11-15 07:37:23,804 - INFO: global_step=10165, episodic_return=-327.987060546875
2022-11-15 07:37:23,829 - INFO: global_step=10218, episodic_return=-253.1384735107422
2022-11-15 07:37:23,858 - INFO: global_step=10279, episodic_return=-346.6907653808594
2022-11-15 07:37:23,907 - INFO: global_step=10364, episodic_return=-412.1657409667969
2022-11-15 07:37:23,936 - INFO: global_step=10429, episodic_return=-125.46656036376953
2022-11-15 07:37:23,970 - INFO: global_step=10502, episodic_return=-207.05564880371094
2022-11-15 07:37:24,007 - INFO: global_step=10582, episodic_return=-133.2776641845703
2022-11-15 07:37:24,050 - INFO: global_step=10664, episodic_return=-519.65185546875
2022-11-15 07:37:24,091 - INFO: global_step=10745, episodic_return=-610.9757080078125
2022-11-15 07:37:24,122 - INFO: global_step=10811, episodic_return=-295.35919189453125
2022-11-15 07:37:24,146 - INFO: global_step=10866, episodic_return=-103.43305206298828
2022-11-15 07:37:24,193 - INFO: global_step=10959, episodic_return=-111.27775573730469
2022-11-15 07:37:24,220 - INFO: global_step=11012, episodic_return=-148.34854125976562
2022-11-15 07:37:24,263 - INFO: global_step=11110, episodic_return=-129.8538360595703
2022-11-15 07:37:24,303 - INFO: global_step=11201, episodic_return=-76.72175598144531
2022-11-15 07:37:24,329 - INFO: global_step=11259, episodic_return=-169.21078491210938
2022-11-15 07:37:24,371 - INFO: global_step=11355, episodic_return=-149.83627319335938
2022-11-15 07:37:24,394 - INFO: global_step=11409, episodic_return=-108.12062072753906
2022-11-15 07:37:24,431 - INFO: global_step=11491, episodic_return=-115.10479736328125
2022-11-15 07:37:24,474 - INFO: global_step=11586, episodic_return=-190.56417846679688
2022-11-15 07:37:24,529 - INFO: global_step=11670, episodic_return=-123.58600616455078
2022-11-15 07:37:24,554 - INFO: global_step=11723, episodic_return=-97.86297607421875
2022-11-15 07:37:24,601 - INFO: global_step=11814, episodic_return=-206.57357788085938
2022-11-15 07:37:24,645 - INFO: global_step=11899, episodic_return=-425.8497009277344
2022-11-15 07:37:24,688 - INFO: global_step=11993, episodic_return=-216.85560607910156
2022-11-15 07:37:24,724 - INFO: global_step=12073, episodic_return=-171.509765625
2022-11-15 07:37:24,766 - INFO: global_step=12164, episodic_return=-108.11764526367188
2022-11-15 07:37:24,797 - INFO: global_step=12238, episodic_return=-107.72541809082031
2022-11-15 07:37:24,824 - INFO: global_step=12298, episodic_return=-92.34700012207031
2022-11-15 07:37:24,857 - INFO: global_step=12371, episodic_return=-124.29878997802734
2022-11-15 07:37:24,892 - INFO: global_step=12451, episodic_return=-141.92198181152344
2022-11-15 07:37:24,924 - INFO: global_step=12524, episodic_return=-47.23955535888672
2022-11-15 07:37:24,955 - INFO: global_step=12593, episodic_return=-152.88055419921875
2022-11-15 07:37:24,988 - INFO: global_step=12657, episodic_return=-102.33171081542969
2022-11-15 07:37:25,143 - INFO: global_step=12904, episodic_return=-331.5232238769531
2022-11-15 07:37:25,188 - INFO: global_step=13004, episodic_return=-162.50730895996094
2022-11-15 07:37:25,234 - INFO: global_step=13104, episodic_return=-64.68547821044922
2022-11-15 07:37:25,262 - INFO: global_step=13162, episodic_return=-102.85044860839844
2022-11-15 07:37:25,293 - INFO: global_step=13232, episodic_return=-107.56654357910156
2022-11-15 07:37:25,321 - INFO: global_step=13295, episodic_return=-122.8954849243164
2022-11-15 07:37:25,354 - INFO: global_step=13370, episodic_return=-237.65411376953125
2022-11-15 07:37:25,521 - INFO: global_step=13624, episodic_return=-275.94195556640625
2022-11-15 07:37:25,867 - INFO: global_step=14061, episodic_return=-228.29798889160156
2022-11-15 07:37:25,960 - INFO: global_step=14224, episodic_return=7.463722229003906
2022-11-15 07:37:26,205 - INFO: global_step=14473, episodic_return=-321.201904296875
2022-11-15 07:37:26,693 - INFO: global_step=14953, episodic_return=-136.23672485351562
2022-11-15 07:37:27,845 - INFO: global_step=15953, episodic_return=-133.3480987548828
2022-11-15 07:37:28,233 - INFO: global_step=16371, episodic_return=-545.6151123046875
2022-11-15 07:37:28,687 - INFO: global_step=16797, episodic_return=-214.96307373046875
2022-11-15 07:37:28,777 - INFO: global_step=16952, episodic_return=-163.8941650390625
2022-11-15 07:37:28,965 - INFO: global_step=17184, episodic_return=-317.49420166015625
2022-11-15 07:37:29,018 - INFO: global_step=17279, episodic_return=-371.72991943359375
2022-11-15 07:37:29,071 - INFO: global_step=17370, episodic_return=-443.87274169921875
2022-11-15 07:37:29,133 - INFO: global_step=17470, episodic_return=-409.3206481933594
2022-11-15 07:37:29,182 - INFO: global_step=17554, episodic_return=-689.0621948242188
2022-11-15 07:37:29,936 - INFO: global_step=18152, episodic_return=-291.1298828125
2022-11-15 07:37:31,351 - INFO: global_step=19152, episodic_return=-140.90370178222656
2022-11-15 07:37:31,666 - INFO: global_step=19472, episodic_return=-482.7261657714844
2022-11-15 07:37:31,728 - INFO: global_step=19560, episodic_return=-239.54747009277344
2022-11-15 07:37:32,261 - INFO: global_step=19985, episodic_return=-135.6858367919922
2022-11-15 07:37:32,473 - INFO: global_step=20191, episodic_return=-181.26121520996094
2022-11-15 07:37:33,330 - INFO: global_step=20770, episodic_return=-196.6696014404297
2022-11-15 07:37:33,752 - INFO: global_step=21184, episodic_return=-266.0526123046875
2022-11-15 07:37:34,113 - INFO: global_step=21557, episodic_return=-224.7804718017578
2022-11-15 07:37:34,257 - INFO: global_step=21748, episodic_return=-192.71295166015625
2022-11-15 07:37:34,624 - INFO: global_step=22156, episodic_return=-198.22984313964844
2022-11-15 07:37:34,822 - INFO: global_step=22419, episodic_return=-476.6592712402344
2022-11-15 07:37:35,570 - INFO: global_step=23187, episodic_return=-118.02766418457031
2022-11-15 07:37:36,634 - INFO: global_step=24187, episodic_return=-168.5584259033203
2022-11-15 07:37:37,675 - INFO: global_step=25187, episodic_return=-142.5317840576172
2022-11-15 07:37:39,020 - INFO: global_step=26187, episodic_return=-154.81277465820312
2022-11-15 07:37:40,367 - INFO: global_step=27143, episodic_return=-243.60931396484375
2022-11-15 07:37:41,604 - INFO: global_step=28143, episodic_return=-70.02769470214844
2022-11-15 07:37:41,812 - INFO: global_step=28367, episodic_return=-60.90010070800781
2022-11-15 07:37:42,162 - INFO: global_step=28724, episodic_return=-71.00942993164062
2022-11-15 07:37:43,560 - INFO: global_step=29724, episodic_return=82.38825988769531
2022-11-15 07:37:43,643 - INFO: global_step=29880, episodic_return=-73.86779022216797
2022-11-15 07:37:44,226 - INFO: global_step=30542, episodic_return=226.59713745117188
2022-11-15 07:37:44,464 - INFO: global_step=30839, episodic_return=-187.78945922851562
2022-11-15 07:37:44,662 - INFO: global_step=31114, episodic_return=1.8452301025390625
2022-11-15 07:37:46,276 - INFO: global_step=32114, episodic_return=38.973445892333984
2022-11-15 07:37:47,538 - INFO: global_step=33013, episodic_return=-222.64036560058594
2022-11-15 07:37:47,693 - INFO: global_step=33243, episodic_return=-73.63856506347656
2022-11-15 07:37:47,804 - INFO: global_step=33426, episodic_return=-321.8729553222656
2022-11-15 07:37:48,010 - INFO: global_step=33676, episodic_return=-161.06385803222656
2022-11-15 07:37:48,430 - INFO: global_step=34009, episodic_return=-250.11959838867188
2022-11-15 07:37:48,558 - INFO: global_step=34154, episodic_return=-290.450927734375
2022-11-15 07:37:48,754 - INFO: global_step=34354, episodic_return=-16.227928161621094
2022-11-15 07:37:49,068 - INFO: global_step=34640, episodic_return=-55.975929260253906
2022-11-15 07:37:49,285 - INFO: global_step=34845, episodic_return=-125.81288146972656
2022-11-15 07:37:49,430 - INFO: global_step=34991, episodic_return=-187.14031982421875
2022-11-15 07:37:49,575 - INFO: global_step=35138, episodic_return=-110.24732971191406
2022-11-15 07:37:49,739 - INFO: global_step=35297, episodic_return=-75.42854309082031
2022-11-15 07:37:49,833 - INFO: global_step=35393, episodic_return=-352.483642578125
2022-11-15 07:37:50,019 - INFO: global_step=35572, episodic_return=-172.99395751953125
2022-11-15 07:37:50,119 - INFO: global_step=35688, episodic_return=-376.7828369140625
2022-11-15 07:37:50,337 - INFO: global_step=35930, episodic_return=-224.27029418945312
2022-11-15 07:37:50,626 - INFO: global_step=36135, episodic_return=-112.08232879638672
2022-11-15 07:37:50,746 - INFO: global_step=36303, episodic_return=-60.710113525390625
2022-11-15 07:37:51,120 - INFO: global_step=36694, episodic_return=-101.63337707519531
2022-11-15 07:37:51,224 - INFO: global_step=36868, episodic_return=-515.3590698242188
2022-11-15 07:37:51,396 - INFO: global_step=37107, episodic_return=7.1385040283203125
2022-11-15 07:37:51,554 - INFO: global_step=37348, episodic_return=-176.5224609375
2022-11-15 07:37:51,817 - INFO: global_step=37678, episodic_return=-96.67147064208984
2022-11-15 07:37:52,807 - INFO: global_step=38457, episodic_return=161.15443420410156
2022-11-15 07:37:53,027 - INFO: global_step=38769, episodic_return=-149.2989959716797
2022-11-15 07:37:54,716 - INFO: global_step=39769, episodic_return=-127.26040649414062
2022-11-15 07:37:54,942 - INFO: global_step=40039, episodic_return=-107.8709716796875
2022-11-15 07:37:55,781 - INFO: global_step=40681, episodic_return=-179.947021484375
2022-11-15 07:37:56,599 - INFO: global_step=40994, episodic_return=-149.52171325683594
2022-11-15 07:37:57,570 - INFO: global_step=41345, episodic_return=-221.83462524414062
2022-11-15 07:37:58,918 - INFO: global_step=42345, episodic_return=-38.40663528442383
2022-11-15 07:37:59,267 - INFO: global_step=42591, episodic_return=-130.71066284179688
2022-11-15 07:37:59,550 - INFO: global_step=42937, episodic_return=-274.5804443359375
2022-11-15 07:37:59,951 - INFO: global_step=43350, episodic_return=-277.90411376953125
2022-11-15 07:38:00,483 - INFO: global_step=43807, episodic_return=-295.8618469238281
2022-11-15 07:38:02,118 - INFO: global_step=44807, episodic_return=-83.8732681274414
2022-11-15 07:38:02,461 - INFO: global_step=45157, episodic_return=-38.0246467590332
2022-11-15 07:38:04,083 - INFO: global_step=46157, episodic_return=-49.74983215332031
2022-11-15 07:38:05,940 - INFO: global_step=47157, episodic_return=-42.39371871948242
2022-11-15 07:38:07,614 - INFO: global_step=48157, episodic_return=-20.922231674194336
2022-11-15 07:38:07,828 - INFO: global_step=48459, episodic_return=-100.33850860595703
2022-11-15 07:38:09,955 - INFO: global_step=49459, episodic_return=6.841735363006592
2022-11-15 07:38:11,451 - INFO: global_step=50459, episodic_return=-81.43427276611328
2022-11-15 07:38:12,890 - INFO: global_step=51459, episodic_return=-45.699161529541016
2022-11-15 07:38:14,206 - INFO: global_step=52459, episodic_return=-110.83047485351562
2022-11-15 07:38:15,776 - INFO: global_step=53459, episodic_return=47.61198425292969
2022-11-15 07:38:17,351 - INFO: global_step=54459, episodic_return=21.447879791259766
2022-11-15 07:38:17,610 - INFO: global_step=54774, episodic_return=-179.30960083007812
2022-11-15 07:38:19,016 - INFO: global_step=55774, episodic_return=-100.70763397216797
2022-11-15 07:38:20,116 - INFO: global_step=56774, episodic_return=-96.26175689697266
2022-11-15 07:38:20,222 - INFO: global_step=56939, episodic_return=-170.13250732421875
2022-11-15 07:38:21,658 - INFO: global_step=57939, episodic_return=-66.91658020019531
2022-11-15 07:38:21,821 - INFO: global_step=58156, episodic_return=-41.78295135498047
2022-11-15 07:38:22,165 - INFO: global_step=58554, episodic_return=-130.72354125976562
2022-11-15 07:38:22,295 - INFO: global_step=58751, episodic_return=-1.0806503295898438
2022-11-15 07:38:22,513 - INFO: global_step=59038, episodic_return=52.26969909667969
2022-11-15 07:38:23,689 - INFO: global_step=59905, episodic_return=-219.67550659179688
2022-11-15 07:38:25,540 - INFO: global_step=60905, episodic_return=-142.44688415527344
2022-11-15 07:38:26,880 - INFO: global_step=61905, episodic_return=-60.019657135009766
2022-11-15 07:38:27,657 - INFO: global_step=62537, episodic_return=-133.1775665283203
2022-11-15 07:38:27,770 - INFO: global_step=62696, episodic_return=-212.8816375732422
2022-11-15 07:38:29,423 - INFO: global_step=63696, episodic_return=-168.2276611328125
2022-11-15 07:38:29,570 - INFO: global_step=63867, episodic_return=-52.50477600097656
2022-11-15 07:38:31,537 - INFO: global_step=64867, episodic_return=-16.936840057373047
2022-11-15 07:38:33,370 - INFO: global_step=65867, episodic_return=-84.4867172241211
2022-11-15 07:38:34,812 - INFO: global_step=66867, episodic_return=-48.88793182373047
2022-11-15 07:38:37,077 - INFO: global_step=67867, episodic_return=-82.52606201171875
2022-11-15 07:38:38,615 - INFO: global_step=68867, episodic_return=-79.26268005371094
2022-11-15 07:38:40,012 - INFO: global_step=69867, episodic_return=-37.66969299316406
2022-11-15 07:38:41,869 - INFO: global_step=70867, episodic_return=-63.636905670166016
2022-11-15 07:38:43,702 - INFO: global_step=71867, episodic_return=-9.540639877319336
2022-11-15 07:38:44,961 - INFO: global_step=72867, episodic_return=-65.56350708007812
2022-11-15 07:38:46,441 - INFO: global_step=73867, episodic_return=-15.07152271270752
2022-11-15 07:38:48,278 - INFO: global_step=74867, episodic_return=-72.55376434326172
2022-11-15 07:38:50,767 - INFO: global_step=75867, episodic_return=-113.060546875
2022-11-15 07:38:52,353 - INFO: global_step=76867, episodic_return=-22.68589210510254
2022-11-15 07:38:54,350 - INFO: global_step=77867, episodic_return=-37.920372009277344
2022-11-15 07:38:55,711 - INFO: global_step=78867, episodic_return=-45.79713821411133
2022-11-15 07:38:55,884 - INFO: global_step=79084, episodic_return=-533.1416015625
2022-11-15 07:38:56,818 - INFO: global_step=79652, episodic_return=-370.26800537109375
2022-11-15 07:38:57,054 - INFO: global_step=79914, episodic_return=-59.201873779296875
2022-11-15 07:38:58,938 - INFO: global_step=80914, episodic_return=-112.13396453857422
2022-11-15 07:39:00,602 - INFO: global_step=81914, episodic_return=-82.44574737548828
2022-11-15 07:39:02,126 - INFO: global_step=82914, episodic_return=-90.86981964111328
2022-11-15 07:39:04,060 - INFO: global_step=83914, episodic_return=-130.3842010498047
2022-11-15 07:39:05,937 - INFO: global_step=84914, episodic_return=-72.7210464477539
2022-11-15 07:39:06,338 - INFO: global_step=85212, episodic_return=-59.72745132446289
2022-11-15 07:39:07,731 - INFO: global_step=86212, episodic_return=-107.00052642822266
2022-11-15 07:39:07,850 - INFO: global_step=86387, episodic_return=-10.616615295410156
2022-11-15 07:39:09,877 - INFO: global_step=87387, episodic_return=-89.68798065185547
2022-11-15 07:39:11,381 - INFO: global_step=88387, episodic_return=-76.54622650146484
2022-11-15 07:39:11,687 - INFO: global_step=88709, episodic_return=-228.25848388671875
2022-11-15 07:39:13,277 - INFO: global_step=89709, episodic_return=-104.39047241210938
2022-11-15 07:39:14,944 - INFO: global_step=90709, episodic_return=-93.09847259521484
2022-11-15 07:39:16,308 - INFO: global_step=91709, episodic_return=-120.95634460449219
2022-11-15 07:39:16,533 - INFO: global_step=91986, episodic_return=-136.292236328125
2022-11-15 07:39:18,161 - INFO: global_step=92986, episodic_return=-66.92387390136719
2022-11-15 07:39:18,373 - INFO: global_step=93261, episodic_return=-32.1038818359375
2022-11-15 07:39:20,508 - INFO: global_step=94261, episodic_return=-127.99113464355469
2022-11-15 07:39:22,340 - INFO: global_step=95261, episodic_return=-122.76529693603516
2022-11-15 07:39:22,814 - INFO: global_step=95693, episodic_return=214.08413696289062
2022-11-15 07:39:23,550 - INFO: global_step=96243, episodic_return=-345.02642822265625
2022-11-15 07:39:23,707 - INFO: global_step=96397, episodic_return=-141.81890869140625
2022-11-15 07:39:24,126 - INFO: global_step=96758, episodic_return=-50.35184097290039
2022-11-15 07:39:24,210 - INFO: global_step=96894, episodic_return=-69.22758483886719
2022-11-15 07:39:24,416 - INFO: global_step=97150, episodic_return=3.5681686401367188
2022-11-15 07:39:24,565 - INFO: global_step=97335, episodic_return=-2.2225189208984375
2022-11-15 07:39:25,519 - INFO: global_step=98000, episodic_return=150.53848266601562
2022-11-15 07:39:27,451 - INFO: global_step=99000, episodic_return=-69.2773666381836
2022-11-15 07:39:29,433 - INFO: global_step=100000, episodic_return=-63.6579475402832
2022-11-15 07:39:31,646 - INFO: global_step=101000, episodic_return=-29.0939998626709
2022-11-15 07:39:33,218 - INFO: global_step=102000, episodic_return=-114.51143646240234
2022-11-15 07:39:34,587 - INFO: global_step=103000, episodic_return=-111.72718048095703
2022-11-15 07:39:36,856 - INFO: global_step=104000, episodic_return=-38.655086517333984
2022-11-15 07:39:38,443 - INFO: global_step=105000, episodic_return=-98.62077331542969
2022-11-15 07:39:40,424 - INFO: global_step=106000, episodic_return=-31.32863998413086
2022-11-15 07:39:42,241 - INFO: global_step=107000, episodic_return=-31.770557403564453
2022-11-15 07:39:43,571 - INFO: global_step=108000, episodic_return=-85.48126220703125
2022-11-15 07:39:45,259 - INFO: global_step=109000, episodic_return=-87.58213806152344
2022-11-15 07:39:47,481 - INFO: global_step=110000, episodic_return=-94.86708068847656
2022-11-15 07:39:49,237 - INFO: global_step=111000, episodic_return=-75.48738098144531
2022-11-15 07:39:50,935 - INFO: global_step=112000, episodic_return=-88.3238525390625
2022-11-15 07:39:53,208 - INFO: global_step=113000, episodic_return=-58.3472900390625
2022-11-15 07:39:54,923 - INFO: global_step=114000, episodic_return=-85.27449035644531
2022-11-15 07:39:56,433 - INFO: global_step=115000, episodic_return=-95.22920227050781
2022-11-15 07:39:59,142 - INFO: global_step=116000, episodic_return=-110.88201141357422
2022-11-15 07:39:59,305 - INFO: global_step=116209, episodic_return=-21.445953369140625
2022-11-15 07:39:59,670 - INFO: global_step=116585, episodic_return=-50.804386138916016
2022-11-15 07:40:01,183 - INFO: global_step=117585, episodic_return=-63.9844970703125
2022-11-15 07:40:02,707 - INFO: global_step=118585, episodic_return=-68.28526306152344
2022-11-15 07:40:04,362 - INFO: global_step=119585, episodic_return=-83.41850280761719
2022-11-15 07:40:06,015 - INFO: global_step=120585, episodic_return=-110.48759460449219
2022-11-15 07:40:07,427 - INFO: global_step=121585, episodic_return=-17.885774612426758
2022-11-15 07:40:09,767 - INFO: global_step=122585, episodic_return=-66.8456802368164
2022-11-15 07:40:09,982 - INFO: global_step=122842, episodic_return=-40.20452117919922
2022-11-15 07:40:11,589 - INFO: global_step=123842, episodic_return=-11.461141586303711
2022-11-15 07:40:13,483 - INFO: global_step=124842, episodic_return=-8.344657897949219
2022-11-15 07:40:15,714 - INFO: global_step=125842, episodic_return=-42.18962097167969
2022-11-15 07:40:17,120 - INFO: global_step=126842, episodic_return=-44.43703079223633
2022-11-15 07:40:19,098 - INFO: global_step=127842, episodic_return=-118.15119934082031
2022-11-15 07:40:20,880 - INFO: global_step=128842, episodic_return=-103.6937484741211
2022-11-15 07:40:22,598 - INFO: global_step=129842, episodic_return=-80.17018127441406
2022-11-15 07:40:24,523 - INFO: global_step=130842, episodic_return=-106.48208618164062
2022-11-15 07:40:26,079 - INFO: global_step=131842, episodic_return=-108.26151275634766
2022-11-15 07:40:27,428 - INFO: global_step=132842, episodic_return=-155.6512908935547
2022-11-15 07:40:27,701 - INFO: global_step=133094, episodic_return=-158.00450134277344
2022-11-15 07:40:29,750 - INFO: global_step=134094, episodic_return=-75.36837768554688
2022-11-15 07:40:29,874 - INFO: global_step=134230, episodic_return=-114.06448364257812
2022-11-15 07:40:30,087 - INFO: global_step=134434, episodic_return=-26.45568084716797
2022-11-15 07:40:31,515 - INFO: global_step=135434, episodic_return=-93.6602783203125
2022-11-15 07:40:33,728 - INFO: global_step=136434, episodic_return=-117.95792388916016
2022-11-15 07:40:33,920 - INFO: global_step=136684, episodic_return=-35.01463317871094
2022-11-15 07:40:35,641 - INFO: global_step=137684, episodic_return=-79.44806671142578
2022-11-15 07:40:37,108 - INFO: global_step=138684, episodic_return=-70.71659851074219
2022-11-15 07:40:39,035 - INFO: global_step=139684, episodic_return=-59.537353515625
2022-11-15 07:40:39,209 - INFO: global_step=139909, episodic_return=-18.389724731445312
2022-11-15 07:40:41,234 - INFO: global_step=140909, episodic_return=43.62864685058594
2022-11-15 07:40:43,167 - INFO: global_step=141909, episodic_return=-103.06359100341797
2022-11-15 07:40:43,324 - INFO: global_step=142105, episodic_return=-145.24356079101562
2022-11-15 07:40:44,897 - INFO: global_step=143105, episodic_return=-43.075523376464844
2022-11-15 07:40:47,066 - INFO: global_step=144105, episodic_return=-105.05187225341797
2022-11-15 07:40:49,226 - INFO: global_step=145105, episodic_return=-48.02756881713867
2022-11-15 07:40:51,197 - INFO: global_step=146105, episodic_return=-76.12123107910156
2022-11-15 07:40:53,493 - INFO: global_step=147105, episodic_return=-40.09690856933594
2022-11-15 07:40:55,169 - INFO: global_step=148105, episodic_return=-25.51795196533203
2022-11-15 07:40:56,592 - INFO: global_step=149105, episodic_return=-120.91229248046875
2022-11-15 07:40:57,422 - INFO: global_step=149475, episodic_return=-322.09747314453125
2022-11-15 07:40:59,343 - INFO: global_step=150475, episodic_return=-165.4127960205078
2022-11-15 07:41:00,944 - INFO: global_step=151475, episodic_return=-101.1998519897461
2022-11-15 07:41:01,245 - INFO: global_step=151840, episodic_return=-360.45831298828125
2022-11-15 07:41:01,443 - INFO: global_step=152068, episodic_return=-235.02139282226562
2022-11-15 07:41:01,537 - INFO: global_step=152204, episodic_return=-122.40608215332031
2022-11-15 07:41:01,887 - INFO: global_step=152526, episodic_return=-19.110733032226562
2022-11-15 07:41:03,422 - INFO: global_step=153526, episodic_return=-74.67317962646484
2022-11-15 07:41:05,339 - INFO: global_step=154526, episodic_return=-95.69519805908203
2022-11-15 07:41:06,802 - INFO: global_step=155526, episodic_return=-10.089405059814453
2022-11-15 07:41:08,511 - INFO: global_step=156526, episodic_return=-40.021942138671875
2022-11-15 07:41:10,299 - INFO: global_step=157526, episodic_return=-118.36319732666016
2022-11-15 07:41:12,125 - INFO: global_step=158526, episodic_return=-111.61721801757812
2022-11-15 07:41:13,559 - INFO: global_step=159526, episodic_return=-85.73546600341797
2022-11-15 07:41:15,041 - INFO: global_step=160526, episodic_return=-101.08831787109375
2022-11-15 07:41:17,401 - INFO: global_step=161526, episodic_return=-47.317169189453125
2022-11-15 07:41:19,319 - INFO: global_step=162526, episodic_return=-9.156014442443848
2022-11-15 07:41:21,124 - INFO: global_step=163526, episodic_return=-68.30122375488281
2022-11-15 07:41:23,340 - INFO: global_step=164526, episodic_return=-100.85708618164062
2022-11-15 07:41:24,628 - INFO: global_step=165526, episodic_return=-72.74565887451172
2022-11-15 07:41:26,226 - INFO: global_step=166526, episodic_return=-109.73743438720703
2022-11-15 07:41:27,741 - INFO: global_step=167526, episodic_return=-106.31536102294922
2022-11-15 07:41:29,169 - INFO: global_step=168526, episodic_return=-22.95956802368164
2022-11-15 07:41:31,053 - INFO: global_step=169526, episodic_return=-67.82907104492188
2022-11-15 07:41:33,639 - INFO: global_step=170526, episodic_return=-35.20973205566406
2022-11-15 07:41:35,593 - INFO: global_step=171526, episodic_return=-84.89080810546875
2022-11-15 07:41:37,376 - INFO: global_step=172526, episodic_return=-37.64887237548828
2022-11-15 07:41:39,815 - INFO: global_step=173526, episodic_return=-60.745418548583984
2022-11-15 07:41:41,701 - INFO: global_step=174526, episodic_return=-81.25732421875
2022-11-15 07:41:43,183 - INFO: global_step=175526, episodic_return=-15.958677291870117
2022-11-15 07:41:44,971 - INFO: global_step=176526, episodic_return=-86.88025665283203
2022-11-15 07:41:47,086 - INFO: global_step=177526, episodic_return=-42.406402587890625
2022-11-15 07:41:48,896 - INFO: global_step=178526, episodic_return=-49.939517974853516
2022-11-15 07:41:50,666 - INFO: global_step=179526, episodic_return=-56.3641357421875
2022-11-15 07:41:52,501 - INFO: global_step=180526, episodic_return=-46.75437927246094
2022-11-15 07:41:54,670 - INFO: global_step=181526, episodic_return=-28.069738388061523
2022-11-15 07:41:56,070 - INFO: global_step=182526, episodic_return=-10.856985092163086
2022-11-15 07:41:57,871 - INFO: global_step=183526, episodic_return=-10.21571159362793
2022-11-15 07:42:00,664 - INFO: global_step=184526, episodic_return=-35.32307815551758
2022-11-15 07:42:02,172 - INFO: global_step=185526, episodic_return=12.056268692016602
2022-11-15 07:42:03,517 - INFO: global_step=186526, episodic_return=-57.67919158935547
2022-11-15 07:42:04,958 - INFO: global_step=187526, episodic_return=-71.83255767822266
2022-11-15 07:42:06,874 - INFO: global_step=188526, episodic_return=-0.45716148614883423
2022-11-15 07:42:08,047 - INFO: global_step=189526, episodic_return=-56.61485290527344
2022-11-15 07:42:09,261 - INFO: global_step=190526, episodic_return=-40.883792877197266
2022-11-15 07:42:10,638 - INFO: global_step=191526, episodic_return=-24.03326416015625
2022-11-15 07:42:12,866 - INFO: global_step=192526, episodic_return=-39.597923278808594
2022-11-15 07:42:14,870 - INFO: global_step=193526, episodic_return=14.922408103942871
2022-11-15 07:42:16,061 - INFO: global_step=194261, episodic_return=205.6192626953125
2022-11-15 07:42:17,120 - INFO: global_step=194936, episodic_return=-111.57422637939453
2022-11-15 07:42:17,213 - INFO: global_step=195059, episodic_return=7.475830078125
2022-11-15 07:42:17,280 - INFO: global_step=195154, episodic_return=-150.81240844726562
2022-11-15 07:42:17,909 - INFO: global_step=195713, episodic_return=171.86550903320312
2022-11-15 07:42:18,694 - INFO: global_step=196293, episodic_return=209.64987182617188
2022-11-15 07:42:20,063 - INFO: global_step=197045, episodic_return=147.91014099121094
2022-11-15 07:42:21,289 - INFO: global_step=197810, episodic_return=142.5476837158203
2022-11-15 07:42:23,122 - INFO: global_step=198810, episodic_return=-30.40220832824707
2022-11-15 07:42:25,728 - INFO: global_step=199810, episodic_return=-34.36465835571289
2022-11-15 07:42:27,370 - INFO: global_step=200810, episodic_return=-39.43865966796875
2022-11-15 07:42:29,825 - INFO: global_step=201810, episodic_return=15.188152313232422
2022-11-15 07:42:30,979 - INFO: global_step=202810, episodic_return=-80.86104583740234
2022-11-15 07:42:32,589 - INFO: global_step=203810, episodic_return=-17.822742462158203
2022-11-15 07:42:34,317 - INFO: global_step=204810, episodic_return=17.88922119140625
2022-11-15 07:42:35,555 - INFO: global_step=205686, episodic_return=124.62235260009766
2022-11-15 07:42:35,935 - INFO: global_step=206047, episodic_return=210.779541015625
2022-11-15 07:42:37,465 - INFO: global_step=207047, episodic_return=-50.240509033203125
2022-11-15 07:42:39,098 - INFO: global_step=208047, episodic_return=-76.37897491455078
2022-11-15 07:42:39,326 - INFO: global_step=208338, episodic_return=298.3294677734375
2022-11-15 07:42:40,496 - INFO: global_step=209137, episodic_return=120.79470825195312
2022-11-15 07:42:40,716 - INFO: global_step=209424, episodic_return=282.1123046875
2022-11-15 07:42:40,766 - INFO: global_step=209512, episodic_return=-80.7164306640625
2022-11-15 07:42:40,883 - INFO: global_step=209699, episodic_return=1.8865737915039062
2022-11-15 07:42:41,074 - INFO: global_step=209944, episodic_return=7.482994079589844
2022-11-15 07:42:41,162 - INFO: global_step=210068, episodic_return=-68.84930419921875
2022-11-15 07:42:41,279 - INFO: global_step=210218, episodic_return=-235.7593994140625
2022-11-15 07:42:41,554 - INFO: global_step=210532, episodic_return=38.13731384277344
2022-11-15 07:42:41,651 - INFO: global_step=210668, episodic_return=-126.26963806152344
2022-11-15 07:42:41,806 - INFO: global_step=210897, episodic_return=35.34814453125
2022-11-15 07:42:43,344 - INFO: global_step=211897, episodic_return=-65.35443878173828
2022-11-15 07:42:45,130 - INFO: global_step=212897, episodic_return=-44.6182746887207
2022-11-15 07:42:47,201 - INFO: global_step=213897, episodic_return=-10.673812866210938
2022-11-15 07:42:49,507 - INFO: global_step=214897, episodic_return=-53.56862258911133
2022-11-15 07:42:49,907 - INFO: global_step=215285, episodic_return=-11.4244384765625
2022-11-15 07:42:49,978 - INFO: global_step=215402, episodic_return=-69.70451354980469
2022-11-15 07:42:50,172 - INFO: global_step=215689, episodic_return=202.26123046875
2022-11-15 07:42:50,313 - INFO: global_step=215909, episodic_return=-57.237220764160156
2022-11-15 07:42:50,381 - INFO: global_step=216008, episodic_return=-89.9190444946289
2022-11-15 07:42:51,752 - INFO: global_step=216907, episodic_return=156.86203002929688
2022-11-15 07:42:52,136 - INFO: global_step=217312, episodic_return=-500.3859558105469
2022-11-15 07:42:52,658 - INFO: global_step=217705, episodic_return=238.97657775878906
2022-11-15 07:42:52,746 - INFO: global_step=217808, episodic_return=-53.5538444519043
2022-11-15 07:42:54,183 - INFO: global_step=218808, episodic_return=-50.58364486694336
2022-11-15 07:42:55,801 - INFO: global_step=219808, episodic_return=-85.16732025146484
2022-11-15 07:42:55,968 - INFO: global_step=219991, episodic_return=-63.981876373291016
2022-11-15 07:42:56,150 - INFO: global_step=220214, episodic_return=-78.4403305053711
2022-11-15 07:42:57,878 - INFO: global_step=221214, episodic_return=-105.68955993652344
2022-11-15 07:42:59,268 - INFO: global_step=222214, episodic_return=-54.96453857421875
2022-11-15 07:43:01,018 - INFO: global_step=223214, episodic_return=-40.72081756591797
2022-11-15 07:43:03,467 - INFO: global_step=224214, episodic_return=-18.946300506591797
2022-11-15 07:43:05,078 - INFO: global_step=225214, episodic_return=-46.97473907470703
2022-11-15 07:43:06,744 - INFO: global_step=226214, episodic_return=-3.008903741836548
2022-11-15 07:43:08,462 - INFO: global_step=227214, episodic_return=-30.212766647338867
2022-11-15 07:43:10,634 - INFO: global_step=228214, episodic_return=-33.86479949951172
2022-11-15 07:43:12,597 - INFO: global_step=229214, episodic_return=-7.035475254058838
2022-11-15 07:43:14,551 - INFO: global_step=230214, episodic_return=-40.79151153564453
2022-11-15 07:43:16,230 - INFO: global_step=231214, episodic_return=10.526389122009277
2022-11-15 07:43:18,421 - INFO: global_step=232214, episodic_return=-18.92767333984375
2022-11-15 07:43:19,921 - INFO: global_step=233214, episodic_return=3.3819754123687744
2022-11-15 07:43:22,006 - INFO: global_step=234214, episodic_return=24.244308471679688
2022-11-15 07:43:23,684 - INFO: global_step=235214, episodic_return=52.34406661987305
2022-11-15 07:43:24,956 - INFO: global_step=236214, episodic_return=-32.40777587890625
2022-11-15 07:43:27,170 - INFO: global_step=237214, episodic_return=-25.915773391723633
2022-11-15 07:43:28,560 - INFO: global_step=238214, episodic_return=-1.678958773612976
2022-11-15 07:43:29,801 - INFO: global_step=239214, episodic_return=2.0401763916015625
2022-11-15 07:43:31,704 - INFO: global_step=240214, episodic_return=14.955843925476074
2022-11-15 07:43:33,777 - INFO: global_step=241214, episodic_return=-17.143911361694336
2022-11-15 07:43:35,231 - INFO: global_step=242214, episodic_return=-76.91030883789062
2022-11-15 07:43:36,730 - INFO: global_step=243214, episodic_return=5.6082234382629395
2022-11-15 07:43:38,745 - INFO: global_step=244214, episodic_return=19.6693172454834
2022-11-15 07:43:40,031 - INFO: global_step=245130, episodic_return=163.67715454101562
2022-11-15 07:43:41,810 - INFO: global_step=246130, episodic_return=-23.850772857666016
2022-11-15 07:43:42,884 - INFO: global_step=247019, episodic_return=-96.02195739746094
2022-11-15 07:43:44,156 - INFO: global_step=247895, episodic_return=106.47140502929688
2022-11-15 07:43:44,755 - INFO: global_step=248405, episodic_return=244.4564666748047
2022-11-15 07:43:45,830 - INFO: global_step=249405, episodic_return=0.6608080267906189
2022-11-15 07:43:46,257 - INFO: global_step=249781, episodic_return=249.92222595214844
2022-11-15 07:43:47,577 - INFO: global_step=250592, episodic_return=135.0452117919922
2022-11-15 07:43:48,620 - INFO: global_step=251260, episodic_return=195.53863525390625
2022-11-15 07:43:49,727 - INFO: global_step=252163, episodic_return=163.02999877929688
2022-11-15 07:43:51,083 - INFO: global_step=253163, episodic_return=-62.86745071411133
2022-11-15 07:43:52,264 - INFO: global_step=254002, episodic_return=179.36557006835938
2022-11-15 07:43:53,889 - INFO: global_step=255002, episodic_return=-49.78447341918945
2022-11-15 07:43:55,213 - INFO: global_step=255977, episodic_return=103.22791290283203
2022-11-15 07:43:56,268 - INFO: global_step=256800, episodic_return=143.81411743164062
2022-11-15 07:43:57,070 - INFO: global_step=257394, episodic_return=182.43572998046875
2022-11-15 07:43:57,384 - INFO: global_step=257697, episodic_return=280.0
2022-11-15 07:43:58,523 - INFO: global_step=258333, episodic_return=141.02902221679688
2022-11-15 07:43:59,784 - INFO: global_step=258969, episodic_return=176.416259765625
2022-11-15 07:44:00,116 - INFO: global_step=259322, episodic_return=272.29608154296875
2022-11-15 07:44:01,153 - INFO: global_step=260051, episodic_return=114.53793334960938
2022-11-15 07:44:01,918 - INFO: global_step=260653, episodic_return=189.69090270996094
2022-11-15 07:44:02,311 - INFO: global_step=261036, episodic_return=191.9168701171875
2022-11-15 07:44:03,329 - INFO: global_step=261734, episodic_return=124.70472717285156
2022-11-15 07:44:04,207 - INFO: global_step=262479, episodic_return=98.08234405517578
2022-11-15 07:44:05,455 - INFO: global_step=263292, episodic_return=198.19659423828125
2022-11-15 07:44:06,154 - INFO: global_step=263822, episodic_return=196.72781372070312
2022-11-15 07:44:06,772 - INFO: global_step=264416, episodic_return=167.9810791015625
2022-11-15 07:44:07,570 - INFO: global_step=265040, episodic_return=188.1121063232422
2022-11-15 07:44:09,130 - INFO: global_step=265867, episodic_return=126.97344207763672
2022-11-15 07:44:10,384 - INFO: global_step=266625, episodic_return=92.4911880493164
2022-11-15 07:44:10,633 - INFO: global_step=266942, episodic_return=273.5522155761719
2022-11-15 07:44:12,873 - INFO: global_step=267934, episodic_return=110.99504089355469
2022-11-15 07:44:14,666 - INFO: global_step=268934, episodic_return=123.87564849853516
2022-11-15 07:44:15,237 - INFO: global_step=269446, episodic_return=238.7034912109375
2022-11-15 07:44:16,641 - INFO: global_step=270330, episodic_return=73.60750579833984
2022-11-15 07:44:16,708 - INFO: global_step=270434, episodic_return=-91.05223083496094
2022-11-15 07:44:17,090 - INFO: global_step=270777, episodic_return=231.65419006347656
2022-11-15 07:44:17,438 - INFO: global_step=271130, episodic_return=268.20758056640625
2022-11-15 07:44:17,781 - INFO: global_step=271528, episodic_return=252.8756866455078
2022-11-15 07:44:18,328 - INFO: global_step=272088, episodic_return=210.84515380859375
2022-11-15 07:44:18,597 - INFO: global_step=272398, episodic_return=217.43539428710938
2022-11-15 07:44:18,934 - INFO: global_step=272738, episodic_return=235.31350708007812
2022-11-15 07:44:19,563 - INFO: global_step=273301, episodic_return=228.41197204589844
2022-11-15 07:44:20,189 - INFO: global_step=273840, episodic_return=215.02227783203125
2022-11-15 07:44:20,850 - INFO: global_step=274443, episodic_return=113.91758728027344
2022-11-15 07:44:21,555 - INFO: global_step=275063, episodic_return=243.00082397460938
2022-11-15 07:44:23,468 - INFO: global_step=276063, episodic_return=4.912546157836914
2022-11-15 07:44:25,121 - INFO: global_step=277063, episodic_return=-62.50151824951172
2022-11-15 07:44:26,028 - INFO: global_step=277722, episodic_return=210.00006103515625
2022-11-15 07:44:26,373 - INFO: global_step=278143, episodic_return=268.19989013671875
2022-11-15 07:44:26,956 - INFO: global_step=278747, episodic_return=218.52638244628906
2022-11-15 07:44:27,363 - INFO: global_step=279212, episodic_return=232.3993377685547
2022-11-15 07:44:27,721 - INFO: global_step=279613, episodic_return=246.49661254882812
2022-11-15 07:44:28,225 - INFO: global_step=280043, episodic_return=221.7673797607422
2022-11-15 07:44:28,524 - INFO: global_step=280378, episodic_return=273.46368408203125
2022-11-15 07:44:29,016 - INFO: global_step=280851, episodic_return=188.73594665527344
2022-11-15 07:44:29,472 - INFO: global_step=281330, episodic_return=153.9161376953125
2022-11-15 07:44:29,678 - INFO: global_step=281595, episodic_return=-30.400405883789062
2022-11-15 07:44:30,060 - INFO: global_step=281992, episodic_return=246.94775390625
2022-11-15 07:44:30,312 - INFO: global_step=282321, episodic_return=237.43911743164062
2022-11-15 07:44:30,677 - INFO: global_step=282703, episodic_return=261.43609619140625
2022-11-15 07:44:30,834 - INFO: global_step=282917, episodic_return=-26.359573364257812
2022-11-15 07:44:31,040 - INFO: global_step=283187, episodic_return=295.9879150390625
2022-11-15 07:44:32,101 - INFO: global_step=283966, episodic_return=146.71917724609375
2022-11-15 07:44:32,693 - INFO: global_step=284439, episodic_return=177.70571899414062
2022-11-15 07:44:33,038 - INFO: global_step=284771, episodic_return=237.32180786132812
2022-11-15 07:44:33,263 - INFO: global_step=284995, episodic_return=8.1583251953125
2022-11-15 07:44:33,774 - INFO: global_step=285491, episodic_return=156.08633422851562
2022-11-15 07:44:34,391 - INFO: global_step=286078, episodic_return=193.9680633544922
2022-11-15 07:44:35,028 - INFO: global_step=286611, episodic_return=229.2509307861328
2022-11-15 07:44:36,217 - INFO: global_step=287353, episodic_return=114.590087890625
2022-11-15 07:44:36,670 - INFO: global_step=287775, episodic_return=201.58306884765625
2022-11-15 07:44:36,868 - INFO: global_step=287993, episodic_return=-200.2666015625
2022-11-15 07:44:37,178 - INFO: global_step=288314, episodic_return=-34.18391418457031
2022-11-15 07:44:37,782 - INFO: global_step=288685, episodic_return=172.37449645996094
2022-11-15 07:44:37,955 - INFO: global_step=288833, episodic_return=54.76194763183594
2022-11-15 07:44:38,249 - INFO: global_step=289059, episodic_return=204.043701171875
2022-11-15 07:44:38,335 - INFO: global_step=289146, episodic_return=-192.33682250976562
2022-11-15 07:44:40,347 - INFO: global_step=290146, episodic_return=-0.23103809356689453
2022-11-15 07:44:40,805 - INFO: global_step=290534, episodic_return=132.77210998535156
2022-11-15 07:44:41,240 - INFO: global_step=290919, episodic_return=-61.235023498535156
2022-11-15 07:44:41,764 - INFO: global_step=291350, episodic_return=-99.076904296875
2022-11-15 07:44:43,210 - INFO: global_step=292350, episodic_return=-120.96578216552734
2022-11-15 07:44:43,400 - INFO: global_step=292540, episodic_return=-317.54205322265625
2022-11-15 07:44:45,272 - INFO: global_step=293540, episodic_return=-45.81093978881836
2022-11-15 07:44:46,787 - INFO: global_step=294540, episodic_return=-46.047977447509766
2022-11-15 07:44:46,961 - INFO: global_step=294776, episodic_return=-42.211299896240234
2022-11-15 07:44:48,589 - INFO: global_step=295776, episodic_return=-72.75846099853516
2022-11-15 07:44:49,820 - INFO: global_step=296776, episodic_return=-21.62791633605957
2022-11-15 07:44:51,624 - INFO: global_step=297776, episodic_return=-87.62744140625
2022-11-15 07:44:53,843 - INFO: global_step=298776, episodic_return=-84.9480209350586
2022-11-15 07:44:55,812 - INFO: global_step=299776, episodic_return=-113.5491943359375
2022-11-15 07:44:57,822 - INFO: global_step=300776, episodic_return=16.2446346282959
2022-11-15 07:44:59,916 - INFO: global_step=301776, episodic_return=-74.31315612792969
2022-11-15 07:45:01,930 - INFO: global_step=302776, episodic_return=-51.5917854309082
2022-11-15 07:45:03,412 - INFO: global_step=303776, episodic_return=14.33122730255127
2022-11-15 07:45:05,191 - INFO: global_step=304776, episodic_return=-50.3138427734375
2022-11-15 07:45:07,431 - INFO: global_step=305776, episodic_return=-27.616159439086914
2022-11-15 07:45:08,675 - INFO: global_step=306776, episodic_return=-46.91606140136719
2022-11-15 07:45:10,617 - INFO: global_step=307766, episodic_return=93.22291564941406
2022-11-15 07:45:12,742 - INFO: global_step=308766, episodic_return=3.3633792400360107
2022-11-15 07:45:14,206 - INFO: global_step=309766, episodic_return=-7.78778076171875
2022-11-15 07:45:15,091 - INFO: global_step=310587, episodic_return=109.05677032470703
2022-11-15 07:45:16,357 - INFO: global_step=311587, episodic_return=-14.644231796264648
2022-11-15 07:45:17,403 - INFO: global_step=312350, episodic_return=148.10704040527344
2022-11-15 07:45:18,236 - INFO: global_step=313010, episodic_return=150.7220458984375
2022-11-15 07:45:18,731 - INFO: global_step=313575, episodic_return=-39.53227615356445
2022-11-15 07:45:20,193 - INFO: global_step=314575, episodic_return=-19.068710327148438
2022-11-15 07:45:21,324 - INFO: global_step=315474, episodic_return=-170.27804565429688
2022-11-15 07:45:21,416 - INFO: global_step=315619, episodic_return=-133.0230712890625
2022-11-15 07:45:21,649 - INFO: global_step=315918, episodic_return=-88.68087768554688
2022-11-15 07:45:21,915 - INFO: global_step=316207, episodic_return=-136.3518829345703
2022-11-15 07:45:23,568 - INFO: global_step=317207, episodic_return=-112.5579833984375
2022-11-15 07:45:25,359 - INFO: global_step=318207, episodic_return=-67.36186981201172
2022-11-15 07:45:26,844 - INFO: global_step=319207, episodic_return=-72.8277587890625
2022-11-15 07:45:28,630 - INFO: global_step=320207, episodic_return=-11.292463302612305
2022-11-15 07:45:31,289 - INFO: global_step=321207, episodic_return=-30.16324234008789
2022-11-15 07:45:32,891 - INFO: global_step=322207, episodic_return=-33.49543380737305
2022-11-15 07:45:34,652 - INFO: global_step=323207, episodic_return=-29.459890365600586
2022-11-15 07:45:35,919 - INFO: global_step=324015, episodic_return=149.620849609375
2022-11-15 07:45:37,648 - INFO: global_step=325015, episodic_return=-74.91789245605469
2022-11-15 07:45:38,935 - INFO: global_step=326015, episodic_return=-26.888587951660156
2022-11-15 07:45:40,973 - INFO: global_step=327015, episodic_return=-62.944969177246094
2022-11-15 07:45:42,229 - INFO: global_step=327848, episodic_return=75.89131164550781
2022-11-15 07:45:43,614 - INFO: global_step=328848, episodic_return=12.177288055419922
2022-11-15 07:45:44,669 - INFO: global_step=329639, episodic_return=197.214599609375
2022-11-15 07:45:46,779 - INFO: global_step=330639, episodic_return=-39.940956115722656
2022-11-15 07:45:47,489 - INFO: global_step=331350, episodic_return=148.91485595703125
2022-11-15 07:45:48,509 - INFO: global_step=332081, episodic_return=110.62079620361328
2022-11-15 07:45:49,935 - INFO: global_step=333081, episodic_return=-35.788841247558594
2022-11-15 07:45:51,195 - INFO: global_step=334081, episodic_return=-58.42012023925781
2022-11-15 07:45:51,798 - INFO: global_step=334631, episodic_return=200.69088745117188
2022-11-15 07:45:53,526 - INFO: global_step=335631, episodic_return=-100.0488052368164
2022-11-15 07:45:55,768 - INFO: global_step=336631, episodic_return=-47.82680130004883
2022-11-15 07:45:57,598 - INFO: global_step=337631, episodic_return=-62.81707763671875
2022-11-15 07:45:59,391 - INFO: global_step=338631, episodic_return=-21.487335205078125
2022-11-15 07:46:00,113 - INFO: global_step=339157, episodic_return=244.36666870117188
2022-11-15 07:46:01,596 - INFO: global_step=340099, episodic_return=182.00970458984375
2022-11-15 07:46:02,856 - INFO: global_step=340969, episodic_return=160.9401397705078
2022-11-15 07:46:03,843 - INFO: global_step=341874, episodic_return=205.490478515625
2022-11-15 07:46:05,258 - INFO: global_step=342839, episodic_return=106.53736877441406
2022-11-15 07:46:05,663 - INFO: global_step=343294, episodic_return=234.1643829345703
2022-11-15 07:46:06,257 - INFO: global_step=343870, episodic_return=232.9737548828125
2022-11-15 07:46:07,147 - INFO: global_step=344562, episodic_return=205.85861206054688
2022-11-15 07:46:08,379 - INFO: global_step=345407, episodic_return=112.88285064697266
2022-11-15 07:46:08,709 - INFO: global_step=345786, episodic_return=254.55935668945312
2022-11-15 07:46:09,281 - INFO: global_step=346338, episodic_return=153.27301025390625
2022-11-15 07:46:09,666 - INFO: global_step=346707, episodic_return=237.17576599121094
2022-11-15 07:46:10,054 - INFO: global_step=347084, episodic_return=253.33059692382812
2022-11-15 07:46:10,716 - INFO: global_step=347623, episodic_return=192.44049072265625
2022-11-15 07:46:11,087 - INFO: global_step=347946, episodic_return=213.3976287841797
2022-11-15 07:46:11,950 - INFO: global_step=348486, episodic_return=185.2001953125
2022-11-15 07:46:12,537 - INFO: global_step=348983, episodic_return=209.96026611328125
2022-11-15 07:46:13,177 - INFO: global_step=349565, episodic_return=203.58030700683594
2022-11-15 07:46:13,992 - INFO: global_step=350286, episodic_return=181.97262573242188
2022-11-15 07:46:14,354 - INFO: global_step=350650, episodic_return=249.22206115722656
2022-11-15 07:46:15,151 - INFO: global_step=351246, episodic_return=202.07647705078125
2022-11-15 07:46:15,751 - INFO: global_step=351760, episodic_return=239.761962890625
2022-11-15 07:46:16,070 - INFO: global_step=352140, episodic_return=-87.15975189208984
2022-11-15 07:46:16,728 - INFO: global_step=352724, episodic_return=209.01483154296875
2022-11-15 07:46:17,605 - INFO: global_step=353375, episodic_return=172.98394775390625
2022-11-15 07:46:17,756 - INFO: global_step=353555, episodic_return=-3.4742660522460938
2022-11-15 07:46:18,146 - INFO: global_step=353915, episodic_return=259.92889404296875
2022-11-15 07:46:18,837 - INFO: global_step=354521, episodic_return=130.67156982421875
2022-11-15 07:46:20,939 - INFO: global_step=355521, episodic_return=60.44816207885742
2022-11-15 07:46:21,379 - INFO: global_step=355992, episodic_return=265.14617919921875
2022-11-15 07:46:21,825 - INFO: global_step=356459, episodic_return=226.0979766845703
2022-11-15 07:46:22,160 - INFO: global_step=356807, episodic_return=270.0213623046875
2022-11-15 07:46:22,989 - INFO: global_step=357469, episodic_return=192.43661499023438
2022-11-15 07:46:23,708 - INFO: global_step=358025, episodic_return=215.25213623046875
2022-11-15 07:46:24,162 - INFO: global_step=358474, episodic_return=165.2401123046875
2022-11-15 07:46:24,657 - INFO: global_step=358954, episodic_return=248.6793212890625
2022-11-15 07:46:25,563 - INFO: global_step=359821, episodic_return=124.2690200805664
2022-11-15 07:46:25,844 - INFO: global_step=360152, episodic_return=270.69329833984375
2022-11-15 07:46:26,283 - INFO: global_step=360524, episodic_return=276.00439453125
2022-11-15 07:46:26,589 - INFO: global_step=360870, episodic_return=264.1437683105469
2022-11-15 07:46:26,797 - INFO: global_step=361133, episodic_return=8.450531005859375
2022-11-15 07:46:27,613 - INFO: global_step=361734, episodic_return=243.50927734375
2022-11-15 07:46:28,245 - INFO: global_step=362225, episodic_return=182.29287719726562
2022-11-15 07:46:28,446 - INFO: global_step=362440, episodic_return=27.561050415039062
2022-11-15 07:46:29,031 - INFO: global_step=362900, episodic_return=190.24432373046875
2022-11-15 07:46:29,941 - INFO: global_step=363503, episodic_return=210.75390625
2022-11-15 07:46:30,385 - INFO: global_step=363946, episodic_return=246.29086303710938
2022-11-15 07:46:30,604 - INFO: global_step=364246, episodic_return=255.58053588867188
2022-11-15 07:46:30,818 - INFO: global_step=364526, episodic_return=230.22325134277344
2022-11-15 07:46:31,101 - INFO: global_step=364885, episodic_return=269.56768798828125
2022-11-15 07:46:31,427 - INFO: global_step=365267, episodic_return=264.747314453125
2022-11-15 07:46:31,790 - INFO: global_step=365683, episodic_return=241.90013122558594
2022-11-15 07:46:32,032 - INFO: global_step=365999, episodic_return=236.1996612548828
2022-11-15 07:46:32,398 - INFO: global_step=366381, episodic_return=280.76251220703125
2022-11-15 07:46:33,542 - INFO: global_step=367307, episodic_return=112.17375183105469
2022-11-15 07:46:35,062 - INFO: global_step=368127, episodic_return=221.08804321289062
2022-11-15 07:46:35,384 - INFO: global_step=368501, episodic_return=254.66781616210938
2022-11-15 07:46:36,015 - INFO: global_step=369025, episodic_return=232.5638427734375
2022-11-15 07:46:36,536 - INFO: global_step=369477, episodic_return=193.5782928466797
2022-11-15 07:46:36,913 - INFO: global_step=369889, episodic_return=208.71356201171875
2022-11-15 07:46:37,348 - INFO: global_step=370347, episodic_return=239.03683471679688
2022-11-15 07:46:37,641 - INFO: global_step=370678, episodic_return=277.09710693359375
2022-11-15 07:46:38,216 - INFO: global_step=371196, episodic_return=206.2075653076172
2022-11-15 07:46:39,169 - INFO: global_step=371882, episodic_return=170.79437255859375
2022-11-15 07:46:39,840 - INFO: global_step=372398, episodic_return=236.54672241210938
2022-11-15 07:46:41,054 - INFO: global_step=373240, episodic_return=143.13775634765625
2022-11-15 07:46:41,334 - INFO: global_step=373539, episodic_return=248.4141082763672
2022-11-15 07:46:42,141 - INFO: global_step=374157, episodic_return=155.2052764892578
2022-11-15 07:46:43,644 - INFO: global_step=375157, episodic_return=-19.964900970458984
2022-11-15 07:46:44,012 - INFO: global_step=375532, episodic_return=225.58413696289062
2022-11-15 07:46:44,302 - INFO: global_step=375843, episodic_return=288.18206787109375
2022-11-15 07:46:45,018 - INFO: global_step=376398, episodic_return=188.48789978027344
2022-11-15 07:46:45,580 - INFO: global_step=376855, episodic_return=250.33563232421875
2022-11-15 07:46:45,929 - INFO: global_step=377205, episodic_return=225.37298583984375
2022-11-15 07:46:46,227 - INFO: global_step=377583, episodic_return=261.0520935058594
2022-11-15 07:46:46,504 - INFO: global_step=377940, episodic_return=220.87075805664062
2022-11-15 07:46:46,705 - INFO: global_step=378218, episodic_return=-34.89996337890625
2022-11-15 07:46:47,344 - INFO: global_step=378739, episodic_return=124.80609893798828
2022-11-15 07:46:48,880 - INFO: global_step=379739, episodic_return=-69.94256591796875
2022-11-15 07:46:49,821 - INFO: global_step=380385, episodic_return=85.76435852050781
2022-11-15 07:46:50,418 - INFO: global_step=380899, episodic_return=218.07923889160156
2022-11-15 07:46:50,627 - INFO: global_step=381173, episodic_return=-141.9568328857422
2022-11-15 07:46:50,919 - INFO: global_step=381517, episodic_return=-141.24331665039062
2022-11-15 07:46:51,160 - INFO: global_step=381812, episodic_return=293.89794921875
2022-11-15 07:46:52,073 - INFO: global_step=382583, episodic_return=195.8136749267578
2022-11-15 07:46:52,505 - INFO: global_step=382976, episodic_return=169.20132446289062
2022-11-15 07:46:53,727 - INFO: global_step=383976, episodic_return=-82.98763275146484
2022-11-15 07:46:54,657 - INFO: global_step=384632, episodic_return=233.36917114257812
2022-11-15 07:46:55,105 - INFO: global_step=385108, episodic_return=221.26254272460938
2022-11-15 07:46:55,684 - INFO: global_step=385610, episodic_return=230.3656005859375
2022-11-15 07:46:56,001 - INFO: global_step=385962, episodic_return=235.5299072265625
2022-11-15 07:46:57,026 - INFO: global_step=386778, episodic_return=192.37997436523438
2022-11-15 07:46:57,473 - INFO: global_step=387278, episodic_return=248.91514587402344
2022-11-15 07:46:57,980 - INFO: global_step=387766, episodic_return=244.3080291748047
2022-11-15 07:46:58,530 - INFO: global_step=388250, episodic_return=247.27130126953125
2022-11-15 07:46:59,499 - INFO: global_step=388613, episodic_return=258.85028076171875
2022-11-15 07:47:00,534 - INFO: global_step=389182, episodic_return=201.72128295898438
2022-11-15 07:47:01,041 - INFO: global_step=389607, episodic_return=241.18788146972656
2022-11-15 07:47:01,599 - INFO: global_step=390104, episodic_return=209.97769165039062
2022-11-15 07:47:03,423 - INFO: global_step=391104, episodic_return=58.60759353637695
2022-11-15 07:47:05,093 - INFO: global_step=392104, episodic_return=84.94493103027344
2022-11-15 07:47:06,448 - INFO: global_step=392855, episodic_return=183.255859375
2022-11-15 07:47:07,195 - INFO: global_step=393418, episodic_return=195.18716430664062
2022-11-15 07:47:08,151 - INFO: global_step=394052, episodic_return=198.25897216796875
2022-11-15 07:47:09,162 - INFO: global_step=394701, episodic_return=192.16171264648438
2022-11-15 07:47:10,641 - INFO: global_step=395701, episodic_return=11.747177124023438
2022-11-15 07:47:11,980 - INFO: global_step=396701, episodic_return=58.116703033447266
2022-11-15 07:47:12,326 - INFO: global_step=397097, episodic_return=278.28216552734375
2022-11-15 07:47:12,753 - INFO: global_step=397493, episodic_return=262.21099853515625
2022-11-15 07:47:14,128 - INFO: global_step=398448, episodic_return=123.92243957519531
2022-11-15 07:47:15,001 - INFO: global_step=398827, episodic_return=218.63656616210938
2022-11-15 07:47:16,096 - INFO: global_step=399649, episodic_return=110.69193267822266
2022-11-15 07:47:16,726 - INFO: global_step=400216, episodic_return=195.825439453125
2022-11-15 07:47:17,458 - INFO: global_step=400836, episodic_return=221.73936462402344
2022-11-15 07:47:18,021 - INFO: global_step=401374, episodic_return=214.8134765625
2022-11-15 07:47:18,513 - INFO: global_step=401845, episodic_return=233.99864196777344
2022-11-15 07:47:19,285 - INFO: global_step=402433, episodic_return=184.10458374023438
2022-11-15 07:47:20,541 - INFO: global_step=403266, episodic_return=115.31585693359375
2022-11-15 07:47:22,232 - INFO: global_step=404257, episodic_return=103.98587036132812
2022-11-15 07:47:23,574 - INFO: global_step=405003, episodic_return=150.08096313476562
2022-11-15 07:47:24,910 - INFO: global_step=406003, episodic_return=-75.23873901367188
2022-11-15 07:47:26,384 - INFO: global_step=407003, episodic_return=-35.15846633911133
2022-11-15 07:47:27,663 - INFO: global_step=408003, episodic_return=4.488973617553711
2022-11-15 07:47:29,015 - INFO: global_step=408754, episodic_return=186.96881103515625
2022-11-15 07:47:30,383 - INFO: global_step=409661, episodic_return=110.98411560058594
2022-11-15 07:47:31,950 - INFO: global_step=410661, episodic_return=-15.078242301940918
2022-11-15 07:47:33,538 - INFO: global_step=411564, episodic_return=128.4907989501953
2022-11-15 07:47:34,675 - INFO: global_step=412289, episodic_return=196.10964965820312
2022-11-15 07:47:35,566 - INFO: global_step=413008, episodic_return=173.02334594726562
2022-11-15 07:47:36,774 - INFO: global_step=413820, episodic_return=166.6265106201172
2022-11-15 07:47:38,373 - INFO: global_step=414776, episodic_return=104.39429473876953
2022-11-15 07:47:38,810 - INFO: global_step=415217, episodic_return=276.500244140625
2022-11-15 07:47:39,820 - INFO: global_step=415864, episodic_return=193.74459838867188
2022-11-15 07:47:40,897 - INFO: global_step=416585, episodic_return=173.21102905273438
2022-11-15 07:47:41,734 - INFO: global_step=417270, episodic_return=213.90745544433594
2022-11-15 07:47:42,434 - INFO: global_step=417855, episodic_return=172.78433227539062
2022-11-15 07:47:43,188 - INFO: global_step=418531, episodic_return=164.8930206298828
2022-11-15 07:47:43,839 - INFO: global_step=418994, episodic_return=198.40965270996094
2022-11-15 07:47:44,142 - INFO: global_step=419358, episodic_return=-3.7644729614257812
2022-11-15 07:47:45,504 - INFO: global_step=420281, episodic_return=243.30043029785156
2022-11-15 07:47:45,935 - INFO: global_step=420723, episodic_return=218.897705078125
2022-11-15 07:47:46,774 - INFO: global_step=421356, episodic_return=229.43643188476562
2022-11-15 07:47:47,290 - INFO: global_step=421853, episodic_return=168.72848510742188
2022-11-15 07:47:48,092 - INFO: global_step=422558, episodic_return=142.0111083984375
2022-11-15 07:47:48,463 - INFO: global_step=422956, episodic_return=206.669189453125
2022-11-15 07:47:48,936 - INFO: global_step=423416, episodic_return=242.3450164794922
2022-11-15 07:47:49,525 - INFO: global_step=423985, episodic_return=203.35047912597656
2022-11-15 07:47:50,058 - INFO: global_step=424479, episodic_return=224.39019775390625
2022-11-15 07:47:50,660 - INFO: global_step=425005, episodic_return=218.07278442382812
2022-11-15 07:47:51,445 - INFO: global_step=425611, episodic_return=146.38648986816406
2022-11-15 07:47:52,022 - INFO: global_step=426172, episodic_return=245.18649291992188
2022-11-15 07:47:52,235 - INFO: global_step=426431, episodic_return=-121.41707611083984
2022-11-15 07:47:52,469 - INFO: global_step=426726, episodic_return=219.37054443359375
2022-11-15 07:47:52,950 - INFO: global_step=427231, episodic_return=233.8067626953125
2022-11-15 07:47:53,438 - INFO: global_step=427766, episodic_return=219.05538940429688
2022-11-15 07:47:53,772 - INFO: global_step=428104, episodic_return=-24.86255645751953
2022-11-15 07:47:54,844 - INFO: global_step=428828, episodic_return=138.49478149414062
2022-11-15 07:47:55,312 - INFO: global_step=429323, episodic_return=244.86997985839844
2022-11-15 07:47:56,758 - INFO: global_step=430323, episodic_return=-103.5079116821289
2022-11-15 07:47:57,384 - INFO: global_step=430922, episodic_return=232.8782196044922
2022-11-15 07:47:57,690 - INFO: global_step=431245, episodic_return=-43.88414764404297
2022-11-15 07:47:57,979 - INFO: global_step=431518, episodic_return=15.650764465332031
2022-11-15 07:47:58,164 - INFO: global_step=431761, episodic_return=-230.53936767578125
2022-11-15 07:47:58,636 - INFO: global_step=432174, episodic_return=229.52874755859375
2022-11-15 07:47:58,755 - INFO: global_step=432361, episodic_return=-109.01052856445312
2022-11-15 07:47:59,360 - INFO: global_step=432655, episodic_return=-8.198509216308594
2022-11-15 07:48:00,787 - INFO: global_step=433482, episodic_return=104.36891174316406
2022-11-15 07:48:01,125 - INFO: global_step=433834, episodic_return=-95.05811309814453
2022-11-15 07:48:02,610 - INFO: global_step=434834, episodic_return=-38.647369384765625
2022-11-15 07:48:03,602 - INFO: global_step=435728, episodic_return=-117.76419830322266
2022-11-15 07:48:04,535 - INFO: global_step=436438, episodic_return=136.48428344726562
2022-11-15 07:48:06,471 - INFO: global_step=437438, episodic_return=-72.33415222167969
2022-11-15 07:48:06,776 - INFO: global_step=437794, episodic_return=-23.269271850585938
2022-11-15 07:48:07,475 - INFO: global_step=438346, episodic_return=172.93017578125
2022-11-15 07:48:08,322 - INFO: global_step=439050, episodic_return=219.2278289794922
2022-11-15 07:48:09,494 - INFO: global_step=440050, episodic_return=-72.45745086669922
2022-11-15 07:48:10,922 - INFO: global_step=441050, episodic_return=46.06645584106445
2022-11-15 07:48:12,751 - INFO: global_step=442050, episodic_return=-24.60342788696289
2022-11-15 07:48:14,716 - INFO: global_step=443050, episodic_return=-29.60346221923828
2022-11-15 07:48:17,223 - INFO: global_step=444050, episodic_return=-13.288874626159668
2022-11-15 07:48:19,412 - INFO: global_step=445050, episodic_return=-65.7849349975586
2022-11-15 07:48:20,310 - INFO: global_step=445714, episodic_return=170.52716064453125
2022-11-15 07:48:22,615 - INFO: global_step=446714, episodic_return=-27.491989135742188
2022-11-15 07:48:24,039 - INFO: global_step=447714, episodic_return=-25.364391326904297
2022-11-15 07:48:25,534 - INFO: global_step=448714, episodic_return=-33.18316650390625
2022-11-15 07:48:26,440 - INFO: global_step=449298, episodic_return=186.30258178710938
2022-11-15 07:48:27,345 - INFO: global_step=449970, episodic_return=177.79196166992188
2022-11-15 07:48:28,797 - INFO: global_step=450970, episodic_return=80.74199676513672
2022-11-15 07:48:29,924 - INFO: global_step=451646, episodic_return=194.61138916015625
2022-11-15 07:48:31,965 - INFO: global_step=452646, episodic_return=122.73895263671875
2022-11-15 07:48:33,092 - INFO: global_step=453430, episodic_return=233.05941772460938
2022-11-15 07:48:33,695 - INFO: global_step=454040, episodic_return=164.24505615234375
2022-11-15 07:48:35,298 - INFO: global_step=455040, episodic_return=84.91964721679688
2022-11-15 07:48:37,176 - INFO: global_step=456040, episodic_return=128.9840087890625
2022-11-15 07:48:39,352 - INFO: global_step=457040, episodic_return=97.95155334472656
2022-11-15 07:48:40,557 - INFO: global_step=458022, episodic_return=124.15460205078125
2022-11-15 07:48:41,153 - INFO: global_step=458592, episodic_return=216.7545928955078
2022-11-15 07:48:42,612 - INFO: global_step=459419, episodic_return=173.58981323242188
2022-11-15 07:48:43,583 - INFO: global_step=460217, episodic_return=161.78677368164062
2022-11-15 07:48:44,581 - INFO: global_step=461006, episodic_return=231.3358154296875
2022-11-15 07:48:45,340 - INFO: global_step=461570, episodic_return=217.12432861328125
2022-11-15 07:48:45,882 - INFO: global_step=462109, episodic_return=193.63058471679688
2022-11-15 07:48:46,412 - INFO: global_step=462590, episodic_return=206.08462524414062
2022-11-15 07:48:47,168 - INFO: global_step=463131, episodic_return=146.89320373535156
2022-11-15 07:48:48,506 - INFO: global_step=463836, episodic_return=151.35987854003906
2022-11-15 07:48:49,273 - INFO: global_step=464322, episodic_return=223.76364135742188
2022-11-15 07:48:50,309 - INFO: global_step=464936, episodic_return=204.9253387451172
2022-11-15 07:48:50,774 - INFO: global_step=465337, episodic_return=188.45086669921875
2022-11-15 07:48:51,243 - INFO: global_step=465752, episodic_return=228.74940490722656
2022-11-15 07:48:51,845 - INFO: global_step=466228, episodic_return=-48.23676300048828
2022-11-15 07:48:52,714 - INFO: global_step=466750, episodic_return=161.40524291992188
2022-11-15 07:48:53,132 - INFO: global_step=467191, episodic_return=211.30738830566406
2022-11-15 07:48:53,470 - INFO: global_step=467557, episodic_return=4.477470397949219
2022-11-15 07:48:54,287 - INFO: global_step=468165, episodic_return=182.59727478027344
2022-11-15 07:48:55,240 - INFO: global_step=468939, episodic_return=176.42877197265625
2022-11-15 07:48:56,976 - INFO: global_step=469939, episodic_return=67.65213775634766
2022-11-15 07:48:57,359 - INFO: global_step=470335, episodic_return=248.48878479003906
2022-11-15 07:48:57,784 - INFO: global_step=470757, episodic_return=240.9923858642578
2022-11-15 07:48:58,878 - INFO: global_step=471628, episodic_return=157.6070098876953
2022-11-15 07:49:00,609 - INFO: global_step=472628, episodic_return=-3.910684108734131
2022-11-15 07:49:01,528 - INFO: global_step=473372, episodic_return=161.17044067382812
2022-11-15 07:49:02,113 - INFO: global_step=473859, episodic_return=223.59063720703125
2022-11-15 07:49:02,933 - INFO: global_step=474414, episodic_return=170.68093872070312
2022-11-15 07:49:03,856 - INFO: global_step=475189, episodic_return=207.14283752441406
2022-11-15 07:49:04,753 - INFO: global_step=475791, episodic_return=224.670166015625
2022-11-15 07:49:05,226 - INFO: global_step=476217, episodic_return=240.61497497558594
2022-11-15 07:49:05,619 - INFO: global_step=476589, episodic_return=257.1304931640625
2022-11-15 07:49:06,662 - INFO: global_step=477287, episodic_return=142.76658630371094
2022-11-15 07:49:07,088 - INFO: global_step=477749, episodic_return=200.31471252441406
2022-11-15 07:49:07,797 - INFO: global_step=478351, episodic_return=225.17698669433594
2022-11-15 07:49:08,559 - INFO: global_step=478911, episodic_return=200.00665283203125
2022-11-15 07:49:08,903 - INFO: global_step=479283, episodic_return=256.2388916015625
2022-11-15 07:49:09,323 - INFO: global_step=479796, episodic_return=223.8472137451172
2022-11-15 07:49:09,991 - INFO: global_step=480449, episodic_return=190.43002319335938
2022-11-15 07:49:10,333 - INFO: global_step=480835, episodic_return=217.62286376953125
2022-11-15 07:49:11,359 - INFO: global_step=481676, episodic_return=231.7967987060547
2022-11-15 07:49:11,957 - INFO: global_step=482208, episodic_return=167.34237670898438
2022-11-15 07:49:13,343 - INFO: global_step=483127, episodic_return=85.20604705810547
2022-11-15 07:49:13,705 - INFO: global_step=483450, episodic_return=-35.682044982910156
2022-11-15 07:49:14,445 - INFO: global_step=484034, episodic_return=178.90858459472656
2022-11-15 07:49:14,947 - INFO: global_step=484487, episodic_return=204.70382690429688
2022-11-15 07:49:16,045 - INFO: global_step=485352, episodic_return=140.00830078125
2022-11-15 07:49:16,858 - INFO: global_step=486082, episodic_return=213.45291137695312
2022-11-15 07:49:17,088 - INFO: global_step=486329, episodic_return=-19.777809143066406
2022-11-15 07:49:17,497 - INFO: global_step=486740, episodic_return=241.38247680664062
2022-11-15 07:49:18,210 - INFO: global_step=487347, episodic_return=225.31292724609375
2022-11-15 07:49:18,842 - INFO: global_step=487945, episodic_return=183.19715881347656
2022-11-15 07:49:19,327 - INFO: global_step=488428, episodic_return=227.58421325683594
2022-11-15 07:49:19,986 - INFO: global_step=488964, episodic_return=206.76776123046875
2022-11-15 07:49:20,728 - INFO: global_step=489501, episodic_return=218.465576171875
2022-11-15 07:49:21,287 - INFO: global_step=489997, episodic_return=246.82107543945312
2022-11-15 07:49:22,705 - INFO: global_step=490997, episodic_return=56.86927795410156
2022-11-15 07:49:23,321 - INFO: global_step=491662, episodic_return=244.0546875
2022-11-15 07:49:23,952 - INFO: global_step=492198, episodic_return=214.2818145751953
2022-11-15 07:49:24,811 - INFO: global_step=492803, episodic_return=159.8867950439453
2022-11-15 07:49:25,020 - INFO: global_step=493063, episodic_return=277.30902099609375
2022-11-15 07:49:26,419 - INFO: global_step=494063, episodic_return=3.1610634326934814
2022-11-15 07:49:27,431 - INFO: global_step=494821, episodic_return=138.27857971191406
2022-11-15 07:49:27,815 - INFO: global_step=495181, episodic_return=235.52157592773438
2022-11-15 07:49:28,184 - INFO: global_step=495589, episodic_return=246.14173889160156
2022-11-15 07:49:28,566 - INFO: global_step=495973, episodic_return=232.31961059570312
2022-11-15 07:49:28,813 - INFO: global_step=496262, episodic_return=253.97711181640625
2022-11-15 07:49:29,118 - INFO: global_step=496602, episodic_return=270.8351745605469
2022-11-15 07:49:29,357 - INFO: global_step=496879, episodic_return=253.3061981201172
2022-11-15 07:49:30,457 - INFO: global_step=497493, episodic_return=279.797119140625
2022-11-15 07:49:30,715 - INFO: global_step=497740, episodic_return=271.7383117675781
2022-11-15 07:49:30,878 - INFO: global_step=497937, episodic_return=27.460777282714844
2022-11-15 07:49:31,242 - INFO: global_step=498258, episodic_return=219.3816375732422
2022-11-15 07:49:31,681 - INFO: global_step=498616, episodic_return=230.5429229736328
2022-11-15 07:49:31,836 - INFO: global_step=498782, episodic_return=47.0174560546875
2022-11-15 07:49:32,158 - INFO: global_step=499108, episodic_return=299.59979248046875
2022-11-15 07:49:32,335 - INFO: global_step=499307, episodic_return=-10.427986145019531
2022-11-15 07:49:32,638 - INFO: global_step=499615, episodic_return=259.8947448730469
2022-11-15 07:49:32,821 - INFO: global_step=499821, episodic_return=3.9408950805664062
2022-11-15 07:49:32,950 - INFO: The average reward of last 20 steps: 184.98412700891495
