2022-11-14 23:19:50,273 - INFO: +--------------------------+----------------+
| Parameter                | Value          |
+--------------------------+----------------+
| exp_name                 | dqn            |
+--------------------------+----------------+
| seed                     | 42             |
+--------------------------+----------------+
| total_timesteps          | 500000         |
+--------------------------+----------------+
| learning_rate            | 0.001          |
+--------------------------+----------------+
| buffer_size              | 2000           |
+--------------------------+----------------+
| gamma                    | 0.982          |
+--------------------------+----------------+
| target_network_frequency | 50             |
+--------------------------+----------------+
| batch_size               | 128            |
+--------------------------+----------------+
| start_e                  | 0.700          |
+--------------------------+----------------+
| end_e                    | 0              |
+--------------------------+----------------+
| exploration_fraction     | 0.100          |
+--------------------------+----------------+
| learning_starts          | 10000          |
+--------------------------+----------------+
| train_frequency          | 10             |
+--------------------------+----------------+
| env_id                   | LunarLander-v2 |
+--------------------------+----------------+
2022-11-14 23:19:53,168 - INFO: global_step=136, episodic_return=-531.7100219726562
2022-11-14 23:19:53,199 - INFO: global_step=218, episodic_return=-407.9483337402344
2022-11-14 23:19:53,237 - INFO: global_step=293, episodic_return=-89.19992065429688
2022-11-14 23:19:53,259 - INFO: global_step=350, episodic_return=-81.596435546875
2022-11-14 23:19:53,311 - INFO: global_step=495, episodic_return=-155.71365356445312
2022-11-14 23:19:53,338 - INFO: global_step=577, episodic_return=-464.0136413574219
2022-11-14 23:19:53,375 - INFO: global_step=695, episodic_return=-494.292236328125
2022-11-14 23:19:53,409 - INFO: global_step=799, episodic_return=-320.70916748046875
2022-11-14 23:19:53,429 - INFO: global_step=864, episodic_return=-93.6928939819336
2022-11-14 23:19:53,452 - INFO: global_step=938, episodic_return=-76.55441284179688
2022-11-14 23:19:53,472 - INFO: global_step=993, episodic_return=-347.8776550292969
2022-11-14 23:19:53,530 - INFO: global_step=1151, episodic_return=-685.1886596679688
2022-11-14 23:19:53,556 - INFO: global_step=1239, episodic_return=-126.8844223022461
2022-11-14 23:19:53,578 - INFO: global_step=1316, episodic_return=-452.07666015625
2022-11-14 23:19:53,613 - INFO: global_step=1393, episodic_return=-380.18524169921875
2022-11-14 23:19:53,695 - INFO: global_step=1594, episodic_return=-251.17630004882812
2022-11-14 23:19:53,719 - INFO: global_step=1677, episodic_return=-378.3571472167969
2022-11-14 23:19:53,738 - INFO: global_step=1736, episodic_return=-88.6824951171875
2022-11-14 23:19:53,765 - INFO: global_step=1818, episodic_return=-523.8756103515625
2022-11-14 23:19:53,812 - INFO: global_step=1942, episodic_return=-218.33184814453125
2022-11-14 23:19:53,844 - INFO: global_step=2026, episodic_return=-389.05419921875
2022-11-14 23:19:53,882 - INFO: global_step=2120, episodic_return=-186.37625122070312
2022-11-14 23:19:53,914 - INFO: global_step=2180, episodic_return=-225.04067993164062
2022-11-14 23:19:53,939 - INFO: global_step=2247, episodic_return=-243.7368927001953
2022-11-14 23:19:53,966 - INFO: global_step=2314, episodic_return=-132.52923583984375
2022-11-14 23:19:53,995 - INFO: global_step=2394, episodic_return=-105.1478500366211
2022-11-14 23:19:54,020 - INFO: global_step=2461, episodic_return=-82.4547348022461
2022-11-14 23:19:54,047 - INFO: global_step=2522, episodic_return=-285.79876708984375
2022-11-14 23:19:54,078 - INFO: global_step=2602, episodic_return=-128.4830322265625
2022-11-14 23:19:54,112 - INFO: global_step=2687, episodic_return=-153.41287231445312
2022-11-14 23:19:54,137 - INFO: global_step=2753, episodic_return=-101.69657897949219
2022-11-14 23:19:54,179 - INFO: global_step=2859, episodic_return=-325.3223876953125
2022-11-14 23:19:54,204 - INFO: global_step=2917, episodic_return=-100.32054138183594
2022-11-14 23:19:54,341 - INFO: global_step=3156, episodic_return=-584.9240112304688
2022-11-14 23:19:54,379 - INFO: global_step=3244, episodic_return=-556.3330688476562
2022-11-14 23:19:54,401 - INFO: global_step=3304, episodic_return=-77.94071960449219
2022-11-14 23:19:54,428 - INFO: global_step=3384, episodic_return=-387.48358154296875
2022-11-14 23:19:54,448 - INFO: global_step=3442, episodic_return=-137.83303833007812
2022-11-14 23:19:54,476 - INFO: global_step=3526, episodic_return=-459.4598388671875
2022-11-14 23:19:54,506 - INFO: global_step=3596, episodic_return=-116.54442596435547
2022-11-14 23:19:54,534 - INFO: global_step=3663, episodic_return=-137.8289794921875
2022-11-14 23:19:54,564 - INFO: global_step=3746, episodic_return=-147.78506469726562
2022-11-14 23:19:54,593 - INFO: global_step=3820, episodic_return=-259.04388427734375
2022-11-14 23:19:54,621 - INFO: global_step=3891, episodic_return=-151.41221618652344
2022-11-14 23:19:54,656 - INFO: global_step=3986, episodic_return=-205.8792266845703
2022-11-14 23:19:54,674 - INFO: global_step=4045, episodic_return=-95.47483825683594
2022-11-14 23:19:54,689 - INFO: global_step=4109, episodic_return=-85.49461364746094
2022-11-14 23:19:54,715 - INFO: global_step=4203, episodic_return=-489.690185546875
2022-11-14 23:19:54,734 - INFO: global_step=4279, episodic_return=-432.3072509765625
2022-11-14 23:19:54,753 - INFO: global_step=4359, episodic_return=-475.1436462402344
2022-11-14 23:19:54,771 - INFO: global_step=4433, episodic_return=-418.5529479980469
2022-11-14 23:19:54,795 - INFO: global_step=4514, episodic_return=-105.8143081665039
2022-11-14 23:19:54,822 - INFO: global_step=4593, episodic_return=-119.56898498535156
2022-11-14 23:19:54,848 - INFO: global_step=4679, episodic_return=-388.1348876953125
2022-11-14 23:19:54,871 - INFO: global_step=4745, episodic_return=-316.23052978515625
2022-11-14 23:19:54,893 - INFO: global_step=4814, episodic_return=-120.2769775390625
2022-11-14 23:19:54,973 - INFO: global_step=5014, episodic_return=-406.40081787109375
2022-11-14 23:19:54,999 - INFO: global_step=5092, episodic_return=-479.4019470214844
2022-11-14 23:19:55,015 - INFO: global_step=5157, episodic_return=-102.49492645263672
2022-11-14 23:19:55,036 - INFO: global_step=5224, episodic_return=-388.99755859375
2022-11-14 23:19:55,055 - INFO: global_step=5285, episodic_return=-105.80342864990234
2022-11-14 23:19:55,076 - INFO: global_step=5356, episodic_return=-418.8687744140625
2022-11-14 23:19:55,154 - INFO: global_step=5497, episodic_return=-454.1340637207031
2022-11-14 23:19:55,188 - INFO: global_step=5574, episodic_return=-417.33477783203125
2022-11-14 23:19:55,222 - INFO: global_step=5645, episodic_return=-120.30921936035156
2022-11-14 23:19:55,256 - INFO: global_step=5715, episodic_return=-449.65142822265625
2022-11-14 23:19:55,282 - INFO: global_step=5772, episodic_return=-101.06529235839844
2022-11-14 23:19:55,353 - INFO: global_step=5915, episodic_return=-396.11114501953125
2022-11-14 23:19:55,412 - INFO: global_step=6045, episodic_return=-567.031982421875
2022-11-14 23:19:55,502 - INFO: global_step=6229, episodic_return=-183.6988983154297
2022-11-14 23:19:55,526 - INFO: global_step=6289, episodic_return=-75.31600952148438
2022-11-14 23:19:55,585 - INFO: global_step=6385, episodic_return=-388.27728271484375
2022-11-14 23:19:55,618 - INFO: global_step=6452, episodic_return=-477.71051025390625
2022-11-14 23:19:55,647 - INFO: global_step=6520, episodic_return=-154.08941650390625
2022-11-14 23:19:55,671 - INFO: global_step=6576, episodic_return=-73.6424789428711
2022-11-14 23:19:55,712 - INFO: global_step=6670, episodic_return=-408.7189636230469
2022-11-14 23:19:55,736 - INFO: global_step=6743, episodic_return=-245.31503295898438
2022-11-14 23:19:55,767 - INFO: global_step=6830, episodic_return=-429.22357177734375
2022-11-14 23:19:55,796 - INFO: global_step=6915, episodic_return=13.842025756835938
2022-11-14 23:19:55,845 - INFO: global_step=7042, episodic_return=-420.15814208984375
2022-11-14 23:19:55,889 - INFO: global_step=7177, episodic_return=-384.0277099609375
2022-11-14 23:19:55,923 - INFO: global_step=7266, episodic_return=-453.7233581542969
2022-11-14 23:19:55,977 - INFO: global_step=7408, episodic_return=-510.37799072265625
2022-11-14 23:19:56,010 - INFO: global_step=7500, episodic_return=-417.5664978027344
2022-11-14 23:19:56,072 - INFO: global_step=7659, episodic_return=-472.8009338378906
2022-11-14 23:19:56,092 - INFO: global_step=7717, episodic_return=-134.3633575439453
2022-11-14 23:19:56,133 - INFO: global_step=7843, episodic_return=-170.01870727539062
2022-11-14 23:19:56,153 - INFO: global_step=7912, episodic_return=-252.93040466308594
2022-11-14 23:19:56,174 - INFO: global_step=7979, episodic_return=-117.76753234863281
2022-11-14 23:19:56,198 - INFO: global_step=8058, episodic_return=-395.23046875
2022-11-14 23:19:56,216 - INFO: global_step=8120, episodic_return=-105.28087615966797
2022-11-14 23:19:56,237 - INFO: global_step=8190, episodic_return=-483.49169921875
2022-11-14 23:19:56,262 - INFO: global_step=8256, episodic_return=-74.03052520751953
2022-11-14 23:19:56,308 - INFO: global_step=8382, episodic_return=-265.1728210449219
2022-11-14 23:19:56,339 - INFO: global_step=8459, episodic_return=-548.0073852539062
2022-11-14 23:19:56,379 - INFO: global_step=8579, episodic_return=-474.17388916015625
2022-11-14 23:19:56,409 - INFO: global_step=8668, episodic_return=-584.6444702148438
2022-11-14 23:19:56,463 - INFO: global_step=8815, episodic_return=-457.3779296875
2022-11-14 23:19:56,487 - INFO: global_step=8893, episodic_return=-545.4407348632812
2022-11-14 23:19:56,677 - INFO: global_step=9215, episodic_return=-519.3143310546875
2022-11-14 23:19:56,716 - INFO: global_step=9310, episodic_return=-113.4220962524414
2022-11-14 23:19:56,772 - INFO: global_step=9458, episodic_return=-559.9196166992188
2022-11-14 23:19:56,828 - INFO: global_step=9609, episodic_return=-490.8115539550781
2022-11-14 23:19:56,858 - INFO: global_step=9679, episodic_return=-141.06321716308594
2022-11-14 23:19:56,916 - INFO: global_step=9818, episodic_return=-597.2850341796875
2022-11-14 23:19:56,946 - INFO: global_step=9895, episodic_return=-330.567626953125
2022-11-14 23:19:56,973 - INFO: global_step=9970, episodic_return=-106.60781860351562
2022-11-14 23:19:57,044 - INFO: global_step=10093, episodic_return=-422.9342346191406
2022-11-14 23:19:57,100 - INFO: global_step=10187, episodic_return=-359.8099670410156
2022-11-14 23:19:57,146 - INFO: global_step=10253, episodic_return=-221.7975616455078
2022-11-14 23:19:57,208 - INFO: global_step=10354, episodic_return=-472.8358154296875
2022-11-14 23:19:57,250 - INFO: global_step=10422, episodic_return=-325.3553771972656
2022-11-14 23:19:57,289 - INFO: global_step=10484, episodic_return=-261.8341064453125
2022-11-14 23:19:57,353 - INFO: global_step=10587, episodic_return=-535.9674682617188
2022-11-14 23:19:57,421 - INFO: global_step=10687, episodic_return=-332.00921630859375
2022-11-14 23:19:57,464 - INFO: global_step=10752, episodic_return=-113.63078308105469
2022-11-14 23:19:57,511 - INFO: global_step=10834, episodic_return=-144.60589599609375
2022-11-14 23:19:57,581 - INFO: global_step=10948, episodic_return=-129.98089599609375
2022-11-14 23:19:57,615 - INFO: global_step=11020, episodic_return=-120.64356994628906
2022-11-14 23:19:57,660 - INFO: global_step=11091, episodic_return=-108.26802825927734
2022-11-14 23:19:57,734 - INFO: global_step=11180, episodic_return=-176.17306518554688
2022-11-14 23:19:57,808 - INFO: global_step=11278, episodic_return=-606.7926025390625
2022-11-14 23:19:57,879 - INFO: global_step=11386, episodic_return=-404.08673095703125
2022-11-14 23:19:57,936 - INFO: global_step=11473, episodic_return=-284.8792419433594
2022-11-14 23:19:58,034 - INFO: global_step=11609, episodic_return=-334.36419677734375
2022-11-14 23:19:58,101 - INFO: global_step=11698, episodic_return=-437.5577392578125
2022-11-14 23:19:58,148 - INFO: global_step=11771, episodic_return=-95.92236328125
2022-11-14 23:19:58,188 - INFO: global_step=11837, episodic_return=-30.272811889648438
2022-11-14 23:19:58,228 - INFO: global_step=11912, episodic_return=-158.71688842773438
2022-11-14 23:19:58,260 - INFO: global_step=11984, episodic_return=-126.3941421508789
2022-11-14 23:19:58,296 - INFO: global_step=12051, episodic_return=-119.56669616699219
2022-11-14 23:19:58,337 - INFO: global_step=12127, episodic_return=-99.49482727050781
2022-11-14 23:19:58,381 - INFO: global_step=12199, episodic_return=-60.637840270996094
2022-11-14 23:19:58,438 - INFO: global_step=12291, episodic_return=-117.48664093017578
2022-11-14 23:19:58,561 - INFO: global_step=12474, episodic_return=-214.30923461914062
2022-11-14 23:19:58,604 - INFO: global_step=12545, episodic_return=-107.44256591796875
2022-11-14 23:19:58,673 - INFO: global_step=12657, episodic_return=-34.83587646484375
2022-11-14 23:19:58,778 - INFO: global_step=12784, episodic_return=-169.13467407226562
2022-11-14 23:19:58,835 - INFO: global_step=12880, episodic_return=-188.08360290527344
2022-11-14 23:19:58,870 - INFO: global_step=12939, episodic_return=-408.9852600097656
2022-11-14 23:19:58,976 - INFO: global_step=13099, episodic_return=-213.45509338378906
2022-11-14 23:19:59,012 - INFO: global_step=13160, episodic_return=-140.13345336914062
2022-11-14 23:19:59,239 - INFO: global_step=13431, episodic_return=-192.55429077148438
2022-11-14 23:19:59,290 - INFO: global_step=13510, episodic_return=-38.17026901245117
2022-11-14 23:19:59,320 - INFO: global_step=13566, episodic_return=-393.0894470214844
2022-11-14 23:19:59,452 - INFO: global_step=13758, episodic_return=-362.3717346191406
2022-11-14 23:19:59,574 - INFO: global_step=13909, episodic_return=-151.66262817382812
2022-11-14 23:19:59,749 - INFO: global_step=14117, episodic_return=-402.70806884765625
2022-11-14 23:19:59,831 - INFO: global_step=14206, episodic_return=-260.85198974609375
2022-11-14 23:19:59,946 - INFO: global_step=14322, episodic_return=-244.94252014160156
2022-11-14 23:20:00,022 - INFO: global_step=14447, episodic_return=-131.06044006347656
2022-11-14 23:20:00,119 - INFO: global_step=14593, episodic_return=-3.5658111572265625
2022-11-14 23:20:00,160 - INFO: global_step=14690, episodic_return=-196.74139404296875
2022-11-14 23:20:00,222 - INFO: global_step=14801, episodic_return=-170.48312377929688
2022-11-14 23:20:00,428 - INFO: global_step=15054, episodic_return=-99.42613220214844
2022-11-14 23:20:00,559 - INFO: global_step=15239, episodic_return=-79.03373718261719
2022-11-14 23:20:00,649 - INFO: global_step=15366, episodic_return=-65.3956298828125
2022-11-14 23:20:00,823 - INFO: global_step=15508, episodic_return=-116.83563232421875
2022-11-14 23:20:00,922 - INFO: global_step=15653, episodic_return=-194.83352661132812
2022-11-14 23:20:01,110 - INFO: global_step=15818, episodic_return=-75.77397155761719
2022-11-14 23:20:01,198 - INFO: global_step=15931, episodic_return=-288.82623291015625
2022-11-14 23:20:01,277 - INFO: global_step=16014, episodic_return=-294.73797607421875
2022-11-14 23:20:01,360 - INFO: global_step=16125, episodic_return=-283.75262451171875
2022-11-14 23:20:01,478 - INFO: global_step=16247, episodic_return=-385.7102966308594
2022-11-14 23:20:01,749 - INFO: global_step=16533, episodic_return=-178.7829132080078
2022-11-14 23:20:01,809 - INFO: global_step=16600, episodic_return=-237.42202758789062
2022-11-14 23:20:01,883 - INFO: global_step=16695, episodic_return=-229.13174438476562
2022-11-14 23:20:01,948 - INFO: global_step=16811, episodic_return=-188.56886291503906
2022-11-14 23:20:02,101 - INFO: global_step=16987, episodic_return=-80.40361022949219
2022-11-14 23:20:02,194 - INFO: global_step=17120, episodic_return=-283.18896484375
2022-11-14 23:20:02,262 - INFO: global_step=17231, episodic_return=-246.3255157470703
2022-11-14 23:20:02,403 - INFO: global_step=17444, episodic_return=-150.35426330566406
2022-11-14 23:20:02,504 - INFO: global_step=17583, episodic_return=-188.0544891357422
2022-11-14 23:20:02,565 - INFO: global_step=17684, episodic_return=-212.16305541992188
2022-11-14 23:20:02,639 - INFO: global_step=17806, episodic_return=-57.59462356567383
2022-11-14 23:20:02,688 - INFO: global_step=17892, episodic_return=-280.595703125
2022-11-14 23:20:02,730 - INFO: global_step=17978, episodic_return=-218.275390625
2022-11-14 23:20:02,848 - INFO: global_step=18105, episodic_return=-154.6739501953125
2022-11-14 23:20:02,943 - INFO: global_step=18241, episodic_return=-376.57037353515625
2022-11-14 23:20:03,013 - INFO: global_step=18360, episodic_return=-104.86870574951172
2022-11-14 23:20:03,055 - INFO: global_step=18427, episodic_return=-297.199951171875
2022-11-14 23:20:03,148 - INFO: global_step=18552, episodic_return=-222.11386108398438
2022-11-14 23:20:03,219 - INFO: global_step=18655, episodic_return=-194.80950927734375
2022-11-14 23:20:03,289 - INFO: global_step=18748, episodic_return=-859.352294921875
2022-11-14 23:20:03,388 - INFO: global_step=18886, episodic_return=-193.55337524414062
2022-11-14 23:20:03,446 - INFO: global_step=18977, episodic_return=-341.8343505859375
2022-11-14 23:20:03,540 - INFO: global_step=19099, episodic_return=-426.2171325683594
2022-11-14 23:20:03,641 - INFO: global_step=19237, episodic_return=-245.82745361328125
2022-11-14 23:20:03,739 - INFO: global_step=19382, episodic_return=-24.9881591796875
2022-11-14 23:20:03,833 - INFO: global_step=19502, episodic_return=-152.5354461669922
2022-11-14 23:20:04,135 - INFO: global_step=19812, episodic_return=-179.5244140625
2022-11-14 23:20:04,321 - INFO: global_step=20019, episodic_return=-144.7515411376953
2022-11-14 23:20:04,458 - INFO: global_step=20201, episodic_return=-511.53570556640625
2022-11-14 23:20:04,539 - INFO: global_step=20305, episodic_return=-132.56201171875
2022-11-14 23:20:04,711 - INFO: global_step=20486, episodic_return=-75.94206237792969
2022-11-14 23:20:04,833 - INFO: global_step=20642, episodic_return=-104.0436019897461
2022-11-14 23:20:05,000 - INFO: global_step=20834, episodic_return=-121.67976379394531
2022-11-14 23:20:05,137 - INFO: global_step=21010, episodic_return=-178.45359802246094
2022-11-14 23:20:05,278 - INFO: global_step=21182, episodic_return=-179.99224853515625
2022-11-14 23:20:05,393 - INFO: global_step=21330, episodic_return=-151.30828857421875
2022-11-14 23:20:05,715 - INFO: global_step=21626, episodic_return=-117.04442596435547
2022-11-14 23:20:05,888 - INFO: global_step=21791, episodic_return=-206.23878479003906
2022-11-14 23:20:06,229 - INFO: global_step=22122, episodic_return=-207.9749298095703
2022-11-14 23:20:06,372 - INFO: global_step=22316, episodic_return=-257.81573486328125
2022-11-14 23:20:06,478 - INFO: global_step=22441, episodic_return=-62.41592025756836
2022-11-14 23:20:06,623 - INFO: global_step=22617, episodic_return=-94.236328125
2022-11-14 23:20:06,757 - INFO: global_step=22818, episodic_return=-154.41665649414062
2022-11-14 23:20:06,850 - INFO: global_step=22952, episodic_return=-83.56217956542969
2022-11-14 23:20:06,943 - INFO: global_step=23083, episodic_return=-117.99884796142578
2022-11-14 23:20:07,449 - INFO: global_step=23535, episodic_return=-217.97848510742188
2022-11-14 23:20:07,996 - INFO: global_step=24075, episodic_return=-208.80023193359375
2022-11-14 23:20:08,061 - INFO: global_step=24175, episodic_return=-77.04289245605469
2022-11-14 23:20:08,183 - INFO: global_step=24360, episodic_return=-22.38713836669922
2022-11-14 23:20:08,815 - INFO: global_step=24823, episodic_return=-247.29776000976562
2022-11-14 23:20:08,984 - INFO: global_step=25013, episodic_return=-50.10651779174805
2022-11-14 23:20:10,587 - INFO: global_step=26013, episodic_return=-41.12812042236328
2022-11-14 23:20:10,730 - INFO: global_step=26231, episodic_return=-126.88386535644531
2022-11-14 23:20:13,468 - INFO: global_step=27231, episodic_return=-65.59342193603516
2022-11-14 23:20:14,353 - INFO: global_step=27745, episodic_return=-95.01647186279297
2022-11-14 23:20:16,204 - INFO: global_step=28674, episodic_return=-200.90750122070312
2022-11-14 23:20:18,043 - INFO: global_step=29674, episodic_return=-60.46601867675781
2022-11-14 23:20:20,413 - INFO: global_step=30674, episodic_return=-10.781620025634766
2022-11-14 23:20:20,744 - INFO: global_step=30975, episodic_return=-297.2247009277344
2022-11-14 23:20:21,064 - INFO: global_step=31267, episodic_return=-253.54795837402344
2022-11-14 23:20:21,294 - INFO: global_step=31485, episodic_return=-35.91044616699219
2022-11-14 23:20:23,072 - INFO: global_step=32485, episodic_return=140.10443115234375
2022-11-14 23:20:23,546 - INFO: global_step=32876, episodic_return=-219.73336791992188
2022-11-14 23:20:26,384 - INFO: global_step=33876, episodic_return=-69.25139617919922
2022-11-14 23:20:26,863 - INFO: global_step=34172, episodic_return=-27.393310546875
2022-11-14 23:20:28,789 - INFO: global_step=35172, episodic_return=-110.87010192871094
2022-11-14 23:20:28,862 - INFO: global_step=35287, episodic_return=-248.18955993652344
2022-11-14 23:20:31,236 - INFO: global_step=36287, episodic_return=-84.59506225585938
2022-11-14 23:20:33,154 - INFO: global_step=37287, episodic_return=-56.12763977050781
2022-11-14 23:20:34,162 - INFO: global_step=37934, episodic_return=129.22283935546875
2022-11-14 23:20:34,617 - INFO: global_step=38330, episodic_return=-75.57401275634766
2022-11-14 23:20:37,403 - INFO: global_step=39330, episodic_return=-75.22877502441406
2022-11-14 23:20:37,694 - INFO: global_step=39599, episodic_return=0.5566558837890625
2022-11-14 23:20:38,191 - INFO: global_step=40003, episodic_return=-232.39486694335938
2022-11-14 23:20:38,458 - INFO: global_step=40300, episodic_return=-202.67349243164062
2022-11-14 23:20:38,601 - INFO: global_step=40480, episodic_return=-23.597152709960938
2022-11-14 23:20:40,423 - INFO: global_step=41480, episodic_return=-41.827945709228516
2022-11-14 23:20:41,756 - INFO: global_step=42260, episodic_return=59.24604034423828
2022-11-14 23:20:42,154 - INFO: global_step=42612, episodic_return=-108.5486068725586
2022-11-14 23:20:42,693 - INFO: global_step=43031, episodic_return=-85.38487243652344
2022-11-14 23:20:43,406 - INFO: global_step=43581, episodic_return=-161.427001953125
2022-11-14 23:20:44,364 - INFO: global_step=44151, episodic_return=129.21620178222656
2022-11-14 23:20:44,636 - INFO: global_step=44378, episodic_return=-86.36199951171875
2022-11-14 23:20:46,259 - INFO: global_step=45236, episodic_return=-246.5634765625
2022-11-14 23:20:46,429 - INFO: global_step=45403, episodic_return=-2.5878219604492188
2022-11-14 23:20:46,633 - INFO: global_step=45584, episodic_return=-31.567581176757812
2022-11-14 23:20:46,854 - INFO: global_step=45809, episodic_return=-128.2340545654297
2022-11-14 23:20:48,639 - INFO: global_step=46809, episodic_return=-54.08427429199219
2022-11-14 23:20:48,924 - INFO: global_step=47047, episodic_return=-81.05120849609375
2022-11-14 23:20:51,488 - INFO: global_step=48047, episodic_return=-93.91796112060547
2022-11-14 23:20:53,473 - INFO: global_step=49047, episodic_return=-87.91761779785156
2022-11-14 23:20:55,088 - INFO: global_step=50047, episodic_return=-117.92913818359375
2022-11-14 23:20:57,372 - INFO: global_step=51047, episodic_return=-54.5908203125
2022-11-14 23:20:58,947 - INFO: global_step=52047, episodic_return=-93.39505767822266
2022-11-14 23:21:00,644 - INFO: global_step=53047, episodic_return=-108.2835922241211
2022-11-14 23:21:00,921 - INFO: global_step=53267, episodic_return=-93.75091552734375
2022-11-14 23:21:01,737 - INFO: global_step=53690, episodic_return=-136.7985382080078
2022-11-14 23:21:03,601 - INFO: global_step=54690, episodic_return=-89.03057861328125
2022-11-14 23:21:04,071 - INFO: global_step=55036, episodic_return=-112.06978607177734
2022-11-14 23:21:04,880 - INFO: global_step=55473, episodic_return=-122.6768569946289
2022-11-14 23:21:05,108 - INFO: global_step=55712, episodic_return=-76.33528137207031
2022-11-14 23:21:05,555 - INFO: global_step=56082, episodic_return=-123.61042785644531
2022-11-14 23:21:05,775 - INFO: global_step=56328, episodic_return=-103.96484375
2022-11-14 23:21:05,972 - INFO: global_step=56552, episodic_return=-92.54679107666016
2022-11-14 23:21:06,216 - INFO: global_step=56824, episodic_return=-123.14718627929688
2022-11-14 23:21:06,507 - INFO: global_step=57135, episodic_return=-133.5377197265625
2022-11-14 23:21:06,923 - INFO: global_step=57512, episodic_return=-157.093017578125
2022-11-14 23:21:08,108 - INFO: global_step=58391, episodic_return=-200.92190551757812
2022-11-14 23:21:08,361 - INFO: global_step=58657, episodic_return=-114.26216125488281
2022-11-14 23:21:08,743 - INFO: global_step=59022, episodic_return=-113.16700744628906
2022-11-14 23:21:09,139 - INFO: global_step=59361, episodic_return=-146.0619659423828
2022-11-14 23:21:09,683 - INFO: global_step=59671, episodic_return=-93.93099975585938
2022-11-14 23:21:09,966 - INFO: global_step=59932, episodic_return=-111.2609634399414
2022-11-14 23:21:11,656 - INFO: global_step=60870, episodic_return=-155.236328125
2022-11-14 23:21:11,873 - INFO: global_step=61095, episodic_return=-106.96440124511719
2022-11-14 23:21:12,196 - INFO: global_step=61393, episodic_return=-165.19325256347656
2022-11-14 23:21:12,370 - INFO: global_step=61571, episodic_return=-116.45575714111328
2022-11-14 23:21:12,962 - INFO: global_step=62039, episodic_return=-185.33944702148438
2022-11-14 23:21:14,894 - INFO: global_step=62987, episodic_return=-220.83761596679688
2022-11-14 23:21:16,662 - INFO: global_step=63987, episodic_return=-125.34236907958984
2022-11-14 23:21:18,681 - INFO: global_step=64874, episodic_return=-267.38970947265625
2022-11-14 23:21:19,060 - INFO: global_step=65215, episodic_return=-127.39724731445312
2022-11-14 23:21:19,514 - INFO: global_step=65649, episodic_return=-161.51515197753906
2022-11-14 23:21:21,568 - INFO: global_step=66649, episodic_return=-97.72032165527344
2022-11-14 23:21:22,034 - INFO: global_step=67029, episodic_return=-176.04833984375
2022-11-14 23:21:22,901 - INFO: global_step=67591, episodic_return=-232.82765197753906
2022-11-14 23:21:25,540 - INFO: global_step=68591, episodic_return=-138.2935791015625
2022-11-14 23:21:27,312 - INFO: global_step=69591, episodic_return=-99.86021423339844
2022-11-14 23:21:28,530 - INFO: global_step=70293, episodic_return=-231.71395874023438
2022-11-14 23:21:29,045 - INFO: global_step=70742, episodic_return=-179.59597778320312
2022-11-14 23:21:29,910 - INFO: global_step=71341, episodic_return=-218.76663208007812
2022-11-14 23:21:31,412 - INFO: global_step=72341, episodic_return=-91.48129272460938
2022-11-14 23:21:33,938 - INFO: global_step=73341, episodic_return=-86.57462310791016
2022-11-14 23:21:36,062 - INFO: global_step=74341, episodic_return=-111.79918670654297
2022-11-14 23:21:37,792 - INFO: global_step=75341, episodic_return=-138.9007110595703
2022-11-14 23:21:39,845 - INFO: global_step=76341, episodic_return=-109.17047119140625
2022-11-14 23:21:41,418 - INFO: global_step=77341, episodic_return=-151.4821014404297
2022-11-14 23:21:43,973 - INFO: global_step=78341, episodic_return=-129.2307586669922
2022-11-14 23:21:45,684 - INFO: global_step=79341, episodic_return=-123.46391296386719
2022-11-14 23:21:47,207 - INFO: global_step=80341, episodic_return=-101.76935577392578
2022-11-14 23:21:49,499 - INFO: global_step=81341, episodic_return=-90.85460662841797
2022-11-14 23:21:49,935 - INFO: global_step=81726, episodic_return=-184.52197265625
2022-11-14 23:21:51,434 - INFO: global_step=82634, episodic_return=-272.53021240234375
2022-11-14 23:21:53,559 - INFO: global_step=83634, episodic_return=-163.05731201171875
2022-11-14 23:21:55,206 - INFO: global_step=84634, episodic_return=-114.66641998291016
2022-11-14 23:21:56,894 - INFO: global_step=85634, episodic_return=-172.20596313476562
2022-11-14 23:21:59,482 - INFO: global_step=86634, episodic_return=-139.09469604492188
2022-11-14 23:22:01,441 - INFO: global_step=87634, episodic_return=-123.13771057128906
2022-11-14 23:22:02,726 - INFO: global_step=88634, episodic_return=-133.5271759033203
2022-11-14 23:22:04,000 - INFO: global_step=89634, episodic_return=-135.33895874023438
2022-11-14 23:22:05,894 - INFO: global_step=90634, episodic_return=-109.02877044677734
2022-11-14 23:22:06,840 - INFO: global_step=91256, episodic_return=-168.17849731445312
2022-11-14 23:22:09,038 - INFO: global_step=92256, episodic_return=-119.29376220703125
2022-11-14 23:22:11,111 - INFO: global_step=93256, episodic_return=-148.55599975585938
2022-11-14 23:22:13,172 - INFO: global_step=94256, episodic_return=-143.27589416503906
2022-11-14 23:22:15,295 - INFO: global_step=95256, episodic_return=-124.84039306640625
2022-11-14 23:22:15,775 - INFO: global_step=95724, episodic_return=-167.77740478515625
2022-11-14 23:22:17,493 - INFO: global_step=96724, episodic_return=-162.31544494628906
2022-11-14 23:22:18,807 - INFO: global_step=97724, episodic_return=-125.43867492675781
2022-11-14 23:22:21,238 - INFO: global_step=98724, episodic_return=-126.4849624633789
2022-11-14 23:22:23,032 - INFO: global_step=99724, episodic_return=-137.8794708251953
2022-11-14 23:22:24,738 - INFO: global_step=100724, episodic_return=-132.34327697753906
2022-11-14 23:22:27,200 - INFO: global_step=101724, episodic_return=-121.69502258300781
2022-11-14 23:22:28,461 - INFO: global_step=102724, episodic_return=-119.19591522216797
2022-11-14 23:22:30,170 - INFO: global_step=103724, episodic_return=-128.5699920654297
2022-11-14 23:22:32,335 - INFO: global_step=104724, episodic_return=-137.40211486816406
2022-11-14 23:22:33,593 - INFO: global_step=105489, episodic_return=-270.675048828125
2022-11-14 23:22:35,558 - INFO: global_step=106489, episodic_return=-166.56509399414062
2022-11-14 23:22:35,762 - INFO: global_step=106624, episodic_return=-136.7825469970703
2022-11-14 23:22:37,547 - INFO: global_step=107624, episodic_return=-114.53353118896484
2022-11-14 23:22:39,793 - INFO: global_step=108624, episodic_return=-125.58299255371094
2022-11-14 23:22:41,977 - INFO: global_step=109624, episodic_return=-117.21353149414062
2022-11-14 23:22:44,125 - INFO: global_step=110624, episodic_return=-150.58724975585938
2022-11-14 23:22:46,573 - INFO: global_step=111624, episodic_return=-166.9617462158203
2022-11-14 23:22:48,191 - INFO: global_step=112624, episodic_return=-161.1702117919922
2022-11-14 23:22:49,645 - INFO: global_step=113624, episodic_return=-129.52552795410156
2022-11-14 23:22:51,312 - INFO: global_step=114624, episodic_return=-157.5542449951172
2022-11-14 23:22:53,130 - INFO: global_step=115624, episodic_return=-119.6938705444336
2022-11-14 23:22:55,254 - INFO: global_step=116624, episodic_return=-114.3818588256836
2022-11-14 23:22:57,517 - INFO: global_step=117624, episodic_return=-159.5563507080078
2022-11-14 23:22:59,108 - INFO: global_step=118624, episodic_return=-123.7977523803711
2022-11-14 23:23:00,852 - INFO: global_step=119624, episodic_return=-96.80485534667969
2022-11-14 23:23:02,771 - INFO: global_step=120624, episodic_return=-120.00901794433594
2022-11-14 23:23:04,921 - INFO: global_step=121624, episodic_return=-127.26023864746094
2022-11-14 23:23:06,668 - INFO: global_step=122624, episodic_return=-123.66895294189453
2022-11-14 23:23:08,623 - INFO: global_step=123624, episodic_return=-97.95330810546875
2022-11-14 23:23:10,247 - INFO: global_step=124624, episodic_return=-98.22895050048828
2022-11-14 23:23:13,030 - INFO: global_step=125624, episodic_return=-158.12026977539062
2022-11-14 23:23:15,791 - INFO: global_step=126624, episodic_return=-121.6548843383789
2022-11-14 23:23:17,442 - INFO: global_step=127624, episodic_return=-130.67225646972656
2022-11-14 23:23:19,414 - INFO: global_step=128624, episodic_return=-132.98968505859375
2022-11-14 23:23:21,555 - INFO: global_step=129624, episodic_return=-135.33253479003906
2022-11-14 23:23:23,458 - INFO: global_step=130624, episodic_return=-132.53004455566406
2022-11-14 23:23:24,990 - INFO: global_step=131624, episodic_return=-142.49957275390625
2022-11-14 23:23:26,903 - INFO: global_step=132624, episodic_return=-171.0604248046875
2022-11-14 23:23:29,503 - INFO: global_step=133624, episodic_return=-125.68763732910156
2022-11-14 23:23:31,476 - INFO: global_step=134624, episodic_return=-164.1902618408203
2022-11-14 23:23:33,173 - INFO: global_step=135624, episodic_return=-47.56283950805664
2022-11-14 23:23:34,677 - INFO: global_step=136624, episodic_return=-135.38375854492188
2022-11-14 23:23:37,171 - INFO: global_step=137624, episodic_return=-100.83071899414062
2022-11-14 23:23:39,542 - INFO: global_step=138624, episodic_return=-72.08674621582031
2022-11-14 23:23:41,931 - INFO: global_step=139624, episodic_return=-69.20223999023438
2022-11-14 23:23:43,950 - INFO: global_step=140624, episodic_return=-99.56755828857422
2022-11-14 23:23:45,629 - INFO: global_step=141624, episodic_return=-102.3351058959961
2022-11-14 23:23:47,397 - INFO: global_step=142624, episodic_return=-47.88303756713867
2022-11-14 23:23:49,910 - INFO: global_step=143624, episodic_return=-59.65946960449219
2022-11-14 23:23:51,949 - INFO: global_step=144624, episodic_return=-85.7345962524414
2022-11-14 23:23:54,084 - INFO: global_step=145624, episodic_return=-88.60240173339844
2022-11-14 23:23:55,772 - INFO: global_step=146624, episodic_return=-58.61927795410156
2022-11-14 23:23:58,214 - INFO: global_step=147624, episodic_return=-34.03263854980469
2022-11-14 23:23:59,585 - INFO: global_step=148624, episodic_return=-26.396947860717773
2022-11-14 23:24:01,513 - INFO: global_step=149624, episodic_return=-26.170984268188477
2022-11-14 23:24:04,132 - INFO: global_step=150624, episodic_return=-9.060371398925781
2022-11-14 23:24:06,179 - INFO: global_step=151624, episodic_return=-52.90855407714844
2022-11-14 23:24:06,424 - INFO: global_step=151888, episodic_return=-19.84100341796875
2022-11-14 23:24:07,556 - INFO: global_step=152567, episodic_return=-176.19381713867188
2022-11-14 23:24:07,974 - INFO: global_step=152950, episodic_return=40.6942138671875
2022-11-14 23:24:08,421 - INFO: global_step=153328, episodic_return=-17.630081176757812
2022-11-14 23:24:09,033 - INFO: global_step=153821, episodic_return=-49.07993698120117
2022-11-14 23:24:09,715 - INFO: global_step=154301, episodic_return=-112.36506652832031
2022-11-14 23:24:09,810 - INFO: global_step=154421, episodic_return=-123.40052032470703
2022-11-14 23:24:09,991 - INFO: global_step=154634, episodic_return=-109.86273193359375
2022-11-14 23:24:10,187 - INFO: global_step=154858, episodic_return=-72.64302062988281
2022-11-14 23:24:11,482 - INFO: global_step=155704, episodic_return=127.70185089111328
2022-11-14 23:24:11,885 - INFO: global_step=156068, episodic_return=-107.29573059082031
2022-11-14 23:24:14,291 - INFO: global_step=157046, episodic_return=77.6748046875
2022-11-14 23:24:16,021 - INFO: global_step=158046, episodic_return=-12.506001472473145
2022-11-14 23:24:17,466 - INFO: global_step=159046, episodic_return=-74.88219451904297
2022-11-14 23:24:19,514 - INFO: global_step=160046, episodic_return=-97.42365264892578
2022-11-14 23:24:22,122 - INFO: global_step=161046, episodic_return=-79.75740051269531
2022-11-14 23:24:24,753 - INFO: global_step=162046, episodic_return=-93.7276382446289
2022-11-14 23:24:27,181 - INFO: global_step=163046, episodic_return=-85.05606079101562
2022-11-14 23:24:29,124 - INFO: global_step=164046, episodic_return=-95.56549072265625
2022-11-14 23:24:30,829 - INFO: global_step=165046, episodic_return=-91.1642837524414
2022-11-14 23:24:32,669 - INFO: global_step=166046, episodic_return=-57.57440185546875
2022-11-14 23:24:34,803 - INFO: global_step=167046, episodic_return=-43.14680862426758
2022-11-14 23:24:36,920 - INFO: global_step=168046, episodic_return=-32.60021209716797
2022-11-14 23:24:38,567 - INFO: global_step=169046, episodic_return=-17.919824600219727
2022-11-14 23:24:40,889 - INFO: global_step=170046, episodic_return=-41.97180938720703
2022-11-14 23:24:44,614 - INFO: global_step=171046, episodic_return=-14.839422225952148
2022-11-14 23:24:46,392 - INFO: global_step=172046, episodic_return=-102.38707733154297
2022-11-14 23:24:47,831 - INFO: global_step=173046, episodic_return=-61.30289077758789
2022-11-14 23:24:49,690 - INFO: global_step=174046, episodic_return=-38.69795608520508
2022-11-14 23:24:51,068 - INFO: global_step=174932, episodic_return=-128.38687133789062
2022-11-14 23:24:53,398 - INFO: global_step=175932, episodic_return=-47.609947204589844
2022-11-14 23:24:55,382 - INFO: global_step=176932, episodic_return=-15.93666934967041
2022-11-14 23:24:56,770 - INFO: global_step=177932, episodic_return=15.090383529663086
2022-11-14 23:24:59,353 - INFO: global_step=178932, episodic_return=-48.959468841552734
2022-11-14 23:25:01,509 - INFO: global_step=179932, episodic_return=-47.862464904785156
2022-11-14 23:25:03,568 - INFO: global_step=180932, episodic_return=-59.25210952758789
2022-11-14 23:25:05,662 - INFO: global_step=181932, episodic_return=-27.829565048217773
2022-11-14 23:25:07,904 - INFO: global_step=182932, episodic_return=-37.32729721069336
2022-11-14 23:25:10,117 - INFO: global_step=183932, episodic_return=-88.62000274658203
2022-11-14 23:25:11,880 - INFO: global_step=184932, episodic_return=-25.377410888671875
2022-11-14 23:25:13,729 - INFO: global_step=185932, episodic_return=-33.1589469909668
2022-11-14 23:25:15,835 - INFO: global_step=186932, episodic_return=-31.278051376342773
2022-11-14 23:25:17,546 - INFO: global_step=187932, episodic_return=-106.98948669433594
2022-11-14 23:25:18,943 - INFO: global_step=188932, episodic_return=-71.10551452636719
2022-11-14 23:25:21,291 - INFO: global_step=189932, episodic_return=-55.547271728515625
2022-11-14 23:25:23,292 - INFO: global_step=190932, episodic_return=-91.3649673461914
2022-11-14 23:25:25,893 - INFO: global_step=191932, episodic_return=-68.2851791381836
2022-11-14 23:25:27,714 - INFO: global_step=192932, episodic_return=-124.586181640625
2022-11-14 23:25:29,184 - INFO: global_step=193932, episodic_return=-127.34111022949219
2022-11-14 23:25:30,630 - INFO: global_step=194932, episodic_return=-87.68318939208984
2022-11-14 23:25:33,215 - INFO: global_step=195932, episodic_return=-110.8594741821289
2022-11-14 23:25:34,875 - INFO: global_step=196932, episodic_return=-128.98751831054688
2022-11-14 23:25:36,399 - INFO: global_step=197932, episodic_return=-79.6923828125
2022-11-14 23:25:38,178 - INFO: global_step=198932, episodic_return=-133.70408630371094
2022-11-14 23:25:40,301 - INFO: global_step=199932, episodic_return=-108.18072509765625
2022-11-14 23:25:42,406 - INFO: global_step=200932, episodic_return=-55.701534271240234
2022-11-14 23:25:44,406 - INFO: global_step=201932, episodic_return=-110.75556182861328
2022-11-14 23:25:46,544 - INFO: global_step=202932, episodic_return=-138.98431396484375
2022-11-14 23:25:48,748 - INFO: global_step=203932, episodic_return=-144.795166015625
2022-11-14 23:25:50,788 - INFO: global_step=204932, episodic_return=-131.67127990722656
2022-11-14 23:25:52,343 - INFO: global_step=205932, episodic_return=-84.7785415649414
2022-11-14 23:25:54,418 - INFO: global_step=206932, episodic_return=-103.4729232788086
2022-11-14 23:25:56,579 - INFO: global_step=207932, episodic_return=-100.48243713378906
2022-11-14 23:25:58,896 - INFO: global_step=208932, episodic_return=-136.7694549560547
2022-11-14 23:26:00,881 - INFO: global_step=209932, episodic_return=-85.44353485107422
2022-11-14 23:26:03,003 - INFO: global_step=210932, episodic_return=-82.59345245361328
2022-11-14 23:26:05,062 - INFO: global_step=211932, episodic_return=-70.57211303710938
2022-11-14 23:26:06,883 - INFO: global_step=212932, episodic_return=-123.06464385986328
2022-11-14 23:26:09,106 - INFO: global_step=213932, episodic_return=-117.45915222167969
2022-11-14 23:26:11,514 - INFO: global_step=214932, episodic_return=-91.82705688476562
2022-11-14 23:26:13,339 - INFO: global_step=215932, episodic_return=-108.618408203125
2022-11-14 23:26:15,730 - INFO: global_step=216932, episodic_return=-117.01325225830078
2022-11-14 23:26:17,771 - INFO: global_step=217932, episodic_return=-88.13777923583984
2022-11-14 23:26:19,681 - INFO: global_step=218932, episodic_return=-110.77666473388672
2022-11-14 23:26:21,468 - INFO: global_step=219932, episodic_return=-130.93370056152344
2022-11-14 23:26:23,518 - INFO: global_step=220932, episodic_return=-104.08966827392578
2022-11-14 23:26:25,237 - INFO: global_step=221932, episodic_return=-84.4832763671875
2022-11-14 23:26:27,177 - INFO: global_step=222932, episodic_return=-78.4937973022461
2022-11-14 23:26:29,242 - INFO: global_step=223932, episodic_return=-57.7899284362793
2022-11-14 23:26:30,941 - INFO: global_step=224932, episodic_return=-80.3857192993164
2022-11-14 23:26:32,777 - INFO: global_step=225932, episodic_return=-36.8426513671875
2022-11-14 23:26:34,847 - INFO: global_step=226932, episodic_return=-61.3075065612793
2022-11-14 23:26:36,993 - INFO: global_step=227932, episodic_return=-50.8787956237793
2022-11-14 23:26:38,667 - INFO: global_step=228932, episodic_return=-69.68987274169922
2022-11-14 23:26:39,938 - INFO: global_step=229932, episodic_return=-72.97978210449219
2022-11-14 23:26:41,998 - INFO: global_step=230932, episodic_return=-26.346105575561523
2022-11-14 23:26:44,362 - INFO: global_step=231932, episodic_return=-39.07666778564453
2022-11-14 23:26:46,568 - INFO: global_step=232932, episodic_return=-37.96439743041992
2022-11-14 23:26:46,798 - INFO: global_step=233139, episodic_return=-236.20065307617188
2022-11-14 23:26:48,625 - INFO: global_step=234139, episodic_return=-24.295454025268555
2022-11-14 23:26:50,855 - INFO: global_step=235139, episodic_return=-29.765012741088867
2022-11-14 23:26:53,255 - INFO: global_step=236139, episodic_return=-2.7304511070251465
2022-11-14 23:26:55,589 - INFO: global_step=237139, episodic_return=-55.76981735229492
2022-11-14 23:26:55,756 - INFO: global_step=237322, episodic_return=-37.51126480102539
2022-11-14 23:26:55,923 - INFO: global_step=237532, episodic_return=-94.54808044433594
2022-11-14 23:26:57,875 - INFO: global_step=238532, episodic_return=-2.3261642456054688
2022-11-14 23:26:59,474 - INFO: global_step=239532, episodic_return=-82.89368438720703
2022-11-14 23:27:00,971 - INFO: global_step=240532, episodic_return=-76.84574127197266
2022-11-14 23:27:03,796 - INFO: global_step=241532, episodic_return=-73.03459930419922
2022-11-14 23:27:05,586 - INFO: global_step=242532, episodic_return=-63.33301544189453
2022-11-14 23:27:06,908 - INFO: global_step=243532, episodic_return=-44.50288391113281
2022-11-14 23:27:09,396 - INFO: global_step=244532, episodic_return=-45.723331451416016
2022-11-14 23:27:11,203 - INFO: global_step=245532, episodic_return=-85.58731079101562
2022-11-14 23:27:13,170 - INFO: global_step=246532, episodic_return=-82.78630828857422
2022-11-14 23:27:15,761 - INFO: global_step=247532, episodic_return=-33.9230842590332
2022-11-14 23:27:17,771 - INFO: global_step=248532, episodic_return=-31.526348114013672
2022-11-14 23:27:19,304 - INFO: global_step=249532, episodic_return=-42.838802337646484
2022-11-14 23:27:19,604 - INFO: global_step=249833, episodic_return=24.942420959472656
2022-11-14 23:27:21,655 - INFO: global_step=250833, episodic_return=-57.344669342041016
2022-11-14 23:27:23,888 - INFO: global_step=251833, episodic_return=-33.31427001953125
2022-11-14 23:27:23,970 - INFO: global_step=251941, episodic_return=-74.57537841796875
2022-11-14 23:27:25,966 - INFO: global_step=252941, episodic_return=-52.04168701171875
2022-11-14 23:27:27,843 - INFO: global_step=253941, episodic_return=-90.05215454101562
2022-11-14 23:27:27,948 - INFO: global_step=254088, episodic_return=-77.4510726928711
2022-11-14 23:27:29,570 - INFO: global_step=255088, episodic_return=-73.69327545166016
2022-11-14 23:27:31,706 - INFO: global_step=256088, episodic_return=-77.11460876464844
2022-11-14 23:27:34,145 - INFO: global_step=257088, episodic_return=-30.307069778442383
2022-11-14 23:27:35,921 - INFO: global_step=258088, episodic_return=-78.29114532470703
2022-11-14 23:27:36,071 - INFO: global_step=258240, episodic_return=-96.81171417236328
2022-11-14 23:27:37,783 - INFO: global_step=259240, episodic_return=-36.46457290649414
2022-11-14 23:27:39,865 - INFO: global_step=260240, episodic_return=-48.92960739135742
2022-11-14 23:27:41,801 - INFO: global_step=261240, episodic_return=-76.94808959960938
2022-11-14 23:27:44,980 - INFO: global_step=262240, episodic_return=-38.85646057128906
2022-11-14 23:27:47,397 - INFO: global_step=263240, episodic_return=-63.88732147216797
2022-11-14 23:27:48,681 - INFO: global_step=264240, episodic_return=-37.074729919433594
2022-11-14 23:27:50,486 - INFO: global_step=265240, episodic_return=-62.03224182128906
2022-11-14 23:27:52,469 - INFO: global_step=266240, episodic_return=-78.88594055175781
2022-11-14 23:27:54,205 - INFO: global_step=267240, episodic_return=-69.98289489746094
2022-11-14 23:27:55,629 - INFO: global_step=268240, episodic_return=-63.02751541137695
2022-11-14 23:27:55,720 - INFO: global_step=268348, episodic_return=-149.3874053955078
2022-11-14 23:27:57,054 - INFO: global_step=269348, episodic_return=-72.87342834472656
2022-11-14 23:27:59,086 - INFO: global_step=270348, episodic_return=-69.10492706298828
2022-11-14 23:28:01,012 - INFO: global_step=271348, episodic_return=-53.507530212402344
2022-11-14 23:28:03,024 - INFO: global_step=272348, episodic_return=-20.00282096862793
2022-11-14 23:28:04,789 - INFO: global_step=273348, episodic_return=-67.6065673828125
2022-11-14 23:28:06,308 - INFO: global_step=274348, episodic_return=-73.1118392944336
2022-11-14 23:28:07,894 - INFO: global_step=275348, episodic_return=-79.0417709350586
2022-11-14 23:28:07,982 - INFO: global_step=275467, episodic_return=-171.0211181640625
2022-11-14 23:28:09,492 - INFO: global_step=276467, episodic_return=-96.62027740478516
2022-11-14 23:28:11,991 - INFO: global_step=277467, episodic_return=-92.4098129272461
2022-11-14 23:28:12,154 - INFO: global_step=277665, episodic_return=-103.45111846923828
2022-11-14 23:28:14,053 - INFO: global_step=278665, episodic_return=-59.071746826171875
2022-11-14 23:28:15,621 - INFO: global_step=279665, episodic_return=-46.338417053222656
2022-11-14 23:28:17,429 - INFO: global_step=280665, episodic_return=-53.322933197021484
2022-11-14 23:28:18,938 - INFO: global_step=281665, episodic_return=-74.2650375366211
2022-11-14 23:28:20,451 - INFO: global_step=282665, episodic_return=-67.15245056152344
2022-11-14 23:28:20,560 - INFO: global_step=282787, episodic_return=-241.6418914794922
2022-11-14 23:28:22,568 - INFO: global_step=283787, episodic_return=-60.91476821899414
2022-11-14 23:28:23,842 - INFO: global_step=284477, episodic_return=-273.44158935546875
2022-11-14 23:28:24,075 - INFO: global_step=284607, episodic_return=-203.78717041015625
2022-11-14 23:28:26,037 - INFO: global_step=285607, episodic_return=-107.43412780761719
2022-11-14 23:28:27,776 - INFO: global_step=286607, episodic_return=-77.39403533935547
2022-11-14 23:28:29,146 - INFO: global_step=287607, episodic_return=-83.52284240722656
2022-11-14 23:28:30,803 - INFO: global_step=288607, episodic_return=-63.76191711425781
2022-11-14 23:28:32,316 - INFO: global_step=289607, episodic_return=-74.85126495361328
2022-11-14 23:28:34,475 - INFO: global_step=290607, episodic_return=-70.39498901367188
2022-11-14 23:28:36,139 - INFO: global_step=291607, episodic_return=-54.892120361328125
2022-11-14 23:28:37,487 - INFO: global_step=292607, episodic_return=-49.56265640258789
2022-11-14 23:28:38,912 - INFO: global_step=293607, episodic_return=-70.65637969970703
2022-11-14 23:28:40,514 - INFO: global_step=294607, episodic_return=-80.96952819824219
2022-11-14 23:28:42,568 - INFO: global_step=295607, episodic_return=-92.56373596191406
2022-11-14 23:28:44,094 - INFO: global_step=296607, episodic_return=-90.14620971679688
2022-11-14 23:28:46,783 - INFO: global_step=297607, episodic_return=-71.77594757080078
2022-11-14 23:28:48,724 - INFO: global_step=298607, episodic_return=-50.052467346191406
2022-11-14 23:28:50,488 - INFO: global_step=299607, episodic_return=-100.80616760253906
2022-11-14 23:28:52,303 - INFO: global_step=300607, episodic_return=-79.88453674316406
2022-11-14 23:28:54,353 - INFO: global_step=301607, episodic_return=-68.72628021240234
2022-11-14 23:28:54,959 - INFO: global_step=302087, episodic_return=213.6815643310547
2022-11-14 23:28:57,012 - INFO: global_step=303087, episodic_return=-97.28589630126953
2022-11-14 23:28:58,404 - INFO: global_step=304087, episodic_return=-40.01763153076172
2022-11-14 23:29:00,150 - INFO: global_step=305087, episodic_return=-86.56245422363281
2022-11-14 23:29:01,697 - INFO: global_step=306087, episodic_return=-55.793880462646484
2022-11-14 23:29:03,359 - INFO: global_step=307087, episodic_return=-78.83890533447266
2022-11-14 23:29:04,652 - INFO: global_step=308087, episodic_return=-60.26848602294922
2022-11-14 23:29:06,900 - INFO: global_step=309087, episodic_return=-50.3824577331543
2022-11-14 23:29:08,566 - INFO: global_step=310087, episodic_return=-117.69171905517578
2022-11-14 23:29:10,184 - INFO: global_step=311087, episodic_return=-61.66227340698242
2022-11-14 23:29:11,656 - INFO: global_step=312087, episodic_return=-76.59195709228516
2022-11-14 23:29:13,060 - INFO: global_step=313087, episodic_return=-75.27452087402344
2022-11-14 23:29:14,663 - INFO: global_step=314087, episodic_return=-50.09404754638672
2022-11-14 23:29:17,458 - INFO: global_step=315087, episodic_return=-46.11589813232422
2022-11-14 23:29:19,279 - INFO: global_step=316087, episodic_return=-87.7400131225586
2022-11-14 23:29:20,920 - INFO: global_step=317087, episodic_return=-102.44820404052734
2022-11-14 23:29:22,812 - INFO: global_step=318087, episodic_return=-65.77987670898438
2022-11-14 23:29:22,935 - INFO: global_step=318171, episodic_return=-105.88471221923828
2022-11-14 23:29:23,429 - INFO: global_step=318534, episodic_return=-119.1704330444336
2022-11-14 23:29:23,762 - INFO: global_step=318730, episodic_return=-343.7306823730469
2022-11-14 23:29:23,915 - INFO: global_step=318885, episodic_return=23.27985382080078
2022-11-14 23:29:24,026 - INFO: global_step=318971, episodic_return=-89.42807006835938
2022-11-14 23:29:24,196 - INFO: global_step=319134, episodic_return=-147.25318908691406
2022-11-14 23:29:24,416 - INFO: global_step=319312, episodic_return=-26.701126098632812
2022-11-14 23:29:26,140 - INFO: global_step=320312, episodic_return=-17.237091064453125
2022-11-14 23:29:26,257 - INFO: global_step=320457, episodic_return=-92.26282501220703
2022-11-14 23:29:26,318 - INFO: global_step=320547, episodic_return=3.611328125
2022-11-14 23:29:29,060 - INFO: global_step=321547, episodic_return=-64.27256774902344
2022-11-14 23:29:31,218 - INFO: global_step=322547, episodic_return=-20.213050842285156
2022-11-14 23:29:33,436 - INFO: global_step=323547, episodic_return=-43.59737777709961
2022-11-14 23:29:33,642 - INFO: global_step=323753, episodic_return=-141.74014282226562
2022-11-14 23:29:35,406 - INFO: global_step=324753, episodic_return=-99.73908233642578
2022-11-14 23:29:37,244 - INFO: global_step=325753, episodic_return=-86.89575958251953
2022-11-14 23:29:38,847 - INFO: global_step=326753, episodic_return=-95.88577270507812
2022-11-14 23:29:40,968 - INFO: global_step=327753, episodic_return=-67.97830200195312
2022-11-14 23:29:41,054 - INFO: global_step=327897, episodic_return=-147.85690307617188
2022-11-14 23:29:43,593 - INFO: global_step=328897, episodic_return=-30.53759765625
2022-11-14 23:29:46,365 - INFO: global_step=329897, episodic_return=-80.71731567382812
2022-11-14 23:29:48,271 - INFO: global_step=330897, episodic_return=-72.52810668945312
2022-11-14 23:29:49,956 - INFO: global_step=331897, episodic_return=-118.7869644165039
2022-11-14 23:29:51,869 - INFO: global_step=332897, episodic_return=-129.8928680419922
2022-11-14 23:29:51,937 - INFO: global_step=332999, episodic_return=-127.89446258544922
2022-11-14 23:29:53,731 - INFO: global_step=333999, episodic_return=-148.37649536132812
2022-11-14 23:29:55,143 - INFO: global_step=334999, episodic_return=-67.94111633300781
2022-11-14 23:29:56,597 - INFO: global_step=335999, episodic_return=-75.83818817138672
2022-11-14 23:29:58,966 - INFO: global_step=336999, episodic_return=-40.096492767333984
2022-11-14 23:30:00,359 - INFO: global_step=337999, episodic_return=-84.94962310791016
2022-11-14 23:30:02,399 - INFO: global_step=338999, episodic_return=-107.15210723876953
2022-11-14 23:30:04,071 - INFO: global_step=339999, episodic_return=-63.16523742675781
2022-11-14 23:30:05,363 - INFO: global_step=340999, episodic_return=-49.979305267333984
2022-11-14 23:30:05,579 - INFO: global_step=341221, episodic_return=-164.81787109375
2022-11-14 23:30:07,399 - INFO: global_step=342221, episodic_return=-70.40290069580078
2022-11-14 23:30:09,328 - INFO: global_step=343221, episodic_return=-66.35791778564453
2022-11-14 23:30:11,572 - INFO: global_step=344221, episodic_return=-22.234046936035156
2022-11-14 23:30:13,150 - INFO: global_step=345221, episodic_return=-75.12289428710938
2022-11-14 23:30:14,634 - INFO: global_step=346221, episodic_return=-51.438880920410156
2022-11-14 23:30:16,279 - INFO: global_step=347221, episodic_return=-74.55825805664062
2022-11-14 23:30:16,640 - INFO: global_step=347544, episodic_return=-178.95416259765625
2022-11-14 23:30:18,551 - INFO: global_step=348544, episodic_return=-72.56423950195312
2022-11-14 23:30:20,726 - INFO: global_step=349544, episodic_return=22.57699203491211
2022-11-14 23:30:22,554 - INFO: global_step=350544, episodic_return=-31.331735610961914
2022-11-14 23:30:24,892 - INFO: global_step=351544, episodic_return=-82.97711181640625
2022-11-14 23:30:26,587 - INFO: global_step=352544, episodic_return=-62.67892074584961
2022-11-14 23:30:28,273 - INFO: global_step=353544, episodic_return=-11.76483154296875
2022-11-14 23:30:31,344 - INFO: global_step=354544, episodic_return=-89.24726867675781
2022-11-14 23:30:33,382 - INFO: global_step=355544, episodic_return=-101.85359191894531
2022-11-14 23:30:35,712 - INFO: global_step=356544, episodic_return=-76.7805404663086
2022-11-14 23:30:37,977 - INFO: global_step=357544, episodic_return=-109.96762084960938
2022-11-14 23:30:40,211 - INFO: global_step=358544, episodic_return=-99.83890533447266
2022-11-14 23:30:42,402 - INFO: global_step=359544, episodic_return=-124.6505355834961
2022-11-14 23:30:44,167 - INFO: global_step=360544, episodic_return=-67.855712890625
2022-11-14 23:30:44,220 - INFO: global_step=360623, episodic_return=-102.54900360107422
2022-11-14 23:30:47,101 - INFO: global_step=361623, episodic_return=-67.25337982177734
2022-11-14 23:30:49,010 - INFO: global_step=362623, episodic_return=-66.53164672851562
2022-11-14 23:30:50,422 - INFO: global_step=363623, episodic_return=-70.20740509033203
2022-11-14 23:30:52,120 - INFO: global_step=364623, episodic_return=-27.849592208862305
2022-11-14 23:30:54,718 - INFO: global_step=365623, episodic_return=-47.870216369628906
2022-11-14 23:30:57,053 - INFO: global_step=366623, episodic_return=-103.94828033447266
2022-11-14 23:30:58,699 - INFO: global_step=367623, episodic_return=-107.21063232421875
2022-11-14 23:30:58,815 - INFO: global_step=367780, episodic_return=-35.24555969238281
2022-11-14 23:30:58,997 - INFO: global_step=367963, episodic_return=-18.316879272460938
2022-11-14 23:30:59,048 - INFO: global_step=368025, episodic_return=-116.45028686523438
2022-11-14 23:31:01,344 - INFO: global_step=369025, episodic_return=-32.84865188598633
2022-11-14 23:31:01,520 - INFO: global_step=369250, episodic_return=-48.535552978515625
2022-11-14 23:31:03,684 - INFO: global_step=370250, episodic_return=-41.90556716918945
2022-11-14 23:31:03,877 - INFO: global_step=370432, episodic_return=-34.66294860839844
2022-11-14 23:31:06,542 - INFO: global_step=371432, episodic_return=-52.94013595581055
2022-11-14 23:31:08,200 - INFO: global_step=372432, episodic_return=-40.54055404663086
2022-11-14 23:31:10,033 - INFO: global_step=373432, episodic_return=-44.761329650878906
2022-11-14 23:31:11,569 - INFO: global_step=374432, episodic_return=-43.82231521606445
2022-11-14 23:31:14,193 - INFO: global_step=375432, episodic_return=-34.47711944580078
2022-11-14 23:31:14,241 - INFO: global_step=375502, episodic_return=-64.57708740234375
2022-11-14 23:31:16,165 - INFO: global_step=376502, episodic_return=-10.725546836853027
2022-11-14 23:31:17,587 - INFO: global_step=377502, episodic_return=-24.660123825073242
2022-11-14 23:31:17,865 - INFO: global_step=377757, episodic_return=-28.829132080078125
2022-11-14 23:31:19,390 - INFO: global_step=378757, episodic_return=-48.613712310791016
2022-11-14 23:31:21,062 - INFO: global_step=379757, episodic_return=-83.45460510253906
2022-11-14 23:31:22,744 - INFO: global_step=380757, episodic_return=-82.19489288330078
2022-11-14 23:31:24,605 - INFO: global_step=381757, episodic_return=-3.6614627838134766
2022-11-14 23:31:26,876 - INFO: global_step=382757, episodic_return=-51.420509338378906
2022-11-14 23:31:27,177 - INFO: global_step=382996, episodic_return=-146.20811462402344
2022-11-14 23:31:29,180 - INFO: global_step=383996, episodic_return=-88.38957977294922
2022-11-14 23:31:31,482 - INFO: global_step=384996, episodic_return=-52.0794563293457
2022-11-14 23:31:31,612 - INFO: global_step=385153, episodic_return=-138.65464782714844
2022-11-14 23:31:33,966 - INFO: global_step=386153, episodic_return=-78.66323852539062
2022-11-14 23:31:34,233 - INFO: global_step=386418, episodic_return=-133.39471435546875
2022-11-14 23:31:36,145 - INFO: global_step=387418, episodic_return=-74.34303283691406
2022-11-14 23:31:38,153 - INFO: global_step=388418, episodic_return=-72.4908447265625
2022-11-14 23:31:40,342 - INFO: global_step=389418, episodic_return=-114.88560485839844
2022-11-14 23:31:42,383 - INFO: global_step=390418, episodic_return=-37.43315505981445
2022-11-14 23:31:43,104 - INFO: global_step=390885, episodic_return=-151.4281005859375
2022-11-14 23:31:45,029 - INFO: global_step=391885, episodic_return=-59.58881759643555
2022-11-14 23:31:47,026 - INFO: global_step=392885, episodic_return=-25.508861541748047
2022-11-14 23:31:49,005 - INFO: global_step=393885, episodic_return=-95.35590362548828
2022-11-14 23:31:51,073 - INFO: global_step=394885, episodic_return=-13.81663990020752
2022-11-14 23:31:53,707 - INFO: global_step=395885, episodic_return=-88.76812744140625
2022-11-14 23:31:55,872 - INFO: global_step=396885, episodic_return=-75.98422241210938
2022-11-14 23:31:57,727 - INFO: global_step=397885, episodic_return=-85.38166046142578
2022-11-14 23:31:59,259 - INFO: global_step=398885, episodic_return=-93.90331268310547
2022-11-14 23:32:01,091 - INFO: global_step=399885, episodic_return=-24.12503433227539
2022-11-14 23:32:03,074 - INFO: global_step=400885, episodic_return=-23.464561462402344
2022-11-14 23:32:05,305 - INFO: global_step=401885, episodic_return=-69.5118179321289
2022-11-14 23:32:07,077 - INFO: global_step=402885, episodic_return=-61.58808898925781
2022-11-14 23:32:09,219 - INFO: global_step=403885, episodic_return=-78.92754364013672
2022-11-14 23:32:11,068 - INFO: global_step=404885, episodic_return=-53.436424255371094
2022-11-14 23:32:12,668 - INFO: global_step=405885, episodic_return=-20.096879959106445
2022-11-14 23:32:14,251 - INFO: global_step=406885, episodic_return=-75.36886596679688
2022-11-14 23:32:17,500 - INFO: global_step=407885, episodic_return=-18.084604263305664
2022-11-14 23:32:17,723 - INFO: global_step=408147, episodic_return=-105.62452697753906
2022-11-14 23:32:17,775 - INFO: global_step=408210, episodic_return=14.238189697265625
2022-11-14 23:32:19,527 - INFO: global_step=409210, episodic_return=-55.27703857421875
2022-11-14 23:32:21,526 - INFO: global_step=410210, episodic_return=-37.44706344604492
2022-11-14 23:32:23,218 - INFO: global_step=411210, episodic_return=-14.07155990600586
2022-11-14 23:32:25,756 - INFO: global_step=412210, episodic_return=-33.997108459472656
2022-11-14 23:32:25,834 - INFO: global_step=412297, episodic_return=22.723487854003906
2022-11-14 23:32:28,651 - INFO: global_step=413297, episodic_return=-23.603065490722656
2022-11-14 23:32:31,210 - INFO: global_step=414297, episodic_return=-39.9694938659668
2022-11-14 23:32:33,604 - INFO: global_step=415297, episodic_return=-68.00767517089844
2022-11-14 23:32:33,748 - INFO: global_step=415478, episodic_return=35.68414306640625
2022-11-14 23:32:35,288 - INFO: global_step=416478, episodic_return=-19.768461227416992
2022-11-14 23:32:37,303 - INFO: global_step=417478, episodic_return=-29.50522804260254
2022-11-14 23:32:37,775 - INFO: global_step=417894, episodic_return=-31.662925720214844
2022-11-14 23:32:39,640 - INFO: global_step=418894, episodic_return=1.798797845840454
2022-11-14 23:32:39,992 - INFO: global_step=419252, episodic_return=-254.7708282470703
2022-11-14 23:32:42,114 - INFO: global_step=420252, episodic_return=-28.18916893005371
2022-11-14 23:32:43,984 - INFO: global_step=421252, episodic_return=-0.3723810315132141
2022-11-14 23:32:45,621 - INFO: global_step=422252, episodic_return=-60.85999298095703
2022-11-14 23:32:48,323 - INFO: global_step=423252, episodic_return=-30.68236541748047
2022-11-14 23:32:50,191 - INFO: global_step=424252, episodic_return=7.411349296569824
2022-11-14 23:32:50,289 - INFO: global_step=424366, episodic_return=-131.02874755859375
2022-11-14 23:32:50,818 - INFO: global_step=424837, episodic_return=211.59283447265625
2022-11-14 23:32:53,406 - INFO: global_step=425837, episodic_return=0.6889029741287231
2022-11-14 23:32:55,348 - INFO: global_step=426837, episodic_return=9.109967231750488
2022-11-14 23:32:57,701 - INFO: global_step=427837, episodic_return=-46.97283172607422
2022-11-14 23:32:59,285 - INFO: global_step=428837, episodic_return=-26.888408660888672
2022-11-14 23:33:01,453 - INFO: global_step=429837, episodic_return=-1.385465383529663
2022-11-14 23:33:03,189 - INFO: global_step=430837, episodic_return=-16.40869903564453
2022-11-14 23:33:05,055 - INFO: global_step=431837, episodic_return=21.507606506347656
2022-11-14 23:33:05,102 - INFO: global_step=431903, episodic_return=-12.900093078613281
2022-11-14 23:33:07,563 - INFO: global_step=432903, episodic_return=7.3156418800354
2022-11-14 23:33:10,046 - INFO: global_step=433903, episodic_return=17.714439392089844
2022-11-14 23:33:11,554 - INFO: global_step=434903, episodic_return=-16.39752197265625
2022-11-14 23:33:13,622 - INFO: global_step=435903, episodic_return=-47.31842041015625
2022-11-14 23:33:16,037 - INFO: global_step=436903, episodic_return=-39.44280242919922
2022-11-14 23:33:17,942 - INFO: global_step=437903, episodic_return=-12.128209114074707
2022-11-14 23:33:19,773 - INFO: global_step=438903, episodic_return=-19.902103424072266
2022-11-14 23:33:21,776 - INFO: global_step=439903, episodic_return=-18.140668869018555
2022-11-14 23:33:24,053 - INFO: global_step=440903, episodic_return=-50.580726623535156
2022-11-14 23:33:25,676 - INFO: global_step=441903, episodic_return=-37.09070587158203
2022-11-14 23:33:27,462 - INFO: global_step=442903, episodic_return=5.42955207824707
2022-11-14 23:33:29,083 - INFO: global_step=443903, episodic_return=-28.69070816040039
2022-11-14 23:33:30,655 - INFO: global_step=444903, episodic_return=-14.747688293457031
2022-11-14 23:33:32,712 - INFO: global_step=445903, episodic_return=-23.4307804107666
2022-11-14 23:33:34,795 - INFO: global_step=446903, episodic_return=-36.476314544677734
2022-11-14 23:33:36,694 - INFO: global_step=447903, episodic_return=-66.03192138671875
2022-11-14 23:33:39,184 - INFO: global_step=448903, episodic_return=-49.137996673583984
2022-11-14 23:33:41,819 - INFO: global_step=449903, episodic_return=-19.221939086914062
2022-11-14 23:33:43,515 - INFO: global_step=450903, episodic_return=-3.0383641719818115
2022-11-14 23:33:47,535 - INFO: global_step=451903, episodic_return=-22.53514862060547
2022-11-14 23:33:49,372 - INFO: global_step=452903, episodic_return=-16.596445083618164
2022-11-14 23:33:50,930 - INFO: global_step=453903, episodic_return=9.21912956237793
2022-11-14 23:33:52,805 - INFO: global_step=454903, episodic_return=-11.990633964538574
2022-11-14 23:33:54,497 - INFO: global_step=455903, episodic_return=-29.29435920715332
2022-11-14 23:33:56,943 - INFO: global_step=456903, episodic_return=-3.95676589012146
2022-11-14 23:33:58,895 - INFO: global_step=457903, episodic_return=-11.814087867736816
2022-11-14 23:34:00,426 - INFO: global_step=458903, episodic_return=25.881271362304688
2022-11-14 23:34:02,127 - INFO: global_step=459903, episodic_return=4.845076084136963
2022-11-14 23:34:03,736 - INFO: global_step=460903, episodic_return=-42.83063888549805
2022-11-14 23:34:05,652 - INFO: global_step=461903, episodic_return=-50.14080047607422
2022-11-14 23:34:07,723 - INFO: global_step=462903, episodic_return=-34.57939147949219
2022-11-14 23:34:09,600 - INFO: global_step=463903, episodic_return=-26.905363082885742
2022-11-14 23:34:10,247 - INFO: global_step=464454, episodic_return=-78.45075988769531
2022-11-14 23:34:12,507 - INFO: global_step=465454, episodic_return=-27.135395050048828
2022-11-14 23:34:14,554 - INFO: global_step=466454, episodic_return=-27.9447021484375
2022-11-14 23:34:16,143 - INFO: global_step=467454, episodic_return=-38.757476806640625
2022-11-14 23:34:18,274 - INFO: global_step=468454, episodic_return=-28.25310707092285
2022-11-14 23:34:20,205 - INFO: global_step=469454, episodic_return=7.371151924133301
2022-11-14 23:34:22,258 - INFO: global_step=470454, episodic_return=3.0537476539611816
2022-11-14 23:34:24,124 - INFO: global_step=471454, episodic_return=-39.216392517089844
2022-11-14 23:34:26,604 - INFO: global_step=472454, episodic_return=-33.66780471801758
2022-11-14 23:34:29,194 - INFO: global_step=473454, episodic_return=1.3699145317077637
2022-11-14 23:34:29,298 - INFO: global_step=473570, episodic_return=-250.98709106445312
2022-11-14 23:34:29,446 - INFO: global_step=473717, episodic_return=-87.40068817138672
2022-11-14 23:34:29,738 - INFO: global_step=474017, episodic_return=169.36544799804688
2022-11-14 23:34:32,244 - INFO: global_step=475017, episodic_return=-20.48151969909668
2022-11-14 23:34:33,163 - INFO: global_step=475609, episodic_return=195.69534301757812
2022-11-14 23:34:33,860 - INFO: global_step=476099, episodic_return=132.0207061767578
2022-11-14 23:34:34,013 - INFO: global_step=476269, episodic_return=-113.0419692993164
2022-11-14 23:34:35,249 - INFO: global_step=476983, episodic_return=78.44904327392578
2022-11-14 23:34:35,844 - INFO: global_step=477451, episodic_return=213.65301513671875
2022-11-14 23:34:36,658 - INFO: global_step=478019, episodic_return=223.4010772705078
2022-11-14 23:34:37,092 - INFO: global_step=478380, episodic_return=195.50601196289062
2022-11-14 23:34:37,349 - INFO: global_step=478644, episodic_return=-101.75824737548828
2022-11-14 23:34:37,903 - INFO: global_step=479028, episodic_return=212.93536376953125
2022-11-14 23:34:38,447 - INFO: global_step=479457, episodic_return=240.9495391845703
2022-11-14 23:34:38,787 - INFO: global_step=479762, episodic_return=204.56570434570312
2022-11-14 23:34:40,247 - INFO: global_step=480762, episodic_return=75.56925964355469
2022-11-14 23:34:41,131 - INFO: global_step=481363, episodic_return=198.36016845703125
2022-11-14 23:34:42,180 - INFO: global_step=481931, episodic_return=185.91912841796875
2022-11-14 23:34:42,323 - INFO: global_step=482117, episodic_return=-20.1114501953125
2022-11-14 23:34:42,508 - INFO: global_step=482306, episodic_return=-18.06623077392578
2022-11-14 23:34:42,796 - INFO: global_step=482603, episodic_return=205.23709106445312
2022-11-14 23:34:42,973 - INFO: global_step=482844, episodic_return=-6.778388977050781
2022-11-14 23:34:43,282 - INFO: global_step=483165, episodic_return=-57.68947219848633
2022-11-14 23:34:44,796 - INFO: global_step=484165, episodic_return=-65.8162612915039
2022-11-14 23:34:45,613 - INFO: global_step=484794, episodic_return=-104.8741226196289
2022-11-14 23:34:46,916 - INFO: global_step=485494, episodic_return=129.71090698242188
2022-11-14 23:34:49,433 - INFO: global_step=486494, episodic_return=-9.909842491149902
2022-11-14 23:34:51,236 - INFO: global_step=487494, episodic_return=-100.16946411132812
2022-11-14 23:34:53,474 - INFO: global_step=488494, episodic_return=-39.67980194091797
2022-11-14 23:34:53,904 - INFO: global_step=488891, episodic_return=-188.67306518554688
2022-11-14 23:34:55,280 - INFO: global_step=489855, episodic_return=-233.660888671875
2022-11-14 23:34:57,553 - INFO: global_step=490855, episodic_return=-102.37509155273438
2022-11-14 23:34:59,595 - INFO: global_step=491855, episodic_return=-91.9522933959961
2022-11-14 23:35:01,379 - INFO: global_step=492855, episodic_return=-32.25263214111328
2022-11-14 23:35:01,580 - INFO: global_step=493058, episodic_return=-140.77413940429688
2022-11-14 23:35:01,923 - INFO: global_step=493394, episodic_return=-132.50733947753906
2022-11-14 23:35:03,660 - INFO: global_step=494394, episodic_return=-68.28715515136719
2022-11-14 23:35:05,851 - INFO: global_step=495394, episodic_return=-9.276206016540527
2022-11-14 23:35:07,974 - INFO: global_step=496394, episodic_return=6.69685173034668
2022-11-14 23:35:09,577 - INFO: global_step=497394, episodic_return=19.015893936157227
2022-11-14 23:35:11,137 - INFO: global_step=498394, episodic_return=-146.78878784179688
2022-11-14 23:35:12,921 - INFO: global_step=499394, episodic_return=-84.38140869140625
2022-11-14 23:35:13,802 - INFO: The average reward of last 20 steps: -72.68221597671509
