2022-11-15 09:01:47,839 - INFO: +--------------------------+----------------+
| Parameter                | Value          |
+--------------------------+----------------+
| exp_name                 | dqn            |
+--------------------------+----------------+
| seed                     | 42             |
+--------------------------+----------------+
| total_timesteps          | 500000         |
+--------------------------+----------------+
| learning_rate            | 0.001          |
+--------------------------+----------------+
| buffer_size              | 2000           |
+--------------------------+----------------+
| gamma                    | 0.982          |
+--------------------------+----------------+
| target_network_frequency | 50             |
+--------------------------+----------------+
| batch_size               | 128            |
+--------------------------+----------------+
| start_e                  | 0.700          |
+--------------------------+----------------+
| end_e                    | 0.050          |
+--------------------------+----------------+
| exploration_fraction     | 0.100          |
+--------------------------+----------------+
| learning_starts          | 10000          |
+--------------------------+----------------+
| train_frequency          | 10             |
+--------------------------+----------------+
| env_id                   | LunarLander-v2 |
+--------------------------+----------------+
2022-11-15 09:01:49,935 - INFO: global_step=136, episodic_return=-531.7100219726562
2022-11-15 09:01:49,963 - INFO: global_step=218, episodic_return=-407.9483337402344
2022-11-15 09:01:49,990 - INFO: global_step=293, episodic_return=-89.19992065429688
2022-11-15 09:01:50,021 - INFO: global_step=350, episodic_return=-81.596435546875
2022-11-15 09:01:50,069 - INFO: global_step=495, episodic_return=-155.71365356445312
2022-11-15 09:01:50,099 - INFO: global_step=577, episodic_return=-464.0136413574219
2022-11-15 09:01:50,156 - INFO: global_step=701, episodic_return=-469.969970703125
2022-11-15 09:01:50,178 - INFO: global_step=772, episodic_return=-119.65895080566406
2022-11-15 09:01:50,206 - INFO: global_step=856, episodic_return=-258.5915832519531
2022-11-15 09:01:50,232 - INFO: global_step=942, episodic_return=-87.26724243164062
2022-11-15 09:01:50,255 - INFO: global_step=1014, episodic_return=-44.6171760559082
2022-11-15 09:01:50,276 - INFO: global_step=1090, episodic_return=-428.815185546875
2022-11-15 09:01:50,295 - INFO: global_step=1155, episodic_return=-415.5932312011719
2022-11-15 09:01:50,310 - INFO: global_step=1213, episodic_return=-106.29875183105469
2022-11-15 09:01:50,343 - INFO: global_step=1343, episodic_return=-644.552734375
2022-11-15 09:01:50,360 - INFO: global_step=1413, episodic_return=-359.6123962402344
2022-11-15 09:01:50,383 - INFO: global_step=1499, episodic_return=-278.5045471191406
2022-11-15 09:01:50,410 - INFO: global_step=1606, episodic_return=-195.9114990234375
2022-11-15 09:01:50,428 - INFO: global_step=1685, episodic_return=-427.8254699707031
2022-11-15 09:01:50,448 - INFO: global_step=1762, episodic_return=-177.81597900390625
2022-11-15 09:01:50,465 - INFO: global_step=1826, episodic_return=-157.9951934814453
2022-11-15 09:01:50,481 - INFO: global_step=1891, episodic_return=-390.5251770019531
2022-11-15 09:01:50,501 - INFO: global_step=1974, episodic_return=-114.82201385498047
2022-11-15 09:01:50,523 - INFO: global_step=2055, episodic_return=-462.4417419433594
2022-11-15 09:01:50,539 - INFO: global_step=2127, episodic_return=-130.60157775878906
2022-11-15 09:01:50,556 - INFO: global_step=2192, episodic_return=-212.2088623046875
2022-11-15 09:01:50,568 - INFO: global_step=2248, episodic_return=-122.85384368896484
2022-11-15 09:01:50,609 - INFO: global_step=2405, episodic_return=-493.5345153808594
2022-11-15 09:01:50,632 - INFO: global_step=2494, episodic_return=-452.5721740722656
2022-11-15 09:01:50,647 - INFO: global_step=2556, episodic_return=-370.1307067871094
2022-11-15 09:01:50,670 - INFO: global_step=2648, episodic_return=-368.08758544921875
2022-11-15 09:01:50,705 - INFO: global_step=2778, episodic_return=-532.3709106445312
2022-11-15 09:01:50,720 - INFO: global_step=2841, episodic_return=-80.74543762207031
2022-11-15 09:01:50,734 - INFO: global_step=2900, episodic_return=-91.20357513427734
2022-11-15 09:01:50,757 - INFO: global_step=2980, episodic_return=-457.239990234375
2022-11-15 09:01:50,774 - INFO: global_step=3054, episodic_return=-87.50093078613281
2022-11-15 09:01:50,795 - INFO: global_step=3133, episodic_return=-264.2264099121094
2022-11-15 09:01:50,819 - INFO: global_step=3221, episodic_return=-17.35041046142578
2022-11-15 09:01:50,851 - INFO: global_step=3334, episodic_return=-551.39306640625
2022-11-15 09:01:50,875 - INFO: global_step=3429, episodic_return=-372.60003662109375
2022-11-15 09:01:50,898 - INFO: global_step=3518, episodic_return=-367.6342468261719
2022-11-15 09:01:50,917 - INFO: global_step=3592, episodic_return=-125.9486083984375
2022-11-15 09:01:50,935 - INFO: global_step=3655, episodic_return=-81.1922836303711
2022-11-15 09:01:50,951 - INFO: global_step=3720, episodic_return=-293.61138916015625
2022-11-15 09:01:50,967 - INFO: global_step=3789, episodic_return=-101.4941177368164
2022-11-15 09:01:50,987 - INFO: global_step=3868, episodic_return=-135.83291625976562
2022-11-15 09:01:51,002 - INFO: global_step=3929, episodic_return=-237.2135772705078
2022-11-15 09:01:51,015 - INFO: global_step=3988, episodic_return=-93.75047302246094
2022-11-15 09:01:51,033 - INFO: global_step=4055, episodic_return=-98.83133697509766
2022-11-15 09:01:51,050 - INFO: global_step=4124, episodic_return=-104.68397521972656
2022-11-15 09:01:51,115 - INFO: global_step=4312, episodic_return=-488.8583068847656
2022-11-15 09:01:51,129 - INFO: global_step=4377, episodic_return=-61.35730743408203
2022-11-15 09:01:51,146 - INFO: global_step=4444, episodic_return=-124.02131652832031
2022-11-15 09:01:51,167 - INFO: global_step=4534, episodic_return=-363.6239318847656
2022-11-15 09:01:51,186 - INFO: global_step=4612, episodic_return=-309.0333251953125
2022-11-15 09:01:51,202 - INFO: global_step=4678, episodic_return=-119.17759704589844
2022-11-15 09:01:51,218 - INFO: global_step=4748, episodic_return=-128.4310760498047
2022-11-15 09:01:51,236 - INFO: global_step=4816, episodic_return=-110.9109878540039
2022-11-15 09:01:51,258 - INFO: global_step=4903, episodic_return=-465.8341064453125
2022-11-15 09:01:51,273 - INFO: global_step=4968, episodic_return=-141.5282745361328
2022-11-15 09:01:51,293 - INFO: global_step=5054, episodic_return=-554.5115356445312
2022-11-15 09:01:51,314 - INFO: global_step=5140, episodic_return=-148.8772735595703
2022-11-15 09:01:51,340 - INFO: global_step=5231, episodic_return=-418.60113525390625
2022-11-15 09:01:51,355 - INFO: global_step=5304, episodic_return=-117.11334228515625
2022-11-15 09:01:51,375 - INFO: global_step=5375, episodic_return=-104.85205078125
2022-11-15 09:01:51,404 - INFO: global_step=5475, episodic_return=-565.909912109375
2022-11-15 09:01:51,437 - INFO: global_step=5587, episodic_return=-151.7257537841797
2022-11-15 09:01:51,459 - INFO: global_step=5664, episodic_return=-136.048095703125
2022-11-15 09:01:51,499 - INFO: global_step=5766, episodic_return=-444.7746276855469
2022-11-15 09:01:51,537 - INFO: global_step=5862, episodic_return=-334.5343017578125
2022-11-15 09:01:51,558 - INFO: global_step=5939, episodic_return=-414.8355712890625
2022-11-15 09:01:51,579 - INFO: global_step=6020, episodic_return=-101.2160415649414
2022-11-15 09:01:51,620 - INFO: global_step=6160, episodic_return=-511.0581970214844
2022-11-15 09:01:51,635 - INFO: global_step=6223, episodic_return=-122.00431060791016
2022-11-15 09:01:51,678 - INFO: global_step=6359, episodic_return=-301.2554626464844
2022-11-15 09:01:51,706 - INFO: global_step=6436, episodic_return=-436.5672607421875
2022-11-15 09:01:51,741 - INFO: global_step=6545, episodic_return=-388.1938781738281
2022-11-15 09:01:51,790 - INFO: global_step=6706, episodic_return=-601.2210693359375
2022-11-15 09:01:51,805 - INFO: global_step=6769, episodic_return=-175.2332763671875
2022-11-15 09:01:51,842 - INFO: global_step=6893, episodic_return=-344.2701416015625
2022-11-15 09:01:51,864 - INFO: global_step=6974, episodic_return=-116.51307678222656
2022-11-15 09:01:51,879 - INFO: global_step=7036, episodic_return=-103.73719024658203
2022-11-15 09:01:51,895 - INFO: global_step=7101, episodic_return=-351.8182373046875
2022-11-15 09:01:51,908 - INFO: global_step=7163, episodic_return=-158.03622436523438
2022-11-15 09:01:51,934 - INFO: global_step=7261, episodic_return=-184.9854736328125
2022-11-15 09:01:51,948 - INFO: global_step=7321, episodic_return=-93.18529510498047
2022-11-15 09:01:51,965 - INFO: global_step=7388, episodic_return=-125.88966369628906
2022-11-15 09:01:51,979 - INFO: global_step=7447, episodic_return=-118.98284912109375
2022-11-15 09:01:52,004 - INFO: global_step=7536, episodic_return=-543.042236328125
2022-11-15 09:01:52,021 - INFO: global_step=7600, episodic_return=-71.5999984741211
2022-11-15 09:01:52,049 - INFO: global_step=7702, episodic_return=-214.5406036376953
2022-11-15 09:01:52,065 - INFO: global_step=7760, episodic_return=-143.99427795410156
2022-11-15 09:01:52,089 - INFO: global_step=7844, episodic_return=-532.125732421875
2022-11-15 09:01:52,109 - INFO: global_step=7923, episodic_return=-320.66748046875
2022-11-15 09:01:52,126 - INFO: global_step=7979, episodic_return=-215.20352172851562
2022-11-15 09:01:52,141 - INFO: global_step=8035, episodic_return=-128.1979522705078
2022-11-15 09:01:52,163 - INFO: global_step=8109, episodic_return=-106.68062591552734
2022-11-15 09:01:52,182 - INFO: global_step=8173, episodic_return=-104.36148071289062
2022-11-15 09:01:52,213 - INFO: global_step=8274, episodic_return=-558.2001953125
2022-11-15 09:01:52,250 - INFO: global_step=8399, episodic_return=-467.5009460449219
2022-11-15 09:01:52,269 - INFO: global_step=8460, episodic_return=-425.3989562988281
2022-11-15 09:01:52,288 - INFO: global_step=8536, episodic_return=-349.419677734375
2022-11-15 09:01:52,302 - INFO: global_step=8593, episodic_return=-107.66191101074219
2022-11-15 09:01:52,321 - INFO: global_step=8663, episodic_return=-285.8206481933594
2022-11-15 09:01:52,402 - INFO: global_step=8874, episodic_return=-560.900390625
2022-11-15 09:01:52,428 - INFO: global_step=8962, episodic_return=-106.19633483886719
2022-11-15 09:01:52,473 - INFO: global_step=9108, episodic_return=-423.4434509277344
2022-11-15 09:01:52,496 - INFO: global_step=9191, episodic_return=-152.69174194335938
2022-11-15 09:01:52,540 - INFO: global_step=9331, episodic_return=-454.8946228027344
2022-11-15 09:01:52,561 - INFO: global_step=9410, episodic_return=-269.06439208984375
2022-11-15 09:01:52,601 - INFO: global_step=9543, episodic_return=-558.8416137695312
2022-11-15 09:01:52,628 - INFO: global_step=9646, episodic_return=-352.8912353515625
2022-11-15 09:01:52,653 - INFO: global_step=9731, episodic_return=-576.378662109375
2022-11-15 09:01:52,666 - INFO: global_step=9789, episodic_return=-192.09423828125
2022-11-15 09:01:52,815 - INFO: global_step=10092, episodic_return=-479.1573181152344
2022-11-15 09:01:52,859 - INFO: global_step=10193, episodic_return=-634.2696533203125
2022-11-15 09:01:52,886 - INFO: global_step=10256, episodic_return=-270.2575988769531
2022-11-15 09:01:52,916 - INFO: global_step=10323, episodic_return=-260.3836669921875
2022-11-15 09:01:52,946 - INFO: global_step=10399, episodic_return=-268.2266845703125
2022-11-15 09:01:52,977 - INFO: global_step=10475, episodic_return=-209.2030792236328
2022-11-15 09:01:53,005 - INFO: global_step=10544, episodic_return=-279.70965576171875
2022-11-15 09:01:53,033 - INFO: global_step=10612, episodic_return=-187.86962890625
2022-11-15 09:01:53,077 - INFO: global_step=10699, episodic_return=16.8299560546875
2022-11-15 09:01:53,131 - INFO: global_step=10804, episodic_return=-123.84611511230469
2022-11-15 09:01:53,161 - INFO: global_step=10871, episodic_return=-120.68463134765625
2022-11-15 09:01:53,185 - INFO: global_step=10930, episodic_return=-98.62596893310547
2022-11-15 09:01:53,223 - INFO: global_step=11008, episodic_return=-318.8468322753906
2022-11-15 09:01:53,250 - INFO: global_step=11073, episodic_return=-283.93072509765625
2022-11-15 09:01:53,278 - INFO: global_step=11137, episodic_return=-397.5631103515625
2022-11-15 09:01:53,316 - INFO: global_step=11221, episodic_return=-431.37603759765625
2022-11-15 09:01:53,348 - INFO: global_step=11294, episodic_return=-158.32705688476562
2022-11-15 09:01:53,387 - INFO: global_step=11387, episodic_return=-183.8480682373047
2022-11-15 09:01:53,414 - INFO: global_step=11447, episodic_return=-172.79644775390625
2022-11-15 09:01:53,461 - INFO: global_step=11562, episodic_return=-32.432281494140625
2022-11-15 09:01:53,493 - INFO: global_step=11636, episodic_return=-266.2691650390625
2022-11-15 09:01:53,523 - INFO: global_step=11711, episodic_return=-158.9098663330078
2022-11-15 09:01:53,557 - INFO: global_step=11795, episodic_return=-102.19374084472656
2022-11-15 09:01:53,624 - INFO: global_step=11920, episodic_return=-45.03045654296875
2022-11-15 09:01:53,720 - INFO: global_step=12045, episodic_return=-414.37115478515625
2022-11-15 09:01:53,802 - INFO: global_step=12159, episodic_return=-334.93975830078125
2022-11-15 09:01:53,860 - INFO: global_step=12240, episodic_return=-346.2880859375
2022-11-15 09:01:54,042 - INFO: global_step=12439, episodic_return=-302.50177001953125
2022-11-15 09:01:54,090 - INFO: global_step=12498, episodic_return=-238.04696655273438
2022-11-15 09:01:54,155 - INFO: global_step=12585, episodic_return=-274.078369140625
2022-11-15 09:01:54,257 - INFO: global_step=12707, episodic_return=-519.16845703125
2022-11-15 09:01:54,340 - INFO: global_step=12821, episodic_return=-95.17772674560547
2022-11-15 09:01:54,389 - INFO: global_step=12913, episodic_return=-501.6888122558594
2022-11-15 09:01:54,507 - INFO: global_step=13087, episodic_return=-314.72998046875
2022-11-15 09:01:54,551 - INFO: global_step=13158, episodic_return=-431.41229248046875
2022-11-15 09:01:54,589 - INFO: global_step=13223, episodic_return=-455.4274597167969
2022-11-15 09:01:54,712 - INFO: global_step=13418, episodic_return=-7.151557922363281
2022-11-15 09:01:54,848 - INFO: global_step=13630, episodic_return=-112.85951232910156
2022-11-15 09:01:55,300 - INFO: global_step=14012, episodic_return=-201.29774475097656
2022-11-15 09:01:55,362 - INFO: global_step=14112, episodic_return=-312.0544128417969
2022-11-15 09:01:55,414 - INFO: global_step=14197, episodic_return=-244.3362579345703
2022-11-15 09:01:55,472 - INFO: global_step=14291, episodic_return=-277.69415283203125
2022-11-15 09:01:55,544 - INFO: global_step=14407, episodic_return=-221.15806579589844
2022-11-15 09:01:55,838 - INFO: global_step=14672, episodic_return=-352.0975646972656
2022-11-15 09:01:55,925 - INFO: global_step=14806, episodic_return=-163.13775634765625
2022-11-15 09:01:56,154 - INFO: global_step=15099, episodic_return=-242.4905548095703
2022-11-15 09:01:56,202 - INFO: global_step=15200, episodic_return=-76.63265991210938
2022-11-15 09:01:57,273 - INFO: global_step=16200, episodic_return=-3.282440185546875
2022-11-15 09:01:57,303 - INFO: global_step=16262, episodic_return=-122.23452758789062
2022-11-15 09:01:57,358 - INFO: global_step=16380, episodic_return=-5.0271759033203125
2022-11-15 09:01:57,417 - INFO: global_step=16501, episodic_return=-12.776115417480469
2022-11-15 09:01:57,504 - INFO: global_step=16663, episodic_return=-11.662635803222656
2022-11-15 09:01:57,571 - INFO: global_step=16798, episodic_return=-22.582191467285156
2022-11-15 09:01:57,608 - INFO: global_step=16875, episodic_return=-38.656864166259766
2022-11-15 09:01:57,724 - INFO: global_step=17090, episodic_return=-46.191768646240234
2022-11-15 09:01:57,799 - INFO: global_step=17229, episodic_return=-37.38128662109375
2022-11-15 09:01:57,884 - INFO: global_step=17377, episodic_return=-30.51042938232422
2022-11-15 09:01:58,839 - INFO: global_step=18158, episodic_return=-261.27215576171875
2022-11-15 09:01:58,956 - INFO: global_step=18369, episodic_return=-217.75302124023438
2022-11-15 09:01:59,072 - INFO: global_step=18574, episodic_return=-160.3540496826172
2022-11-15 09:01:59,205 - INFO: global_step=18814, episodic_return=-112.19895935058594
2022-11-15 09:01:59,361 - INFO: global_step=19051, episodic_return=-56.782127380371094
2022-11-15 09:01:59,468 - INFO: global_step=19211, episodic_return=-92.21700286865234
2022-11-15 09:01:59,646 - INFO: global_step=19473, episodic_return=-15.424461364746094
2022-11-15 09:01:59,763 - INFO: global_step=19651, episodic_return=-114.98237609863281
2022-11-15 09:01:59,860 - INFO: global_step=19818, episodic_return=-239.04974365234375
2022-11-15 09:02:00,198 - INFO: global_step=20204, episodic_return=-153.1588134765625
2022-11-15 09:02:00,272 - INFO: global_step=20338, episodic_return=-198.56723022460938
2022-11-15 09:02:00,374 - INFO: global_step=20517, episodic_return=-173.34567260742188
2022-11-15 09:02:00,561 - INFO: global_step=20798, episodic_return=-263.34027099609375
2022-11-15 09:02:00,674 - INFO: global_step=20971, episodic_return=-72.09083557128906
2022-11-15 09:02:00,766 - INFO: global_step=21111, episodic_return=2.0713272094726562
2022-11-15 09:02:00,907 - INFO: global_step=21335, episodic_return=-79.18006896972656
2022-11-15 09:02:00,987 - INFO: global_step=21484, episodic_return=-87.18080139160156
2022-11-15 09:02:01,082 - INFO: global_step=21654, episodic_return=-1.9905853271484375
2022-11-15 09:02:01,229 - INFO: global_step=21886, episodic_return=-91.01849365234375
2022-11-15 09:02:01,361 - INFO: global_step=22110, episodic_return=-386.6162414550781
2022-11-15 09:02:01,424 - INFO: global_step=22231, episodic_return=-57.87526321411133
2022-11-15 09:02:01,461 - INFO: global_step=22311, episodic_return=-101.54960632324219
2022-11-15 09:02:01,636 - INFO: global_step=22587, episodic_return=-56.5153694152832
2022-11-15 09:02:01,905 - INFO: global_step=22966, episodic_return=-256.098388671875
2022-11-15 09:02:01,943 - INFO: global_step=23048, episodic_return=-69.11483764648438
2022-11-15 09:02:02,129 - INFO: global_step=23329, episodic_return=-42.942237854003906
2022-11-15 09:02:02,275 - INFO: global_step=23543, episodic_return=14.756927490234375
2022-11-15 09:02:02,448 - INFO: global_step=23793, episodic_return=10.457771301269531
2022-11-15 09:02:02,549 - INFO: global_step=23939, episodic_return=-154.07098388671875
2022-11-15 09:02:02,688 - INFO: global_step=24154, episodic_return=-48.096927642822266
2022-11-15 09:02:02,761 - INFO: global_step=24288, episodic_return=-92.62752532958984
2022-11-15 09:02:03,467 - INFO: global_step=24944, episodic_return=-102.10897064208984
2022-11-15 09:02:03,675 - INFO: global_step=25226, episodic_return=-34.78056335449219
2022-11-15 09:02:04,243 - INFO: global_step=25763, episodic_return=-133.8124542236328
2022-11-15 09:02:04,457 - INFO: global_step=26001, episodic_return=-54.178531646728516
2022-11-15 09:02:05,003 - INFO: global_step=26401, episodic_return=-207.80221557617188
2022-11-15 09:02:05,287 - INFO: global_step=26687, episodic_return=-134.6025390625
2022-11-15 09:02:06,856 - INFO: global_step=27687, episodic_return=40.662864685058594
2022-11-15 09:02:07,648 - INFO: global_step=28360, episodic_return=-41.44245529174805
2022-11-15 09:02:08,000 - INFO: global_step=28749, episodic_return=-118.06221008300781
2022-11-15 09:02:08,156 - INFO: global_step=28987, episodic_return=-76.9307861328125
2022-11-15 09:02:10,054 - INFO: global_step=29987, episodic_return=-166.17169189453125
2022-11-15 09:02:10,198 - INFO: global_step=30211, episodic_return=-67.65220642089844
2022-11-15 09:02:10,388 - INFO: global_step=30475, episodic_return=-324.48980712890625
2022-11-15 09:02:12,102 - INFO: global_step=31475, episodic_return=-79.81600952148438
2022-11-15 09:02:13,252 - INFO: global_step=32262, episodic_return=-127.07775115966797
2022-11-15 09:02:15,292 - INFO: global_step=33262, episodic_return=-47.69542694091797
2022-11-15 09:02:15,361 - INFO: global_step=33383, episodic_return=-43.4664192199707
2022-11-15 09:02:15,460 - INFO: global_step=33543, episodic_return=-86.15351867675781
2022-11-15 09:02:15,597 - INFO: global_step=33723, episodic_return=1.3297042846679688
2022-11-15 09:02:16,579 - INFO: global_step=34491, episodic_return=-79.28926849365234
2022-11-15 09:02:18,576 - INFO: global_step=35491, episodic_return=-72.01953125
2022-11-15 09:02:19,349 - INFO: global_step=36191, episodic_return=-136.90625
2022-11-15 09:02:20,313 - INFO: global_step=36868, episodic_return=-255.88534545898438
2022-11-15 09:02:21,893 - INFO: global_step=37868, episodic_return=-86.64363861083984
2022-11-15 09:02:23,317 - INFO: global_step=38868, episodic_return=7.06016731262207
2022-11-15 09:02:24,962 - INFO: global_step=39868, episodic_return=-55.50288009643555
2022-11-15 09:02:26,860 - INFO: global_step=40868, episodic_return=-46.94765853881836
2022-11-15 09:02:29,122 - INFO: global_step=41868, episodic_return=-69.59785461425781
2022-11-15 09:02:30,829 - INFO: global_step=42868, episodic_return=-92.94819641113281
2022-11-15 09:02:32,449 - INFO: global_step=43868, episodic_return=-138.205810546875
2022-11-15 09:02:33,922 - INFO: global_step=44868, episodic_return=-98.330322265625
2022-11-15 09:02:35,184 - INFO: global_step=45868, episodic_return=-121.14954376220703
2022-11-15 09:02:36,855 - INFO: global_step=46868, episodic_return=-102.53252410888672
2022-11-15 09:02:38,281 - INFO: global_step=47868, episodic_return=-78.9581527709961
2022-11-15 09:02:40,835 - INFO: global_step=48868, episodic_return=-85.32200622558594
2022-11-15 09:02:42,865 - INFO: global_step=49868, episodic_return=-111.31886291503906
2022-11-15 09:02:44,598 - INFO: global_step=50868, episodic_return=-67.71379089355469
2022-11-15 09:02:46,319 - INFO: global_step=51868, episodic_return=-94.87036895751953
2022-11-15 09:02:48,468 - INFO: global_step=52868, episodic_return=-75.31842041015625
2022-11-15 09:02:50,559 - INFO: global_step=53868, episodic_return=-119.6243896484375
2022-11-15 09:02:52,394 - INFO: global_step=54868, episodic_return=-147.5901641845703
2022-11-15 09:02:54,560 - INFO: global_step=55868, episodic_return=-80.07160186767578
2022-11-15 09:02:56,109 - INFO: global_step=56868, episodic_return=-80.05874633789062
2022-11-15 09:02:57,865 - INFO: global_step=57868, episodic_return=-89.2137680053711
2022-11-15 09:02:59,362 - INFO: global_step=58868, episodic_return=-116.75106811523438
2022-11-15 09:03:00,874 - INFO: global_step=59868, episodic_return=-46.977867126464844
2022-11-15 09:03:02,777 - INFO: global_step=60868, episodic_return=-92.19733428955078
2022-11-15 09:03:04,545 - INFO: global_step=61868, episodic_return=-119.73986053466797
2022-11-15 09:03:05,747 - INFO: global_step=62868, episodic_return=-101.9984130859375
2022-11-15 09:03:08,129 - INFO: global_step=63868, episodic_return=-92.03730773925781
2022-11-15 09:03:09,825 - INFO: global_step=64868, episodic_return=-59.915977478027344
2022-11-15 09:03:11,270 - INFO: global_step=65868, episodic_return=-122.75284576416016
2022-11-15 09:03:12,770 - INFO: global_step=66868, episodic_return=-115.37298583984375
2022-11-15 09:03:14,550 - INFO: global_step=67868, episodic_return=-95.93121337890625
2022-11-15 09:03:16,127 - INFO: global_step=68868, episodic_return=-127.1028060913086
2022-11-15 09:03:18,107 - INFO: global_step=69868, episodic_return=-116.44607543945312
2022-11-15 09:03:19,926 - INFO: global_step=70868, episodic_return=-69.54568481445312
2022-11-15 09:03:22,068 - INFO: global_step=71868, episodic_return=-11.349302291870117
2022-11-15 09:03:23,952 - INFO: global_step=72868, episodic_return=-74.43970489501953
2022-11-15 09:03:26,060 - INFO: global_step=73868, episodic_return=-80.88555908203125
2022-11-15 09:03:27,970 - INFO: global_step=74868, episodic_return=-99.27519989013672
2022-11-15 09:03:29,603 - INFO: global_step=75868, episodic_return=-91.41032409667969
2022-11-15 09:03:31,626 - INFO: global_step=76868, episodic_return=-67.39314270019531
2022-11-15 09:03:32,652 - INFO: global_step=77868, episodic_return=-80.98992156982422
2022-11-15 09:03:34,186 - INFO: global_step=78868, episodic_return=-69.29967498779297
2022-11-15 09:03:36,056 - INFO: global_step=79868, episodic_return=-115.67749786376953
2022-11-15 09:03:37,587 - INFO: global_step=80868, episodic_return=-94.01350402832031
2022-11-15 09:03:38,737 - INFO: global_step=81868, episodic_return=-94.46017456054688
2022-11-15 09:03:39,739 - INFO: global_step=82868, episodic_return=-101.33060455322266
2022-11-15 09:03:41,345 - INFO: global_step=83868, episodic_return=-112.25995635986328
2022-11-15 09:03:42,313 - INFO: global_step=84868, episodic_return=-117.62330627441406
2022-11-15 09:03:43,352 - INFO: global_step=85868, episodic_return=-91.26164245605469
2022-11-15 09:03:44,560 - INFO: global_step=86868, episodic_return=-86.239013671875
2022-11-15 09:03:46,518 - INFO: global_step=87868, episodic_return=-100.08333587646484
2022-11-15 09:03:48,115 - INFO: global_step=88868, episodic_return=-35.991085052490234
2022-11-15 09:03:49,314 - INFO: global_step=89868, episodic_return=-72.87366485595703
2022-11-15 09:03:51,322 - INFO: global_step=90868, episodic_return=-14.027810096740723
2022-11-15 09:03:51,433 - INFO: global_step=91022, episodic_return=-136.3228759765625
2022-11-15 09:03:53,083 - INFO: global_step=92022, episodic_return=-55.29663848876953
2022-11-15 09:03:54,756 - INFO: global_step=93022, episodic_return=-4.201181888580322
2022-11-15 09:03:55,288 - INFO: global_step=93271, episodic_return=-7.7607574462890625
2022-11-15 09:03:57,619 - INFO: global_step=94271, episodic_return=-89.19194030761719
2022-11-15 09:03:58,933 - INFO: global_step=95271, episodic_return=-83.7779541015625
2022-11-15 09:04:00,641 - INFO: global_step=96271, episodic_return=-88.3020248413086
2022-11-15 09:04:00,832 - INFO: global_step=96518, episodic_return=-261.2642822265625
2022-11-15 09:04:02,093 - INFO: global_step=97518, episodic_return=-85.05554962158203
2022-11-15 09:04:02,298 - INFO: global_step=97757, episodic_return=44.45265197753906
2022-11-15 09:04:04,000 - INFO: global_step=98707, episodic_return=-257.5202941894531
2022-11-15 09:04:05,327 - INFO: global_step=99593, episodic_return=-121.89645385742188
2022-11-15 09:04:07,017 - INFO: global_step=100593, episodic_return=-39.52503967285156
2022-11-15 09:04:09,045 - INFO: global_step=101593, episodic_return=4.162853717803955
2022-11-15 09:04:11,143 - INFO: global_step=102593, episodic_return=-60.97623062133789
2022-11-15 09:04:12,449 - INFO: global_step=103593, episodic_return=-110.22976684570312
2022-11-15 09:04:14,075 - INFO: global_step=104593, episodic_return=-84.19701385498047
2022-11-15 09:04:15,532 - INFO: global_step=105593, episodic_return=-72.96625518798828
2022-11-15 09:04:17,039 - INFO: global_step=106593, episodic_return=-32.92963409423828
2022-11-15 09:04:18,468 - INFO: global_step=107593, episodic_return=-79.79637145996094
2022-11-15 09:04:20,006 - INFO: global_step=108593, episodic_return=-112.66325378417969
2022-11-15 09:04:21,300 - INFO: global_step=109593, episodic_return=19.283409118652344
2022-11-15 09:04:22,926 - INFO: global_step=110593, episodic_return=-113.69959259033203
2022-11-15 09:04:24,898 - INFO: global_step=111593, episodic_return=-126.8930892944336
2022-11-15 09:04:26,788 - INFO: global_step=112593, episodic_return=-107.64993286132812
2022-11-15 09:04:28,013 - INFO: global_step=113593, episodic_return=-55.441917419433594
2022-11-15 09:04:29,539 - INFO: global_step=114593, episodic_return=-99.90801239013672
2022-11-15 09:04:29,698 - INFO: global_step=114805, episodic_return=-33.620635986328125
2022-11-15 09:04:31,023 - INFO: global_step=115805, episodic_return=-20.42845344543457
2022-11-15 09:04:31,804 - INFO: global_step=116543, episodic_return=-230.1785125732422
2022-11-15 09:04:32,763 - INFO: global_step=117258, episodic_return=-253.7489013671875
2022-11-15 09:04:32,953 - INFO: global_step=117513, episodic_return=-14.664031982421875
2022-11-15 09:04:33,181 - INFO: global_step=117771, episodic_return=-153.63262939453125
2022-11-15 09:04:35,019 - INFO: global_step=118771, episodic_return=-69.3419189453125
2022-11-15 09:04:35,268 - INFO: global_step=119052, episodic_return=-78.10870361328125
2022-11-15 09:04:37,414 - INFO: global_step=120052, episodic_return=-125.17388916015625
2022-11-15 09:04:38,503 - INFO: global_step=120872, episodic_return=-228.2832489013672
2022-11-15 09:04:40,122 - INFO: global_step=121766, episodic_return=-365.30035400390625
2022-11-15 09:04:40,318 - INFO: global_step=122032, episodic_return=-41.10251235961914
2022-11-15 09:04:40,695 - INFO: global_step=122444, episodic_return=-124.98784637451172
2022-11-15 09:04:43,415 - INFO: global_step=123444, episodic_return=-83.86006164550781
2022-11-15 09:04:44,980 - INFO: global_step=124444, episodic_return=-121.11778259277344
2022-11-15 09:04:46,408 - INFO: global_step=125444, episodic_return=-89.75182342529297
2022-11-15 09:04:47,991 - INFO: global_step=126444, episodic_return=-76.08599853515625
2022-11-15 09:04:49,797 - INFO: global_step=127444, episodic_return=-120.87889862060547
2022-11-15 09:04:51,511 - INFO: global_step=128444, episodic_return=-136.1200714111328
2022-11-15 09:04:53,202 - INFO: global_step=129444, episodic_return=-96.50067901611328
2022-11-15 09:04:54,873 - INFO: global_step=130444, episodic_return=-95.72957611083984
2022-11-15 09:04:56,163 - INFO: global_step=131444, episodic_return=-99.50321960449219
2022-11-15 09:04:56,507 - INFO: global_step=131832, episodic_return=-30.980300903320312
2022-11-15 09:04:58,058 - INFO: global_step=132832, episodic_return=-115.54486846923828
2022-11-15 09:04:59,810 - INFO: global_step=133832, episodic_return=-73.70687103271484
2022-11-15 09:05:01,618 - INFO: global_step=134832, episodic_return=-100.52802276611328
2022-11-15 09:05:02,963 - INFO: global_step=135832, episodic_return=-64.71356201171875
2022-11-15 09:05:04,458 - INFO: global_step=136832, episodic_return=-82.99349212646484
2022-11-15 09:05:05,908 - INFO: global_step=137832, episodic_return=-96.90270233154297
2022-11-15 09:05:07,538 - INFO: global_step=138832, episodic_return=-129.9526824951172
2022-11-15 09:05:08,689 - INFO: global_step=139832, episodic_return=-32.24856948852539
2022-11-15 09:05:10,065 - INFO: global_step=140832, episodic_return=-27.413726806640625
2022-11-15 09:05:11,550 - INFO: global_step=141832, episodic_return=-65.87210845947266
2022-11-15 09:05:13,073 - INFO: global_step=142832, episodic_return=-76.70560455322266
2022-11-15 09:05:14,419 - INFO: global_step=143832, episodic_return=-64.90348815917969
2022-11-15 09:05:16,477 - INFO: global_step=144742, episodic_return=-231.53128051757812
2022-11-15 09:05:18,238 - INFO: global_step=145742, episodic_return=-87.24012756347656
2022-11-15 09:05:19,900 - INFO: global_step=146742, episodic_return=-102.60674285888672
2022-11-15 09:05:20,039 - INFO: global_step=146913, episodic_return=-64.30553436279297
2022-11-15 09:05:21,531 - INFO: global_step=147913, episodic_return=-139.10983276367188
2022-11-15 09:05:23,409 - INFO: global_step=148913, episodic_return=-96.32642364501953
2022-11-15 09:05:25,014 - INFO: global_step=149913, episodic_return=25.067699432373047
2022-11-15 09:05:27,474 - INFO: global_step=150913, episodic_return=-55.899070739746094
2022-11-15 09:05:29,070 - INFO: global_step=151913, episodic_return=-84.79267883300781
2022-11-15 09:05:30,133 - INFO: global_step=152913, episodic_return=-81.19400787353516
2022-11-15 09:05:31,597 - INFO: global_step=153913, episodic_return=-43.78289794921875
2022-11-15 09:05:32,878 - INFO: global_step=154913, episodic_return=-74.59807586669922
2022-11-15 09:05:34,712 - INFO: global_step=155913, episodic_return=-78.35762023925781
2022-11-15 09:05:36,491 - INFO: global_step=156913, episodic_return=-56.9960823059082
2022-11-15 09:05:38,342 - INFO: global_step=157913, episodic_return=-131.46630859375
2022-11-15 09:05:39,890 - INFO: global_step=158913, episodic_return=-136.53683471679688
2022-11-15 09:05:42,124 - INFO: global_step=159913, episodic_return=-55.546287536621094
2022-11-15 09:05:43,685 - INFO: global_step=160913, episodic_return=8.62151050567627
2022-11-15 09:05:45,178 - INFO: global_step=161913, episodic_return=-109.67514038085938
2022-11-15 09:05:46,778 - INFO: global_step=162913, episodic_return=-31.847993850708008
2022-11-15 09:05:48,439 - INFO: global_step=163913, episodic_return=-31.200057983398438
2022-11-15 09:05:50,334 - INFO: global_step=164913, episodic_return=-23.82350730895996
2022-11-15 09:05:51,792 - INFO: global_step=165913, episodic_return=-33.49056625366211
2022-11-15 09:05:54,176 - INFO: global_step=166913, episodic_return=-95.3857650756836
2022-11-15 09:05:55,896 - INFO: global_step=167913, episodic_return=-118.21817016601562
2022-11-15 09:05:57,540 - INFO: global_step=168913, episodic_return=-32.97098159790039
2022-11-15 09:05:57,617 - INFO: global_step=169023, episodic_return=-133.43545532226562
2022-11-15 09:05:59,250 - INFO: global_step=170023, episodic_return=-52.78338623046875
2022-11-15 09:06:01,193 - INFO: global_step=171023, episodic_return=-71.15299224853516
2022-11-15 09:06:02,899 - INFO: global_step=172023, episodic_return=-100.90101623535156
2022-11-15 09:06:04,636 - INFO: global_step=173023, episodic_return=-91.89110565185547
2022-11-15 09:06:05,915 - INFO: global_step=174023, episodic_return=-84.35001373291016
2022-11-15 09:06:07,481 - INFO: global_step=175023, episodic_return=-82.9206771850586
2022-11-15 09:06:09,052 - INFO: global_step=176023, episodic_return=-93.60128784179688
2022-11-15 09:06:10,518 - INFO: global_step=177023, episodic_return=-59.13722229003906
2022-11-15 09:06:11,727 - INFO: global_step=178023, episodic_return=-85.44021606445312
2022-11-15 09:06:13,138 - INFO: global_step=179023, episodic_return=-39.190311431884766
2022-11-15 09:06:14,972 - INFO: global_step=180023, episodic_return=-82.2024154663086
2022-11-15 09:06:16,791 - INFO: global_step=181023, episodic_return=-56.17087173461914
2022-11-15 09:06:18,298 - INFO: global_step=182023, episodic_return=-115.06365203857422
2022-11-15 09:06:20,045 - INFO: global_step=183023, episodic_return=-95.69647979736328
2022-11-15 09:06:21,385 - INFO: global_step=184023, episodic_return=-108.55377197265625
2022-11-15 09:06:22,668 - INFO: global_step=185023, episodic_return=-16.656566619873047
2022-11-15 09:06:24,648 - INFO: global_step=186023, episodic_return=-136.11270141601562
2022-11-15 09:06:26,305 - INFO: global_step=187023, episodic_return=-88.61819458007812
2022-11-15 09:06:27,555 - INFO: global_step=188023, episodic_return=-33.17885971069336
2022-11-15 09:06:29,491 - INFO: global_step=189023, episodic_return=-99.12202453613281
2022-11-15 09:06:30,697 - INFO: global_step=190023, episodic_return=-32.47062301635742
2022-11-15 09:06:32,508 - INFO: global_step=191023, episodic_return=-111.79727935791016
2022-11-15 09:06:33,986 - INFO: global_step=192023, episodic_return=-31.23421859741211
2022-11-15 09:06:35,997 - INFO: global_step=193023, episodic_return=-50.359718322753906
2022-11-15 09:06:37,578 - INFO: global_step=194023, episodic_return=-17.237932205200195
2022-11-15 09:06:39,510 - INFO: global_step=195023, episodic_return=-60.789791107177734
2022-11-15 09:06:41,011 - INFO: global_step=196023, episodic_return=-123.97343444824219
2022-11-15 09:06:42,360 - INFO: global_step=197023, episodic_return=-49.818294525146484
2022-11-15 09:06:44,246 - INFO: global_step=198023, episodic_return=-124.4343032836914
2022-11-15 09:06:46,088 - INFO: global_step=199023, episodic_return=-76.4643325805664
2022-11-15 09:06:47,886 - INFO: global_step=200023, episodic_return=-118.91497802734375
2022-11-15 09:06:49,459 - INFO: global_step=201023, episodic_return=-78.5964126586914
2022-11-15 09:06:51,577 - INFO: global_step=202023, episodic_return=-75.28421020507812
2022-11-15 09:06:53,365 - INFO: global_step=203023, episodic_return=-89.35055541992188
2022-11-15 09:06:54,862 - INFO: global_step=204023, episodic_return=-8.654873847961426
2022-11-15 09:06:55,065 - INFO: global_step=204285, episodic_return=-184.735107421875
2022-11-15 09:06:56,056 - INFO: global_step=204729, episodic_return=261.66375732421875
2022-11-15 09:06:57,771 - INFO: global_step=205595, episodic_return=-334.60784912109375
2022-11-15 09:06:58,313 - INFO: global_step=206086, episodic_return=224.8963623046875
2022-11-15 09:06:58,525 - INFO: global_step=206356, episodic_return=-40.6849365234375
2022-11-15 09:06:58,794 - INFO: global_step=206660, episodic_return=-202.79623413085938
2022-11-15 09:07:00,209 - INFO: global_step=207660, episodic_return=-87.77774810791016
2022-11-15 09:07:02,161 - INFO: global_step=208660, episodic_return=-67.6338882446289
2022-11-15 09:07:02,320 - INFO: global_step=208828, episodic_return=9.741798400878906
2022-11-15 09:07:04,069 - INFO: global_step=209828, episodic_return=-124.43934631347656
2022-11-15 09:07:05,467 - INFO: global_step=210828, episodic_return=-108.89037322998047
2022-11-15 09:07:07,028 - INFO: global_step=211828, episodic_return=-50.610755920410156
2022-11-15 09:07:08,121 - INFO: global_step=212828, episodic_return=-6.90151309967041
2022-11-15 09:07:09,919 - INFO: global_step=213828, episodic_return=-53.47187042236328
2022-11-15 09:07:10,389 - INFO: global_step=214069, episodic_return=34.13688659667969
2022-11-15 09:07:10,651 - INFO: global_step=214356, episodic_return=-115.7445068359375
2022-11-15 09:07:10,787 - INFO: global_step=214542, episodic_return=-107.31185150146484
2022-11-15 09:07:10,931 - INFO: global_step=214751, episodic_return=-44.916690826416016
2022-11-15 09:07:11,257 - INFO: global_step=215133, episodic_return=-154.97329711914062
2022-11-15 09:07:11,384 - INFO: global_step=215339, episodic_return=-272.23883056640625
2022-11-15 09:07:11,781 - INFO: global_step=215777, episodic_return=-339.24493408203125
2022-11-15 09:07:12,003 - INFO: global_step=216052, episodic_return=-83.97644805908203
2022-11-15 09:07:12,329 - INFO: global_step=216467, episodic_return=244.84829711914062
2022-11-15 09:07:12,499 - INFO: global_step=216707, episodic_return=-338.087890625
2022-11-15 09:07:12,847 - INFO: global_step=217083, episodic_return=225.30352783203125
2022-11-15 09:07:13,210 - INFO: global_step=217476, episodic_return=-33.221641540527344
2022-11-15 09:07:14,139 - INFO: global_step=218110, episodic_return=195.59487915039062
2022-11-15 09:07:14,799 - INFO: global_step=218667, episodic_return=218.873291015625
2022-11-15 09:07:15,789 - INFO: global_step=219435, episodic_return=159.5477294921875
2022-11-15 09:07:17,146 - INFO: global_step=220435, episodic_return=-34.34284591674805
2022-11-15 09:07:19,404 - INFO: global_step=221435, episodic_return=-46.999229431152344
2022-11-15 09:07:20,891 - INFO: global_step=222435, episodic_return=-39.78716278076172
2022-11-15 09:07:21,876 - INFO: global_step=223141, episodic_return=172.26382446289062
2022-11-15 09:07:23,742 - INFO: global_step=224141, episodic_return=-69.50837707519531
2022-11-15 09:07:25,201 - INFO: global_step=225141, episodic_return=-90.40766906738281
2022-11-15 09:07:26,364 - INFO: global_step=226036, episodic_return=-257.9555969238281
2022-11-15 09:07:27,358 - INFO: global_step=226858, episodic_return=150.19406127929688
2022-11-15 09:07:28,091 - INFO: global_step=227492, episodic_return=137.18231201171875
2022-11-15 09:07:29,397 - INFO: global_step=228492, episodic_return=-11.631817817687988
2022-11-15 09:07:30,465 - INFO: global_step=229177, episodic_return=226.51040649414062
2022-11-15 09:07:32,334 - INFO: global_step=230177, episodic_return=-50.63685989379883
2022-11-15 09:07:34,225 - INFO: global_step=231177, episodic_return=-56.58745193481445
2022-11-15 09:07:35,806 - INFO: global_step=232177, episodic_return=-27.1053524017334
2022-11-15 09:07:36,037 - INFO: global_step=232457, episodic_return=53.06243896484375
2022-11-15 09:07:36,467 - INFO: global_step=232903, episodic_return=237.93211364746094
2022-11-15 09:07:37,267 - INFO: global_step=233509, episodic_return=226.25115966796875
2022-11-15 09:07:39,110 - INFO: global_step=234509, episodic_return=-82.9742431640625
2022-11-15 09:07:40,617 - INFO: global_step=235509, episodic_return=-82.4382095336914
2022-11-15 09:07:41,391 - INFO: global_step=236141, episodic_return=114.13752746582031
2022-11-15 09:07:42,664 - INFO: global_step=237141, episodic_return=-40.44392013549805
2022-11-15 09:07:43,969 - INFO: global_step=238141, episodic_return=-52.72491455078125
2022-11-15 09:07:45,364 - INFO: global_step=238815, episodic_return=157.107666015625
2022-11-15 09:07:45,721 - INFO: global_step=239163, episodic_return=208.28555297851562
2022-11-15 09:07:47,189 - INFO: global_step=240163, episodic_return=-37.70643997192383
2022-11-15 09:07:48,596 - INFO: global_step=240983, episodic_return=214.73423767089844
2022-11-15 09:07:48,859 - INFO: global_step=241285, episodic_return=165.66796875
2022-11-15 09:07:49,066 - INFO: global_step=241556, episodic_return=12.627456665039062
2022-11-15 09:07:51,014 - INFO: global_step=242556, episodic_return=4.009675979614258
2022-11-15 09:07:51,439 - INFO: global_step=242884, episodic_return=-91.85728454589844
2022-11-15 09:07:51,723 - INFO: global_step=243214, episodic_return=-40.228179931640625
2022-11-15 09:07:52,757 - INFO: global_step=243964, episodic_return=-160.83798217773438
2022-11-15 09:07:53,985 - INFO: global_step=244626, episodic_return=165.07839965820312
2022-11-15 09:07:54,235 - INFO: global_step=244878, episodic_return=-20.499549865722656
2022-11-15 09:07:54,723 - INFO: global_step=245303, episodic_return=-129.62603759765625
2022-11-15 09:07:55,718 - INFO: global_step=246004, episodic_return=-95.62425231933594
2022-11-15 09:07:56,995 - INFO: global_step=247004, episodic_return=-94.25801849365234
2022-11-15 09:07:57,077 - INFO: global_step=247137, episodic_return=-104.05706024169922
2022-11-15 09:07:57,146 - INFO: global_step=247253, episodic_return=-198.40716552734375
2022-11-15 09:07:57,219 - INFO: global_step=247374, episodic_return=-206.62997436523438
2022-11-15 09:07:57,318 - INFO: global_step=247531, episodic_return=-179.69415283203125
2022-11-15 09:07:57,378 - INFO: global_step=247637, episodic_return=-136.2480926513672
2022-11-15 09:07:57,706 - INFO: global_step=247961, episodic_return=-128.31613159179688
2022-11-15 09:07:57,845 - INFO: global_step=248150, episodic_return=-156.02679443359375
2022-11-15 09:07:57,926 - INFO: global_step=248290, episodic_return=-128.20008850097656
2022-11-15 09:07:59,235 - INFO: global_step=249290, episodic_return=-109.17012786865234
2022-11-15 09:07:59,727 - INFO: global_step=249845, episodic_return=209.36648559570312
2022-11-15 09:08:00,089 - INFO: global_step=250234, episodic_return=-29.198883056640625
2022-11-15 09:08:01,646 - INFO: global_step=251234, episodic_return=-90.8658447265625
2022-11-15 09:08:03,107 - INFO: global_step=252234, episodic_return=14.52971076965332
2022-11-15 09:08:03,251 - INFO: global_step=252448, episodic_return=-192.19940185546875
2022-11-15 09:08:04,895 - INFO: global_step=253448, episodic_return=-9.735546112060547
2022-11-15 09:08:06,485 - INFO: global_step=254448, episodic_return=-49.458011627197266
2022-11-15 09:08:07,994 - INFO: global_step=255448, episodic_return=-59.198448181152344
2022-11-15 09:08:09,107 - INFO: global_step=256448, episodic_return=-36.096866607666016
2022-11-15 09:08:10,929 - INFO: global_step=257448, episodic_return=-42.762123107910156
2022-11-15 09:08:12,666 - INFO: global_step=258448, episodic_return=-24.16107177734375
2022-11-15 09:08:14,611 - INFO: global_step=259448, episodic_return=31.664264678955078
2022-11-15 09:08:16,176 - INFO: global_step=260448, episodic_return=-12.277883529663086
2022-11-15 09:08:17,301 - INFO: global_step=261448, episodic_return=-32.95939254760742
2022-11-15 09:08:18,766 - INFO: global_step=262448, episodic_return=-13.866514205932617
2022-11-15 09:08:19,881 - INFO: global_step=263448, episodic_return=-15.322478294372559
2022-11-15 09:08:21,837 - INFO: global_step=264448, episodic_return=-39.63727951049805
2022-11-15 09:08:24,050 - INFO: global_step=265448, episodic_return=-47.66630554199219
2022-11-15 09:08:26,503 - INFO: global_step=266448, episodic_return=-7.968936920166016
2022-11-15 09:08:28,367 - INFO: global_step=267448, episodic_return=-22.904239654541016
2022-11-15 09:08:29,403 - INFO: global_step=268448, episodic_return=-31.35439109802246
2022-11-15 09:08:30,871 - INFO: global_step=269448, episodic_return=16.922548294067383
2022-11-15 09:08:32,805 - INFO: global_step=270448, episodic_return=-66.53752899169922
2022-11-15 09:08:34,186 - INFO: global_step=271448, episodic_return=21.739788055419922
2022-11-15 09:08:35,267 - INFO: global_step=272448, episodic_return=-59.970149993896484
2022-11-15 09:08:36,713 - INFO: global_step=273448, episodic_return=-62.49184036254883
2022-11-15 09:08:38,144 - INFO: global_step=274448, episodic_return=-24.17755126953125
2022-11-15 09:08:40,136 - INFO: global_step=275448, episodic_return=7.423399925231934
2022-11-15 09:08:41,415 - INFO: global_step=276448, episodic_return=-42.935359954833984
2022-11-15 09:08:42,959 - INFO: global_step=277448, episodic_return=-28.70588493347168
2022-11-15 09:08:44,482 - INFO: global_step=278448, episodic_return=-53.19057846069336
2022-11-15 09:08:45,958 - INFO: global_step=279448, episodic_return=-72.14300537109375
2022-11-15 09:08:47,480 - INFO: global_step=280448, episodic_return=-67.29052734375
2022-11-15 09:08:48,688 - INFO: global_step=281448, episodic_return=-60.15731430053711
2022-11-15 09:08:49,785 - INFO: global_step=282448, episodic_return=-73.56019592285156
2022-11-15 09:08:52,001 - INFO: global_step=283448, episodic_return=-3.351533889770508
2022-11-15 09:08:53,406 - INFO: global_step=284448, episodic_return=-15.574976921081543
2022-11-15 09:08:55,522 - INFO: global_step=285448, episodic_return=-47.364585876464844
2022-11-15 09:08:56,891 - INFO: global_step=286448, episodic_return=-36.26677703857422
2022-11-15 09:08:58,720 - INFO: global_step=287448, episodic_return=-8.180033683776855
2022-11-15 09:09:00,114 - INFO: global_step=288448, episodic_return=-38.66374969482422
2022-11-15 09:09:02,052 - INFO: global_step=289448, episodic_return=-64.16554260253906
2022-11-15 09:09:04,045 - INFO: global_step=290448, episodic_return=-96.57209014892578
2022-11-15 09:09:05,231 - INFO: global_step=291448, episodic_return=-49.2498893737793
2022-11-15 09:09:07,370 - INFO: global_step=292448, episodic_return=-41.83758544921875
2022-11-15 09:09:08,567 - INFO: global_step=293448, episodic_return=-34.59801483154297
2022-11-15 09:09:10,014 - INFO: global_step=294448, episodic_return=-31.1461181640625
2022-11-15 09:09:11,264 - INFO: global_step=295448, episodic_return=-27.039142608642578
2022-11-15 09:09:13,421 - INFO: global_step=296448, episodic_return=-54.919921875
2022-11-15 09:09:14,613 - INFO: global_step=297448, episodic_return=-43.75798416137695
2022-11-15 09:09:16,234 - INFO: global_step=298448, episodic_return=-82.6509017944336
2022-11-15 09:09:17,684 - INFO: global_step=299271, episodic_return=124.24526977539062
2022-11-15 09:09:19,216 - INFO: global_step=300271, episodic_return=-23.70991325378418
2022-11-15 09:09:20,773 - INFO: global_step=301271, episodic_return=57.113380432128906
2022-11-15 09:09:21,369 - INFO: global_step=301797, episodic_return=197.10157775878906
2022-11-15 09:09:23,126 - INFO: global_step=302797, episodic_return=42.760475158691406
2022-11-15 09:09:23,490 - INFO: global_step=303124, episodic_return=-25.75428009033203
2022-11-15 09:09:25,334 - INFO: global_step=304124, episodic_return=106.8184585571289
2022-11-15 09:09:27,061 - INFO: global_step=305124, episodic_return=127.98455047607422
2022-11-15 09:09:28,428 - INFO: global_step=305917, episodic_return=204.39337158203125
2022-11-15 09:09:29,230 - INFO: global_step=306512, episodic_return=221.80575561523438
2022-11-15 09:09:29,670 - INFO: global_step=306950, episodic_return=251.33824157714844
2022-11-15 09:09:29,933 - INFO: global_step=307279, episodic_return=228.96853637695312
2022-11-15 09:09:30,185 - INFO: global_step=307592, episodic_return=-51.34907150268555
2022-11-15 09:09:30,580 - INFO: global_step=307978, episodic_return=-30.9700927734375
2022-11-15 09:09:31,165 - INFO: global_step=308487, episodic_return=214.48745727539062
2022-11-15 09:09:31,704 - INFO: global_step=308955, episodic_return=207.91314697265625
2022-11-15 09:09:32,258 - INFO: global_step=309507, episodic_return=181.18057250976562
2022-11-15 09:09:33,336 - INFO: global_step=310102, episodic_return=191.68533325195312
2022-11-15 09:09:33,376 - INFO: global_step=310172, episodic_return=13.288017272949219
2022-11-15 09:09:33,619 - INFO: global_step=310502, episodic_return=234.13638305664062
2022-11-15 09:09:33,872 - INFO: global_step=310831, episodic_return=243.7068328857422
2022-11-15 09:09:33,976 - INFO: global_step=310997, episodic_return=15.342681884765625
2022-11-15 09:09:34,404 - INFO: global_step=311512, episodic_return=241.09271240234375
2022-11-15 09:09:34,559 - INFO: global_step=311760, episodic_return=-44.343177795410156
2022-11-15 09:09:34,675 - INFO: global_step=311949, episodic_return=19.40807342529297
2022-11-15 09:09:36,002 - INFO: global_step=312800, episodic_return=180.65640258789062
2022-11-15 09:09:36,756 - INFO: global_step=313414, episodic_return=186.62442016601562
2022-11-15 09:09:38,103 - INFO: global_step=314414, episodic_return=17.73725700378418
2022-11-15 09:09:39,734 - INFO: global_step=315414, episodic_return=25.334760665893555
2022-11-15 09:09:41,296 - INFO: global_step=316414, episodic_return=-52.51312255859375
2022-11-15 09:09:42,739 - INFO: global_step=317414, episodic_return=8.622089385986328
2022-11-15 09:09:44,083 - INFO: global_step=318414, episodic_return=-45.451019287109375
2022-11-15 09:09:46,041 - INFO: global_step=319414, episodic_return=-33.32575225830078
2022-11-15 09:09:47,819 - INFO: global_step=320414, episodic_return=24.555049896240234
2022-11-15 09:09:49,096 - INFO: global_step=321414, episodic_return=-4.82532262802124
2022-11-15 09:09:50,625 - INFO: global_step=322414, episodic_return=-13.21176528930664
2022-11-15 09:09:52,001 - INFO: global_step=323414, episodic_return=-41.55019760131836
2022-11-15 09:09:53,559 - INFO: global_step=324414, episodic_return=-36.61851119995117
2022-11-15 09:09:55,216 - INFO: global_step=325414, episodic_return=-14.06482982635498
2022-11-15 09:09:56,641 - INFO: global_step=326304, episodic_return=175.10205078125
2022-11-15 09:09:58,368 - INFO: global_step=327304, episodic_return=-62.724544525146484
2022-11-15 09:09:59,752 - INFO: global_step=328304, episodic_return=-37.33103942871094
2022-11-15 09:10:00,913 - INFO: global_step=329173, episodic_return=-100.53233337402344
2022-11-15 09:10:03,114 - INFO: global_step=330173, episodic_return=22.696060180664062
2022-11-15 09:10:04,686 - INFO: global_step=331173, episodic_return=-13.150459289550781
2022-11-15 09:10:06,474 - INFO: global_step=332173, episodic_return=-18.006906509399414
2022-11-15 09:10:08,458 - INFO: global_step=333173, episodic_return=-7.611303806304932
2022-11-15 09:10:10,446 - INFO: global_step=334173, episodic_return=-34.42906188964844
2022-11-15 09:10:12,228 - INFO: global_step=335173, episodic_return=-17.12306785583496
2022-11-15 09:10:13,740 - INFO: global_step=336173, episodic_return=4.813956260681152
2022-11-15 09:10:15,299 - INFO: global_step=337173, episodic_return=-40.83181381225586
2022-11-15 09:10:17,178 - INFO: global_step=338173, episodic_return=24.305177688598633
2022-11-15 09:10:18,925 - INFO: global_step=339173, episodic_return=-14.153031349182129
2022-11-15 09:10:20,823 - INFO: global_step=340173, episodic_return=-39.76920700073242
2022-11-15 09:10:22,938 - INFO: global_step=341173, episodic_return=9.681648254394531
2022-11-15 09:10:24,480 - INFO: global_step=342173, episodic_return=-53.98491287231445
2022-11-15 09:10:26,199 - INFO: global_step=343173, episodic_return=11.406085968017578
2022-11-15 09:10:28,139 - INFO: global_step=344173, episodic_return=42.19126892089844
2022-11-15 09:10:29,682 - INFO: global_step=345016, episodic_return=85.27049255371094
2022-11-15 09:10:31,371 - INFO: global_step=346016, episodic_return=-40.10959243774414
2022-11-15 09:10:33,734 - INFO: global_step=346995, episodic_return=130.35580444335938
2022-11-15 09:10:34,874 - INFO: global_step=347624, episodic_return=221.00668334960938
2022-11-15 09:10:36,305 - INFO: global_step=348390, episodic_return=145.63961791992188
2022-11-15 09:10:36,846 - INFO: global_step=348872, episodic_return=250.6898193359375
2022-11-15 09:10:37,149 - INFO: global_step=349229, episodic_return=289.515625
2022-11-15 09:10:39,157 - INFO: global_step=350229, episodic_return=-81.64767456054688
2022-11-15 09:10:40,555 - INFO: global_step=351127, episodic_return=-218.52621459960938
2022-11-15 09:10:41,927 - INFO: global_step=352127, episodic_return=-112.34046936035156
2022-11-15 09:10:42,086 - INFO: global_step=352369, episodic_return=-162.10549926757812
2022-11-15 09:10:42,136 - INFO: global_step=352454, episodic_return=-254.6707000732422
2022-11-15 09:10:42,279 - INFO: global_step=352678, episodic_return=-126.98902893066406
2022-11-15 09:10:42,356 - INFO: global_step=352787, episodic_return=-329.0736083984375
2022-11-15 09:10:43,695 - INFO: global_step=353787, episodic_return=-99.44627380371094
2022-11-15 09:10:45,599 - INFO: global_step=354787, episodic_return=-21.56806182861328
2022-11-15 09:10:47,633 - INFO: global_step=355787, episodic_return=-16.37908935546875
2022-11-15 09:10:48,901 - INFO: global_step=356787, episodic_return=-58.73358917236328
2022-11-15 09:10:50,353 - INFO: global_step=357787, episodic_return=-7.975630760192871
2022-11-15 09:10:50,701 - INFO: global_step=358182, episodic_return=-432.841796875
2022-11-15 09:10:51,042 - INFO: global_step=358536, episodic_return=-416.7318420410156
2022-11-15 09:10:52,485 - INFO: global_step=359536, episodic_return=-1.1793837547302246
2022-11-15 09:10:54,261 - INFO: global_step=360536, episodic_return=-42.11396026611328
2022-11-15 09:10:55,175 - INFO: global_step=361218, episodic_return=221.78924560546875
2022-11-15 09:10:55,803 - INFO: global_step=361745, episodic_return=239.0926971435547
2022-11-15 09:10:56,483 - INFO: global_step=362317, episodic_return=190.46072387695312
2022-11-15 09:10:56,928 - INFO: global_step=362787, episodic_return=173.57672119140625
2022-11-15 09:10:57,125 - INFO: global_step=363078, episodic_return=-19.289993286132812
2022-11-15 09:10:58,089 - INFO: global_step=363845, episodic_return=158.96563720703125
2022-11-15 09:10:58,424 - INFO: global_step=364208, episodic_return=-6.099098205566406
2022-11-15 09:10:58,797 - INFO: global_step=364623, episodic_return=190.34060668945312
2022-11-15 09:10:59,426 - INFO: global_step=365267, episodic_return=187.22808837890625
2022-11-15 09:10:59,819 - INFO: global_step=365660, episodic_return=216.73373413085938
2022-11-15 09:11:00,375 - INFO: global_step=366185, episodic_return=151.978271484375
2022-11-15 09:11:00,667 - INFO: global_step=366535, episodic_return=281.18756103515625
2022-11-15 09:11:00,949 - INFO: global_step=366874, episodic_return=201.34027099609375
2022-11-15 09:11:01,368 - INFO: global_step=367371, episodic_return=233.13784790039062
2022-11-15 09:11:01,552 - INFO: global_step=367625, episodic_return=220.73968505859375
2022-11-15 09:11:01,668 - INFO: global_step=367808, episodic_return=69.05154418945312
2022-11-15 09:11:01,844 - INFO: global_step=368050, episodic_return=213.673828125
2022-11-15 09:11:02,240 - INFO: global_step=368501, episodic_return=151.06629943847656
2022-11-15 09:11:02,501 - INFO: global_step=368831, episodic_return=207.12644958496094
2022-11-15 09:11:02,573 - INFO: global_step=368956, episodic_return=1.0888519287109375
2022-11-15 09:11:02,951 - INFO: global_step=369339, episodic_return=199.57040405273438
2022-11-15 09:11:03,260 - INFO: global_step=369671, episodic_return=-102.81660461425781
2022-11-15 09:11:04,453 - INFO: global_step=370430, episodic_return=93.72875213623047
2022-11-15 09:11:05,053 - INFO: global_step=371034, episodic_return=88.90106964111328
2022-11-15 09:11:05,969 - INFO: global_step=371814, episodic_return=117.08140563964844
2022-11-15 09:11:06,150 - INFO: global_step=372065, episodic_return=-23.574844360351562
2022-11-15 09:11:07,247 - INFO: global_step=373065, episodic_return=-91.05122375488281
2022-11-15 09:11:07,369 - INFO: global_step=373251, episodic_return=-51.29718017578125
2022-11-15 09:11:07,765 - INFO: global_step=373679, episodic_return=126.10748291015625
2022-11-15 09:11:08,265 - INFO: global_step=374148, episodic_return=157.01576232910156
2022-11-15 09:11:08,441 - INFO: global_step=374400, episodic_return=-55.554988861083984
2022-11-15 09:11:08,891 - INFO: global_step=374844, episodic_return=257.6826171875
2022-11-15 09:11:09,165 - INFO: global_step=375168, episodic_return=214.11569213867188
2022-11-15 09:11:09,686 - INFO: global_step=375664, episodic_return=162.9739227294922
2022-11-15 09:11:10,338 - INFO: global_step=376241, episodic_return=201.92745971679688
2022-11-15 09:11:10,757 - INFO: global_step=376671, episodic_return=159.123046875
2022-11-15 09:11:10,969 - INFO: global_step=376941, episodic_return=-25.179656982421875
2022-11-15 09:11:11,487 - INFO: global_step=377469, episodic_return=174.70501708984375
2022-11-15 09:11:12,407 - INFO: global_step=378204, episodic_return=126.86605834960938
2022-11-15 09:11:12,938 - INFO: global_step=378628, episodic_return=-41.69624710083008
2022-11-15 09:11:13,691 - INFO: global_step=379139, episodic_return=-84.0228271484375
2022-11-15 09:11:14,283 - INFO: global_step=379645, episodic_return=-95.06343078613281
2022-11-15 09:11:14,940 - INFO: global_step=380231, episodic_return=202.72482299804688
2022-11-15 09:11:15,553 - INFO: global_step=380825, episodic_return=220.27877807617188
2022-11-15 09:11:17,536 - INFO: global_step=381825, episodic_return=-55.2765007019043
2022-11-15 09:11:18,753 - INFO: global_step=382583, episodic_return=162.92431640625
2022-11-15 09:11:19,199 - INFO: global_step=383049, episodic_return=213.84701538085938
2022-11-15 09:11:20,115 - INFO: global_step=383734, episodic_return=187.14498901367188
2022-11-15 09:11:21,501 - INFO: global_step=384649, episodic_return=94.631103515625
2022-11-15 09:11:23,117 - INFO: global_step=385649, episodic_return=-33.95242691040039
2022-11-15 09:11:23,652 - INFO: global_step=386144, episodic_return=241.6791534423828
2022-11-15 09:11:24,476 - INFO: global_step=386784, episodic_return=169.01821899414062
2022-11-15 09:11:25,448 - INFO: global_step=387430, episodic_return=183.55868530273438
2022-11-15 09:11:27,253 - INFO: global_step=388249, episodic_return=127.47553253173828
2022-11-15 09:11:28,346 - INFO: global_step=388813, episodic_return=222.21987915039062
2022-11-15 09:11:30,274 - INFO: global_step=389775, episodic_return=33.446014404296875
2022-11-15 09:11:30,627 - INFO: global_step=390132, episodic_return=192.2316131591797
2022-11-15 09:11:30,970 - INFO: global_step=390487, episodic_return=255.78036499023438
2022-11-15 09:11:31,298 - INFO: global_step=390850, episodic_return=221.01654052734375
2022-11-15 09:11:31,631 - INFO: global_step=391214, episodic_return=247.95680236816406
2022-11-15 09:11:32,168 - INFO: global_step=391667, episodic_return=175.1264190673828
2022-11-15 09:11:32,439 - INFO: global_step=391972, episodic_return=266.8540954589844
2022-11-15 09:11:33,006 - INFO: global_step=392514, episodic_return=201.69346618652344
2022-11-15 09:11:33,185 - INFO: global_step=392747, episodic_return=-23.254547119140625
2022-11-15 09:11:33,805 - INFO: global_step=393279, episodic_return=245.19607543945312
2022-11-15 09:11:34,653 - INFO: global_step=393950, episodic_return=205.44171142578125
2022-11-15 09:11:35,508 - INFO: global_step=394656, episodic_return=226.88699340820312
2022-11-15 09:11:35,957 - INFO: global_step=395109, episodic_return=196.2659912109375
2022-11-15 09:11:36,211 - INFO: global_step=395418, episodic_return=264.9324645996094
2022-11-15 09:11:36,507 - INFO: global_step=395783, episodic_return=-18.819862365722656
2022-11-15 09:11:36,765 - INFO: global_step=396091, episodic_return=211.958740234375
2022-11-15 09:11:36,928 - INFO: global_step=396302, episodic_return=62.45216369628906
2022-11-15 09:11:37,263 - INFO: global_step=396691, episodic_return=-15.568466186523438
2022-11-15 09:11:38,043 - INFO: global_step=397397, episodic_return=126.40924835205078
2022-11-15 09:11:38,834 - INFO: global_step=397859, episodic_return=205.13232421875
2022-11-15 09:11:39,398 - INFO: global_step=398354, episodic_return=215.8539276123047
2022-11-15 09:11:40,433 - INFO: global_step=399133, episodic_return=128.62832641601562
2022-11-15 09:11:41,078 - INFO: global_step=399731, episodic_return=193.6245574951172
2022-11-15 09:11:41,962 - INFO: global_step=400390, episodic_return=180.73980712890625
2022-11-15 09:11:42,830 - INFO: global_step=401098, episodic_return=149.46414184570312
2022-11-15 09:11:44,067 - INFO: global_step=402026, episodic_return=118.39749145507812
2022-11-15 09:11:44,402 - INFO: global_step=402413, episodic_return=255.1525421142578
2022-11-15 09:11:44,961 - INFO: global_step=403084, episodic_return=206.36749267578125
2022-11-15 09:11:45,408 - INFO: global_step=403513, episodic_return=-69.48336029052734
2022-11-15 09:11:45,961 - INFO: global_step=403856, episodic_return=293.4229431152344
2022-11-15 09:11:46,947 - INFO: global_step=404397, episodic_return=233.28659057617188
2022-11-15 09:11:47,222 - INFO: global_step=404710, episodic_return=258.1571044921875
2022-11-15 09:11:47,598 - INFO: global_step=405090, episodic_return=273.1620178222656
2022-11-15 09:11:48,671 - INFO: global_step=405847, episodic_return=181.8066864013672
2022-11-15 09:11:49,261 - INFO: global_step=406439, episodic_return=-161.39129638671875
2022-11-15 09:11:50,288 - INFO: global_step=407194, episodic_return=224.10400390625
2022-11-15 09:11:51,230 - INFO: global_step=407924, episodic_return=250.4783477783203
2022-11-15 09:11:51,922 - INFO: global_step=408518, episodic_return=235.40574645996094
2022-11-15 09:11:52,766 - INFO: global_step=409221, episodic_return=-241.0323486328125
2022-11-15 09:11:53,673 - INFO: global_step=409869, episodic_return=175.282470703125
2022-11-15 09:11:54,627 - INFO: global_step=410646, episodic_return=168.8369140625
2022-11-15 09:11:55,749 - INFO: global_step=411646, episodic_return=16.266551971435547
2022-11-15 09:11:56,911 - INFO: global_step=412402, episodic_return=182.66180419921875
2022-11-15 09:11:57,624 - INFO: global_step=412958, episodic_return=201.58436584472656
2022-11-15 09:11:58,277 - INFO: global_step=413478, episodic_return=243.34808349609375
2022-11-15 09:11:58,893 - INFO: global_step=413867, episodic_return=217.66351318359375
2022-11-15 09:11:59,471 - INFO: global_step=414332, episodic_return=247.8299102783203
2022-11-15 09:12:00,138 - INFO: global_step=414855, episodic_return=214.67041015625
2022-11-15 09:12:01,317 - INFO: global_step=415469, episodic_return=178.3323516845703
2022-11-15 09:12:02,415 - INFO: global_step=416294, episodic_return=112.00161743164062
2022-11-15 09:12:02,902 - INFO: global_step=416749, episodic_return=174.4443359375
2022-11-15 09:12:03,295 - INFO: global_step=417109, episodic_return=249.92584228515625
2022-11-15 09:12:03,715 - INFO: global_step=417445, episodic_return=261.26763916015625
2022-11-15 09:12:04,125 - INFO: global_step=417836, episodic_return=252.3713836669922
2022-11-15 09:12:04,534 - INFO: global_step=418195, episodic_return=193.87661743164062
2022-11-15 09:12:05,105 - INFO: global_step=418665, episodic_return=292.1605224609375
2022-11-15 09:12:06,429 - INFO: global_step=419453, episodic_return=210.97750854492188
2022-11-15 09:12:06,656 - INFO: global_step=419708, episodic_return=252.0651092529297
2022-11-15 09:12:06,814 - INFO: global_step=419892, episodic_return=45.776641845703125
2022-11-15 09:12:07,549 - INFO: global_step=420504, episodic_return=248.26502990722656
2022-11-15 09:12:07,988 - INFO: global_step=420844, episodic_return=219.20343017578125
2022-11-15 09:12:08,281 - INFO: global_step=421143, episodic_return=236.06260681152344
2022-11-15 09:12:08,466 - INFO: global_step=421363, episodic_return=297.04327392578125
2022-11-15 09:12:10,292 - INFO: global_step=422363, episodic_return=51.841217041015625
2022-11-15 09:12:11,721 - INFO: global_step=423363, episodic_return=-42.104007720947266
2022-11-15 09:12:12,216 - INFO: global_step=423770, episodic_return=221.36764526367188
2022-11-15 09:12:13,458 - INFO: global_step=424770, episodic_return=-55.703224182128906
2022-11-15 09:12:15,331 - INFO: global_step=425753, episodic_return=144.82493591308594
2022-11-15 09:12:16,969 - INFO: global_step=426753, episodic_return=-34.61209487915039
2022-11-15 09:12:17,265 - INFO: global_step=427072, episodic_return=265.85723876953125
2022-11-15 09:12:18,122 - INFO: global_step=427676, episodic_return=200.76918029785156
2022-11-15 09:12:19,143 - INFO: global_step=428485, episodic_return=138.89903259277344
2022-11-15 09:12:21,410 - INFO: global_step=429485, episodic_return=4.278889179229736
2022-11-15 09:12:22,922 - INFO: global_step=430485, episodic_return=-20.316497802734375
2022-11-15 09:12:24,558 - INFO: global_step=431485, episodic_return=-26.058143615722656
2022-11-15 09:12:26,230 - INFO: global_step=432319, episodic_return=163.08734130859375
2022-11-15 09:12:28,146 - INFO: global_step=433319, episodic_return=-27.87706756591797
2022-11-15 09:12:28,551 - INFO: global_step=433719, episodic_return=248.30714416503906
2022-11-15 09:12:29,099 - INFO: global_step=434184, episodic_return=239.71371459960938
2022-11-15 09:12:29,599 - INFO: global_step=434635, episodic_return=-65.41616821289062
2022-11-15 09:12:31,329 - INFO: global_step=435635, episodic_return=-136.5536346435547
2022-11-15 09:12:31,861 - INFO: global_step=436081, episodic_return=194.92092895507812
2022-11-15 09:12:32,339 - INFO: global_step=436502, episodic_return=242.0240478515625
2022-11-15 09:12:32,597 - INFO: global_step=436764, episodic_return=275.91998291015625
2022-11-15 09:12:32,873 - INFO: global_step=437087, episodic_return=287.15142822265625
2022-11-15 09:12:33,129 - INFO: global_step=437378, episodic_return=247.09408569335938
2022-11-15 09:12:34,814 - INFO: global_step=438378, episodic_return=-69.1649398803711
2022-11-15 09:12:34,915 - INFO: global_step=438540, episodic_return=39.921905517578125
2022-11-15 09:12:35,830 - INFO: global_step=439234, episodic_return=217.7734375
2022-11-15 09:12:35,948 - INFO: global_step=439418, episodic_return=-232.37277221679688
2022-11-15 09:12:36,886 - INFO: global_step=440158, episodic_return=207.78518676757812
2022-11-15 09:12:37,112 - INFO: global_step=440454, episodic_return=272.153076171875
2022-11-15 09:12:37,303 - INFO: global_step=440716, episodic_return=289.549560546875
2022-11-15 09:12:37,480 - INFO: global_step=440994, episodic_return=249.00863647460938
2022-11-15 09:12:37,757 - INFO: global_step=441314, episodic_return=238.33229064941406
2022-11-15 09:12:38,009 - INFO: global_step=441656, episodic_return=271.27020263671875
2022-11-15 09:12:38,286 - INFO: global_step=441997, episodic_return=245.13905334472656
2022-11-15 09:12:38,727 - INFO: global_step=442433, episodic_return=232.94125366210938
2022-11-15 09:12:39,080 - INFO: global_step=442796, episodic_return=246.36622619628906
2022-11-15 09:12:39,505 - INFO: global_step=443171, episodic_return=243.1254119873047
2022-11-15 09:12:40,602 - INFO: global_step=444171, episodic_return=-13.508468627929688
2022-11-15 09:12:40,871 - INFO: global_step=444480, episodic_return=240.00816345214844
2022-11-15 09:12:42,150 - INFO: global_step=445480, episodic_return=-40.201019287109375
2022-11-15 09:12:43,005 - INFO: global_step=446156, episodic_return=155.57579040527344
2022-11-15 09:12:43,759 - INFO: global_step=446694, episodic_return=232.04934692382812
2022-11-15 09:12:44,453 - INFO: global_step=447224, episodic_return=134.45083618164062
2022-11-15 09:12:46,717 - INFO: global_step=448224, episodic_return=-73.77873229980469
2022-11-15 09:12:47,213 - INFO: global_step=448670, episodic_return=241.65728759765625
2022-11-15 09:12:47,496 - INFO: global_step=448988, episodic_return=245.7517547607422
2022-11-15 09:12:49,105 - INFO: global_step=449988, episodic_return=-66.15902709960938
2022-11-15 09:12:50,667 - INFO: global_step=450988, episodic_return=-84.48806762695312
2022-11-15 09:12:51,916 - INFO: global_step=451748, episodic_return=210.1018524169922
2022-11-15 09:12:53,700 - INFO: global_step=452748, episodic_return=-14.394550323486328
2022-11-15 09:12:54,150 - INFO: global_step=453166, episodic_return=273.37042236328125
2022-11-15 09:12:54,680 - INFO: global_step=453611, episodic_return=200.4114990234375
2022-11-15 09:12:54,962 - INFO: global_step=453939, episodic_return=225.82276916503906
2022-11-15 09:12:55,396 - INFO: global_step=454413, episodic_return=262.909912109375
2022-11-15 09:12:55,957 - INFO: global_step=454912, episodic_return=212.09341430664062
2022-11-15 09:12:56,331 - INFO: global_step=455365, episodic_return=163.94436645507812
2022-11-15 09:12:56,512 - INFO: global_step=455602, episodic_return=46.64976501464844
2022-11-15 09:12:56,740 - INFO: global_step=455897, episodic_return=293.96685791015625
2022-11-15 09:12:57,205 - INFO: global_step=456347, episodic_return=113.63253784179688
2022-11-15 09:12:58,651 - INFO: global_step=456985, episodic_return=163.55458068847656
2022-11-15 09:12:59,463 - INFO: global_step=457425, episodic_return=177.38265991210938
2022-11-15 09:13:00,110 - INFO: global_step=457983, episodic_return=256.60296630859375
2022-11-15 09:13:00,717 - INFO: global_step=458529, episodic_return=210.85223388671875
2022-11-15 09:13:01,125 - INFO: global_step=458945, episodic_return=231.9200897216797
2022-11-15 09:13:02,519 - INFO: global_step=459945, episodic_return=-7.464588165283203
2022-11-15 09:13:03,108 - INFO: global_step=460421, episodic_return=199.3661346435547
2022-11-15 09:13:04,388 - INFO: global_step=461174, episodic_return=91.52659606933594
2022-11-15 09:13:05,990 - INFO: global_step=462174, episodic_return=17.3475399017334
2022-11-15 09:13:07,711 - INFO: global_step=463174, episodic_return=-50.7441291809082
2022-11-15 09:13:09,236 - INFO: global_step=464174, episodic_return=-33.47556686401367
2022-11-15 09:13:09,597 - INFO: global_step=464572, episodic_return=189.81307983398438
2022-11-15 09:13:11,013 - INFO: global_step=465572, episodic_return=-15.468199729919434
2022-11-15 09:13:11,934 - INFO: global_step=466242, episodic_return=167.7120361328125
2022-11-15 09:13:12,739 - INFO: global_step=466966, episodic_return=191.04348754882812
2022-11-15 09:13:13,465 - INFO: global_step=467577, episodic_return=270.0768737792969
2022-11-15 09:13:14,102 - INFO: global_step=468133, episodic_return=225.9639129638672
2022-11-15 09:13:14,246 - INFO: global_step=468346, episodic_return=16.0394287109375
2022-11-15 09:13:14,823 - INFO: global_step=468889, episodic_return=155.43435668945312
2022-11-15 09:13:15,111 - INFO: global_step=469195, episodic_return=-114.05509948730469
2022-11-15 09:13:15,702 - INFO: global_step=469706, episodic_return=233.45228576660156
2022-11-15 09:13:16,289 - INFO: global_step=470209, episodic_return=229.392578125
2022-11-15 09:13:17,826 - INFO: global_step=471131, episodic_return=140.3599090576172
2022-11-15 09:13:18,981 - INFO: global_step=472131, episodic_return=-177.65870666503906
2022-11-15 09:13:19,469 - INFO: global_step=472648, episodic_return=192.08236694335938
2022-11-15 09:13:19,864 - INFO: global_step=473071, episodic_return=223.80398559570312
2022-11-15 09:13:20,287 - INFO: global_step=473501, episodic_return=239.3682098388672
2022-11-15 09:13:20,971 - INFO: global_step=474072, episodic_return=-90.8738784790039
2022-11-15 09:13:21,666 - INFO: global_step=474641, episodic_return=231.9586639404297
2022-11-15 09:13:22,182 - INFO: global_step=475156, episodic_return=258.84710693359375
2022-11-15 09:13:23,888 - INFO: global_step=476105, episodic_return=89.10708618164062
2022-11-15 09:13:24,705 - INFO: global_step=476719, episodic_return=239.46649169921875
2022-11-15 09:13:24,939 - INFO: global_step=477022, episodic_return=236.3888397216797
2022-11-15 09:13:26,874 - INFO: global_step=478022, episodic_return=112.6507339477539
2022-11-15 09:13:27,281 - INFO: global_step=478394, episodic_return=7.905364990234375
2022-11-15 09:13:28,047 - INFO: global_step=479088, episodic_return=227.639404296875
2022-11-15 09:13:28,372 - INFO: global_step=479424, episodic_return=211.7568359375
2022-11-15 09:13:28,853 - INFO: global_step=479916, episodic_return=224.632568359375
2022-11-15 09:13:30,205 - INFO: global_step=480762, episodic_return=86.69436645507812
2022-11-15 09:13:30,728 - INFO: global_step=481207, episodic_return=200.27960205078125
2022-11-15 09:13:31,187 - INFO: global_step=481658, episodic_return=235.11056518554688
2022-11-15 09:13:31,971 - INFO: global_step=482356, episodic_return=140.33956909179688
2022-11-15 09:13:32,530 - INFO: global_step=482893, episodic_return=243.6338348388672
2022-11-15 09:13:32,781 - INFO: global_step=483240, episodic_return=278.72381591796875
2022-11-15 09:13:33,206 - INFO: global_step=483658, episodic_return=240.01551818847656
2022-11-15 09:13:33,885 - INFO: global_step=484289, episodic_return=245.651611328125
2022-11-15 09:13:34,360 - INFO: global_step=484759, episodic_return=244.43116760253906
2022-11-15 09:13:35,116 - INFO: global_step=485421, episodic_return=162.71458435058594
2022-11-15 09:13:35,452 - INFO: global_step=485829, episodic_return=261.6063537597656
2022-11-15 09:13:35,830 - INFO: global_step=486265, episodic_return=243.11956787109375
2022-11-15 09:13:36,227 - INFO: global_step=486675, episodic_return=251.04502868652344
2022-11-15 09:13:36,742 - INFO: global_step=487152, episodic_return=225.71929931640625
2022-11-15 09:13:36,986 - INFO: global_step=487477, episodic_return=1.8383102416992188
2022-11-15 09:13:37,383 - INFO: global_step=487896, episodic_return=-68.20325469970703
2022-11-15 09:13:37,606 - INFO: global_step=488183, episodic_return=-39.270851135253906
2022-11-15 09:13:37,939 - INFO: global_step=488557, episodic_return=215.18499755859375
2022-11-15 09:13:38,061 - INFO: global_step=488743, episodic_return=-86.84979248046875
2022-11-15 09:13:38,308 - INFO: global_step=489041, episodic_return=-79.97745513916016
2022-11-15 09:13:39,115 - INFO: global_step=489799, episodic_return=-229.8149871826172
2022-11-15 09:13:39,948 - INFO: global_step=490429, episodic_return=154.29769897460938
2022-11-15 09:13:40,984 - INFO: global_step=491130, episodic_return=217.82301330566406
2022-11-15 09:13:42,131 - INFO: global_step=491867, episodic_return=190.85313415527344
2022-11-15 09:13:42,738 - INFO: global_step=492430, episodic_return=148.6909637451172
2022-11-15 09:13:43,611 - INFO: global_step=493219, episodic_return=168.9967803955078
2022-11-15 09:13:45,137 - INFO: global_step=494219, episodic_return=-122.40434265136719
2022-11-15 09:13:47,000 - INFO: global_step=495219, episodic_return=-222.38992309570312
2022-11-15 09:13:48,285 - INFO: global_step=496219, episodic_return=-30.748863220214844
2022-11-15 09:13:50,017 - INFO: global_step=497219, episodic_return=-200.9448699951172
2022-11-15 09:13:51,367 - INFO: global_step=498219, episodic_return=-130.57839965820312
2022-11-15 09:13:52,933 - INFO: global_step=499219, episodic_return=-122.916748046875
2022-11-15 09:13:53,760 - INFO: The average reward of last 20 steps: 12.017486953735352
