2022-11-15 03:35:31,741 - INFO: +--------------------------+----------------+
| Parameter                | Value          |
+--------------------------+----------------+
| exp_name                 | dqn            |
+--------------------------+----------------+
| seed                     | 42             |
+--------------------------+----------------+
| total_timesteps          | 500000         |
+--------------------------+----------------+
| learning_rate            | 0.001          |
+--------------------------+----------------+
| buffer_size              | 2000           |
+--------------------------+----------------+
| gamma                    | 0.982          |
+--------------------------+----------------+
| target_network_frequency | 50             |
+--------------------------+----------------+
| batch_size               | 128            |
+--------------------------+----------------+
| start_e                  | 0.500          |
+--------------------------+----------------+
| end_e                    | 0.010          |
+--------------------------+----------------+
| exploration_fraction     | 0.100          |
+--------------------------+----------------+
| learning_starts          | 10000          |
+--------------------------+----------------+
| train_frequency          | 10             |
+--------------------------+----------------+
| env_id                   | LunarLander-v2 |
+--------------------------+----------------+
2022-11-15 03:35:34,187 - INFO: global_step=117, episodic_return=-522.0361938476562
2022-11-15 03:35:34,209 - INFO: global_step=177, episodic_return=-309.25958251953125
2022-11-15 03:35:34,332 - INFO: global_step=410, episodic_return=-668.8887939453125
2022-11-15 03:35:34,355 - INFO: global_step=480, episodic_return=-446.4344482421875
2022-11-15 03:35:34,374 - INFO: global_step=545, episodic_return=-105.6734390258789
2022-11-15 03:35:34,406 - INFO: global_step=634, episodic_return=-514.1392822265625
2022-11-15 03:35:34,436 - INFO: global_step=709, episodic_return=-484.79461669921875
2022-11-15 03:35:34,465 - INFO: global_step=777, episodic_return=-124.70403289794922
2022-11-15 03:35:34,523 - INFO: global_step=906, episodic_return=-402.9781494140625
2022-11-15 03:35:34,656 - INFO: global_step=1154, episodic_return=-1082.672607421875
2022-11-15 03:35:34,677 - INFO: global_step=1225, episodic_return=-144.3937225341797
2022-11-15 03:35:34,706 - INFO: global_step=1318, episodic_return=-460.80078125
2022-11-15 03:35:34,728 - INFO: global_step=1383, episodic_return=-117.37458801269531
2022-11-15 03:35:34,805 - INFO: global_step=1555, episodic_return=-759.076171875
2022-11-15 03:35:34,835 - INFO: global_step=1622, episodic_return=-503.94647216796875
2022-11-15 03:35:34,908 - INFO: global_step=1779, episodic_return=-492.9421081542969
2022-11-15 03:35:34,932 - INFO: global_step=1848, episodic_return=-527.5887451171875
2022-11-15 03:35:34,962 - INFO: global_step=1939, episodic_return=-414.0477294921875
2022-11-15 03:35:34,982 - INFO: global_step=1999, episodic_return=-206.498046875
2022-11-15 03:35:35,008 - INFO: global_step=2078, episodic_return=-432.89141845703125
2022-11-15 03:35:35,134 - INFO: global_step=2309, episodic_return=-947.538818359375
2022-11-15 03:35:35,167 - INFO: global_step=2393, episodic_return=-371.4239807128906
2022-11-15 03:35:35,195 - INFO: global_step=2458, episodic_return=-116.9808349609375
2022-11-15 03:35:35,219 - INFO: global_step=2516, episodic_return=-90.73992156982422
2022-11-15 03:35:35,258 - INFO: global_step=2628, episodic_return=-548.8125610351562
2022-11-15 03:35:35,309 - INFO: global_step=2770, episodic_return=-575.5487060546875
2022-11-15 03:35:35,324 - INFO: global_step=2828, episodic_return=-116.75801086425781
2022-11-15 03:35:35,383 - INFO: global_step=2935, episodic_return=-501.0921630859375
2022-11-15 03:35:35,420 - INFO: global_step=3019, episodic_return=-352.5914001464844
2022-11-15 03:35:35,453 - INFO: global_step=3102, episodic_return=-520.6593017578125
2022-11-15 03:35:35,481 - INFO: global_step=3176, episodic_return=-216.37051391601562
2022-11-15 03:35:35,518 - INFO: global_step=3262, episodic_return=-358.13214111328125
2022-11-15 03:35:35,543 - INFO: global_step=3325, episodic_return=-484.99395751953125
2022-11-15 03:35:35,569 - INFO: global_step=3404, episodic_return=-202.0760955810547
2022-11-15 03:35:35,742 - INFO: global_step=3716, episodic_return=-1098.5224609375
2022-11-15 03:35:35,799 - INFO: global_step=3839, episodic_return=-729.3026733398438
2022-11-15 03:35:35,829 - INFO: global_step=3912, episodic_return=-239.64215087890625
2022-11-15 03:35:35,855 - INFO: global_step=3989, episodic_return=-153.5086212158203
2022-11-15 03:35:35,872 - INFO: global_step=4044, episodic_return=-122.15875244140625
2022-11-15 03:35:35,890 - INFO: global_step=4105, episodic_return=-378.36151123046875
2022-11-15 03:35:35,929 - INFO: global_step=4209, episodic_return=-267.7933349609375
2022-11-15 03:35:35,960 - INFO: global_step=4291, episodic_return=-538.3856811523438
2022-11-15 03:35:35,997 - INFO: global_step=4386, episodic_return=-399.8883361816406
2022-11-15 03:35:36,042 - INFO: global_step=4490, episodic_return=-585.2655029296875
2022-11-15 03:35:36,091 - INFO: global_step=4593, episodic_return=-133.1837921142578
2022-11-15 03:35:36,158 - INFO: global_step=4739, episodic_return=-164.21331787109375
2022-11-15 03:35:36,186 - INFO: global_step=4821, episodic_return=-358.1849365234375
2022-11-15 03:35:36,207 - INFO: global_step=4883, episodic_return=-112.1413345336914
2022-11-15 03:35:36,231 - INFO: global_step=4959, episodic_return=-467.12591552734375
2022-11-15 03:35:36,299 - INFO: global_step=5107, episodic_return=-674.9461059570312
2022-11-15 03:35:36,353 - INFO: global_step=5222, episodic_return=-654.4420166015625
2022-11-15 03:35:36,392 - INFO: global_step=5317, episodic_return=-197.26541137695312
2022-11-15 03:35:36,430 - INFO: global_step=5396, episodic_return=-503.4799499511719
2022-11-15 03:35:36,486 - INFO: global_step=5502, episodic_return=-376.44720458984375
2022-11-15 03:35:36,574 - INFO: global_step=5656, episodic_return=-749.86181640625
2022-11-15 03:35:36,614 - INFO: global_step=5727, episodic_return=-108.35749816894531
2022-11-15 03:35:36,658 - INFO: global_step=5801, episodic_return=-493.39593505859375
2022-11-15 03:35:36,695 - INFO: global_step=5862, episodic_return=-196.21981811523438
2022-11-15 03:35:36,741 - INFO: global_step=5952, episodic_return=-378.3695373535156
2022-11-15 03:35:36,773 - INFO: global_step=6013, episodic_return=-94.53353881835938
2022-11-15 03:35:36,841 - INFO: global_step=6185, episodic_return=-641.964111328125
2022-11-15 03:35:36,859 - INFO: global_step=6239, episodic_return=-90.76461791992188
2022-11-15 03:35:36,961 - INFO: global_step=6445, episodic_return=-784.1787109375
2022-11-15 03:35:36,989 - INFO: global_step=6501, episodic_return=-345.0682373046875
2022-11-15 03:35:37,081 - INFO: global_step=6647, episodic_return=-805.638671875
2022-11-15 03:35:37,115 - INFO: global_step=6727, episodic_return=-366.44476318359375
2022-11-15 03:35:37,148 - INFO: global_step=6805, episodic_return=-597.441650390625
2022-11-15 03:35:37,187 - INFO: global_step=6906, episodic_return=-410.4288635253906
2022-11-15 03:35:37,226 - INFO: global_step=6985, episodic_return=-303.3616943359375
2022-11-15 03:35:37,275 - INFO: global_step=7085, episodic_return=-435.1456604003906
2022-11-15 03:35:37,327 - INFO: global_step=7206, episodic_return=-359.20892333984375
2022-11-15 03:35:37,518 - INFO: global_step=7499, episodic_return=-1065.899658203125
2022-11-15 03:35:37,541 - INFO: global_step=7559, episodic_return=-126.69090270996094
2022-11-15 03:35:37,588 - INFO: global_step=7648, episodic_return=-539.7353515625
2022-11-15 03:35:37,620 - INFO: global_step=7720, episodic_return=-143.33975219726562
2022-11-15 03:35:37,663 - INFO: global_step=7814, episodic_return=-400.76727294921875
2022-11-15 03:35:37,705 - INFO: global_step=7908, episodic_return=-389.1672058105469
2022-11-15 03:35:37,746 - INFO: global_step=7983, episodic_return=-578.187255859375
2022-11-15 03:35:37,791 - INFO: global_step=8062, episodic_return=-442.8794250488281
2022-11-15 03:35:37,823 - INFO: global_step=8123, episodic_return=-134.84912109375
2022-11-15 03:35:37,856 - INFO: global_step=8181, episodic_return=-451.0092468261719
2022-11-15 03:35:37,894 - INFO: global_step=8247, episodic_return=-118.99948120117188
2022-11-15 03:35:37,942 - INFO: global_step=8327, episodic_return=21.16680908203125
2022-11-15 03:35:37,987 - INFO: global_step=8413, episodic_return=-581.9598999023438
2022-11-15 03:35:38,020 - INFO: global_step=8471, episodic_return=-120.62515258789062
2022-11-15 03:35:38,064 - INFO: global_step=8557, episodic_return=-410.829833984375
2022-11-15 03:35:38,113 - INFO: global_step=8655, episodic_return=-611.25927734375
2022-11-15 03:35:38,134 - INFO: global_step=8718, episodic_return=-114.94488525390625
2022-11-15 03:35:38,232 - INFO: global_step=8917, episodic_return=-720.4923706054688
2022-11-15 03:35:38,259 - INFO: global_step=8982, episodic_return=-64.04435729980469
2022-11-15 03:35:38,325 - INFO: global_step=9131, episodic_return=-427.2138671875
2022-11-15 03:35:38,487 - INFO: global_step=9401, episodic_return=-1372.3125
2022-11-15 03:35:38,524 - INFO: global_step=9472, episodic_return=-216.77215576171875
2022-11-15 03:35:38,554 - INFO: global_step=9533, episodic_return=-107.08982849121094
2022-11-15 03:35:38,581 - INFO: global_step=9591, episodic_return=-170.17819213867188
2022-11-15 03:35:38,659 - INFO: global_step=9731, episodic_return=-592.381591796875
2022-11-15 03:35:38,689 - INFO: global_step=9792, episodic_return=-307.18646240234375
2022-11-15 03:35:38,766 - INFO: global_step=9925, episodic_return=-623.640869140625
2022-11-15 03:35:38,809 - INFO: global_step=10008, episodic_return=-104.11764526367188
2022-11-15 03:35:38,857 - INFO: global_step=10071, episodic_return=-299.867919921875
2022-11-15 03:35:38,899 - INFO: global_step=10144, episodic_return=-351.94964599609375
2022-11-15 03:35:38,964 - INFO: global_step=10250, episodic_return=-371.389404296875
2022-11-15 03:35:38,995 - INFO: global_step=10303, episodic_return=-103.96003723144531
2022-11-15 03:35:39,030 - INFO: global_step=10369, episodic_return=-343.78741455078125
2022-11-15 03:35:39,069 - INFO: global_step=10424, episodic_return=-232.98008728027344
2022-11-15 03:35:39,108 - INFO: global_step=10484, episodic_return=-308.51873779296875
2022-11-15 03:35:39,161 - INFO: global_step=10567, episodic_return=-541.17333984375
2022-11-15 03:35:39,227 - INFO: global_step=10664, episodic_return=-449.0801696777344
2022-11-15 03:35:39,288 - INFO: global_step=10759, episodic_return=-346.3031311035156
2022-11-15 03:35:39,336 - INFO: global_step=10846, episodic_return=-146.82632446289062
2022-11-15 03:35:39,386 - INFO: global_step=10937, episodic_return=-105.67794799804688
2022-11-15 03:35:39,436 - INFO: global_step=11019, episodic_return=-245.4589080810547
2022-11-15 03:35:39,486 - INFO: global_step=11111, episodic_return=-220.47442626953125
2022-11-15 03:35:39,517 - INFO: global_step=11170, episodic_return=-154.90838623046875
2022-11-15 03:35:39,576 - INFO: global_step=11271, episodic_return=-264.1986999511719
2022-11-15 03:35:39,641 - INFO: global_step=11392, episodic_return=-103.41575622558594
2022-11-15 03:35:39,687 - INFO: global_step=11485, episodic_return=-433.596435546875
2022-11-15 03:35:39,811 - INFO: global_step=11656, episodic_return=-198.9549560546875
2022-11-15 03:35:39,848 - INFO: global_step=11711, episodic_return=-122.65745544433594
2022-11-15 03:35:39,889 - INFO: global_step=11773, episodic_return=-94.56019592285156
2022-11-15 03:35:39,926 - INFO: global_step=11834, episodic_return=-57.87067794799805
2022-11-15 03:35:39,963 - INFO: global_step=11902, episodic_return=-0.042510986328125
2022-11-15 03:35:40,054 - INFO: global_step=12054, episodic_return=-125.57644653320312
2022-11-15 03:35:40,117 - INFO: global_step=12149, episodic_return=-193.7845001220703
2022-11-15 03:35:40,167 - INFO: global_step=12229, episodic_return=-310.90252685546875
2022-11-15 03:35:40,217 - INFO: global_step=12307, episodic_return=-167.9456024169922
2022-11-15 03:35:40,259 - INFO: global_step=12388, episodic_return=-139.93177795410156
2022-11-15 03:35:40,314 - INFO: global_step=12501, episodic_return=-82.0903549194336
2022-11-15 03:35:40,386 - INFO: global_step=12620, episodic_return=-266.0175476074219
2022-11-15 03:35:40,487 - INFO: global_step=12738, episodic_return=-434.2365417480469
2022-11-15 03:35:40,564 - INFO: global_step=12856, episodic_return=-272.75616455078125
2022-11-15 03:35:40,616 - INFO: global_step=12961, episodic_return=-194.41372680664062
2022-11-15 03:35:40,695 - INFO: global_step=13102, episodic_return=-38.46171951293945
2022-11-15 03:35:40,759 - INFO: global_step=13211, episodic_return=-448.1528625488281
2022-11-15 03:35:40,834 - INFO: global_step=13347, episodic_return=-204.9005126953125
2022-11-15 03:35:40,861 - INFO: global_step=13404, episodic_return=-107.88172149658203
2022-11-15 03:35:40,907 - INFO: global_step=13498, episodic_return=-114.34158325195312
2022-11-15 03:35:41,045 - INFO: global_step=13687, episodic_return=-258.728759765625
2022-11-15 03:35:41,127 - INFO: global_step=13819, episodic_return=-146.4665069580078
2022-11-15 03:35:41,294 - INFO: global_step=14063, episodic_return=-275.80291748046875
2022-11-15 03:35:41,343 - INFO: global_step=14152, episodic_return=-300.9584045410156
2022-11-15 03:35:41,415 - INFO: global_step=14273, episodic_return=-155.70004272460938
2022-11-15 03:35:41,619 - INFO: global_step=14548, episodic_return=-367.1532897949219
2022-11-15 03:35:41,796 - INFO: global_step=14770, episodic_return=-277.57666015625
2022-11-15 03:35:41,880 - INFO: global_step=14899, episodic_return=-218.55670166015625
2022-11-15 03:35:41,919 - INFO: global_step=14955, episodic_return=-108.41146850585938
2022-11-15 03:35:43,890 - INFO: global_step=15955, episodic_return=-112.22891998291016
2022-11-15 03:35:44,582 - INFO: global_step=16475, episodic_return=-307.80072021484375
2022-11-15 03:35:44,640 - INFO: global_step=16574, episodic_return=-435.50341796875
2022-11-15 03:35:44,786 - INFO: global_step=16784, episodic_return=-67.27395629882812
2022-11-15 03:35:44,920 - INFO: global_step=16980, episodic_return=-309.7273864746094
2022-11-15 03:35:45,082 - INFO: global_step=17183, episodic_return=-229.98268127441406
2022-11-15 03:35:45,170 - INFO: global_step=17323, episodic_return=-110.69767761230469
2022-11-15 03:35:45,295 - INFO: global_step=17495, episodic_return=-310.7749938964844
2022-11-15 03:35:45,529 - INFO: global_step=17770, episodic_return=-195.13357543945312
2022-11-15 03:35:45,618 - INFO: global_step=17893, episodic_return=-124.51101684570312
2022-11-15 03:35:45,708 - INFO: global_step=18003, episodic_return=-165.89163208007812
2022-11-15 03:35:46,018 - INFO: global_step=18339, episodic_return=-376.12738037109375
2022-11-15 03:35:46,076 - INFO: global_step=18428, episodic_return=-428.8164978027344
2022-11-15 03:35:46,189 - INFO: global_step=18576, episodic_return=-271.58721923828125
2022-11-15 03:35:46,256 - INFO: global_step=18681, episodic_return=-296.91973876953125
2022-11-15 03:35:46,320 - INFO: global_step=18785, episodic_return=-313.5187683105469
2022-11-15 03:35:46,419 - INFO: global_step=18924, episodic_return=-466.26214599609375
2022-11-15 03:35:48,005 - INFO: global_step=19924, episodic_return=-276.5914306640625
2022-11-15 03:35:48,102 - INFO: global_step=20057, episodic_return=-213.4709014892578
2022-11-15 03:35:49,941 - INFO: global_step=20986, episodic_return=-354.49871826171875
2022-11-15 03:35:50,015 - INFO: global_step=21093, episodic_return=-124.69174194335938
2022-11-15 03:35:51,549 - INFO: global_step=22006, episodic_return=-254.305419921875
2022-11-15 03:35:52,325 - INFO: global_step=22521, episodic_return=-220.60659790039062
2022-11-15 03:35:52,748 - INFO: global_step=22945, episodic_return=-243.7433624267578
2022-11-15 03:35:53,166 - INFO: global_step=23312, episodic_return=-181.94383239746094
2022-11-15 03:35:55,618 - INFO: global_step=24312, episodic_return=-195.75906372070312
2022-11-15 03:35:57,100 - INFO: global_step=25312, episodic_return=-49.88700485229492
2022-11-15 03:35:57,611 - INFO: global_step=25754, episodic_return=-275.1993103027344
2022-11-15 03:35:57,991 - INFO: global_step=26133, episodic_return=-222.719482421875
2022-11-15 03:35:58,728 - INFO: global_step=26678, episodic_return=-244.2841339111328
2022-11-15 03:35:58,842 - INFO: global_step=26840, episodic_return=-330.65277099609375
2022-11-15 03:35:58,897 - INFO: global_step=26938, episodic_return=-391.5035095214844
2022-11-15 03:35:58,987 - INFO: global_step=27071, episodic_return=-224.93739318847656
2022-11-15 03:36:00,619 - INFO: global_step=28071, episodic_return=-126.9477767944336
2022-11-15 03:36:01,579 - INFO: global_step=28757, episodic_return=-364.9110107421875
2022-11-15 03:36:01,907 - INFO: global_step=29114, episodic_return=-346.27325439453125
2022-11-15 03:36:02,226 - INFO: global_step=29422, episodic_return=-150.9424591064453
2022-11-15 03:36:02,400 - INFO: global_step=29603, episodic_return=-332.9139404296875
2022-11-15 03:36:02,509 - INFO: global_step=29779, episodic_return=-241.24075317382812
2022-11-15 03:36:04,929 - INFO: global_step=30779, episodic_return=-140.9696807861328
2022-11-15 03:36:06,469 - INFO: global_step=31779, episodic_return=-86.68093872070312
2022-11-15 03:36:08,369 - INFO: global_step=32779, episodic_return=-182.89028930664062
2022-11-15 03:36:08,591 - INFO: global_step=33016, episodic_return=-249.4649200439453
2022-11-15 03:36:10,693 - INFO: global_step=34016, episodic_return=-147.21865844726562
2022-11-15 03:36:11,483 - INFO: global_step=34511, episodic_return=-203.87606811523438
2022-11-15 03:36:13,008 - INFO: global_step=35511, episodic_return=-81.85420227050781
2022-11-15 03:36:14,426 - INFO: global_step=36511, episodic_return=-107.75261688232422
2022-11-15 03:36:15,922 - INFO: global_step=37511, episodic_return=-91.5173110961914
2022-11-15 03:36:17,263 - INFO: global_step=38347, episodic_return=-254.68927001953125
2022-11-15 03:36:19,248 - INFO: global_step=39347, episodic_return=-138.93870544433594
2022-11-15 03:36:21,478 - INFO: global_step=40347, episodic_return=-199.98492431640625
2022-11-15 03:36:21,824 - INFO: global_step=40691, episodic_return=-131.4061737060547
2022-11-15 03:36:22,613 - INFO: global_step=41268, episodic_return=-186.78237915039062
2022-11-15 03:36:23,178 - INFO: global_step=41712, episodic_return=-184.19760131835938
2022-11-15 03:36:23,381 - INFO: global_step=41962, episodic_return=-502.478759765625
2022-11-15 03:36:23,963 - INFO: global_step=42362, episodic_return=-556.496337890625
2022-11-15 03:36:24,248 - INFO: global_step=42591, episodic_return=-159.72007751464844
2022-11-15 03:36:24,551 - INFO: global_step=42862, episodic_return=-194.57647705078125
2022-11-15 03:36:25,012 - INFO: global_step=43274, episodic_return=-181.581787109375
2022-11-15 03:36:25,377 - INFO: global_step=43517, episodic_return=-154.81491088867188
2022-11-15 03:36:27,687 - INFO: global_step=44436, episodic_return=-258.8078918457031
2022-11-15 03:36:29,556 - INFO: global_step=45436, episodic_return=-104.30513763427734
2022-11-15 03:36:31,315 - INFO: global_step=46436, episodic_return=-123.65164947509766
2022-11-15 03:36:31,595 - INFO: global_step=46732, episodic_return=-285.6845703125
2022-11-15 03:36:33,732 - INFO: global_step=47732, episodic_return=-132.38223266601562
2022-11-15 03:36:35,174 - INFO: global_step=48732, episodic_return=-141.3443603515625
2022-11-15 03:36:36,873 - INFO: global_step=49732, episodic_return=-122.65454864501953
2022-11-15 03:36:39,695 - INFO: global_step=50732, episodic_return=-101.4894027709961
2022-11-15 03:36:41,477 - INFO: global_step=51732, episodic_return=-134.83761596679688
2022-11-15 03:36:43,020 - INFO: global_step=52732, episodic_return=-118.49681854248047
2022-11-15 03:36:44,579 - INFO: global_step=53732, episodic_return=-148.23617553710938
2022-11-15 03:36:46,410 - INFO: global_step=54732, episodic_return=-110.1944808959961
2022-11-15 03:36:47,828 - INFO: global_step=55675, episodic_return=-270.2100830078125
2022-11-15 03:36:49,103 - INFO: global_step=56356, episodic_return=-235.72409057617188
2022-11-15 03:36:49,639 - INFO: global_step=56856, episodic_return=-194.57431030273438
2022-11-15 03:36:51,640 - INFO: global_step=57856, episodic_return=-156.1345672607422
2022-11-15 03:36:52,976 - INFO: global_step=58856, episodic_return=-124.94642639160156
2022-11-15 03:36:54,240 - INFO: global_step=59856, episodic_return=-115.78118896484375
2022-11-15 03:36:56,065 - INFO: global_step=60856, episodic_return=-170.6682586669922
2022-11-15 03:36:58,533 - INFO: global_step=61856, episodic_return=-175.27316284179688
2022-11-15 03:37:00,346 - INFO: global_step=62856, episodic_return=-132.96163940429688
2022-11-15 03:37:01,624 - INFO: global_step=63856, episodic_return=-108.57693481445312
2022-11-15 03:37:03,127 - INFO: global_step=64856, episodic_return=-107.53826141357422
2022-11-15 03:37:04,712 - INFO: global_step=65856, episodic_return=-117.102783203125
2022-11-15 03:37:06,569 - INFO: global_step=66856, episodic_return=-161.04949951171875
2022-11-15 03:37:07,838 - INFO: global_step=67856, episodic_return=-135.49717712402344
2022-11-15 03:37:09,843 - INFO: global_step=68856, episodic_return=-177.22140502929688
2022-11-15 03:37:11,586 - INFO: global_step=69856, episodic_return=-147.0394744873047
2022-11-15 03:37:14,053 - INFO: global_step=70856, episodic_return=-135.61270141601562
2022-11-15 03:37:15,655 - INFO: global_step=71856, episodic_return=-143.5787811279297
2022-11-15 03:37:17,283 - INFO: global_step=72856, episodic_return=-115.78323364257812
2022-11-15 03:37:18,976 - INFO: global_step=73856, episodic_return=-107.89356994628906
2022-11-15 03:37:20,331 - INFO: global_step=74856, episodic_return=-119.37080383300781
2022-11-15 03:37:22,580 - INFO: global_step=75856, episodic_return=-118.33455657958984
2022-11-15 03:37:24,823 - INFO: global_step=76856, episodic_return=-164.82032775878906
2022-11-15 03:37:27,084 - INFO: global_step=77856, episodic_return=-93.71453857421875
2022-11-15 03:37:28,478 - INFO: global_step=78856, episodic_return=-104.0511245727539
2022-11-15 03:37:29,919 - INFO: global_step=79856, episodic_return=-176.30624389648438
2022-11-15 03:37:31,857 - INFO: global_step=80856, episodic_return=-93.35266876220703
2022-11-15 03:37:33,778 - INFO: global_step=81856, episodic_return=-105.9081802368164
2022-11-15 03:37:35,738 - INFO: global_step=82856, episodic_return=-79.35342407226562
2022-11-15 03:37:37,689 - INFO: global_step=83856, episodic_return=-115.47076416015625
2022-11-15 03:37:39,298 - INFO: global_step=84856, episodic_return=-102.38924407958984
2022-11-15 03:37:41,686 - INFO: global_step=85856, episodic_return=-136.968505859375
2022-11-15 03:37:43,508 - INFO: global_step=86856, episodic_return=-115.14720153808594
2022-11-15 03:37:45,775 - INFO: global_step=87856, episodic_return=-136.7363739013672
2022-11-15 03:37:47,150 - INFO: global_step=88856, episodic_return=-102.94200134277344
2022-11-15 03:37:48,833 - INFO: global_step=89856, episodic_return=-122.46149444580078
2022-11-15 03:37:50,477 - INFO: global_step=90856, episodic_return=-98.41681671142578
2022-11-15 03:37:52,566 - INFO: global_step=91856, episodic_return=-170.84600830078125
2022-11-15 03:37:54,180 - INFO: global_step=92856, episodic_return=-164.17453002929688
2022-11-15 03:37:56,487 - INFO: global_step=93856, episodic_return=-191.25982666015625
2022-11-15 03:37:58,181 - INFO: global_step=94856, episodic_return=-125.9739990234375
2022-11-15 03:38:00,677 - INFO: global_step=95856, episodic_return=-160.44927978515625
2022-11-15 03:38:02,375 - INFO: global_step=96856, episodic_return=-107.63148498535156
2022-11-15 03:38:04,158 - INFO: global_step=97856, episodic_return=-85.8870620727539
2022-11-15 03:38:05,909 - INFO: global_step=98856, episodic_return=-122.54832458496094
2022-11-15 03:38:07,717 - INFO: global_step=99856, episodic_return=-130.1134796142578
2022-11-15 03:38:09,469 - INFO: global_step=100856, episodic_return=-135.833984375
2022-11-15 03:38:11,456 - INFO: global_step=101856, episodic_return=-149.88926696777344
2022-11-15 03:38:13,218 - INFO: global_step=102856, episodic_return=-121.77890014648438
2022-11-15 03:38:15,006 - INFO: global_step=103856, episodic_return=-94.14289855957031
2022-11-15 03:38:16,813 - INFO: global_step=104856, episodic_return=-89.82341003417969
2022-11-15 03:38:18,871 - INFO: global_step=105856, episodic_return=-117.99524688720703
2022-11-15 03:38:21,259 - INFO: global_step=106856, episodic_return=-125.2874755859375
2022-11-15 03:38:23,100 - INFO: global_step=107856, episodic_return=-141.34617614746094
2022-11-15 03:38:26,152 - INFO: global_step=108856, episodic_return=-112.38701629638672
2022-11-15 03:38:27,625 - INFO: global_step=109856, episodic_return=-156.25550842285156
2022-11-15 03:38:29,597 - INFO: global_step=110856, episodic_return=-136.16812133789062
2022-11-15 03:38:31,560 - INFO: global_step=111856, episodic_return=-143.96218872070312
2022-11-15 03:38:32,834 - INFO: global_step=112856, episodic_return=-136.90545654296875
2022-11-15 03:38:34,474 - INFO: global_step=113856, episodic_return=-127.95670318603516
2022-11-15 03:38:36,022 - INFO: global_step=114856, episodic_return=-186.11546325683594
2022-11-15 03:38:38,151 - INFO: global_step=115856, episodic_return=-124.9686279296875
2022-11-15 03:38:39,532 - INFO: global_step=116856, episodic_return=-141.1558837890625
2022-11-15 03:38:41,278 - INFO: global_step=117856, episodic_return=-139.03964233398438
2022-11-15 03:38:42,824 - INFO: global_step=118856, episodic_return=-202.21498107910156
2022-11-15 03:38:44,688 - INFO: global_step=119856, episodic_return=-152.26023864746094
2022-11-15 03:38:46,063 - INFO: global_step=120653, episodic_return=-238.01202392578125
2022-11-15 03:38:48,437 - INFO: global_step=121653, episodic_return=-108.4607162475586
2022-11-15 03:38:50,941 - INFO: global_step=122653, episodic_return=-119.8413314819336
2022-11-15 03:38:52,610 - INFO: global_step=123653, episodic_return=-131.49197387695312
2022-11-15 03:38:55,036 - INFO: global_step=124653, episodic_return=-127.52320861816406
2022-11-15 03:38:57,319 - INFO: global_step=125653, episodic_return=-100.62788391113281
2022-11-15 03:38:59,056 - INFO: global_step=126653, episodic_return=-109.6961898803711
2022-11-15 03:39:01,735 - INFO: global_step=127653, episodic_return=-90.84500122070312
2022-11-15 03:39:02,963 - INFO: global_step=128653, episodic_return=-107.54629516601562
2022-11-15 03:39:04,966 - INFO: global_step=129653, episodic_return=-124.96800994873047
2022-11-15 03:39:07,092 - INFO: global_step=130653, episodic_return=-82.82205963134766
2022-11-15 03:39:08,932 - INFO: global_step=131653, episodic_return=-107.2469253540039
2022-11-15 03:39:10,586 - INFO: global_step=132653, episodic_return=-143.846435546875
2022-11-15 03:39:12,760 - INFO: global_step=133653, episodic_return=-143.02145385742188
2022-11-15 03:39:15,042 - INFO: global_step=134653, episodic_return=-106.41704559326172
2022-11-15 03:39:16,483 - INFO: global_step=135653, episodic_return=-117.53531646728516
2022-11-15 03:39:18,416 - INFO: global_step=136653, episodic_return=-97.60758209228516
2022-11-15 03:39:20,790 - INFO: global_step=137653, episodic_return=-165.357421875
2022-11-15 03:39:22,788 - INFO: global_step=138653, episodic_return=-117.77100372314453
2022-11-15 03:39:24,889 - INFO: global_step=139653, episodic_return=-124.35736846923828
2022-11-15 03:39:26,586 - INFO: global_step=140653, episodic_return=-79.8521728515625
2022-11-15 03:39:28,561 - INFO: global_step=141653, episodic_return=-109.82596588134766
2022-11-15 03:39:30,715 - INFO: global_step=142653, episodic_return=-116.33411407470703
2022-11-15 03:39:32,338 - INFO: global_step=143653, episodic_return=-137.24920654296875
2022-11-15 03:39:33,669 - INFO: global_step=144653, episodic_return=-109.51990509033203
2022-11-15 03:39:35,394 - INFO: global_step=145653, episodic_return=-103.19596862792969
2022-11-15 03:39:37,322 - INFO: global_step=146653, episodic_return=-157.36756896972656
2022-11-15 03:39:39,283 - INFO: global_step=147653, episodic_return=-123.20225524902344
2022-11-15 03:39:41,231 - INFO: global_step=148653, episodic_return=-125.68429565429688
2022-11-15 03:39:43,328 - INFO: global_step=149653, episodic_return=-160.23020935058594
2022-11-15 03:39:45,402 - INFO: global_step=150653, episodic_return=-163.0546417236328
2022-11-15 03:39:47,746 - INFO: global_step=151653, episodic_return=-108.82007598876953
2022-11-15 03:39:49,651 - INFO: global_step=152653, episodic_return=-112.99170684814453
2022-11-15 03:39:51,420 - INFO: global_step=153653, episodic_return=-153.3582763671875
2022-11-15 03:39:54,086 - INFO: global_step=154653, episodic_return=-135.6017303466797
2022-11-15 03:39:56,345 - INFO: global_step=155653, episodic_return=-65.94771575927734
2022-11-15 03:39:58,554 - INFO: global_step=156653, episodic_return=-100.1097183227539
2022-11-15 03:40:00,519 - INFO: global_step=157653, episodic_return=-139.16136169433594
2022-11-15 03:40:02,458 - INFO: global_step=158653, episodic_return=-65.85575103759766
2022-11-15 03:40:04,058 - INFO: global_step=159653, episodic_return=-102.09317779541016
2022-11-15 03:40:05,858 - INFO: global_step=160653, episodic_return=-132.59130859375
2022-11-15 03:40:07,590 - INFO: global_step=161653, episodic_return=-126.93999481201172
2022-11-15 03:40:09,711 - INFO: global_step=162653, episodic_return=-101.93020629882812
2022-11-15 03:40:11,169 - INFO: global_step=163653, episodic_return=-130.37960815429688
2022-11-15 03:40:13,446 - INFO: global_step=164653, episodic_return=-131.99612426757812
2022-11-15 03:40:14,875 - INFO: global_step=165653, episodic_return=-140.1527099609375
2022-11-15 03:40:17,827 - INFO: global_step=166653, episodic_return=-93.312744140625
2022-11-15 03:40:19,878 - INFO: global_step=167653, episodic_return=-143.53396606445312
2022-11-15 03:40:22,137 - INFO: global_step=168653, episodic_return=-108.48068237304688
2022-11-15 03:40:23,983 - INFO: global_step=169653, episodic_return=-117.85144805908203
2022-11-15 03:40:25,943 - INFO: global_step=170566, episodic_return=-255.25045776367188
2022-11-15 03:40:28,494 - INFO: global_step=171566, episodic_return=-138.446533203125
2022-11-15 03:40:30,790 - INFO: global_step=172566, episodic_return=-84.32596588134766
2022-11-15 03:40:32,897 - INFO: global_step=173566, episodic_return=-69.83003234863281
2022-11-15 03:40:34,771 - INFO: global_step=174566, episodic_return=-156.57675170898438
2022-11-15 03:40:37,005 - INFO: global_step=175566, episodic_return=-155.36019897460938
2022-11-15 03:40:39,128 - INFO: global_step=176566, episodic_return=-97.86549377441406
2022-11-15 03:40:41,349 - INFO: global_step=177566, episodic_return=-105.25826263427734
2022-11-15 03:40:42,965 - INFO: global_step=178566, episodic_return=-87.23409271240234
2022-11-15 03:40:44,438 - INFO: global_step=179566, episodic_return=-116.85296630859375
2022-11-15 03:40:46,761 - INFO: global_step=180566, episodic_return=-70.70073699951172
2022-11-15 03:40:48,864 - INFO: global_step=181566, episodic_return=-98.32523345947266
2022-11-15 03:40:51,114 - INFO: global_step=182566, episodic_return=-66.47174835205078
2022-11-15 03:40:52,554 - INFO: global_step=183566, episodic_return=-125.82219696044922
2022-11-15 03:40:54,376 - INFO: global_step=184566, episodic_return=-162.40933227539062
2022-11-15 03:40:56,342 - INFO: global_step=185566, episodic_return=-132.1875
2022-11-15 03:40:58,018 - INFO: global_step=186566, episodic_return=-94.19120788574219
2022-11-15 03:40:59,983 - INFO: global_step=187566, episodic_return=-120.0063705444336
2022-11-15 03:41:02,151 - INFO: global_step=188566, episodic_return=-89.5506820678711
2022-11-15 03:41:04,368 - INFO: global_step=189566, episodic_return=-131.20240783691406
2022-11-15 03:41:06,225 - INFO: global_step=190566, episodic_return=-127.39787292480469
2022-11-15 03:41:08,652 - INFO: global_step=191566, episodic_return=-139.91102600097656
2022-11-15 03:41:11,546 - INFO: global_step=192566, episodic_return=-171.19862365722656
2022-11-15 03:41:13,820 - INFO: global_step=193566, episodic_return=-134.91888427734375
2022-11-15 03:41:15,565 - INFO: global_step=194566, episodic_return=-60.541786193847656
2022-11-15 03:41:15,694 - INFO: global_step=194709, episodic_return=-142.33934020996094
2022-11-15 03:41:18,176 - INFO: global_step=195709, episodic_return=-170.3414306640625
2022-11-15 03:41:19,928 - INFO: global_step=196709, episodic_return=-99.18553161621094
2022-11-15 03:41:20,066 - INFO: global_step=196837, episodic_return=-132.86228942871094
2022-11-15 03:41:21,947 - INFO: global_step=197837, episodic_return=-125.45521545410156
2022-11-15 03:41:22,179 - INFO: global_step=198101, episodic_return=-131.168212890625
2022-11-15 03:41:23,745 - INFO: global_step=198822, episodic_return=-215.72451782226562
2022-11-15 03:41:24,892 - INFO: global_step=199544, episodic_return=-217.24429321289062
2022-11-15 03:41:25,947 - INFO: global_step=200168, episodic_return=-237.2760467529297
2022-11-15 03:41:26,758 - INFO: global_step=200680, episodic_return=-208.41513061523438
2022-11-15 03:41:27,808 - INFO: global_step=201227, episodic_return=-145.4254608154297
2022-11-15 03:41:28,011 - INFO: global_step=201422, episodic_return=-148.4978485107422
2022-11-15 03:41:28,977 - INFO: global_step=202041, episodic_return=-210.44952392578125
2022-11-15 03:41:30,011 - INFO: global_step=202603, episodic_return=-224.7763214111328
2022-11-15 03:41:30,516 - INFO: global_step=203025, episodic_return=-200.0405731201172
2022-11-15 03:41:32,005 - INFO: global_step=203876, episodic_return=-266.4200439453125
2022-11-15 03:41:32,930 - INFO: global_step=204479, episodic_return=-270.5520935058594
2022-11-15 03:41:34,565 - INFO: global_step=205479, episodic_return=-145.87234497070312
2022-11-15 03:41:35,746 - INFO: global_step=206110, episodic_return=-234.8048095703125
2022-11-15 03:41:36,400 - INFO: global_step=206542, episodic_return=-231.7637481689453
2022-11-15 03:41:38,259 - INFO: global_step=207542, episodic_return=-113.74685668945312
2022-11-15 03:41:40,770 - INFO: global_step=208542, episodic_return=-194.8609161376953
2022-11-15 03:41:41,533 - INFO: global_step=209139, episodic_return=-206.2724151611328
2022-11-15 03:41:43,439 - INFO: global_step=210139, episodic_return=-180.43983459472656
2022-11-15 03:41:43,655 - INFO: global_step=210359, episodic_return=-193.12889099121094
2022-11-15 03:41:45,174 - INFO: global_step=211302, episodic_return=-275.9377746582031
2022-11-15 03:41:47,251 - INFO: global_step=212302, episodic_return=-170.61184692382812
2022-11-15 03:41:48,995 - INFO: global_step=213302, episodic_return=-130.4025115966797
2022-11-15 03:41:50,775 - INFO: global_step=214302, episodic_return=-131.81256103515625
2022-11-15 03:41:52,359 - INFO: global_step=215302, episodic_return=-121.08356475830078
2022-11-15 03:41:53,639 - INFO: global_step=216302, episodic_return=-90.74137115478516
2022-11-15 03:41:55,430 - INFO: global_step=217302, episodic_return=-89.21002197265625
2022-11-15 03:41:57,264 - INFO: global_step=218302, episodic_return=-139.05880737304688
2022-11-15 03:41:58,120 - INFO: global_step=218923, episodic_return=-204.21163940429688
2022-11-15 03:41:59,844 - INFO: global_step=219923, episodic_return=-152.92991638183594
2022-11-15 03:42:01,451 - INFO: global_step=220923, episodic_return=-115.13446807861328
2022-11-15 03:42:03,472 - INFO: global_step=221923, episodic_return=-161.82591247558594
2022-11-15 03:42:05,190 - INFO: global_step=222923, episodic_return=-144.10389709472656
2022-11-15 03:42:06,903 - INFO: global_step=223923, episodic_return=-99.22199249267578
2022-11-15 03:42:07,323 - INFO: global_step=224296, episodic_return=-155.05877685546875
2022-11-15 03:42:08,792 - INFO: global_step=225296, episodic_return=-140.0316925048828
2022-11-15 03:42:10,497 - INFO: global_step=226296, episodic_return=-112.177734375
2022-11-15 03:42:12,353 - INFO: global_step=227296, episodic_return=-100.28276824951172
2022-11-15 03:42:12,985 - INFO: global_step=227624, episodic_return=-143.9493865966797
2022-11-15 03:42:14,317 - INFO: global_step=228624, episodic_return=-96.5179672241211
2022-11-15 03:42:16,373 - INFO: global_step=229624, episodic_return=-118.76773071289062
2022-11-15 03:42:18,023 - INFO: global_step=230624, episodic_return=-94.6714859008789
2022-11-15 03:42:19,714 - INFO: global_step=231624, episodic_return=-106.37864685058594
2022-11-15 03:42:21,716 - INFO: global_step=232624, episodic_return=-95.7831039428711
2022-11-15 03:42:23,168 - INFO: global_step=233624, episodic_return=-170.8650665283203
2022-11-15 03:42:25,820 - INFO: global_step=234624, episodic_return=-118.81509399414062
2022-11-15 03:42:26,453 - INFO: global_step=234917, episodic_return=-145.52944946289062
2022-11-15 03:42:27,415 - INFO: global_step=235484, episodic_return=-183.9121856689453
2022-11-15 03:42:29,897 - INFO: global_step=236484, episodic_return=-155.8582763671875
2022-11-15 03:42:31,892 - INFO: global_step=237484, episodic_return=-143.1502685546875
2022-11-15 03:42:32,253 - INFO: global_step=237835, episodic_return=-163.29061889648438
2022-11-15 03:42:32,400 - INFO: global_step=238010, episodic_return=-136.65542602539062
2022-11-15 03:42:33,503 - INFO: global_step=238745, episodic_return=-289.0657653808594
2022-11-15 03:42:33,824 - INFO: global_step=239075, episodic_return=-188.53585815429688
2022-11-15 03:42:34,784 - INFO: global_step=239743, episodic_return=-250.61444091796875
2022-11-15 03:42:36,311 - INFO: global_step=240743, episodic_return=-151.05734252929688
2022-11-15 03:42:37,954 - INFO: global_step=241743, episodic_return=-138.51889038085938
2022-11-15 03:42:40,455 - INFO: global_step=242743, episodic_return=-132.3626251220703
2022-11-15 03:42:42,319 - INFO: global_step=243743, episodic_return=-150.0712127685547
2022-11-15 03:42:44,058 - INFO: global_step=244743, episodic_return=-130.4344024658203
2022-11-15 03:42:45,551 - INFO: global_step=245743, episodic_return=-95.82752227783203
2022-11-15 03:42:47,148 - INFO: global_step=246743, episodic_return=-154.9412841796875
2022-11-15 03:42:48,589 - INFO: global_step=247743, episodic_return=-109.6874008178711
2022-11-15 03:42:50,283 - INFO: global_step=248743, episodic_return=-67.69938659667969
2022-11-15 03:42:52,753 - INFO: global_step=249743, episodic_return=-114.6686782836914
2022-11-15 03:42:54,587 - INFO: global_step=250743, episodic_return=-101.76814270019531
2022-11-15 03:42:56,423 - INFO: global_step=251743, episodic_return=-74.07923126220703
2022-11-15 03:42:59,086 - INFO: global_step=252743, episodic_return=-89.47360229492188
2022-11-15 03:43:00,850 - INFO: global_step=253743, episodic_return=-93.12433624267578
2022-11-15 03:43:02,690 - INFO: global_step=254743, episodic_return=-56.783172607421875
2022-11-15 03:43:02,856 - INFO: global_step=254910, episodic_return=-67.21099853515625
2022-11-15 03:43:04,894 - INFO: global_step=255910, episodic_return=-79.1835708618164
2022-11-15 03:43:06,557 - INFO: global_step=256910, episodic_return=-64.29783630371094
2022-11-15 03:43:08,391 - INFO: global_step=257910, episodic_return=-34.76396179199219
2022-11-15 03:43:09,783 - INFO: global_step=258910, episodic_return=-87.55860137939453
2022-11-15 03:43:11,281 - INFO: global_step=259910, episodic_return=-95.0308609008789
2022-11-15 03:43:12,948 - INFO: global_step=260910, episodic_return=-47.44609451293945
2022-11-15 03:43:14,965 - INFO: global_step=261910, episodic_return=-38.426605224609375
2022-11-15 03:43:17,260 - INFO: global_step=262910, episodic_return=-107.48980712890625
2022-11-15 03:43:19,645 - INFO: global_step=263910, episodic_return=-125.39816284179688
2022-11-15 03:43:21,105 - INFO: global_step=264910, episodic_return=-143.6351318359375
2022-11-15 03:43:21,266 - INFO: global_step=265080, episodic_return=-123.37646484375
2022-11-15 03:43:23,732 - INFO: global_step=266080, episodic_return=-106.98997497558594
2022-11-15 03:43:25,507 - INFO: global_step=267080, episodic_return=-137.96890258789062
2022-11-15 03:43:27,459 - INFO: global_step=268080, episodic_return=-101.0685043334961
2022-11-15 03:43:29,188 - INFO: global_step=269080, episodic_return=-102.52854919433594
2022-11-15 03:43:31,370 - INFO: global_step=270080, episodic_return=-22.474050521850586
2022-11-15 03:43:34,159 - INFO: global_step=271080, episodic_return=-137.91481018066406
2022-11-15 03:43:36,209 - INFO: global_step=272080, episodic_return=-99.19026947021484
2022-11-15 03:43:38,174 - INFO: global_step=273080, episodic_return=-114.56468200683594
2022-11-15 03:43:39,947 - INFO: global_step=274080, episodic_return=-130.74575805664062
2022-11-15 03:43:41,768 - INFO: global_step=275080, episodic_return=-44.48543930053711
2022-11-15 03:43:42,958 - INFO: global_step=275728, episodic_return=-203.04940795898438
2022-11-15 03:43:43,777 - INFO: global_step=276288, episodic_return=-208.16958618164062
2022-11-15 03:43:45,782 - INFO: global_step=277288, episodic_return=-120.0992431640625
2022-11-15 03:43:47,484 - INFO: global_step=278288, episodic_return=-94.9849624633789
2022-11-15 03:43:49,736 - INFO: global_step=279288, episodic_return=-84.3357925415039
2022-11-15 03:43:50,312 - INFO: global_step=279753, episodic_return=-225.77914428710938
2022-11-15 03:43:52,241 - INFO: global_step=280753, episodic_return=-89.30752563476562
2022-11-15 03:43:54,839 - INFO: global_step=281753, episodic_return=-102.91471862792969
2022-11-15 03:43:55,638 - INFO: global_step=282350, episodic_return=-213.01522827148438
2022-11-15 03:43:56,875 - INFO: global_step=283128, episodic_return=-233.98184204101562
2022-11-15 03:43:58,435 - INFO: global_step=284128, episodic_return=-137.6123809814453
2022-11-15 03:44:01,235 - INFO: global_step=285128, episodic_return=-91.21479034423828
2022-11-15 03:44:03,275 - INFO: global_step=286128, episodic_return=-127.9326400756836
2022-11-15 03:44:04,726 - INFO: global_step=287128, episodic_return=-91.92677307128906
2022-11-15 03:44:07,077 - INFO: global_step=288128, episodic_return=-70.9938735961914
2022-11-15 03:44:08,862 - INFO: global_step=289128, episodic_return=-134.86692810058594
2022-11-15 03:44:11,621 - INFO: global_step=290128, episodic_return=-79.71719360351562
2022-11-15 03:44:12,820 - INFO: global_step=291081, episodic_return=-225.02493286132812
2022-11-15 03:44:14,339 - INFO: global_step=292041, episodic_return=-227.72256469726562
2022-11-15 03:44:15,840 - INFO: global_step=293041, episodic_return=-95.13758087158203
2022-11-15 03:44:18,277 - INFO: global_step=294041, episodic_return=-115.0026626586914
2022-11-15 03:44:20,094 - INFO: global_step=295041, episodic_return=-163.09230041503906
2022-11-15 03:44:20,255 - INFO: global_step=295181, episodic_return=-97.8387680053711
2022-11-15 03:44:20,872 - INFO: global_step=295620, episodic_return=-175.75267028808594
2022-11-15 03:44:22,938 - INFO: global_step=296620, episodic_return=-98.33670043945312
2022-11-15 03:44:25,260 - INFO: global_step=297608, episodic_return=-210.98477172851562
2022-11-15 03:44:27,002 - INFO: global_step=298608, episodic_return=-97.71991729736328
2022-11-15 03:44:28,164 - INFO: global_step=299278, episodic_return=-154.83575439453125
2022-11-15 03:44:29,923 - INFO: global_step=300278, episodic_return=-56.1136589050293
2022-11-15 03:44:31,482 - INFO: global_step=301278, episodic_return=-140.9735870361328
2022-11-15 03:44:32,489 - INFO: global_step=302096, episodic_return=-169.3700408935547
2022-11-15 03:44:32,601 - INFO: global_step=302221, episodic_return=-207.86183166503906
2022-11-15 03:44:32,690 - INFO: global_step=302336, episodic_return=-179.63937377929688
2022-11-15 03:44:33,245 - INFO: global_step=302794, episodic_return=-102.05065155029297
2022-11-15 03:44:33,841 - INFO: global_step=303253, episodic_return=-154.49085998535156
2022-11-15 03:44:34,110 - INFO: global_step=303513, episodic_return=-199.4794921875
2022-11-15 03:44:35,679 - INFO: global_step=304505, episodic_return=-212.59814453125
2022-11-15 03:44:36,104 - INFO: global_step=304884, episodic_return=-112.46299743652344
2022-11-15 03:44:37,781 - INFO: global_step=305884, episodic_return=-85.56361389160156
2022-11-15 03:44:38,349 - INFO: global_step=306369, episodic_return=-204.27365112304688
2022-11-15 03:44:40,024 - INFO: global_step=307351, episodic_return=-358.9200439453125
2022-11-15 03:44:40,145 - INFO: global_step=307488, episodic_return=-121.32022857666016
2022-11-15 03:44:41,952 - INFO: global_step=308488, episodic_return=-119.27259826660156
2022-11-15 03:44:43,954 - INFO: global_step=309488, episodic_return=-134.77830505371094
2022-11-15 03:44:45,895 - INFO: global_step=310488, episodic_return=-58.30575942993164
2022-11-15 03:44:47,491 - INFO: global_step=311488, episodic_return=-99.7829818725586
2022-11-15 03:44:49,479 - INFO: global_step=312488, episodic_return=-122.61676025390625
2022-11-15 03:44:51,656 - INFO: global_step=313488, episodic_return=-54.78081512451172
2022-11-15 03:44:53,724 - INFO: global_step=314488, episodic_return=-73.41668701171875
2022-11-15 03:44:55,169 - INFO: global_step=315488, episodic_return=-25.296871185302734
2022-11-15 03:44:55,267 - INFO: global_step=315623, episodic_return=-101.81317901611328
2022-11-15 03:44:57,183 - INFO: global_step=316623, episodic_return=-78.0838394165039
2022-11-15 03:44:58,799 - INFO: global_step=317623, episodic_return=-60.8556022644043
2022-11-15 03:45:00,627 - INFO: global_step=318623, episodic_return=-76.8233642578125
2022-11-15 03:45:02,810 - INFO: global_step=319623, episodic_return=-124.32166290283203
2022-11-15 03:45:04,795 - INFO: global_step=320623, episodic_return=-120.1975326538086
2022-11-15 03:45:06,699 - INFO: global_step=321623, episodic_return=-108.41841125488281
2022-11-15 03:45:08,687 - INFO: global_step=322623, episodic_return=-87.49698638916016
2022-11-15 03:45:10,869 - INFO: global_step=323623, episodic_return=-117.15632629394531
2022-11-15 03:45:12,706 - INFO: global_step=324623, episodic_return=-65.9665756225586
2022-11-15 03:45:15,126 - INFO: global_step=325623, episodic_return=-100.57424926757812
2022-11-15 03:45:17,166 - INFO: global_step=326454, episodic_return=-232.2220001220703
2022-11-15 03:45:18,700 - INFO: global_step=327454, episodic_return=-35.46037673950195
2022-11-15 03:45:20,952 - INFO: global_step=328454, episodic_return=-113.9398193359375
2022-11-15 03:45:22,600 - INFO: global_step=329454, episodic_return=-111.49443817138672
2022-11-15 03:45:24,468 - INFO: global_step=330454, episodic_return=-102.64569091796875
2022-11-15 03:45:26,263 - INFO: global_step=331454, episodic_return=-28.8264102935791
2022-11-15 03:45:28,615 - INFO: global_step=332454, episodic_return=-94.00255584716797
2022-11-15 03:45:30,081 - INFO: global_step=333454, episodic_return=-31.657054901123047
2022-11-15 03:45:32,236 - INFO: global_step=334454, episodic_return=-115.15937042236328
2022-11-15 03:45:33,784 - INFO: global_step=335454, episodic_return=-112.22982788085938
2022-11-15 03:45:35,929 - INFO: global_step=336454, episodic_return=-109.28672790527344
2022-11-15 03:45:37,638 - INFO: global_step=337340, episodic_return=-238.4232940673828
2022-11-15 03:45:39,985 - INFO: global_step=338340, episodic_return=-121.66719818115234
2022-11-15 03:45:42,606 - INFO: global_step=339340, episodic_return=-104.09294891357422
2022-11-15 03:45:45,103 - INFO: global_step=340340, episodic_return=-95.13227844238281
2022-11-15 03:45:46,919 - INFO: global_step=341340, episodic_return=-28.31591796875
2022-11-15 03:45:48,266 - INFO: global_step=342340, episodic_return=-85.1639633178711
2022-11-15 03:45:49,943 - INFO: global_step=343340, episodic_return=-67.56584167480469
2022-11-15 03:45:51,838 - INFO: global_step=344340, episodic_return=-101.78182220458984
2022-11-15 03:45:53,170 - INFO: global_step=345340, episodic_return=-59.8086051940918
2022-11-15 03:45:55,084 - INFO: global_step=346340, episodic_return=-136.71929931640625
2022-11-15 03:45:57,223 - INFO: global_step=347340, episodic_return=-85.09649658203125
2022-11-15 03:45:59,177 - INFO: global_step=348340, episodic_return=-53.97411346435547
2022-11-15 03:46:01,221 - INFO: global_step=349340, episodic_return=-130.64810180664062
2022-11-15 03:46:03,184 - INFO: global_step=350340, episodic_return=-89.18547821044922
2022-11-15 03:46:06,016 - INFO: global_step=351340, episodic_return=-45.42381286621094
2022-11-15 03:46:08,077 - INFO: global_step=352340, episodic_return=-113.6187973022461
2022-11-15 03:46:10,034 - INFO: global_step=353340, episodic_return=-102.50154113769531
2022-11-15 03:46:12,379 - INFO: global_step=354340, episodic_return=-86.4740219116211
2022-11-15 03:46:13,773 - INFO: global_step=355340, episodic_return=22.747310638427734
2022-11-15 03:46:15,360 - INFO: global_step=356340, episodic_return=-66.07687377929688
2022-11-15 03:46:17,009 - INFO: global_step=357340, episodic_return=-68.43810272216797
2022-11-15 03:46:19,134 - INFO: global_step=358340, episodic_return=-125.03353881835938
2022-11-15 03:46:20,574 - INFO: global_step=359340, episodic_return=-54.112857818603516
2022-11-15 03:46:22,559 - INFO: global_step=360340, episodic_return=-63.11372756958008
2022-11-15 03:46:24,247 - INFO: global_step=361340, episodic_return=-66.81695556640625
2022-11-15 03:46:26,021 - INFO: global_step=362340, episodic_return=-93.20384979248047
2022-11-15 03:46:28,086 - INFO: global_step=363340, episodic_return=-103.6557388305664
2022-11-15 03:46:28,287 - INFO: global_step=363511, episodic_return=-123.03514862060547
2022-11-15 03:46:30,169 - INFO: global_step=364511, episodic_return=-69.98925018310547
2022-11-15 03:46:31,903 - INFO: global_step=365511, episodic_return=-49.37881851196289
2022-11-15 03:46:33,615 - INFO: global_step=366511, episodic_return=-65.98758697509766
2022-11-15 03:46:35,371 - INFO: global_step=367511, episodic_return=-58.05418395996094
2022-11-15 03:46:35,639 - INFO: global_step=367740, episodic_return=-137.04702758789062
2022-11-15 03:46:37,240 - INFO: global_step=368740, episodic_return=-126.64937591552734
2022-11-15 03:46:38,812 - INFO: global_step=369740, episodic_return=-35.73378372192383
2022-11-15 03:46:38,975 - INFO: global_step=369899, episodic_return=-110.79243469238281
2022-11-15 03:46:41,237 - INFO: global_step=370899, episodic_return=-124.09193420410156
2022-11-15 03:46:43,131 - INFO: global_step=371899, episodic_return=-104.35029602050781
2022-11-15 03:46:43,524 - INFO: global_step=372241, episodic_return=-157.66268920898438
2022-11-15 03:46:43,655 - INFO: global_step=372395, episodic_return=-109.0874252319336
2022-11-15 03:46:46,091 - INFO: global_step=373395, episodic_return=-72.1478042602539
2022-11-15 03:46:48,297 - INFO: global_step=374395, episodic_return=-116.55831146240234
2022-11-15 03:46:50,041 - INFO: global_step=375395, episodic_return=-60.16579818725586
2022-11-15 03:46:51,417 - INFO: global_step=376395, episodic_return=-83.5659408569336
2022-11-15 03:46:51,511 - INFO: global_step=376518, episodic_return=-126.48334503173828
2022-11-15 03:46:53,449 - INFO: global_step=377518, episodic_return=-110.76019287109375
2022-11-15 03:46:55,276 - INFO: global_step=378518, episodic_return=-49.67926025390625
2022-11-15 03:46:56,703 - INFO: global_step=379500, episodic_return=-229.5872344970703
2022-11-15 03:46:58,326 - INFO: global_step=380500, episodic_return=-53.13797378540039
2022-11-15 03:47:00,065 - INFO: global_step=381500, episodic_return=-93.8905029296875
2022-11-15 03:47:01,835 - INFO: global_step=382500, episodic_return=-139.885009765625
2022-11-15 03:47:01,994 - INFO: global_step=382710, episodic_return=-89.03427124023438
2022-11-15 03:47:02,440 - INFO: global_step=383087, episodic_return=-113.8915023803711
2022-11-15 03:47:02,543 - INFO: global_step=383213, episodic_return=-152.60833740234375
2022-11-15 03:47:03,179 - INFO: global_step=383700, episodic_return=-214.02133178710938
2022-11-15 03:47:04,520 - INFO: global_step=384700, episodic_return=-98.70528411865234
2022-11-15 03:47:06,172 - INFO: global_step=385700, episodic_return=-147.0878448486328
2022-11-15 03:47:07,635 - INFO: global_step=386700, episodic_return=-130.88404846191406
2022-11-15 03:47:10,281 - INFO: global_step=387700, episodic_return=-111.84638214111328
2022-11-15 03:47:12,364 - INFO: global_step=388700, episodic_return=-67.61759185791016
2022-11-15 03:47:14,819 - INFO: global_step=389700, episodic_return=-112.3086929321289
2022-11-15 03:47:16,615 - INFO: global_step=390700, episodic_return=-149.0389404296875
2022-11-15 03:47:18,255 - INFO: global_step=391700, episodic_return=-83.72344207763672
2022-11-15 03:47:19,838 - INFO: global_step=392700, episodic_return=-123.46182250976562
2022-11-15 03:47:21,878 - INFO: global_step=393700, episodic_return=-79.58100891113281
2022-11-15 03:47:22,019 - INFO: global_step=393872, episodic_return=-115.12962341308594
2022-11-15 03:47:24,326 - INFO: global_step=394872, episodic_return=-133.27320861816406
2022-11-15 03:47:24,675 - INFO: global_step=395204, episodic_return=-116.06629943847656
2022-11-15 03:47:26,554 - INFO: global_step=396204, episodic_return=-72.13419342041016
2022-11-15 03:47:28,366 - INFO: global_step=397204, episodic_return=-93.5247573852539
2022-11-15 03:47:29,992 - INFO: global_step=398204, episodic_return=-82.12459564208984
2022-11-15 03:47:30,121 - INFO: global_step=398357, episodic_return=-123.0113296508789
2022-11-15 03:47:30,326 - INFO: global_step=398608, episodic_return=-125.87434387207031
2022-11-15 03:47:31,938 - INFO: global_step=399608, episodic_return=-104.9876708984375
2022-11-15 03:47:33,486 - INFO: global_step=400608, episodic_return=-107.25586700439453
2022-11-15 03:47:35,089 - INFO: global_step=401608, episodic_return=-123.06328582763672
2022-11-15 03:47:35,474 - INFO: global_step=401955, episodic_return=-180.56558227539062
2022-11-15 03:47:37,248 - INFO: global_step=402955, episodic_return=-124.59038543701172
2022-11-15 03:47:37,657 - INFO: global_step=403290, episodic_return=-94.05882263183594
2022-11-15 03:47:39,547 - INFO: global_step=404290, episodic_return=-152.90306091308594
2022-11-15 03:47:39,779 - INFO: global_step=404457, episodic_return=-137.60968017578125
2022-11-15 03:47:41,534 - INFO: global_step=405457, episodic_return=-108.44172668457031
2022-11-15 03:47:43,553 - INFO: global_step=406457, episodic_return=-19.65874671936035
2022-11-15 03:47:45,658 - INFO: global_step=407457, episodic_return=-116.44194793701172
2022-11-15 03:47:45,946 - INFO: global_step=407739, episodic_return=-121.59013366699219
2022-11-15 03:47:47,704 - INFO: global_step=408739, episodic_return=-111.46368408203125
2022-11-15 03:47:49,225 - INFO: global_step=409739, episodic_return=-132.2174530029297
2022-11-15 03:47:50,633 - INFO: global_step=410739, episodic_return=-131.49977111816406
2022-11-15 03:47:50,853 - INFO: global_step=411000, episodic_return=-127.43622589111328
2022-11-15 03:47:52,329 - INFO: global_step=412000, episodic_return=-108.96122741699219
2022-11-15 03:47:53,832 - INFO: global_step=413000, episodic_return=-67.72394561767578
2022-11-15 03:47:54,086 - INFO: global_step=413237, episodic_return=-121.67047119140625
2022-11-15 03:47:54,166 - INFO: global_step=413357, episodic_return=-102.75011444091797
2022-11-15 03:47:55,495 - INFO: global_step=414357, episodic_return=-83.40042877197266
2022-11-15 03:47:57,083 - INFO: global_step=415357, episodic_return=-30.587621688842773
2022-11-15 03:47:57,365 - INFO: global_step=415638, episodic_return=-120.75633239746094
2022-11-15 03:47:57,466 - INFO: global_step=415767, episodic_return=-118.18083190917969
2022-11-15 03:47:58,213 - INFO: global_step=416347, episodic_return=-190.87777709960938
2022-11-15 03:48:00,374 - INFO: global_step=417347, episodic_return=-93.30409240722656
2022-11-15 03:48:01,129 - INFO: global_step=417871, episodic_return=-161.14117431640625
2022-11-15 03:48:01,250 - INFO: global_step=418029, episodic_return=-130.87210083007812
2022-11-15 03:48:01,758 - INFO: global_step=418519, episodic_return=-185.75152587890625
2022-11-15 03:48:01,919 - INFO: global_step=418718, episodic_return=-120.55541229248047
2022-11-15 03:48:03,545 - INFO: global_step=419718, episodic_return=-84.04403686523438
2022-11-15 03:48:05,066 - INFO: global_step=420635, episodic_return=73.79679870605469
2022-11-15 03:48:05,552 - INFO: global_step=421075, episodic_return=-156.16758728027344
2022-11-15 03:48:05,971 - INFO: global_step=421473, episodic_return=-138.75363159179688
2022-11-15 03:48:06,059 - INFO: global_step=421592, episodic_return=-177.1565704345703
2022-11-15 03:48:06,250 - INFO: global_step=421813, episodic_return=-146.45074462890625
2022-11-15 03:48:07,742 - INFO: global_step=422718, episodic_return=-204.23526000976562
2022-11-15 03:48:08,541 - INFO: global_step=423251, episodic_return=-199.23214721679688
2022-11-15 03:48:10,015 - INFO: global_step=424112, episodic_return=-246.5072784423828
2022-11-15 03:48:11,313 - INFO: global_step=424997, episodic_return=-261.4056396484375
2022-11-15 03:48:11,741 - INFO: global_step=425372, episodic_return=-223.64187622070312
2022-11-15 03:48:12,608 - INFO: global_step=426086, episodic_return=-260.28662109375
2022-11-15 03:48:13,101 - INFO: global_step=426515, episodic_return=-200.30023193359375
2022-11-15 03:48:13,179 - INFO: global_step=426630, episodic_return=-146.2401123046875
2022-11-15 03:48:13,721 - INFO: global_step=427088, episodic_return=-211.02413940429688
2022-11-15 03:48:13,932 - INFO: global_step=427293, episodic_return=-170.63909912109375
2022-11-15 03:48:15,816 - INFO: global_step=428181, episodic_return=-312.37042236328125
2022-11-15 03:48:16,251 - INFO: global_step=428493, episodic_return=-136.27613830566406
2022-11-15 03:48:16,653 - INFO: global_step=428867, episodic_return=-160.49942016601562
2022-11-15 03:48:16,834 - INFO: global_step=429075, episodic_return=-140.88807678222656
2022-11-15 03:48:18,759 - INFO: global_step=430075, episodic_return=-168.98822021484375
2022-11-15 03:48:19,423 - INFO: global_step=430631, episodic_return=-185.2339324951172
2022-11-15 03:48:19,665 - INFO: global_step=430852, episodic_return=-132.55506896972656
2022-11-15 03:48:20,118 - INFO: global_step=431250, episodic_return=-148.48883056640625
2022-11-15 03:48:22,014 - INFO: global_step=432159, episodic_return=-262.2712097167969
2022-11-15 03:48:22,179 - INFO: global_step=432294, episodic_return=-156.798583984375
2022-11-15 03:48:22,288 - INFO: global_step=432402, episodic_return=-184.20877075195312
2022-11-15 03:48:23,881 - INFO: global_step=433402, episodic_return=-155.67320251464844
2022-11-15 03:48:25,770 - INFO: global_step=434376, episodic_return=-255.74351501464844
2022-11-15 03:48:27,655 - INFO: global_step=435376, episodic_return=-156.7235107421875
2022-11-15 03:48:27,892 - INFO: global_step=435634, episodic_return=-130.81610107421875
2022-11-15 03:48:27,975 - INFO: global_step=435738, episodic_return=-151.21273803710938
2022-11-15 03:48:30,152 - INFO: global_step=436738, episodic_return=-156.21153259277344
2022-11-15 03:48:31,689 - INFO: global_step=437520, episodic_return=-244.96128845214844
2022-11-15 03:48:32,624 - INFO: global_step=438186, episodic_return=-180.9990234375
2022-11-15 03:48:34,943 - INFO: global_step=439186, episodic_return=-65.279296875
2022-11-15 03:48:35,129 - INFO: global_step=439405, episodic_return=-161.02310180664062
2022-11-15 03:48:36,518 - INFO: global_step=440270, episodic_return=-201.275390625
2022-11-15 03:48:37,049 - INFO: global_step=440741, episodic_return=-177.50430297851562
2022-11-15 03:48:38,598 - INFO: global_step=441694, episodic_return=-289.72808837890625
2022-11-15 03:48:39,486 - INFO: global_step=442296, episodic_return=-199.24517822265625
2022-11-15 03:48:41,324 - INFO: global_step=443296, episodic_return=-96.80060577392578
2022-11-15 03:48:43,311 - INFO: global_step=444296, episodic_return=-112.98734283447266
2022-11-15 03:48:45,916 - INFO: global_step=445296, episodic_return=-127.60169219970703
2022-11-15 03:48:46,044 - INFO: global_step=445466, episodic_return=-190.97406005859375
2022-11-15 03:48:46,168 - INFO: global_step=445613, episodic_return=-202.00711059570312
2022-11-15 03:48:47,999 - INFO: global_step=446598, episodic_return=-287.3013916015625
2022-11-15 03:48:50,246 - INFO: global_step=447598, episodic_return=-137.27545166015625
2022-11-15 03:48:52,309 - INFO: global_step=448598, episodic_return=-154.83433532714844
2022-11-15 03:48:54,107 - INFO: global_step=449598, episodic_return=-129.82473754882812
2022-11-15 03:48:54,400 - INFO: global_step=449831, episodic_return=-102.9450912475586
2022-11-15 03:48:55,615 - INFO: global_step=450348, episodic_return=-169.43194580078125
2022-11-15 03:48:58,018 - INFO: global_step=451348, episodic_return=-120.04615020751953
2022-11-15 03:49:00,139 - INFO: global_step=452348, episodic_return=-94.21577453613281
2022-11-15 03:49:01,923 - INFO: global_step=453348, episodic_return=-122.91870880126953
2022-11-15 03:49:02,049 - INFO: global_step=453510, episodic_return=-130.31166076660156
2022-11-15 03:49:02,803 - INFO: global_step=454106, episodic_return=-164.761474609375
2022-11-15 03:49:03,176 - INFO: global_step=454416, episodic_return=-205.30758666992188
2022-11-15 03:49:05,287 - INFO: global_step=455416, episodic_return=-116.19020080566406
2022-11-15 03:49:05,385 - INFO: global_step=455536, episodic_return=-203.54742431640625
2022-11-15 03:49:07,521 - INFO: global_step=456536, episodic_return=-94.16665649414062
2022-11-15 03:49:08,915 - INFO: global_step=457536, episodic_return=-105.78668975830078
2022-11-15 03:49:09,169 - INFO: global_step=457806, episodic_return=-139.37632751464844
2022-11-15 03:49:09,264 - INFO: global_step=457947, episodic_return=-137.53961181640625
2022-11-15 03:49:10,631 - INFO: global_step=458947, episodic_return=-90.1161880493164
2022-11-15 03:49:11,963 - INFO: global_step=459947, episodic_return=-55.111053466796875
2022-11-15 03:49:14,217 - INFO: global_step=460947, episodic_return=-48.128231048583984
2022-11-15 03:49:16,416 - INFO: global_step=461947, episodic_return=-119.12419128417969
2022-11-15 03:49:18,173 - INFO: global_step=462947, episodic_return=-109.9316635131836
2022-11-15 03:49:18,438 - INFO: global_step=463229, episodic_return=-111.91932678222656
2022-11-15 03:49:20,177 - INFO: global_step=464229, episodic_return=-111.05847930908203
2022-11-15 03:49:22,553 - INFO: global_step=465229, episodic_return=-86.85382843017578
2022-11-15 03:49:23,889 - INFO: global_step=466229, episodic_return=-91.7719955444336
2022-11-15 03:49:25,340 - INFO: global_step=467229, episodic_return=-100.80982971191406
2022-11-15 03:49:25,761 - INFO: global_step=467645, episodic_return=-129.7940216064453
2022-11-15 03:49:27,353 - INFO: global_step=468475, episodic_return=-213.46681213378906
2022-11-15 03:49:27,525 - INFO: global_step=468653, episodic_return=-114.60061645507812
2022-11-15 03:49:27,627 - INFO: global_step=468784, episodic_return=-163.09690856933594
2022-11-15 03:49:28,335 - INFO: global_step=469334, episodic_return=-148.20635986328125
2022-11-15 03:49:30,091 - INFO: global_step=470334, episodic_return=-73.38738250732422
2022-11-15 03:49:30,323 - INFO: global_step=470544, episodic_return=-146.20999145507812
2022-11-15 03:49:30,459 - INFO: global_step=470712, episodic_return=-104.9043197631836
2022-11-15 03:49:32,131 - INFO: global_step=471712, episodic_return=-75.70687866210938
2022-11-15 03:49:33,997 - INFO: global_step=472712, episodic_return=-102.83517456054688
2022-11-15 03:49:35,523 - INFO: global_step=473712, episodic_return=-103.64034271240234
2022-11-15 03:49:38,024 - INFO: global_step=474712, episodic_return=-121.56365966796875
2022-11-15 03:49:40,063 - INFO: global_step=475712, episodic_return=-124.9380874633789
2022-11-15 03:49:42,147 - INFO: global_step=476712, episodic_return=-95.83470916748047
2022-11-15 03:49:44,459 - INFO: global_step=477712, episodic_return=-109.7795181274414
2022-11-15 03:49:46,193 - INFO: global_step=478712, episodic_return=-81.64281463623047
2022-11-15 03:49:47,930 - INFO: global_step=479712, episodic_return=-147.42686462402344
2022-11-15 03:49:49,608 - INFO: global_step=480712, episodic_return=-89.14266967773438
2022-11-15 03:49:51,048 - INFO: global_step=481712, episodic_return=-125.88365936279297
2022-11-15 03:49:53,086 - INFO: global_step=482712, episodic_return=-95.0575942993164
2022-11-15 03:49:54,821 - INFO: global_step=483712, episodic_return=-149.17349243164062
2022-11-15 03:49:56,404 - INFO: global_step=484712, episodic_return=-60.771934509277344
2022-11-15 03:49:56,580 - INFO: global_step=484905, episodic_return=-103.01187133789062
2022-11-15 03:49:58,113 - INFO: global_step=485905, episodic_return=-126.0656509399414
2022-11-15 03:49:59,962 - INFO: global_step=486905, episodic_return=-32.28721618652344
2022-11-15 03:50:01,377 - INFO: global_step=487905, episodic_return=-91.6246109008789
2022-11-15 03:50:02,806 - INFO: global_step=488905, episodic_return=-91.6133804321289
2022-11-15 03:50:04,213 - INFO: global_step=489905, episodic_return=-74.72383117675781
2022-11-15 03:50:04,457 - INFO: global_step=490172, episodic_return=-87.78190612792969
2022-11-15 03:50:06,594 - INFO: global_step=491172, episodic_return=-43.12531280517578
2022-11-15 03:50:06,829 - INFO: global_step=491437, episodic_return=-73.15678405761719
2022-11-15 03:50:06,954 - INFO: global_step=491586, episodic_return=-133.20492553710938
2022-11-15 03:50:09,561 - INFO: global_step=492586, episodic_return=-28.134571075439453
2022-11-15 03:50:09,772 - INFO: global_step=492810, episodic_return=-99.25646209716797
2022-11-15 03:50:12,144 - INFO: global_step=493810, episodic_return=-68.2046127319336
2022-11-15 03:50:14,064 - INFO: global_step=494810, episodic_return=-85.61991882324219
2022-11-15 03:50:16,081 - INFO: global_step=495810, episodic_return=-30.98822021484375
2022-11-15 03:50:17,807 - INFO: global_step=496810, episodic_return=-29.784564971923828
2022-11-15 03:50:17,994 - INFO: global_step=496998, episodic_return=-89.91230773925781
2022-11-15 03:50:20,795 - INFO: global_step=497998, episodic_return=-62.39021301269531
2022-11-15 03:50:22,949 - INFO: global_step=498998, episodic_return=-84.44416809082031
2022-11-15 03:50:23,132 - INFO: global_step=499152, episodic_return=-118.6364974975586
2022-11-15 03:50:24,632 - INFO: The average reward of last 20 steps: -77.6983512878418
