2022-11-15 07:11:14,162 - INFO: +--------------------------+----------------+
| Parameter                | Value          |
+--------------------------+----------------+
| exp_name                 | dqn            |
+--------------------------+----------------+
| seed                     | 42             |
+--------------------------+----------------+
| total_timesteps          | 500000         |
+--------------------------+----------------+
| learning_rate            | 0.001          |
+--------------------------+----------------+
| buffer_size              | 2000           |
+--------------------------+----------------+
| gamma                    | 0.982          |
+--------------------------+----------------+
| target_network_frequency | 50             |
+--------------------------+----------------+
| batch_size               | 128            |
+--------------------------+----------------+
| start_e                  | 0.300          |
+--------------------------+----------------+
| end_e                    | 0.050          |
+--------------------------+----------------+
| exploration_fraction     | 0.050          |
+--------------------------+----------------+
| learning_starts          | 10000          |
+--------------------------+----------------+
| train_frequency          | 10             |
+--------------------------+----------------+
| env_id                   | LunarLander-v2 |
+--------------------------+----------------+
2022-11-15 07:11:16,418 - INFO: global_step=111, episodic_return=-611.77490234375
2022-11-15 07:11:16,443 - INFO: global_step=172, episodic_return=-122.97918701171875
2022-11-15 07:11:16,465 - INFO: global_step=228, episodic_return=-94.93672180175781
2022-11-15 07:11:16,497 - INFO: global_step=311, episodic_return=-406.9200134277344
2022-11-15 07:11:16,523 - INFO: global_step=380, episodic_return=-112.57621765136719
2022-11-15 07:11:16,594 - INFO: global_step=495, episodic_return=-479.4324645996094
2022-11-15 07:11:16,638 - INFO: global_step=573, episodic_return=-398.597900390625
2022-11-15 07:11:16,719 - INFO: global_step=713, episodic_return=-640.2501220703125
2022-11-15 07:11:16,783 - INFO: global_step=814, episodic_return=-671.2049560546875
2022-11-15 07:11:16,859 - INFO: global_step=933, episodic_return=-643.8043823242188
2022-11-15 07:11:16,922 - INFO: global_step=1035, episodic_return=-554.775634765625
2022-11-15 07:11:17,009 - INFO: global_step=1179, episodic_return=-872.152587890625
2022-11-15 07:11:17,047 - INFO: global_step=1249, episodic_return=-507.8968505859375
2022-11-15 07:11:17,161 - INFO: global_step=1416, episodic_return=-716.8911743164062
2022-11-15 07:11:17,207 - INFO: global_step=1493, episodic_return=-512.3719482421875
2022-11-15 07:11:17,248 - INFO: global_step=1565, episodic_return=-516.7017822265625
2022-11-15 07:11:17,297 - INFO: global_step=1649, episodic_return=-567.201416015625
2022-11-15 07:11:17,327 - INFO: global_step=1723, episodic_return=-565.0385131835938
2022-11-15 07:11:17,348 - INFO: global_step=1782, episodic_return=-106.78450012207031
2022-11-15 07:11:17,377 - INFO: global_step=1859, episodic_return=-606.7850341796875
2022-11-15 07:11:17,401 - INFO: global_step=1928, episodic_return=-152.7940673828125
2022-11-15 07:11:17,421 - INFO: global_step=1983, episodic_return=-105.89706420898438
2022-11-15 07:11:17,474 - INFO: global_step=2101, episodic_return=-430.8272705078125
2022-11-15 07:11:17,513 - INFO: global_step=2194, episodic_return=-640.2052612304688
2022-11-15 07:11:17,558 - INFO: global_step=2295, episodic_return=-665.0504760742188
2022-11-15 07:11:17,594 - INFO: global_step=2375, episodic_return=-381.9089050292969
2022-11-15 07:11:17,626 - INFO: global_step=2454, episodic_return=-646.9791259765625
2022-11-15 07:11:17,663 - INFO: global_step=2537, episodic_return=-561.972412109375
2022-11-15 07:11:17,715 - INFO: global_step=2655, episodic_return=-538.96533203125
2022-11-15 07:11:17,747 - INFO: global_step=2730, episodic_return=-562.2603149414062
2022-11-15 07:11:17,823 - INFO: global_step=2892, episodic_return=-645.4758911132812
2022-11-15 07:11:17,943 - INFO: global_step=3113, episodic_return=-1049.50830078125
2022-11-15 07:11:17,993 - INFO: global_step=3222, episodic_return=-653.9839477539062
2022-11-15 07:11:18,015 - INFO: global_step=3276, episodic_return=-118.98522186279297
2022-11-15 07:11:18,043 - INFO: global_step=3342, episodic_return=-489.7502746582031
2022-11-15 07:11:18,065 - INFO: global_step=3397, episodic_return=-127.37838745117188
2022-11-15 07:11:18,102 - INFO: global_step=3483, episodic_return=-486.2104187011719
2022-11-15 07:11:18,135 - INFO: global_step=3560, episodic_return=-503.4472351074219
2022-11-15 07:11:18,178 - INFO: global_step=3650, episodic_return=-653.9791870117188
2022-11-15 07:11:18,221 - INFO: global_step=3746, episodic_return=-559.812255859375
2022-11-15 07:11:18,248 - INFO: global_step=3807, episodic_return=-89.0174789428711
2022-11-15 07:11:18,274 - INFO: global_step=3871, episodic_return=-130.7974853515625
2022-11-15 07:11:18,303 - INFO: global_step=3934, episodic_return=-527.80126953125
2022-11-15 07:11:18,347 - INFO: global_step=4038, episodic_return=-561.4642333984375
2022-11-15 07:11:18,387 - INFO: global_step=4130, episodic_return=-581.595947265625
2022-11-15 07:11:18,461 - INFO: global_step=4281, episodic_return=-896.9901123046875
2022-11-15 07:11:18,502 - INFO: global_step=4371, episodic_return=-577.3748779296875
2022-11-15 07:11:18,526 - INFO: global_step=4427, episodic_return=-199.267578125
2022-11-15 07:11:18,580 - INFO: global_step=4549, episodic_return=-712.54541015625
2022-11-15 07:11:18,628 - INFO: global_step=4655, episodic_return=-670.7107543945312
2022-11-15 07:11:18,660 - INFO: global_step=4734, episodic_return=-160.8258056640625
2022-11-15 07:11:18,753 - INFO: global_step=4911, episodic_return=-1133.5418701171875
2022-11-15 07:11:18,777 - INFO: global_step=4968, episodic_return=-116.00692749023438
2022-11-15 07:11:18,817 - INFO: global_step=5053, episodic_return=-484.0948791503906
2022-11-15 07:11:18,849 - INFO: global_step=5126, episodic_return=-644.5717163085938
2022-11-15 07:11:18,874 - INFO: global_step=5183, episodic_return=-115.46812438964844
2022-11-15 07:11:18,897 - INFO: global_step=5239, episodic_return=-112.26173400878906
2022-11-15 07:11:18,933 - INFO: global_step=5320, episodic_return=-635.6770629882812
2022-11-15 07:11:18,960 - INFO: global_step=5386, episodic_return=-115.76206970214844
2022-11-15 07:11:18,993 - INFO: global_step=5462, episodic_return=-617.2671508789062
2022-11-15 07:11:19,047 - INFO: global_step=5582, episodic_return=-762.8739013671875
2022-11-15 07:11:19,071 - INFO: global_step=5640, episodic_return=-136.0728302001953
2022-11-15 07:11:19,128 - INFO: global_step=5763, episodic_return=-642.5176391601562
2022-11-15 07:11:19,167 - INFO: global_step=5847, episodic_return=-423.3683166503906
2022-11-15 07:11:19,240 - INFO: global_step=5997, episodic_return=-812.4271240234375
2022-11-15 07:11:19,260 - INFO: global_step=6046, episodic_return=-396.1833190917969
2022-11-15 07:11:19,281 - INFO: global_step=6101, episodic_return=-305.83447265625
2022-11-15 07:11:19,412 - INFO: global_step=6319, episodic_return=-1267.99951171875
2022-11-15 07:11:19,459 - INFO: global_step=6420, episodic_return=-668.6969604492188
2022-11-15 07:11:19,485 - INFO: global_step=6475, episodic_return=-162.1737823486328
2022-11-15 07:11:19,518 - INFO: global_step=6549, episodic_return=-629.4923095703125
2022-11-15 07:11:19,557 - INFO: global_step=6634, episodic_return=-386.41064453125
2022-11-15 07:11:19,590 - INFO: global_step=6709, episodic_return=-569.8726806640625
2022-11-15 07:11:19,730 - INFO: global_step=6953, episodic_return=-1317.2054443359375
2022-11-15 07:11:19,823 - INFO: global_step=7126, episodic_return=-842.0704956054688
2022-11-15 07:11:19,847 - INFO: global_step=7179, episodic_return=-194.43984985351562
2022-11-15 07:11:19,889 - INFO: global_step=7266, episodic_return=-560.3244018554688
2022-11-15 07:11:19,926 - INFO: global_step=7351, episodic_return=-633.6509399414062
2022-11-15 07:11:19,969 - INFO: global_step=7451, episodic_return=-598.2071533203125
2022-11-15 07:11:20,001 - INFO: global_step=7522, episodic_return=-500.201904296875
2022-11-15 07:11:20,025 - INFO: global_step=7577, episodic_return=-120.59429931640625
2022-11-15 07:11:20,104 - INFO: global_step=7742, episodic_return=-934.2803955078125
2022-11-15 07:11:20,156 - INFO: global_step=7849, episodic_return=-566.0828247070312
2022-11-15 07:11:20,401 - INFO: global_step=8187, episodic_return=-2800.5126953125
2022-11-15 07:11:20,427 - INFO: global_step=8241, episodic_return=-224.5896759033203
2022-11-15 07:11:20,461 - INFO: global_step=8316, episodic_return=-573.66552734375
2022-11-15 07:11:20,502 - INFO: global_step=8404, episodic_return=-551.6334228515625
2022-11-15 07:11:20,553 - INFO: global_step=8503, episodic_return=-561.7254638671875
2022-11-15 07:11:20,598 - INFO: global_step=8599, episodic_return=-663.3102416992188
2022-11-15 07:11:20,635 - INFO: global_step=8683, episodic_return=-523.1893920898438
2022-11-15 07:11:20,683 - INFO: global_step=8784, episodic_return=-520.0697021484375
2022-11-15 07:11:20,814 - INFO: global_step=9006, episodic_return=-1369.715576171875
2022-11-15 07:11:20,860 - INFO: global_step=9101, episodic_return=-601.9228515625
2022-11-15 07:11:20,935 - INFO: global_step=9242, episodic_return=-624.5726928710938
2022-11-15 07:11:20,971 - INFO: global_step=9324, episodic_return=-342.86932373046875
2022-11-15 07:11:21,010 - INFO: global_step=9407, episodic_return=-494.8700866699219
2022-11-15 07:11:21,077 - INFO: global_step=9514, episodic_return=-652.5670776367188
2022-11-15 07:11:21,124 - INFO: global_step=9622, episodic_return=-635.4049072265625
2022-11-15 07:11:21,167 - INFO: global_step=9724, episodic_return=-616.1658935546875
2022-11-15 07:11:21,237 - INFO: global_step=9832, episodic_return=-555.240234375
2022-11-15 07:11:21,410 - INFO: global_step=10053, episodic_return=-1338.6005859375
2022-11-15 07:11:21,444 - INFO: global_step=10107, episodic_return=-167.03103637695312
2022-11-15 07:11:21,494 - INFO: global_step=10188, episodic_return=-513.2777099609375
2022-11-15 07:11:21,551 - INFO: global_step=10274, episodic_return=-665.7285766601562
2022-11-15 07:11:21,609 - INFO: global_step=10349, episodic_return=-508.2464904785156
2022-11-15 07:11:21,644 - INFO: global_step=10405, episodic_return=-110.75030517578125
2022-11-15 07:11:21,703 - INFO: global_step=10497, episodic_return=-232.54190063476562
2022-11-15 07:11:21,758 - INFO: global_step=10577, episodic_return=-122.1539077758789
2022-11-15 07:11:21,800 - INFO: global_step=10634, episodic_return=-101.09906768798828
2022-11-15 07:11:21,866 - INFO: global_step=10721, episodic_return=-133.92752075195312
2022-11-15 07:11:21,920 - INFO: global_step=10808, episodic_return=-148.72100830078125
2022-11-15 07:11:21,961 - INFO: global_step=10873, episodic_return=-157.28126525878906
2022-11-15 07:11:22,003 - INFO: global_step=10938, episodic_return=-150.09078979492188
2022-11-15 07:11:22,052 - INFO: global_step=11005, episodic_return=-237.80392456054688
2022-11-15 07:11:22,100 - INFO: global_step=11063, episodic_return=-424.08111572265625
2022-11-15 07:11:22,160 - INFO: global_step=11138, episodic_return=-546.357421875
2022-11-15 07:11:22,218 - INFO: global_step=11211, episodic_return=-533.0985107421875
2022-11-15 07:11:22,268 - INFO: global_step=11289, episodic_return=-176.8028106689453
2022-11-15 07:11:22,313 - INFO: global_step=11351, episodic_return=-107.4139175415039
2022-11-15 07:11:22,381 - INFO: global_step=11433, episodic_return=-556.2138671875
2022-11-15 07:11:22,447 - INFO: global_step=11519, episodic_return=-637.50927734375
2022-11-15 07:11:22,489 - INFO: global_step=11571, episodic_return=-241.04405212402344
2022-11-15 07:11:22,559 - INFO: global_step=11655, episodic_return=-287.6815185546875
2022-11-15 07:11:22,618 - INFO: global_step=11726, episodic_return=-622.5684204101562
2022-11-15 07:11:22,650 - INFO: global_step=11785, episodic_return=-217.25027465820312
2022-11-15 07:11:22,693 - INFO: global_step=11876, episodic_return=-145.3468475341797
2022-11-15 07:11:22,747 - INFO: global_step=11971, episodic_return=-128.11923217773438
2022-11-15 07:11:22,787 - INFO: global_step=12035, episodic_return=-113.97859191894531
2022-11-15 07:11:22,842 - INFO: global_step=12116, episodic_return=-220.0299530029297
2022-11-15 07:11:22,871 - INFO: global_step=12170, episodic_return=-152.96435546875
2022-11-15 07:11:22,924 - INFO: global_step=12257, episodic_return=-340.22357177734375
2022-11-15 07:11:22,958 - INFO: global_step=12313, episodic_return=-87.04429626464844
2022-11-15 07:11:22,993 - INFO: global_step=12378, episodic_return=-145.7872314453125
2022-11-15 07:11:23,042 - INFO: global_step=12462, episodic_return=-170.20974731445312
2022-11-15 07:11:23,073 - INFO: global_step=12515, episodic_return=-384.8399658203125
2022-11-15 07:11:23,104 - INFO: global_step=12568, episodic_return=-300.37396240234375
2022-11-15 07:11:23,147 - INFO: global_step=12647, episodic_return=-143.06143188476562
2022-11-15 07:11:23,175 - INFO: global_step=12705, episodic_return=-74.02091217041016
2022-11-15 07:11:23,243 - INFO: global_step=12840, episodic_return=21.415512084960938
2022-11-15 07:11:23,297 - INFO: global_step=12919, episodic_return=-213.53207397460938
2022-11-15 07:11:23,341 - INFO: global_step=12987, episodic_return=-131.9468536376953
2022-11-15 07:11:23,389 - INFO: global_step=13065, episodic_return=-137.9290008544922
2022-11-15 07:11:23,426 - INFO: global_step=13126, episodic_return=-73.66670227050781
2022-11-15 07:11:23,642 - INFO: global_step=13376, episodic_return=-313.5898132324219
2022-11-15 07:11:23,698 - INFO: global_step=13463, episodic_return=-160.55892944335938
2022-11-15 07:11:23,749 - INFO: global_step=13554, episodic_return=-119.26771545410156
2022-11-15 07:11:23,782 - INFO: global_step=13612, episodic_return=-99.06803894042969
2022-11-15 07:11:23,917 - INFO: global_step=13826, episodic_return=-447.68780517578125
2022-11-15 07:11:23,976 - INFO: global_step=13932, episodic_return=-660.4607543945312
2022-11-15 07:11:24,063 - INFO: global_step=14056, episodic_return=-81.09003448486328
2022-11-15 07:11:24,141 - INFO: global_step=14165, episodic_return=9.391738891601562
2022-11-15 07:11:25,941 - INFO: global_step=15165, episodic_return=-105.2449722290039
2022-11-15 07:11:27,628 - INFO: global_step=16165, episodic_return=-116.39632415771484
2022-11-15 07:11:29,217 - INFO: global_step=17165, episodic_return=-81.57438659667969
2022-11-15 07:11:29,453 - INFO: global_step=17435, episodic_return=-171.28082275390625
2022-11-15 07:11:29,590 - INFO: global_step=17605, episodic_return=-107.32732391357422
2022-11-15 07:11:29,676 - INFO: global_step=17720, episodic_return=-68.42906951904297
2022-11-15 07:11:29,853 - INFO: global_step=17926, episodic_return=-59.066341400146484
2022-11-15 07:11:30,200 - INFO: global_step=18272, episodic_return=-204.97055053710938
2022-11-15 07:11:30,529 - INFO: global_step=18546, episodic_return=-148.72576904296875
2022-11-15 07:11:30,787 - INFO: global_step=18831, episodic_return=-128.7936553955078
2022-11-15 07:11:31,928 - INFO: global_step=19831, episodic_return=-239.02029418945312
2022-11-15 07:11:32,591 - INFO: global_step=20332, episodic_return=-260.39239501953125
2022-11-15 07:11:33,498 - INFO: global_step=20922, episodic_return=154.88099670410156
2022-11-15 07:11:33,634 - INFO: global_step=21016, episodic_return=-506.7560119628906
2022-11-15 07:11:33,764 - INFO: global_step=21140, episodic_return=-574.8692626953125
2022-11-15 07:11:34,573 - INFO: global_step=21667, episodic_return=-428.540283203125
2022-11-15 07:11:34,736 - INFO: global_step=21871, episodic_return=-518.7398681640625
2022-11-15 07:11:34,931 - INFO: global_step=22130, episodic_return=-261.7857666015625
2022-11-15 07:11:35,853 - INFO: global_step=22959, episodic_return=-570.100830078125
2022-11-15 07:11:36,184 - INFO: global_step=23301, episodic_return=-204.7872772216797
2022-11-15 07:11:36,280 - INFO: global_step=23458, episodic_return=-179.78094482421875
2022-11-15 07:11:36,396 - INFO: global_step=23594, episodic_return=-119.36985778808594
2022-11-15 07:11:36,535 - INFO: global_step=23786, episodic_return=-113.88143920898438
2022-11-15 07:11:36,729 - INFO: global_step=24027, episodic_return=-162.85540771484375
2022-11-15 07:11:36,854 - INFO: global_step=24188, episodic_return=-271.4510192871094
2022-11-15 07:11:37,375 - INFO: global_step=24603, episodic_return=-135.21890258789062
2022-11-15 07:11:37,608 - INFO: global_step=24844, episodic_return=-145.25698852539062
2022-11-15 07:11:38,555 - INFO: global_step=25593, episodic_return=-237.57920837402344
2022-11-15 07:11:39,842 - INFO: global_step=26593, episodic_return=-126.6119613647461
2022-11-15 07:11:41,118 - INFO: global_step=27593, episodic_return=-157.27330017089844
2022-11-15 07:11:41,401 - INFO: global_step=27898, episodic_return=-22.588623046875
2022-11-15 07:11:42,828 - INFO: global_step=28898, episodic_return=-118.8567886352539
2022-11-15 07:11:44,910 - INFO: global_step=29898, episodic_return=-70.78086853027344
2022-11-15 07:11:46,698 - INFO: global_step=30898, episodic_return=-49.843833923339844
2022-11-15 07:11:48,580 - INFO: global_step=31898, episodic_return=-150.81158447265625
2022-11-15 07:11:48,820 - INFO: global_step=32101, episodic_return=-415.9108581542969
2022-11-15 07:11:49,204 - INFO: global_step=32370, episodic_return=-236.72821044921875
2022-11-15 07:11:49,806 - INFO: global_step=32717, episodic_return=-93.97505187988281
2022-11-15 07:11:51,676 - INFO: global_step=33717, episodic_return=-185.67132568359375
2022-11-15 07:11:52,638 - INFO: global_step=34299, episodic_return=96.60880279541016
2022-11-15 07:11:54,213 - INFO: global_step=35299, episodic_return=-35.38363265991211
2022-11-15 07:11:54,353 - INFO: global_step=35511, episodic_return=-55.97963333129883
2022-11-15 07:11:56,046 - INFO: global_step=36511, episodic_return=76.3288803100586
2022-11-15 07:11:57,536 - INFO: global_step=37511, episodic_return=-11.486412048339844
2022-11-15 07:11:58,105 - INFO: global_step=38006, episodic_return=136.01499938964844
2022-11-15 07:11:58,476 - INFO: global_step=38382, episodic_return=-73.02806091308594
2022-11-15 07:11:59,728 - INFO: global_step=39213, episodic_return=84.23870849609375
2022-11-15 07:12:01,639 - INFO: global_step=40213, episodic_return=63.63135528564453
2022-11-15 07:12:03,772 - INFO: global_step=41213, episodic_return=-97.26536560058594
2022-11-15 07:12:05,193 - INFO: global_step=42213, episodic_return=-94.11238098144531
2022-11-15 07:12:06,741 - INFO: global_step=43213, episodic_return=-90.01207733154297
2022-11-15 07:12:08,217 - INFO: global_step=44213, episodic_return=-99.43297576904297
2022-11-15 07:12:09,892 - INFO: global_step=45213, episodic_return=-83.47383117675781
2022-11-15 07:12:11,382 - INFO: global_step=46213, episodic_return=-128.18324279785156
2022-11-15 07:12:13,278 - INFO: global_step=47213, episodic_return=-91.46273803710938
2022-11-15 07:12:14,003 - INFO: global_step=47971, episodic_return=-134.96298217773438
2022-11-15 07:12:15,424 - INFO: global_step=48971, episodic_return=-36.33440399169922
2022-11-15 07:12:17,209 - INFO: global_step=49971, episodic_return=-93.25137329101562
2022-11-15 07:12:19,285 - INFO: global_step=50971, episodic_return=-122.48128509521484
2022-11-15 07:12:20,743 - INFO: global_step=51971, episodic_return=-6.527917861938477
2022-11-15 07:12:22,279 - INFO: global_step=52971, episodic_return=-47.10630798339844
2022-11-15 07:12:23,573 - INFO: global_step=53971, episodic_return=-85.41905975341797
2022-11-15 07:12:24,851 - INFO: global_step=54971, episodic_return=-94.4294662475586
2022-11-15 07:12:26,401 - INFO: global_step=55971, episodic_return=-29.747514724731445
2022-11-15 07:12:27,259 - INFO: global_step=56540, episodic_return=220.10635375976562
2022-11-15 07:12:28,968 - INFO: global_step=57540, episodic_return=-79.51913452148438
2022-11-15 07:12:30,760 - INFO: global_step=58540, episodic_return=-58.29095458984375
2022-11-15 07:12:32,800 - INFO: global_step=59540, episodic_return=-43.302040100097656
2022-11-15 07:12:34,363 - INFO: global_step=60540, episodic_return=-49.631832122802734
2022-11-15 07:12:34,564 - INFO: global_step=60795, episodic_return=-119.23614501953125
2022-11-15 07:12:36,606 - INFO: global_step=61795, episodic_return=-46.15833282470703
2022-11-15 07:12:36,956 - INFO: global_step=62122, episodic_return=-61.74345397949219
2022-11-15 07:12:38,763 - INFO: global_step=63122, episodic_return=-114.24116516113281
2022-11-15 07:12:39,912 - INFO: global_step=64122, episodic_return=-71.65979766845703
2022-11-15 07:12:41,791 - INFO: global_step=65122, episodic_return=-124.00704956054688
2022-11-15 07:12:43,091 - INFO: global_step=66122, episodic_return=-89.01766204833984
2022-11-15 07:12:43,328 - INFO: global_step=66397, episodic_return=22.890159606933594
2022-11-15 07:12:44,694 - INFO: global_step=67397, episodic_return=-55.460472106933594
2022-11-15 07:12:46,065 - INFO: global_step=68397, episodic_return=-59.24782180786133
2022-11-15 07:12:46,294 - INFO: global_step=68657, episodic_return=-54.40437698364258
2022-11-15 07:12:48,263 - INFO: global_step=69657, episodic_return=-80.03522491455078
2022-11-15 07:12:49,432 - INFO: global_step=70657, episodic_return=-41.317344665527344
2022-11-15 07:12:51,144 - INFO: global_step=71657, episodic_return=-58.37346267700195
2022-11-15 07:12:53,127 - INFO: global_step=72657, episodic_return=-53.585838317871094
2022-11-15 07:12:55,177 - INFO: global_step=73657, episodic_return=-41.447757720947266
2022-11-15 07:12:55,428 - INFO: global_step=73933, episodic_return=-59.048606872558594
2022-11-15 07:12:57,006 - INFO: global_step=74933, episodic_return=-91.8885498046875
2022-11-15 07:12:58,346 - INFO: global_step=75933, episodic_return=-67.75019836425781
2022-11-15 07:12:58,649 - INFO: global_step=76266, episodic_return=-107.72088623046875
2022-11-15 07:13:00,521 - INFO: global_step=77266, episodic_return=-83.16883850097656
2022-11-15 07:13:00,778 - INFO: global_step=77598, episodic_return=-148.3916473388672
2022-11-15 07:13:02,092 - INFO: global_step=78598, episodic_return=1.0976362228393555
2022-11-15 07:13:03,942 - INFO: global_step=79598, episodic_return=-57.036014556884766
2022-11-15 07:13:05,861 - INFO: global_step=80598, episodic_return=-98.6048355102539
2022-11-15 07:13:07,559 - INFO: global_step=81598, episodic_return=-15.456377983093262
2022-11-15 07:13:07,766 - INFO: global_step=81875, episodic_return=-76.54241943359375
2022-11-15 07:13:09,367 - INFO: global_step=82875, episodic_return=-73.87432861328125
2022-11-15 07:13:11,088 - INFO: global_step=83875, episodic_return=-97.99295806884766
2022-11-15 07:13:11,367 - INFO: global_step=84192, episodic_return=-113.0549087524414
2022-11-15 07:13:11,750 - INFO: global_step=84529, episodic_return=-38.546966552734375
2022-11-15 07:13:11,916 - INFO: global_step=84714, episodic_return=-151.6407470703125
2022-11-15 07:13:13,482 - INFO: global_step=85714, episodic_return=-95.9226303100586
2022-11-15 07:13:15,150 - INFO: global_step=86714, episodic_return=-106.54119873046875
2022-11-15 07:13:16,452 - INFO: global_step=87714, episodic_return=-68.82948303222656
2022-11-15 07:13:18,430 - INFO: global_step=88714, episodic_return=-131.1383819580078
2022-11-15 07:13:19,743 - INFO: global_step=89714, episodic_return=-138.8259735107422
2022-11-15 07:13:21,571 - INFO: global_step=90714, episodic_return=-83.64674377441406
2022-11-15 07:13:22,965 - INFO: global_step=91714, episodic_return=-96.49678039550781
2022-11-15 07:13:25,368 - INFO: global_step=92714, episodic_return=-130.86181640625
2022-11-15 07:13:26,652 - INFO: global_step=93714, episodic_return=-80.10621643066406
2022-11-15 07:13:27,661 - INFO: global_step=94480, episodic_return=-339.2781982421875
2022-11-15 07:13:27,799 - INFO: global_step=94669, episodic_return=-81.36465454101562
2022-11-15 07:13:29,350 - INFO: global_step=95669, episodic_return=-117.34709930419922
2022-11-15 07:13:29,535 - INFO: global_step=95921, episodic_return=-110.2513198852539
2022-11-15 07:13:31,300 - INFO: global_step=96921, episodic_return=-106.38030242919922
2022-11-15 07:13:32,644 - INFO: global_step=97921, episodic_return=-124.41199493408203
2022-11-15 07:13:34,919 - INFO: global_step=98921, episodic_return=-129.39010620117188
2022-11-15 07:13:36,690 - INFO: global_step=99921, episodic_return=-100.83074188232422
2022-11-15 07:13:38,003 - INFO: global_step=100921, episodic_return=-132.21609497070312
2022-11-15 07:13:38,218 - INFO: global_step=101164, episodic_return=-195.62408447265625
2022-11-15 07:13:38,390 - INFO: global_step=101360, episodic_return=-70.50545501708984
2022-11-15 07:13:40,575 - INFO: global_step=102360, episodic_return=-54.34371566772461
2022-11-15 07:13:42,617 - INFO: global_step=103360, episodic_return=-73.14277648925781
2022-11-15 07:13:43,713 - INFO: global_step=104057, episodic_return=167.00323486328125
2022-11-15 07:13:45,099 - INFO: global_step=105057, episodic_return=-133.64193725585938
2022-11-15 07:13:45,380 - INFO: global_step=105374, episodic_return=31.917404174804688
2022-11-15 07:13:47,473 - INFO: global_step=106374, episodic_return=-112.44940948486328
2022-11-15 07:13:47,644 - INFO: global_step=106578, episodic_return=-32.92218017578125
2022-11-15 07:13:50,232 - INFO: global_step=107578, episodic_return=-92.69026947021484
2022-11-15 07:13:52,141 - INFO: global_step=108578, episodic_return=-68.16035461425781
2022-11-15 07:13:54,052 - INFO: global_step=109578, episodic_return=-95.12553405761719
2022-11-15 07:13:55,958 - INFO: global_step=110578, episodic_return=-80.67236328125
2022-11-15 07:13:57,341 - INFO: global_step=111578, episodic_return=-88.15987396240234
2022-11-15 07:13:57,508 - INFO: global_step=111799, episodic_return=-65.40576171875
2022-11-15 07:13:57,761 - INFO: global_step=112112, episodic_return=-178.54855346679688
2022-11-15 07:13:57,937 - INFO: global_step=112359, episodic_return=-81.86909484863281
2022-11-15 07:13:59,610 - INFO: global_step=113359, episodic_return=-86.91378021240234
2022-11-15 07:14:01,316 - INFO: global_step=114359, episodic_return=-63.567100524902344
2022-11-15 07:14:01,549 - INFO: global_step=114590, episodic_return=-187.83438110351562
2022-11-15 07:14:01,700 - INFO: global_step=114794, episodic_return=-91.83421325683594
2022-11-15 07:14:01,814 - INFO: global_step=114947, episodic_return=-208.27426147460938
2022-11-15 07:14:02,007 - INFO: global_step=115140, episodic_return=-57.88754653930664
2022-11-15 07:14:02,248 - INFO: global_step=115381, episodic_return=60.74739074707031
2022-11-15 07:14:02,550 - INFO: global_step=115626, episodic_return=-177.09298706054688
2022-11-15 07:14:04,422 - INFO: global_step=116626, episodic_return=-84.57821655273438
2022-11-15 07:14:06,244 - INFO: global_step=117626, episodic_return=-145.61404418945312
2022-11-15 07:14:06,484 - INFO: global_step=117832, episodic_return=-15.265815734863281
2022-11-15 07:14:06,907 - INFO: global_step=118224, episodic_return=-368.37451171875
2022-11-15 07:14:07,109 - INFO: global_step=118475, episodic_return=-189.3054962158203
2022-11-15 07:14:07,345 - INFO: global_step=118740, episodic_return=-162.90269470214844
2022-11-15 07:14:08,922 - INFO: global_step=119740, episodic_return=-130.02529907226562
2022-11-15 07:14:09,137 - INFO: global_step=119991, episodic_return=-239.6396484375
2022-11-15 07:14:10,294 - INFO: global_step=120823, episodic_return=-447.0046081542969
2022-11-15 07:14:12,377 - INFO: global_step=121823, episodic_return=-149.52879333496094
2022-11-15 07:14:13,730 - INFO: global_step=122719, episodic_return=-395.86419677734375
2022-11-15 07:14:14,246 - INFO: global_step=123117, episodic_return=-156.01470947265625
2022-11-15 07:14:16,171 - INFO: global_step=124117, episodic_return=-112.20806121826172
2022-11-15 07:14:17,879 - INFO: global_step=125117, episodic_return=-89.23030090332031
2022-11-15 07:14:19,969 - INFO: global_step=126117, episodic_return=-84.7100830078125
2022-11-15 07:14:22,110 - INFO: global_step=127117, episodic_return=-130.26333618164062
2022-11-15 07:14:23,666 - INFO: global_step=128117, episodic_return=-161.14019775390625
2022-11-15 07:14:25,661 - INFO: global_step=129117, episodic_return=-153.40321350097656
2022-11-15 07:14:27,222 - INFO: global_step=130117, episodic_return=-108.884521484375
2022-11-15 07:14:27,905 - INFO: global_step=130664, episodic_return=-57.07178497314453
2022-11-15 07:14:29,498 - INFO: global_step=131664, episodic_return=-95.61436462402344
2022-11-15 07:14:31,369 - INFO: global_step=132664, episodic_return=-112.31949615478516
2022-11-15 07:14:33,788 - INFO: global_step=133664, episodic_return=-123.47913360595703
2022-11-15 07:14:35,716 - INFO: global_step=134664, episodic_return=-157.08941650390625
2022-11-15 07:14:37,342 - INFO: global_step=135664, episodic_return=-160.80906677246094
2022-11-15 07:14:39,182 - INFO: global_step=136664, episodic_return=-139.81593322753906
2022-11-15 07:14:40,656 - INFO: global_step=137664, episodic_return=-42.58552551269531
2022-11-15 07:14:42,593 - INFO: global_step=138664, episodic_return=-132.71652221679688
2022-11-15 07:14:44,271 - INFO: global_step=139664, episodic_return=-100.20355224609375
2022-11-15 07:14:46,025 - INFO: global_step=140664, episodic_return=-141.188720703125
2022-11-15 07:14:47,258 - INFO: global_step=141664, episodic_return=-115.16410064697266
2022-11-15 07:14:49,014 - INFO: global_step=142664, episodic_return=-78.51199340820312
2022-11-15 07:14:51,400 - INFO: global_step=143664, episodic_return=-115.9310073852539
2022-11-15 07:14:54,034 - INFO: global_step=144664, episodic_return=-85.74967193603516
2022-11-15 07:14:54,473 - INFO: global_step=144948, episodic_return=-44.88404083251953
2022-11-15 07:14:56,355 - INFO: global_step=145948, episodic_return=-16.465835571289062
2022-11-15 07:14:58,021 - INFO: global_step=146948, episodic_return=-141.00997924804688
2022-11-15 07:14:59,457 - INFO: global_step=147948, episodic_return=-95.17214965820312
2022-11-15 07:15:00,585 - INFO: global_step=148948, episodic_return=-94.87816619873047
2022-11-15 07:15:01,954 - INFO: global_step=149948, episodic_return=-59.05886459350586
2022-11-15 07:15:02,762 - INFO: global_step=150475, episodic_return=214.05636596679688
2022-11-15 07:15:04,460 - INFO: global_step=151475, episodic_return=-54.323333740234375
2022-11-15 07:15:06,050 - INFO: global_step=152475, episodic_return=-67.09575653076172
2022-11-15 07:15:06,219 - INFO: global_step=152710, episodic_return=-237.3749237060547
2022-11-15 07:15:06,688 - INFO: global_step=153159, episodic_return=-82.85384368896484
2022-11-15 07:15:06,894 - INFO: global_step=153422, episodic_return=-25.673904418945312
2022-11-15 07:15:08,468 - INFO: global_step=154422, episodic_return=-22.884920120239258
2022-11-15 07:15:10,079 - INFO: global_step=155422, episodic_return=-67.4155044555664
2022-11-15 07:15:11,205 - INFO: global_step=156422, episodic_return=-48.614784240722656
2022-11-15 07:15:12,610 - INFO: global_step=157422, episodic_return=-70.52985382080078
2022-11-15 07:15:14,545 - INFO: global_step=158422, episodic_return=-36.25236511230469
2022-11-15 07:15:14,929 - INFO: global_step=158794, episodic_return=9.932929992675781
2022-11-15 07:15:17,065 - INFO: global_step=159794, episodic_return=-148.00332641601562
2022-11-15 07:15:18,375 - INFO: global_step=160794, episodic_return=-55.60761642456055
2022-11-15 07:15:19,913 - INFO: global_step=161407, episodic_return=-195.35467529296875
2022-11-15 07:15:21,635 - INFO: global_step=162407, episodic_return=-33.63370132446289
2022-11-15 07:15:22,988 - INFO: global_step=163407, episodic_return=-57.59678649902344
2022-11-15 07:15:24,715 - INFO: global_step=164407, episodic_return=-101.12088012695312
2022-11-15 07:15:26,175 - INFO: global_step=165407, episodic_return=-39.671348571777344
2022-11-15 07:15:28,032 - INFO: global_step=166407, episodic_return=-8.810417175292969
2022-11-15 07:15:30,204 - INFO: global_step=167407, episodic_return=-88.7265625
2022-11-15 07:15:31,849 - INFO: global_step=168407, episodic_return=-96.37040710449219
2022-11-15 07:15:32,257 - INFO: global_step=168807, episodic_return=-10.658119201660156
2022-11-15 07:15:32,465 - INFO: global_step=169074, episodic_return=-9.673393249511719
2022-11-15 07:15:32,612 - INFO: global_step=169289, episodic_return=-212.36679077148438
2022-11-15 07:15:32,739 - INFO: global_step=169478, episodic_return=8.900718688964844
2022-11-15 07:15:33,742 - INFO: global_step=170478, episodic_return=6.1360273361206055
2022-11-15 07:15:35,893 - INFO: global_step=171478, episodic_return=-14.255398750305176
2022-11-15 07:15:36,980 - INFO: global_step=172389, episodic_return=104.53467559814453
2022-11-15 07:15:38,338 - INFO: global_step=173389, episodic_return=-46.14716339111328
2022-11-15 07:15:39,701 - INFO: global_step=174389, episodic_return=-79.80952453613281
2022-11-15 07:15:39,792 - INFO: global_step=174525, episodic_return=-256.56280517578125
2022-11-15 07:15:40,847 - INFO: global_step=175525, episodic_return=-31.756080627441406
2022-11-15 07:15:42,909 - INFO: global_step=176525, episodic_return=-94.25537109375
2022-11-15 07:15:44,596 - INFO: global_step=177525, episodic_return=-64.63136291503906
2022-11-15 07:15:46,858 - INFO: global_step=178525, episodic_return=-117.86570739746094
2022-11-15 07:15:48,863 - INFO: global_step=179525, episodic_return=-117.99134063720703
2022-11-15 07:15:50,470 - INFO: global_step=180525, episodic_return=-33.821746826171875
2022-11-15 07:15:52,118 - INFO: global_step=181525, episodic_return=-32.2424430847168
2022-11-15 07:15:53,624 - INFO: global_step=182525, episodic_return=0.7530977129936218
2022-11-15 07:15:54,918 - INFO: global_step=183525, episodic_return=-51.37419509887695
2022-11-15 07:15:56,264 - INFO: global_step=184525, episodic_return=-44.34098815917969
2022-11-15 07:15:58,258 - INFO: global_step=185525, episodic_return=-70.32328796386719
2022-11-15 07:15:59,583 - INFO: global_step=186525, episodic_return=-38.823158264160156
2022-11-15 07:16:01,041 - INFO: global_step=187525, episodic_return=-23.49915885925293
2022-11-15 07:16:02,583 - INFO: global_step=188525, episodic_return=-48.27052688598633
2022-11-15 07:16:04,496 - INFO: global_step=189525, episodic_return=-14.083577156066895
2022-11-15 07:16:04,669 - INFO: global_step=189774, episodic_return=14.633224487304688
2022-11-15 07:16:04,966 - INFO: global_step=190136, episodic_return=275.6336669921875
2022-11-15 07:16:06,789 - INFO: global_step=191136, episodic_return=-40.30611801147461
2022-11-15 07:16:07,496 - INFO: global_step=191680, episodic_return=155.98545837402344
2022-11-15 07:16:09,092 - INFO: global_step=192471, episodic_return=129.63755798339844
2022-11-15 07:16:09,896 - INFO: global_step=193105, episodic_return=128.30751037597656
2022-11-15 07:16:11,447 - INFO: global_step=194105, episodic_return=6.319038391113281
2022-11-15 07:16:13,272 - INFO: global_step=195105, episodic_return=-49.96239471435547
2022-11-15 07:16:15,115 - INFO: global_step=196105, episodic_return=-21.30913543701172
2022-11-15 07:16:15,872 - INFO: global_step=196687, episodic_return=203.20362854003906
2022-11-15 07:16:16,584 - INFO: global_step=197187, episodic_return=237.54624938964844
2022-11-15 07:16:16,684 - INFO: global_step=197326, episodic_return=-160.07823181152344
2022-11-15 07:16:16,802 - INFO: global_step=197491, episodic_return=-97.1834487915039
2022-11-15 07:16:18,201 - INFO: global_step=198327, episodic_return=161.2194061279297
2022-11-15 07:16:19,613 - INFO: global_step=199327, episodic_return=-84.82826232910156
2022-11-15 07:16:21,660 - INFO: global_step=200327, episodic_return=43.87580108642578
2022-11-15 07:16:23,370 - INFO: global_step=201327, episodic_return=-52.320228576660156
2022-11-15 07:16:25,266 - INFO: global_step=202327, episodic_return=-74.72762298583984
2022-11-15 07:16:26,853 - INFO: global_step=203286, episodic_return=90.04106903076172
2022-11-15 07:16:27,130 - INFO: global_step=203606, episodic_return=20.022613525390625
2022-11-15 07:16:29,632 - INFO: global_step=204606, episodic_return=-35.87370681762695
2022-11-15 07:16:31,642 - INFO: global_step=205606, episodic_return=-55.02711868286133
2022-11-15 07:16:34,232 - INFO: global_step=206606, episodic_return=-47.73771286010742
2022-11-15 07:16:34,439 - INFO: global_step=206837, episodic_return=5.731575012207031
2022-11-15 07:16:36,379 - INFO: global_step=207837, episodic_return=-75.19343566894531
2022-11-15 07:16:38,156 - INFO: global_step=208837, episodic_return=-65.99270629882812
2022-11-15 07:16:40,605 - INFO: global_step=209837, episodic_return=-82.94681549072266
2022-11-15 07:16:42,149 - INFO: global_step=210837, episodic_return=-77.77897644042969
2022-11-15 07:16:42,338 - INFO: global_step=211077, episodic_return=-5.6485748291015625
2022-11-15 07:16:43,953 - INFO: global_step=212077, episodic_return=-16.9217472076416
2022-11-15 07:16:46,406 - INFO: global_step=213077, episodic_return=64.06844329833984
2022-11-15 07:16:47,829 - INFO: global_step=214077, episodic_return=-81.02422332763672
2022-11-15 07:16:48,277 - INFO: global_step=214548, episodic_return=253.9663543701172
2022-11-15 07:16:49,970 - INFO: global_step=215548, episodic_return=-78.64370727539062
2022-11-15 07:16:50,670 - INFO: global_step=215937, episodic_return=238.50254821777344
2022-11-15 07:16:52,101 - INFO: global_step=216937, episodic_return=-49.28895950317383
2022-11-15 07:16:53,207 - INFO: global_step=217795, episodic_return=150.07774353027344
2022-11-15 07:16:53,303 - INFO: global_step=217939, episodic_return=-178.21456909179688
2022-11-15 07:16:54,070 - INFO: global_step=218536, episodic_return=134.763427734375
2022-11-15 07:16:54,313 - INFO: global_step=218846, episodic_return=246.6170196533203
2022-11-15 07:16:54,783 - INFO: global_step=219301, episodic_return=-44.929256439208984
2022-11-15 07:16:55,360 - INFO: global_step=219856, episodic_return=-80.19120788574219
2022-11-15 07:16:55,663 - INFO: global_step=220203, episodic_return=-85.77377319335938
2022-11-15 07:16:57,482 - INFO: global_step=221203, episodic_return=-0.37933647632598877
2022-11-15 07:16:57,559 - INFO: global_step=221314, episodic_return=-22.836105346679688
2022-11-15 07:16:57,835 - INFO: global_step=221651, episodic_return=-312.04156494140625
2022-11-15 07:16:57,990 - INFO: global_step=221867, episodic_return=-77.2732162475586
2022-11-15 07:16:58,056 - INFO: global_step=221978, episodic_return=-100.84088134765625
2022-11-15 07:16:58,146 - INFO: global_step=222119, episodic_return=-9.056404113769531
2022-11-15 07:16:58,225 - INFO: global_step=222244, episodic_return=-78.4081802368164
2022-11-15 07:16:58,397 - INFO: global_step=222481, episodic_return=-45.31297302246094
2022-11-15 07:16:59,508 - INFO: global_step=223405, episodic_return=119.34359741210938
2022-11-15 07:17:00,683 - INFO: global_step=224195, episodic_return=-149.32647705078125
2022-11-15 07:17:02,559 - INFO: global_step=225195, episodic_return=-9.540969848632812
2022-11-15 07:17:03,067 - INFO: global_step=225680, episodic_return=-93.10343933105469
2022-11-15 07:17:03,160 - INFO: global_step=225826, episodic_return=-70.71066284179688
2022-11-15 07:17:03,517 - INFO: global_step=226208, episodic_return=-143.5423583984375
2022-11-15 07:17:03,601 - INFO: global_step=226338, episodic_return=-139.2515869140625
2022-11-15 07:17:04,142 - INFO: global_step=226731, episodic_return=178.21397399902344
2022-11-15 07:17:04,358 - INFO: global_step=226970, episodic_return=-82.97343444824219
2022-11-15 07:17:05,872 - INFO: global_step=227935, episodic_return=-188.2733612060547
2022-11-15 07:17:06,388 - INFO: global_step=228454, episodic_return=-158.35008239746094
2022-11-15 07:17:07,764 - INFO: global_step=229345, episodic_return=117.22998046875
2022-11-15 07:17:07,960 - INFO: global_step=229606, episodic_return=-88.05834197998047
2022-11-15 07:17:08,670 - INFO: global_step=230184, episodic_return=248.6544952392578
2022-11-15 07:17:10,115 - INFO: global_step=231115, episodic_return=162.56468200683594
2022-11-15 07:17:10,933 - INFO: global_step=231891, episodic_return=-207.35787963867188
2022-11-15 07:17:11,391 - INFO: global_step=232334, episodic_return=8.001739501953125
2022-11-15 07:17:11,829 - INFO: global_step=232812, episodic_return=193.81365966796875
2022-11-15 07:17:11,949 - INFO: global_step=232980, episodic_return=-122.33321380615234
2022-11-15 07:17:12,605 - INFO: global_step=233547, episodic_return=-156.60690307617188
2022-11-15 07:17:13,873 - INFO: global_step=234498, episodic_return=-154.89822387695312
2022-11-15 07:17:14,093 - INFO: global_step=234765, episodic_return=-86.12516784667969
2022-11-15 07:17:14,219 - INFO: global_step=234952, episodic_return=-57.860591888427734
2022-11-15 07:17:14,380 - INFO: global_step=235137, episodic_return=-81.76763916015625
2022-11-15 07:17:14,580 - INFO: global_step=235387, episodic_return=-96.54695892333984
2022-11-15 07:17:14,983 - INFO: global_step=235754, episodic_return=-127.51844787597656
2022-11-15 07:17:15,717 - INFO: global_step=236371, episodic_return=218.18603515625
2022-11-15 07:17:15,874 - INFO: global_step=236600, episodic_return=28.957382202148438
2022-11-15 07:17:16,063 - INFO: global_step=236852, episodic_return=-138.0465545654297
2022-11-15 07:17:16,357 - INFO: global_step=237194, episodic_return=-139.347900390625
2022-11-15 07:17:17,444 - INFO: global_step=238194, episodic_return=-39.840675354003906
2022-11-15 07:17:18,763 - INFO: global_step=239194, episodic_return=-73.14306640625
2022-11-15 07:17:20,330 - INFO: global_step=240194, episodic_return=-36.25981140136719
2022-11-15 07:17:22,503 - INFO: global_step=241194, episodic_return=0.16059058904647827
2022-11-15 07:17:23,793 - INFO: global_step=242194, episodic_return=-34.74763107299805
2022-11-15 07:17:25,662 - INFO: global_step=243194, episodic_return=-125.4200439453125
2022-11-15 07:17:26,910 - INFO: global_step=244194, episodic_return=-86.70756530761719
2022-11-15 07:17:28,965 - INFO: global_step=245194, episodic_return=-105.50226593017578
2022-11-15 07:17:30,373 - INFO: global_step=246194, episodic_return=-80.55634307861328
2022-11-15 07:17:31,780 - INFO: global_step=247194, episodic_return=9.506261825561523
2022-11-15 07:17:33,829 - INFO: global_step=248194, episodic_return=-35.747806549072266
2022-11-15 07:17:35,702 - INFO: global_step=249194, episodic_return=-85.50004577636719
2022-11-15 07:17:37,299 - INFO: global_step=250194, episodic_return=24.858327865600586
2022-11-15 07:17:39,369 - INFO: global_step=251194, episodic_return=-63.924625396728516
2022-11-15 07:17:41,048 - INFO: global_step=252194, episodic_return=-58.27709197998047
2022-11-15 07:17:42,800 - INFO: global_step=253194, episodic_return=-43.2575798034668
2022-11-15 07:17:44,227 - INFO: global_step=254194, episodic_return=-17.674991607666016
2022-11-15 07:17:45,457 - INFO: global_step=255194, episodic_return=-0.9588162302970886
2022-11-15 07:17:47,136 - INFO: global_step=256194, episodic_return=-29.473745346069336
2022-11-15 07:17:48,474 - INFO: global_step=257194, episodic_return=-38.89208984375
2022-11-15 07:17:51,020 - INFO: global_step=258194, episodic_return=-19.490310668945312
2022-11-15 07:17:53,102 - INFO: global_step=259194, episodic_return=-60.50486755371094
2022-11-15 07:17:54,932 - INFO: global_step=260194, episodic_return=8.420392036437988
2022-11-15 07:17:56,764 - INFO: global_step=261194, episodic_return=-55.55522537231445
2022-11-15 07:17:58,297 - INFO: global_step=262194, episodic_return=-5.761826515197754
2022-11-15 07:17:59,717 - INFO: global_step=263194, episodic_return=-14.101390838623047
2022-11-15 07:18:01,071 - INFO: global_step=264159, episodic_return=154.91754150390625
2022-11-15 07:18:02,684 - INFO: global_step=265159, episodic_return=-80.04452514648438
2022-11-15 07:18:03,547 - INFO: global_step=265823, episodic_return=203.38687133789062
2022-11-15 07:18:05,091 - INFO: global_step=266627, episodic_return=181.67218017578125
2022-11-15 07:18:05,983 - INFO: global_step=267520, episodic_return=-112.63919067382812
2022-11-15 07:18:07,072 - INFO: global_step=268520, episodic_return=0.6366277933120728
2022-11-15 07:18:07,966 - INFO: global_step=269345, episodic_return=84.61368560791016
2022-11-15 07:18:08,461 - INFO: global_step=269794, episodic_return=179.94830322265625
2022-11-15 07:18:09,909 - INFO: global_step=270776, episodic_return=37.037105560302734
2022-11-15 07:18:11,242 - INFO: global_step=271776, episodic_return=75.59228515625
2022-11-15 07:18:13,489 - INFO: global_step=272776, episodic_return=-20.742128372192383
2022-11-15 07:18:14,676 - INFO: global_step=273776, episodic_return=44.672637939453125
2022-11-15 07:18:16,431 - INFO: global_step=274776, episodic_return=-48.15978240966797
2022-11-15 07:18:18,161 - INFO: global_step=275776, episodic_return=-73.059814453125
2022-11-15 07:18:19,813 - INFO: global_step=276776, episodic_return=-44.801029205322266
2022-11-15 07:18:21,903 - INFO: global_step=277776, episodic_return=-84.46570587158203
2022-11-15 07:18:23,661 - INFO: global_step=278776, episodic_return=-26.93297576904297
2022-11-15 07:18:24,965 - INFO: global_step=279776, episodic_return=-2.322782278060913
2022-11-15 07:18:26,026 - INFO: global_step=280776, episodic_return=5.83636474609375
2022-11-15 07:18:27,247 - INFO: global_step=281776, episodic_return=62.49638366699219
2022-11-15 07:18:28,503 - INFO: global_step=282776, episodic_return=-37.85770034790039
2022-11-15 07:18:29,523 - INFO: global_step=283776, episodic_return=-20.57647132873535
2022-11-15 07:18:31,039 - INFO: global_step=284776, episodic_return=-108.35138702392578
2022-11-15 07:18:32,372 - INFO: global_step=285776, episodic_return=-46.5498046875
2022-11-15 07:18:33,302 - INFO: global_step=286648, episodic_return=74.9779281616211
2022-11-15 07:18:34,758 - INFO: global_step=287648, episodic_return=-77.61109924316406
2022-11-15 07:18:36,167 - INFO: global_step=288648, episodic_return=56.14942932128906
2022-11-15 07:18:36,649 - INFO: global_step=289143, episodic_return=-74.97357177734375
2022-11-15 07:18:37,230 - INFO: global_step=289640, episodic_return=197.49810791015625
2022-11-15 07:18:38,357 - INFO: global_step=290499, episodic_return=149.39651489257812
2022-11-15 07:18:40,106 - INFO: global_step=291499, episodic_return=-13.992338180541992
2022-11-15 07:18:41,348 - INFO: global_step=292499, episodic_return=-68.63347625732422
2022-11-15 07:18:42,828 - INFO: global_step=293499, episodic_return=-63.840362548828125
2022-11-15 07:18:44,009 - INFO: global_step=294499, episodic_return=-19.84790802001953
2022-11-15 07:18:45,720 - INFO: global_step=295499, episodic_return=-61.4392204284668
2022-11-15 07:18:46,757 - INFO: global_step=296078, episodic_return=-52.748538970947266
2022-11-15 07:18:48,734 - INFO: global_step=297078, episodic_return=-1.3548574447631836
2022-11-15 07:18:49,645 - INFO: global_step=297968, episodic_return=-141.60699462890625
2022-11-15 07:18:51,883 - INFO: global_step=298876, episodic_return=121.43295288085938
2022-11-15 07:18:52,361 - INFO: global_step=299291, episodic_return=-146.0242919921875
2022-11-15 07:18:53,501 - INFO: global_step=299950, episodic_return=-149.93121337890625
2022-11-15 07:18:54,821 - INFO: global_step=300950, episodic_return=-14.292712211608887
2022-11-15 07:18:56,317 - INFO: global_step=301950, episodic_return=-18.91628074645996
2022-11-15 07:18:57,812 - INFO: global_step=302950, episodic_return=-74.98336029052734
2022-11-15 07:19:00,165 - INFO: global_step=303950, episodic_return=-64.8715591430664
2022-11-15 07:19:01,999 - INFO: global_step=304950, episodic_return=-77.59185791015625
2022-11-15 07:19:03,922 - INFO: global_step=305950, episodic_return=-6.030167579650879
2022-11-15 07:19:05,169 - INFO: global_step=306950, episodic_return=-59.12908172607422
2022-11-15 07:19:05,619 - INFO: global_step=307327, episodic_return=-13.669937133789062
2022-11-15 07:19:07,114 - INFO: global_step=308327, episodic_return=47.898433685302734
2022-11-15 07:19:09,036 - INFO: global_step=309327, episodic_return=-70.81256866455078
2022-11-15 07:19:10,379 - INFO: global_step=310327, episodic_return=-57.87684631347656
2022-11-15 07:19:10,561 - INFO: global_step=310529, episodic_return=-165.63638305664062
2022-11-15 07:19:12,339 - INFO: global_step=311529, episodic_return=-47.99190902709961
2022-11-15 07:19:14,277 - INFO: global_step=312529, episodic_return=-10.892000198364258
2022-11-15 07:19:16,264 - INFO: global_step=313529, episodic_return=-96.68276977539062
2022-11-15 07:19:17,849 - INFO: global_step=314529, episodic_return=-92.59915161132812
2022-11-15 07:19:20,066 - INFO: global_step=315529, episodic_return=-81.19818115234375
2022-11-15 07:19:21,221 - INFO: global_step=316529, episodic_return=-78.37704467773438
2022-11-15 07:19:22,256 - INFO: global_step=317529, episodic_return=-29.52895164489746
2022-11-15 07:19:23,762 - INFO: global_step=318529, episodic_return=-70.5708999633789
2022-11-15 07:19:25,286 - INFO: global_step=319529, episodic_return=-111.51374816894531
2022-11-15 07:19:26,810 - INFO: global_step=320529, episodic_return=-11.807812690734863
2022-11-15 07:19:28,176 - INFO: global_step=321529, episodic_return=-53.890663146972656
2022-11-15 07:19:30,002 - INFO: global_step=322529, episodic_return=-64.48365020751953
2022-11-15 07:19:31,459 - INFO: global_step=323529, episodic_return=-93.20954132080078
2022-11-15 07:19:32,994 - INFO: global_step=324529, episodic_return=-120.20624542236328
2022-11-15 07:19:34,146 - INFO: global_step=325529, episodic_return=-42.28895950317383
2022-11-15 07:19:36,022 - INFO: global_step=326529, episodic_return=-68.93317413330078
2022-11-15 07:19:37,191 - INFO: global_step=327529, episodic_return=-69.44679260253906
2022-11-15 07:19:38,893 - INFO: global_step=328529, episodic_return=-115.91946411132812
2022-11-15 07:19:40,645 - INFO: global_step=329529, episodic_return=-102.3375244140625
2022-11-15 07:19:42,121 - INFO: global_step=330529, episodic_return=-76.47247314453125
2022-11-15 07:19:43,963 - INFO: global_step=331529, episodic_return=-124.21593475341797
2022-11-15 07:19:45,671 - INFO: global_step=332529, episodic_return=-31.682287216186523
2022-11-15 07:19:47,109 - INFO: global_step=333529, episodic_return=-40.98443603515625
2022-11-15 07:19:48,622 - INFO: global_step=334529, episodic_return=-57.324440002441406
2022-11-15 07:19:49,833 - INFO: global_step=335529, episodic_return=-96.07038879394531
2022-11-15 07:19:52,261 - INFO: global_step=336529, episodic_return=-116.33744812011719
2022-11-15 07:19:54,030 - INFO: global_step=337529, episodic_return=-69.51266479492188
2022-11-15 07:19:55,458 - INFO: global_step=338529, episodic_return=-34.107452392578125
2022-11-15 07:19:56,844 - INFO: global_step=339529, episodic_return=-54.53147506713867
2022-11-15 07:19:57,971 - INFO: global_step=340529, episodic_return=-96.90072631835938
2022-11-15 07:19:59,477 - INFO: global_step=341529, episodic_return=-73.56526947021484
2022-11-15 07:20:01,127 - INFO: global_step=342529, episodic_return=-35.34445571899414
2022-11-15 07:20:03,802 - INFO: global_step=343529, episodic_return=-86.3584976196289
2022-11-15 07:20:05,228 - INFO: global_step=344529, episodic_return=-106.79476928710938
2022-11-15 07:20:05,373 - INFO: global_step=344737, episodic_return=-118.05091094970703
2022-11-15 07:20:05,586 - INFO: global_step=345022, episodic_return=-99.81611633300781
2022-11-15 07:20:05,732 - INFO: global_step=345191, episodic_return=-63.69382858276367
2022-11-15 07:20:07,691 - INFO: global_step=346191, episodic_return=-48.11781311035156
2022-11-15 07:20:08,975 - INFO: global_step=347191, episodic_return=-43.950016021728516
2022-11-15 07:20:10,805 - INFO: global_step=348191, episodic_return=-44.89516830444336
2022-11-15 07:20:11,927 - INFO: global_step=348905, episodic_return=-88.896240234375
2022-11-15 07:20:12,216 - INFO: global_step=349249, episodic_return=-106.57798767089844
2022-11-15 07:20:13,302 - INFO: global_step=350219, episodic_return=140.6810302734375
2022-11-15 07:20:14,192 - INFO: global_step=351016, episodic_return=173.084716796875
2022-11-15 07:20:15,914 - INFO: global_step=352016, episodic_return=4.1366705894470215
2022-11-15 07:20:17,748 - INFO: global_step=353016, episodic_return=72.88227081298828
2022-11-15 07:20:18,633 - INFO: global_step=353742, episodic_return=206.55484008789062
2022-11-15 07:20:19,071 - INFO: global_step=354238, episodic_return=-191.73947143554688
2022-11-15 07:20:20,623 - INFO: global_step=355238, episodic_return=-65.48486328125
2022-11-15 07:20:21,801 - INFO: global_step=356238, episodic_return=-39.36391067504883
2022-11-15 07:20:23,600 - INFO: global_step=357238, episodic_return=-116.11432647705078
2022-11-15 07:20:24,860 - INFO: global_step=358238, episodic_return=-90.3645248413086
2022-11-15 07:20:26,060 - INFO: global_step=359238, episodic_return=-59.70384216308594
2022-11-15 07:20:27,317 - INFO: global_step=360238, episodic_return=-76.9247055053711
2022-11-15 07:20:28,761 - INFO: global_step=361238, episodic_return=-59.549354553222656
2022-11-15 07:20:30,216 - INFO: global_step=362238, episodic_return=-80.55471801757812
2022-11-15 07:20:31,873 - INFO: global_step=363238, episodic_return=-77.01207733154297
2022-11-15 07:20:33,651 - INFO: global_step=364238, episodic_return=-61.08863830566406
2022-11-15 07:20:35,715 - INFO: global_step=365238, episodic_return=-27.651195526123047
2022-11-15 07:20:37,263 - INFO: global_step=366238, episodic_return=-49.1281852722168
2022-11-15 07:20:38,724 - INFO: global_step=367238, episodic_return=-97.3338623046875
2022-11-15 07:20:40,416 - INFO: global_step=368238, episodic_return=-43.167015075683594
2022-11-15 07:20:41,888 - INFO: global_step=369238, episodic_return=-71.169921875
2022-11-15 07:20:43,190 - INFO: global_step=370238, episodic_return=-34.21634292602539
2022-11-15 07:20:44,556 - INFO: global_step=371238, episodic_return=-1.1735246181488037
2022-11-15 07:20:47,055 - INFO: global_step=372238, episodic_return=-89.59476470947266
2022-11-15 07:20:48,680 - INFO: global_step=373238, episodic_return=-96.02482604980469
2022-11-15 07:20:50,781 - INFO: global_step=374238, episodic_return=-117.06390380859375
2022-11-15 07:20:52,855 - INFO: global_step=375238, episodic_return=-126.41919708251953
2022-11-15 07:20:54,432 - INFO: global_step=376238, episodic_return=-102.08781433105469
2022-11-15 07:20:56,008 - INFO: global_step=377238, episodic_return=-62.74274826049805
2022-11-15 07:20:57,278 - INFO: global_step=378238, episodic_return=-70.00025939941406
2022-11-15 07:20:58,539 - INFO: global_step=379238, episodic_return=-60.703609466552734
2022-11-15 07:21:00,026 - INFO: global_step=380238, episodic_return=-66.902587890625
2022-11-15 07:21:02,006 - INFO: global_step=381238, episodic_return=-22.052406311035156
2022-11-15 07:21:03,749 - INFO: global_step=382238, episodic_return=-23.58296012878418
2022-11-15 07:21:05,266 - INFO: global_step=383238, episodic_return=-13.530020713806152
2022-11-15 07:21:06,316 - INFO: global_step=384091, episodic_return=134.21029663085938
2022-11-15 07:21:08,112 - INFO: global_step=385091, episodic_return=8.237642288208008
2022-11-15 07:21:09,281 - INFO: global_step=385904, episodic_return=146.60443115234375
2022-11-15 07:21:10,450 - INFO: global_step=386898, episodic_return=72.12419128417969
2022-11-15 07:21:10,841 - INFO: global_step=387280, episodic_return=178.6898193359375
2022-11-15 07:21:11,065 - INFO: global_step=387537, episodic_return=-79.19071960449219
2022-11-15 07:21:11,323 - INFO: global_step=387840, episodic_return=-38.88764572143555
2022-11-15 07:21:12,170 - INFO: global_step=388535, episodic_return=194.47145080566406
2022-11-15 07:21:13,063 - INFO: global_step=389176, episodic_return=216.75607299804688
2022-11-15 07:21:13,256 - INFO: global_step=389393, episodic_return=-35.862937927246094
2022-11-15 07:21:13,603 - INFO: global_step=389720, episodic_return=262.301025390625
2022-11-15 07:21:13,732 - INFO: global_step=389879, episodic_return=-73.22200775146484
2022-11-15 07:21:14,032 - INFO: global_step=390269, episodic_return=259.30548095703125
2022-11-15 07:21:15,291 - INFO: global_step=391221, episodic_return=96.81936645507812
2022-11-15 07:21:15,977 - INFO: global_step=391893, episodic_return=129.30035400390625
2022-11-15 07:21:16,382 - INFO: global_step=392283, episodic_return=-74.94845581054688
2022-11-15 07:21:16,784 - INFO: global_step=392719, episodic_return=202.09837341308594
2022-11-15 07:21:17,251 - INFO: global_step=393169, episodic_return=114.49645233154297
2022-11-15 07:21:17,415 - INFO: global_step=393359, episodic_return=-83.4210433959961
2022-11-15 07:21:17,756 - INFO: global_step=393670, episodic_return=-109.51614379882812
2022-11-15 07:21:18,027 - INFO: global_step=393972, episodic_return=-127.29207611083984
2022-11-15 07:21:18,231 - INFO: global_step=394227, episodic_return=-211.47509765625
2022-11-15 07:21:18,481 - INFO: global_step=394498, episodic_return=-78.47919464111328
2022-11-15 07:21:18,769 - INFO: global_step=394740, episodic_return=-172.20379638671875
2022-11-15 07:21:18,966 - INFO: global_step=394917, episodic_return=-129.92221069335938
2022-11-15 07:21:19,191 - INFO: global_step=395147, episodic_return=-114.83834075927734
2022-11-15 07:21:19,524 - INFO: global_step=395439, episodic_return=-97.67900848388672
2022-11-15 07:21:19,749 - INFO: global_step=395687, episodic_return=-84.91365051269531
2022-11-15 07:21:20,164 - INFO: global_step=396102, episodic_return=-33.496429443359375
2022-11-15 07:21:23,041 - INFO: global_step=397102, episodic_return=-34.80496597290039
2022-11-15 07:21:24,499 - INFO: global_step=398102, episodic_return=-9.634113311767578
2022-11-15 07:21:25,684 - INFO: global_step=399102, episodic_return=-3.275986671447754
2022-11-15 07:21:26,914 - INFO: global_step=400102, episodic_return=-50.31501007080078
2022-11-15 07:21:28,470 - INFO: global_step=401102, episodic_return=-65.4442367553711
2022-11-15 07:21:30,468 - INFO: global_step=402102, episodic_return=0.03732091188430786
2022-11-15 07:21:32,119 - INFO: global_step=403102, episodic_return=-26.769180297851562
2022-11-15 07:21:33,473 - INFO: global_step=404102, episodic_return=-125.89303588867188
2022-11-15 07:21:34,943 - INFO: global_step=405102, episodic_return=59.038692474365234
2022-11-15 07:21:35,174 - INFO: global_step=405327, episodic_return=-100.32837677001953
2022-11-15 07:21:35,707 - INFO: global_step=405754, episodic_return=-173.50067138671875
2022-11-15 07:21:37,010 - INFO: global_step=406475, episodic_return=173.6256866455078
2022-11-15 07:21:38,037 - INFO: global_step=407225, episodic_return=163.25723266601562
2022-11-15 07:21:39,153 - INFO: global_step=408110, episodic_return=158.71316528320312
2022-11-15 07:21:40,657 - INFO: global_step=409083, episodic_return=89.90229797363281
2022-11-15 07:21:42,367 - INFO: global_step=410083, episodic_return=-21.116119384765625
2022-11-15 07:21:43,182 - INFO: global_step=410648, episodic_return=190.47943115234375
2022-11-15 07:21:43,652 - INFO: global_step=411076, episodic_return=-67.71107482910156
2022-11-15 07:21:44,434 - INFO: global_step=411672, episodic_return=227.21182250976562
2022-11-15 07:21:45,015 - INFO: global_step=412179, episodic_return=167.23301696777344
2022-11-15 07:21:45,573 - INFO: global_step=412718, episodic_return=129.41754150390625
2022-11-15 07:21:45,708 - INFO: global_step=412937, episodic_return=278.3477783203125
2022-11-15 07:21:47,167 - INFO: global_step=413895, episodic_return=135.07078552246094
2022-11-15 07:21:47,478 - INFO: global_step=414250, episodic_return=-68.50004577636719
2022-11-15 07:21:48,104 - INFO: global_step=414738, episodic_return=174.0459747314453
2022-11-15 07:21:48,645 - INFO: global_step=415198, episodic_return=197.57310485839844
2022-11-15 07:21:48,972 - INFO: global_step=415534, episodic_return=270.5792236328125
2022-11-15 07:21:49,053 - INFO: global_step=415652, episodic_return=-7.893959045410156
2022-11-15 07:21:49,179 - INFO: global_step=415828, episodic_return=27.741867065429688
2022-11-15 07:21:49,262 - INFO: global_step=415960, episodic_return=24.86792755126953
2022-11-15 07:21:49,315 - INFO: global_step=416051, episodic_return=-28.45563507080078
2022-11-15 07:21:49,374 - INFO: global_step=416145, episodic_return=-161.4227294921875
2022-11-15 07:21:49,435 - INFO: global_step=416237, episodic_return=-146.55325317382812
2022-11-15 07:21:49,526 - INFO: global_step=416363, episodic_return=48.96507263183594
2022-11-15 07:21:49,709 - INFO: global_step=416582, episodic_return=-32.909515380859375
2022-11-15 07:21:49,792 - INFO: global_step=416701, episodic_return=-82.8908462524414
2022-11-15 07:21:49,832 - INFO: global_step=416769, episodic_return=-91.37217712402344
2022-11-15 07:21:49,892 - INFO: global_step=416866, episodic_return=-202.86643981933594
2022-11-15 07:21:50,133 - INFO: global_step=417160, episodic_return=221.7229766845703
2022-11-15 07:21:50,219 - INFO: global_step=417294, episodic_return=-65.1087646484375
2022-11-15 07:21:50,960 - INFO: global_step=417948, episodic_return=-170.6497344970703
2022-11-15 07:21:52,297 - INFO: global_step=418948, episodic_return=-44.834869384765625
2022-11-15 07:21:53,691 - INFO: global_step=419948, episodic_return=-58.0441780090332
2022-11-15 07:21:56,037 - INFO: global_step=420948, episodic_return=-56.819244384765625
2022-11-15 07:21:57,877 - INFO: global_step=421948, episodic_return=-26.18669319152832
2022-11-15 07:21:59,768 - INFO: global_step=422948, episodic_return=16.343555450439453
2022-11-15 07:22:01,074 - INFO: global_step=423948, episodic_return=11.044958114624023
2022-11-15 07:22:02,428 - INFO: global_step=424948, episodic_return=-4.3802056312561035
2022-11-15 07:22:03,775 - INFO: global_step=425948, episodic_return=-19.507671356201172
2022-11-15 07:22:05,873 - INFO: global_step=426948, episodic_return=-54.75505447387695
2022-11-15 07:22:07,618 - INFO: global_step=427948, episodic_return=-7.888669013977051
2022-11-15 07:22:09,112 - INFO: global_step=428948, episodic_return=-90.88544464111328
2022-11-15 07:22:10,934 - INFO: global_step=429948, episodic_return=-69.44551849365234
2022-11-15 07:22:13,142 - INFO: global_step=430948, episodic_return=-58.1273078918457
2022-11-15 07:22:14,637 - INFO: global_step=431948, episodic_return=-142.5509033203125
2022-11-15 07:22:15,861 - INFO: global_step=432948, episodic_return=-125.16633605957031
2022-11-15 07:22:18,009 - INFO: global_step=433948, episodic_return=-42.099056243896484
2022-11-15 07:22:19,377 - INFO: global_step=434948, episodic_return=-110.86813354492188
2022-11-15 07:22:20,588 - INFO: global_step=435948, episodic_return=-115.8023681640625
2022-11-15 07:22:22,141 - INFO: global_step=436948, episodic_return=-76.60920715332031
2022-11-15 07:22:23,673 - INFO: global_step=437948, episodic_return=-36.946556091308594
2022-11-15 07:22:26,013 - INFO: global_step=438948, episodic_return=-62.257320404052734
2022-11-15 07:22:27,770 - INFO: global_step=439948, episodic_return=-88.14562225341797
2022-11-15 07:22:29,772 - INFO: global_step=440948, episodic_return=-118.53974151611328
2022-11-15 07:22:30,803 - INFO: global_step=441948, episodic_return=-116.47077178955078
2022-11-15 07:22:32,872 - INFO: global_step=442948, episodic_return=-127.23863983154297
2022-11-15 07:22:34,476 - INFO: global_step=443948, episodic_return=-45.91782760620117
2022-11-15 07:22:35,545 - INFO: global_step=444948, episodic_return=-98.19391632080078
2022-11-15 07:22:37,065 - INFO: global_step=445948, episodic_return=-119.1828384399414
2022-11-15 07:22:39,354 - INFO: global_step=446948, episodic_return=-87.14306640625
2022-11-15 07:22:39,721 - INFO: global_step=447300, episodic_return=-110.81428527832031
2022-11-15 07:22:41,171 - INFO: global_step=448240, episodic_return=-235.14739990234375
2022-11-15 07:22:42,447 - INFO: global_step=449240, episodic_return=-6.048250198364258
2022-11-15 07:22:42,734 - INFO: global_step=449579, episodic_return=-89.89031219482422
2022-11-15 07:22:44,181 - INFO: global_step=450579, episodic_return=-13.289788246154785
2022-11-15 07:22:45,568 - INFO: global_step=451579, episodic_return=-30.86069679260254
2022-11-15 07:22:46,743 - INFO: global_step=452243, episodic_return=-172.06776428222656
2022-11-15 07:22:48,848 - INFO: global_step=453243, episodic_return=-47.845855712890625
2022-11-15 07:22:49,966 - INFO: global_step=454243, episodic_return=-61.459835052490234
2022-11-15 07:22:51,858 - INFO: global_step=455243, episodic_return=-2.3558413982391357
2022-11-15 07:22:53,538 - INFO: global_step=456243, episodic_return=-20.383281707763672
2022-11-15 07:22:55,299 - INFO: global_step=457243, episodic_return=-56.236351013183594
2022-11-15 07:22:57,222 - INFO: global_step=458243, episodic_return=-72.74273681640625
2022-11-15 07:22:58,523 - INFO: global_step=459243, episodic_return=-63.8862190246582
2022-11-15 07:23:00,236 - INFO: global_step=460243, episodic_return=-2.5715460777282715
2022-11-15 07:23:02,206 - INFO: global_step=461243, episodic_return=-49.83224105834961
2022-11-15 07:23:03,737 - INFO: global_step=462243, episodic_return=3.80733323097229
2022-11-15 07:23:06,036 - INFO: global_step=463243, episodic_return=-59.690399169921875
2022-11-15 07:23:07,878 - INFO: global_step=464243, episodic_return=71.5465316772461
2022-11-15 07:23:09,923 - INFO: global_step=465243, episodic_return=90.46990966796875
2022-11-15 07:23:10,702 - INFO: global_step=465834, episodic_return=200.22854614257812
2022-11-15 07:23:11,568 - INFO: global_step=466490, episodic_return=268.72344970703125
2022-11-15 07:23:12,011 - INFO: global_step=466882, episodic_return=248.52317810058594
2022-11-15 07:23:13,188 - INFO: global_step=467667, episodic_return=117.29380798339844
2022-11-15 07:23:14,518 - INFO: global_step=468667, episodic_return=80.22665405273438
2022-11-15 07:23:14,909 - INFO: global_step=469088, episodic_return=249.9722442626953
2022-11-15 07:23:15,363 - INFO: global_step=469455, episodic_return=257.9499206542969
2022-11-15 07:23:16,015 - INFO: global_step=470045, episodic_return=208.0936279296875
2022-11-15 07:23:16,329 - INFO: global_step=470394, episodic_return=164.904296875
2022-11-15 07:23:16,628 - INFO: global_step=470795, episodic_return=-12.200386047363281
2022-11-15 07:23:17,114 - INFO: global_step=471252, episodic_return=234.6478271484375
2022-11-15 07:23:17,404 - INFO: global_step=471619, episodic_return=201.2536163330078
2022-11-15 07:23:17,970 - INFO: global_step=472120, episodic_return=241.3387908935547
2022-11-15 07:23:18,062 - INFO: global_step=472263, episodic_return=-43.1126594543457
2022-11-15 07:23:18,116 - INFO: global_step=472355, episodic_return=-77.04861450195312
2022-11-15 07:23:18,436 - INFO: global_step=472686, episodic_return=232.65380859375
2022-11-15 07:23:18,908 - INFO: global_step=473161, episodic_return=138.3066864013672
2022-11-15 07:23:19,628 - INFO: global_step=473732, episodic_return=213.49557495117188
2022-11-15 07:23:20,387 - INFO: global_step=474404, episodic_return=171.7209014892578
2022-11-15 07:23:22,252 - INFO: global_step=475375, episodic_return=-318.0216064453125
2022-11-15 07:23:24,219 - INFO: global_step=476338, episodic_return=116.48094177246094
2022-11-15 07:23:25,859 - INFO: global_step=477338, episodic_return=-112.32999420166016
2022-11-15 07:23:26,558 - INFO: global_step=477896, episodic_return=141.9086151123047
2022-11-15 07:23:27,931 - INFO: global_step=478758, episodic_return=191.29922485351562
2022-11-15 07:23:28,498 - INFO: global_step=479254, episodic_return=226.62808227539062
2022-11-15 07:23:28,634 - INFO: global_step=479457, episodic_return=4.522392272949219
2022-11-15 07:23:29,032 - INFO: global_step=479884, episodic_return=238.428466796875
2022-11-15 07:23:31,401 - INFO: global_step=480884, episodic_return=36.79806900024414
2022-11-15 07:23:32,502 - INFO: global_step=481623, episodic_return=198.29754638671875
2022-11-15 07:23:33,904 - INFO: global_step=482539, episodic_return=193.78756713867188
2022-11-15 07:23:34,127 - INFO: global_step=482778, episodic_return=-33.50091552734375
2022-11-15 07:23:35,038 - INFO: global_step=483497, episodic_return=137.75448608398438
2022-11-15 07:23:35,146 - INFO: global_step=483657, episodic_return=-99.6845474243164
2022-11-15 07:23:35,424 - INFO: global_step=483981, episodic_return=202.26773071289062
2022-11-15 07:23:36,073 - INFO: global_step=484558, episodic_return=126.05784606933594
2022-11-15 07:23:37,704 - INFO: global_step=485558, episodic_return=-45.637054443359375
2022-11-15 07:23:39,042 - INFO: global_step=486376, episodic_return=138.9085235595703
2022-11-15 07:23:40,595 - INFO: global_step=487376, episodic_return=-80.85543823242188
2022-11-15 07:23:42,318 - INFO: global_step=488376, episodic_return=-70.16584777832031
2022-11-15 07:23:43,621 - INFO: global_step=489376, episodic_return=-33.980926513671875
2022-11-15 07:23:45,030 - INFO: global_step=490376, episodic_return=-48.676902770996094
2022-11-15 07:23:46,087 - INFO: global_step=491164, episodic_return=130.9911651611328
2022-11-15 07:23:47,003 - INFO: global_step=491867, episodic_return=201.61904907226562
2022-11-15 07:23:47,896 - INFO: global_step=492655, episodic_return=130.2384033203125
2022-11-15 07:23:49,017 - INFO: global_step=493391, episodic_return=156.47039794921875
2022-11-15 07:23:49,832 - INFO: global_step=494115, episodic_return=78.323486328125
2022-11-15 07:23:49,982 - INFO: global_step=494329, episodic_return=-63.00479507446289
2022-11-15 07:23:50,276 - INFO: global_step=494686, episodic_return=159.30819702148438
2022-11-15 07:23:51,189 - INFO: global_step=495368, episodic_return=-168.04727172851562
2022-11-15 07:23:51,713 - INFO: global_step=495787, episodic_return=-19.211196899414062
2022-11-15 07:23:53,319 - INFO: global_step=496787, episodic_return=-42.854801177978516
2022-11-15 07:23:54,056 - INFO: global_step=497436, episodic_return=193.671630859375
2022-11-15 07:23:56,032 - INFO: global_step=498436, episodic_return=-79.13684844970703
2022-11-15 07:23:57,737 - INFO: global_step=499436, episodic_return=-53.206787109375
2022-11-15 07:23:58,781 - INFO: The average reward of last 20 steps: 30.540541458129884
