2022-11-15 07:24:02,392 - INFO: +--------------------------+----------------+
| Parameter                | Value          |
+--------------------------+----------------+
| exp_name                 | dqn            |
+--------------------------+----------------+
| seed                     | 42             |
+--------------------------+----------------+
| total_timesteps          | 500000         |
+--------------------------+----------------+
| learning_rate            | 0.001          |
+--------------------------+----------------+
| buffer_size              | 2000           |
+--------------------------+----------------+
| gamma                    | 0.982          |
+--------------------------+----------------+
| target_network_frequency | 50             |
+--------------------------+----------------+
| batch_size               | 128            |
+--------------------------+----------------+
| start_e                  | 0.300          |
+--------------------------+----------------+
| end_e                    | 0.050          |
+--------------------------+----------------+
| exploration_fraction     | 0.100          |
+--------------------------+----------------+
| learning_starts          | 10000          |
+--------------------------+----------------+
| train_frequency          | 10             |
+--------------------------+----------------+
| env_id                   | LunarLander-v2 |
+--------------------------+----------------+
2022-11-15 07:24:04,662 - INFO: global_step=111, episodic_return=-611.77490234375
2022-11-15 07:24:04,684 - INFO: global_step=172, episodic_return=-122.97918701171875
2022-11-15 07:24:04,705 - INFO: global_step=228, episodic_return=-94.93672180175781
2022-11-15 07:24:04,737 - INFO: global_step=311, episodic_return=-406.9200134277344
2022-11-15 07:24:04,764 - INFO: global_step=380, episodic_return=-112.57621765136719
2022-11-15 07:24:04,810 - INFO: global_step=495, episodic_return=-479.4324645996094
2022-11-15 07:24:04,840 - INFO: global_step=573, episodic_return=-398.597900390625
2022-11-15 07:24:04,893 - INFO: global_step=713, episodic_return=-640.2501220703125
2022-11-15 07:24:04,935 - INFO: global_step=814, episodic_return=-671.2049560546875
2022-11-15 07:24:04,987 - INFO: global_step=934, episodic_return=-627.7997436523438
2022-11-15 07:24:05,060 - INFO: global_step=1101, episodic_return=-776.7139282226562
2022-11-15 07:24:05,081 - INFO: global_step=1154, episodic_return=-118.8988037109375
2022-11-15 07:24:05,228 - INFO: global_step=1421, episodic_return=-1337.0836181640625
2022-11-15 07:24:05,275 - INFO: global_step=1533, episodic_return=-607.4620361328125
2022-11-15 07:24:05,296 - INFO: global_step=1587, episodic_return=-106.96476745605469
2022-11-15 07:24:05,326 - INFO: global_step=1662, episodic_return=-501.8840026855469
2022-11-15 07:24:05,359 - INFO: global_step=1744, episodic_return=-493.2634582519531
2022-11-15 07:24:05,382 - INFO: global_step=1810, episodic_return=-482.505859375
2022-11-15 07:24:05,534 - INFO: global_step=2082, episodic_return=-1533.2449951171875
2022-11-15 07:24:05,556 - INFO: global_step=2138, episodic_return=-440.23358154296875
2022-11-15 07:24:05,581 - INFO: global_step=2202, episodic_return=-500.1899719238281
2022-11-15 07:24:05,612 - INFO: global_step=2282, episodic_return=-595.8942260742188
2022-11-15 07:24:05,643 - INFO: global_step=2357, episodic_return=-572.2611083984375
2022-11-15 07:24:05,673 - INFO: global_step=2439, episodic_return=-581.3500366210938
2022-11-15 07:24:05,719 - INFO: global_step=2550, episodic_return=-620.091064453125
2022-11-15 07:24:05,760 - INFO: global_step=2655, episodic_return=-494.74847412109375
2022-11-15 07:24:05,792 - INFO: global_step=2736, episodic_return=-512.0510864257812
2022-11-15 07:24:05,815 - INFO: global_step=2799, episodic_return=-494.1636657714844
2022-11-15 07:24:05,841 - INFO: global_step=2874, episodic_return=-506.3654479980469
2022-11-15 07:24:05,866 - INFO: global_step=2937, episodic_return=-129.6429901123047
2022-11-15 07:24:05,906 - INFO: global_step=3046, episodic_return=-635.1983642578125
2022-11-15 07:24:05,929 - INFO: global_step=3105, episodic_return=-87.34154510498047
2022-11-15 07:24:05,961 - INFO: global_step=3185, episodic_return=-449.6429748535156
2022-11-15 07:24:06,007 - INFO: global_step=3294, episodic_return=-523.788818359375
2022-11-15 07:24:06,062 - INFO: global_step=3433, episodic_return=-650.43603515625
2022-11-15 07:24:06,094 - INFO: global_step=3517, episodic_return=-543.8724365234375
2022-11-15 07:24:06,113 - INFO: global_step=3570, episodic_return=-119.3675308227539
2022-11-15 07:24:06,157 - INFO: global_step=3672, episodic_return=-605.9207763671875
2022-11-15 07:24:06,229 - INFO: global_step=3831, episodic_return=-967.9526977539062
2022-11-15 07:24:06,266 - INFO: global_step=3916, episodic_return=-648.0430908203125
2022-11-15 07:24:06,286 - INFO: global_step=3966, episodic_return=-372.108642578125
2022-11-15 07:24:06,349 - INFO: global_step=4091, episodic_return=-654.6156005859375
2022-11-15 07:24:06,450 - INFO: global_step=4267, episodic_return=-807.7493896484375
2022-11-15 07:24:06,533 - INFO: global_step=4404, episodic_return=-628.9154052734375
2022-11-15 07:24:06,555 - INFO: global_step=4461, episodic_return=-109.63798522949219
2022-11-15 07:24:06,578 - INFO: global_step=4518, episodic_return=-118.64838409423828
2022-11-15 07:24:06,608 - INFO: global_step=4589, episodic_return=-122.46153259277344
2022-11-15 07:24:06,630 - INFO: global_step=4644, episodic_return=-97.1098861694336
2022-11-15 07:24:06,691 - INFO: global_step=4782, episodic_return=-715.6444091796875
2022-11-15 07:24:06,793 - INFO: global_step=4963, episodic_return=-906.9117431640625
2022-11-15 07:24:06,847 - INFO: global_step=5035, episodic_return=-513.4266357421875
2022-11-15 07:24:06,900 - INFO: global_step=5124, episodic_return=-510.9911804199219
2022-11-15 07:24:06,940 - INFO: global_step=5206, episodic_return=-465.0610656738281
2022-11-15 07:24:06,974 - INFO: global_step=5287, episodic_return=-420.6327209472656
2022-11-15 07:24:06,995 - INFO: global_step=5342, episodic_return=-117.23162841796875
2022-11-15 07:24:07,025 - INFO: global_step=5422, episodic_return=-541.1781616210938
2022-11-15 07:24:07,058 - INFO: global_step=5510, episodic_return=-574.783447265625
2022-11-15 07:24:07,098 - INFO: global_step=5608, episodic_return=-330.36505126953125
2022-11-15 07:24:07,128 - INFO: global_step=5689, episodic_return=-553.8807373046875
2022-11-15 07:24:07,165 - INFO: global_step=5784, episodic_return=-377.23455810546875
2022-11-15 07:24:07,198 - INFO: global_step=5868, episodic_return=-481.3851623535156
2022-11-15 07:24:07,226 - INFO: global_step=5938, episodic_return=-590.724609375
2022-11-15 07:24:07,336 - INFO: global_step=6168, episodic_return=-1279.790283203125
2022-11-15 07:24:07,356 - INFO: global_step=6224, episodic_return=-117.72599029541016
2022-11-15 07:24:07,378 - INFO: global_step=6283, episodic_return=-107.51309204101562
2022-11-15 07:24:07,413 - INFO: global_step=6378, episodic_return=-594.9005126953125
2022-11-15 07:24:07,464 - INFO: global_step=6500, episodic_return=-779.9468994140625
2022-11-15 07:24:07,494 - INFO: global_step=6580, episodic_return=-354.79522705078125
2022-11-15 07:24:07,514 - INFO: global_step=6636, episodic_return=-95.98240661621094
2022-11-15 07:24:07,540 - INFO: global_step=6710, episodic_return=-571.7278442382812
2022-11-15 07:24:07,583 - INFO: global_step=6803, episodic_return=-542.212646484375
2022-11-15 07:24:07,637 - INFO: global_step=6921, episodic_return=-622.4850463867188
2022-11-15 07:24:07,687 - INFO: global_step=7024, episodic_return=-681.2368774414062
2022-11-15 07:24:07,743 - INFO: global_step=7144, episodic_return=-746.771484375
2022-11-15 07:24:07,789 - INFO: global_step=7240, episodic_return=-443.1026916503906
2022-11-15 07:24:07,820 - INFO: global_step=7313, episodic_return=-447.9568786621094
2022-11-15 07:24:07,844 - INFO: global_step=7369, episodic_return=-407.1733703613281
2022-11-15 07:24:07,869 - INFO: global_step=7429, episodic_return=-78.60733795166016
2022-11-15 07:24:07,911 - INFO: global_step=7522, episodic_return=-655.0348510742188
2022-11-15 07:24:08,051 - INFO: global_step=7756, episodic_return=-1237.7242431640625
2022-11-15 07:24:08,076 - INFO: global_step=7814, episodic_return=-85.60189056396484
2022-11-15 07:24:08,099 - INFO: global_step=7869, episodic_return=-452.6052551269531
2022-11-15 07:24:08,124 - INFO: global_step=7928, episodic_return=-422.017822265625
2022-11-15 07:24:08,180 - INFO: global_step=8054, episodic_return=-723.143310546875
2022-11-15 07:24:08,220 - INFO: global_step=8157, episodic_return=-387.7869567871094
2022-11-15 07:24:08,248 - INFO: global_step=8230, episodic_return=-626.0068359375
2022-11-15 07:24:08,326 - INFO: global_step=8410, episodic_return=-898.3088989257812
2022-11-15 07:24:08,363 - INFO: global_step=8500, episodic_return=-354.755615234375
2022-11-15 07:24:08,389 - INFO: global_step=8572, episodic_return=-474.1864929199219
2022-11-15 07:24:08,467 - INFO: global_step=8756, episodic_return=-1012.58837890625
2022-11-15 07:24:08,502 - INFO: global_step=8826, episodic_return=-434.4115905761719
2022-11-15 07:24:08,531 - INFO: global_step=8880, episodic_return=-499.20263671875
2022-11-15 07:24:08,576 - INFO: global_step=8957, episodic_return=-412.25244140625
2022-11-15 07:24:08,599 - INFO: global_step=9020, episodic_return=-141.4454345703125
2022-11-15 07:24:08,619 - INFO: global_step=9076, episodic_return=-183.70745849609375
2022-11-15 07:24:08,644 - INFO: global_step=9144, episodic_return=-122.87476348876953
2022-11-15 07:24:08,668 - INFO: global_step=9209, episodic_return=-128.53309631347656
2022-11-15 07:24:08,700 - INFO: global_step=9292, episodic_return=-616.1891479492188
2022-11-15 07:24:08,726 - INFO: global_step=9367, episodic_return=-165.28114318847656
2022-11-15 07:24:08,749 - INFO: global_step=9427, episodic_return=-131.99935913085938
2022-11-15 07:24:08,770 - INFO: global_step=9483, episodic_return=-297.69659423828125
2022-11-15 07:24:08,794 - INFO: global_step=9548, episodic_return=-555.04638671875
2022-11-15 07:24:08,813 - INFO: global_step=9606, episodic_return=-108.23965454101562
2022-11-15 07:24:08,838 - INFO: global_step=9674, episodic_return=-112.14659118652344
2022-11-15 07:24:08,868 - INFO: global_step=9754, episodic_return=-566.844970703125
2022-11-15 07:24:08,895 - INFO: global_step=9828, episodic_return=-571.7906494140625
2022-11-15 07:24:08,921 - INFO: global_step=9893, episodic_return=-113.8738021850586
2022-11-15 07:24:08,941 - INFO: global_step=9950, episodic_return=-449.604736328125
2022-11-15 07:24:08,979 - INFO: global_step=10031, episodic_return=-536.4678955078125
2022-11-15 07:24:09,012 - INFO: global_step=10102, episodic_return=-206.34368896484375
2022-11-15 07:24:09,041 - INFO: global_step=10162, episodic_return=-170.2322998046875
2022-11-15 07:24:09,074 - INFO: global_step=10225, episodic_return=-125.2049331665039
2022-11-15 07:24:09,107 - INFO: global_step=10288, episodic_return=-133.17454528808594
2022-11-15 07:24:09,154 - INFO: global_step=10349, episodic_return=-101.01973724365234
2022-11-15 07:24:09,184 - INFO: global_step=10411, episodic_return=-117.23944091796875
2022-11-15 07:24:09,215 - INFO: global_step=10478, episodic_return=-346.09552001953125
2022-11-15 07:24:09,241 - INFO: global_step=10530, episodic_return=-360.5862731933594
2022-11-15 07:24:09,278 - INFO: global_step=10604, episodic_return=-553.163330078125
2022-11-15 07:24:09,312 - INFO: global_step=10669, episodic_return=-519.3739624023438
2022-11-15 07:24:09,357 - INFO: global_step=10750, episodic_return=-439.5879211425781
2022-11-15 07:24:09,394 - INFO: global_step=10818, episodic_return=-276.6617126464844
2022-11-15 07:24:09,434 - INFO: global_step=10894, episodic_return=-178.92410278320312
2022-11-15 07:24:09,477 - INFO: global_step=10981, episodic_return=-168.26422119140625
2022-11-15 07:24:09,507 - INFO: global_step=11040, episodic_return=-111.45589447021484
2022-11-15 07:24:09,557 - INFO: global_step=11110, episodic_return=-311.6983337402344
2022-11-15 07:24:09,630 - INFO: global_step=11204, episodic_return=-55.60866928100586
2022-11-15 07:24:09,699 - INFO: global_step=11299, episodic_return=-591.0468139648438
2022-11-15 07:24:09,751 - INFO: global_step=11397, episodic_return=-146.4425811767578
2022-11-15 07:24:09,786 - INFO: global_step=11463, episodic_return=-135.94525146484375
2022-11-15 07:24:09,825 - INFO: global_step=11538, episodic_return=-137.8394012451172
2022-11-15 07:24:09,874 - INFO: global_step=11618, episodic_return=-436.50640869140625
2022-11-15 07:24:09,930 - INFO: global_step=11707, episodic_return=-537.098388671875
2022-11-15 07:24:09,986 - INFO: global_step=11796, episodic_return=-167.36761474609375
2022-11-15 07:24:10,026 - INFO: global_step=11887, episodic_return=-148.79937744140625
2022-11-15 07:24:10,058 - INFO: global_step=11956, episodic_return=-164.14968872070312
2022-11-15 07:24:10,090 - INFO: global_step=12014, episodic_return=-233.3058624267578
2022-11-15 07:24:10,141 - INFO: global_step=12118, episodic_return=-21.75072479248047
2022-11-15 07:24:10,167 - INFO: global_step=12173, episodic_return=-23.73834228515625
2022-11-15 07:24:10,194 - INFO: global_step=12233, episodic_return=-107.21177673339844
2022-11-15 07:24:10,238 - INFO: global_step=12331, episodic_return=-193.1423797607422
2022-11-15 07:24:10,276 - INFO: global_step=12406, episodic_return=-87.18785858154297
2022-11-15 07:24:10,325 - INFO: global_step=12507, episodic_return=-82.94596099853516
2022-11-15 07:24:10,362 - INFO: global_step=12590, episodic_return=-62.681373596191406
2022-11-15 07:24:10,390 - INFO: global_step=12645, episodic_return=-157.64126586914062
2022-11-15 07:24:10,430 - INFO: global_step=12701, episodic_return=-53.36466979980469
2022-11-15 07:24:10,468 - INFO: global_step=12785, episodic_return=-201.75628662109375
2022-11-15 07:24:10,525 - INFO: global_step=12901, episodic_return=-0.846343994140625
2022-11-15 07:24:10,562 - INFO: global_step=12980, episodic_return=-19.239166259765625
2022-11-15 07:24:10,683 - INFO: global_step=13175, episodic_return=-357.7071228027344
2022-11-15 07:24:10,755 - INFO: global_step=13286, episodic_return=-174.52835083007812
2022-11-15 07:24:10,884 - INFO: global_step=13462, episodic_return=-316.042236328125
2022-11-15 07:24:10,965 - INFO: global_step=13608, episodic_return=-245.98020935058594
2022-11-15 07:24:11,004 - INFO: global_step=13686, episodic_return=-230.1197967529297
2022-11-15 07:24:11,247 - INFO: global_step=14012, episodic_return=-100.95783233642578
2022-11-15 07:24:11,306 - INFO: global_step=14128, episodic_return=-331.5532531738281
2022-11-15 07:24:11,362 - INFO: global_step=14229, episodic_return=-291.73345947265625
2022-11-15 07:24:11,425 - INFO: global_step=14336, episodic_return=-197.03024291992188
2022-11-15 07:24:11,515 - INFO: global_step=14480, episodic_return=-207.6947021484375
2022-11-15 07:24:13,611 - INFO: global_step=15480, episodic_return=-123.05615997314453
2022-11-15 07:24:15,395 - INFO: global_step=16480, episodic_return=-184.89028930664062
2022-11-15 07:24:16,917 - INFO: global_step=17374, episodic_return=-582.7922973632812
2022-11-15 07:24:17,717 - INFO: global_step=18094, episodic_return=-416.2333679199219
2022-11-15 07:24:17,754 - INFO: global_step=18170, episodic_return=-372.1085205078125
2022-11-15 07:24:18,017 - INFO: global_step=18518, episodic_return=-318.0067443847656
2022-11-15 07:24:18,050 - INFO: global_step=18581, episodic_return=-283.9283447265625
2022-11-15 07:24:18,124 - INFO: global_step=18669, episodic_return=-153.01644897460938
2022-11-15 07:24:18,309 - INFO: global_step=18845, episodic_return=-197.7843475341797
2022-11-15 07:24:18,396 - INFO: global_step=18954, episodic_return=-454.09967041015625
2022-11-15 07:24:18,517 - INFO: global_step=19091, episodic_return=-199.94085693359375
2022-11-15 07:24:18,612 - INFO: global_step=19214, episodic_return=-44.425045013427734
2022-11-15 07:24:18,656 - INFO: global_step=19301, episodic_return=-206.56460571289062
2022-11-15 07:24:20,119 - INFO: global_step=20301, episodic_return=-180.30702209472656
2022-11-15 07:24:20,196 - INFO: global_step=20437, episodic_return=0.398193359375
2022-11-15 07:24:21,837 - INFO: global_step=21437, episodic_return=-385.808837890625
2022-11-15 07:24:22,085 - INFO: global_step=21693, episodic_return=-247.914794921875
2022-11-15 07:24:23,054 - INFO: global_step=22007, episodic_return=-366.48480224609375
2022-11-15 07:24:23,561 - INFO: global_step=22370, episodic_return=-605.3614501953125
2022-11-15 07:24:23,747 - INFO: global_step=22512, episodic_return=-328.3626708984375
2022-11-15 07:24:24,246 - INFO: global_step=22902, episodic_return=-409.8333740234375
2022-11-15 07:24:24,354 - INFO: global_step=23078, episodic_return=-203.44049072265625
2022-11-15 07:24:24,428 - INFO: global_step=23204, episodic_return=-285.11383056640625
2022-11-15 07:24:24,523 - INFO: global_step=23376, episodic_return=-421.7003479003906
2022-11-15 07:24:24,778 - INFO: global_step=23652, episodic_return=-179.54525756835938
2022-11-15 07:24:24,928 - INFO: global_step=23876, episodic_return=-60.228065490722656
2022-11-15 07:24:25,169 - INFO: global_step=24108, episodic_return=-118.49540710449219
2022-11-15 07:24:27,133 - INFO: global_step=25108, episodic_return=-95.78649139404297
2022-11-15 07:24:27,931 - INFO: global_step=25778, episodic_return=-212.81430053710938
2022-11-15 07:24:28,190 - INFO: global_step=26059, episodic_return=-192.18968200683594
2022-11-15 07:24:28,256 - INFO: global_step=26169, episodic_return=-181.95355224609375
2022-11-15 07:24:28,995 - INFO: global_step=26787, episodic_return=-217.81851196289062
2022-11-15 07:24:29,525 - INFO: global_step=27350, episodic_return=-138.92344665527344
2022-11-15 07:24:31,165 - INFO: global_step=28350, episodic_return=-95.21641540527344
2022-11-15 07:24:32,232 - INFO: global_step=29212, episodic_return=-174.03575134277344
2022-11-15 07:24:33,109 - INFO: global_step=29911, episodic_return=-227.2760772705078
2022-11-15 07:24:34,395 - INFO: global_step=30911, episodic_return=-165.32781982421875
2022-11-15 07:24:34,640 - INFO: global_step=31227, episodic_return=-252.31381225585938
2022-11-15 07:24:35,854 - INFO: global_step=32227, episodic_return=-132.0503387451172
2022-11-15 07:24:37,318 - INFO: global_step=33227, episodic_return=-125.81239318847656
2022-11-15 07:24:39,152 - INFO: global_step=34227, episodic_return=-152.95849609375
2022-11-15 07:24:40,638 - INFO: global_step=35227, episodic_return=-209.54563903808594
2022-11-15 07:24:42,242 - INFO: global_step=36227, episodic_return=-170.41152954101562
2022-11-15 07:24:44,112 - INFO: global_step=37227, episodic_return=-162.54977416992188
2022-11-15 07:24:44,569 - INFO: global_step=37686, episodic_return=-355.8828125
2022-11-15 07:24:44,684 - INFO: global_step=37879, episodic_return=-550.4038696289062
2022-11-15 07:24:46,450 - INFO: global_step=38879, episodic_return=-145.180419921875
2022-11-15 07:24:48,425 - INFO: global_step=39879, episodic_return=-161.53036499023438
2022-11-15 07:24:50,343 - INFO: global_step=40879, episodic_return=-104.8642578125
2022-11-15 07:24:52,198 - INFO: global_step=41879, episodic_return=-141.84007263183594
2022-11-15 07:24:53,424 - INFO: global_step=42879, episodic_return=-141.20220947265625
2022-11-15 07:24:55,125 - INFO: global_step=43879, episodic_return=-50.814701080322266
2022-11-15 07:24:56,595 - INFO: global_step=44796, episodic_return=-264.8708190917969
2022-11-15 07:24:57,376 - INFO: global_step=45415, episodic_return=-192.95269775390625
2022-11-15 07:24:59,472 - INFO: global_step=46415, episodic_return=-24.25274658203125
2022-11-15 07:25:00,956 - INFO: global_step=47415, episodic_return=-128.61184692382812
2022-11-15 07:25:02,280 - INFO: global_step=48415, episodic_return=-85.56592559814453
2022-11-15 07:25:04,054 - INFO: global_step=49415, episodic_return=-46.816734313964844
2022-11-15 07:25:06,132 - INFO: global_step=50415, episodic_return=-22.867708206176758
2022-11-15 07:25:08,120 - INFO: global_step=51415, episodic_return=-96.18665313720703
2022-11-15 07:25:09,709 - INFO: global_step=52415, episodic_return=-67.0313949584961
2022-11-15 07:25:11,432 - INFO: global_step=53181, episodic_return=-229.4774932861328
2022-11-15 07:25:11,782 - INFO: global_step=53553, episodic_return=-222.86460876464844
2022-11-15 07:25:12,002 - INFO: global_step=53842, episodic_return=-219.1862335205078
2022-11-15 07:25:12,941 - INFO: global_step=54465, episodic_return=-283.91845703125
2022-11-15 07:25:13,807 - INFO: global_step=55048, episodic_return=-251.7315673828125
2022-11-15 07:25:15,198 - INFO: global_step=56024, episodic_return=-269.3298645019531
2022-11-15 07:25:15,811 - INFO: global_step=56531, episodic_return=-173.32821655273438
2022-11-15 07:25:16,833 - INFO: global_step=57259, episodic_return=-218.36264038085938
2022-11-15 07:25:17,929 - INFO: global_step=58001, episodic_return=-281.35211181640625
2022-11-15 07:25:19,684 - INFO: global_step=58885, episodic_return=-331.02166748046875
2022-11-15 07:25:21,247 - INFO: global_step=59775, episodic_return=-317.5103759765625
2022-11-15 07:25:23,143 - INFO: global_step=60681, episodic_return=-239.041015625
2022-11-15 07:25:25,109 - INFO: global_step=61681, episodic_return=-138.1623992919922
2022-11-15 07:25:25,497 - INFO: global_step=62103, episodic_return=-151.7991943359375
2022-11-15 07:25:26,807 - INFO: global_step=63103, episodic_return=-109.99755096435547
2022-11-15 07:25:28,520 - INFO: global_step=64103, episodic_return=-145.89674377441406
2022-11-15 07:25:29,885 - INFO: global_step=65103, episodic_return=-107.27069854736328
2022-11-15 07:25:31,428 - INFO: global_step=66103, episodic_return=-125.03843688964844
2022-11-15 07:25:33,322 - INFO: global_step=67103, episodic_return=-126.15751647949219
2022-11-15 07:25:35,365 - INFO: global_step=68103, episodic_return=-131.90536499023438
2022-11-15 07:25:35,877 - INFO: global_step=68495, episodic_return=-346.01666259765625
2022-11-15 07:25:37,185 - INFO: global_step=69469, episodic_return=-269.75244140625
2022-11-15 07:25:38,327 - INFO: global_step=70340, episodic_return=-436.5827941894531
2022-11-15 07:25:38,775 - INFO: global_step=70757, episodic_return=-169.3474884033203
2022-11-15 07:25:39,042 - INFO: global_step=71052, episodic_return=-65.4456558227539
2022-11-15 07:25:39,847 - INFO: global_step=71675, episodic_return=-157.10952758789062
2022-11-15 07:25:41,214 - INFO: global_step=72675, episodic_return=-125.38910675048828
2022-11-15 07:25:41,506 - INFO: global_step=73006, episodic_return=-144.6638641357422
2022-11-15 07:25:43,220 - INFO: global_step=74006, episodic_return=-129.37435913085938
2022-11-15 07:25:43,410 - INFO: global_step=74268, episodic_return=-178.40554809570312
2022-11-15 07:25:44,931 - INFO: global_step=75268, episodic_return=-84.84918975830078
2022-11-15 07:25:46,393 - INFO: global_step=76268, episodic_return=-124.9986801147461
2022-11-15 07:25:46,541 - INFO: global_step=76449, episodic_return=-131.38400268554688
2022-11-15 07:25:48,128 - INFO: global_step=77449, episodic_return=-128.70518493652344
2022-11-15 07:25:50,398 - INFO: global_step=78449, episodic_return=-169.7167510986328
2022-11-15 07:25:52,367 - INFO: global_step=79449, episodic_return=-150.18666076660156
2022-11-15 07:25:52,656 - INFO: global_step=79621, episodic_return=-528.1474609375
2022-11-15 07:25:53,778 - INFO: global_step=80096, episodic_return=-314.9403991699219
2022-11-15 07:25:54,696 - INFO: global_step=80775, episodic_return=-243.64739990234375
2022-11-15 07:25:55,419 - INFO: global_step=81421, episodic_return=-153.00521850585938
2022-11-15 07:25:55,676 - INFO: global_step=81695, episodic_return=-123.41514587402344
2022-11-15 07:25:56,151 - INFO: global_step=82089, episodic_return=-155.44296264648438
2022-11-15 07:25:57,936 - INFO: global_step=83089, episodic_return=-170.16111755371094
2022-11-15 07:25:59,747 - INFO: global_step=84089, episodic_return=-147.6912384033203
2022-11-15 07:26:01,714 - INFO: global_step=85089, episodic_return=-141.76829528808594
2022-11-15 07:26:02,082 - INFO: global_step=85504, episodic_return=-200.69107055664062
2022-11-15 07:26:03,920 - INFO: global_step=86504, episodic_return=-133.96665954589844
2022-11-15 07:26:06,005 - INFO: global_step=87504, episodic_return=-111.24772644042969
2022-11-15 07:26:07,714 - INFO: global_step=88504, episodic_return=-117.79198455810547
2022-11-15 07:26:09,439 - INFO: global_step=89504, episodic_return=-144.47586059570312
2022-11-15 07:26:11,203 - INFO: global_step=90504, episodic_return=-145.00347900390625
2022-11-15 07:26:12,840 - INFO: global_step=91504, episodic_return=-146.14175415039062
2022-11-15 07:26:14,923 - INFO: global_step=92504, episodic_return=-131.17044067382812
2022-11-15 07:26:16,527 - INFO: global_step=93504, episodic_return=-166.4093475341797
2022-11-15 07:26:18,276 - INFO: global_step=94504, episodic_return=-180.31130981445312
2022-11-15 07:26:19,899 - INFO: global_step=95504, episodic_return=-126.09478759765625
2022-11-15 07:26:21,841 - INFO: global_step=96504, episodic_return=-115.28825378417969
2022-11-15 07:26:23,706 - INFO: global_step=97504, episodic_return=-168.8233642578125
2022-11-15 07:26:26,195 - INFO: global_step=98504, episodic_return=-128.33680725097656
2022-11-15 07:26:27,813 - INFO: global_step=99504, episodic_return=-151.11410522460938
2022-11-15 07:26:29,170 - INFO: global_step=100504, episodic_return=-141.9720916748047
2022-11-15 07:26:30,680 - INFO: global_step=101504, episodic_return=-122.08479309082031
2022-11-15 07:26:32,491 - INFO: global_step=102504, episodic_return=-87.02375030517578
2022-11-15 07:26:34,214 - INFO: global_step=103504, episodic_return=-181.18096923828125
2022-11-15 07:26:36,059 - INFO: global_step=104504, episodic_return=-121.22940826416016
2022-11-15 07:26:38,184 - INFO: global_step=105504, episodic_return=-118.26988220214844
2022-11-15 07:26:40,309 - INFO: global_step=106504, episodic_return=-135.34999084472656
2022-11-15 07:26:42,409 - INFO: global_step=107504, episodic_return=-138.63014221191406
2022-11-15 07:26:44,434 - INFO: global_step=108504, episodic_return=-154.5109100341797
2022-11-15 07:26:46,673 - INFO: global_step=109504, episodic_return=-146.7042999267578
2022-11-15 07:26:48,841 - INFO: global_step=110504, episodic_return=-151.84869384765625
2022-11-15 07:26:48,938 - INFO: global_step=110653, episodic_return=-297.8478088378906
2022-11-15 07:26:50,343 - INFO: global_step=111653, episodic_return=-133.87322998046875
2022-11-15 07:26:51,931 - INFO: global_step=112653, episodic_return=-155.8915557861328
2022-11-15 07:26:53,294 - INFO: global_step=113653, episodic_return=-181.54336547851562
2022-11-15 07:26:54,489 - INFO: global_step=114653, episodic_return=-127.0947494506836
2022-11-15 07:26:54,697 - INFO: global_step=114919, episodic_return=-128.4971466064453
2022-11-15 07:26:56,332 - INFO: global_step=115919, episodic_return=-131.296875
2022-11-15 07:26:58,618 - INFO: global_step=116919, episodic_return=-125.19454193115234
2022-11-15 07:27:00,244 - INFO: global_step=117919, episodic_return=-148.00640869140625
2022-11-15 07:27:02,071 - INFO: global_step=118919, episodic_return=-141.0586395263672
2022-11-15 07:27:03,493 - INFO: global_step=119919, episodic_return=-115.7365493774414
2022-11-15 07:27:05,259 - INFO: global_step=120919, episodic_return=-141.37159729003906
2022-11-15 07:27:06,799 - INFO: global_step=121919, episodic_return=-125.15788269042969
2022-11-15 07:27:08,157 - INFO: global_step=122919, episodic_return=-110.88225555419922
2022-11-15 07:27:09,822 - INFO: global_step=123919, episodic_return=-123.063720703125
2022-11-15 07:27:11,390 - INFO: global_step=124919, episodic_return=-115.84584045410156
2022-11-15 07:27:13,051 - INFO: global_step=125919, episodic_return=-163.80462646484375
2022-11-15 07:27:14,362 - INFO: global_step=126919, episodic_return=-163.9703369140625
2022-11-15 07:27:16,264 - INFO: global_step=127919, episodic_return=-150.32566833496094
2022-11-15 07:27:17,641 - INFO: global_step=128919, episodic_return=-122.4620361328125
2022-11-15 07:27:19,263 - INFO: global_step=129919, episodic_return=-124.0626449584961
2022-11-15 07:27:21,266 - INFO: global_step=130919, episodic_return=-105.7836685180664
2022-11-15 07:27:23,321 - INFO: global_step=131919, episodic_return=-136.35121154785156
2022-11-15 07:27:25,605 - INFO: global_step=132919, episodic_return=-94.8851318359375
2022-11-15 07:27:27,383 - INFO: global_step=133919, episodic_return=-150.83094787597656
2022-11-15 07:27:28,896 - INFO: global_step=134919, episodic_return=-71.01327514648438
2022-11-15 07:27:30,413 - INFO: global_step=135919, episodic_return=-52.75517654418945
2022-11-15 07:27:32,743 - INFO: global_step=136919, episodic_return=-146.88302612304688
2022-11-15 07:27:34,433 - INFO: global_step=137919, episodic_return=-106.5378189086914
2022-11-15 07:27:36,568 - INFO: global_step=138919, episodic_return=-135.70880126953125
2022-11-15 07:27:38,387 - INFO: global_step=139919, episodic_return=-122.12458801269531
2022-11-15 07:27:39,936 - INFO: global_step=140919, episodic_return=-108.64154815673828
2022-11-15 07:27:42,661 - INFO: global_step=141919, episodic_return=-114.24263000488281
2022-11-15 07:27:44,455 - INFO: global_step=142919, episodic_return=-116.89472961425781
2022-11-15 07:27:46,591 - INFO: global_step=143919, episodic_return=-133.79470825195312
2022-11-15 07:27:48,193 - INFO: global_step=144919, episodic_return=-77.06768798828125
2022-11-15 07:27:49,784 - INFO: global_step=145919, episodic_return=-88.31714630126953
2022-11-15 07:27:51,939 - INFO: global_step=146919, episodic_return=-130.35227966308594
2022-11-15 07:27:53,589 - INFO: global_step=147919, episodic_return=-86.05865478515625
2022-11-15 07:27:55,476 - INFO: global_step=148919, episodic_return=-130.84429931640625
2022-11-15 07:27:57,076 - INFO: global_step=149919, episodic_return=-64.3263931274414
2022-11-15 07:27:59,069 - INFO: global_step=150919, episodic_return=-92.67207336425781
2022-11-15 07:28:00,869 - INFO: global_step=151919, episodic_return=-131.86444091796875
2022-11-15 07:28:03,209 - INFO: global_step=152919, episodic_return=-113.3105697631836
2022-11-15 07:28:05,312 - INFO: global_step=153919, episodic_return=-98.2601318359375
2022-11-15 07:28:06,986 - INFO: global_step=154919, episodic_return=-135.4501953125
2022-11-15 07:28:08,222 - INFO: global_step=155919, episodic_return=-84.72623443603516
2022-11-15 07:28:10,537 - INFO: global_step=156919, episodic_return=-141.81036376953125
2022-11-15 07:28:12,225 - INFO: global_step=157919, episodic_return=-108.22238159179688
2022-11-15 07:28:13,927 - INFO: global_step=158919, episodic_return=-75.02417755126953
2022-11-15 07:28:15,568 - INFO: global_step=159919, episodic_return=-87.05577087402344
2022-11-15 07:28:16,925 - INFO: global_step=160919, episodic_return=-74.29313659667969
2022-11-15 07:28:18,520 - INFO: global_step=161919, episodic_return=-115.88114929199219
2022-11-15 07:28:19,978 - INFO: global_step=162919, episodic_return=-111.34575653076172
2022-11-15 07:28:22,129 - INFO: global_step=163919, episodic_return=-119.25294494628906
2022-11-15 07:28:23,711 - INFO: global_step=164919, episodic_return=-60.231468200683594
2022-11-15 07:28:25,780 - INFO: global_step=165919, episodic_return=-132.19131469726562
2022-11-15 07:28:28,232 - INFO: global_step=166919, episodic_return=-104.18498229980469
2022-11-15 07:28:29,713 - INFO: global_step=167919, episodic_return=-115.71023559570312
2022-11-15 07:28:31,033 - INFO: global_step=168919, episodic_return=-130.5170135498047
2022-11-15 07:28:32,629 - INFO: global_step=169919, episodic_return=-106.066650390625
2022-11-15 07:28:33,757 - INFO: global_step=170919, episodic_return=-65.88352966308594
2022-11-15 07:28:35,426 - INFO: global_step=171919, episodic_return=-20.750741958618164
2022-11-15 07:28:35,532 - INFO: global_step=172067, episodic_return=-81.41031646728516
2022-11-15 07:28:37,401 - INFO: global_step=173067, episodic_return=-57.0733757019043
2022-11-15 07:28:38,836 - INFO: global_step=174067, episodic_return=-90.44912719726562
2022-11-15 07:28:40,304 - INFO: global_step=175067, episodic_return=-106.53843688964844
2022-11-15 07:28:41,966 - INFO: global_step=176067, episodic_return=-25.577835083007812
2022-11-15 07:28:43,995 - INFO: global_step=177067, episodic_return=-37.117523193359375
2022-11-15 07:28:44,172 - INFO: global_step=177270, episodic_return=-63.71268844604492
2022-11-15 07:28:44,240 - INFO: global_step=177364, episodic_return=-115.05304718017578
2022-11-15 07:28:45,496 - INFO: global_step=178053, episodic_return=-129.0435028076172
2022-11-15 07:28:46,019 - INFO: global_step=178477, episodic_return=-235.48568725585938
2022-11-15 07:28:47,956 - INFO: global_step=179477, episodic_return=-81.54476928710938
2022-11-15 07:28:49,791 - INFO: global_step=180477, episodic_return=-86.98332977294922
2022-11-15 07:28:50,965 - INFO: global_step=181477, episodic_return=-36.761802673339844
2022-11-15 07:28:52,118 - INFO: global_step=182477, episodic_return=-58.903526306152344
2022-11-15 07:28:54,146 - INFO: global_step=183477, episodic_return=-70.13134002685547
2022-11-15 07:28:56,091 - INFO: global_step=184477, episodic_return=-88.041259765625
2022-11-15 07:28:58,881 - INFO: global_step=185477, episodic_return=-134.50360107421875
2022-11-15 07:29:01,242 - INFO: global_step=186477, episodic_return=-77.1176986694336
2022-11-15 07:29:03,200 - INFO: global_step=187477, episodic_return=-89.71812438964844
2022-11-15 07:29:05,458 - INFO: global_step=188477, episodic_return=-111.81558990478516
2022-11-15 07:29:07,404 - INFO: global_step=189477, episodic_return=-123.79676818847656
2022-11-15 07:29:08,520 - INFO: global_step=190355, episodic_return=-297.86737060546875
2022-11-15 07:29:10,232 - INFO: global_step=191355, episodic_return=-62.32046890258789
2022-11-15 07:29:11,779 - INFO: global_step=192355, episodic_return=-20.65093994140625
2022-11-15 07:29:12,025 - INFO: global_step=192693, episodic_return=-104.94117736816406
2022-11-15 07:29:13,947 - INFO: global_step=193693, episodic_return=-102.14998626708984
2022-11-15 07:29:15,828 - INFO: global_step=194693, episodic_return=-51.63752365112305
2022-11-15 07:29:17,657 - INFO: global_step=195693, episodic_return=-105.20848083496094
2022-11-15 07:29:18,160 - INFO: global_step=196219, episodic_return=-175.55032348632812
2022-11-15 07:29:19,742 - INFO: global_step=197219, episodic_return=-131.57382202148438
2022-11-15 07:29:21,870 - INFO: global_step=198219, episodic_return=-79.3941879272461
2022-11-15 07:29:23,651 - INFO: global_step=199219, episodic_return=-126.154052734375
2022-11-15 07:29:24,917 - INFO: global_step=200219, episodic_return=-59.874183654785156
2022-11-15 07:29:26,321 - INFO: global_step=201219, episodic_return=-136.62460327148438
2022-11-15 07:29:27,725 - INFO: global_step=202219, episodic_return=-184.2465362548828
2022-11-15 07:29:29,450 - INFO: global_step=203219, episodic_return=-102.00965118408203
2022-11-15 07:29:31,203 - INFO: global_step=204219, episodic_return=-67.25078582763672
2022-11-15 07:29:33,247 - INFO: global_step=205219, episodic_return=-60.82891845703125
2022-11-15 07:29:34,886 - INFO: global_step=206219, episodic_return=-139.5631866455078
2022-11-15 07:29:35,211 - INFO: global_step=206600, episodic_return=-2.6764755249023438
2022-11-15 07:29:36,797 - INFO: global_step=207600, episodic_return=-102.16343688964844
2022-11-15 07:29:38,419 - INFO: global_step=208600, episodic_return=-101.62562561035156
2022-11-15 07:29:40,545 - INFO: global_step=209600, episodic_return=-136.0502471923828
2022-11-15 07:29:42,140 - INFO: global_step=210600, episodic_return=-87.0191879272461
2022-11-15 07:29:43,447 - INFO: global_step=211600, episodic_return=-110.91627502441406
2022-11-15 07:29:45,200 - INFO: global_step=212600, episodic_return=-107.22709655761719
2022-11-15 07:29:46,632 - INFO: global_step=213600, episodic_return=-133.84593200683594
2022-11-15 07:29:48,172 - INFO: global_step=214600, episodic_return=-125.8837890625
2022-11-15 07:29:49,584 - INFO: global_step=215600, episodic_return=-66.01185607910156
2022-11-15 07:29:49,657 - INFO: global_step=215729, episodic_return=-115.6543197631836
2022-11-15 07:29:51,118 - INFO: global_step=216729, episodic_return=-108.06905364990234
2022-11-15 07:29:53,406 - INFO: global_step=217729, episodic_return=-103.22372436523438
2022-11-15 07:29:55,028 - INFO: global_step=218729, episodic_return=-41.042396545410156
2022-11-15 07:29:55,162 - INFO: global_step=218919, episodic_return=-111.72948455810547
2022-11-15 07:29:56,813 - INFO: global_step=219919, episodic_return=-114.3458480834961
2022-11-15 07:29:58,654 - INFO: global_step=220919, episodic_return=-111.67730712890625
2022-11-15 07:30:00,341 - INFO: global_step=221919, episodic_return=-46.63087844848633
2022-11-15 07:30:01,600 - INFO: global_step=222919, episodic_return=-93.01686096191406
2022-11-15 07:30:03,103 - INFO: global_step=223919, episodic_return=-133.59274291992188
2022-11-15 07:30:03,517 - INFO: global_step=224335, episodic_return=-166.6813201904297
2022-11-15 07:30:05,212 - INFO: global_step=225335, episodic_return=-110.94103240966797
2022-11-15 07:30:06,666 - INFO: global_step=226335, episodic_return=-56.14031219482422
2022-11-15 07:30:07,651 - INFO: global_step=227163, episodic_return=-172.90380859375
2022-11-15 07:30:09,088 - INFO: global_step=228163, episodic_return=-68.77298736572266
2022-11-15 07:30:11,133 - INFO: global_step=229163, episodic_return=-116.88250732421875
2022-11-15 07:30:12,501 - INFO: global_step=230163, episodic_return=-104.51067352294922
2022-11-15 07:30:14,110 - INFO: global_step=231163, episodic_return=-65.65604400634766
2022-11-15 07:30:15,676 - INFO: global_step=232163, episodic_return=-86.08253479003906
2022-11-15 07:30:17,659 - INFO: global_step=233163, episodic_return=-44.36271286010742
2022-11-15 07:30:19,557 - INFO: global_step=234163, episodic_return=-52.52439880371094
2022-11-15 07:30:20,764 - INFO: global_step=235163, episodic_return=-36.18684768676758
2022-11-15 07:30:23,318 - INFO: global_step=236163, episodic_return=-105.35066223144531
2022-11-15 07:30:25,549 - INFO: global_step=237163, episodic_return=-62.8675537109375
2022-11-15 07:30:26,729 - INFO: global_step=238163, episodic_return=-60.06491470336914
2022-11-15 07:30:28,929 - INFO: global_step=239163, episodic_return=-33.682891845703125
2022-11-15 07:30:30,675 - INFO: global_step=240163, episodic_return=-116.7164077758789
2022-11-15 07:30:32,279 - INFO: global_step=241163, episodic_return=-82.59492492675781
2022-11-15 07:30:33,591 - INFO: global_step=242163, episodic_return=-29.642358779907227
2022-11-15 07:30:35,696 - INFO: global_step=243163, episodic_return=-120.96815490722656
2022-11-15 07:30:37,684 - INFO: global_step=244163, episodic_return=-75.46845245361328
2022-11-15 07:30:39,600 - INFO: global_step=245163, episodic_return=-65.60594940185547
2022-11-15 07:30:41,328 - INFO: global_step=246163, episodic_return=-111.43721771240234
2022-11-15 07:30:42,681 - INFO: global_step=247163, episodic_return=-137.69351196289062
2022-11-15 07:30:42,970 - INFO: global_step=247499, episodic_return=-118.3712158203125
2022-11-15 07:30:44,616 - INFO: global_step=248499, episodic_return=-75.54716491699219
2022-11-15 07:30:46,613 - INFO: global_step=249499, episodic_return=-134.8184356689453
2022-11-15 07:30:48,584 - INFO: global_step=250499, episodic_return=-61.11542892456055
2022-11-15 07:30:50,361 - INFO: global_step=251499, episodic_return=-106.02933502197266
2022-11-15 07:30:51,617 - INFO: global_step=252499, episodic_return=-92.38306427001953
2022-11-15 07:30:53,050 - INFO: global_step=253499, episodic_return=-65.7917709350586
2022-11-15 07:30:54,695 - INFO: global_step=254499, episodic_return=-101.37159729003906
2022-11-15 07:30:56,990 - INFO: global_step=255499, episodic_return=-114.99508666992188
2022-11-15 07:30:59,086 - INFO: global_step=256499, episodic_return=-115.0008544921875
2022-11-15 07:31:00,089 - INFO: global_step=257337, episodic_return=-149.08001708984375
2022-11-15 07:31:00,320 - INFO: global_step=257635, episodic_return=-86.25747680664062
2022-11-15 07:31:02,251 - INFO: global_step=258635, episodic_return=-92.77301025390625
2022-11-15 07:31:04,684 - INFO: global_step=259635, episodic_return=-69.42318725585938
2022-11-15 07:31:06,954 - INFO: global_step=260635, episodic_return=-118.17816162109375
2022-11-15 07:31:08,356 - INFO: global_step=261635, episodic_return=-97.14682006835938
2022-11-15 07:31:10,023 - INFO: global_step=262635, episodic_return=-23.3279972076416
2022-11-15 07:31:10,102 - INFO: global_step=262756, episodic_return=-167.51214599609375
2022-11-15 07:31:11,797 - INFO: global_step=263756, episodic_return=-106.35839080810547
2022-11-15 07:31:13,944 - INFO: global_step=264756, episodic_return=-131.62298583984375
2022-11-15 07:31:15,380 - INFO: global_step=265756, episodic_return=-62.92509841918945
2022-11-15 07:31:16,716 - INFO: global_step=266756, episodic_return=-86.0186767578125
2022-11-15 07:31:18,392 - INFO: global_step=267756, episodic_return=-143.7000274658203
2022-11-15 07:31:20,217 - INFO: global_step=268756, episodic_return=-137.57176208496094
2022-11-15 07:31:21,922 - INFO: global_step=269756, episodic_return=-122.51305389404297
2022-11-15 07:31:23,672 - INFO: global_step=270756, episodic_return=-83.65540313720703
2022-11-15 07:31:24,742 - INFO: global_step=271756, episodic_return=-67.28987121582031
2022-11-15 07:31:24,814 - INFO: global_step=271879, episodic_return=10.175193786621094
2022-11-15 07:31:25,524 - INFO: global_step=272463, episodic_return=-168.08267211914062
2022-11-15 07:31:27,258 - INFO: global_step=273332, episodic_return=-151.68295288085938
2022-11-15 07:31:27,404 - INFO: global_step=273501, episodic_return=-69.2350082397461
2022-11-15 07:31:28,993 - INFO: global_step=274501, episodic_return=-115.52422332763672
2022-11-15 07:31:30,631 - INFO: global_step=275501, episodic_return=18.125673294067383
2022-11-15 07:31:30,752 - INFO: global_step=275692, episodic_return=-62.16672134399414
2022-11-15 07:31:31,869 - INFO: global_step=276692, episodic_return=-4.959386348724365
2022-11-15 07:31:33,342 - INFO: global_step=277692, episodic_return=-73.62884521484375
2022-11-15 07:31:34,700 - INFO: global_step=278692, episodic_return=-122.16207122802734
2022-11-15 07:31:34,746 - INFO: global_step=278766, episodic_return=-26.014198303222656
2022-11-15 07:31:35,432 - INFO: global_step=279420, episodic_return=124.50077819824219
2022-11-15 07:31:35,795 - INFO: global_step=279795, episodic_return=-74.22053527832031
2022-11-15 07:31:35,988 - INFO: global_step=280018, episodic_return=-77.0992431640625
2022-11-15 07:31:36,290 - INFO: global_step=280329, episodic_return=-48.04621124267578
2022-11-15 07:31:38,190 - INFO: global_step=281329, episodic_return=-24.149993896484375
2022-11-15 07:31:39,938 - INFO: global_step=282329, episodic_return=-62.3979377746582
2022-11-15 07:31:41,063 - INFO: global_step=283329, episodic_return=-45.033775329589844
2022-11-15 07:31:42,871 - INFO: global_step=284329, episodic_return=-52.121551513671875
2022-11-15 07:31:44,459 - INFO: global_step=285329, episodic_return=-91.98409271240234
2022-11-15 07:31:45,876 - INFO: global_step=286329, episodic_return=-87.98243713378906
2022-11-15 07:31:47,154 - INFO: global_step=287329, episodic_return=-86.53157806396484
2022-11-15 07:31:48,837 - INFO: global_step=288329, episodic_return=-85.73394012451172
2022-11-15 07:31:50,124 - INFO: global_step=289329, episodic_return=-44.58952331542969
2022-11-15 07:31:51,771 - INFO: global_step=290329, episodic_return=-74.11925506591797
2022-11-15 07:31:53,951 - INFO: global_step=291329, episodic_return=-140.38641357421875
2022-11-15 07:31:55,969 - INFO: global_step=292329, episodic_return=-99.86041259765625
2022-11-15 07:31:58,223 - INFO: global_step=293329, episodic_return=-83.468505859375
2022-11-15 07:32:00,758 - INFO: global_step=294329, episodic_return=-62.4198112487793
2022-11-15 07:32:00,854 - INFO: global_step=294450, episodic_return=-108.24150085449219
2022-11-15 07:32:01,637 - INFO: global_step=295008, episodic_return=-203.07643127441406
2022-11-15 07:32:03,409 - INFO: global_step=296008, episodic_return=-41.512237548828125
2022-11-15 07:32:03,505 - INFO: global_step=296125, episodic_return=-275.56463623046875
2022-11-15 07:32:05,010 - INFO: global_step=297125, episodic_return=-120.02072143554688
2022-11-15 07:32:06,974 - INFO: global_step=298125, episodic_return=-35.9969367980957
2022-11-15 07:32:08,598 - INFO: global_step=299125, episodic_return=-76.43111419677734
2022-11-15 07:32:10,033 - INFO: global_step=300125, episodic_return=-77.43435668945312
2022-11-15 07:32:11,704 - INFO: global_step=301125, episodic_return=-78.18375396728516
2022-11-15 07:32:13,010 - INFO: global_step=302125, episodic_return=-46.18083572387695
2022-11-15 07:32:14,476 - INFO: global_step=303125, episodic_return=-49.2700309753418
2022-11-15 07:32:15,873 - INFO: global_step=304125, episodic_return=-116.7231674194336
2022-11-15 07:32:17,538 - INFO: global_step=305125, episodic_return=-49.86077880859375
2022-11-15 07:32:19,076 - INFO: global_step=306125, episodic_return=-48.870113372802734
2022-11-15 07:32:20,773 - INFO: global_step=307125, episodic_return=-38.91495895385742
2022-11-15 07:32:22,336 - INFO: global_step=308125, episodic_return=-76.28224182128906
2022-11-15 07:32:23,983 - INFO: global_step=309125, episodic_return=-79.00603485107422
2022-11-15 07:32:25,220 - INFO: global_step=310125, episodic_return=-42.23095703125
2022-11-15 07:32:25,295 - INFO: global_step=310236, episodic_return=-131.41302490234375
2022-11-15 07:32:25,869 - INFO: global_step=310774, episodic_return=198.89532470703125
2022-11-15 07:32:28,121 - INFO: global_step=311774, episodic_return=-72.65672302246094
2022-11-15 07:32:29,229 - INFO: global_step=312591, episodic_return=-172.54110717773438
2022-11-15 07:32:29,717 - INFO: global_step=313081, episodic_return=-139.32789611816406
2022-11-15 07:32:30,528 - INFO: global_step=313657, episodic_return=-167.77951049804688
2022-11-15 07:32:30,724 - INFO: global_step=313891, episodic_return=-143.19122314453125
2022-11-15 07:32:31,036 - INFO: global_step=314271, episodic_return=-118.06475067138672
2022-11-15 07:32:31,687 - INFO: global_step=314856, episodic_return=-169.44564819335938
2022-11-15 07:32:33,008 - INFO: global_step=315673, episodic_return=-169.53216552734375
2022-11-15 07:32:33,298 - INFO: global_step=316007, episodic_return=-138.20223999023438
2022-11-15 07:32:33,412 - INFO: global_step=316192, episodic_return=-81.09103393554688
2022-11-15 07:32:33,522 - INFO: global_step=316352, episodic_return=-84.21690368652344
2022-11-15 07:32:34,104 - INFO: global_step=316797, episodic_return=-168.52578735351562
2022-11-15 07:32:34,399 - INFO: global_step=317172, episodic_return=-121.97515869140625
2022-11-15 07:32:34,615 - INFO: global_step=317467, episodic_return=-130.9450225830078
2022-11-15 07:32:36,126 - INFO: global_step=318467, episodic_return=-121.579345703125
2022-11-15 07:32:37,835 - INFO: global_step=319467, episodic_return=-85.56593322753906
2022-11-15 07:32:39,053 - INFO: global_step=320467, episodic_return=-54.690406799316406
2022-11-15 07:32:40,510 - INFO: global_step=321467, episodic_return=-41.517276763916016
2022-11-15 07:32:40,836 - INFO: global_step=321821, episodic_return=-138.97357177734375
2022-11-15 07:32:42,844 - INFO: global_step=322821, episodic_return=-47.1900634765625
2022-11-15 07:32:44,167 - INFO: global_step=323821, episodic_return=-19.47481346130371
2022-11-15 07:32:45,753 - INFO: global_step=324821, episodic_return=-67.76630401611328
2022-11-15 07:32:47,422 - INFO: global_step=325821, episodic_return=-82.8551025390625
2022-11-15 07:32:49,229 - INFO: global_step=326821, episodic_return=-41.38037872314453
2022-11-15 07:32:50,606 - INFO: global_step=327821, episodic_return=-85.9140396118164
2022-11-15 07:32:52,035 - INFO: global_step=328821, episodic_return=-67.52777862548828
2022-11-15 07:32:53,406 - INFO: global_step=329821, episodic_return=-58.27344512939453
2022-11-15 07:32:55,332 - INFO: global_step=330821, episodic_return=-87.47122955322266
2022-11-15 07:32:57,091 - INFO: global_step=331821, episodic_return=-62.086788177490234
2022-11-15 07:32:58,891 - INFO: global_step=332821, episodic_return=7.44821834564209
2022-11-15 07:33:00,586 - INFO: global_step=333821, episodic_return=-56.89113998413086
2022-11-15 07:33:03,142 - INFO: global_step=334821, episodic_return=-85.12549591064453
2022-11-15 07:33:05,245 - INFO: global_step=335821, episodic_return=-85.26006317138672
2022-11-15 07:33:06,733 - INFO: global_step=336821, episodic_return=-22.896936416625977
2022-11-15 07:33:09,115 - INFO: global_step=337821, episodic_return=-46.82895278930664
2022-11-15 07:33:11,220 - INFO: global_step=338821, episodic_return=-45.192501068115234
2022-11-15 07:33:12,902 - INFO: global_step=339821, episodic_return=5.105207443237305
2022-11-15 07:33:12,995 - INFO: global_step=339980, episodic_return=-80.00163269042969
2022-11-15 07:33:14,410 - INFO: global_step=340980, episodic_return=15.672734260559082
2022-11-15 07:33:16,021 - INFO: global_step=341980, episodic_return=-7.544835090637207
2022-11-15 07:33:17,085 - INFO: global_step=342830, episodic_return=117.48859405517578
2022-11-15 07:33:18,913 - INFO: global_step=343815, episodic_return=128.3851776123047
2022-11-15 07:33:19,014 - INFO: global_step=343978, episodic_return=-68.52457427978516
2022-11-15 07:33:19,157 - INFO: global_step=344200, episodic_return=-133.65296936035156
2022-11-15 07:33:19,605 - INFO: global_step=344653, episodic_return=148.30294799804688
2022-11-15 07:33:19,816 - INFO: global_step=344938, episodic_return=-65.07868957519531
2022-11-15 07:33:20,015 - INFO: global_step=345204, episodic_return=-99.52035522460938
2022-11-15 07:33:20,528 - INFO: global_step=345705, episodic_return=-155.33331298828125
2022-11-15 07:33:20,607 - INFO: global_step=345836, episodic_return=-115.72374725341797
2022-11-15 07:33:21,073 - INFO: global_step=346270, episodic_return=-91.11885070800781
2022-11-15 07:33:23,623 - INFO: global_step=347270, episodic_return=-17.909767150878906
2022-11-15 07:33:26,277 - INFO: global_step=348270, episodic_return=-14.661931991577148
2022-11-15 07:33:28,341 - INFO: global_step=349270, episodic_return=-60.83497619628906
2022-11-15 07:33:29,820 - INFO: global_step=350270, episodic_return=26.512279510498047
2022-11-15 07:33:31,494 - INFO: global_step=351270, episodic_return=-16.45064926147461
2022-11-15 07:33:33,145 - INFO: global_step=352270, episodic_return=-19.071826934814453
2022-11-15 07:33:34,836 - INFO: global_step=353270, episodic_return=5.146878242492676
2022-11-15 07:33:36,648 - INFO: global_step=354270, episodic_return=-7.049247741699219
2022-11-15 07:33:38,852 - INFO: global_step=355270, episodic_return=-39.70046615600586
2022-11-15 07:33:40,858 - INFO: global_step=356270, episodic_return=-53.23227310180664
2022-11-15 07:33:43,291 - INFO: global_step=357270, episodic_return=39.75746536254883
2022-11-15 07:33:44,978 - INFO: global_step=358270, episodic_return=-3.980320453643799
2022-11-15 07:33:47,365 - INFO: global_step=359270, episodic_return=-32.45927810668945
2022-11-15 07:33:49,568 - INFO: global_step=360270, episodic_return=-17.10681915283203
2022-11-15 07:33:51,666 - INFO: global_step=361270, episodic_return=-41.9439697265625
2022-11-15 07:33:53,557 - INFO: global_step=362270, episodic_return=-8.735873222351074
2022-11-15 07:33:55,729 - INFO: global_step=363270, episodic_return=-35.59967041015625
2022-11-15 07:33:57,823 - INFO: global_step=364270, episodic_return=-43.161922454833984
2022-11-15 07:33:59,636 - INFO: global_step=365270, episodic_return=-30.72446060180664
2022-11-15 07:34:01,320 - INFO: global_step=366270, episodic_return=-64.33307647705078
2022-11-15 07:34:02,818 - INFO: global_step=367270, episodic_return=-28.167503356933594
2022-11-15 07:34:04,787 - INFO: global_step=368270, episodic_return=-26.577606201171875
2022-11-15 07:34:06,779 - INFO: global_step=369270, episodic_return=45.86615753173828
2022-11-15 07:34:08,461 - INFO: global_step=370270, episodic_return=-12.052123069763184
2022-11-15 07:34:10,143 - INFO: global_step=371270, episodic_return=55.703025817871094
2022-11-15 07:34:11,834 - INFO: global_step=372270, episodic_return=-39.9925422668457
2022-11-15 07:34:13,089 - INFO: global_step=373270, episodic_return=0.558497428894043
2022-11-15 07:34:14,896 - INFO: global_step=374270, episodic_return=-39.19487380981445
2022-11-15 07:34:16,702 - INFO: global_step=375270, episodic_return=18.608787536621094
2022-11-15 07:34:18,185 - INFO: global_step=376007, episodic_return=178.74948120117188
2022-11-15 07:34:18,619 - INFO: global_step=376349, episodic_return=264.8660888671875
2022-11-15 07:34:19,815 - INFO: global_step=377012, episodic_return=195.4995574951172
2022-11-15 07:34:21,762 - INFO: global_step=378012, episodic_return=12.783992767333984
2022-11-15 07:34:22,409 - INFO: global_step=378592, episodic_return=222.83273315429688
2022-11-15 07:34:23,823 - INFO: global_step=379405, episodic_return=121.94824981689453
2022-11-15 07:34:24,631 - INFO: global_step=379981, episodic_return=219.84793090820312
2022-11-15 07:34:25,463 - INFO: global_step=380656, episodic_return=204.55392456054688
2022-11-15 07:34:26,557 - INFO: global_step=381455, episodic_return=196.78518676757812
2022-11-15 07:34:27,303 - INFO: global_step=382023, episodic_return=147.75221252441406
2022-11-15 07:34:28,260 - INFO: global_step=382713, episodic_return=183.44610595703125
2022-11-15 07:34:28,571 - INFO: global_step=383019, episodic_return=273.2604064941406
2022-11-15 07:34:29,325 - INFO: global_step=383614, episodic_return=301.706787109375
2022-11-15 07:34:29,502 - INFO: global_step=383825, episodic_return=3.4179534912109375
2022-11-15 07:34:29,638 - INFO: global_step=383971, episodic_return=-79.38978576660156
2022-11-15 07:34:29,775 - INFO: global_step=384118, episodic_return=-213.70816040039062
2022-11-15 07:34:29,872 - INFO: global_step=384212, episodic_return=-124.2486343383789
2022-11-15 07:34:30,027 - INFO: global_step=384351, episodic_return=-148.37144470214844
2022-11-15 07:34:30,146 - INFO: global_step=384488, episodic_return=-186.02951049804688
2022-11-15 07:34:30,265 - INFO: global_step=384621, episodic_return=-252.07931518554688
2022-11-15 07:34:30,379 - INFO: global_step=384760, episodic_return=14.682533264160156
2022-11-15 07:34:30,527 - INFO: global_step=384888, episodic_return=-187.70767211914062
2022-11-15 07:34:30,935 - INFO: global_step=385210, episodic_return=285.7956848144531
2022-11-15 07:34:31,169 - INFO: global_step=385436, episodic_return=-188.00225830078125
2022-11-15 07:34:32,191 - INFO: global_step=385926, episodic_return=-116.02207946777344
2022-11-15 07:34:33,130 - INFO: global_step=386695, episodic_return=195.70455932617188
2022-11-15 07:34:33,341 - INFO: global_step=386935, episodic_return=-311.91314697265625
2022-11-15 07:34:35,586 - INFO: global_step=387927, episodic_return=143.60037231445312
2022-11-15 07:34:37,359 - INFO: global_step=388927, episodic_return=11.968894958496094
2022-11-15 07:34:39,250 - INFO: global_step=389927, episodic_return=-42.31997299194336
2022-11-15 07:34:40,887 - INFO: global_step=390927, episodic_return=-70.6121826171875
2022-11-15 07:34:42,380 - INFO: global_step=391927, episodic_return=-82.42645263671875
2022-11-15 07:34:43,797 - INFO: global_step=392927, episodic_return=-23.213619232177734
2022-11-15 07:34:44,644 - INFO: global_step=393525, episodic_return=178.0380401611328
2022-11-15 07:34:46,070 - INFO: global_step=394525, episodic_return=-39.0216064453125
2022-11-15 07:34:47,430 - INFO: global_step=395327, episodic_return=178.52923583984375
2022-11-15 07:34:49,367 - INFO: global_step=396274, episodic_return=101.30824279785156
2022-11-15 07:34:50,848 - INFO: global_step=397274, episodic_return=1.815197467803955
2022-11-15 07:34:51,570 - INFO: global_step=397886, episodic_return=190.74581909179688
2022-11-15 07:34:52,662 - INFO: global_step=398589, episodic_return=175.89361572265625
2022-11-15 07:34:54,246 - INFO: global_step=399589, episodic_return=-17.714344024658203
2022-11-15 07:34:54,780 - INFO: global_step=400059, episodic_return=162.91439819335938
2022-11-15 07:34:56,163 - INFO: global_step=400675, episodic_return=191.5933837890625
2022-11-15 07:34:57,077 - INFO: global_step=401262, episodic_return=203.21372985839844
2022-11-15 07:34:57,621 - INFO: global_step=401843, episodic_return=189.86279296875
2022-11-15 07:34:58,222 - INFO: global_step=402405, episodic_return=227.94271850585938
2022-11-15 07:34:59,379 - INFO: global_step=403270, episodic_return=168.117431640625
2022-11-15 07:34:59,518 - INFO: global_step=403442, episodic_return=-80.4697036743164
2022-11-15 07:35:00,719 - INFO: global_step=404189, episodic_return=124.24317169189453
2022-11-15 07:35:01,301 - INFO: global_step=404680, episodic_return=257.1625671386719
2022-11-15 07:35:03,509 - INFO: global_step=405680, episodic_return=-70.5308837890625
2022-11-15 07:35:04,107 - INFO: global_step=406212, episodic_return=161.6593780517578
2022-11-15 07:35:04,314 - INFO: global_step=406415, episodic_return=-53.37522888183594
2022-11-15 07:35:05,188 - INFO: global_step=407038, episodic_return=189.46536254882812
2022-11-15 07:35:06,589 - INFO: global_step=408038, episodic_return=-62.6911506652832
2022-11-15 07:35:07,500 - INFO: global_step=408633, episodic_return=144.75741577148438
2022-11-15 07:35:08,637 - INFO: global_step=409580, episodic_return=130.4239044189453
2022-11-15 07:35:09,449 - INFO: global_step=410206, episodic_return=147.61590576171875
2022-11-15 07:35:09,987 - INFO: global_step=410737, episodic_return=202.8573760986328
2022-11-15 07:35:10,965 - INFO: global_step=411494, episodic_return=129.3125457763672
2022-11-15 07:35:11,754 - INFO: global_step=412096, episodic_return=234.3072967529297
2022-11-15 07:35:12,471 - INFO: global_step=412709, episodic_return=202.7132568359375
2022-11-15 07:35:13,312 - INFO: global_step=413411, episodic_return=212.73202514648438
2022-11-15 07:35:13,927 - INFO: global_step=413936, episodic_return=226.85604858398438
2022-11-15 07:35:15,085 - INFO: global_step=414670, episodic_return=188.71578979492188
2022-11-15 07:35:15,743 - INFO: global_step=415253, episodic_return=195.7198028564453
2022-11-15 07:35:16,613 - INFO: global_step=416041, episodic_return=-190.88711547851562
2022-11-15 07:35:18,038 - INFO: global_step=416971, episodic_return=178.3990936279297
2022-11-15 07:35:18,716 - INFO: global_step=417516, episodic_return=188.96847534179688
2022-11-15 07:35:19,574 - INFO: global_step=418121, episodic_return=183.59132385253906
2022-11-15 07:35:20,739 - INFO: global_step=418934, episodic_return=182.4154815673828
2022-11-15 07:35:21,398 - INFO: global_step=419434, episodic_return=236.5087127685547
2022-11-15 07:35:22,658 - INFO: global_step=420434, episodic_return=32.08454895019531
2022-11-15 07:35:23,749 - INFO: global_step=421232, episodic_return=203.80258178710938
2022-11-15 07:35:25,225 - INFO: global_step=422232, episodic_return=-45.764591217041016
2022-11-15 07:35:26,206 - INFO: global_step=423027, episodic_return=187.41677856445312
2022-11-15 07:35:26,803 - INFO: global_step=423511, episodic_return=244.06179809570312
2022-11-15 07:35:28,274 - INFO: global_step=424469, episodic_return=107.18915557861328
2022-11-15 07:35:29,435 - INFO: global_step=425404, episodic_return=208.3050994873047
2022-11-15 07:35:30,485 - INFO: global_step=426404, episodic_return=108.83589935302734
2022-11-15 07:35:31,789 - INFO: global_step=427238, episodic_return=223.95791625976562
2022-11-15 07:35:32,701 - INFO: global_step=427874, episodic_return=175.95933532714844
2022-11-15 07:35:33,086 - INFO: global_step=428256, episodic_return=231.42478942871094
2022-11-15 07:35:33,501 - INFO: global_step=428697, episodic_return=261.50177001953125
2022-11-15 07:35:33,939 - INFO: global_step=429167, episodic_return=273.42706298828125
2022-11-15 07:35:34,694 - INFO: global_step=429956, episodic_return=186.09384155273438
2022-11-15 07:35:35,514 - INFO: global_step=430551, episodic_return=249.74928283691406
2022-11-15 07:35:36,122 - INFO: global_step=431115, episodic_return=116.29246520996094
2022-11-15 07:35:36,578 - INFO: global_step=431551, episodic_return=177.80068969726562
2022-11-15 07:35:36,889 - INFO: global_step=431904, episodic_return=261.5310363769531
2022-11-15 07:35:37,169 - INFO: global_step=432256, episodic_return=213.7635040283203
2022-11-15 07:35:37,459 - INFO: global_step=432612, episodic_return=228.84451293945312
2022-11-15 07:35:37,860 - INFO: global_step=432991, episodic_return=264.49755859375
2022-11-15 07:35:38,370 - INFO: global_step=433436, episodic_return=230.4690399169922
2022-11-15 07:35:38,750 - INFO: global_step=433846, episodic_return=240.70542907714844
2022-11-15 07:35:39,124 - INFO: global_step=434256, episodic_return=210.90975952148438
2022-11-15 07:35:39,619 - INFO: global_step=434707, episodic_return=243.0467987060547
2022-11-15 07:35:39,959 - INFO: global_step=435045, episodic_return=228.15684509277344
2022-11-15 07:35:40,273 - INFO: global_step=435384, episodic_return=264.6314697265625
2022-11-15 07:35:40,696 - INFO: global_step=435837, episodic_return=243.47251892089844
2022-11-15 07:35:40,973 - INFO: global_step=436190, episodic_return=273.5816650390625
2022-11-15 07:35:41,322 - INFO: global_step=436559, episodic_return=254.75262451171875
2022-11-15 07:35:41,932 - INFO: global_step=437046, episodic_return=230.01324462890625
2022-11-15 07:35:42,344 - INFO: global_step=437431, episodic_return=196.27011108398438
2022-11-15 07:35:42,903 - INFO: global_step=437955, episodic_return=218.8302001953125
2022-11-15 07:35:43,245 - INFO: global_step=438327, episodic_return=260.52984619140625
2022-11-15 07:35:43,750 - INFO: global_step=438779, episodic_return=277.2967529296875
2022-11-15 07:35:44,107 - INFO: global_step=439156, episodic_return=287.15289306640625
2022-11-15 07:35:44,331 - INFO: global_step=439419, episodic_return=7.23724365234375
2022-11-15 07:35:44,638 - INFO: global_step=439765, episodic_return=254.25376892089844
2022-11-15 07:35:45,021 - INFO: global_step=440190, episodic_return=197.40028381347656
2022-11-15 07:35:45,394 - INFO: global_step=440556, episodic_return=220.2393341064453
2022-11-15 07:35:45,748 - INFO: global_step=440917, episodic_return=244.47251892089844
2022-11-15 07:35:46,353 - INFO: global_step=441451, episodic_return=204.68536376953125
2022-11-15 07:35:46,673 - INFO: global_step=441808, episodic_return=243.8365936279297
2022-11-15 07:35:47,017 - INFO: global_step=442158, episodic_return=205.11962890625
2022-11-15 07:35:47,257 - INFO: global_step=442445, episodic_return=265.9309387207031
2022-11-15 07:35:47,584 - INFO: global_step=442794, episodic_return=274.032470703125
2022-11-15 07:35:47,952 - INFO: global_step=443111, episodic_return=237.833984375
2022-11-15 07:35:48,427 - INFO: global_step=443530, episodic_return=272.6902770996094
2022-11-15 07:35:48,734 - INFO: global_step=443803, episodic_return=43.26362609863281
2022-11-15 07:35:49,005 - INFO: global_step=444077, episodic_return=-25.127944946289062
2022-11-15 07:35:49,396 - INFO: global_step=444462, episodic_return=248.31234741210938
2022-11-15 07:35:49,726 - INFO: global_step=444823, episodic_return=207.4008331298828
2022-11-15 07:35:49,899 - INFO: global_step=445051, episodic_return=-462.7397766113281
2022-11-15 07:35:50,159 - INFO: global_step=445366, episodic_return=-307.8187255859375
2022-11-15 07:35:50,238 - INFO: global_step=445495, episodic_return=-187.00332641601562
2022-11-15 07:35:50,421 - INFO: global_step=445745, episodic_return=-362.3006896972656
2022-11-15 07:35:50,492 - INFO: global_step=445866, episodic_return=-192.80474853515625
2022-11-15 07:35:50,927 - INFO: global_step=446303, episodic_return=185.25927734375
2022-11-15 07:35:51,462 - INFO: global_step=446810, episodic_return=226.16049194335938
2022-11-15 07:35:52,090 - INFO: global_step=447364, episodic_return=175.33981323242188
2022-11-15 07:35:52,677 - INFO: global_step=447837, episodic_return=253.11752319335938
2022-11-15 07:35:53,533 - INFO: global_step=448524, episodic_return=198.91831970214844
2022-11-15 07:35:54,540 - INFO: global_step=449186, episodic_return=172.33004760742188
2022-11-15 07:35:55,977 - INFO: global_step=450114, episodic_return=121.00578308105469
2022-11-15 07:35:57,896 - INFO: global_step=450993, episodic_return=60.414817810058594
2022-11-15 07:35:59,182 - INFO: global_step=451935, episodic_return=127.44664764404297
2022-11-15 07:35:59,811 - INFO: global_step=452419, episodic_return=187.03466796875
2022-11-15 07:36:01,012 - INFO: global_step=453192, episodic_return=-241.1893310546875
2022-11-15 07:36:01,929 - INFO: global_step=453854, episodic_return=146.31747436523438
2022-11-15 07:36:02,345 - INFO: global_step=454300, episodic_return=230.83438110351562
2022-11-15 07:36:02,621 - INFO: global_step=454649, episodic_return=246.54873657226562
2022-11-15 07:36:03,031 - INFO: global_step=455082, episodic_return=270.05889892578125
2022-11-15 07:36:03,894 - INFO: global_step=455815, episodic_return=-262.7203369140625
2022-11-15 07:36:04,283 - INFO: global_step=456201, episodic_return=254.14178466796875
2022-11-15 07:36:04,979 - INFO: global_step=456855, episodic_return=204.58453369140625
2022-11-15 07:36:05,423 - INFO: global_step=457325, episodic_return=230.05699157714844
2022-11-15 07:36:06,038 - INFO: global_step=457866, episodic_return=235.0470733642578
2022-11-15 07:36:07,473 - INFO: global_step=458780, episodic_return=137.23568725585938
2022-11-15 07:36:08,075 - INFO: global_step=459345, episodic_return=179.8542938232422
2022-11-15 07:36:09,197 - INFO: global_step=460111, episodic_return=153.02151489257812
2022-11-15 07:36:10,253 - INFO: global_step=460739, episodic_return=-39.14362716674805
2022-11-15 07:36:11,118 - INFO: global_step=461374, episodic_return=218.00125122070312
2022-11-15 07:36:13,169 - INFO: global_step=462316, episodic_return=148.8857421875
2022-11-15 07:36:14,280 - INFO: global_step=463098, episodic_return=199.41513061523438
2022-11-15 07:36:15,331 - INFO: global_step=463801, episodic_return=246.5077667236328
2022-11-15 07:36:16,225 - INFO: global_step=464477, episodic_return=129.58953857421875
2022-11-15 07:36:16,489 - INFO: global_step=464800, episodic_return=276.5494384765625
2022-11-15 07:36:17,408 - INFO: global_step=465434, episodic_return=193.2845458984375
2022-11-15 07:36:18,990 - INFO: global_step=466434, episodic_return=-50.49641036987305
2022-11-15 07:36:21,128 - INFO: global_step=467434, episodic_return=-37.5654411315918
2022-11-15 07:36:22,775 - INFO: global_step=468434, episodic_return=91.55513763427734
2022-11-15 07:36:24,422 - INFO: global_step=469396, episodic_return=100.21891784667969
2022-11-15 07:36:24,895 - INFO: global_step=469780, episodic_return=265.5433349609375
2022-11-15 07:36:27,191 - INFO: global_step=470576, episodic_return=120.54090881347656
2022-11-15 07:36:27,814 - INFO: global_step=471168, episodic_return=163.4821319580078
2022-11-15 07:36:28,909 - INFO: global_step=471953, episodic_return=113.74579620361328
2022-11-15 07:36:30,410 - INFO: global_step=472858, episodic_return=150.10260009765625
2022-11-15 07:36:32,256 - INFO: global_step=473858, episodic_return=22.326862335205078
2022-11-15 07:36:33,680 - INFO: global_step=474577, episodic_return=161.4049072265625
2022-11-15 07:36:35,158 - INFO: global_step=475552, episodic_return=146.5215606689453
2022-11-15 07:36:36,137 - INFO: global_step=476357, episodic_return=129.92491149902344
2022-11-15 07:36:37,044 - INFO: global_step=477090, episodic_return=161.20919799804688
2022-11-15 07:36:38,000 - INFO: global_step=477780, episodic_return=185.72640991210938
2022-11-15 07:36:39,083 - INFO: global_step=478612, episodic_return=136.3734893798828
2022-11-15 07:36:40,705 - INFO: global_step=479612, episodic_return=-17.69518280029297
2022-11-15 07:36:41,480 - INFO: global_step=480285, episodic_return=168.77627563476562
2022-11-15 07:36:42,753 - INFO: global_step=481285, episodic_return=-28.983713150024414
2022-11-15 07:36:44,069 - INFO: global_step=482285, episodic_return=-33.76776123046875
2022-11-15 07:36:45,208 - INFO: global_step=483285, episodic_return=-79.0990219116211
2022-11-15 07:36:46,860 - INFO: global_step=484285, episodic_return=-93.1849594116211
2022-11-15 07:36:48,443 - INFO: global_step=485285, episodic_return=-80.80494689941406
2022-11-15 07:36:50,161 - INFO: global_step=486285, episodic_return=-58.59135437011719
2022-11-15 07:36:52,210 - INFO: global_step=487285, episodic_return=-72.77759552001953
2022-11-15 07:36:54,340 - INFO: global_step=488285, episodic_return=-29.147069931030273
2022-11-15 07:36:55,705 - INFO: global_step=489285, episodic_return=-62.87158203125
2022-11-15 07:36:57,438 - INFO: global_step=490285, episodic_return=-18.9554500579834
2022-11-15 07:36:58,696 - INFO: global_step=491285, episodic_return=-14.176715850830078
2022-11-15 07:37:00,454 - INFO: global_step=492285, episodic_return=-58.69758605957031
2022-11-15 07:37:02,466 - INFO: global_step=493285, episodic_return=-25.04364776611328
2022-11-15 07:37:04,612 - INFO: global_step=494285, episodic_return=-5.861888408660889
2022-11-15 07:37:06,513 - INFO: global_step=495285, episodic_return=-33.297794342041016
2022-11-15 07:37:08,183 - INFO: global_step=496285, episodic_return=-33.07440948486328
2022-11-15 07:37:09,815 - INFO: global_step=497285, episodic_return=-58.41679382324219
2022-11-15 07:37:11,337 - INFO: global_step=498285, episodic_return=-10.39792251586914
2022-11-15 07:37:12,518 - INFO: global_step=498953, episodic_return=185.06436157226562
2022-11-15 07:37:13,362 - INFO: global_step=499641, episodic_return=210.0903778076172
2022-11-15 07:37:13,687 - INFO: The average reward of last 20 steps: -20.099773669242857
