2022-11-15 01:09:36,964 - INFO: +--------------------------+----------------+
| Parameter                | Value          |
+--------------------------+----------------+
| exp_name                 | dqn            |
+--------------------------+----------------+
| seed                     | 42             |
+--------------------------+----------------+
| total_timesteps          | 500000         |
+--------------------------+----------------+
| learning_rate            | 0.001          |
+--------------------------+----------------+
| buffer_size              | 2000           |
+--------------------------+----------------+
| gamma                    | 0.982          |
+--------------------------+----------------+
| target_network_frequency | 50             |
+--------------------------+----------------+
| batch_size               | 128            |
+--------------------------+----------------+
| start_e                  | 1              |
+--------------------------+----------------+
| end_e                    | 0              |
+--------------------------+----------------+
| exploration_fraction     | 0.050          |
+--------------------------+----------------+
| learning_starts          | 10000          |
+--------------------------+----------------+
| train_frequency          | 10             |
+--------------------------+----------------+
| env_id                   | LunarLander-v2 |
+--------------------------+----------------+
2022-11-15 01:09:39,386 - INFO: global_step=119, episodic_return=-313.3778076171875
2022-11-15 01:09:39,404 - INFO: global_step=195, episodic_return=-187.13906860351562
2022-11-15 01:09:39,426 - INFO: global_step=277, episodic_return=-266.0443420410156
2022-11-15 01:09:39,445 - INFO: global_step=354, episodic_return=-115.51432800292969
2022-11-15 01:09:39,463 - INFO: global_step=425, episodic_return=-54.3162956237793
2022-11-15 01:09:39,488 - INFO: global_step=503, episodic_return=-113.84065246582031
2022-11-15 01:09:39,509 - INFO: global_step=606, episodic_return=-161.98922729492188
2022-11-15 01:09:39,530 - INFO: global_step=693, episodic_return=-109.32754516601562
2022-11-15 01:09:39,550 - INFO: global_step=776, episodic_return=-129.513671875
2022-11-15 01:09:39,569 - INFO: global_step=858, episodic_return=-222.3619384765625
2022-11-15 01:09:39,590 - INFO: global_step=962, episodic_return=-101.74225616455078
2022-11-15 01:09:39,606 - INFO: global_step=1044, episodic_return=-386.2248229980469
2022-11-15 01:09:39,621 - INFO: global_step=1103, episodic_return=-91.01165771484375
2022-11-15 01:09:39,649 - INFO: global_step=1199, episodic_return=-299.2242431640625
2022-11-15 01:09:39,671 - INFO: global_step=1278, episodic_return=-105.75328826904297
2022-11-15 01:09:39,700 - INFO: global_step=1379, episodic_return=-136.1885986328125
2022-11-15 01:09:39,721 - INFO: global_step=1460, episodic_return=-135.29559326171875
2022-11-15 01:09:39,741 - INFO: global_step=1521, episodic_return=-115.6679458618164
2022-11-15 01:09:39,770 - INFO: global_step=1607, episodic_return=-278.4983215332031
2022-11-15 01:09:39,803 - INFO: global_step=1678, episodic_return=-85.30072784423828
2022-11-15 01:09:39,832 - INFO: global_step=1783, episodic_return=-220.44573974609375
2022-11-15 01:09:39,854 - INFO: global_step=1875, episodic_return=-309.3887939453125
2022-11-15 01:09:39,874 - INFO: global_step=1977, episodic_return=-244.660400390625
2022-11-15 01:09:39,886 - INFO: global_step=2040, episodic_return=-155.95382690429688
2022-11-15 01:09:39,908 - INFO: global_step=2146, episodic_return=-400.419921875
2022-11-15 01:09:39,927 - INFO: global_step=2237, episodic_return=-198.6375274658203
2022-11-15 01:09:39,947 - INFO: global_step=2335, episodic_return=-169.42050170898438
2022-11-15 01:09:39,970 - INFO: global_step=2448, episodic_return=-16.204727172851562
2022-11-15 01:09:39,994 - INFO: global_step=2558, episodic_return=-81.74740600585938
2022-11-15 01:09:40,018 - INFO: global_step=2646, episodic_return=-142.71942138671875
2022-11-15 01:09:40,043 - INFO: global_step=2738, episodic_return=-331.6516418457031
2022-11-15 01:09:40,065 - INFO: global_step=2816, episodic_return=-130.86309814453125
2022-11-15 01:09:40,104 - INFO: global_step=2934, episodic_return=-178.2755126953125
2022-11-15 01:09:40,136 - INFO: global_step=3026, episodic_return=-280.2134094238281
2022-11-15 01:09:40,153 - INFO: global_step=3093, episodic_return=-161.2165985107422
2022-11-15 01:09:40,182 - INFO: global_step=3200, episodic_return=-162.50326538085938
2022-11-15 01:09:40,202 - INFO: global_step=3271, episodic_return=-91.88768768310547
2022-11-15 01:09:40,222 - INFO: global_step=3354, episodic_return=-154.24411010742188
2022-11-15 01:09:40,252 - INFO: global_step=3481, episodic_return=-200.65841674804688
2022-11-15 01:09:40,270 - INFO: global_step=3570, episodic_return=-336.44635009765625
2022-11-15 01:09:40,289 - INFO: global_step=3657, episodic_return=-414.7653503417969
2022-11-15 01:09:40,302 - INFO: global_step=3721, episodic_return=-235.6177215576172
2022-11-15 01:09:40,317 - INFO: global_step=3796, episodic_return=-261.1493225097656
2022-11-15 01:09:40,332 - INFO: global_step=3865, episodic_return=-251.28750610351562
2022-11-15 01:09:40,363 - INFO: global_step=3974, episodic_return=-119.9803466796875
2022-11-15 01:09:40,394 - INFO: global_step=4088, episodic_return=-127.7125244140625
2022-11-15 01:09:40,432 - INFO: global_step=4213, episodic_return=-492.0794677734375
2022-11-15 01:09:40,453 - INFO: global_step=4291, episodic_return=-111.87178802490234
2022-11-15 01:09:40,479 - INFO: global_step=4378, episodic_return=-314.92132568359375
2022-11-15 01:09:40,493 - INFO: global_step=4435, episodic_return=-121.8277359008789
2022-11-15 01:09:40,510 - INFO: global_step=4493, episodic_return=-101.405517578125
2022-11-15 01:09:40,523 - INFO: global_step=4546, episodic_return=-72.20790100097656
2022-11-15 01:09:40,546 - INFO: global_step=4644, episodic_return=-122.77739715576172
2022-11-15 01:09:40,571 - INFO: global_step=4757, episodic_return=-413.17431640625
2022-11-15 01:09:40,596 - INFO: global_step=4837, episodic_return=-330.2989807128906
2022-11-15 01:09:40,631 - INFO: global_step=4960, episodic_return=-471.7145690917969
2022-11-15 01:09:40,648 - INFO: global_step=5023, episodic_return=-94.9368896484375
2022-11-15 01:09:40,671 - INFO: global_step=5102, episodic_return=-407.8177490234375
2022-11-15 01:09:40,684 - INFO: global_step=5157, episodic_return=-129.5853729248047
2022-11-15 01:09:40,706 - INFO: global_step=5231, episodic_return=-260.19293212890625
2022-11-15 01:09:40,725 - INFO: global_step=5296, episodic_return=-100.15371704101562
2022-11-15 01:09:40,746 - INFO: global_step=5369, episodic_return=-100.72974395751953
2022-11-15 01:09:40,789 - INFO: global_step=5499, episodic_return=-454.983642578125
2022-11-15 01:09:40,819 - INFO: global_step=5585, episodic_return=-112.0057601928711
2022-11-15 01:09:40,837 - INFO: global_step=5655, episodic_return=-66.37925720214844
2022-11-15 01:09:40,856 - INFO: global_step=5731, episodic_return=-421.8822021484375
2022-11-15 01:09:40,877 - INFO: global_step=5819, episodic_return=-120.17575073242188
2022-11-15 01:09:40,891 - INFO: global_step=5885, episodic_return=-108.9969711303711
2022-11-15 01:09:40,918 - INFO: global_step=5976, episodic_return=-262.628173828125
2022-11-15 01:09:40,940 - INFO: global_step=6039, episodic_return=-30.011962890625
2022-11-15 01:09:40,967 - INFO: global_step=6121, episodic_return=-135.63116455078125
2022-11-15 01:09:40,986 - INFO: global_step=6184, episodic_return=-234.01419067382812
2022-11-15 01:09:41,013 - INFO: global_step=6266, episodic_return=-72.50865936279297
2022-11-15 01:09:41,036 - INFO: global_step=6340, episodic_return=-354.23541259765625
2022-11-15 01:09:41,063 - INFO: global_step=6423, episodic_return=-537.1526489257812
2022-11-15 01:09:41,086 - INFO: global_step=6488, episodic_return=-117.31340026855469
2022-11-15 01:09:41,131 - INFO: global_step=6621, episodic_return=-325.65118408203125
2022-11-15 01:09:41,146 - INFO: global_step=6684, episodic_return=-80.68875122070312
2022-11-15 01:09:41,159 - INFO: global_step=6745, episodic_return=-81.36834716796875
2022-11-15 01:09:41,178 - INFO: global_step=6832, episodic_return=-184.64718627929688
2022-11-15 01:09:41,194 - INFO: global_step=6903, episodic_return=-408.7210998535156
2022-11-15 01:09:41,226 - INFO: global_step=7020, episodic_return=-266.9056396484375
2022-11-15 01:09:41,253 - INFO: global_step=7099, episodic_return=-304.672607421875
2022-11-15 01:09:41,283 - INFO: global_step=7181, episodic_return=-92.81388854980469
2022-11-15 01:09:41,297 - INFO: global_step=7240, episodic_return=-66.46926879882812
2022-11-15 01:09:41,322 - INFO: global_step=7338, episodic_return=-388.4926452636719
2022-11-15 01:09:41,370 - INFO: global_step=7440, episodic_return=-150.7421417236328
2022-11-15 01:09:41,411 - INFO: global_step=7522, episodic_return=-373.6861877441406
2022-11-15 01:09:41,506 - INFO: global_step=7715, episodic_return=-92.12732696533203
2022-11-15 01:09:41,527 - INFO: global_step=7802, episodic_return=-393.62908935546875
2022-11-15 01:09:41,547 - INFO: global_step=7880, episodic_return=-124.40174865722656
2022-11-15 01:09:41,576 - INFO: global_step=7979, episodic_return=-457.5019836425781
2022-11-15 01:09:41,602 - INFO: global_step=8061, episodic_return=-497.7668151855469
2022-11-15 01:09:41,631 - INFO: global_step=8144, episodic_return=-505.85394287109375
2022-11-15 01:09:41,669 - INFO: global_step=8240, episodic_return=-443.79302978515625
2022-11-15 01:09:41,701 - INFO: global_step=8338, episodic_return=-142.53079223632812
2022-11-15 01:09:41,731 - INFO: global_step=8426, episodic_return=-144.46304321289062
2022-11-15 01:09:41,753 - INFO: global_step=8492, episodic_return=-532.9422607421875
2022-11-15 01:09:41,774 - INFO: global_step=8564, episodic_return=-106.7362060546875
2022-11-15 01:09:41,792 - INFO: global_step=8631, episodic_return=-172.08432006835938
2022-11-15 01:09:41,808 - INFO: global_step=8690, episodic_return=-116.90315246582031
2022-11-15 01:09:41,831 - INFO: global_step=8779, episodic_return=-393.3181457519531
2022-11-15 01:09:41,907 - INFO: global_step=8940, episodic_return=-422.5049743652344
2022-11-15 01:09:41,939 - INFO: global_step=9024, episodic_return=-298.3297424316406
2022-11-15 01:09:41,968 - INFO: global_step=9097, episodic_return=-251.40025329589844
2022-11-15 01:09:41,993 - INFO: global_step=9162, episodic_return=-79.3299331665039
2022-11-15 01:09:42,018 - INFO: global_step=9237, episodic_return=-220.99508666992188
2022-11-15 01:09:42,045 - INFO: global_step=9303, episodic_return=-88.60870361328125
2022-11-15 01:09:42,064 - INFO: global_step=9363, episodic_return=-68.59266662597656
2022-11-15 01:09:42,097 - INFO: global_step=9463, episodic_return=-386.64141845703125
2022-11-15 01:09:42,126 - INFO: global_step=9566, episodic_return=-297.75018310546875
2022-11-15 01:09:42,143 - INFO: global_step=9639, episodic_return=-192.576171875
2022-11-15 01:09:42,167 - INFO: global_step=9716, episodic_return=-457.9146728515625
2022-11-15 01:09:42,183 - INFO: global_step=9782, episodic_return=-89.20469665527344
2022-11-15 01:09:42,217 - INFO: global_step=9858, episodic_return=-224.00759887695312
2022-11-15 01:09:42,252 - INFO: global_step=9934, episodic_return=-427.142333984375
2022-11-15 01:09:42,311 - INFO: global_step=10024, episodic_return=-416.5780334472656
2022-11-15 01:09:42,391 - INFO: global_step=10122, episodic_return=-240.75343322753906
2022-11-15 01:09:42,422 - INFO: global_step=10175, episodic_return=-104.13282775878906
2022-11-15 01:09:42,465 - INFO: global_step=10248, episodic_return=-106.7764892578125
2022-11-15 01:09:42,532 - INFO: global_step=10349, episodic_return=-199.9017791748047
2022-11-15 01:09:42,585 - INFO: global_step=10415, episodic_return=-122.73760986328125
2022-11-15 01:09:42,661 - INFO: global_step=10515, episodic_return=-144.50143432617188
2022-11-15 01:09:42,716 - INFO: global_step=10608, episodic_return=-164.65455627441406
2022-11-15 01:09:42,774 - INFO: global_step=10729, episodic_return=-5.2058258056640625
2022-11-15 01:09:42,833 - INFO: global_step=10831, episodic_return=-549.3041381835938
2022-11-15 01:09:42,879 - INFO: global_step=10907, episodic_return=-319.48931884765625
2022-11-15 01:09:42,918 - INFO: global_step=10985, episodic_return=-187.39996337890625
2022-11-15 01:09:42,956 - INFO: global_step=11058, episodic_return=-117.8758316040039
2022-11-15 01:09:43,003 - INFO: global_step=11145, episodic_return=-136.41123962402344
2022-11-15 01:09:43,041 - INFO: global_step=11213, episodic_return=-187.7904052734375
2022-11-15 01:09:43,075 - INFO: global_step=11290, episodic_return=-158.96356201171875
2022-11-15 01:09:43,112 - INFO: global_step=11365, episodic_return=-353.7762451171875
2022-11-15 01:09:43,144 - INFO: global_step=11437, episodic_return=-335.8076171875
2022-11-15 01:09:43,187 - INFO: global_step=11507, episodic_return=-302.6190185546875
2022-11-15 01:09:43,250 - INFO: global_step=11594, episodic_return=-136.0319061279297
2022-11-15 01:09:43,364 - INFO: global_step=11740, episodic_return=-36.12639236450195
2022-11-15 01:09:43,406 - INFO: global_step=11822, episodic_return=-525.6953125
2022-11-15 01:09:43,515 - INFO: global_step=12028, episodic_return=-257.9696960449219
2022-11-15 01:09:43,558 - INFO: global_step=12127, episodic_return=-176.6970977783203
2022-11-15 01:09:43,606 - INFO: global_step=12217, episodic_return=-132.07199096679688
2022-11-15 01:09:43,667 - INFO: global_step=12314, episodic_return=-142.7159881591797
2022-11-15 01:09:43,713 - INFO: global_step=12382, episodic_return=-144.58917236328125
2022-11-15 01:09:43,895 - INFO: global_step=12611, episodic_return=-722.8351440429688
2022-11-15 01:09:43,992 - INFO: global_step=12733, episodic_return=2.1721725463867188
2022-11-15 01:09:44,100 - INFO: global_step=12862, episodic_return=27.561172485351562
2022-11-15 01:09:44,323 - INFO: global_step=13083, episodic_return=-302.3053283691406
2022-11-15 01:09:44,424 - INFO: global_step=13168, episodic_return=-150.69935607910156
2022-11-15 01:09:44,483 - INFO: global_step=13249, episodic_return=14.68218994140625
2022-11-15 01:09:44,550 - INFO: global_step=13336, episodic_return=-107.30380249023438
2022-11-15 01:09:44,677 - INFO: global_step=13472, episodic_return=-31.93511962890625
2022-11-15 01:09:46,716 - INFO: global_step=14472, episodic_return=-36.101158142089844
2022-11-15 01:09:47,057 - INFO: global_step=14844, episodic_return=-100.73644256591797
2022-11-15 01:09:47,576 - INFO: global_step=15298, episodic_return=-204.12110900878906
2022-11-15 01:09:47,680 - INFO: global_step=15450, episodic_return=-42.23851776123047
2022-11-15 01:09:47,836 - INFO: global_step=15649, episodic_return=-86.7901611328125
2022-11-15 01:09:48,065 - INFO: global_step=15919, episodic_return=-36.28497314453125
2022-11-15 01:09:48,552 - INFO: global_step=16402, episodic_return=-80.53620147705078
2022-11-15 01:09:48,714 - INFO: global_step=16613, episodic_return=-74.7357177734375
2022-11-15 01:09:48,907 - INFO: global_step=16838, episodic_return=-58.82341384887695
2022-11-15 01:09:49,110 - INFO: global_step=17066, episodic_return=-472.37750244140625
2022-11-15 01:09:49,240 - INFO: global_step=17244, episodic_return=-475.2981262207031
2022-11-15 01:09:49,338 - INFO: global_step=17400, episodic_return=-215.6700897216797
2022-11-15 01:09:50,618 - INFO: global_step=18239, episodic_return=-323.9822692871094
2022-11-15 01:09:50,747 - INFO: global_step=18376, episodic_return=-266.1890563964844
2022-11-15 01:09:51,100 - INFO: global_step=18752, episodic_return=-530.1236572265625
2022-11-15 01:09:51,312 - INFO: global_step=19002, episodic_return=-337.2841491699219
2022-11-15 01:09:51,479 - INFO: global_step=19221, episodic_return=-227.19525146484375
2022-11-15 01:09:51,552 - INFO: global_step=19337, episodic_return=-168.97650146484375
2022-11-15 01:09:51,631 - INFO: global_step=19461, episodic_return=-194.16793823242188
2022-11-15 01:09:51,728 - INFO: global_step=19599, episodic_return=-128.54647827148438
2022-11-15 01:09:51,836 - INFO: global_step=19736, episodic_return=-135.1404266357422
2022-11-15 01:09:54,379 - INFO: global_step=20736, episodic_return=-75.03915405273438
2022-11-15 01:09:54,666 - INFO: global_step=21046, episodic_return=-227.25148010253906
2022-11-15 01:09:54,762 - INFO: global_step=21184, episodic_return=-105.09355926513672
2022-11-15 01:09:54,856 - INFO: global_step=21294, episodic_return=-21.969871520996094
2022-11-15 01:09:54,971 - INFO: global_step=21403, episodic_return=-39.669315338134766
2022-11-15 01:09:55,091 - INFO: global_step=21540, episodic_return=-237.87010192871094
2022-11-15 01:09:55,489 - INFO: global_step=21890, episodic_return=-95.97277069091797
2022-11-15 01:09:57,344 - INFO: global_step=22890, episodic_return=-125.83138275146484
2022-11-15 01:09:57,902 - INFO: global_step=23314, episodic_return=-138.48516845703125
2022-11-15 01:10:01,475 - INFO: global_step=24314, episodic_return=-110.03038787841797
2022-11-15 01:10:03,248 - INFO: global_step=25314, episodic_return=-71.0973129272461
2022-11-15 01:10:05,247 - INFO: global_step=26314, episodic_return=-60.48773956298828
2022-11-15 01:10:07,760 - INFO: global_step=27314, episodic_return=-76.62003326416016
2022-11-15 01:10:09,682 - INFO: global_step=28314, episodic_return=-54.214481353759766
2022-11-15 01:10:11,818 - INFO: global_step=29314, episodic_return=-83.1452407836914
2022-11-15 01:10:12,668 - INFO: global_step=29924, episodic_return=-235.95193481445312
2022-11-15 01:10:12,954 - INFO: global_step=30208, episodic_return=-321.7918701171875
2022-11-15 01:10:13,211 - INFO: global_step=30460, episodic_return=-246.0597686767578
2022-11-15 01:10:13,746 - INFO: global_step=30866, episodic_return=-132.11019897460938
2022-11-15 01:10:13,962 - INFO: global_step=31102, episodic_return=-522.8201904296875
2022-11-15 01:10:14,255 - INFO: global_step=31373, episodic_return=-143.26376342773438
2022-11-15 01:10:14,975 - INFO: global_step=31896, episodic_return=-197.6239776611328
2022-11-15 01:10:15,502 - INFO: global_step=32358, episodic_return=-123.51814270019531
2022-11-15 01:10:16,344 - INFO: global_step=32972, episodic_return=-146.2525634765625
2022-11-15 01:10:16,715 - INFO: global_step=33329, episodic_return=-104.40608215332031
2022-11-15 01:10:18,820 - INFO: global_step=34329, episodic_return=-32.048831939697266
2022-11-15 01:10:19,135 - INFO: global_step=34590, episodic_return=-73.82026672363281
2022-11-15 01:10:21,110 - INFO: global_step=35590, episodic_return=-91.50666046142578
2022-11-15 01:10:23,683 - INFO: global_step=36590, episodic_return=-78.91858673095703
2022-11-15 01:10:24,699 - INFO: global_step=37224, episodic_return=-77.59262084960938
2022-11-15 01:10:26,486 - INFO: global_step=38099, episodic_return=111.75199127197266
2022-11-15 01:10:27,650 - INFO: global_step=38664, episodic_return=-124.4432601928711
2022-11-15 01:10:28,708 - INFO: global_step=39304, episodic_return=-146.1686553955078
2022-11-15 01:10:29,358 - INFO: global_step=39815, episodic_return=-161.81703186035156
2022-11-15 01:10:30,396 - INFO: global_step=40460, episodic_return=-227.30723571777344
2022-11-15 01:10:31,102 - INFO: global_step=40883, episodic_return=-127.39303588867188
2022-11-15 01:10:31,946 - INFO: global_step=41505, episodic_return=-121.83389282226562
2022-11-15 01:10:33,926 - INFO: global_step=42505, episodic_return=-76.63134002685547
2022-11-15 01:10:35,399 - INFO: global_step=43505, episodic_return=-76.56641387939453
2022-11-15 01:10:37,084 - INFO: global_step=44505, episodic_return=-75.02217102050781
2022-11-15 01:10:37,295 - INFO: global_step=44744, episodic_return=-67.44386291503906
2022-11-15 01:10:37,716 - INFO: global_step=45103, episodic_return=-141.45639038085938
2022-11-15 01:10:38,148 - INFO: global_step=45485, episodic_return=-152.25991821289062
2022-11-15 01:10:38,453 - INFO: global_step=45771, episodic_return=-88.8578109741211
2022-11-15 01:10:39,171 - INFO: global_step=46333, episodic_return=-112.65451049804688
2022-11-15 01:10:40,920 - INFO: global_step=47333, episodic_return=-52.10321807861328
2022-11-15 01:10:41,288 - INFO: global_step=47615, episodic_return=-134.3297882080078
2022-11-15 01:10:42,437 - INFO: global_step=48278, episodic_return=-203.68338012695312
2022-11-15 01:10:44,525 - INFO: global_step=49278, episodic_return=-107.25553894042969
2022-11-15 01:10:46,504 - INFO: global_step=50278, episodic_return=-92.21720123291016
2022-11-15 01:10:47,959 - INFO: global_step=51278, episodic_return=-114.67573547363281
2022-11-15 01:10:49,669 - INFO: global_step=52278, episodic_return=-38.72721862792969
2022-11-15 01:10:51,123 - INFO: global_step=53171, episodic_return=-176.20396423339844
2022-11-15 01:10:51,498 - INFO: global_step=53518, episodic_return=-141.4092559814453
2022-11-15 01:10:53,516 - INFO: global_step=54438, episodic_return=-257.331298828125
2022-11-15 01:10:55,783 - INFO: global_step=55438, episodic_return=-63.57910919189453
2022-11-15 01:10:58,018 - INFO: global_step=56438, episodic_return=-76.59066772460938
2022-11-15 01:11:00,503 - INFO: global_step=57438, episodic_return=-105.30269622802734
2022-11-15 01:11:01,768 - INFO: global_step=58279, episodic_return=-212.9162139892578
2022-11-15 01:11:03,876 - INFO: global_step=59279, episodic_return=-89.92254638671875
2022-11-15 01:11:05,634 - INFO: global_step=60279, episodic_return=-109.47966766357422
2022-11-15 01:11:07,828 - INFO: global_step=61279, episodic_return=-108.68196105957031
2022-11-15 01:11:10,552 - INFO: global_step=62279, episodic_return=-90.01021575927734
2022-11-15 01:11:12,823 - INFO: global_step=63279, episodic_return=-128.18560791015625
2022-11-15 01:11:15,376 - INFO: global_step=64279, episodic_return=-98.1357192993164
2022-11-15 01:11:17,256 - INFO: global_step=65279, episodic_return=-116.6424789428711
2022-11-15 01:11:19,504 - INFO: global_step=66279, episodic_return=-113.36258697509766
2022-11-15 01:11:21,691 - INFO: global_step=67279, episodic_return=-107.34201049804688
2022-11-15 01:11:23,713 - INFO: global_step=68279, episodic_return=-112.02789306640625
2022-11-15 01:11:25,498 - INFO: global_step=69279, episodic_return=-97.64820861816406
2022-11-15 01:11:27,405 - INFO: global_step=70279, episodic_return=-113.43344116210938
2022-11-15 01:11:29,604 - INFO: global_step=71279, episodic_return=-126.2208480834961
2022-11-15 01:11:29,738 - INFO: global_step=71418, episodic_return=-140.5177764892578
2022-11-15 01:11:32,059 - INFO: global_step=72418, episodic_return=-101.61955261230469
2022-11-15 01:11:34,233 - INFO: global_step=73418, episodic_return=-115.36602783203125
2022-11-15 01:11:35,916 - INFO: global_step=74418, episodic_return=-108.44666290283203
2022-11-15 01:11:37,804 - INFO: global_step=75418, episodic_return=-84.22422790527344
2022-11-15 01:11:40,017 - INFO: global_step=76418, episodic_return=-141.51121520996094
2022-11-15 01:11:42,150 - INFO: global_step=77418, episodic_return=-110.97708892822266
2022-11-15 01:11:44,555 - INFO: global_step=78418, episodic_return=-90.8862533569336
2022-11-15 01:11:46,484 - INFO: global_step=79418, episodic_return=-90.33100891113281
2022-11-15 01:11:49,218 - INFO: global_step=80418, episodic_return=-48.44375228881836
2022-11-15 01:11:52,098 - INFO: global_step=81418, episodic_return=-118.54349517822266
2022-11-15 01:11:54,462 - INFO: global_step=82418, episodic_return=-137.2981414794922
2022-11-15 01:11:57,038 - INFO: global_step=83418, episodic_return=-105.44013214111328
2022-11-15 01:11:59,307 - INFO: global_step=84418, episodic_return=-137.08685302734375
2022-11-15 01:12:01,547 - INFO: global_step=85418, episodic_return=-131.43157958984375
2022-11-15 01:12:03,444 - INFO: global_step=86418, episodic_return=-139.24221801757812
2022-11-15 01:12:03,678 - INFO: global_step=86645, episodic_return=-137.66897583007812
2022-11-15 01:12:05,710 - INFO: global_step=87645, episodic_return=-124.3781967163086
2022-11-15 01:12:08,146 - INFO: global_step=88645, episodic_return=-149.05853271484375
2022-11-15 01:12:08,323 - INFO: global_step=88802, episodic_return=-371.16021728515625
2022-11-15 01:12:08,534 - INFO: global_step=89004, episodic_return=-147.105712890625
2022-11-15 01:12:10,659 - INFO: global_step=90004, episodic_return=-121.48532104492188
2022-11-15 01:12:10,869 - INFO: global_step=90217, episodic_return=-81.95851135253906
2022-11-15 01:12:13,012 - INFO: global_step=91217, episodic_return=-146.64915466308594
2022-11-15 01:12:14,606 - INFO: global_step=92217, episodic_return=-113.2347640991211
2022-11-15 01:12:14,977 - INFO: global_step=92556, episodic_return=-24.081130981445312
2022-11-15 01:12:15,891 - INFO: global_step=93113, episodic_return=-173.7016143798828
2022-11-15 01:12:18,026 - INFO: global_step=94113, episodic_return=-157.2250213623047
2022-11-15 01:12:18,294 - INFO: global_step=94394, episodic_return=-34.479248046875
2022-11-15 01:12:20,396 - INFO: global_step=95394, episodic_return=-98.8397216796875
2022-11-15 01:12:21,205 - INFO: global_step=95908, episodic_return=-9.942276000976562
2022-11-15 01:12:21,610 - INFO: global_step=96233, episodic_return=-174.7236328125
2022-11-15 01:12:23,870 - INFO: global_step=97233, episodic_return=-135.40420532226562
2022-11-15 01:12:25,618 - INFO: global_step=98233, episodic_return=-142.21090698242188
2022-11-15 01:12:26,073 - INFO: global_step=98635, episodic_return=-156.00054931640625
2022-11-15 01:12:28,499 - INFO: global_step=99635, episodic_return=-141.31263732910156
2022-11-15 01:12:31,363 - INFO: global_step=100635, episodic_return=-142.4330596923828
2022-11-15 01:12:33,876 - INFO: global_step=101635, episodic_return=-122.2136001586914
2022-11-15 01:12:36,174 - INFO: global_step=102635, episodic_return=-101.00065612792969
2022-11-15 01:12:36,461 - INFO: global_step=102912, episodic_return=-57.106964111328125
2022-11-15 01:12:38,626 - INFO: global_step=103912, episodic_return=-118.650390625
2022-11-15 01:12:40,287 - INFO: global_step=104912, episodic_return=-110.77317810058594
2022-11-15 01:12:40,806 - INFO: global_step=105343, episodic_return=-214.2744140625
2022-11-15 01:12:43,361 - INFO: global_step=106343, episodic_return=-142.3836212158203
2022-11-15 01:12:45,558 - INFO: global_step=107343, episodic_return=-125.94242858886719
2022-11-15 01:12:47,484 - INFO: global_step=108343, episodic_return=-86.93156433105469
2022-11-15 01:12:48,425 - INFO: global_step=108948, episodic_return=-5.857597351074219
2022-11-15 01:12:50,785 - INFO: global_step=109948, episodic_return=-154.46458435058594
2022-11-15 01:12:52,443 - INFO: global_step=110948, episodic_return=-151.3498992919922
2022-11-15 01:12:54,341 - INFO: global_step=111948, episodic_return=-137.0953826904297
2022-11-15 01:12:57,391 - INFO: global_step=112948, episodic_return=-108.93998718261719
2022-11-15 01:12:57,659 - INFO: global_step=113232, episodic_return=-172.4445343017578
2022-11-15 01:12:59,454 - INFO: global_step=114232, episodic_return=-142.53616333007812
2022-11-15 01:13:01,280 - INFO: global_step=115232, episodic_return=-103.48442077636719
2022-11-15 01:13:03,344 - INFO: global_step=116232, episodic_return=-119.56714630126953
2022-11-15 01:13:06,040 - INFO: global_step=117232, episodic_return=-100.19840240478516
2022-11-15 01:13:08,371 - INFO: global_step=118232, episodic_return=-86.5615005493164
2022-11-15 01:13:11,110 - INFO: global_step=119232, episodic_return=-94.06231689453125
2022-11-15 01:13:13,454 - INFO: global_step=120232, episodic_return=-72.81784057617188
2022-11-15 01:13:15,850 - INFO: global_step=121232, episodic_return=-120.08839416503906
2022-11-15 01:13:18,455 - INFO: global_step=122232, episodic_return=-122.6661376953125
2022-11-15 01:13:21,215 - INFO: global_step=123232, episodic_return=-106.11791229248047
2022-11-15 01:13:23,437 - INFO: global_step=124232, episodic_return=-105.02263641357422
2022-11-15 01:13:25,768 - INFO: global_step=125232, episodic_return=-122.48102569580078
2022-11-15 01:13:28,034 - INFO: global_step=126232, episodic_return=-107.9936752319336
2022-11-15 01:13:30,353 - INFO: global_step=127232, episodic_return=-108.23023986816406
2022-11-15 01:13:32,499 - INFO: global_step=128232, episodic_return=-65.2081298828125
2022-11-15 01:13:34,705 - INFO: global_step=129232, episodic_return=-144.51271057128906
2022-11-15 01:13:37,507 - INFO: global_step=130232, episodic_return=-129.0792236328125
2022-11-15 01:13:39,325 - INFO: global_step=131232, episodic_return=-112.88018798828125
2022-11-15 01:13:41,194 - INFO: global_step=132232, episodic_return=-139.65985107421875
2022-11-15 01:13:43,829 - INFO: global_step=133232, episodic_return=-116.65811157226562
2022-11-15 01:13:46,245 - INFO: global_step=134232, episodic_return=-93.78097534179688
2022-11-15 01:13:48,712 - INFO: global_step=135232, episodic_return=-131.9482879638672
2022-11-15 01:13:50,593 - INFO: global_step=136232, episodic_return=-137.61370849609375
2022-11-15 01:13:52,155 - INFO: global_step=137232, episodic_return=-69.93245697021484
2022-11-15 01:13:54,511 - INFO: global_step=138232, episodic_return=-124.90987396240234
2022-11-15 01:13:56,738 - INFO: global_step=139232, episodic_return=-125.30139923095703
2022-11-15 01:13:58,358 - INFO: global_step=140232, episodic_return=-140.92271423339844
2022-11-15 01:14:00,412 - INFO: global_step=141232, episodic_return=-122.54597473144531
2022-11-15 01:14:02,438 - INFO: global_step=142232, episodic_return=-106.49540710449219
2022-11-15 01:14:04,372 - INFO: global_step=143232, episodic_return=-114.15724182128906
2022-11-15 01:14:05,929 - INFO: global_step=144232, episodic_return=-115.73400115966797
2022-11-15 01:14:07,604 - INFO: global_step=145232, episodic_return=-147.3706512451172
2022-11-15 01:14:09,554 - INFO: global_step=146232, episodic_return=-172.02029418945312
2022-11-15 01:14:11,709 - INFO: global_step=147232, episodic_return=-115.87622833251953
2022-11-15 01:14:12,377 - INFO: global_step=147653, episodic_return=-122.01934814453125
2022-11-15 01:14:14,612 - INFO: global_step=148653, episodic_return=-136.75733947753906
2022-11-15 01:14:16,610 - INFO: global_step=149653, episodic_return=-92.21126556396484
2022-11-15 01:14:19,878 - INFO: global_step=150653, episodic_return=-143.35958862304688
2022-11-15 01:14:22,207 - INFO: global_step=151653, episodic_return=-125.39246368408203
2022-11-15 01:14:24,234 - INFO: global_step=152653, episodic_return=-135.22874450683594
2022-11-15 01:14:26,586 - INFO: global_step=153653, episodic_return=-112.68951416015625
2022-11-15 01:14:29,189 - INFO: global_step=154653, episodic_return=-140.6237335205078
2022-11-15 01:14:31,488 - INFO: global_step=155653, episodic_return=-65.95255279541016
2022-11-15 01:14:33,232 - INFO: global_step=156653, episodic_return=-149.40635681152344
2022-11-15 01:14:34,728 - INFO: global_step=157653, episodic_return=-115.66537475585938
2022-11-15 01:14:36,752 - INFO: global_step=158653, episodic_return=-146.23193359375
2022-11-15 01:14:39,104 - INFO: global_step=159653, episodic_return=-150.45962524414062
2022-11-15 01:14:39,867 - INFO: global_step=160185, episodic_return=-22.953353881835938
2022-11-15 01:14:42,445 - INFO: global_step=161185, episodic_return=-162.0692596435547
2022-11-15 01:14:44,745 - INFO: global_step=162185, episodic_return=-100.61957550048828
2022-11-15 01:14:47,868 - INFO: global_step=163185, episodic_return=-141.86891174316406
2022-11-15 01:14:49,382 - INFO: global_step=164185, episodic_return=-121.7199935913086
2022-11-15 01:14:52,266 - INFO: global_step=165185, episodic_return=-113.90677642822266
2022-11-15 01:14:54,393 - INFO: global_step=166185, episodic_return=-142.5571746826172
2022-11-15 01:14:56,280 - INFO: global_step=167185, episodic_return=-145.7227783203125
2022-11-15 01:14:59,217 - INFO: global_step=168185, episodic_return=-157.30349731445312
2022-11-15 01:15:01,156 - INFO: global_step=169185, episodic_return=-122.98320770263672
2022-11-15 01:15:03,573 - INFO: global_step=170185, episodic_return=-148.9514617919922
2022-11-15 01:15:05,951 - INFO: global_step=171185, episodic_return=-122.7914810180664
2022-11-15 01:15:07,831 - INFO: global_step=172185, episodic_return=-132.28256225585938
2022-11-15 01:15:10,089 - INFO: global_step=173185, episodic_return=-111.07003784179688
2022-11-15 01:15:12,159 - INFO: global_step=174185, episodic_return=-114.9067153930664
2022-11-15 01:15:14,707 - INFO: global_step=175185, episodic_return=-130.1266632080078
2022-11-15 01:15:17,102 - INFO: global_step=176185, episodic_return=-160.10952758789062
2022-11-15 01:15:18,880 - INFO: global_step=177185, episodic_return=-114.88516998291016
2022-11-15 01:15:21,001 - INFO: global_step=178185, episodic_return=-116.00743103027344
2022-11-15 01:15:22,627 - INFO: global_step=179185, episodic_return=-117.24517822265625
2022-11-15 01:15:24,557 - INFO: global_step=180185, episodic_return=-108.81999206542969
2022-11-15 01:15:26,638 - INFO: global_step=181185, episodic_return=-137.89268493652344
2022-11-15 01:15:29,258 - INFO: global_step=182185, episodic_return=-125.35936737060547
2022-11-15 01:15:31,886 - INFO: global_step=183185, episodic_return=-152.77947998046875
2022-11-15 01:15:33,330 - INFO: global_step=184185, episodic_return=-125.1129379272461
2022-11-15 01:15:35,085 - INFO: global_step=185185, episodic_return=-60.8331413269043
2022-11-15 01:15:36,869 - INFO: global_step=186185, episodic_return=-118.34425354003906
2022-11-15 01:15:37,301 - INFO: global_step=186567, episodic_return=-32.994346618652344
2022-11-15 01:15:37,814 - INFO: global_step=186963, episodic_return=-160.65484619140625
2022-11-15 01:15:40,669 - INFO: global_step=187963, episodic_return=-140.15077209472656
2022-11-15 01:15:43,285 - INFO: global_step=188963, episodic_return=-102.49852752685547
2022-11-15 01:15:45,833 - INFO: global_step=189963, episodic_return=-104.49769592285156
2022-11-15 01:15:48,273 - INFO: global_step=190963, episodic_return=-102.60565948486328
2022-11-15 01:15:50,983 - INFO: global_step=191963, episodic_return=-139.43075561523438
2022-11-15 01:15:52,820 - INFO: global_step=192963, episodic_return=-84.45089721679688
2022-11-15 01:15:54,907 - INFO: global_step=193963, episodic_return=-123.33183288574219
2022-11-15 01:15:56,546 - INFO: global_step=194963, episodic_return=-135.1240997314453
2022-11-15 01:15:58,314 - INFO: global_step=195963, episodic_return=-42.21104049682617
2022-11-15 01:15:59,961 - INFO: global_step=196963, episodic_return=-87.62871551513672
2022-11-15 01:16:01,511 - INFO: global_step=197963, episodic_return=-113.24420166015625
2022-11-15 01:16:03,501 - INFO: global_step=198963, episodic_return=-93.30891418457031
2022-11-15 01:16:06,298 - INFO: global_step=199963, episodic_return=-145.3663787841797
2022-11-15 01:16:08,697 - INFO: global_step=200963, episodic_return=-145.6918487548828
2022-11-15 01:16:10,479 - INFO: global_step=201963, episodic_return=-135.4538116455078
2022-11-15 01:16:13,151 - INFO: global_step=202963, episodic_return=-88.13044738769531
2022-11-15 01:16:16,282 - INFO: global_step=203963, episodic_return=-73.4848861694336
2022-11-15 01:16:18,816 - INFO: global_step=204963, episodic_return=-163.31117248535156
2022-11-15 01:16:20,664 - INFO: global_step=205963, episodic_return=-145.66470336914062
2022-11-15 01:16:23,131 - INFO: global_step=206963, episodic_return=-128.93853759765625
2022-11-15 01:16:24,752 - INFO: global_step=207963, episodic_return=-107.9683837890625
2022-11-15 01:16:27,120 - INFO: global_step=208963, episodic_return=-56.654014587402344
2022-11-15 01:16:29,313 - INFO: global_step=209963, episodic_return=-125.32671356201172
2022-11-15 01:16:31,385 - INFO: global_step=210963, episodic_return=-125.18171691894531
2022-11-15 01:16:33,812 - INFO: global_step=211963, episodic_return=-135.09417724609375
2022-11-15 01:16:36,250 - INFO: global_step=212963, episodic_return=-92.03733825683594
2022-11-15 01:16:38,957 - INFO: global_step=213963, episodic_return=-160.64036560058594
2022-11-15 01:16:41,512 - INFO: global_step=214963, episodic_return=-113.96340942382812
2022-11-15 01:16:43,602 - INFO: global_step=215963, episodic_return=-148.93833923339844
2022-11-15 01:16:45,819 - INFO: global_step=216963, episodic_return=-120.73123931884766
2022-11-15 01:16:47,572 - INFO: global_step=217963, episodic_return=-107.0010757446289
2022-11-15 01:16:49,181 - INFO: global_step=218963, episodic_return=-109.19257354736328
2022-11-15 01:16:50,966 - INFO: global_step=219963, episodic_return=-183.11367797851562
2022-11-15 01:16:53,942 - INFO: global_step=220963, episodic_return=-150.02684020996094
2022-11-15 01:16:56,147 - INFO: global_step=221963, episodic_return=-137.7285614013672
2022-11-15 01:16:58,128 - INFO: global_step=222963, episodic_return=-134.9884796142578
2022-11-15 01:17:00,376 - INFO: global_step=223963, episodic_return=-125.85134887695312
2022-11-15 01:17:02,661 - INFO: global_step=224963, episodic_return=-143.37669372558594
2022-11-15 01:17:04,526 - INFO: global_step=225963, episodic_return=-144.08082580566406
2022-11-15 01:17:06,410 - INFO: global_step=226963, episodic_return=-80.05219268798828
2022-11-15 01:17:09,249 - INFO: global_step=227963, episodic_return=-110.40219116210938
2022-11-15 01:17:11,043 - INFO: global_step=228963, episodic_return=-107.1305923461914
2022-11-15 01:17:13,444 - INFO: global_step=229963, episodic_return=-167.8048095703125
2022-11-15 01:17:15,654 - INFO: global_step=230963, episodic_return=-105.46482849121094
2022-11-15 01:17:17,614 - INFO: global_step=231963, episodic_return=-111.29383850097656
2022-11-15 01:17:20,275 - INFO: global_step=232963, episodic_return=-127.81573486328125
2022-11-15 01:17:22,452 - INFO: global_step=233963, episodic_return=-118.9062728881836
2022-11-15 01:17:24,544 - INFO: global_step=234963, episodic_return=-82.8331298828125
2022-11-15 01:17:26,816 - INFO: global_step=235963, episodic_return=-117.94153594970703
2022-11-15 01:17:29,117 - INFO: global_step=236963, episodic_return=-105.80325317382812
2022-11-15 01:17:31,183 - INFO: global_step=237963, episodic_return=-142.89358520507812
2022-11-15 01:17:32,998 - INFO: global_step=238963, episodic_return=-111.82288360595703
2022-11-15 01:17:34,543 - INFO: global_step=239963, episodic_return=-90.93801879882812
2022-11-15 01:17:36,252 - INFO: global_step=240963, episodic_return=-92.04914093017578
2022-11-15 01:17:38,637 - INFO: global_step=241963, episodic_return=-104.2244873046875
2022-11-15 01:17:40,884 - INFO: global_step=242963, episodic_return=-86.33898162841797
2022-11-15 01:17:43,249 - INFO: global_step=243963, episodic_return=-114.72808074951172
2022-11-15 01:17:45,212 - INFO: global_step=244963, episodic_return=-43.32481384277344
2022-11-15 01:17:47,132 - INFO: global_step=245963, episodic_return=-146.33473205566406
2022-11-15 01:17:49,600 - INFO: global_step=246963, episodic_return=-116.19857788085938
2022-11-15 01:17:51,948 - INFO: global_step=247963, episodic_return=-97.30376434326172
2022-11-15 01:17:55,139 - INFO: global_step=248963, episodic_return=-130.91990661621094
2022-11-15 01:17:58,192 - INFO: global_step=249963, episodic_return=-133.63595581054688
2022-11-15 01:18:00,358 - INFO: global_step=250963, episodic_return=-131.91253662109375
2022-11-15 01:18:02,592 - INFO: global_step=251963, episodic_return=-105.92501831054688
2022-11-15 01:18:04,693 - INFO: global_step=252963, episodic_return=-99.21923828125
2022-11-15 01:18:06,810 - INFO: global_step=253963, episodic_return=-130.35769653320312
2022-11-15 01:18:09,622 - INFO: global_step=254963, episodic_return=-151.49949645996094
2022-11-15 01:18:11,187 - INFO: global_step=255963, episodic_return=-104.71258544921875
2022-11-15 01:18:12,930 - INFO: global_step=256963, episodic_return=-155.95843505859375
2022-11-15 01:18:15,210 - INFO: global_step=257963, episodic_return=-144.0480194091797
2022-11-15 01:18:17,674 - INFO: global_step=258963, episodic_return=-165.68040466308594
2022-11-15 01:18:19,918 - INFO: global_step=259963, episodic_return=-150.13809204101562
2022-11-15 01:18:22,219 - INFO: global_step=260963, episodic_return=-169.41639709472656
2022-11-15 01:18:24,434 - INFO: global_step=261963, episodic_return=-117.79747772216797
2022-11-15 01:18:27,124 - INFO: global_step=262963, episodic_return=-175.31517028808594
2022-11-15 01:18:29,263 - INFO: global_step=263963, episodic_return=-89.3624496459961
2022-11-15 01:18:32,040 - INFO: global_step=264963, episodic_return=-119.41664123535156
2022-11-15 01:18:34,599 - INFO: global_step=265963, episodic_return=-138.87680053710938
2022-11-15 01:18:36,425 - INFO: global_step=266963, episodic_return=-107.55928802490234
2022-11-15 01:18:38,660 - INFO: global_step=267963, episodic_return=-152.19601440429688
2022-11-15 01:18:38,754 - INFO: global_step=268074, episodic_return=-167.856201171875
2022-11-15 01:18:41,384 - INFO: global_step=269074, episodic_return=-186.11618041992188
2022-11-15 01:18:42,923 - INFO: global_step=269896, episodic_return=-270.9290771484375
2022-11-15 01:18:44,723 - INFO: global_step=270896, episodic_return=-99.067626953125
2022-11-15 01:18:46,443 - INFO: global_step=271896, episodic_return=-112.87226867675781
2022-11-15 01:18:48,406 - INFO: global_step=272896, episodic_return=-120.55087280273438
2022-11-15 01:18:50,115 - INFO: global_step=273896, episodic_return=-101.64598083496094
2022-11-15 01:18:52,268 - INFO: global_step=274896, episodic_return=-133.82862854003906
2022-11-15 01:18:54,297 - INFO: global_step=275896, episodic_return=-134.61944580078125
2022-11-15 01:18:56,853 - INFO: global_step=276896, episodic_return=-160.9791259765625
2022-11-15 01:18:58,422 - INFO: global_step=277896, episodic_return=-123.46916198730469
2022-11-15 01:19:00,244 - INFO: global_step=278896, episodic_return=-133.43565368652344
2022-11-15 01:19:02,038 - INFO: global_step=279896, episodic_return=-107.0496597290039
2022-11-15 01:19:04,653 - INFO: global_step=280896, episodic_return=-152.5501251220703
2022-11-15 01:19:06,691 - INFO: global_step=281896, episodic_return=-130.06063842773438
2022-11-15 01:19:08,613 - INFO: global_step=282896, episodic_return=-149.94625854492188
2022-11-15 01:19:10,686 - INFO: global_step=283896, episodic_return=-123.66831970214844
2022-11-15 01:19:13,102 - INFO: global_step=284896, episodic_return=-139.54530334472656
2022-11-15 01:19:14,854 - INFO: global_step=285896, episodic_return=-140.91246032714844
2022-11-15 01:19:15,024 - INFO: global_step=286090, episodic_return=-65.2596435546875
2022-11-15 01:19:16,973 - INFO: global_step=287090, episodic_return=-106.56861114501953
2022-11-15 01:19:18,925 - INFO: global_step=288090, episodic_return=-114.02534484863281
2022-11-15 01:19:21,057 - INFO: global_step=289090, episodic_return=-120.97628021240234
2022-11-15 01:19:22,062 - INFO: global_step=289342, episodic_return=-83.69317626953125
2022-11-15 01:19:23,892 - INFO: global_step=290342, episodic_return=-77.05145263671875
2022-11-15 01:19:26,765 - INFO: global_step=291342, episodic_return=-157.41000366210938
2022-11-15 01:19:28,948 - INFO: global_step=292342, episodic_return=-69.00194549560547
2022-11-15 01:19:30,787 - INFO: global_step=293342, episodic_return=-136.51461791992188
2022-11-15 01:19:33,007 - INFO: global_step=294342, episodic_return=-181.44302368164062
2022-11-15 01:19:34,903 - INFO: global_step=295342, episodic_return=-180.08506774902344
2022-11-15 01:19:36,530 - INFO: global_step=296342, episodic_return=-73.2184066772461
2022-11-15 01:19:37,194 - INFO: global_step=296874, episodic_return=-194.2516632080078
2022-11-15 01:19:37,910 - INFO: global_step=297372, episodic_return=-143.72525024414062
2022-11-15 01:19:38,094 - INFO: global_step=297576, episodic_return=-72.38016510009766
2022-11-15 01:19:40,357 - INFO: global_step=298576, episodic_return=-142.1846466064453
2022-11-15 01:19:42,054 - INFO: global_step=299576, episodic_return=-66.76542663574219
2022-11-15 01:19:44,110 - INFO: global_step=300576, episodic_return=-153.92648315429688
2022-11-15 01:19:46,210 - INFO: global_step=301576, episodic_return=-122.17108154296875
2022-11-15 01:19:48,473 - INFO: global_step=302576, episodic_return=-87.84866333007812
2022-11-15 01:19:51,416 - INFO: global_step=303576, episodic_return=-163.4448699951172
2022-11-15 01:19:53,768 - INFO: global_step=304576, episodic_return=-156.86155700683594
2022-11-15 01:19:56,068 - INFO: global_step=305576, episodic_return=-115.85324096679688
2022-11-15 01:19:57,700 - INFO: global_step=306576, episodic_return=-116.42355346679688
2022-11-15 01:19:59,756 - INFO: global_step=307576, episodic_return=-157.38372802734375
2022-11-15 01:20:01,542 - INFO: global_step=308576, episodic_return=-77.01170349121094
2022-11-15 01:20:04,401 - INFO: global_step=309576, episodic_return=-115.74579620361328
2022-11-15 01:20:06,223 - INFO: global_step=310576, episodic_return=-153.9773712158203
2022-11-15 01:20:08,278 - INFO: global_step=311576, episodic_return=-116.06922912597656
2022-11-15 01:20:09,755 - INFO: global_step=312576, episodic_return=-110.26158142089844
2022-11-15 01:20:11,576 - INFO: global_step=313576, episodic_return=-95.4950180053711
2022-11-15 01:20:13,379 - INFO: global_step=314576, episodic_return=-95.12619018554688
2022-11-15 01:20:15,634 - INFO: global_step=315576, episodic_return=-162.31300354003906
2022-11-15 01:20:17,841 - INFO: global_step=316576, episodic_return=-132.3524169921875
2022-11-15 01:20:19,537 - INFO: global_step=317576, episodic_return=-107.48580932617188
2022-11-15 01:20:21,258 - INFO: global_step=318576, episodic_return=-75.74034881591797
2022-11-15 01:20:23,981 - INFO: global_step=319576, episodic_return=-133.00634765625
2022-11-15 01:20:27,160 - INFO: global_step=320576, episodic_return=-139.423095703125
2022-11-15 01:20:29,017 - INFO: global_step=321576, episodic_return=-97.4371566772461
2022-11-15 01:20:31,108 - INFO: global_step=322576, episodic_return=-125.30462646484375
2022-11-15 01:20:32,901 - INFO: global_step=323576, episodic_return=-137.81317138671875
2022-11-15 01:20:34,758 - INFO: global_step=324576, episodic_return=-159.2827606201172
2022-11-15 01:20:36,476 - INFO: global_step=325576, episodic_return=-155.33795166015625
2022-11-15 01:20:36,682 - INFO: global_step=325783, episodic_return=-118.93782806396484
2022-11-15 01:20:39,405 - INFO: global_step=326783, episodic_return=-123.6349105834961
2022-11-15 01:20:41,725 - INFO: global_step=327783, episodic_return=-107.54959869384766
2022-11-15 01:20:44,017 - INFO: global_step=328783, episodic_return=-135.7235107421875
2022-11-15 01:20:46,308 - INFO: global_step=329783, episodic_return=-151.26718139648438
2022-11-15 01:20:48,322 - INFO: global_step=330783, episodic_return=-136.63475036621094
2022-11-15 01:20:50,552 - INFO: global_step=331783, episodic_return=-106.6809310913086
2022-11-15 01:20:52,963 - INFO: global_step=332783, episodic_return=-74.064208984375
2022-11-15 01:20:55,313 - INFO: global_step=333783, episodic_return=-128.93246459960938
2022-11-15 01:20:57,727 - INFO: global_step=334783, episodic_return=-77.5687255859375
2022-11-15 01:21:00,373 - INFO: global_step=335783, episodic_return=-86.11835479736328
2022-11-15 01:21:02,592 - INFO: global_step=336783, episodic_return=-149.59005737304688
2022-11-15 01:21:05,081 - INFO: global_step=337783, episodic_return=-117.37483215332031
2022-11-15 01:21:07,372 - INFO: global_step=338783, episodic_return=-156.2715301513672
2022-11-15 01:21:10,215 - INFO: global_step=339783, episodic_return=-153.3599853515625
2022-11-15 01:21:12,157 - INFO: global_step=340783, episodic_return=-71.36592102050781
2022-11-15 01:21:14,220 - INFO: global_step=341783, episodic_return=-99.50104522705078
2022-11-15 01:21:16,242 - INFO: global_step=342783, episodic_return=-133.02015686035156
2022-11-15 01:21:17,949 - INFO: global_step=343783, episodic_return=-112.56625366210938
2022-11-15 01:21:20,466 - INFO: global_step=344783, episodic_return=-80.89999389648438
2022-11-15 01:21:22,210 - INFO: global_step=345783, episodic_return=-98.79822540283203
2022-11-15 01:21:24,015 - INFO: global_step=346783, episodic_return=-23.572954177856445
2022-11-15 01:21:24,210 - INFO: global_step=346981, episodic_return=-69.65047454833984
2022-11-15 01:21:26,404 - INFO: global_step=347981, episodic_return=-160.5012664794922
2022-11-15 01:21:28,459 - INFO: global_step=348981, episodic_return=-174.60693359375
2022-11-15 01:21:31,174 - INFO: global_step=349981, episodic_return=-155.96363830566406
2022-11-15 01:21:33,524 - INFO: global_step=350981, episodic_return=-152.98684692382812
2022-11-15 01:21:35,960 - INFO: global_step=351981, episodic_return=-120.25483703613281
2022-11-15 01:21:38,205 - INFO: global_step=352981, episodic_return=-151.0533905029297
2022-11-15 01:21:40,735 - INFO: global_step=353981, episodic_return=-140.14688110351562
2022-11-15 01:21:42,659 - INFO: global_step=354981, episodic_return=-114.8633804321289
2022-11-15 01:21:44,849 - INFO: global_step=355981, episodic_return=-146.96629333496094
2022-11-15 01:21:47,708 - INFO: global_step=356981, episodic_return=-151.60635375976562
2022-11-15 01:21:49,625 - INFO: global_step=357981, episodic_return=-96.86079406738281
2022-11-15 01:21:51,221 - INFO: global_step=358981, episodic_return=-156.89488220214844
2022-11-15 01:21:52,884 - INFO: global_step=359981, episodic_return=-67.4115982055664
2022-11-15 01:21:53,023 - INFO: global_step=360089, episodic_return=-359.95635986328125
2022-11-15 01:21:53,192 - INFO: global_step=360242, episodic_return=-227.6654815673828
2022-11-15 01:21:55,879 - INFO: global_step=361242, episodic_return=-157.21743774414062
2022-11-15 01:21:58,037 - INFO: global_step=362242, episodic_return=-144.33627319335938
2022-11-15 01:22:00,176 - INFO: global_step=363242, episodic_return=-151.67193603515625
2022-11-15 01:22:02,130 - INFO: global_step=364242, episodic_return=-165.09805297851562
2022-11-15 01:22:04,255 - INFO: global_step=365242, episodic_return=-138.5068817138672
2022-11-15 01:22:06,097 - INFO: global_step=366242, episodic_return=-114.70513153076172
2022-11-15 01:22:06,363 - INFO: global_step=366503, episodic_return=-140.55694580078125
2022-11-15 01:22:07,916 - INFO: global_step=367503, episodic_return=-141.63258361816406
2022-11-15 01:22:10,148 - INFO: global_step=368503, episodic_return=-127.090576171875
2022-11-15 01:22:11,802 - INFO: global_step=369503, episodic_return=-127.39176177978516
2022-11-15 01:22:13,863 - INFO: global_step=370503, episodic_return=-97.60173797607422
2022-11-15 01:22:15,965 - INFO: global_step=371503, episodic_return=-130.72035217285156
2022-11-15 01:22:17,600 - INFO: global_step=372503, episodic_return=-174.85472106933594
2022-11-15 01:22:19,124 - INFO: global_step=373503, episodic_return=-103.57671356201172
2022-11-15 01:22:19,255 - INFO: global_step=373646, episodic_return=-192.26531982421875
2022-11-15 01:22:19,322 - INFO: global_step=373736, episodic_return=-249.8341522216797
2022-11-15 01:22:22,123 - INFO: global_step=374736, episodic_return=-139.3115997314453
2022-11-15 01:22:24,259 - INFO: global_step=375736, episodic_return=-116.04844665527344
2022-11-15 01:22:26,696 - INFO: global_step=376736, episodic_return=-119.11094665527344
2022-11-15 01:22:26,806 - INFO: global_step=376860, episodic_return=-287.38665771484375
2022-11-15 01:22:26,941 - INFO: global_step=377014, episodic_return=-216.69097900390625
2022-11-15 01:22:27,028 - INFO: global_step=377128, episodic_return=-144.1363525390625
2022-11-15 01:22:29,655 - INFO: global_step=378128, episodic_return=-125.84860229492188
2022-11-15 01:22:32,100 - INFO: global_step=379128, episodic_return=-110.38243103027344
2022-11-15 01:22:34,102 - INFO: global_step=380128, episodic_return=-120.08164978027344
2022-11-15 01:22:35,881 - INFO: global_step=381128, episodic_return=-159.55320739746094
2022-11-15 01:22:35,990 - INFO: global_step=381259, episodic_return=-217.55755615234375
2022-11-15 01:22:38,188 - INFO: global_step=382259, episodic_return=-103.08819580078125
2022-11-15 01:22:40,236 - INFO: global_step=383259, episodic_return=-98.01958465576172
2022-11-15 01:22:42,402 - INFO: global_step=384259, episodic_return=-132.2007598876953
2022-11-15 01:22:44,439 - INFO: global_step=385259, episodic_return=-144.21441650390625
2022-11-15 01:22:44,548 - INFO: global_step=385409, episodic_return=-107.18185424804688
2022-11-15 01:22:46,649 - INFO: global_step=386409, episodic_return=-108.04562377929688
2022-11-15 01:22:49,094 - INFO: global_step=387409, episodic_return=-63.478816986083984
2022-11-15 01:22:50,793 - INFO: global_step=388409, episodic_return=-93.5346450805664
2022-11-15 01:22:52,275 - INFO: global_step=389409, episodic_return=-116.31908416748047
2022-11-15 01:22:54,535 - INFO: global_step=390409, episodic_return=-125.40766143798828
2022-11-15 01:22:56,834 - INFO: global_step=391409, episodic_return=-83.45711517333984
2022-11-15 01:22:59,005 - INFO: global_step=392409, episodic_return=-170.00360107421875
2022-11-15 01:23:01,557 - INFO: global_step=393409, episodic_return=-139.1510467529297
2022-11-15 01:23:03,416 - INFO: global_step=394409, episodic_return=-141.68214416503906
2022-11-15 01:23:05,496 - INFO: global_step=395409, episodic_return=-120.57999420166016
2022-11-15 01:23:06,884 - INFO: global_step=396409, episodic_return=-89.06253814697266
2022-11-15 01:23:09,068 - INFO: global_step=397409, episodic_return=-86.90455627441406
2022-11-15 01:23:10,684 - INFO: global_step=398409, episodic_return=-120.70870971679688
2022-11-15 01:23:10,776 - INFO: global_step=398494, episodic_return=-429.0879211425781
2022-11-15 01:23:12,589 - INFO: global_step=399494, episodic_return=-103.60149383544922
2022-11-15 01:23:14,381 - INFO: global_step=400494, episodic_return=-174.4632110595703
2022-11-15 01:23:16,525 - INFO: global_step=401494, episodic_return=-75.97608947753906
2022-11-15 01:23:18,186 - INFO: global_step=402494, episodic_return=-98.8544921875
2022-11-15 01:23:20,105 - INFO: global_step=403494, episodic_return=-158.53285217285156
2022-11-15 01:23:22,004 - INFO: global_step=404494, episodic_return=-147.03468322753906
2022-11-15 01:23:23,843 - INFO: global_step=405494, episodic_return=-142.33816528320312
2022-11-15 01:23:23,995 - INFO: global_step=405635, episodic_return=-152.72779846191406
2022-11-15 01:23:26,239 - INFO: global_step=406635, episodic_return=-115.20410919189453
2022-11-15 01:23:28,026 - INFO: global_step=407635, episodic_return=-155.86224365234375
2022-11-15 01:23:30,712 - INFO: global_step=408635, episodic_return=-155.86558532714844
2022-11-15 01:23:32,858 - INFO: global_step=409635, episodic_return=-151.8604278564453
2022-11-15 01:23:35,921 - INFO: global_step=410635, episodic_return=-158.2298583984375
2022-11-15 01:23:37,804 - INFO: global_step=411635, episodic_return=-133.7129669189453
2022-11-15 01:23:39,667 - INFO: global_step=412635, episodic_return=-50.06282424926758
2022-11-15 01:23:42,530 - INFO: global_step=413635, episodic_return=-132.31419372558594
2022-11-15 01:23:44,799 - INFO: global_step=414635, episodic_return=-100.09632873535156
2022-11-15 01:23:46,615 - INFO: global_step=415635, episodic_return=-108.2900390625
2022-11-15 01:23:48,655 - INFO: global_step=416635, episodic_return=-117.44032287597656
2022-11-15 01:23:50,683 - INFO: global_step=417635, episodic_return=-132.173583984375
2022-11-15 01:23:54,063 - INFO: global_step=418635, episodic_return=-130.5908203125
2022-11-15 01:23:55,914 - INFO: global_step=419635, episodic_return=-80.11552429199219
2022-11-15 01:23:58,327 - INFO: global_step=420635, episodic_return=-80.46508026123047
2022-11-15 01:24:00,164 - INFO: global_step=421635, episodic_return=-137.3733367919922
2022-11-15 01:24:01,616 - INFO: global_step=422635, episodic_return=-123.17816925048828
2022-11-15 01:24:01,747 - INFO: global_step=422783, episodic_return=-112.811279296875
2022-11-15 01:24:03,735 - INFO: global_step=423783, episodic_return=-83.3752670288086
2022-11-15 01:24:05,539 - INFO: global_step=424783, episodic_return=-69.8454360961914
2022-11-15 01:24:07,247 - INFO: global_step=425783, episodic_return=-108.6989517211914
2022-11-15 01:24:10,051 - INFO: global_step=426783, episodic_return=-134.95484924316406
2022-11-15 01:24:12,593 - INFO: global_step=427783, episodic_return=-141.03192138671875
2022-11-15 01:24:14,367 - INFO: global_step=428783, episodic_return=-65.9411849975586
2022-11-15 01:24:17,075 - INFO: global_step=429783, episodic_return=-114.71651458740234
2022-11-15 01:24:18,994 - INFO: global_step=430783, episodic_return=-80.26712036132812
2022-11-15 01:24:20,541 - INFO: global_step=431783, episodic_return=-116.44405364990234
2022-11-15 01:24:22,627 - INFO: global_step=432783, episodic_return=-100.12930297851562
2022-11-15 01:24:24,631 - INFO: global_step=433783, episodic_return=-133.7805633544922
2022-11-15 01:24:26,389 - INFO: global_step=434783, episodic_return=-36.53085708618164
2022-11-15 01:24:28,944 - INFO: global_step=435783, episodic_return=-50.77076721191406
2022-11-15 01:24:31,389 - INFO: global_step=436783, episodic_return=-109.46759033203125
2022-11-15 01:24:33,316 - INFO: global_step=437783, episodic_return=-102.38494110107422
2022-11-15 01:24:34,902 - INFO: global_step=438783, episodic_return=-43.44619369506836
2022-11-15 01:24:37,409 - INFO: global_step=439783, episodic_return=-118.61754608154297
2022-11-15 01:24:39,345 - INFO: global_step=440783, episodic_return=-60.5184440612793
2022-11-15 01:24:41,203 - INFO: global_step=441783, episodic_return=-91.00205993652344
2022-11-15 01:24:41,313 - INFO: global_step=441918, episodic_return=-111.35000610351562
2022-11-15 01:24:41,470 - INFO: global_step=442082, episodic_return=-114.24185180664062
2022-11-15 01:24:43,769 - INFO: global_step=443069, episodic_return=-151.73782348632812
2022-11-15 01:24:45,014 - INFO: global_step=443780, episodic_return=-175.2344970703125
2022-11-15 01:24:46,018 - INFO: global_step=444404, episodic_return=-202.27272033691406
2022-11-15 01:24:46,147 - INFO: global_step=444540, episodic_return=-125.5108642578125
2022-11-15 01:24:47,436 - INFO: global_step=445399, episodic_return=-118.24024963378906
2022-11-15 01:24:49,223 - INFO: global_step=446399, episodic_return=-60.546627044677734
2022-11-15 01:24:49,594 - INFO: global_step=446731, episodic_return=-174.29534912109375
2022-11-15 01:24:50,150 - INFO: global_step=447141, episodic_return=-72.05438232421875
2022-11-15 01:24:50,256 - INFO: global_step=447287, episodic_return=-131.12890625
2022-11-15 01:24:50,396 - INFO: global_step=447432, episodic_return=-130.29856872558594
2022-11-15 01:24:52,014 - INFO: global_step=448317, episodic_return=-270.845458984375
2022-11-15 01:24:52,592 - INFO: global_step=448742, episodic_return=-161.80409240722656
2022-11-15 01:24:55,428 - INFO: global_step=449742, episodic_return=-50.35805130004883
2022-11-15 01:24:56,989 - INFO: global_step=450742, episodic_return=-63.89552307128906
2022-11-15 01:24:59,087 - INFO: global_step=451742, episodic_return=-44.327049255371094
2022-11-15 01:25:01,789 - INFO: global_step=452742, episodic_return=-119.7430419921875
2022-11-15 01:25:03,961 - INFO: global_step=453742, episodic_return=-65.99827575683594
2022-11-15 01:25:05,927 - INFO: global_step=454742, episodic_return=-63.51982879638672
2022-11-15 01:25:08,383 - INFO: global_step=455742, episodic_return=-125.69660186767578
2022-11-15 01:25:10,326 - INFO: global_step=456742, episodic_return=-86.86551666259766
2022-11-15 01:25:10,709 - INFO: global_step=456943, episodic_return=-106.80095672607422
2022-11-15 01:25:13,100 - INFO: global_step=457943, episodic_return=-103.78204345703125
2022-11-15 01:25:14,627 - INFO: global_step=458943, episodic_return=-71.14767456054688
2022-11-15 01:25:16,541 - INFO: global_step=459943, episodic_return=-79.50235748291016
2022-11-15 01:25:18,654 - INFO: global_step=460943, episodic_return=-61.86128234863281
2022-11-15 01:25:20,771 - INFO: global_step=461943, episodic_return=-68.36685943603516
2022-11-15 01:25:22,384 - INFO: global_step=462943, episodic_return=-71.9864501953125
2022-11-15 01:25:24,545 - INFO: global_step=463943, episodic_return=-58.317588806152344
2022-11-15 01:25:26,837 - INFO: global_step=464943, episodic_return=-35.57368469238281
2022-11-15 01:25:29,045 - INFO: global_step=465943, episodic_return=-74.21522521972656
2022-11-15 01:25:31,937 - INFO: global_step=466943, episodic_return=-85.50814056396484
2022-11-15 01:25:33,950 - INFO: global_step=467943, episodic_return=-46.45859909057617
2022-11-15 01:25:35,919 - INFO: global_step=468943, episodic_return=-45.879432678222656
2022-11-15 01:25:37,721 - INFO: global_step=469943, episodic_return=-66.82974243164062
2022-11-15 01:25:40,189 - INFO: global_step=470943, episodic_return=-124.07298278808594
2022-11-15 01:25:42,035 - INFO: global_step=471943, episodic_return=-96.08723449707031
2022-11-15 01:25:43,545 - INFO: global_step=472943, episodic_return=-65.2591323852539
2022-11-15 01:25:46,318 - INFO: global_step=473943, episodic_return=-78.66551971435547
2022-11-15 01:25:48,366 - INFO: global_step=474943, episodic_return=-40.88533401489258
2022-11-15 01:25:51,403 - INFO: global_step=475943, episodic_return=-122.43492126464844
2022-11-15 01:25:53,402 - INFO: global_step=476943, episodic_return=-48.20444107055664
2022-11-15 01:25:55,737 - INFO: global_step=477943, episodic_return=-102.8937759399414
2022-11-15 01:25:58,351 - INFO: global_step=478943, episodic_return=-105.40958404541016
2022-11-15 01:26:00,788 - INFO: global_step=479943, episodic_return=-139.72903442382812
2022-11-15 01:26:03,142 - INFO: global_step=480943, episodic_return=-160.502685546875
2022-11-15 01:26:05,269 - INFO: global_step=481943, episodic_return=-114.0122299194336
2022-11-15 01:26:07,377 - INFO: global_step=482943, episodic_return=-100.52548217773438
2022-11-15 01:26:09,242 - INFO: global_step=483943, episodic_return=-102.78244018554688
2022-11-15 01:26:11,275 - INFO: global_step=484943, episodic_return=-113.35077667236328
2022-11-15 01:26:14,015 - INFO: global_step=485943, episodic_return=-62.908599853515625
2022-11-15 01:26:15,739 - INFO: global_step=486943, episodic_return=-78.34707641601562
2022-11-15 01:26:17,326 - INFO: global_step=487943, episodic_return=-60.365787506103516
2022-11-15 01:26:19,674 - INFO: global_step=488943, episodic_return=-100.72793579101562
2022-11-15 01:26:22,518 - INFO: global_step=489943, episodic_return=-77.94778442382812
2022-11-15 01:26:25,013 - INFO: global_step=490943, episodic_return=-78.41191864013672
2022-11-15 01:26:27,274 - INFO: global_step=491943, episodic_return=-95.92398071289062
2022-11-15 01:26:29,089 - INFO: global_step=492943, episodic_return=-78.48478698730469
2022-11-15 01:26:29,232 - INFO: global_step=493099, episodic_return=-128.9207000732422
2022-11-15 01:26:30,906 - INFO: global_step=494099, episodic_return=-176.56161499023438
2022-11-15 01:26:32,643 - INFO: global_step=495099, episodic_return=-153.90699768066406
2022-11-15 01:26:34,723 - INFO: global_step=496099, episodic_return=-155.2993621826172
2022-11-15 01:26:36,849 - INFO: global_step=497099, episodic_return=-114.06592559814453
2022-11-15 01:26:38,898 - INFO: global_step=498099, episodic_return=-121.6661148071289
2022-11-15 01:26:40,854 - INFO: global_step=499099, episodic_return=-100.02452850341797
2022-11-15 01:26:43,060 - INFO: The average reward of last 20 steps: -108.73683643341064
