2022-11-14 23:10:32,738 - INFO: +--------------------------+----------------+
| Parameter                | Value          |
+--------------------------+----------------+
| exp_name                 | dqn            |
+--------------------------+----------------+
| seed                     | 42             |
+--------------------------+----------------+
| total_timesteps          | 500000         |
+--------------------------+----------------+
| learning_rate            | 0.001          |
+--------------------------+----------------+
| buffer_size              | 2000           |
+--------------------------+----------------+
| gamma                    | 0.980          |
+--------------------------+----------------+
| target_network_frequency | 50             |
+--------------------------+----------------+
| batch_size               | 128            |
+--------------------------+----------------+
| start_e                  | 0.300          |
+--------------------------+----------------+
| end_e                    | 0.050          |
+--------------------------+----------------+
| exploration_fraction     | 0.100          |
+--------------------------+----------------+
| learning_starts          | 10000          |
+--------------------------+----------------+
| train_frequency          | 10             |
+--------------------------+----------------+
| env_id                   | LunarLander-v2 |
+--------------------------+----------------+
2022-11-14 23:10:36,540 - INFO: global_step=111, episodic_return=-611.77490234375
2022-11-14 23:10:36,658 - INFO: global_step=172, episodic_return=-122.97918701171875
2022-11-14 23:10:36,729 - INFO: global_step=228, episodic_return=-94.93672180175781
2022-11-14 23:10:36,874 - INFO: global_step=311, episodic_return=-406.9200134277344
2022-11-14 23:10:37,015 - INFO: global_step=380, episodic_return=-112.57621765136719
2022-11-14 23:10:37,210 - INFO: global_step=495, episodic_return=-479.4324645996094
2022-11-14 23:10:37,322 - INFO: global_step=573, episodic_return=-398.597900390625
2022-11-14 23:10:37,568 - INFO: global_step=713, episodic_return=-640.2501220703125
2022-11-14 23:10:37,758 - INFO: global_step=814, episodic_return=-671.2049560546875
2022-11-14 23:10:37,924 - INFO: global_step=934, episodic_return=-627.7997436523438
2022-11-14 23:10:38,242 - INFO: global_step=1101, episodic_return=-776.7139282226562
2022-11-14 23:10:38,273 - INFO: global_step=1154, episodic_return=-118.8988037109375
2022-11-14 23:10:38,794 - INFO: global_step=1421, episodic_return=-1337.0836181640625
2022-11-14 23:10:38,960 - INFO: global_step=1533, episodic_return=-607.4620361328125
2022-11-14 23:10:39,075 - INFO: global_step=1587, episodic_return=-106.96476745605469
2022-11-14 23:10:39,220 - INFO: global_step=1662, episodic_return=-501.8840026855469
2022-11-14 23:10:39,312 - INFO: global_step=1744, episodic_return=-493.2634582519531
2022-11-14 23:10:39,479 - INFO: global_step=1810, episodic_return=-482.505859375
2022-11-14 23:10:39,957 - INFO: global_step=2082, episodic_return=-1533.2449951171875
2022-11-14 23:10:39,989 - INFO: global_step=2138, episodic_return=-440.23358154296875
2022-11-14 23:10:40,154 - INFO: global_step=2202, episodic_return=-500.1899719238281
2022-11-14 23:10:40,281 - INFO: global_step=2282, episodic_return=-595.8942260742188
2022-11-14 23:10:40,335 - INFO: global_step=2357, episodic_return=-572.2611083984375
2022-11-14 23:10:40,380 - INFO: global_step=2439, episodic_return=-581.3500366210938
2022-11-14 23:10:40,576 - INFO: global_step=2550, episodic_return=-620.091064453125
2022-11-14 23:10:40,722 - INFO: global_step=2655, episodic_return=-494.74847412109375
2022-11-14 23:10:40,881 - INFO: global_step=2736, episodic_return=-512.0510864257812
2022-11-14 23:10:40,923 - INFO: global_step=2799, episodic_return=-494.1636657714844
2022-11-14 23:10:41,049 - INFO: global_step=2874, episodic_return=-506.3654479980469
2022-11-14 23:10:41,085 - INFO: global_step=2937, episodic_return=-129.6429901123047
2022-11-14 23:10:41,271 - INFO: global_step=3046, episodic_return=-635.1983642578125
2022-11-14 23:10:41,407 - INFO: global_step=3105, episodic_return=-87.34154510498047
2022-11-14 23:10:41,453 - INFO: global_step=3185, episodic_return=-449.6429748535156
2022-11-14 23:10:41,646 - INFO: global_step=3294, episodic_return=-523.788818359375
2022-11-14 23:10:41,842 - INFO: global_step=3433, episodic_return=-650.43603515625
2022-11-14 23:10:42,020 - INFO: global_step=3517, episodic_return=-543.8724365234375
2022-11-14 23:10:42,095 - INFO: global_step=3570, episodic_return=-119.3675308227539
2022-11-14 23:10:42,201 - INFO: global_step=3672, episodic_return=-605.9207763671875
2022-11-14 23:10:42,478 - INFO: global_step=3831, episodic_return=-967.9526977539062
2022-11-14 23:10:42,569 - INFO: global_step=3916, episodic_return=-648.0430908203125
2022-11-14 23:10:42,592 - INFO: global_step=3966, episodic_return=-372.108642578125
2022-11-14 23:10:42,709 - INFO: global_step=4091, episodic_return=-654.6156005859375
2022-11-14 23:10:42,987 - INFO: global_step=4267, episodic_return=-807.7493896484375
2022-11-14 23:10:43,193 - INFO: global_step=4404, episodic_return=-628.9154052734375
2022-11-14 23:10:43,313 - INFO: global_step=4461, episodic_return=-109.63798522949219
2022-11-14 23:10:43,459 - INFO: global_step=4518, episodic_return=-118.64838409423828
2022-11-14 23:10:43,526 - INFO: global_step=4589, episodic_return=-122.46153259277344
2022-11-14 23:10:43,649 - INFO: global_step=4644, episodic_return=-97.1098861694336
2022-11-14 23:10:43,860 - INFO: global_step=4782, episodic_return=-715.6444091796875
2022-11-14 23:10:44,153 - INFO: global_step=4963, episodic_return=-906.9117431640625
2022-11-14 23:10:44,260 - INFO: global_step=5035, episodic_return=-513.4266357421875
2022-11-14 23:10:44,390 - INFO: global_step=5124, episodic_return=-510.9911804199219
2022-11-14 23:10:44,454 - INFO: global_step=5206, episodic_return=-465.0610656738281
2022-11-14 23:10:44,634 - INFO: global_step=5287, episodic_return=-420.6327209472656
2022-11-14 23:10:44,721 - INFO: global_step=5342, episodic_return=-117.23162841796875
2022-11-14 23:10:44,799 - INFO: global_step=5422, episodic_return=-541.1781616210938
2022-11-14 23:10:44,976 - INFO: global_step=5510, episodic_return=-574.783447265625
2022-11-14 23:10:45,115 - INFO: global_step=5608, episodic_return=-330.36505126953125
2022-11-14 23:10:45,161 - INFO: global_step=5689, episodic_return=-553.8807373046875
2022-11-14 23:10:45,360 - INFO: global_step=5784, episodic_return=-377.23455810546875
2022-11-14 23:10:45,498 - INFO: global_step=5868, episodic_return=-481.3851623535156
2022-11-14 23:10:45,545 - INFO: global_step=5938, episodic_return=-590.724609375
2022-11-14 23:10:45,920 - INFO: global_step=6168, episodic_return=-1279.790283203125
2022-11-14 23:10:46,080 - INFO: global_step=6224, episodic_return=-117.72599029541016
2022-11-14 23:10:46,131 - INFO: global_step=6283, episodic_return=-107.51309204101562
2022-11-14 23:10:46,255 - INFO: global_step=6378, episodic_return=-594.9005126953125
2022-11-14 23:10:46,468 - INFO: global_step=6500, episodic_return=-779.9468994140625
2022-11-14 23:10:46,601 - INFO: global_step=6580, episodic_return=-354.79522705078125
2022-11-14 23:10:46,641 - INFO: global_step=6636, episodic_return=-95.98240661621094
2022-11-14 23:10:46,692 - INFO: global_step=6710, episodic_return=-571.7278442382812
2022-11-14 23:10:46,864 - INFO: global_step=6803, episodic_return=-542.212646484375
2022-11-14 23:10:47,035 - INFO: global_step=6921, episodic_return=-622.4850463867188
2022-11-14 23:10:47,210 - INFO: global_step=7024, episodic_return=-681.2368774414062
2022-11-14 23:10:47,400 - INFO: global_step=7144, episodic_return=-746.771484375
2022-11-14 23:10:47,455 - INFO: global_step=7240, episodic_return=-443.1026916503906
2022-11-14 23:10:47,501 - INFO: global_step=7313, episodic_return=-447.9568786621094
2022-11-14 23:10:47,600 - INFO: global_step=7369, episodic_return=-407.1733703613281
2022-11-14 23:10:47,692 - INFO: global_step=7429, episodic_return=-78.60733795166016
2022-11-14 23:10:47,836 - INFO: global_step=7522, episodic_return=-655.0348510742188
2022-11-14 23:10:48,225 - INFO: global_step=7756, episodic_return=-1237.7242431640625
2022-11-14 23:10:48,377 - INFO: global_step=7814, episodic_return=-85.60189056396484
2022-11-14 23:10:48,437 - INFO: global_step=7869, episodic_return=-452.6052551269531
2022-11-14 23:10:48,520 - INFO: global_step=7928, episodic_return=-422.017822265625
2022-11-14 23:10:48,725 - INFO: global_step=8054, episodic_return=-723.143310546875
2022-11-14 23:10:48,868 - INFO: global_step=8157, episodic_return=-387.7869567871094
2022-11-14 23:10:48,916 - INFO: global_step=8230, episodic_return=-626.0068359375
2022-11-14 23:10:49,247 - INFO: global_step=8410, episodic_return=-898.3088989257812
2022-11-14 23:10:49,327 - INFO: global_step=8500, episodic_return=-354.755615234375
2022-11-14 23:10:49,471 - INFO: global_step=8572, episodic_return=-474.1864929199219
2022-11-14 23:10:49,702 - INFO: global_step=8756, episodic_return=-1012.58837890625
2022-11-14 23:10:49,839 - INFO: global_step=8826, episodic_return=-434.4115905761719
2022-11-14 23:10:49,931 - INFO: global_step=8880, episodic_return=-499.20263671875
2022-11-14 23:10:49,996 - INFO: global_step=8957, episodic_return=-412.25244140625
2022-11-14 23:10:50,030 - INFO: global_step=9020, episodic_return=-141.4454345703125
2022-11-14 23:10:50,183 - INFO: global_step=9076, episodic_return=-183.70745849609375
2022-11-14 23:10:50,257 - INFO: global_step=9144, episodic_return=-122.87476348876953
2022-11-14 23:10:50,355 - INFO: global_step=9209, episodic_return=-128.53309631347656
2022-11-14 23:10:50,403 - INFO: global_step=9292, episodic_return=-616.1891479492188
2022-11-14 23:10:50,572 - INFO: global_step=9367, episodic_return=-165.28114318847656
2022-11-14 23:10:50,677 - INFO: global_step=9427, episodic_return=-131.99935913085938
2022-11-14 23:10:50,734 - INFO: global_step=9483, episodic_return=-297.69659423828125
2022-11-14 23:10:50,823 - INFO: global_step=9548, episodic_return=-555.04638671875
2022-11-14 23:10:50,939 - INFO: global_step=9606, episodic_return=-108.23965454101562
2022-11-14 23:10:51,075 - INFO: global_step=9674, episodic_return=-112.14659118652344
2022-11-14 23:10:51,208 - INFO: global_step=9754, episodic_return=-566.844970703125
2022-11-14 23:10:51,342 - INFO: global_step=9828, episodic_return=-571.7906494140625
2022-11-14 23:10:51,418 - INFO: global_step=9893, episodic_return=-113.8738021850586
2022-11-14 23:10:51,467 - INFO: global_step=9950, episodic_return=-449.604736328125
2022-11-14 23:10:51,657 - INFO: global_step=10031, episodic_return=-536.4678955078125
2022-11-14 23:10:51,789 - INFO: global_step=10102, episodic_return=-206.34368896484375
2022-11-14 23:10:51,974 - INFO: global_step=10162, episodic_return=-170.2322998046875
2022-11-14 23:10:52,112 - INFO: global_step=10225, episodic_return=-125.2049331665039
2022-11-14 23:10:52,160 - INFO: global_step=10288, episodic_return=-133.17454528808594
2022-11-14 23:10:52,341 - INFO: global_step=10349, episodic_return=-101.01973724365234
2022-11-14 23:10:52,489 - INFO: global_step=10411, episodic_return=-117.23944091796875
2022-11-14 23:10:52,675 - INFO: global_step=10478, episodic_return=-357.5854187011719
2022-11-14 23:10:52,779 - INFO: global_step=10530, episodic_return=-361.6441650390625
2022-11-14 23:10:52,860 - INFO: global_step=10604, episodic_return=-553.163330078125
2022-11-14 23:10:53,040 - INFO: global_step=10669, episodic_return=-519.3739624023438
2022-11-14 23:10:53,207 - INFO: global_step=10750, episodic_return=-439.5879211425781
2022-11-14 23:10:53,410 - INFO: global_step=10831, episodic_return=-342.0537109375
2022-11-14 23:10:53,579 - INFO: global_step=10939, episodic_return=9.505523681640625
2022-11-14 23:10:53,779 - INFO: global_step=11017, episodic_return=-181.9152374267578
2022-11-14 23:10:53,940 - INFO: global_step=11087, episodic_return=4.951576232910156
2022-11-14 23:10:54,394 - INFO: global_step=11266, episodic_return=-721.264404296875
2022-11-14 23:10:54,577 - INFO: global_step=11335, episodic_return=-178.414306640625
2022-11-14 23:10:54,656 - INFO: global_step=11397, episodic_return=-128.98818969726562
2022-11-14 23:10:54,769 - INFO: global_step=11458, episodic_return=-101.14360046386719
2022-11-14 23:10:54,990 - INFO: global_step=11545, episodic_return=-141.86756896972656
2022-11-14 23:10:55,214 - INFO: global_step=11645, episodic_return=-463.2986755371094
2022-11-14 23:10:55,409 - INFO: global_step=11771, episodic_return=-410.81927490234375
2022-11-14 23:10:55,603 - INFO: global_step=11858, episodic_return=-162.01150512695312
2022-11-14 23:10:55,744 - INFO: global_step=11921, episodic_return=-154.6517333984375
2022-11-14 23:10:55,963 - INFO: global_step=12021, episodic_return=-162.45944213867188
2022-11-14 23:10:56,346 - INFO: global_step=12177, episodic_return=-197.81655883789062
2022-11-14 23:10:56,505 - INFO: global_step=12242, episodic_return=-124.88948059082031
2022-11-14 23:10:56,693 - INFO: global_step=12309, episodic_return=-115.75584411621094
2022-11-14 23:10:57,280 - INFO: global_step=12574, episodic_return=-312.6433410644531
2022-11-14 23:10:57,575 - INFO: global_step=12681, episodic_return=-416.765380859375
2022-11-14 23:10:57,841 - INFO: global_step=12779, episodic_return=-44.31957244873047
2022-11-14 23:10:58,115 - INFO: global_step=12910, episodic_return=-533.3204345703125
2022-11-14 23:10:58,337 - INFO: global_step=13044, episodic_return=-502.10626220703125
2022-11-14 23:10:58,661 - INFO: global_step=13167, episodic_return=-515.8013916015625
2022-11-14 23:10:58,953 - INFO: global_step=13243, episodic_return=-510.271484375
2022-11-14 23:10:59,030 - INFO: global_step=13332, episodic_return=-493.2485046386719
2022-11-14 23:10:59,288 - INFO: global_step=13413, episodic_return=-627.8765869140625
2022-11-14 23:10:59,374 - INFO: global_step=13484, episodic_return=-252.47515869140625
2022-11-14 23:11:03,375 - INFO: global_step=14484, episodic_return=79.80840301513672
2022-11-14 23:11:03,530 - INFO: global_step=14564, episodic_return=-286.46533203125
2022-11-14 23:11:03,672 - INFO: global_step=14648, episodic_return=-268.5128173828125
2022-11-14 23:11:04,041 - INFO: global_step=14838, episodic_return=-67.94705200195312
2022-11-14 23:11:04,184 - INFO: global_step=14928, episodic_return=-107.81727600097656
2022-11-14 23:11:04,429 - INFO: global_step=15021, episodic_return=-168.96939086914062
2022-11-14 23:11:04,597 - INFO: global_step=15106, episodic_return=-339.1182861328125
2022-11-14 23:11:04,767 - INFO: global_step=15191, episodic_return=-499.917236328125
2022-11-14 23:11:04,976 - INFO: global_step=15272, episodic_return=-320.30029296875
2022-11-14 23:11:05,210 - INFO: global_step=15392, episodic_return=-18.191688537597656
2022-11-14 23:11:05,472 - INFO: global_step=15478, episodic_return=-324.5279541015625
2022-11-14 23:11:05,690 - INFO: global_step=15567, episodic_return=-296.2352294921875
2022-11-14 23:11:06,050 - INFO: global_step=15705, episodic_return=-11.556968688964844
2022-11-14 23:11:07,013 - INFO: global_step=16068, episodic_return=-127.06925964355469
2022-11-14 23:11:08,057 - INFO: global_step=16586, episodic_return=-307.5885009765625
2022-11-14 23:11:08,648 - INFO: global_step=16736, episodic_return=-336.42352294921875
2022-11-14 23:11:10,205 - INFO: global_step=16956, episodic_return=-264.8524475097656
2022-11-14 23:11:10,576 - INFO: global_step=17115, episodic_return=-136.03927612304688
2022-11-14 23:11:10,774 - INFO: global_step=17230, episodic_return=-163.7957305908203
2022-11-14 23:11:14,623 - INFO: global_step=18230, episodic_return=-108.58978271484375
2022-11-14 23:11:19,437 - INFO: global_step=19230, episodic_return=-56.36275863647461
2022-11-14 23:11:20,350 - INFO: global_step=19548, episodic_return=-214.43905639648438
2022-11-14 23:11:20,868 - INFO: global_step=19755, episodic_return=-330.6375732421875
2022-11-14 23:11:21,191 - INFO: global_step=19869, episodic_return=-224.47610473632812
2022-11-14 23:11:21,534 - INFO: global_step=20001, episodic_return=-570.2346801757812
2022-11-14 23:11:21,737 - INFO: global_step=20095, episodic_return=-493.9458923339844
2022-11-14 23:11:24,710 - INFO: global_step=20976, episodic_return=-213.10006713867188
2022-11-14 23:11:25,199 - INFO: global_step=21169, episodic_return=-176.66143798828125
2022-11-14 23:11:25,540 - INFO: global_step=21308, episodic_return=-244.52552795410156
2022-11-14 23:11:25,927 - INFO: global_step=21477, episodic_return=-558.0679321289062
2022-11-14 23:11:26,339 - INFO: global_step=21620, episodic_return=-481.5393371582031
2022-11-14 23:11:26,924 - INFO: global_step=21822, episodic_return=-150.80470275878906
2022-11-14 23:11:27,353 - INFO: global_step=21998, episodic_return=-878.6568603515625
2022-11-14 23:11:27,750 - INFO: global_step=22146, episodic_return=-163.78070068359375
2022-11-14 23:11:28,421 - INFO: global_step=22401, episodic_return=-107.77037811279297
2022-11-14 23:11:29,253 - INFO: global_step=22667, episodic_return=-95.85614013671875
2022-11-14 23:11:29,745 - INFO: global_step=22879, episodic_return=-106.37785339355469
2022-11-14 23:11:30,359 - INFO: global_step=23131, episodic_return=-98.14443969726562
2022-11-14 23:11:30,817 - INFO: global_step=23313, episodic_return=-202.20135498046875
2022-11-14 23:11:31,209 - INFO: global_step=23496, episodic_return=-131.1811065673828
2022-11-14 23:11:31,730 - INFO: global_step=23682, episodic_return=-129.13558959960938
2022-11-14 23:11:32,404 - INFO: global_step=23930, episodic_return=-155.43386840820312
2022-11-14 23:11:33,131 - INFO: global_step=24207, episodic_return=-67.95743560791016
2022-11-14 23:11:33,607 - INFO: global_step=24391, episodic_return=-129.19677734375
2022-11-14 23:11:34,281 - INFO: global_step=24642, episodic_return=-133.80479431152344
2022-11-14 23:11:34,771 - INFO: global_step=24820, episodic_return=-112.20780944824219
2022-11-14 23:11:35,811 - INFO: global_step=25177, episodic_return=-120.15741729736328
2022-11-14 23:11:36,586 - INFO: global_step=25461, episodic_return=-133.768798828125
2022-11-14 23:11:37,526 - INFO: global_step=25776, episodic_return=-169.159423828125
2022-11-14 23:11:41,219 - INFO: global_step=26776, episodic_return=-97.44157409667969
2022-11-14 23:11:43,424 - INFO: global_step=27394, episodic_return=-202.33299255371094
2022-11-14 23:11:44,334 - INFO: global_step=27684, episodic_return=-229.5518035888672
2022-11-14 23:11:45,266 - INFO: global_step=28047, episodic_return=-130.92135620117188
2022-11-14 23:11:49,173 - INFO: global_step=29047, episodic_return=-52.78041458129883
2022-11-14 23:11:52,284 - INFO: global_step=29793, episodic_return=-379.4287109375
2022-11-14 23:11:56,958 - INFO: global_step=30793, episodic_return=-89.90398406982422
2022-11-14 23:12:00,700 - INFO: global_step=31793, episodic_return=-33.82449722290039
2022-11-14 23:12:04,828 - INFO: global_step=32793, episodic_return=-25.605249404907227
2022-11-14 23:12:08,827 - INFO: global_step=33793, episodic_return=-142.14834594726562
2022-11-14 23:12:13,344 - INFO: global_step=34793, episodic_return=-115.71231842041016
2022-11-14 23:12:17,585 - INFO: global_step=35793, episodic_return=-125.41132354736328
2022-11-14 23:12:21,997 - INFO: global_step=36793, episodic_return=-71.99414825439453
2022-11-14 23:12:25,943 - INFO: global_step=37793, episodic_return=-145.52964782714844
2022-11-14 23:12:30,176 - INFO: global_step=38793, episodic_return=-139.4141082763672
2022-11-14 23:12:34,757 - INFO: global_step=39793, episodic_return=-113.37000274658203
2022-11-14 23:12:38,496 - INFO: global_step=40793, episodic_return=-159.81089782714844
2022-11-14 23:12:40,705 - INFO: global_step=41793, episodic_return=-91.6102523803711
2022-11-14 23:12:44,164 - INFO: global_step=42793, episodic_return=-119.18970489501953
2022-11-14 23:12:48,738 - INFO: global_step=43793, episodic_return=-158.60696411132812
2022-11-14 23:12:53,157 - INFO: global_step=44793, episodic_return=-151.14068603515625
2022-11-14 23:12:57,342 - INFO: global_step=45793, episodic_return=-107.83526611328125
2022-11-14 23:13:02,074 - INFO: global_step=46793, episodic_return=-139.8329315185547
2022-11-14 23:13:06,343 - INFO: global_step=47793, episodic_return=-134.3999786376953
2022-11-14 23:13:10,462 - INFO: global_step=48793, episodic_return=-127.99038696289062
2022-11-14 23:13:14,907 - INFO: global_step=49793, episodic_return=-77.59314727783203
2022-11-14 23:13:19,496 - INFO: global_step=50793, episodic_return=-125.59062957763672
2022-11-14 23:13:24,430 - INFO: global_step=51793, episodic_return=-100.54387664794922
2022-11-14 23:13:28,657 - INFO: global_step=52793, episodic_return=-127.05598449707031
2022-11-14 23:13:32,525 - INFO: global_step=53793, episodic_return=-104.24945831298828
2022-11-14 23:13:36,144 - INFO: global_step=54793, episodic_return=-134.50244140625
2022-11-14 23:13:40,273 - INFO: global_step=55793, episodic_return=-86.92085266113281
2022-11-14 23:13:45,209 - INFO: global_step=56793, episodic_return=-116.31903076171875
2022-11-14 23:13:45,952 - INFO: global_step=57078, episodic_return=-228.93113708496094
2022-11-14 23:13:49,582 - INFO: global_step=58078, episodic_return=-138.02842712402344
2022-11-14 23:13:51,063 - INFO: global_step=59078, episodic_return=-122.97116088867188
2022-11-14 23:13:54,413 - INFO: global_step=60078, episodic_return=-116.19609832763672
2022-11-14 23:13:59,228 - INFO: global_step=61078, episodic_return=-103.00331115722656
2022-11-14 23:14:04,042 - INFO: global_step=62078, episodic_return=-124.89965057373047
2022-11-14 23:14:08,137 - INFO: global_step=63078, episodic_return=-97.30442810058594
2022-11-14 23:14:11,248 - INFO: global_step=64078, episodic_return=-102.63543701171875
2022-11-14 23:14:12,789 - INFO: global_step=64570, episodic_return=233.50245666503906
2022-11-14 23:14:13,857 - INFO: global_step=64936, episodic_return=-218.7016143798828
2022-11-14 23:14:17,480 - INFO: global_step=65936, episodic_return=-5.408639907836914
2022-11-14 23:14:21,264 - INFO: global_step=66936, episodic_return=-79.49420928955078
2022-11-14 23:14:21,861 - INFO: global_step=67160, episodic_return=-385.0202331542969
2022-11-14 23:14:25,619 - INFO: global_step=68160, episodic_return=-122.42237854003906
2022-11-14 23:14:30,242 - INFO: global_step=69160, episodic_return=-142.2405548095703
2022-11-14 23:14:31,612 - INFO: global_step=69630, episodic_return=-240.31509399414062
2022-11-14 23:14:35,137 - INFO: global_step=70630, episodic_return=-111.71171569824219
2022-11-14 23:14:40,742 - INFO: global_step=71630, episodic_return=-80.68042755126953
2022-11-14 23:14:45,823 - INFO: global_step=72630, episodic_return=-146.53953552246094
2022-11-14 23:14:50,586 - INFO: global_step=73630, episodic_return=-100.20977783203125
2022-11-14 23:14:55,115 - INFO: global_step=74630, episodic_return=-125.86522674560547
2022-11-14 23:14:59,272 - INFO: global_step=75630, episodic_return=-125.31843566894531
2022-11-14 23:15:04,290 - INFO: global_step=76630, episodic_return=-121.01265716552734
2022-11-14 23:15:08,377 - INFO: global_step=77630, episodic_return=-116.66035461425781
2022-11-14 23:15:13,351 - INFO: global_step=78630, episodic_return=-106.57664489746094
2022-11-14 23:15:17,226 - INFO: global_step=79630, episodic_return=-124.84300231933594
2022-11-14 23:15:21,073 - INFO: global_step=80630, episodic_return=-75.75980377197266
2022-11-14 23:15:25,034 - INFO: global_step=81630, episodic_return=-153.85606384277344
2022-11-14 23:15:28,959 - INFO: global_step=82630, episodic_return=-123.11077880859375
2022-11-14 23:15:33,128 - INFO: global_step=83630, episodic_return=-132.8948516845703
2022-11-14 23:15:37,756 - INFO: global_step=84630, episodic_return=-85.17778778076172
2022-11-14 23:15:41,702 - INFO: global_step=85630, episodic_return=-149.1732940673828
2022-11-14 23:15:42,432 - INFO: global_step=85873, episodic_return=-214.83932495117188
2022-11-14 23:15:46,563 - INFO: global_step=86873, episodic_return=-111.38896179199219
2022-11-14 23:15:51,146 - INFO: global_step=87873, episodic_return=-132.3523406982422
2022-11-14 23:15:55,341 - INFO: global_step=88873, episodic_return=-70.77938842773438
2022-11-14 23:15:59,157 - INFO: global_step=89873, episodic_return=-96.78549194335938
2022-11-14 23:16:03,611 - INFO: global_step=90873, episodic_return=-113.06965637207031
2022-11-14 23:16:08,215 - INFO: global_step=91873, episodic_return=-88.05032348632812
2022-11-14 23:16:12,723 - INFO: global_step=92873, episodic_return=-107.84403228759766
2022-11-14 23:16:13,642 - INFO: global_step=93155, episodic_return=-158.9629364013672
2022-11-14 23:16:18,221 - INFO: global_step=94155, episodic_return=-117.94309997558594
2022-11-14 23:16:18,641 - INFO: global_step=94341, episodic_return=-300.7905578613281
2022-11-14 23:16:22,954 - INFO: global_step=95341, episodic_return=-126.57365417480469
2022-11-14 23:16:27,347 - INFO: global_step=96341, episodic_return=-72.12909698486328
2022-11-14 23:16:27,863 - INFO: global_step=96553, episodic_return=-32.16340637207031
2022-11-14 23:16:31,546 - INFO: global_step=97553, episodic_return=-105.61817169189453
2022-11-14 23:16:32,335 - INFO: global_step=97867, episodic_return=-196.48239135742188
2022-11-14 23:16:33,377 - INFO: global_step=98181, episodic_return=-253.32351684570312
2022-11-14 23:16:34,526 - INFO: global_step=98532, episodic_return=-298.1529235839844
2022-11-14 23:16:35,519 - INFO: global_step=98867, episodic_return=-100.3066635131836
2022-11-14 23:16:36,319 - INFO: global_step=99133, episodic_return=-74.44709014892578
2022-11-14 23:16:38,020 - INFO: global_step=99626, episodic_return=274.86810302734375
2022-11-14 23:16:39,064 - INFO: global_step=99972, episodic_return=-189.4473419189453
2022-11-14 23:16:40,429 - INFO: global_step=100402, episodic_return=-6.2894439697265625
2022-11-14 23:16:42,477 - INFO: global_step=101000, episodic_return=225.58445739746094
2022-11-14 23:16:44,410 - INFO: global_step=101566, episodic_return=-64.43711853027344
2022-11-14 23:16:45,269 - INFO: global_step=101839, episodic_return=-216.167724609375
2022-11-14 23:16:46,342 - INFO: global_step=102159, episodic_return=-259.13031005859375
2022-11-14 23:16:47,177 - INFO: global_step=102422, episodic_return=-62.11137008666992
2022-11-14 23:16:47,760 - INFO: global_step=102644, episodic_return=-284.97760009765625
2022-11-14 23:16:48,480 - INFO: global_step=102903, episodic_return=-67.75538635253906
2022-11-14 23:16:49,105 - INFO: global_step=103130, episodic_return=-237.68121337890625
2022-11-14 23:16:49,761 - INFO: global_step=103399, episodic_return=-142.8849334716797
2022-11-14 23:16:51,063 - INFO: global_step=103780, episodic_return=242.5204620361328
2022-11-14 23:16:51,600 - INFO: global_step=103967, episodic_return=8.370071411132812
2022-11-14 23:16:52,126 - INFO: global_step=104128, episodic_return=-190.0103759765625
2022-11-14 23:16:56,435 - INFO: global_step=105128, episodic_return=-111.34455871582031
2022-11-14 23:16:57,170 - INFO: global_step=105385, episodic_return=-27.7696533203125
2022-11-14 23:16:58,099 - INFO: global_step=105712, episodic_return=-201.32415771484375
2022-11-14 23:16:59,578 - INFO: global_step=106178, episodic_return=-171.38108825683594
2022-11-14 23:17:00,108 - INFO: global_step=106379, episodic_return=-54.164215087890625
2022-11-14 23:17:04,224 - INFO: global_step=107379, episodic_return=91.38074493408203
2022-11-14 23:17:08,107 - INFO: global_step=108379, episodic_return=-94.4671859741211
2022-11-14 23:17:10,961 - INFO: global_step=109379, episodic_return=-98.4234619140625
2022-11-14 23:17:11,823 - INFO: global_step=109763, episodic_return=-63.30812072753906
2022-11-14 23:17:15,999 - INFO: global_step=110763, episodic_return=-114.87042236328125
2022-11-14 23:17:20,710 - INFO: global_step=111763, episodic_return=-121.58538055419922
2022-11-14 23:17:25,600 - INFO: global_step=112763, episodic_return=-122.38243103027344
2022-11-14 23:17:29,548 - INFO: global_step=113763, episodic_return=-67.20355987548828
2022-11-14 23:17:34,539 - INFO: global_step=114763, episodic_return=-98.29417419433594
2022-11-14 23:17:36,369 - INFO: global_step=115275, episodic_return=257.31744384765625
2022-11-14 23:17:41,703 - INFO: global_step=116275, episodic_return=-87.28111267089844
2022-11-14 23:17:42,860 - INFO: global_step=116636, episodic_return=-234.5965576171875
2022-11-14 23:17:43,602 - INFO: global_step=116879, episodic_return=-54.6893424987793
2022-11-14 23:17:47,456 - INFO: global_step=117879, episodic_return=-35.41094207763672
2022-11-14 23:17:52,649 - INFO: global_step=118879, episodic_return=-99.98979949951172
2022-11-14 23:17:53,323 - INFO: global_step=119106, episodic_return=-43.31739044189453
2022-11-14 23:17:53,973 - INFO: global_step=119352, episodic_return=-36.20927810668945
2022-11-14 23:17:58,357 - INFO: global_step=120352, episodic_return=-122.57605743408203
2022-11-14 23:17:58,960 - INFO: global_step=120546, episodic_return=-26.500396728515625
2022-11-14 23:18:03,122 - INFO: global_step=121546, episodic_return=-96.51612854003906
2022-11-14 23:18:07,689 - INFO: global_step=122546, episodic_return=-97.46176147460938
2022-11-14 23:18:11,819 - INFO: global_step=123546, episodic_return=-67.31421661376953
2022-11-14 23:18:15,255 - INFO: global_step=124546, episodic_return=-44.30512619018555
2022-11-14 23:18:19,929 - INFO: global_step=125546, episodic_return=-90.06534576416016
2022-11-14 23:18:24,355 - INFO: global_step=126546, episodic_return=-111.21235656738281
2022-11-14 23:18:28,804 - INFO: global_step=127546, episodic_return=-52.037418365478516
2022-11-14 23:18:33,496 - INFO: global_step=128546, episodic_return=-134.42929077148438
2022-11-14 23:18:37,355 - INFO: global_step=129546, episodic_return=-54.08200454711914
2022-11-14 23:18:39,063 - INFO: global_step=130032, episodic_return=-140.04298400878906
2022-11-14 23:18:41,830 - INFO: global_step=131032, episodic_return=-68.50066375732422
2022-11-14 23:18:45,882 - INFO: global_step=132032, episodic_return=-75.40812683105469
2022-11-14 23:18:49,891 - INFO: global_step=133032, episodic_return=-51.21433639526367
2022-11-14 23:18:53,639 - INFO: global_step=134032, episodic_return=-39.98823165893555
2022-11-14 23:18:57,557 - INFO: global_step=135032, episodic_return=-69.65221405029297
2022-11-14 23:19:01,483 - INFO: global_step=136032, episodic_return=-80.85360717773438
2022-11-14 23:19:06,070 - INFO: global_step=137032, episodic_return=-109.83860778808594
2022-11-14 23:19:10,389 - INFO: global_step=138032, episodic_return=-95.06238555908203
2022-11-14 23:19:14,862 - INFO: global_step=139032, episodic_return=-44.620460510253906
2022-11-14 23:19:19,905 - INFO: global_step=140032, episodic_return=-82.81534576416016
2022-11-14 23:19:24,842 - INFO: global_step=141032, episodic_return=-92.42530822753906
2022-11-14 23:19:29,149 - INFO: global_step=142032, episodic_return=-96.73123168945312
2022-11-14 23:19:33,143 - INFO: global_step=143032, episodic_return=-51.56072998046875
2022-11-14 23:19:38,179 - INFO: global_step=144032, episodic_return=-95.96441650390625
2022-11-14 23:19:43,466 - INFO: global_step=145032, episodic_return=-117.0848388671875
2022-11-14 23:19:47,913 - INFO: global_step=146032, episodic_return=-80.60165405273438
2022-11-14 23:19:51,740 - INFO: global_step=147032, episodic_return=-83.0863265991211
2022-11-14 23:19:56,183 - INFO: global_step=148032, episodic_return=-81.27108764648438
2022-11-14 23:20:00,543 - INFO: global_step=149032, episodic_return=-104.4840087890625
2022-11-14 23:20:05,671 - INFO: global_step=150032, episodic_return=-71.20693969726562
2022-11-14 23:20:10,029 - INFO: global_step=151032, episodic_return=-48.3352165222168
2022-11-14 23:20:15,549 - INFO: global_step=152032, episodic_return=-65.51768493652344
2022-11-14 23:20:19,676 - INFO: global_step=153032, episodic_return=9.357606887817383
2022-11-14 23:20:23,415 - INFO: global_step=154032, episodic_return=-67.27226257324219
2022-11-14 23:20:27,223 - INFO: global_step=155032, episodic_return=-42.132999420166016
2022-11-14 23:20:27,502 - INFO: global_step=155152, episodic_return=-69.92366027832031
2022-11-14 23:20:32,142 - INFO: global_step=156152, episodic_return=-78.14373016357422
2022-11-14 23:20:36,532 - INFO: global_step=157152, episodic_return=-89.84766387939453
2022-11-14 23:20:40,757 - INFO: global_step=158152, episodic_return=-102.80427551269531
2022-11-14 23:20:45,009 - INFO: global_step=159152, episodic_return=-119.25041961669922
2022-11-14 23:20:48,938 - INFO: global_step=160152, episodic_return=-33.72287368774414
2022-11-14 23:20:52,635 - INFO: global_step=161152, episodic_return=-91.21875762939453
2022-11-14 23:20:57,296 - INFO: global_step=162152, episodic_return=-78.08026123046875
2022-11-14 23:21:02,010 - INFO: global_step=163152, episodic_return=-114.61067962646484
2022-11-14 23:21:06,393 - INFO: global_step=164152, episodic_return=-87.17744445800781
2022-11-14 23:21:10,914 - INFO: global_step=165152, episodic_return=-76.44767761230469
2022-11-14 23:21:14,942 - INFO: global_step=166152, episodic_return=-58.80755615234375
2022-11-14 23:21:19,373 - INFO: global_step=167152, episodic_return=-50.47811508178711
2022-11-14 23:21:23,297 - INFO: global_step=168152, episodic_return=-67.99253845214844
2022-11-14 23:21:27,382 - INFO: global_step=169152, episodic_return=-93.66419982910156
2022-11-14 23:21:31,374 - INFO: global_step=170152, episodic_return=-25.4910945892334
2022-11-14 23:21:36,274 - INFO: global_step=171152, episodic_return=-30.976999282836914
2022-11-14 23:21:40,113 - INFO: global_step=172152, episodic_return=-56.198394775390625
2022-11-14 23:21:45,542 - INFO: global_step=173152, episodic_return=-66.17764282226562
2022-11-14 23:21:45,854 - INFO: global_step=173309, episodic_return=-6.8570709228515625
2022-11-14 23:21:49,986 - INFO: global_step=174255, episodic_return=-404.2744445800781
2022-11-14 23:21:53,892 - INFO: global_step=175255, episodic_return=-87.87042236328125
2022-11-14 23:21:58,334 - INFO: global_step=176255, episodic_return=-36.29374313354492
2022-11-14 23:22:01,946 - INFO: global_step=177255, episodic_return=-1.7500407695770264
2022-11-14 23:22:06,206 - INFO: global_step=178255, episodic_return=-53.53892517089844
2022-11-14 23:22:09,830 - INFO: global_step=179255, episodic_return=73.22822570800781
2022-11-14 23:22:14,517 - INFO: global_step=180255, episodic_return=34.09551239013672
2022-11-14 23:22:18,649 - INFO: global_step=181255, episodic_return=14.88564395904541
2022-11-14 23:22:20,430 - INFO: global_step=181744, episodic_return=200.12962341308594
2022-11-14 23:22:24,962 - INFO: global_step=182744, episodic_return=-50.360504150390625
2022-11-14 23:22:28,338 - INFO: global_step=183744, episodic_return=4.785989761352539
2022-11-14 23:22:32,446 - INFO: global_step=184744, episodic_return=-38.411407470703125
2022-11-14 23:22:37,067 - INFO: global_step=185744, episodic_return=-11.310998916625977
2022-11-14 23:22:41,079 - INFO: global_step=186744, episodic_return=-23.588619232177734
2022-11-14 23:22:44,229 - INFO: global_step=187560, episodic_return=166.66000366210938
2022-11-14 23:22:48,716 - INFO: global_step=188560, episodic_return=-5.9361677169799805
2022-11-14 23:22:53,506 - INFO: global_step=189560, episodic_return=-8.366077423095703
2022-11-14 23:22:58,423 - INFO: global_step=190560, episodic_return=-9.039204597473145
2022-11-14 23:23:02,279 - INFO: global_step=191560, episodic_return=-59.08720016479492
2022-11-14 23:23:06,228 - INFO: global_step=192560, episodic_return=-16.26673698425293
2022-11-14 23:23:10,634 - INFO: global_step=193560, episodic_return=-10.560227394104004
2022-11-14 23:23:14,999 - INFO: global_step=194560, episodic_return=61.4967041015625
2022-11-14 23:23:19,305 - INFO: global_step=195560, episodic_return=41.10157775878906
2022-11-14 23:23:21,100 - INFO: global_step=196063, episodic_return=171.9858856201172
2022-11-14 23:23:24,091 - INFO: global_step=196830, episodic_return=207.10214233398438
2022-11-14 23:23:25,531 - INFO: global_step=197289, episodic_return=-48.11189270019531
2022-11-14 23:23:27,563 - INFO: global_step=197902, episodic_return=-9.277847290039062
2022-11-14 23:23:30,119 - INFO: global_step=198579, episodic_return=194.41250610351562
2022-11-14 23:23:30,621 - INFO: global_step=198757, episodic_return=54.9896240234375
2022-11-14 23:23:32,654 - INFO: global_step=199309, episodic_return=-73.26669311523438
2022-11-14 23:23:34,716 - INFO: global_step=199916, episodic_return=235.46302795410156
2022-11-14 23:23:36,002 - INFO: global_step=200366, episodic_return=-74.5487060546875
2022-11-14 23:23:37,387 - INFO: global_step=200805, episodic_return=-44.491031646728516
2022-11-14 23:23:41,278 - INFO: global_step=201805, episodic_return=38.688270568847656
2022-11-14 23:23:45,923 - INFO: global_step=202805, episodic_return=-4.281032085418701
2022-11-14 23:23:50,016 - INFO: global_step=203805, episodic_return=22.86775016784668
2022-11-14 23:23:50,413 - INFO: global_step=203936, episodic_return=-73.71134185791016
2022-11-14 23:23:51,248 - INFO: global_step=204224, episodic_return=26.678054809570312
2022-11-14 23:23:51,790 - INFO: global_step=204421, episodic_return=-145.54307556152344
2022-11-14 23:23:56,483 - INFO: global_step=205421, episodic_return=21.940202713012695
2022-11-14 23:24:01,059 - INFO: global_step=206421, episodic_return=-10.33852481842041
2022-11-14 23:24:05,401 - INFO: global_step=207421, episodic_return=-8.766487121582031
2022-11-14 23:24:07,952 - INFO: global_step=208101, episodic_return=161.58203125
2022-11-14 23:24:11,934 - INFO: global_step=209101, episodic_return=62.14461135864258
2022-11-14 23:24:15,566 - INFO: global_step=210101, episodic_return=32.47380447387695
2022-11-14 23:24:19,449 - INFO: global_step=211101, episodic_return=-35.19758605957031
2022-11-14 23:24:23,525 - INFO: global_step=212101, episodic_return=-56.854888916015625
2022-11-14 23:24:27,389 - INFO: global_step=213101, episodic_return=-26.659292221069336
2022-11-14 23:24:31,433 - INFO: global_step=214101, episodic_return=-23.488327026367188
2022-11-14 23:24:33,320 - INFO: global_step=214624, episodic_return=230.44586181640625
2022-11-14 23:24:35,082 - INFO: global_step=215125, episodic_return=233.6432647705078
2022-11-14 23:24:38,664 - INFO: global_step=216125, episodic_return=-37.468048095703125
2022-11-14 23:24:42,042 - INFO: global_step=217125, episodic_return=-7.710783004760742
2022-11-14 23:24:42,158 - INFO: global_step=217263, episodic_return=-22.671142578125
2022-11-14 23:24:43,220 - INFO: global_step=217549, episodic_return=220.9715576171875
2022-11-14 23:24:43,358 - INFO: global_step=217681, episodic_return=-80.62142181396484
2022-11-14 23:24:43,585 - INFO: global_step=217796, episodic_return=-213.9939727783203
2022-11-14 23:24:44,451 - INFO: global_step=217923, episodic_return=-68.30671691894531
2022-11-14 23:24:46,669 - INFO: global_step=218597, episodic_return=-149.24842834472656
2022-11-14 23:24:50,346 - INFO: global_step=219597, episodic_return=94.87235260009766
2022-11-14 23:24:50,525 - INFO: global_step=219692, episodic_return=-73.406982421875
2022-11-14 23:24:51,210 - INFO: global_step=219926, episodic_return=-244.27529907226562
2022-11-14 23:24:52,197 - INFO: global_step=220308, episodic_return=-248.6828155517578
2022-11-14 23:24:53,496 - INFO: global_step=220727, episodic_return=194.1656494140625
2022-11-14 23:24:54,209 - INFO: global_step=220988, episodic_return=-152.98324584960938
2022-11-14 23:24:54,548 - INFO: global_step=221105, episodic_return=-110.26686096191406
2022-11-14 23:24:56,733 - INFO: global_step=221717, episodic_return=-246.52169799804688
2022-11-14 23:24:57,445 - INFO: global_step=221957, episodic_return=-353.3142395019531
2022-11-14 23:24:58,120 - INFO: global_step=222210, episodic_return=-270.05364990234375
2022-11-14 23:25:02,501 - INFO: global_step=223210, episodic_return=-78.4718246459961
2022-11-14 23:25:06,156 - INFO: global_step=224210, episodic_return=-49.046913146972656
2022-11-14 23:25:10,006 - INFO: global_step=225210, episodic_return=-66.24348449707031
2022-11-14 23:25:12,910 - INFO: global_step=225968, episodic_return=51.151241302490234
2022-11-14 23:25:14,858 - INFO: global_step=226529, episodic_return=156.6395263671875
2022-11-14 23:25:18,482 - INFO: global_step=227529, episodic_return=-70.2601547241211
2022-11-14 23:25:19,871 - INFO: global_step=227980, episodic_return=251.99380493164062
2022-11-14 23:25:23,373 - INFO: global_step=228897, episodic_return=139.55130004882812
2022-11-14 23:25:27,660 - INFO: global_step=229897, episodic_return=62.41921615600586
2022-11-14 23:25:29,559 - INFO: global_step=230524, episodic_return=201.43978881835938
2022-11-14 23:25:33,365 - INFO: global_step=231524, episodic_return=25.06667709350586
2022-11-14 23:25:35,227 - INFO: global_step=232093, episodic_return=189.80905151367188
2022-11-14 23:25:38,380 - INFO: global_step=233093, episodic_return=-32.456336975097656
2022-11-14 23:25:42,307 - INFO: global_step=234093, episodic_return=-30.33382225036621
2022-11-14 23:25:42,793 - INFO: global_step=234322, episodic_return=-53.794124603271484
2022-11-14 23:25:46,415 - INFO: global_step=235322, episodic_return=-59.91616439819336
2022-11-14 23:25:50,091 - INFO: global_step=236322, episodic_return=-41.10490798950195
2022-11-14 23:25:54,012 - INFO: global_step=237322, episodic_return=-87.33154296875
2022-11-14 23:25:57,992 - INFO: global_step=238322, episodic_return=-67.88108825683594
2022-11-14 23:26:01,711 - INFO: global_step=239322, episodic_return=38.60594940185547
2022-11-14 23:26:05,755 - INFO: global_step=240322, episodic_return=-91.5230941772461
2022-11-14 23:26:07,754 - INFO: global_step=240892, episodic_return=-164.68499755859375
2022-11-14 23:26:11,691 - INFO: global_step=241892, episodic_return=-18.192861557006836
2022-11-14 23:26:14,736 - INFO: global_step=242892, episodic_return=-36.96190643310547
2022-11-14 23:26:18,644 - INFO: global_step=243892, episodic_return=-47.25383377075195
2022-11-14 23:26:23,505 - INFO: global_step=244892, episodic_return=-65.43231201171875
2022-11-14 23:26:27,720 - INFO: global_step=245892, episodic_return=-46.72597122192383
2022-11-14 23:26:31,729 - INFO: global_step=246892, episodic_return=-62.569602966308594
2022-11-14 23:26:35,951 - INFO: global_step=247892, episodic_return=-80.09491729736328
2022-11-14 23:26:40,052 - INFO: global_step=248892, episodic_return=-53.927364349365234
2022-11-14 23:26:44,375 - INFO: global_step=249892, episodic_return=-89.10706329345703
2022-11-14 23:26:48,506 - INFO: global_step=250892, episodic_return=-66.46051788330078
2022-11-14 23:26:52,702 - INFO: global_step=251892, episodic_return=-64.2466812133789
2022-11-14 23:26:53,098 - INFO: global_step=252023, episodic_return=-133.403076171875
2022-11-14 23:26:57,168 - INFO: global_step=253023, episodic_return=-72.04303741455078
2022-11-14 23:27:00,548 - INFO: global_step=254023, episodic_return=-113.3988265991211
2022-11-14 23:27:02,383 - INFO: global_step=254611, episodic_return=-140.50711059570312
2022-11-14 23:27:02,711 - INFO: global_step=254723, episodic_return=-106.39817810058594
2022-11-14 23:27:06,727 - INFO: global_step=255723, episodic_return=-92.7854995727539
2022-11-14 23:27:10,478 - INFO: global_step=256723, episodic_return=-117.34248352050781
2022-11-14 23:27:14,878 - INFO: global_step=257723, episodic_return=-116.82361602783203
2022-11-14 23:27:18,726 - INFO: global_step=258723, episodic_return=-100.2167739868164
2022-11-14 23:27:22,716 - INFO: global_step=259723, episodic_return=-12.175154685974121
2022-11-14 23:27:26,218 - INFO: global_step=260723, episodic_return=-69.04164123535156
2022-11-14 23:27:30,194 - INFO: global_step=261723, episodic_return=-16.92096710205078
2022-11-14 23:27:33,955 - INFO: global_step=262723, episodic_return=17.736173629760742
2022-11-14 23:27:37,417 - INFO: global_step=263723, episodic_return=-58.95832061767578
2022-11-14 23:27:40,784 - INFO: global_step=264723, episodic_return=-65.28192138671875
2022-11-14 23:27:43,638 - INFO: global_step=265723, episodic_return=-14.412201881408691
2022-11-14 23:27:44,154 - INFO: global_step=265832, episodic_return=-130.95437622070312
2022-11-14 23:27:47,456 - INFO: global_step=266832, episodic_return=-12.922785758972168
2022-11-14 23:27:51,880 - INFO: global_step=267832, episodic_return=-55.92886734008789
2022-11-14 23:27:52,270 - INFO: global_step=268006, episodic_return=-48.51510238647461
2022-11-14 23:27:53,380 - INFO: global_step=268382, episodic_return=-100.54322814941406
2022-11-14 23:27:54,721 - INFO: global_step=268781, episodic_return=-114.08605194091797
2022-11-14 23:27:58,774 - INFO: global_step=269781, episodic_return=-108.14545440673828
2022-11-14 23:28:00,600 - INFO: global_step=270369, episodic_return=-144.17422485351562
2022-11-14 23:28:03,942 - INFO: global_step=271369, episodic_return=-103.44236755371094
2022-11-14 23:28:07,657 - INFO: global_step=272369, episodic_return=-92.96863555908203
2022-11-14 23:28:08,691 - INFO: global_step=272709, episodic_return=-90.00920104980469
2022-11-14 23:28:12,441 - INFO: global_step=273709, episodic_return=-18.583541870117188
2022-11-14 23:28:16,511 - INFO: global_step=274709, episodic_return=25.870954513549805
2022-11-14 23:28:20,891 - INFO: global_step=275709, episodic_return=-21.000341415405273
2022-11-14 23:28:25,392 - INFO: global_step=276709, episodic_return=30.711658477783203
2022-11-14 23:28:25,631 - INFO: global_step=276836, episodic_return=-96.964599609375
2022-11-14 23:28:29,576 - INFO: global_step=277836, episodic_return=-70.70393371582031
2022-11-14 23:28:34,638 - INFO: global_step=278803, episodic_return=111.79019165039062
2022-11-14 23:28:38,418 - INFO: global_step=279803, episodic_return=-30.011417388916016
2022-11-14 23:28:42,184 - INFO: global_step=280803, episodic_return=-43.31724548339844
2022-11-14 23:28:45,847 - INFO: global_step=281803, episodic_return=-111.92996978759766
2022-11-14 23:28:49,345 - INFO: global_step=282803, episodic_return=-29.01105308532715
2022-11-14 23:28:49,744 - INFO: global_step=282976, episodic_return=-68.97636413574219
2022-11-14 23:28:53,511 - INFO: global_step=283976, episodic_return=-95.00186920166016
2022-11-14 23:28:57,892 - INFO: global_step=284976, episodic_return=-36.49202346801758
2022-11-14 23:29:01,717 - INFO: global_step=285976, episodic_return=-10.073175430297852
2022-11-14 23:29:02,541 - INFO: global_step=286268, episodic_return=163.31324768066406
2022-11-14 23:29:06,954 - INFO: global_step=287268, episodic_return=-14.326569557189941
2022-11-14 23:29:11,546 - INFO: global_step=288224, episodic_return=-193.80642700195312
2022-11-14 23:29:12,041 - INFO: global_step=288406, episodic_return=-87.58136749267578
2022-11-14 23:29:13,833 - INFO: global_step=289068, episodic_return=122.26170349121094
2022-11-14 23:29:15,020 - INFO: global_step=289551, episodic_return=-162.18370056152344
2022-11-14 23:29:18,381 - INFO: global_step=290461, episodic_return=7.3671112060546875
2022-11-14 23:29:21,769 - INFO: global_step=291461, episodic_return=-75.69967651367188
2022-11-14 23:29:23,838 - INFO: global_step=292019, episodic_return=184.66421508789062
2022-11-14 23:29:26,368 - INFO: global_step=292758, episodic_return=205.9212646484375
2022-11-14 23:29:27,903 - INFO: global_step=293242, episodic_return=193.32847595214844
2022-11-14 23:29:31,998 - INFO: global_step=294223, episodic_return=-180.45486450195312
2022-11-14 23:29:33,354 - INFO: global_step=294685, episodic_return=200.12271118164062
2022-11-14 23:29:35,194 - INFO: global_step=295225, episodic_return=156.00514221191406
2022-11-14 23:29:36,746 - INFO: global_step=295730, episodic_return=-90.80322265625
2022-11-14 23:29:39,625 - INFO: global_step=296465, episodic_return=-147.44247436523438
2022-11-14 23:29:40,355 - INFO: global_step=296736, episodic_return=-54.07944107055664
2022-11-14 23:29:41,868 - INFO: global_step=297296, episodic_return=-111.34268951416016
2022-11-14 23:29:43,528 - INFO: global_step=297794, episodic_return=-206.36183166503906
2022-11-14 23:29:45,182 - INFO: global_step=298284, episodic_return=223.6185302734375
2022-11-14 23:29:46,984 - INFO: global_step=298821, episodic_return=-139.55886840820312
2022-11-14 23:29:51,644 - INFO: global_step=299821, episodic_return=-25.389328002929688
2022-11-14 23:29:52,165 - INFO: global_step=299986, episodic_return=-73.6113052368164
2022-11-14 23:29:52,936 - INFO: global_step=300262, episodic_return=-142.20223999023438
2022-11-14 23:29:53,404 - INFO: global_step=300442, episodic_return=-75.54682159423828
2022-11-14 23:29:56,968 - INFO: global_step=301442, episodic_return=37.794891357421875
2022-11-14 23:30:00,803 - INFO: global_step=302442, episodic_return=-48.326194763183594
2022-11-14 23:30:06,303 - INFO: global_step=303442, episodic_return=-65.09593200683594
2022-11-14 23:30:10,187 - INFO: global_step=304442, episodic_return=11.881925582885742
2022-11-14 23:30:11,180 - INFO: global_step=304867, episodic_return=-231.7577362060547
2022-11-14 23:30:11,657 - INFO: global_step=305023, episodic_return=-106.46521759033203
2022-11-14 23:30:15,467 - INFO: global_step=306023, episodic_return=28.356813430786133
2022-11-14 23:30:15,875 - INFO: global_step=306151, episodic_return=-42.40718460083008
2022-11-14 23:30:16,313 - INFO: global_step=306333, episodic_return=-129.26199340820312
2022-11-14 23:30:18,831 - INFO: global_step=307020, episodic_return=-189.91659545898438
2022-11-14 23:30:23,412 - INFO: global_step=308020, episodic_return=-32.38856887817383
2022-11-14 23:30:23,922 - INFO: global_step=308207, episodic_return=-5.4137420654296875
2022-11-14 23:30:24,250 - INFO: global_step=308346, episodic_return=-132.1616973876953
2022-11-14 23:30:29,198 - INFO: global_step=309346, episodic_return=-72.00869750976562
2022-11-14 23:30:33,905 - INFO: global_step=310346, episodic_return=-23.091476440429688
2022-11-14 23:30:38,382 - INFO: global_step=311346, episodic_return=-65.82435607910156
2022-11-14 23:30:38,829 - INFO: global_step=311525, episodic_return=-73.52769470214844
2022-11-14 23:30:42,857 - INFO: global_step=312525, episodic_return=-28.412473678588867
2022-11-14 23:30:45,086 - INFO: global_step=313525, episodic_return=-82.81060791015625
2022-11-14 23:30:48,301 - INFO: global_step=314525, episodic_return=-18.017723083496094
2022-11-14 23:30:52,686 - INFO: global_step=315525, episodic_return=-30.032018661499023
2022-11-14 23:30:56,543 - INFO: global_step=316525, episodic_return=43.596702575683594
2022-11-14 23:30:59,821 - INFO: global_step=317525, episodic_return=-21.26535987854004
2022-11-14 23:31:04,241 - INFO: global_step=318525, episodic_return=-22.210474014282227
2022-11-14 23:31:09,389 - INFO: global_step=319525, episodic_return=-52.01314926147461
2022-11-14 23:31:13,032 - INFO: global_step=320460, episodic_return=108.50811767578125
2022-11-14 23:31:17,681 - INFO: global_step=321460, episodic_return=-70.67597961425781
2022-11-14 23:31:21,280 - INFO: global_step=322460, episodic_return=94.5916519165039
2022-11-14 23:31:21,802 - INFO: global_step=322621, episodic_return=-69.26212310791016
2022-11-14 23:31:22,651 - INFO: global_step=322901, episodic_return=257.28704833984375
2022-11-14 23:31:26,964 - INFO: global_step=323901, episodic_return=16.13239860534668
2022-11-14 23:31:31,233 - INFO: global_step=324901, episodic_return=7.423913955688477
2022-11-14 23:31:34,958 - INFO: global_step=325901, episodic_return=82.58417510986328
2022-11-14 23:31:36,808 - INFO: global_step=326407, episodic_return=-85.5900650024414
2022-11-14 23:31:40,668 - INFO: global_step=327407, episodic_return=-63.227596282958984
2022-11-14 23:31:43,396 - INFO: global_step=328221, episodic_return=-171.59251403808594
2022-11-14 23:31:47,596 - INFO: global_step=329221, episodic_return=-92.63700866699219
2022-11-14 23:31:49,758 - INFO: global_step=329829, episodic_return=206.5271453857422
2022-11-14 23:31:53,068 - INFO: global_step=330635, episodic_return=-205.19058227539062
2022-11-14 23:31:53,575 - INFO: global_step=330854, episodic_return=-119.85920715332031
2022-11-14 23:31:54,077 - INFO: global_step=331054, episodic_return=-72.45767974853516
2022-11-14 23:31:56,275 - INFO: global_step=331663, episodic_return=-164.8583984375
2022-11-14 23:31:57,077 - INFO: global_step=331955, episodic_return=-106.12605285644531
2022-11-14 23:31:59,154 - INFO: global_step=332558, episodic_return=-163.2005157470703
2022-11-14 23:32:01,668 - INFO: global_step=333277, episodic_return=177.4876708984375
2022-11-14 23:32:03,526 - INFO: global_step=333809, episodic_return=-157.87567138671875
2022-11-14 23:32:04,057 - INFO: global_step=333988, episodic_return=-110.01731872558594
2022-11-14 23:32:04,543 - INFO: global_step=334162, episodic_return=-93.9690170288086
2022-11-14 23:32:05,269 - INFO: global_step=334422, episodic_return=-144.54026794433594
2022-11-14 23:32:07,601 - INFO: global_step=335024, episodic_return=-87.86871337890625
2022-11-14 23:32:08,527 - INFO: global_step=335351, episodic_return=-147.89671325683594
2022-11-14 23:32:13,352 - INFO: global_step=336351, episodic_return=-28.263574600219727
2022-11-14 23:32:14,797 - INFO: global_step=336915, episodic_return=-171.67874145507812
2022-11-14 23:32:18,357 - INFO: global_step=337749, episodic_return=130.109375
2022-11-14 23:32:19,228 - INFO: global_step=338115, episodic_return=220.01727294921875
2022-11-14 23:32:23,968 - INFO: global_step=339115, episodic_return=-20.783966064453125
2022-11-14 23:32:27,704 - INFO: global_step=340039, episodic_return=128.6210174560547
2022-11-14 23:32:30,070 - INFO: global_step=340766, episodic_return=178.7036590576172
2022-11-14 23:32:32,484 - INFO: global_step=341425, episodic_return=177.67318725585938
2022-11-14 23:32:36,034 - INFO: global_step=342425, episodic_return=-14.495147705078125
2022-11-14 23:32:39,065 - INFO: global_step=343121, episodic_return=223.6235809326172
2022-11-14 23:32:40,732 - INFO: global_step=343626, episodic_return=187.05950927734375
2022-11-14 23:32:41,933 - INFO: global_step=344040, episodic_return=211.54876708984375
2022-11-14 23:32:42,203 - INFO: global_step=344119, episodic_return=-65.651611328125
2022-11-14 23:32:46,723 - INFO: global_step=345119, episodic_return=-7.908359050750732
2022-11-14 23:32:47,475 - INFO: global_step=345403, episodic_return=241.00192260742188
2022-11-14 23:32:50,495 - INFO: global_step=346403, episodic_return=-36.37489700317383
2022-11-14 23:32:54,699 - INFO: global_step=347403, episodic_return=-53.795047760009766
2022-11-14 23:32:55,851 - INFO: global_step=347805, episodic_return=207.83470153808594
2022-11-14 23:32:57,752 - INFO: global_step=348383, episodic_return=209.11837768554688
2022-11-14 23:32:58,346 - INFO: global_step=348611, episodic_return=-55.314327239990234
2022-11-14 23:32:59,432 - INFO: global_step=348990, episodic_return=231.77780151367188
2022-11-14 23:33:00,333 - INFO: global_step=349300, episodic_return=218.65237426757812
2022-11-14 23:33:01,132 - INFO: global_step=349576, episodic_return=273.72064208984375
2022-11-14 23:33:03,084 - INFO: global_step=350146, episodic_return=206.02243041992188
2022-11-14 23:33:04,029 - INFO: global_step=350453, episodic_return=231.75721740722656
2022-11-14 23:33:04,914 - INFO: global_step=350791, episodic_return=224.16583251953125
2022-11-14 23:33:05,895 - INFO: global_step=351118, episodic_return=-63.181365966796875
2022-11-14 23:33:06,916 - INFO: global_step=351422, episodic_return=287.3905944824219
2022-11-14 23:33:09,678 - INFO: global_step=352102, episodic_return=227.91647338867188
2022-11-14 23:33:12,755 - INFO: global_step=352915, episodic_return=178.9993133544922
2022-11-14 23:33:14,939 - INFO: global_step=353537, episodic_return=183.51617431640625
2022-11-14 23:33:15,877 - INFO: global_step=353859, episodic_return=294.2127990722656
2022-11-14 23:33:17,153 - INFO: global_step=354255, episodic_return=206.95196533203125
2022-11-14 23:33:20,721 - INFO: global_step=355255, episodic_return=88.99896240234375
2022-11-14 23:33:22,378 - INFO: global_step=355754, episodic_return=239.3813934326172
2022-11-14 23:33:22,889 - INFO: global_step=355958, episodic_return=11.2120361328125
2022-11-14 23:33:24,994 - INFO: global_step=356557, episodic_return=204.85720825195312
2022-11-14 23:33:25,628 - INFO: global_step=356803, episodic_return=283.2515563964844
2022-11-14 23:33:26,166 - INFO: global_step=357023, episodic_return=-6.5807037353515625
2022-11-14 23:33:27,658 - INFO: global_step=357524, episodic_return=128.17153930664062
2022-11-14 23:33:29,418 - INFO: global_step=358055, episodic_return=272.56744384765625
2022-11-14 23:33:30,729 - INFO: global_step=358473, episodic_return=141.11590576171875
2022-11-14 23:33:32,312 - INFO: global_step=358941, episodic_return=164.00018310546875
2022-11-14 23:33:36,124 - INFO: global_step=359941, episodic_return=83.3670654296875
2022-11-14 23:33:38,773 - INFO: global_step=360650, episodic_return=141.49948120117188
2022-11-14 23:33:42,500 - INFO: global_step=361650, episodic_return=-122.99031066894531
2022-11-14 23:33:45,531 - INFO: global_step=362625, episodic_return=127.33940887451172
2022-11-14 23:33:50,561 - INFO: global_step=363625, episodic_return=-33.432559967041016
2022-11-14 23:33:54,518 - INFO: global_step=364605, episodic_return=107.12801361083984
2022-11-14 23:33:58,433 - INFO: global_step=365605, episodic_return=-101.61708068847656
2022-11-14 23:34:02,879 - INFO: global_step=366605, episodic_return=-68.27699279785156
2022-11-14 23:34:06,446 - INFO: global_step=367605, episodic_return=-80.25361633300781
2022-11-14 23:34:10,682 - INFO: global_step=368605, episodic_return=-2.6743857860565186
2022-11-14 23:34:13,555 - INFO: global_step=369364, episodic_return=159.75222778320312
2022-11-14 23:34:16,017 - INFO: global_step=370059, episodic_return=147.27255249023438
2022-11-14 23:34:20,594 - INFO: global_step=371059, episodic_return=-59.183536529541016
2022-11-14 23:34:24,769 - INFO: global_step=372059, episodic_return=-23.21230697631836
2022-11-14 23:34:29,439 - INFO: global_step=373059, episodic_return=-74.44644165039062
2022-11-14 23:34:33,234 - INFO: global_step=374059, episodic_return=-41.97925567626953
2022-11-14 23:34:33,996 - INFO: global_step=374305, episodic_return=-162.80523681640625
2022-11-14 23:34:38,103 - INFO: global_step=375305, episodic_return=-40.2573356628418
2022-11-14 23:34:42,221 - INFO: global_step=376305, episodic_return=-44.69729995727539
2022-11-14 23:34:45,852 - INFO: global_step=377180, episodic_return=132.78228759765625
2022-11-14 23:34:49,509 - INFO: global_step=378180, episodic_return=-6.763565540313721
2022-11-14 23:34:53,035 - INFO: global_step=379180, episodic_return=-49.43928527832031
2022-11-14 23:34:56,627 - INFO: global_step=380106, episodic_return=172.71835327148438
2022-11-14 23:35:00,669 - INFO: global_step=381062, episodic_return=172.79774475097656
2022-11-14 23:35:02,670 - INFO: global_step=381642, episodic_return=229.59576416015625
2022-11-14 23:35:05,922 - INFO: global_step=382371, episodic_return=185.65374755859375
2022-11-14 23:35:06,389 - INFO: global_step=382511, episodic_return=-219.91571044921875
2022-11-14 23:35:08,099 - INFO: global_step=383008, episodic_return=210.1011199951172
2022-11-14 23:35:09,491 - INFO: global_step=383411, episodic_return=236.12698364257812
2022-11-14 23:35:10,925 - INFO: global_step=383858, episodic_return=-75.86302947998047
2022-11-14 23:35:11,159 - INFO: global_step=383952, episodic_return=-9.941055297851562
2022-11-14 23:35:11,333 - INFO: global_step=384032, episodic_return=-262.29345703125
2022-11-14 23:35:11,742 - INFO: global_step=384196, episodic_return=-150.84750366210938
2022-11-14 23:35:12,364 - INFO: global_step=384387, episodic_return=-68.03531646728516
2022-11-14 23:35:12,967 - INFO: global_step=384614, episodic_return=-149.63998413085938
2022-11-14 23:35:14,441 - INFO: global_step=385090, episodic_return=240.04769897460938
2022-11-14 23:35:15,281 - INFO: global_step=385351, episodic_return=289.63623046875
2022-11-14 23:35:16,092 - INFO: global_step=385862, episodic_return=230.28375244140625
2022-11-14 23:35:16,667 - INFO: global_step=385940, episodic_return=-233.28456115722656
2022-11-14 23:35:21,241 - INFO: global_step=386914, episodic_return=159.8483123779297
2022-11-14 23:35:22,851 - INFO: global_step=387393, episodic_return=276.6122131347656
2022-11-14 23:35:24,953 - INFO: global_step=388025, episodic_return=243.96249389648438
2022-11-14 23:35:26,812 - INFO: global_step=388521, episodic_return=186.36915588378906
2022-11-14 23:35:30,194 - INFO: global_step=389428, episodic_return=147.12652587890625
2022-11-14 23:35:31,470 - INFO: global_step=389848, episodic_return=214.18771362304688
2022-11-14 23:35:34,035 - INFO: global_step=390568, episodic_return=-77.22013854980469
2022-11-14 23:35:37,933 - INFO: global_step=391568, episodic_return=-24.98540687561035
2022-11-14 23:35:41,772 - INFO: global_step=392568, episodic_return=-12.77269172668457
2022-11-14 23:35:43,171 - INFO: global_step=392983, episodic_return=207.15353393554688
2022-11-14 23:35:44,763 - INFO: global_step=393467, episodic_return=207.6088409423828
2022-11-14 23:35:46,834 - INFO: global_step=394095, episodic_return=226.92471313476562
2022-11-14 23:35:49,567 - INFO: global_step=394832, episodic_return=200.19985961914062
2022-11-14 23:35:51,666 - INFO: global_step=395370, episodic_return=205.03709411621094
2022-11-14 23:35:52,769 - INFO: global_step=395749, episodic_return=-8.361495971679688
2022-11-14 23:35:54,236 - INFO: global_step=396170, episodic_return=183.57220458984375
2022-11-14 23:35:55,219 - INFO: global_step=396465, episodic_return=-61.79140853881836
2022-11-14 23:35:59,668 - INFO: global_step=397465, episodic_return=27.18260955810547
2022-11-14 23:36:04,040 - INFO: global_step=398465, episodic_return=-68.0219497680664
2022-11-14 23:36:06,239 - INFO: global_step=399034, episodic_return=-84.55432891845703
2022-11-14 23:36:10,027 - INFO: global_step=399885, episodic_return=-191.24557495117188
2022-11-14 23:36:14,212 - INFO: global_step=400885, episodic_return=-35.5723876953125
2022-11-14 23:36:14,719 - INFO: global_step=401043, episodic_return=-466.0604553222656
2022-11-14 23:36:15,867 - INFO: global_step=401383, episodic_return=-163.22836303710938
2022-11-14 23:36:18,795 - INFO: global_step=402132, episodic_return=190.45071411132812
2022-11-14 23:36:19,798 - INFO: global_step=402451, episodic_return=216.66232299804688
2022-11-14 23:36:21,069 - INFO: global_step=402842, episodic_return=269.11968994140625
2022-11-14 23:36:22,054 - INFO: global_step=403199, episodic_return=233.40890502929688
2022-11-14 23:36:22,399 - INFO: global_step=403293, episodic_return=-193.04969787597656
2022-11-14 23:36:23,076 - INFO: global_step=403551, episodic_return=271.1651611328125
2022-11-14 23:36:26,769 - INFO: global_step=404551, episodic_return=-61.6329231262207
2022-11-14 23:36:30,608 - INFO: global_step=405551, episodic_return=-39.444828033447266
2022-11-14 23:36:31,564 - INFO: global_step=405861, episodic_return=222.7169189453125
2022-11-14 23:36:35,233 - INFO: global_step=406861, episodic_return=-3.683354616165161
2022-11-14 23:36:38,747 - INFO: global_step=407861, episodic_return=-43.515464782714844
2022-11-14 23:36:41,062 - INFO: global_step=408518, episodic_return=201.2814483642578
2022-11-14 23:36:42,300 - INFO: global_step=408878, episodic_return=205.15762329101562
2022-11-14 23:36:46,119 - INFO: global_step=409878, episodic_return=-73.13734436035156
2022-11-14 23:36:47,359 - INFO: global_step=410326, episodic_return=173.85562133789062
2022-11-14 23:36:49,952 - INFO: global_step=411158, episodic_return=86.33663940429688
2022-11-14 23:36:53,926 - INFO: global_step=412158, episodic_return=-92.260986328125
2022-11-14 23:36:56,643 - INFO: global_step=412832, episodic_return=115.47151184082031
2022-11-14 23:37:00,523 - INFO: global_step=413776, episodic_return=94.93001556396484
2022-11-14 23:37:05,113 - INFO: global_step=414776, episodic_return=7.429694652557373
2022-11-14 23:37:08,455 - INFO: global_step=415752, episodic_return=75.49900817871094
2022-11-14 23:37:12,167 - INFO: global_step=416752, episodic_return=-34.046409606933594
2022-11-14 23:37:15,741 - INFO: global_step=417752, episodic_return=-55.34718322753906
2022-11-14 23:37:19,731 - INFO: global_step=418752, episodic_return=-49.65899658203125
2022-11-14 23:37:24,264 - INFO: global_step=419752, episodic_return=-45.5640983581543
2022-11-14 23:37:28,039 - INFO: global_step=420752, episodic_return=42.70553207397461
2022-11-14 23:37:29,834 - INFO: global_step=421213, episodic_return=182.0982666015625
2022-11-14 23:37:31,290 - INFO: global_step=421683, episodic_return=-20.71692657470703
2022-11-14 23:37:32,897 - INFO: global_step=422182, episodic_return=263.7248229980469
2022-11-14 23:37:34,826 - INFO: global_step=422770, episodic_return=205.32945251464844
2022-11-14 23:37:36,553 - INFO: global_step=423303, episodic_return=203.78280639648438
2022-11-14 23:37:38,391 - INFO: global_step=423826, episodic_return=141.21542358398438
2022-11-14 23:37:40,375 - INFO: global_step=424395, episodic_return=244.0366668701172
2022-11-14 23:37:42,277 - INFO: global_step=424978, episodic_return=202.58541870117188
2022-11-14 23:37:44,529 - INFO: global_step=425644, episodic_return=-102.08607482910156
2022-11-14 23:37:46,108 - INFO: global_step=426185, episodic_return=258.3121337890625
2022-11-14 23:37:47,002 - INFO: global_step=426463, episodic_return=-89.66957092285156
2022-11-14 23:37:48,725 - INFO: global_step=427002, episodic_return=206.38381958007812
2022-11-14 23:37:49,610 - INFO: global_step=427320, episodic_return=245.15457153320312
2022-11-14 23:37:50,503 - INFO: global_step=427609, episodic_return=161.1689453125
2022-11-14 23:37:51,257 - INFO: global_step=427880, episodic_return=-10.168609619140625
2022-11-14 23:37:53,060 - INFO: global_step=428421, episodic_return=-57.929710388183594
2022-11-14 23:37:53,892 - INFO: global_step=428698, episodic_return=282.7606506347656
2022-11-14 23:37:54,673 - INFO: global_step=429055, episodic_return=214.5711669921875
2022-11-14 23:37:55,335 - INFO: global_step=429271, episodic_return=296.81646728515625
2022-11-14 23:38:00,064 - INFO: global_step=430271, episodic_return=-115.31282806396484
2022-11-14 23:38:03,489 - INFO: global_step=431171, episodic_return=242.9717254638672
2022-11-14 23:38:07,242 - INFO: global_step=432171, episodic_return=-84.16511535644531
2022-11-14 23:38:09,530 - INFO: global_step=432803, episodic_return=218.54727172851562
2022-11-14 23:38:11,428 - INFO: global_step=433347, episodic_return=211.96405029296875
2022-11-14 23:38:12,825 - INFO: global_step=433766, episodic_return=-74.61419677734375
2022-11-14 23:38:14,726 - INFO: global_step=434472, episodic_return=223.68487548828125
2022-11-14 23:38:16,819 - INFO: global_step=435089, episodic_return=236.6455535888672
2022-11-14 23:38:18,362 - INFO: global_step=435510, episodic_return=273.22906494140625
2022-11-14 23:38:22,068 - INFO: global_step=436510, episodic_return=-46.557952880859375
2022-11-14 23:38:22,941 - INFO: global_step=436799, episodic_return=256.29388427734375
2022-11-14 23:38:25,170 - INFO: global_step=437410, episodic_return=143.39834594726562
2022-11-14 23:38:27,539 - INFO: global_step=438038, episodic_return=207.75765991210938
2022-11-14 23:38:30,197 - INFO: global_step=438793, episodic_return=183.432861328125
2022-11-14 23:38:33,247 - INFO: global_step=439589, episodic_return=-111.98782348632812
2022-11-14 23:38:34,726 - INFO: global_step=440059, episodic_return=205.6894073486328
2022-11-14 23:38:36,517 - INFO: global_step=440605, episodic_return=246.87892150878906
2022-11-14 23:38:37,951 - INFO: global_step=441070, episodic_return=235.9160614013672
2022-11-14 23:38:39,223 - INFO: global_step=441461, episodic_return=195.84375
2022-11-14 23:38:40,750 - INFO: global_step=441893, episodic_return=206.34722900390625
2022-11-14 23:38:42,792 - INFO: global_step=442532, episodic_return=252.94522094726562
2022-11-14 23:38:44,812 - INFO: global_step=443109, episodic_return=209.52410888671875
2022-11-14 23:38:46,992 - INFO: global_step=443724, episodic_return=225.67987060546875
2022-11-14 23:38:49,150 - INFO: global_step=444335, episodic_return=196.63299560546875
2022-11-14 23:38:52,424 - INFO: global_step=445074, episodic_return=187.9495849609375
2022-11-14 23:38:53,876 - INFO: global_step=445520, episodic_return=226.88067626953125
2022-11-14 23:38:58,341 - INFO: global_step=446500, episodic_return=128.5528106689453
2022-11-14 23:39:00,302 - INFO: global_step=447090, episodic_return=223.9608154296875
2022-11-14 23:39:04,189 - INFO: global_step=448064, episodic_return=87.80728912353516
2022-11-14 23:39:05,989 - INFO: global_step=448560, episodic_return=207.35736083984375
2022-11-14 23:39:07,080 - INFO: global_step=448941, episodic_return=233.44992065429688
2022-11-14 23:39:08,500 - INFO: global_step=449371, episodic_return=251.50022888183594
2022-11-14 23:39:10,681 - INFO: global_step=449970, episodic_return=243.08180236816406
2022-11-14 23:39:13,904 - INFO: global_step=450865, episodic_return=158.03355407714844
2022-11-14 23:39:16,996 - INFO: global_step=451623, episodic_return=192.49351501464844
2022-11-14 23:39:17,894 - INFO: global_step=451905, episodic_return=246.77841186523438
2022-11-14 23:39:18,663 - INFO: global_step=452164, episodic_return=294.910888671875
2022-11-14 23:39:20,240 - INFO: global_step=452641, episodic_return=172.80807495117188
2022-11-14 23:39:21,327 - INFO: global_step=453011, episodic_return=303.35498046875
2022-11-14 23:39:22,565 - INFO: global_step=453412, episodic_return=235.0447540283203
2022-11-14 23:39:24,493 - INFO: global_step=453937, episodic_return=233.3259735107422
2022-11-14 23:39:25,927 - INFO: global_step=454386, episodic_return=-53.11529541015625
2022-11-14 23:39:26,572 - INFO: global_step=454614, episodic_return=260.92547607421875
2022-11-14 23:39:27,258 - INFO: global_step=454838, episodic_return=258.15411376953125
2022-11-14 23:39:27,986 - INFO: global_step=455077, episodic_return=46.93772888183594
2022-11-14 23:39:28,308 - INFO: global_step=455216, episodic_return=15.779159545898438
2022-11-14 23:39:30,202 - INFO: global_step=455791, episodic_return=252.27264404296875
2022-11-14 23:39:31,466 - INFO: global_step=456201, episodic_return=188.78884887695312
2022-11-14 23:39:31,913 - INFO: global_step=456369, episodic_return=9.863227844238281
2022-11-14 23:39:33,294 - INFO: global_step=456867, episodic_return=239.48165893554688
2022-11-14 23:39:33,809 - INFO: global_step=457066, episodic_return=2.0635452270507812
2022-11-14 23:39:34,382 - INFO: global_step=457291, episodic_return=50.47071838378906
2022-11-14 23:39:35,093 - INFO: global_step=457560, episodic_return=26.09241485595703
2022-11-14 23:39:35,946 - INFO: global_step=457866, episodic_return=267.2842712402344
2022-11-14 23:39:37,285 - INFO: global_step=458269, episodic_return=242.0740203857422
2022-11-14 23:39:39,192 - INFO: global_step=458894, episodic_return=115.27196502685547
2022-11-14 23:39:40,278 - INFO: global_step=459267, episodic_return=283.58697509765625
2022-11-14 23:39:41,411 - INFO: global_step=459648, episodic_return=261.2105712890625
2022-11-14 23:39:42,330 - INFO: global_step=459991, episodic_return=240.888427734375
2022-11-14 23:39:45,498 - INFO: global_step=460991, episodic_return=-10.889184951782227
2022-11-14 23:39:50,522 - INFO: global_step=461991, episodic_return=-68.41475677490234
2022-11-14 23:39:51,467 - INFO: global_step=462325, episodic_return=235.3632354736328
2022-11-14 23:39:52,499 - INFO: global_step=462656, episodic_return=266.26336669921875
2022-11-14 23:39:53,593 - INFO: global_step=463012, episodic_return=236.55819702148438
2022-11-14 23:39:55,081 - INFO: global_step=463522, episodic_return=281.5472412109375
2022-11-14 23:39:56,162 - INFO: global_step=463881, episodic_return=241.3822784423828
2022-11-14 23:40:01,223 - INFO: global_step=464881, episodic_return=5.174966812133789
2022-11-14 23:40:02,904 - INFO: global_step=465397, episodic_return=180.43301391601562
2022-11-14 23:40:06,471 - INFO: global_step=466397, episodic_return=-24.028772354125977
2022-11-14 23:40:08,030 - INFO: global_step=466835, episodic_return=251.88685607910156
2022-11-14 23:40:08,932 - INFO: global_step=467156, episodic_return=261.5826416015625
2022-11-14 23:40:11,962 - INFO: global_step=467929, episodic_return=192.95997619628906
2022-11-14 23:40:12,809 - INFO: global_step=468199, episodic_return=267.886962890625
2022-11-14 23:40:14,392 - INFO: global_step=468681, episodic_return=250.3349609375
2022-11-14 23:40:15,265 - INFO: global_step=468963, episodic_return=221.272216796875
2022-11-14 23:40:16,013 - INFO: global_step=469218, episodic_return=273.2266845703125
2022-11-14 23:40:16,872 - INFO: global_step=469506, episodic_return=234.82199096679688
2022-11-14 23:40:17,637 - INFO: global_step=469777, episodic_return=292.76043701171875
2022-11-14 23:40:19,208 - INFO: global_step=470206, episodic_return=268.8628845214844
2022-11-14 23:40:20,087 - INFO: global_step=470501, episodic_return=292.4682312011719
2022-11-14 23:40:20,898 - INFO: global_step=470772, episodic_return=245.27304077148438
2022-11-14 23:40:21,791 - INFO: global_step=471069, episodic_return=229.08697509765625
2022-11-14 23:40:22,462 - INFO: global_step=471316, episodic_return=239.974365234375
2022-11-14 23:40:23,276 - INFO: global_step=471579, episodic_return=275.720703125
2022-11-14 23:40:24,432 - INFO: global_step=471979, episodic_return=244.75245666503906
2022-11-14 23:40:25,268 - INFO: global_step=472236, episodic_return=207.0679931640625
2022-11-14 23:40:25,879 - INFO: global_step=472485, episodic_return=226.95982360839844
2022-11-14 23:40:26,678 - INFO: global_step=472749, episodic_return=233.23880004882812
2022-11-14 23:40:28,179 - INFO: global_step=473196, episodic_return=220.81082153320312
2022-11-14 23:40:29,318 - INFO: global_step=473557, episodic_return=282.02862548828125
2022-11-14 23:40:31,224 - INFO: global_step=474113, episodic_return=245.47540283203125
2022-11-14 23:40:31,624 - INFO: global_step=474268, episodic_return=16.8359375
2022-11-14 23:40:32,889 - INFO: global_step=474652, episodic_return=260.35443115234375
2022-11-14 23:40:33,693 - INFO: global_step=474922, episodic_return=235.95814514160156
2022-11-14 23:40:34,361 - INFO: global_step=475171, episodic_return=25.020248413085938
2022-11-14 23:40:34,770 - INFO: global_step=475326, episodic_return=40.0050048828125
2022-11-14 23:40:35,461 - INFO: global_step=475542, episodic_return=297.0692138671875
2022-11-14 23:40:35,886 - INFO: global_step=475687, episodic_return=-25.072174072265625
2022-11-14 23:40:36,552 - INFO: global_step=475929, episodic_return=226.74630737304688
2022-11-14 23:40:37,639 - INFO: global_step=476324, episodic_return=268.3341979980469
2022-11-14 23:40:38,012 - INFO: global_step=476480, episodic_return=-46.16961669921875
2022-11-14 23:40:38,840 - INFO: global_step=476766, episodic_return=254.80999755859375
2022-11-14 23:40:40,114 - INFO: global_step=477132, episodic_return=201.51123046875
2022-11-14 23:40:41,435 - INFO: global_step=477528, episodic_return=219.32540893554688
2022-11-14 23:40:41,855 - INFO: global_step=477686, episodic_return=-217.18443298339844
2022-11-14 23:40:43,065 - INFO: global_step=478128, episodic_return=272.7255859375
2022-11-14 23:40:45,804 - INFO: global_step=478946, episodic_return=134.29261779785156
2022-11-14 23:40:46,892 - INFO: global_step=479293, episodic_return=134.94131469726562
2022-11-14 23:40:48,741 - INFO: global_step=479852, episodic_return=182.22802734375
2022-11-14 23:40:50,462 - INFO: global_step=480328, episodic_return=245.1296844482422
2022-11-14 23:40:52,609 - INFO: global_step=480905, episodic_return=188.46780395507812
2022-11-14 23:40:53,885 - INFO: global_step=481317, episodic_return=224.5009765625
2022-11-14 23:40:57,455 - INFO: global_step=482317, episodic_return=-22.387842178344727
2022-11-14 23:40:58,528 - INFO: global_step=482654, episodic_return=243.84666442871094
2022-11-14 23:40:59,491 - INFO: global_step=482950, episodic_return=246.24452209472656
2022-11-14 23:41:00,533 - INFO: global_step=483264, episodic_return=248.94964599609375
2022-11-14 23:41:02,870 - INFO: global_step=483973, episodic_return=202.53707885742188
2022-11-14 23:41:06,867 - INFO: global_step=484973, episodic_return=-65.26495361328125
2022-11-14 23:41:11,994 - INFO: global_step=485973, episodic_return=5.916111946105957
2022-11-14 23:41:16,053 - INFO: global_step=486973, episodic_return=-65.4150390625
2022-11-14 23:41:16,760 - INFO: global_step=487232, episodic_return=252.43658447265625
2022-11-14 23:41:21,299 - INFO: global_step=488232, episodic_return=-53.14649963378906
2022-11-14 23:41:24,873 - INFO: global_step=489232, episodic_return=-41.16516876220703
2022-11-14 23:41:27,033 - INFO: global_step=489870, episodic_return=172.1287841796875
2022-11-14 23:41:28,073 - INFO: global_step=490192, episodic_return=208.39414978027344
2022-11-14 23:41:29,961 - INFO: global_step=490801, episodic_return=207.2513885498047
2022-11-14 23:41:30,932 - INFO: global_step=491075, episodic_return=281.31512451171875
2022-11-14 23:41:32,878 - INFO: global_step=491686, episodic_return=194.04083251953125
2022-11-14 23:41:33,785 - INFO: global_step=491989, episodic_return=272.0644836425781
2022-11-14 23:41:35,022 - INFO: global_step=492354, episodic_return=265.490478515625
2022-11-14 23:41:36,055 - INFO: global_step=492668, episodic_return=277.78472900390625
2022-11-14 23:41:36,919 - INFO: global_step=492925, episodic_return=239.3695526123047
2022-11-14 23:41:37,829 - INFO: global_step=493229, episodic_return=251.19081115722656
2022-11-14 23:41:39,297 - INFO: global_step=493697, episodic_return=180.13699340820312
2022-11-14 23:41:40,740 - INFO: global_step=494142, episodic_return=179.443115234375
2022-11-14 23:41:41,260 - INFO: global_step=494381, episodic_return=284.479736328125
2022-11-14 23:41:42,075 - INFO: global_step=494653, episodic_return=246.59445190429688
2022-11-14 23:41:43,123 - INFO: global_step=494994, episodic_return=287.70745849609375
2022-11-14 23:41:44,221 - INFO: global_step=495334, episodic_return=215.60617065429688
2022-11-14 23:41:45,091 - INFO: global_step=495639, episodic_return=272.8423767089844
2022-11-14 23:41:46,069 - INFO: global_step=495971, episodic_return=274.432861328125
2022-11-14 23:41:46,911 - INFO: global_step=496264, episodic_return=272.52099609375
2022-11-14 23:41:48,408 - INFO: global_step=496712, episodic_return=163.6451873779297
2022-11-14 23:41:49,277 - INFO: global_step=497010, episodic_return=240.28396606445312
2022-11-14 23:41:49,976 - INFO: global_step=497273, episodic_return=295.88092041015625
2022-11-14 23:41:50,885 - INFO: global_step=497600, episodic_return=296.25616455078125
2022-11-14 23:41:52,380 - INFO: global_step=498050, episodic_return=271.5884094238281
2022-11-14 23:41:52,929 - INFO: global_step=498338, episodic_return=254.1934356689453
2022-11-14 23:41:54,291 - INFO: global_step=498757, episodic_return=239.4165802001953
2022-11-14 23:41:55,857 - INFO: global_step=499209, episodic_return=275.36029052734375
2022-11-14 23:41:56,489 - INFO: global_step=499483, episodic_return=247.47393798828125
2022-11-14 23:41:57,254 - INFO: global_step=499742, episodic_return=255.83096313476562
2022-11-14 23:41:58,050 - INFO: The average reward of last 20 steps: 250.2442413330078
