2022-11-15 04:20:19,194 - INFO: +--------------------------+----------------+
| Parameter                | Value          |
+--------------------------+----------------+
| exp_name                 | dqn            |
+--------------------------+----------------+
| seed                     | 42             |
+--------------------------+----------------+
| total_timesteps          | 500000         |
+--------------------------+----------------+
| learning_rate            | 0.001          |
+--------------------------+----------------+
| buffer_size              | 2000           |
+--------------------------+----------------+
| gamma                    | 0.982          |
+--------------------------+----------------+
| target_network_frequency | 50             |
+--------------------------+----------------+
| batch_size               | 128            |
+--------------------------+----------------+
| start_e                  | 0.700          |
+--------------------------+----------------+
| end_e                    | 0.010          |
+--------------------------+----------------+
| exploration_fraction     | 0.050          |
+--------------------------+----------------+
| learning_starts          | 10000          |
+--------------------------+----------------+
| train_frequency          | 10             |
+--------------------------+----------------+
| env_id                   | LunarLander-v2 |
+--------------------------+----------------+
2022-11-15 04:20:22,019 - INFO: global_step=136, episodic_return=-531.7100219726562
2022-11-15 04:20:22,043 - INFO: global_step=218, episodic_return=-407.9483337402344
2022-11-15 04:20:22,064 - INFO: global_step=293, episodic_return=-89.19992065429688
2022-11-15 04:20:22,086 - INFO: global_step=350, episodic_return=-81.596435546875
2022-11-15 04:20:22,126 - INFO: global_step=495, episodic_return=-155.71365356445312
2022-11-15 04:20:22,146 - INFO: global_step=576, episodic_return=-468.0992126464844
2022-11-15 04:20:22,195 - INFO: global_step=736, episodic_return=-235.98968505859375
2022-11-15 04:20:22,214 - INFO: global_step=798, episodic_return=-204.7057342529297
2022-11-15 04:20:22,263 - INFO: global_step=946, episodic_return=-553.018798828125
2022-11-15 04:20:22,280 - INFO: global_step=1000, episodic_return=-364.2476501464844
2022-11-15 04:20:22,314 - INFO: global_step=1121, episodic_return=-436.7967834472656
2022-11-15 04:20:22,339 - INFO: global_step=1194, episodic_return=-207.5982666015625
2022-11-15 04:20:22,395 - INFO: global_step=1341, episodic_return=-594.4122314453125
2022-11-15 04:20:22,445 - INFO: global_step=1466, episodic_return=-104.22179412841797
2022-11-15 04:20:22,466 - INFO: global_step=1543, episodic_return=-439.18292236328125
2022-11-15 04:20:22,537 - INFO: global_step=1735, episodic_return=-522.2950439453125
2022-11-15 04:20:22,559 - INFO: global_step=1799, episodic_return=-83.045654296875
2022-11-15 04:20:22,578 - INFO: global_step=1851, episodic_return=-316.30126953125
2022-11-15 04:20:22,599 - INFO: global_step=1911, episodic_return=-129.47543334960938
2022-11-15 04:20:22,635 - INFO: global_step=1996, episodic_return=-113.62116241455078
2022-11-15 04:20:22,673 - INFO: global_step=2084, episodic_return=-402.29052734375
2022-11-15 04:20:22,704 - INFO: global_step=2153, episodic_return=-307.59124755859375
2022-11-15 04:20:22,728 - INFO: global_step=2226, episodic_return=-128.2169189453125
2022-11-15 04:20:22,755 - INFO: global_step=2319, episodic_return=-127.30424499511719
2022-11-15 04:20:22,773 - INFO: global_step=2386, episodic_return=-283.47711181640625
2022-11-15 04:20:22,809 - INFO: global_step=2507, episodic_return=-248.7017059326172
2022-11-15 04:20:22,830 - INFO: global_step=2576, episodic_return=-412.399169921875
2022-11-15 04:20:22,856 - INFO: global_step=2654, episodic_return=-495.81689453125
2022-11-15 04:20:22,932 - INFO: global_step=2847, episodic_return=-580.5556030273438
2022-11-15 04:20:22,958 - INFO: global_step=2923, episodic_return=-136.3131561279297
2022-11-15 04:20:22,990 - INFO: global_step=3011, episodic_return=-430.3943786621094
2022-11-15 04:20:23,012 - INFO: global_step=3081, episodic_return=-364.1277160644531
2022-11-15 04:20:23,039 - INFO: global_step=3162, episodic_return=-458.7769775390625
2022-11-15 04:20:23,055 - INFO: global_step=3222, episodic_return=-116.22976684570312
2022-11-15 04:20:23,077 - INFO: global_step=3294, episodic_return=-470.3834228515625
2022-11-15 04:20:23,127 - INFO: global_step=3454, episodic_return=-515.8455200195312
2022-11-15 04:20:23,142 - INFO: global_step=3511, episodic_return=-68.73571014404297
2022-11-15 04:20:23,170 - INFO: global_step=3592, episodic_return=-402.5343933105469
2022-11-15 04:20:23,194 - INFO: global_step=3656, episodic_return=-440.9371032714844
2022-11-15 04:20:23,226 - INFO: global_step=3748, episodic_return=-534.6492919921875
2022-11-15 04:20:23,259 - INFO: global_step=3838, episodic_return=-85.2034912109375
2022-11-15 04:20:23,275 - INFO: global_step=3896, episodic_return=-112.1284408569336
2022-11-15 04:20:23,340 - INFO: global_step=4060, episodic_return=-377.5431823730469
2022-11-15 04:20:23,375 - INFO: global_step=4169, episodic_return=-590.8326416015625
2022-11-15 04:20:23,418 - INFO: global_step=4302, episodic_return=-474.3078308105469
2022-11-15 04:20:23,435 - INFO: global_step=4370, episodic_return=-120.11210632324219
2022-11-15 04:20:23,509 - INFO: global_step=4546, episodic_return=-567.3322143554688
2022-11-15 04:20:23,543 - INFO: global_step=4634, episodic_return=-474.54302978515625
2022-11-15 04:20:23,570 - INFO: global_step=4707, episodic_return=-127.1072769165039
2022-11-15 04:20:23,603 - INFO: global_step=4794, episodic_return=-328.38861083984375
2022-11-15 04:20:23,640 - INFO: global_step=4882, episodic_return=-326.453125
2022-11-15 04:20:23,665 - INFO: global_step=4953, episodic_return=-288.1759033203125
2022-11-15 04:20:23,687 - INFO: global_step=5016, episodic_return=-140.96231079101562
2022-11-15 04:20:23,765 - INFO: global_step=5218, episodic_return=-627.407470703125
2022-11-15 04:20:23,784 - INFO: global_step=5281, episodic_return=-131.4114227294922
2022-11-15 04:20:23,804 - INFO: global_step=5338, episodic_return=-85.0752944946289
2022-11-15 04:20:23,831 - INFO: global_step=5404, episodic_return=-298.76666259765625
2022-11-15 04:20:23,865 - INFO: global_step=5487, episodic_return=-510.3161926269531
2022-11-15 04:20:23,903 - INFO: global_step=5581, episodic_return=-470.10992431640625
2022-11-15 04:20:23,979 - INFO: global_step=5753, episodic_return=-395.42047119140625
2022-11-15 04:20:24,003 - INFO: global_step=5826, episodic_return=-502.57647705078125
2022-11-15 04:20:24,024 - INFO: global_step=5898, episodic_return=-98.9208755493164
2022-11-15 04:20:24,045 - INFO: global_step=5969, episodic_return=-122.3780746459961
2022-11-15 04:20:24,081 - INFO: global_step=6079, episodic_return=-332.1717529296875
2022-11-15 04:20:24,112 - INFO: global_step=6170, episodic_return=-422.482666015625
2022-11-15 04:20:24,145 - INFO: global_step=6261, episodic_return=-355.58660888671875
2022-11-15 04:20:24,167 - INFO: global_step=6323, episodic_return=-77.40062713623047
2022-11-15 04:20:24,274 - INFO: global_step=6539, episodic_return=-928.3466186523438
2022-11-15 04:20:24,322 - INFO: global_step=6668, episodic_return=-676.4129028320312
2022-11-15 04:20:24,337 - INFO: global_step=6728, episodic_return=-110.08955383300781
2022-11-15 04:20:24,362 - INFO: global_step=6805, episodic_return=-512.6329956054688
2022-11-15 04:20:24,391 - INFO: global_step=6882, episodic_return=-114.24162292480469
2022-11-15 04:20:24,422 - INFO: global_step=6950, episodic_return=-91.78164672851562
2022-11-15 04:20:24,490 - INFO: global_step=7073, episodic_return=-429.9383239746094
2022-11-15 04:20:24,690 - INFO: global_step=7340, episodic_return=-832.3383178710938
2022-11-15 04:20:24,738 - INFO: global_step=7429, episodic_return=-378.6557312011719
2022-11-15 04:20:24,771 - INFO: global_step=7500, episodic_return=-108.9205322265625
2022-11-15 04:20:24,794 - INFO: global_step=7559, episodic_return=-111.44552612304688
2022-11-15 04:20:24,822 - INFO: global_step=7630, episodic_return=-584.0572509765625
2022-11-15 04:20:24,846 - INFO: global_step=7693, episodic_return=-97.54405975341797
2022-11-15 04:20:24,899 - INFO: global_step=7820, episodic_return=-339.9560546875
2022-11-15 04:20:24,937 - INFO: global_step=7921, episodic_return=-479.443359375
2022-11-15 04:20:24,964 - INFO: global_step=7978, episodic_return=-195.35401916503906
2022-11-15 04:20:24,984 - INFO: global_step=8034, episodic_return=-82.94511413574219
2022-11-15 04:20:25,006 - INFO: global_step=8089, episodic_return=-121.39163208007812
2022-11-15 04:20:25,036 - INFO: global_step=8157, episodic_return=-128.61817932128906
2022-11-15 04:20:25,078 - INFO: global_step=8237, episodic_return=-614.1304931640625
2022-11-15 04:20:25,107 - INFO: global_step=8302, episodic_return=-129.3397674560547
2022-11-15 04:20:25,133 - INFO: global_step=8365, episodic_return=-194.78067016601562
2022-11-15 04:20:25,208 - INFO: global_step=8451, episodic_return=-502.05084228515625
2022-11-15 04:20:25,242 - INFO: global_step=8537, episodic_return=-277.527587890625
2022-11-15 04:20:25,274 - INFO: global_step=8618, episodic_return=-585.1243896484375
2022-11-15 04:20:25,314 - INFO: global_step=8709, episodic_return=-469.6346435546875
2022-11-15 04:20:25,338 - INFO: global_step=8764, episodic_return=-317.20269775390625
2022-11-15 04:20:25,364 - INFO: global_step=8828, episodic_return=-154.57037353515625
2022-11-15 04:20:25,393 - INFO: global_step=8899, episodic_return=-509.5472717285156
2022-11-15 04:20:25,429 - INFO: global_step=8982, episodic_return=-459.7441711425781
2022-11-15 04:20:25,471 - INFO: global_step=9082, episodic_return=-437.588134765625
2022-11-15 04:20:25,498 - INFO: global_step=9150, episodic_return=-462.8912353515625
2022-11-15 04:20:25,532 - INFO: global_step=9230, episodic_return=-158.8190460205078
2022-11-15 04:20:25,618 - INFO: global_step=9368, episodic_return=-527.43701171875
2022-11-15 04:20:25,649 - INFO: global_step=9427, episodic_return=-100.69715118408203
2022-11-15 04:20:25,676 - INFO: global_step=9480, episodic_return=-227.32431030273438
2022-11-15 04:20:25,726 - INFO: global_step=9574, episodic_return=-542.006103515625
2022-11-15 04:20:25,775 - INFO: global_step=9671, episodic_return=-545.4368286132812
2022-11-15 04:20:25,839 - INFO: global_step=9786, episodic_return=-589.53955078125
2022-11-15 04:20:25,870 - INFO: global_step=9841, episodic_return=-371.8575744628906
2022-11-15 04:20:25,923 - INFO: global_step=9920, episodic_return=-127.54638671875
2022-11-15 04:20:25,973 - INFO: global_step=9995, episodic_return=-552.0401611328125
2022-11-15 04:20:26,057 - INFO: global_step=10080, episodic_return=-298.4591369628906
2022-11-15 04:20:26,139 - INFO: global_step=10172, episodic_return=-15.917282104492188
2022-11-15 04:20:26,196 - INFO: global_step=10255, episodic_return=-449.9667663574219
2022-11-15 04:20:26,249 - INFO: global_step=10332, episodic_return=-423.7138366699219
2022-11-15 04:20:26,294 - INFO: global_step=10408, episodic_return=-318.30206298828125
2022-11-15 04:20:26,367 - INFO: global_step=10493, episodic_return=-362.1925048828125
2022-11-15 04:20:26,449 - INFO: global_step=10602, episodic_return=-100.22308349609375
2022-11-15 04:20:26,522 - INFO: global_step=10702, episodic_return=-123.79936981201172
2022-11-15 04:20:26,564 - INFO: global_step=10781, episodic_return=-160.00650024414062
2022-11-15 04:20:26,613 - INFO: global_step=10874, episodic_return=-108.37055206298828
2022-11-15 04:20:26,667 - INFO: global_step=10963, episodic_return=-211.7779541015625
2022-11-15 04:20:26,706 - INFO: global_step=11035, episodic_return=-559.171875
2022-11-15 04:20:26,735 - INFO: global_step=11096, episodic_return=-262.5776062011719
2022-11-15 04:20:26,780 - INFO: global_step=11178, episodic_return=-457.7322692871094
2022-11-15 04:20:26,841 - INFO: global_step=11247, episodic_return=-356.05706787109375
2022-11-15 04:20:26,900 - INFO: global_step=11317, episodic_return=-136.37911987304688
2022-11-15 04:20:26,968 - INFO: global_step=11414, episodic_return=-70.30510711669922
2022-11-15 04:20:27,003 - INFO: global_step=11481, episodic_return=-71.04354858398438
2022-11-15 04:20:27,046 - INFO: global_step=11561, episodic_return=-245.46408081054688
2022-11-15 04:20:27,119 - INFO: global_step=11675, episodic_return=-472.3393859863281
2022-11-15 04:20:27,189 - INFO: global_step=11782, episodic_return=-110.01370239257812
2022-11-15 04:20:27,238 - INFO: global_step=11864, episodic_return=-348.79608154296875
2022-11-15 04:20:27,277 - INFO: global_step=11930, episodic_return=-472.2114562988281
2022-11-15 04:20:27,347 - INFO: global_step=12031, episodic_return=-121.71112060546875
2022-11-15 04:20:27,419 - INFO: global_step=12111, episodic_return=-301.9161376953125
2022-11-15 04:20:27,559 - INFO: global_step=12296, episodic_return=-485.7281799316406
2022-11-15 04:20:27,600 - INFO: global_step=12370, episodic_return=-403.90911865234375
2022-11-15 04:20:27,646 - INFO: global_step=12457, episodic_return=-127.48472595214844
2022-11-15 04:20:27,728 - INFO: global_step=12578, episodic_return=-303.1004638671875
2022-11-15 04:20:27,780 - INFO: global_step=12657, episodic_return=-189.2537841796875
2022-11-15 04:20:27,832 - INFO: global_step=12742, episodic_return=-265.6055908203125
2022-11-15 04:20:27,879 - INFO: global_step=12818, episodic_return=-499.8775939941406
2022-11-15 04:20:27,927 - INFO: global_step=12901, episodic_return=-276.1878662109375
2022-11-15 04:20:27,977 - INFO: global_step=12983, episodic_return=-30.736053466796875
2022-11-15 04:20:28,119 - INFO: global_step=13167, episodic_return=12.573722839355469
2022-11-15 04:20:28,204 - INFO: global_step=13271, episodic_return=-194.05868530273438
2022-11-15 04:20:28,254 - INFO: global_step=13344, episodic_return=-71.58311462402344
2022-11-15 04:20:28,308 - INFO: global_step=13420, episodic_return=-50.796119689941406
2022-11-15 04:20:28,355 - INFO: global_step=13483, episodic_return=-119.84483337402344
2022-11-15 04:20:28,403 - INFO: global_step=13543, episodic_return=-124.66943359375
2022-11-15 04:20:28,460 - INFO: global_step=13631, episodic_return=-195.89523315429688
2022-11-15 04:20:28,526 - INFO: global_step=13736, episodic_return=-130.67616271972656
2022-11-15 04:20:28,581 - INFO: global_step=13817, episodic_return=-86.91663360595703
2022-11-15 04:20:28,884 - INFO: global_step=14108, episodic_return=-391.4565734863281
2022-11-15 04:20:28,934 - INFO: global_step=14180, episodic_return=-158.577880859375
2022-11-15 04:20:28,991 - INFO: global_step=14270, episodic_return=-125.4572525024414
2022-11-15 04:20:29,119 - INFO: global_step=14383, episodic_return=-19.287376403808594
2022-11-15 04:20:29,210 - INFO: global_step=14516, episodic_return=-637.0459594726562
2022-11-15 04:20:29,527 - INFO: global_step=14843, episodic_return=-22.258377075195312
2022-11-15 04:20:29,584 - INFO: global_step=14940, episodic_return=11.710365295410156
2022-11-15 04:20:29,660 - INFO: global_step=15029, episodic_return=-118.69495391845703
2022-11-15 04:20:29,748 - INFO: global_step=15131, episodic_return=-79.49858093261719
2022-11-15 04:20:31,903 - INFO: global_step=16131, episodic_return=-23.883235931396484
2022-11-15 04:20:33,369 - INFO: global_step=17072, episodic_return=-470.6169128417969
2022-11-15 04:20:33,464 - INFO: global_step=17192, episodic_return=-139.16355895996094
2022-11-15 04:20:33,678 - INFO: global_step=17469, episodic_return=-24.305557250976562
2022-11-15 04:20:33,780 - INFO: global_step=17603, episodic_return=-204.76089477539062
2022-11-15 04:20:33,902 - INFO: global_step=17777, episodic_return=-127.18809509277344
2022-11-15 04:20:33,988 - INFO: global_step=17897, episodic_return=-163.34762573242188
2022-11-15 04:20:34,111 - INFO: global_step=18055, episodic_return=-164.59536743164062
2022-11-15 04:20:34,354 - INFO: global_step=18317, episodic_return=-75.79403686523438
2022-11-15 04:20:36,072 - INFO: global_step=19317, episodic_return=-178.2549591064453
2022-11-15 04:20:36,963 - INFO: global_step=19915, episodic_return=165.3189697265625
2022-11-15 04:20:37,095 - INFO: global_step=20107, episodic_return=-14.993896484375
2022-11-15 04:20:37,408 - INFO: global_step=20417, episodic_return=-66.8802490234375
2022-11-15 04:20:37,667 - INFO: global_step=20652, episodic_return=-182.2847137451172
2022-11-15 04:20:37,899 - INFO: global_step=20850, episodic_return=-198.70111083984375
2022-11-15 04:20:38,020 - INFO: global_step=20995, episodic_return=-62.39101791381836
2022-11-15 04:20:38,315 - INFO: global_step=21317, episodic_return=-162.845947265625
2022-11-15 04:20:39,984 - INFO: global_step=22317, episodic_return=-128.95135498046875
2022-11-15 04:20:41,667 - INFO: global_step=23317, episodic_return=-45.233116149902344
2022-11-15 04:20:44,350 - INFO: global_step=24317, episodic_return=-115.55828857421875
2022-11-15 04:20:46,031 - INFO: global_step=25317, episodic_return=-68.34476470947266
2022-11-15 04:20:47,913 - INFO: global_step=26317, episodic_return=-110.66372680664062
2022-11-15 04:20:50,079 - INFO: global_step=27317, episodic_return=-99.63563537597656
2022-11-15 04:20:50,350 - INFO: global_step=27574, episodic_return=-208.48870849609375
2022-11-15 04:20:52,043 - INFO: global_step=28574, episodic_return=-112.41139221191406
2022-11-15 04:20:52,335 - INFO: global_step=28864, episodic_return=-418.9529113769531
2022-11-15 04:20:52,496 - INFO: global_step=29044, episodic_return=-160.6967010498047
2022-11-15 04:20:52,571 - INFO: global_step=29138, episodic_return=-363.4164123535156
2022-11-15 04:20:52,642 - INFO: global_step=29223, episodic_return=-432.3716125488281
2022-11-15 04:20:52,717 - INFO: global_step=29313, episodic_return=-423.9800109863281
2022-11-15 04:20:52,863 - INFO: global_step=29487, episodic_return=-334.4054260253906
2022-11-15 04:20:53,098 - INFO: global_step=29730, episodic_return=-280.4929504394531
2022-11-15 04:20:53,365 - INFO: global_step=29964, episodic_return=-142.1876678466797
2022-11-15 04:20:53,759 - INFO: global_step=30320, episodic_return=-149.8927459716797
2022-11-15 04:20:54,502 - INFO: global_step=30898, episodic_return=-138.86195373535156
2022-11-15 04:20:56,596 - INFO: global_step=31898, episodic_return=-138.34814453125
2022-11-15 04:20:59,066 - INFO: global_step=32898, episodic_return=-93.3563003540039
2022-11-15 04:21:01,677 - INFO: global_step=33898, episodic_return=-101.77892303466797
2022-11-15 04:21:03,698 - INFO: global_step=34898, episodic_return=-142.67083740234375
2022-11-15 04:21:05,481 - INFO: global_step=35898, episodic_return=-93.33879852294922
2022-11-15 04:21:07,875 - INFO: global_step=36898, episodic_return=-78.49575805664062
2022-11-15 04:21:09,464 - INFO: global_step=37898, episodic_return=-107.67491149902344
2022-11-15 04:21:11,449 - INFO: global_step=38898, episodic_return=-158.5146942138672
2022-11-15 04:21:12,997 - INFO: global_step=39898, episodic_return=-114.999755859375
2022-11-15 04:21:14,728 - INFO: global_step=40898, episodic_return=-138.14923095703125
2022-11-15 04:21:17,073 - INFO: global_step=41898, episodic_return=-133.07484436035156
2022-11-15 04:21:18,935 - INFO: global_step=42898, episodic_return=-103.26380157470703
2022-11-15 04:21:20,694 - INFO: global_step=43898, episodic_return=-104.22079467773438
2022-11-15 04:21:22,661 - INFO: global_step=44898, episodic_return=-84.23953247070312
2022-11-15 04:21:24,626 - INFO: global_step=45898, episodic_return=-95.24256896972656
2022-11-15 04:21:27,473 - INFO: global_step=46898, episodic_return=-97.33418273925781
2022-11-15 04:21:29,488 - INFO: global_step=47898, episodic_return=-117.30143737792969
2022-11-15 04:21:31,491 - INFO: global_step=48898, episodic_return=-75.62345886230469
2022-11-15 04:21:33,163 - INFO: global_step=49898, episodic_return=-102.51653289794922
2022-11-15 04:21:34,286 - INFO: global_step=50631, episodic_return=120.32579803466797
2022-11-15 04:21:34,470 - INFO: global_step=50876, episodic_return=-42.3038215637207
2022-11-15 04:21:36,020 - INFO: global_step=51876, episodic_return=-102.82503509521484
2022-11-15 04:21:36,286 - INFO: global_step=52130, episodic_return=-153.08074951171875
2022-11-15 04:21:38,526 - INFO: global_step=53130, episodic_return=-81.94598388671875
2022-11-15 04:21:38,710 - INFO: global_step=53374, episodic_return=-311.7481384277344
2022-11-15 04:21:40,800 - INFO: global_step=54374, episodic_return=-109.33118438720703
2022-11-15 04:21:42,284 - INFO: global_step=55374, episodic_return=127.6697006225586
2022-11-15 04:21:43,198 - INFO: global_step=55991, episodic_return=-114.64474487304688
2022-11-15 04:21:43,437 - INFO: global_step=56280, episodic_return=-147.58901977539062
2022-11-15 04:21:44,238 - INFO: global_step=56907, episodic_return=140.09146118164062
2022-11-15 04:21:44,331 - INFO: global_step=57014, episodic_return=-326.88665771484375
2022-11-15 04:21:44,573 - INFO: global_step=57286, episodic_return=-224.21231079101562
2022-11-15 04:21:44,746 - INFO: global_step=57539, episodic_return=-185.99093627929688
2022-11-15 04:21:45,433 - INFO: global_step=58138, episodic_return=-187.90182495117188
2022-11-15 04:21:46,883 - INFO: global_step=59117, episodic_return=-243.68431091308594
2022-11-15 04:21:47,503 - INFO: global_step=59532, episodic_return=-150.3356475830078
2022-11-15 04:21:47,844 - INFO: global_step=59854, episodic_return=-86.82157135009766
2022-11-15 04:21:48,655 - INFO: global_step=60344, episodic_return=-165.92181396484375
2022-11-15 04:21:49,082 - INFO: global_step=60642, episodic_return=-149.34446716308594
2022-11-15 04:21:49,212 - INFO: global_step=60810, episodic_return=-230.81744384765625
2022-11-15 04:21:49,666 - INFO: global_step=61192, episodic_return=-177.9884033203125
2022-11-15 04:21:50,187 - INFO: global_step=61557, episodic_return=-172.4336395263672
2022-11-15 04:21:50,490 - INFO: global_step=61856, episodic_return=-131.34402465820312
2022-11-15 04:21:50,760 - INFO: global_step=62154, episodic_return=-172.37811279296875
2022-11-15 04:21:51,922 - INFO: global_step=62444, episodic_return=-178.99916076660156
2022-11-15 04:21:53,045 - INFO: global_step=63001, episodic_return=-188.52359008789062
2022-11-15 04:21:54,485 - INFO: global_step=64001, episodic_return=-106.17594146728516
2022-11-15 04:21:56,297 - INFO: global_step=65001, episodic_return=-138.29928588867188
2022-11-15 04:21:58,533 - INFO: global_step=66001, episodic_return=-87.5382308959961
2022-11-15 04:22:00,458 - INFO: global_step=67001, episodic_return=-122.0643539428711
2022-11-15 04:22:01,809 - INFO: global_step=67893, episodic_return=-319.2112731933594
2022-11-15 04:22:03,487 - INFO: global_step=68893, episodic_return=-109.84046173095703
2022-11-15 04:22:05,277 - INFO: global_step=69893, episodic_return=-117.3994369506836
2022-11-15 04:22:06,783 - INFO: global_step=70893, episodic_return=-160.92193603515625
2022-11-15 04:22:08,466 - INFO: global_step=71893, episodic_return=-161.8117218017578
2022-11-15 04:22:10,001 - INFO: global_step=72893, episodic_return=-121.46388244628906
2022-11-15 04:22:12,097 - INFO: global_step=73893, episodic_return=-113.2791976928711
2022-11-15 04:22:14,197 - INFO: global_step=74893, episodic_return=-139.076416015625
2022-11-15 04:22:15,841 - INFO: global_step=75893, episodic_return=-141.6759033203125
2022-11-15 04:22:17,602 - INFO: global_step=76893, episodic_return=-119.1623764038086
2022-11-15 04:22:19,065 - INFO: global_step=77893, episodic_return=-117.39920806884766
2022-11-15 04:22:20,983 - INFO: global_step=78893, episodic_return=-93.37730407714844
2022-11-15 04:22:23,035 - INFO: global_step=79893, episodic_return=-147.75393676757812
2022-11-15 04:22:24,354 - INFO: global_step=80893, episodic_return=-121.270263671875
2022-11-15 04:22:26,054 - INFO: global_step=81893, episodic_return=-135.8053436279297
2022-11-15 04:22:26,413 - INFO: global_step=82179, episodic_return=-289.570068359375
2022-11-15 04:22:28,282 - INFO: global_step=83179, episodic_return=-118.28348541259766
2022-11-15 04:22:29,832 - INFO: global_step=84179, episodic_return=-120.8073501586914
2022-11-15 04:22:31,318 - INFO: global_step=85179, episodic_return=-110.6732177734375
2022-11-15 04:22:33,112 - INFO: global_step=86179, episodic_return=-131.35784912109375
2022-11-15 04:22:35,250 - INFO: global_step=87179, episodic_return=-106.16088104248047
2022-11-15 04:22:36,872 - INFO: global_step=88179, episodic_return=-135.62960815429688
2022-11-15 04:22:38,682 - INFO: global_step=89179, episodic_return=-168.18516540527344
2022-11-15 04:22:40,287 - INFO: global_step=90179, episodic_return=-143.85858154296875
2022-11-15 04:22:41,652 - INFO: global_step=91179, episodic_return=-106.98973846435547
2022-11-15 04:22:43,513 - INFO: global_step=92179, episodic_return=-74.82774353027344
2022-11-15 04:22:45,415 - INFO: global_step=93179, episodic_return=-70.2286605834961
2022-11-15 04:22:46,848 - INFO: global_step=94179, episodic_return=-113.35387420654297
2022-11-15 04:22:48,844 - INFO: global_step=95179, episodic_return=-144.9967041015625
2022-11-15 04:22:51,429 - INFO: global_step=96179, episodic_return=-118.83837890625
2022-11-15 04:22:53,408 - INFO: global_step=97179, episodic_return=-131.54750061035156
2022-11-15 04:22:55,020 - INFO: global_step=98179, episodic_return=-124.95233154296875
2022-11-15 04:22:56,561 - INFO: global_step=99179, episodic_return=-121.63782501220703
2022-11-15 04:22:58,197 - INFO: global_step=100179, episodic_return=-80.91081237792969
2022-11-15 04:22:59,607 - INFO: global_step=101179, episodic_return=-144.1131134033203
2022-11-15 04:23:02,018 - INFO: global_step=102179, episodic_return=-144.70306396484375
2022-11-15 04:23:03,223 - INFO: global_step=103179, episodic_return=-119.85249328613281
2022-11-15 04:23:04,414 - INFO: global_step=104179, episodic_return=-119.00516510009766
2022-11-15 04:23:05,812 - INFO: global_step=105179, episodic_return=-137.16748046875
2022-11-15 04:23:07,544 - INFO: global_step=106179, episodic_return=-109.11808013916016
2022-11-15 04:23:09,482 - INFO: global_step=107179, episodic_return=-149.80113220214844
2022-11-15 04:23:11,373 - INFO: global_step=108179, episodic_return=-157.1942138671875
2022-11-15 04:23:13,326 - INFO: global_step=109179, episodic_return=-135.18807983398438
2022-11-15 04:23:15,171 - INFO: global_step=110179, episodic_return=-112.28787994384766
2022-11-15 04:23:16,589 - INFO: global_step=111179, episodic_return=-83.9498519897461
2022-11-15 04:23:18,515 - INFO: global_step=112179, episodic_return=-159.6895294189453
2022-11-15 04:23:20,693 - INFO: global_step=113179, episodic_return=-157.37884521484375
2022-11-15 04:23:23,124 - INFO: global_step=114179, episodic_return=-170.3942413330078
2022-11-15 04:23:25,482 - INFO: global_step=115179, episodic_return=-153.56253051757812
2022-11-15 04:23:27,262 - INFO: global_step=116179, episodic_return=-170.23907470703125
2022-11-15 04:23:27,470 - INFO: global_step=116406, episodic_return=-99.24298858642578
2022-11-15 04:23:29,070 - INFO: global_step=117406, episodic_return=-106.49076080322266
2022-11-15 04:23:31,242 - INFO: global_step=118406, episodic_return=-128.3591766357422
2022-11-15 04:23:32,657 - INFO: global_step=119406, episodic_return=-128.6894073486328
2022-11-15 04:23:34,066 - INFO: global_step=120406, episodic_return=-147.82022094726562
2022-11-15 04:23:36,321 - INFO: global_step=121406, episodic_return=-116.73027038574219
2022-11-15 04:23:38,153 - INFO: global_step=122406, episodic_return=-138.49050903320312
2022-11-15 04:23:39,752 - INFO: global_step=123406, episodic_return=-113.69844055175781
2022-11-15 04:23:42,158 - INFO: global_step=124406, episodic_return=-126.65579223632812
2022-11-15 04:23:43,848 - INFO: global_step=125406, episodic_return=-124.26470947265625
2022-11-15 04:23:45,786 - INFO: global_step=126406, episodic_return=-115.98641967773438
2022-11-15 04:23:47,306 - INFO: global_step=127406, episodic_return=-87.87051391601562
2022-11-15 04:23:48,829 - INFO: global_step=128406, episodic_return=-132.40707397460938
2022-11-15 04:23:50,633 - INFO: global_step=129406, episodic_return=-117.28938293457031
2022-11-15 04:23:52,114 - INFO: global_step=130406, episodic_return=-92.4675064086914
2022-11-15 04:23:53,569 - INFO: global_step=131406, episodic_return=-108.85894012451172
2022-11-15 04:23:55,027 - INFO: global_step=132406, episodic_return=-114.83187103271484
2022-11-15 04:23:57,264 - INFO: global_step=133406, episodic_return=-142.14031982421875
2022-11-15 04:23:58,715 - INFO: global_step=134406, episodic_return=-95.61852264404297
2022-11-15 04:24:00,018 - INFO: global_step=135406, episodic_return=-76.9728012084961
2022-11-15 04:24:01,831 - INFO: global_step=136406, episodic_return=-114.60054016113281
2022-11-15 04:24:03,601 - INFO: global_step=137406, episodic_return=-134.9679718017578
2022-11-15 04:24:04,917 - INFO: global_step=138406, episodic_return=-85.43220520019531
2022-11-15 04:24:06,998 - INFO: global_step=139406, episodic_return=-148.30816650390625
2022-11-15 04:24:08,725 - INFO: global_step=140406, episodic_return=-103.86327362060547
2022-11-15 04:24:10,528 - INFO: global_step=141406, episodic_return=-105.96846008300781
2022-11-15 04:24:12,023 - INFO: global_step=142406, episodic_return=-104.93450164794922
2022-11-15 04:24:13,584 - INFO: global_step=143406, episodic_return=-159.5209503173828
2022-11-15 04:24:15,275 - INFO: global_step=144406, episodic_return=-122.7251968383789
2022-11-15 04:24:16,952 - INFO: global_step=145406, episodic_return=-108.61300659179688
2022-11-15 04:24:19,077 - INFO: global_step=146406, episodic_return=-89.91948699951172
2022-11-15 04:24:21,830 - INFO: global_step=147406, episodic_return=-100.72222900390625
2022-11-15 04:24:23,616 - INFO: global_step=148406, episodic_return=-65.37057495117188
2022-11-15 04:24:25,501 - INFO: global_step=149406, episodic_return=-138.70436096191406
2022-11-15 04:24:27,156 - INFO: global_step=150406, episodic_return=-105.77050018310547
2022-11-15 04:24:29,567 - INFO: global_step=151406, episodic_return=-144.29344177246094
2022-11-15 04:24:31,699 - INFO: global_step=152406, episodic_return=-91.00009155273438
2022-11-15 04:24:33,641 - INFO: global_step=153406, episodic_return=-118.8057632446289
2022-11-15 04:24:35,145 - INFO: global_step=154406, episodic_return=-90.6932373046875
2022-11-15 04:24:36,924 - INFO: global_step=155406, episodic_return=-72.39800262451172
2022-11-15 04:24:38,328 - INFO: global_step=156406, episodic_return=-66.41571807861328
2022-11-15 04:24:40,382 - INFO: global_step=157406, episodic_return=-96.46370697021484
2022-11-15 04:24:42,292 - INFO: global_step=158406, episodic_return=-81.13373565673828
2022-11-15 04:24:44,432 - INFO: global_step=159406, episodic_return=-112.6266860961914
2022-11-15 04:24:47,177 - INFO: global_step=160406, episodic_return=-80.78364562988281
2022-11-15 04:24:49,152 - INFO: global_step=161406, episodic_return=-107.6936264038086
2022-11-15 04:24:50,986 - INFO: global_step=162406, episodic_return=6.412550926208496
2022-11-15 04:24:52,737 - INFO: global_step=163406, episodic_return=-114.88871765136719
2022-11-15 04:24:55,562 - INFO: global_step=164406, episodic_return=-138.67039489746094
2022-11-15 04:24:57,382 - INFO: global_step=165406, episodic_return=-62.00848388671875
2022-11-15 04:24:59,057 - INFO: global_step=166406, episodic_return=-99.64754486083984
2022-11-15 04:25:01,238 - INFO: global_step=167406, episodic_return=-103.01480865478516
2022-11-15 04:25:02,934 - INFO: global_step=168406, episodic_return=-111.30595397949219
2022-11-15 04:25:05,303 - INFO: global_step=169406, episodic_return=-125.56674194335938
2022-11-15 04:25:06,912 - INFO: global_step=170406, episodic_return=-114.75904846191406
2022-11-15 04:25:08,329 - INFO: global_step=171406, episodic_return=-60.3549690246582
2022-11-15 04:25:10,319 - INFO: global_step=172406, episodic_return=-158.28524780273438
2022-11-15 04:25:11,769 - INFO: global_step=173406, episodic_return=-127.70852661132812
2022-11-15 04:25:13,321 - INFO: global_step=174406, episodic_return=-119.29978942871094
2022-11-15 04:25:14,654 - INFO: global_step=175162, episodic_return=-174.14974975585938
2022-11-15 04:25:16,369 - INFO: global_step=176162, episodic_return=-137.17434692382812
2022-11-15 04:25:18,355 - INFO: global_step=177162, episodic_return=-122.44273376464844
2022-11-15 04:25:20,753 - INFO: global_step=178162, episodic_return=-98.35433197021484
2022-11-15 04:25:23,090 - INFO: global_step=179162, episodic_return=-127.51751708984375
2022-11-15 04:25:24,926 - INFO: global_step=180162, episodic_return=-116.11505126953125
2022-11-15 04:25:26,652 - INFO: global_step=181162, episodic_return=-99.22708129882812
2022-11-15 04:25:28,580 - INFO: global_step=182162, episodic_return=-98.58772277832031
2022-11-15 04:25:30,564 - INFO: global_step=183162, episodic_return=-137.19198608398438
2022-11-15 04:25:32,156 - INFO: global_step=184162, episodic_return=-99.09783172607422
2022-11-15 04:25:34,938 - INFO: global_step=185162, episodic_return=-142.9697723388672
2022-11-15 04:25:36,828 - INFO: global_step=186162, episodic_return=-110.05638885498047
2022-11-15 04:25:38,883 - INFO: global_step=187162, episodic_return=-66.36107635498047
2022-11-15 04:25:40,791 - INFO: global_step=188162, episodic_return=-23.345684051513672
2022-11-15 04:25:42,484 - INFO: global_step=189162, episodic_return=-59.149349212646484
2022-11-15 04:25:44,769 - INFO: global_step=190162, episodic_return=-138.82945251464844
2022-11-15 04:25:46,135 - INFO: global_step=191162, episodic_return=-54.74895477294922
2022-11-15 04:25:47,841 - INFO: global_step=192162, episodic_return=-105.46739959716797
2022-11-15 04:25:50,010 - INFO: global_step=193162, episodic_return=-70.10700225830078
2022-11-15 04:25:51,802 - INFO: global_step=194162, episodic_return=-60.32972717285156
2022-11-15 04:25:53,324 - INFO: global_step=195162, episodic_return=-54.30620193481445
2022-11-15 04:25:54,838 - INFO: global_step=196162, episodic_return=-57.12144088745117
2022-11-15 04:25:56,669 - INFO: global_step=197162, episodic_return=-111.27582550048828
2022-11-15 04:25:59,142 - INFO: global_step=198162, episodic_return=-81.68580627441406
2022-11-15 04:26:01,444 - INFO: global_step=199162, episodic_return=-99.95509338378906
2022-11-15 04:26:03,699 - INFO: global_step=200162, episodic_return=-87.07194519042969
2022-11-15 04:26:05,408 - INFO: global_step=201162, episodic_return=-35.11422348022461
2022-11-15 04:26:07,740 - INFO: global_step=202162, episodic_return=-124.41229248046875
2022-11-15 04:26:09,275 - INFO: global_step=203162, episodic_return=-83.86154174804688
2022-11-15 04:26:10,712 - INFO: global_step=204162, episodic_return=-41.372074127197266
2022-11-15 04:26:12,495 - INFO: global_step=205162, episodic_return=-63.58507537841797
2022-11-15 04:26:14,699 - INFO: global_step=206162, episodic_return=-109.902099609375
2022-11-15 04:26:16,001 - INFO: global_step=207162, episodic_return=-36.94572830200195
2022-11-15 04:26:17,547 - INFO: global_step=208162, episodic_return=-70.01497650146484
2022-11-15 04:26:18,308 - INFO: global_step=208769, episodic_return=-169.79151916503906
2022-11-15 04:26:19,750 - INFO: global_step=209769, episodic_return=-67.10662078857422
2022-11-15 04:26:21,182 - INFO: global_step=210582, episodic_return=-225.4984130859375
2022-11-15 04:26:23,565 - INFO: global_step=211582, episodic_return=-81.93489074707031
2022-11-15 04:26:25,288 - INFO: global_step=212582, episodic_return=-154.31031799316406
2022-11-15 04:26:27,138 - INFO: global_step=213582, episodic_return=-130.03182983398438
2022-11-15 04:26:29,321 - INFO: global_step=214570, episodic_return=-278.8721923828125
2022-11-15 04:26:29,451 - INFO: global_step=214721, episodic_return=-70.80635070800781
2022-11-15 04:26:31,207 - INFO: global_step=215721, episodic_return=-72.37062072753906
2022-11-15 04:26:31,359 - INFO: global_step=215889, episodic_return=-128.20733642578125
2022-11-15 04:26:32,285 - INFO: global_step=216574, episodic_return=-205.85287475585938
2022-11-15 04:26:34,112 - INFO: global_step=217574, episodic_return=-113.864501953125
2022-11-15 04:26:35,978 - INFO: global_step=218574, episodic_return=-127.05137634277344
2022-11-15 04:26:37,635 - INFO: global_step=219528, episodic_return=-233.82611083984375
2022-11-15 04:26:39,282 - INFO: global_step=220528, episodic_return=-55.51477813720703
2022-11-15 04:26:39,472 - INFO: global_step=220761, episodic_return=-111.37977600097656
2022-11-15 04:26:41,375 - INFO: global_step=221761, episodic_return=-97.87687683105469
2022-11-15 04:26:43,324 - INFO: global_step=222761, episodic_return=-147.77325439453125
2022-11-15 04:26:45,042 - INFO: global_step=223761, episodic_return=-127.69693756103516
2022-11-15 04:26:46,343 - INFO: global_step=224761, episodic_return=-101.72456359863281
2022-11-15 04:26:48,286 - INFO: global_step=225761, episodic_return=-133.09266662597656
2022-11-15 04:26:49,593 - INFO: global_step=226761, episodic_return=-56.873416900634766
2022-11-15 04:26:51,388 - INFO: global_step=227761, episodic_return=-113.38687133789062
2022-11-15 04:26:53,262 - INFO: global_step=228761, episodic_return=-108.91651916503906
2022-11-15 04:26:55,780 - INFO: global_step=229761, episodic_return=-46.86151885986328
2022-11-15 04:26:57,517 - INFO: global_step=230761, episodic_return=-39.48282241821289
2022-11-15 04:26:59,162 - INFO: global_step=231761, episodic_return=-76.79210662841797
2022-11-15 04:27:01,649 - INFO: global_step=232761, episodic_return=-65.41021728515625
2022-11-15 04:27:03,342 - INFO: global_step=233761, episodic_return=-108.87491607666016
2022-11-15 04:27:05,383 - INFO: global_step=234761, episodic_return=-85.51798248291016
2022-11-15 04:27:07,061 - INFO: global_step=235761, episodic_return=-75.49365234375
2022-11-15 04:27:08,637 - INFO: global_step=236761, episodic_return=-45.99436569213867
2022-11-15 04:27:08,745 - INFO: global_step=236884, episodic_return=-97.22677612304688
2022-11-15 04:27:10,866 - INFO: global_step=237884, episodic_return=-77.95458984375
2022-11-15 04:27:12,625 - INFO: global_step=238884, episodic_return=-116.41140747070312
2022-11-15 04:27:14,303 - INFO: global_step=239884, episodic_return=-39.2159309387207
2022-11-15 04:27:14,948 - INFO: global_step=240279, episodic_return=-160.76300048828125
2022-11-15 04:27:16,816 - INFO: global_step=241279, episodic_return=-131.5853729248047
2022-11-15 04:27:18,841 - INFO: global_step=242279, episodic_return=-101.96542358398438
2022-11-15 04:27:20,441 - INFO: global_step=243279, episodic_return=-44.49714660644531
2022-11-15 04:27:20,575 - INFO: global_step=243429, episodic_return=-107.60527038574219
2022-11-15 04:27:20,720 - INFO: global_step=243610, episodic_return=-135.3428497314453
2022-11-15 04:27:22,304 - INFO: global_step=244505, episodic_return=-222.61734008789062
2022-11-15 04:27:22,449 - INFO: global_step=244685, episodic_return=-187.91714477539062
2022-11-15 04:27:24,211 - INFO: global_step=245685, episodic_return=-52.53157043457031
2022-11-15 04:27:24,821 - INFO: global_step=246248, episodic_return=-123.19139862060547
2022-11-15 04:27:25,392 - INFO: global_step=246762, episodic_return=-159.38919067382812
2022-11-15 04:27:25,815 - INFO: global_step=247130, episodic_return=-136.12005615234375
2022-11-15 04:27:26,304 - INFO: global_step=247532, episodic_return=-142.62486267089844
2022-11-15 04:27:26,434 - INFO: global_step=247680, episodic_return=-137.42784118652344
2022-11-15 04:27:27,417 - INFO: global_step=248265, episodic_return=-188.29324340820312
2022-11-15 04:27:29,435 - INFO: global_step=249265, episodic_return=-29.971784591674805
2022-11-15 04:27:31,461 - INFO: global_step=250265, episodic_return=-124.3867416381836
2022-11-15 04:27:31,710 - INFO: global_step=250538, episodic_return=-102.9091567993164
2022-11-15 04:27:33,543 - INFO: global_step=251483, episodic_return=-208.46365356445312
2022-11-15 04:27:35,409 - INFO: global_step=252483, episodic_return=-18.62032699584961
2022-11-15 04:27:37,258 - INFO: global_step=253483, episodic_return=-76.84314727783203
2022-11-15 04:27:39,232 - INFO: global_step=254483, episodic_return=2.128755569458008
2022-11-15 04:27:41,904 - INFO: global_step=255483, episodic_return=-25.39986801147461
2022-11-15 04:27:44,094 - INFO: global_step=256483, episodic_return=-61.0177001953125
2022-11-15 04:27:44,323 - INFO: global_step=256657, episodic_return=-87.51382446289062
2022-11-15 04:27:46,085 - INFO: global_step=257657, episodic_return=-44.58437728881836
2022-11-15 04:27:48,135 - INFO: global_step=258657, episodic_return=-60.039337158203125
2022-11-15 04:27:49,877 - INFO: global_step=259657, episodic_return=-89.71515655517578
2022-11-15 04:27:51,946 - INFO: global_step=260657, episodic_return=-73.90130615234375
2022-11-15 04:27:52,120 - INFO: global_step=260823, episodic_return=-139.90167236328125
2022-11-15 04:27:53,896 - INFO: global_step=261823, episodic_return=-66.8766860961914
2022-11-15 04:27:56,321 - INFO: global_step=262823, episodic_return=-38.429691314697266
2022-11-15 04:27:57,980 - INFO: global_step=263823, episodic_return=-18.77655029296875
2022-11-15 04:27:59,470 - INFO: global_step=264823, episodic_return=-18.617952346801758
2022-11-15 04:28:01,274 - INFO: global_step=265823, episodic_return=-41.04060745239258
2022-11-15 04:28:02,967 - INFO: global_step=266823, episodic_return=-45.3035774230957
2022-11-15 04:28:04,239 - INFO: global_step=267823, episodic_return=-47.90773010253906
2022-11-15 04:28:06,133 - INFO: global_step=268823, episodic_return=-60.63839340209961
2022-11-15 04:28:08,091 - INFO: global_step=269823, episodic_return=-20.78171157836914
2022-11-15 04:28:09,481 - INFO: global_step=270823, episodic_return=-55.978946685791016
2022-11-15 04:28:11,560 - INFO: global_step=271823, episodic_return=-46.58585739135742
2022-11-15 04:28:12,859 - INFO: global_step=272823, episodic_return=-46.060489654541016
2022-11-15 04:28:14,702 - INFO: global_step=273823, episodic_return=-67.19657135009766
2022-11-15 04:28:16,686 - INFO: global_step=274823, episodic_return=-98.55769348144531
2022-11-15 04:28:18,590 - INFO: global_step=275823, episodic_return=-17.646089553833008
2022-11-15 04:28:21,074 - INFO: global_step=276823, episodic_return=-60.82040023803711
2022-11-15 04:28:23,030 - INFO: global_step=277823, episodic_return=-67.66912841796875
2022-11-15 04:28:25,600 - INFO: global_step=278823, episodic_return=-51.131839752197266
2022-11-15 04:28:27,364 - INFO: global_step=279823, episodic_return=-8.566267013549805
2022-11-15 04:28:29,247 - INFO: global_step=280823, episodic_return=-37.39263153076172
2022-11-15 04:28:30,920 - INFO: global_step=281823, episodic_return=-96.71640014648438
2022-11-15 04:28:32,664 - INFO: global_step=282823, episodic_return=-16.75798988342285
2022-11-15 04:28:34,641 - INFO: global_step=283823, episodic_return=-65.97555541992188
2022-11-15 04:28:36,721 - INFO: global_step=284823, episodic_return=-36.55976867675781
2022-11-15 04:28:39,047 - INFO: global_step=285823, episodic_return=7.176400184631348
2022-11-15 04:28:40,518 - INFO: global_step=286823, episodic_return=-24.383190155029297
2022-11-15 04:28:42,151 - INFO: global_step=287823, episodic_return=-95.00434112548828
2022-11-15 04:28:43,839 - INFO: global_step=288823, episodic_return=-113.93927001953125
2022-11-15 04:28:43,953 - INFO: global_step=288946, episodic_return=-117.51818084716797
2022-11-15 04:28:46,012 - INFO: global_step=289946, episodic_return=-113.59684753417969
2022-11-15 04:28:48,059 - INFO: global_step=290946, episodic_return=-80.95051574707031
2022-11-15 04:28:49,965 - INFO: global_step=291946, episodic_return=-62.28053283691406
2022-11-15 04:28:51,848 - INFO: global_step=292946, episodic_return=-42.768341064453125
2022-11-15 04:28:51,918 - INFO: global_step=293044, episodic_return=-171.81784057617188
2022-11-15 04:28:53,922 - INFO: global_step=294044, episodic_return=-84.57108306884766
2022-11-15 04:28:56,288 - INFO: global_step=295044, episodic_return=-135.47764587402344
2022-11-15 04:28:58,263 - INFO: global_step=296044, episodic_return=-140.27584838867188
2022-11-15 04:29:00,970 - INFO: global_step=297044, episodic_return=-104.63617706298828
2022-11-15 04:29:02,522 - INFO: global_step=298044, episodic_return=-80.50698852539062
2022-11-15 04:29:05,244 - INFO: global_step=299044, episodic_return=-93.88886260986328
2022-11-15 04:29:06,523 - INFO: global_step=300044, episodic_return=-52.76078414916992
2022-11-15 04:29:08,661 - INFO: global_step=301044, episodic_return=-56.88393783569336
2022-11-15 04:29:10,660 - INFO: global_step=302044, episodic_return=-31.459062576293945
2022-11-15 04:29:12,608 - INFO: global_step=303044, episodic_return=-71.9505615234375
2022-11-15 04:29:14,395 - INFO: global_step=304044, episodic_return=0.3453380763530731
2022-11-15 04:29:16,256 - INFO: global_step=305044, episodic_return=-73.4231185913086
2022-11-15 04:29:17,812 - INFO: global_step=306044, episodic_return=-16.2961368560791
2022-11-15 04:29:20,407 - INFO: global_step=307044, episodic_return=-115.26207733154297
2022-11-15 04:29:22,796 - INFO: global_step=308044, episodic_return=-127.36860656738281
2022-11-15 04:29:25,096 - INFO: global_step=309044, episodic_return=-96.66458129882812
2022-11-15 04:29:26,774 - INFO: global_step=310044, episodic_return=-99.5818862915039
2022-11-15 04:29:29,225 - INFO: global_step=311044, episodic_return=-21.485578536987305
2022-11-15 04:29:31,572 - INFO: global_step=312044, episodic_return=-116.23515319824219
2022-11-15 04:29:33,635 - INFO: global_step=313044, episodic_return=-66.68363952636719
2022-11-15 04:29:35,015 - INFO: global_step=314044, episodic_return=-102.00223541259766
2022-11-15 04:29:37,029 - INFO: global_step=315044, episodic_return=-110.56201934814453
2022-11-15 04:29:38,559 - INFO: global_step=316044, episodic_return=-97.55792236328125
2022-11-15 04:29:38,688 - INFO: global_step=316216, episodic_return=-91.83832550048828
2022-11-15 04:29:40,361 - INFO: global_step=317216, episodic_return=-55.33504104614258
2022-11-15 04:29:42,670 - INFO: global_step=318216, episodic_return=-73.47296905517578
2022-11-15 04:29:44,522 - INFO: global_step=319216, episodic_return=6.489785671234131
2022-11-15 04:29:46,191 - INFO: global_step=320216, episodic_return=-108.33733367919922
2022-11-15 04:29:46,294 - INFO: global_step=320338, episodic_return=-210.74795532226562
2022-11-15 04:29:48,736 - INFO: global_step=321338, episodic_return=-38.281333923339844
2022-11-15 04:29:50,505 - INFO: global_step=322338, episodic_return=-131.27682495117188
2022-11-15 04:29:52,102 - INFO: global_step=323338, episodic_return=-94.3677749633789
2022-11-15 04:29:53,834 - INFO: global_step=324338, episodic_return=-36.44108963012695
2022-11-15 04:29:55,471 - INFO: global_step=325338, episodic_return=-84.2014389038086
2022-11-15 04:29:57,370 - INFO: global_step=326338, episodic_return=-91.71094512939453
2022-11-15 04:29:58,898 - INFO: global_step=327338, episodic_return=-76.99866485595703
2022-11-15 04:30:01,053 - INFO: global_step=328338, episodic_return=-88.83370208740234
2022-11-15 04:30:03,269 - INFO: global_step=329338, episodic_return=-10.220186233520508
2022-11-15 04:30:04,994 - INFO: global_step=330338, episodic_return=-80.32543182373047
2022-11-15 04:30:07,120 - INFO: global_step=331338, episodic_return=-97.76223754882812
2022-11-15 04:30:08,457 - INFO: global_step=332338, episodic_return=-95.95271301269531
2022-11-15 04:30:10,362 - INFO: global_step=333338, episodic_return=-92.8916015625
2022-11-15 04:30:12,606 - INFO: global_step=334338, episodic_return=-73.33501434326172
2022-11-15 04:30:14,639 - INFO: global_step=335338, episodic_return=-98.0795669555664
2022-11-15 04:30:16,311 - INFO: global_step=336338, episodic_return=-91.90191650390625
2022-11-15 04:30:16,433 - INFO: global_step=336451, episodic_return=-217.10023498535156
2022-11-15 04:30:18,273 - INFO: global_step=337451, episodic_return=-76.72314453125
2022-11-15 04:30:19,663 - INFO: global_step=338451, episodic_return=-89.04627227783203
2022-11-15 04:30:21,469 - INFO: global_step=339451, episodic_return=-60.561004638671875
2022-11-15 04:30:23,070 - INFO: global_step=340451, episodic_return=-96.8986587524414
2022-11-15 04:30:24,757 - INFO: global_step=341451, episodic_return=-111.82717895507812
2022-11-15 04:30:26,363 - INFO: global_step=342451, episodic_return=-108.39295196533203
2022-11-15 04:30:28,241 - INFO: global_step=343451, episodic_return=-42.56875228881836
2022-11-15 04:30:30,227 - INFO: global_step=344451, episodic_return=-113.57283782958984
2022-11-15 04:30:31,376 - INFO: global_step=345451, episodic_return=-85.50917053222656
2022-11-15 04:30:33,247 - INFO: global_step=346451, episodic_return=-57.94020080566406
2022-11-15 04:30:35,153 - INFO: global_step=347451, episodic_return=-102.23245239257812
2022-11-15 04:30:36,540 - INFO: global_step=348451, episodic_return=-81.5226821899414
2022-11-15 04:30:38,111 - INFO: global_step=349451, episodic_return=-84.53213500976562
2022-11-15 04:30:40,344 - INFO: global_step=350451, episodic_return=-102.83148956298828
2022-11-15 04:30:42,080 - INFO: global_step=351451, episodic_return=-65.90436553955078
2022-11-15 04:30:43,606 - INFO: global_step=352451, episodic_return=-75.0211410522461
2022-11-15 04:30:45,466 - INFO: global_step=353451, episodic_return=-35.55645751953125
2022-11-15 04:30:47,230 - INFO: global_step=354451, episodic_return=-73.91353607177734
2022-11-15 04:30:49,510 - INFO: global_step=355451, episodic_return=-75.69290161132812
2022-11-15 04:30:51,086 - INFO: global_step=356451, episodic_return=-41.31272888183594
2022-11-15 04:30:53,061 - INFO: global_step=357451, episodic_return=-78.32015228271484
2022-11-15 04:30:55,615 - INFO: global_step=358451, episodic_return=-64.22852325439453
2022-11-15 04:30:57,984 - INFO: global_step=359451, episodic_return=-52.333797454833984
2022-11-15 04:30:59,560 - INFO: global_step=360451, episodic_return=-44.98590087890625
2022-11-15 04:31:01,361 - INFO: global_step=361451, episodic_return=-52.51520538330078
2022-11-15 04:31:03,869 - INFO: global_step=362451, episodic_return=-68.84234619140625
2022-11-15 04:31:06,123 - INFO: global_step=363451, episodic_return=-38.4827880859375
2022-11-15 04:31:08,524 - INFO: global_step=364451, episodic_return=9.302702903747559
2022-11-15 04:31:10,646 - INFO: global_step=365451, episodic_return=-9.356642723083496
2022-11-15 04:31:12,331 - INFO: global_step=366451, episodic_return=-51.17273712158203
2022-11-15 04:31:14,597 - INFO: global_step=367451, episodic_return=-38.662086486816406
2022-11-15 04:31:16,321 - INFO: global_step=368261, episodic_return=132.55685424804688
2022-11-15 04:31:19,004 - INFO: global_step=369261, episodic_return=-10.995124816894531
2022-11-15 04:31:20,860 - INFO: global_step=370261, episodic_return=-40.01276779174805
2022-11-15 04:31:22,607 - INFO: global_step=371261, episodic_return=2.9881179332733154
2022-11-15 04:31:24,449 - INFO: global_step=372261, episodic_return=-48.54583740234375
2022-11-15 04:31:26,918 - INFO: global_step=373261, episodic_return=-12.37974739074707
2022-11-15 04:31:28,793 - INFO: global_step=374261, episodic_return=25.055147171020508
2022-11-15 04:31:31,418 - INFO: global_step=375261, episodic_return=-59.586124420166016
2022-11-15 04:31:33,420 - INFO: global_step=376261, episodic_return=-44.480709075927734
2022-11-15 04:31:35,821 - INFO: global_step=377261, episodic_return=-19.553434371948242
2022-11-15 04:31:37,879 - INFO: global_step=378261, episodic_return=-40.90084457397461
2022-11-15 04:31:40,321 - INFO: global_step=379261, episodic_return=31.78014373779297
2022-11-15 04:31:42,312 - INFO: global_step=380261, episodic_return=-47.93227767944336
2022-11-15 04:31:44,256 - INFO: global_step=381261, episodic_return=-70.63722229003906
2022-11-15 04:31:46,331 - INFO: global_step=382261, episodic_return=-42.02268600463867
2022-11-15 04:31:48,083 - INFO: global_step=383261, episodic_return=-64.46993255615234
2022-11-15 04:31:49,761 - INFO: global_step=384261, episodic_return=-90.20413970947266
2022-11-15 04:31:52,024 - INFO: global_step=385261, episodic_return=-55.01632308959961
2022-11-15 04:31:54,191 - INFO: global_step=386261, episodic_return=-37.42538833618164
2022-11-15 04:31:56,049 - INFO: global_step=387261, episodic_return=-43.213890075683594
2022-11-15 04:31:57,411 - INFO: global_step=388261, episodic_return=7.868117332458496
2022-11-15 04:31:59,641 - INFO: global_step=389261, episodic_return=-69.67965698242188
2022-11-15 04:32:01,456 - INFO: global_step=390261, episodic_return=-3.0196585655212402
2022-11-15 04:32:03,621 - INFO: global_step=391261, episodic_return=26.72552490234375
2022-11-15 04:32:05,633 - INFO: global_step=392261, episodic_return=-44.736053466796875
2022-11-15 04:32:07,487 - INFO: global_step=393261, episodic_return=-27.923072814941406
2022-11-15 04:32:09,379 - INFO: global_step=394261, episodic_return=20.864803314208984
2022-11-15 04:32:11,551 - INFO: global_step=395261, episodic_return=-29.935321807861328
2022-11-15 04:32:14,020 - INFO: global_step=396261, episodic_return=-8.775940895080566
2022-11-15 04:32:16,598 - INFO: global_step=397261, episodic_return=13.921882629394531
2022-11-15 04:32:18,588 - INFO: global_step=398261, episodic_return=-4.671977519989014
2022-11-15 04:32:20,352 - INFO: global_step=399261, episodic_return=10.823637008666992
2022-11-15 04:32:21,450 - INFO: global_step=400048, episodic_return=-66.91261291503906
2022-11-15 04:32:23,002 - INFO: global_step=401048, episodic_return=-21.519634246826172
2022-11-15 04:32:23,202 - INFO: global_step=401260, episodic_return=-199.33004760742188
2022-11-15 04:32:26,834 - INFO: global_step=402260, episodic_return=-66.08235168457031
2022-11-15 04:32:28,427 - INFO: global_step=403260, episodic_return=-51.83794021606445
2022-11-15 04:32:28,505 - INFO: global_step=403363, episodic_return=-313.7460021972656
2022-11-15 04:32:30,868 - INFO: global_step=404363, episodic_return=-68.69792175292969
2022-11-15 04:32:31,181 - INFO: global_step=404637, episodic_return=-179.70123291015625
2022-11-15 04:32:33,196 - INFO: global_step=405637, episodic_return=-88.84676361083984
2022-11-15 04:32:34,982 - INFO: global_step=406637, episodic_return=-48.5940055847168
2022-11-15 04:32:36,745 - INFO: global_step=407637, episodic_return=-34.58407974243164
2022-11-15 04:32:36,973 - INFO: global_step=407899, episodic_return=-180.3680419921875
2022-11-15 04:32:39,393 - INFO: global_step=408899, episodic_return=-66.77271270751953
2022-11-15 04:32:40,863 - INFO: global_step=409899, episodic_return=-39.17591857910156
2022-11-15 04:32:42,381 - INFO: global_step=410899, episodic_return=-22.752805709838867
2022-11-15 04:32:44,278 - INFO: global_step=411899, episodic_return=-17.954694747924805
2022-11-15 04:32:45,816 - INFO: global_step=412899, episodic_return=-66.99685668945312
2022-11-15 04:32:47,470 - INFO: global_step=413899, episodic_return=-151.74205017089844
2022-11-15 04:32:49,485 - INFO: global_step=414899, episodic_return=-109.55506896972656
2022-11-15 04:32:51,112 - INFO: global_step=415899, episodic_return=-75.75096893310547
2022-11-15 04:32:52,797 - INFO: global_step=416899, episodic_return=-123.92858123779297
2022-11-15 04:32:53,998 - INFO: global_step=417899, episodic_return=-73.0185775756836
2022-11-15 04:32:55,646 - INFO: global_step=418899, episodic_return=-79.23464965820312
2022-11-15 04:32:57,115 - INFO: global_step=419899, episodic_return=-56.38607406616211
2022-11-15 04:32:58,884 - INFO: global_step=420899, episodic_return=-63.83089828491211
2022-11-15 04:33:00,875 - INFO: global_step=421899, episodic_return=-108.01237487792969
2022-11-15 04:33:03,152 - INFO: global_step=422899, episodic_return=-56.92806625366211
2022-11-15 04:33:04,925 - INFO: global_step=423899, episodic_return=-81.84113311767578
2022-11-15 04:33:06,810 - INFO: global_step=424899, episodic_return=-32.21874237060547
2022-11-15 04:33:08,867 - INFO: global_step=425899, episodic_return=-69.03510284423828
2022-11-15 04:33:10,966 - INFO: global_step=426899, episodic_return=-73.8193359375
2022-11-15 04:33:12,793 - INFO: global_step=427899, episodic_return=-73.34658813476562
2022-11-15 04:33:14,635 - INFO: global_step=428899, episodic_return=-27.682737350463867
2022-11-15 04:33:17,137 - INFO: global_step=429899, episodic_return=-134.59156799316406
2022-11-15 04:33:18,402 - INFO: global_step=430899, episodic_return=-89.19068145751953
2022-11-15 04:33:20,100 - INFO: global_step=431899, episodic_return=-75.56428527832031
2022-11-15 04:33:21,668 - INFO: global_step=432899, episodic_return=-147.6529541015625
2022-11-15 04:33:23,819 - INFO: global_step=433899, episodic_return=-113.26599884033203
2022-11-15 04:33:25,834 - INFO: global_step=434899, episodic_return=-135.1210174560547
2022-11-15 04:33:28,135 - INFO: global_step=435899, episodic_return=-105.11132049560547
2022-11-15 04:33:30,431 - INFO: global_step=436899, episodic_return=-125.06743621826172
2022-11-15 04:33:32,133 - INFO: global_step=437899, episodic_return=-89.44368743896484
2022-11-15 04:33:34,063 - INFO: global_step=438899, episodic_return=-46.52490997314453
2022-11-15 04:33:35,667 - INFO: global_step=439899, episodic_return=-50.37386703491211
2022-11-15 04:33:37,837 - INFO: global_step=440899, episodic_return=-49.69660949707031
2022-11-15 04:33:39,704 - INFO: global_step=441899, episodic_return=-51.2332649230957
2022-11-15 04:33:41,942 - INFO: global_step=442899, episodic_return=-61.90868377685547
2022-11-15 04:33:44,161 - INFO: global_step=443899, episodic_return=-71.02912139892578
2022-11-15 04:33:46,206 - INFO: global_step=444899, episodic_return=-95.98159790039062
2022-11-15 04:33:48,200 - INFO: global_step=445899, episodic_return=-32.92502975463867
2022-11-15 04:33:50,894 - INFO: global_step=446899, episodic_return=-51.119529724121094
2022-11-15 04:33:53,273 - INFO: global_step=447899, episodic_return=-69.10032653808594
2022-11-15 04:33:55,218 - INFO: global_step=448899, episodic_return=-89.8633804321289
2022-11-15 04:33:57,692 - INFO: global_step=449899, episodic_return=-94.06100463867188
2022-11-15 04:33:57,755 - INFO: global_step=450004, episodic_return=-225.18353271484375
2022-11-15 04:33:59,478 - INFO: global_step=451004, episodic_return=-53.27390670776367
2022-11-15 04:33:59,627 - INFO: global_step=451186, episodic_return=-120.69270324707031
2022-11-15 04:34:01,149 - INFO: global_step=452186, episodic_return=-77.71751403808594
2022-11-15 04:34:03,050 - INFO: global_step=453186, episodic_return=-109.29035949707031
2022-11-15 04:34:03,383 - INFO: global_step=453459, episodic_return=-129.86419677734375
2022-11-15 04:34:05,410 - INFO: global_step=454459, episodic_return=-129.87171936035156
2022-11-15 04:34:07,203 - INFO: global_step=455459, episodic_return=-68.93917083740234
2022-11-15 04:34:08,551 - INFO: global_step=456459, episodic_return=-80.82302856445312
2022-11-15 04:34:10,621 - INFO: global_step=457459, episodic_return=-90.1303939819336
2022-11-15 04:34:12,411 - INFO: global_step=458459, episodic_return=-141.77774047851562
2022-11-15 04:34:13,937 - INFO: global_step=459459, episodic_return=-74.59846496582031
2022-11-15 04:34:15,736 - INFO: global_step=460459, episodic_return=-86.94739532470703
2022-11-15 04:34:15,862 - INFO: global_step=460618, episodic_return=-179.47409057617188
2022-11-15 04:34:17,459 - INFO: global_step=461383, episodic_return=-282.5614013671875
2022-11-15 04:34:17,741 - INFO: global_step=461678, episodic_return=-183.56658935546875
2022-11-15 04:34:17,868 - INFO: global_step=461804, episodic_return=-207.79266357421875
2022-11-15 04:34:18,866 - INFO: global_step=462428, episodic_return=-228.7086181640625
2022-11-15 04:34:18,954 - INFO: global_step=462555, episodic_return=-188.16839599609375
2022-11-15 04:34:19,013 - INFO: global_step=462656, episodic_return=-226.41012573242188
2022-11-15 04:34:20,725 - INFO: global_step=463656, episodic_return=-117.22577667236328
2022-11-15 04:34:22,671 - INFO: global_step=464656, episodic_return=-22.809356689453125
2022-11-15 04:34:22,735 - INFO: global_step=464738, episodic_return=-281.0916748046875
2022-11-15 04:34:24,929 - INFO: global_step=465738, episodic_return=-60.80934143066406
2022-11-15 04:34:25,155 - INFO: global_step=465997, episodic_return=-108.51423645019531
2022-11-15 04:34:26,995 - INFO: global_step=466997, episodic_return=-72.82489013671875
2022-11-15 04:34:27,857 - INFO: global_step=467588, episodic_return=-148.39952087402344
2022-11-15 04:34:29,409 - INFO: global_step=468574, episodic_return=-213.11087036132812
2022-11-15 04:34:29,747 - INFO: global_step=468903, episodic_return=-134.2758331298828
2022-11-15 04:34:30,375 - INFO: global_step=469409, episodic_return=-185.33892822265625
2022-11-15 04:34:32,039 - INFO: global_step=470409, episodic_return=-133.99229431152344
2022-11-15 04:34:32,482 - INFO: global_step=470786, episodic_return=-155.14730834960938
2022-11-15 04:34:34,350 - INFO: global_step=471786, episodic_return=-93.41618347167969
2022-11-15 04:34:36,254 - INFO: global_step=472786, episodic_return=-41.05366516113281
2022-11-15 04:34:38,477 - INFO: global_step=473786, episodic_return=-57.90367889404297
2022-11-15 04:34:40,679 - INFO: global_step=474786, episodic_return=-98.74684143066406
2022-11-15 04:34:42,940 - INFO: global_step=475786, episodic_return=-58.440921783447266
2022-11-15 04:34:44,917 - INFO: global_step=476786, episodic_return=-76.49297332763672
2022-11-15 04:34:46,743 - INFO: global_step=477786, episodic_return=0.22205930948257446
2022-11-15 04:34:46,858 - INFO: global_step=477932, episodic_return=-131.187744140625
2022-11-15 04:34:49,266 - INFO: global_step=478932, episodic_return=-86.73290252685547
2022-11-15 04:34:49,486 - INFO: global_step=479153, episodic_return=-119.50580596923828
2022-11-15 04:34:49,636 - INFO: global_step=479305, episodic_return=-131.12852478027344
2022-11-15 04:34:51,699 - INFO: global_step=480305, episodic_return=-75.40426635742188
2022-11-15 04:34:53,721 - INFO: global_step=481305, episodic_return=-41.98631286621094
2022-11-15 04:34:55,951 - INFO: global_step=482305, episodic_return=-38.893638610839844
2022-11-15 04:34:57,469 - INFO: global_step=483305, episodic_return=-6.015899181365967
2022-11-15 04:34:59,925 - INFO: global_step=484305, episodic_return=-95.24881744384766
2022-11-15 04:35:01,586 - INFO: global_step=485305, episodic_return=-91.35072326660156
2022-11-15 04:35:03,607 - INFO: global_step=486305, episodic_return=-85.22167205810547
2022-11-15 04:35:05,605 - INFO: global_step=487305, episodic_return=-81.03273010253906
2022-11-15 04:35:07,371 - INFO: global_step=488305, episodic_return=-85.46404266357422
2022-11-15 04:35:09,369 - INFO: global_step=489305, episodic_return=-27.22197151184082
2022-11-15 04:35:11,230 - INFO: global_step=490305, episodic_return=-25.575550079345703
2022-11-15 04:35:13,245 - INFO: global_step=491305, episodic_return=-51.19556427001953
2022-11-15 04:35:15,646 - INFO: global_step=492305, episodic_return=-24.9654598236084
2022-11-15 04:35:17,903 - INFO: global_step=493305, episodic_return=-48.14792251586914
2022-11-15 04:35:19,982 - INFO: global_step=494305, episodic_return=-70.39700317382812
2022-11-15 04:35:21,595 - INFO: global_step=495305, episodic_return=-61.996097564697266
2022-11-15 04:35:23,537 - INFO: global_step=496305, episodic_return=-89.62200164794922
2022-11-15 04:35:25,878 - INFO: global_step=497305, episodic_return=-53.45975875854492
2022-11-15 04:35:27,875 - INFO: global_step=498305, episodic_return=-0.7926890850067139
2022-11-15 04:35:29,875 - INFO: global_step=499305, episodic_return=-72.61544036865234
2022-11-15 04:35:31,109 - INFO: The average reward of last 20 steps: -56.33037806749344
