2022-11-15 09:13:56,903 - INFO: +--------------------------+----------------+
| Parameter                | Value          |
+--------------------------+----------------+
| exp_name                 | dqn            |
+--------------------------+----------------+
| seed                     | 42             |
+--------------------------+----------------+
| total_timesteps          | 500000         |
+--------------------------+----------------+
| learning_rate            | 0.001          |
+--------------------------+----------------+
| buffer_size              | 2000           |
+--------------------------+----------------+
| gamma                    | 0.982          |
+--------------------------+----------------+
| target_network_frequency | 50             |
+--------------------------+----------------+
| batch_size               | 128            |
+--------------------------+----------------+
| start_e                  | 0.700          |
+--------------------------+----------------+
| end_e                    | 0.050          |
+--------------------------+----------------+
| exploration_fraction     | 0.200          |
+--------------------------+----------------+
| learning_starts          | 10000          |
+--------------------------+----------------+
| train_frequency          | 10             |
+--------------------------+----------------+
| env_id                   | LunarLander-v2 |
+--------------------------+----------------+
2022-11-15 09:13:59,023 - INFO: global_step=136, episodic_return=-531.7100219726562
2022-11-15 09:13:59,044 - INFO: global_step=218, episodic_return=-407.9483337402344
2022-11-15 09:13:59,062 - INFO: global_step=293, episodic_return=-89.19992065429688
2022-11-15 09:13:59,079 - INFO: global_step=350, episodic_return=-81.596435546875
2022-11-15 09:13:59,117 - INFO: global_step=501, episodic_return=-86.75325012207031
2022-11-15 09:13:59,145 - INFO: global_step=611, episodic_return=-134.7493896484375
2022-11-15 09:13:59,194 - INFO: global_step=785, episodic_return=-546.3221435546875
2022-11-15 09:13:59,259 - INFO: global_step=987, episodic_return=-580.428955078125
2022-11-15 09:13:59,273 - INFO: global_step=1047, episodic_return=-54.94858932495117
2022-11-15 09:13:59,303 - INFO: global_step=1170, episodic_return=-116.6462631225586
2022-11-15 09:13:59,340 - INFO: global_step=1318, episodic_return=-554.1336669921875
2022-11-15 09:13:59,358 - INFO: global_step=1386, episodic_return=-107.42806243896484
2022-11-15 09:13:59,392 - INFO: global_step=1514, episodic_return=-360.15069580078125
2022-11-15 09:13:59,410 - INFO: global_step=1589, episodic_return=-480.32452392578125
2022-11-15 09:13:59,434 - INFO: global_step=1693, episodic_return=-463.5926818847656
2022-11-15 09:13:59,449 - INFO: global_step=1754, episodic_return=-79.65442657470703
2022-11-15 09:13:59,478 - INFO: global_step=1860, episodic_return=-494.4963684082031
2022-11-15 09:13:59,491 - INFO: global_step=1926, episodic_return=-92.5778579711914
2022-11-15 09:13:59,505 - INFO: global_step=1983, episodic_return=-67.69913482666016
2022-11-15 09:13:59,522 - INFO: global_step=2049, episodic_return=-321.4527893066406
2022-11-15 09:13:59,539 - INFO: global_step=2126, episodic_return=-436.841796875
2022-11-15 09:13:59,559 - INFO: global_step=2206, episodic_return=-245.8401336669922
2022-11-15 09:13:59,582 - INFO: global_step=2310, episodic_return=-110.73433685302734
2022-11-15 09:13:59,600 - INFO: global_step=2377, episodic_return=-285.8756408691406
2022-11-15 09:13:59,614 - INFO: global_step=2445, episodic_return=-101.64999389648438
2022-11-15 09:13:59,638 - INFO: global_step=2537, episodic_return=-229.0745391845703
2022-11-15 09:13:59,654 - INFO: global_step=2610, episodic_return=-146.44467163085938
2022-11-15 09:13:59,688 - INFO: global_step=2738, episodic_return=-315.362060546875
2022-11-15 09:13:59,728 - INFO: global_step=2879, episodic_return=-429.9887390136719
2022-11-15 09:13:59,768 - INFO: global_step=3010, episodic_return=-484.6324768066406
2022-11-15 09:13:59,788 - INFO: global_step=3095, episodic_return=-101.64879608154297
2022-11-15 09:13:59,816 - INFO: global_step=3193, episodic_return=-164.82498168945312
2022-11-15 09:13:59,837 - INFO: global_step=3279, episodic_return=-211.75274658203125
2022-11-15 09:13:59,855 - INFO: global_step=3352, episodic_return=-94.5185775756836
2022-11-15 09:13:59,865 - INFO: global_step=3407, episodic_return=-82.28739929199219
2022-11-15 09:13:59,884 - INFO: global_step=3481, episodic_return=-139.5801239013672
2022-11-15 09:13:59,898 - INFO: global_step=3547, episodic_return=-116.79173278808594
2022-11-15 09:13:59,932 - INFO: global_step=3665, episodic_return=-95.46558380126953
2022-11-15 09:13:59,945 - INFO: global_step=3723, episodic_return=-204.541748046875
2022-11-15 09:13:59,970 - INFO: global_step=3820, episodic_return=-434.950927734375
2022-11-15 09:13:59,985 - INFO: global_step=3891, episodic_return=-408.0552062988281
2022-11-15 09:14:00,027 - INFO: global_step=4058, episodic_return=-378.21124267578125
2022-11-15 09:14:00,041 - INFO: global_step=4123, episodic_return=-112.1001968383789
2022-11-15 09:14:00,058 - INFO: global_step=4185, episodic_return=-107.29822540283203
2022-11-15 09:14:00,075 - INFO: global_step=4259, episodic_return=-350.50396728515625
2022-11-15 09:14:00,103 - INFO: global_step=4377, episodic_return=-553.2559204101562
2022-11-15 09:14:00,125 - INFO: global_step=4467, episodic_return=-256.147705078125
2022-11-15 09:14:00,137 - INFO: global_step=4525, episodic_return=-98.47191619873047
2022-11-15 09:14:00,158 - INFO: global_step=4613, episodic_return=-475.7594909667969
2022-11-15 09:14:00,171 - INFO: global_step=4674, episodic_return=-99.66749572753906
2022-11-15 09:14:00,191 - INFO: global_step=4759, episodic_return=-86.76181030273438
2022-11-15 09:14:00,225 - INFO: global_step=4866, episodic_return=-104.16596984863281
2022-11-15 09:14:00,246 - INFO: global_step=4929, episodic_return=-66.755859375
2022-11-15 09:14:00,267 - INFO: global_step=4998, episodic_return=-99.68072509765625
2022-11-15 09:14:00,292 - INFO: global_step=5074, episodic_return=-460.9831848144531
2022-11-15 09:14:00,306 - INFO: global_step=5139, episodic_return=-259.5528564453125
2022-11-15 09:14:00,324 - INFO: global_step=5212, episodic_return=-127.11736297607422
2022-11-15 09:14:00,344 - INFO: global_step=5295, episodic_return=-328.4825744628906
2022-11-15 09:14:00,368 - INFO: global_step=5386, episodic_return=-391.3695373535156
2022-11-15 09:14:00,386 - INFO: global_step=5451, episodic_return=-436.9624938964844
2022-11-15 09:14:00,401 - INFO: global_step=5507, episodic_return=-102.83674621582031
2022-11-15 09:14:00,416 - INFO: global_step=5572, episodic_return=-104.27263641357422
2022-11-15 09:14:00,442 - INFO: global_step=5670, episodic_return=-303.8671875
2022-11-15 09:14:00,486 - INFO: global_step=5821, episodic_return=-235.97430419921875
2022-11-15 09:14:00,504 - INFO: global_step=5896, episodic_return=-309.93157958984375
2022-11-15 09:14:00,530 - INFO: global_step=5998, episodic_return=-104.04798126220703
2022-11-15 09:14:00,553 - INFO: global_step=6087, episodic_return=-514.3570556640625
2022-11-15 09:14:00,568 - INFO: global_step=6154, episodic_return=-158.56796264648438
2022-11-15 09:14:00,585 - INFO: global_step=6223, episodic_return=-257.59149169921875
2022-11-15 09:14:00,608 - INFO: global_step=6314, episodic_return=-371.6163024902344
2022-11-15 09:14:00,622 - INFO: global_step=6379, episodic_return=-96.45514678955078
2022-11-15 09:14:00,643 - INFO: global_step=6450, episodic_return=-128.4726104736328
2022-11-15 09:14:00,667 - INFO: global_step=6538, episodic_return=-525.8519897460938
2022-11-15 09:14:00,698 - INFO: global_step=6651, episodic_return=-557.1791381835938
2022-11-15 09:14:00,756 - INFO: global_step=6848, episodic_return=-502.2607727050781
2022-11-15 09:14:00,773 - INFO: global_step=6918, episodic_return=-102.90470886230469
2022-11-15 09:14:00,799 - INFO: global_step=7016, episodic_return=-447.93084716796875
2022-11-15 09:14:00,822 - INFO: global_step=7107, episodic_return=-433.0303649902344
2022-11-15 09:14:00,859 - INFO: global_step=7252, episodic_return=-431.8936767578125
2022-11-15 09:14:00,875 - INFO: global_step=7321, episodic_return=-101.96263122558594
2022-11-15 09:14:00,891 - INFO: global_step=7396, episodic_return=-567.4822387695312
2022-11-15 09:14:00,910 - INFO: global_step=7469, episodic_return=-112.16557312011719
2022-11-15 09:14:00,927 - INFO: global_step=7543, episodic_return=-411.6544189453125
2022-11-15 09:14:00,943 - INFO: global_step=7603, episodic_return=-83.95792388916016
2022-11-15 09:14:00,964 - INFO: global_step=7690, episodic_return=-513.9814453125
2022-11-15 09:14:00,983 - INFO: global_step=7763, episodic_return=-269.1592712402344
2022-11-15 09:14:01,000 - INFO: global_step=7835, episodic_return=-94.00431060791016
2022-11-15 09:14:01,021 - INFO: global_step=7921, episodic_return=-391.4608154296875
2022-11-15 09:14:01,043 - INFO: global_step=8001, episodic_return=-491.33660888671875
2022-11-15 09:14:01,062 - INFO: global_step=8076, episodic_return=-135.63284301757812
2022-11-15 09:14:01,078 - INFO: global_step=8140, episodic_return=-183.6680145263672
2022-11-15 09:14:01,099 - INFO: global_step=8210, episodic_return=-102.9619369506836
2022-11-15 09:14:01,124 - INFO: global_step=8303, episodic_return=-545.466552734375
2022-11-15 09:14:01,163 - INFO: global_step=8446, episodic_return=-543.8076171875
2022-11-15 09:14:01,184 - INFO: global_step=8530, episodic_return=-431.0013732910156
2022-11-15 09:14:01,198 - INFO: global_step=8589, episodic_return=-107.9832534790039
2022-11-15 09:14:01,223 - INFO: global_step=8682, episodic_return=-111.8049087524414
2022-11-15 09:14:01,241 - INFO: global_step=8755, episodic_return=-432.1372375488281
2022-11-15 09:14:01,280 - INFO: global_step=8891, episodic_return=-177.7017822265625
2022-11-15 09:14:01,307 - INFO: global_step=8987, episodic_return=-339.73590087890625
2022-11-15 09:14:01,327 - INFO: global_step=9062, episodic_return=-128.53558349609375
2022-11-15 09:14:01,350 - INFO: global_step=9150, episodic_return=-108.15512084960938
2022-11-15 09:14:01,365 - INFO: global_step=9210, episodic_return=-103.75043487548828
2022-11-15 09:14:01,381 - INFO: global_step=9275, episodic_return=-184.28138732910156
2022-11-15 09:14:01,398 - INFO: global_step=9350, episodic_return=-96.1714096069336
2022-11-15 09:14:01,421 - INFO: global_step=9444, episodic_return=-344.60321044921875
2022-11-15 09:14:01,439 - INFO: global_step=9517, episodic_return=-510.3367614746094
2022-11-15 09:14:01,466 - INFO: global_step=9625, episodic_return=-354.5196533203125
2022-11-15 09:14:01,492 - INFO: global_step=9715, episodic_return=-395.9212341308594
2022-11-15 09:14:01,517 - INFO: global_step=9820, episodic_return=-120.93927764892578
2022-11-15 09:14:01,536 - INFO: global_step=9888, episodic_return=-425.9124450683594
2022-11-15 09:14:01,558 - INFO: global_step=9973, episodic_return=-397.58746337890625
2022-11-15 09:14:01,584 - INFO: global_step=10031, episodic_return=-270.20654296875
2022-11-15 09:14:01,614 - INFO: global_step=10097, episodic_return=-105.66545104980469
2022-11-15 09:14:01,651 - INFO: global_step=10181, episodic_return=-100.15139770507812
2022-11-15 09:14:01,686 - INFO: global_step=10261, episodic_return=-229.7965087890625
2022-11-15 09:14:01,713 - INFO: global_step=10323, episodic_return=-112.49043273925781
2022-11-15 09:14:01,735 - INFO: global_step=10378, episodic_return=-112.11869812011719
2022-11-15 09:14:01,778 - INFO: global_step=10471, episodic_return=-1.5622177124023438
2022-11-15 09:14:01,828 - INFO: global_step=10582, episodic_return=-236.08619689941406
2022-11-15 09:14:01,858 - INFO: global_step=10655, episodic_return=-129.4821319580078
2022-11-15 09:14:01,899 - INFO: global_step=10747, episodic_return=-187.51666259765625
2022-11-15 09:14:01,945 - INFO: global_step=10849, episodic_return=-368.3747253417969
2022-11-15 09:14:01,970 - INFO: global_step=10906, episodic_return=-85.3541488647461
2022-11-15 09:14:02,015 - INFO: global_step=11003, episodic_return=-123.86744689941406
2022-11-15 09:14:02,042 - INFO: global_step=11065, episodic_return=-316.03118896484375
2022-11-15 09:14:02,083 - INFO: global_step=11151, episodic_return=-337.8685302734375
2022-11-15 09:14:02,114 - INFO: global_step=11221, episodic_return=-122.27488708496094
2022-11-15 09:14:02,166 - INFO: global_step=11331, episodic_return=-353.0414123535156
2022-11-15 09:14:02,189 - INFO: global_step=11389, episodic_return=-78.00443267822266
2022-11-15 09:14:02,224 - INFO: global_step=11474, episodic_return=-150.38742065429688
2022-11-15 09:14:02,266 - INFO: global_step=11556, episodic_return=-575.086181640625
2022-11-15 09:14:02,318 - INFO: global_step=11657, episodic_return=-510.64593505859375
2022-11-15 09:14:02,355 - INFO: global_step=11734, episodic_return=-42.175655364990234
2022-11-15 09:14:02,495 - INFO: global_step=11966, episodic_return=-528.2959594726562
2022-11-15 09:14:02,525 - INFO: global_step=12025, episodic_return=-310.71160888671875
2022-11-15 09:14:02,573 - INFO: global_step=12125, episodic_return=-552.4678955078125
2022-11-15 09:14:02,619 - INFO: global_step=12212, episodic_return=-250.05392456054688
2022-11-15 09:14:02,677 - INFO: global_step=12329, episodic_return=-79.632080078125
2022-11-15 09:14:02,706 - INFO: global_step=12385, episodic_return=-88.25979614257812
2022-11-15 09:14:02,750 - INFO: global_step=12479, episodic_return=-465.0740661621094
2022-11-15 09:14:02,783 - INFO: global_step=12541, episodic_return=-361.83984375
2022-11-15 09:14:02,839 - INFO: global_step=12648, episodic_return=-522.3069458007812
2022-11-15 09:14:02,921 - INFO: global_step=12795, episodic_return=-340.3326721191406
2022-11-15 09:14:02,963 - INFO: global_step=12881, episodic_return=-158.97825622558594
2022-11-15 09:14:03,029 - INFO: global_step=13006, episodic_return=-29.37682342529297
2022-11-15 09:14:03,073 - INFO: global_step=13096, episodic_return=-60.18438720703125
2022-11-15 09:14:03,141 - INFO: global_step=13218, episodic_return=-227.61114501953125
2022-11-15 09:14:03,204 - INFO: global_step=13338, episodic_return=-195.7685546875
2022-11-15 09:14:03,295 - INFO: global_step=13500, episodic_return=-126.88870239257812
2022-11-15 09:14:03,342 - INFO: global_step=13592, episodic_return=-119.67088317871094
2022-11-15 09:14:03,411 - INFO: global_step=13712, episodic_return=-141.91574096679688
2022-11-15 09:14:03,466 - INFO: global_step=13820, episodic_return=-327.3617248535156
2022-11-15 09:14:03,540 - INFO: global_step=13948, episodic_return=-363.2166748046875
2022-11-15 09:14:03,599 - INFO: global_step=14044, episodic_return=-186.35064697265625
2022-11-15 09:14:03,647 - INFO: global_step=14133, episodic_return=-84.89176177978516
2022-11-15 09:14:03,702 - INFO: global_step=14242, episodic_return=-180.4778289794922
2022-11-15 09:14:03,751 - INFO: global_step=14340, episodic_return=-145.123779296875
2022-11-15 09:14:03,804 - INFO: global_step=14431, episodic_return=-178.08218383789062
2022-11-15 09:14:03,915 - INFO: global_step=14614, episodic_return=-228.83680725097656
2022-11-15 09:14:03,987 - INFO: global_step=14755, episodic_return=-61.15741729736328
2022-11-15 09:14:04,036 - INFO: global_step=14864, episodic_return=-136.4800567626953
2022-11-15 09:14:04,089 - INFO: global_step=14980, episodic_return=-204.96258544921875
2022-11-15 09:14:04,135 - INFO: global_step=15078, episodic_return=-170.58885192871094
2022-11-15 09:14:04,173 - INFO: global_step=15163, episodic_return=-266.75335693359375
2022-11-15 09:14:04,220 - INFO: global_step=15264, episodic_return=-79.2735366821289
2022-11-15 09:14:04,301 - INFO: global_step=15413, episodic_return=-81.68450927734375
2022-11-15 09:14:04,379 - INFO: global_step=15580, episodic_return=-119.7726058959961
2022-11-15 09:14:04,472 - INFO: global_step=15732, episodic_return=-91.75962829589844
2022-11-15 09:14:04,577 - INFO: global_step=15923, episodic_return=-73.23674011230469
2022-11-15 09:14:04,699 - INFO: global_step=16139, episodic_return=-70.19758605957031
2022-11-15 09:14:04,749 - INFO: global_step=16238, episodic_return=-230.90196228027344
2022-11-15 09:14:04,810 - INFO: global_step=16352, episodic_return=-99.38007354736328
2022-11-15 09:14:04,945 - INFO: global_step=16542, episodic_return=-262.48211669921875
2022-11-15 09:14:05,145 - INFO: global_step=16857, episodic_return=-258.46234130859375
2022-11-15 09:14:05,181 - INFO: global_step=16942, episodic_return=-171.80154418945312
2022-11-15 09:14:05,360 - INFO: global_step=17222, episodic_return=-282.0870666503906
2022-11-15 09:14:05,430 - INFO: global_step=17360, episodic_return=-340.899658203125
2022-11-15 09:14:05,518 - INFO: global_step=17528, episodic_return=-251.05445861816406
2022-11-15 09:14:05,689 - INFO: global_step=17814, episodic_return=-298.67156982421875
2022-11-15 09:14:05,760 - INFO: global_step=17933, episodic_return=-135.88938903808594
2022-11-15 09:14:05,859 - INFO: global_step=18128, episodic_return=-29.809226989746094
2022-11-15 09:14:05,954 - INFO: global_step=18279, episodic_return=-253.10377502441406
2022-11-15 09:14:06,062 - INFO: global_step=18478, episodic_return=-338.4095458984375
2022-11-15 09:14:06,129 - INFO: global_step=18615, episodic_return=-55.97174072265625
2022-11-15 09:14:06,201 - INFO: global_step=18778, episodic_return=-204.92135620117188
2022-11-15 09:14:06,295 - INFO: global_step=18950, episodic_return=-156.76220703125
2022-11-15 09:14:06,369 - INFO: global_step=19067, episodic_return=-78.01439666748047
2022-11-15 09:14:06,422 - INFO: global_step=19184, episodic_return=-194.6906280517578
2022-11-15 09:14:06,493 - INFO: global_step=19335, episodic_return=-137.34530639648438
2022-11-15 09:14:06,555 - INFO: global_step=19466, episodic_return=-116.54680633544922
2022-11-15 09:14:06,681 - INFO: global_step=19685, episodic_return=-281.1814880371094
2022-11-15 09:14:06,844 - INFO: global_step=19950, episodic_return=-248.13340759277344
2022-11-15 09:14:06,894 - INFO: global_step=20047, episodic_return=-179.68869018554688
2022-11-15 09:14:07,069 - INFO: global_step=20330, episodic_return=-211.0668182373047
2022-11-15 09:14:07,198 - INFO: global_step=20536, episodic_return=-210.81593322753906
2022-11-15 09:14:07,270 - INFO: global_step=20655, episodic_return=-137.60182189941406
2022-11-15 09:14:07,440 - INFO: global_step=20862, episodic_return=-131.7285919189453
2022-11-15 09:14:07,503 - INFO: global_step=20954, episodic_return=-106.21038055419922
2022-11-15 09:14:07,628 - INFO: global_step=21118, episodic_return=-192.2899932861328
2022-11-15 09:14:07,725 - INFO: global_step=21270, episodic_return=-151.4405517578125
2022-11-15 09:14:07,763 - INFO: global_step=21359, episodic_return=-236.57791137695312
2022-11-15 09:14:07,815 - INFO: global_step=21473, episodic_return=-36.41912078857422
2022-11-15 09:14:08,060 - INFO: global_step=21810, episodic_return=-164.3562469482422
2022-11-15 09:14:08,119 - INFO: global_step=21936, episodic_return=-101.4018325805664
2022-11-15 09:14:08,287 - INFO: global_step=22209, episodic_return=-236.16842651367188
2022-11-15 09:14:08,350 - INFO: global_step=22350, episodic_return=-176.69845581054688
2022-11-15 09:14:08,431 - INFO: global_step=22520, episodic_return=-182.07058715820312
2022-11-15 09:14:08,509 - INFO: global_step=22661, episodic_return=14.642181396484375
2022-11-15 09:14:08,544 - INFO: global_step=22747, episodic_return=-161.2260284423828
2022-11-15 09:14:08,704 - INFO: global_step=22991, episodic_return=-130.81361389160156
2022-11-15 09:14:08,763 - INFO: global_step=23130, episodic_return=-106.7651138305664
2022-11-15 09:14:08,803 - INFO: global_step=23221, episodic_return=-165.50372314453125
2022-11-15 09:14:08,880 - INFO: global_step=23377, episodic_return=-14.546829223632812
2022-11-15 09:14:09,029 - INFO: global_step=23648, episodic_return=-109.70093536376953
2022-11-15 09:14:09,085 - INFO: global_step=23767, episodic_return=-164.25546264648438
2022-11-15 09:14:09,129 - INFO: global_step=23865, episodic_return=-243.2998809814453
2022-11-15 09:14:09,229 - INFO: global_step=24065, episodic_return=-120.01446533203125
2022-11-15 09:14:09,383 - INFO: global_step=24336, episodic_return=-141.6770477294922
2022-11-15 09:14:09,447 - INFO: global_step=24476, episodic_return=-130.76727294921875
2022-11-15 09:14:09,542 - INFO: global_step=24640, episodic_return=-294.66107177734375
2022-11-15 09:14:09,692 - INFO: global_step=24876, episodic_return=-198.11676025390625
2022-11-15 09:14:09,740 - INFO: global_step=24971, episodic_return=-45.64619827270508
2022-11-15 09:14:09,982 - INFO: global_step=25286, episodic_return=-116.09492492675781
2022-11-15 09:14:10,031 - INFO: global_step=25380, episodic_return=-283.6863098144531
2022-11-15 09:14:10,122 - INFO: global_step=25551, episodic_return=-67.53173828125
2022-11-15 09:14:10,164 - INFO: global_step=25646, episodic_return=-65.90760803222656
2022-11-15 09:14:10,258 - INFO: global_step=25835, episodic_return=11.863601684570312
2022-11-15 09:14:10,347 - INFO: global_step=25981, episodic_return=17.069496154785156
2022-11-15 09:14:10,487 - INFO: global_step=26202, episodic_return=-139.67178344726562
2022-11-15 09:14:10,597 - INFO: global_step=26388, episodic_return=-107.10687255859375
2022-11-15 09:14:10,661 - INFO: global_step=26504, episodic_return=-180.04661560058594
2022-11-15 09:14:10,768 - INFO: global_step=26679, episodic_return=-195.33816528320312
2022-11-15 09:14:10,837 - INFO: global_step=26807, episodic_return=-151.78790283203125
2022-11-15 09:14:10,881 - INFO: global_step=26893, episodic_return=-44.794586181640625
2022-11-15 09:14:10,942 - INFO: global_step=27013, episodic_return=-126.26545715332031
2022-11-15 09:14:11,009 - INFO: global_step=27134, episodic_return=-122.11042785644531
2022-11-15 09:14:11,184 - INFO: global_step=27389, episodic_return=-98.6125259399414
2022-11-15 09:14:11,270 - INFO: global_step=27535, episodic_return=-147.71302795410156
2022-11-15 09:14:11,414 - INFO: global_step=27756, episodic_return=-332.7153625488281
2022-11-15 09:14:11,492 - INFO: global_step=27896, episodic_return=-91.77790832519531
2022-11-15 09:14:11,589 - INFO: global_step=28067, episodic_return=-23.093063354492188
2022-11-15 09:14:13,286 - INFO: global_step=29067, episodic_return=-21.637685775756836
2022-11-15 09:14:13,598 - INFO: global_step=29434, episodic_return=-84.087890625
2022-11-15 09:14:13,755 - INFO: global_step=29665, episodic_return=-224.05152893066406
2022-11-15 09:14:13,867 - INFO: global_step=29853, episodic_return=-148.95266723632812
2022-11-15 09:14:13,930 - INFO: global_step=29971, episodic_return=-133.47567749023438
2022-11-15 09:14:13,994 - INFO: global_step=30092, episodic_return=-100.73176574707031
2022-11-15 09:14:14,060 - INFO: global_step=30219, episodic_return=-179.37802124023438
2022-11-15 09:14:14,129 - INFO: global_step=30345, episodic_return=18.038497924804688
2022-11-15 09:14:14,186 - INFO: global_step=30455, episodic_return=-160.59169006347656
2022-11-15 09:14:14,238 - INFO: global_step=30553, episodic_return=-153.61363220214844
2022-11-15 09:14:14,285 - INFO: global_step=30650, episodic_return=-253.06846618652344
2022-11-15 09:14:14,349 - INFO: global_step=30771, episodic_return=-76.99203491210938
2022-11-15 09:14:14,446 - INFO: global_step=30964, episodic_return=-89.05406188964844
2022-11-15 09:14:14,525 - INFO: global_step=31114, episodic_return=-60.370361328125
2022-11-15 09:14:14,663 - INFO: global_step=31325, episodic_return=-113.32522583007812
2022-11-15 09:14:14,787 - INFO: global_step=31460, episodic_return=-62.658111572265625
2022-11-15 09:14:14,899 - INFO: global_step=31619, episodic_return=-244.27883911132812
2022-11-15 09:14:15,033 - INFO: global_step=31785, episodic_return=-443.2374267578125
2022-11-15 09:14:15,104 - INFO: global_step=31887, episodic_return=-54.4652099609375
2022-11-15 09:14:15,184 - INFO: global_step=31991, episodic_return=38.354217529296875
2022-11-15 09:14:15,385 - INFO: global_step=32220, episodic_return=-89.2803726196289
2022-11-15 09:14:15,675 - INFO: global_step=32539, episodic_return=-105.3121337890625
2022-11-15 09:14:15,739 - INFO: global_step=32649, episodic_return=-166.0935516357422
2022-11-15 09:14:15,809 - INFO: global_step=32764, episodic_return=-99.88227844238281
2022-11-15 09:14:16,972 - INFO: global_step=33764, episodic_return=128.4117889404297
2022-11-15 09:14:17,053 - INFO: global_step=33928, episodic_return=-276.7432861328125
2022-11-15 09:14:18,437 - INFO: global_step=34928, episodic_return=73.86724853515625
2022-11-15 09:14:18,508 - INFO: global_step=35067, episodic_return=13.641403198242188
2022-11-15 09:14:18,651 - INFO: global_step=35293, episodic_return=-34.20825958251953
2022-11-15 09:14:18,734 - INFO: global_step=35444, episodic_return=-152.29833984375
2022-11-15 09:14:18,791 - INFO: global_step=35554, episodic_return=-149.92691040039062
2022-11-15 09:14:20,133 - INFO: global_step=36554, episodic_return=29.071928024291992
2022-11-15 09:14:20,237 - INFO: global_step=36739, episodic_return=-39.03987121582031
2022-11-15 09:14:21,707 - INFO: global_step=37739, episodic_return=-3.0650110244750977
2022-11-15 09:14:21,767 - INFO: global_step=37846, episodic_return=-74.52442932128906
2022-11-15 09:14:21,882 - INFO: global_step=38035, episodic_return=5.0705108642578125
2022-11-15 09:14:22,094 - INFO: global_step=38308, episodic_return=-96.50990295410156
2022-11-15 09:14:22,152 - INFO: global_step=38412, episodic_return=-55.859771728515625
2022-11-15 09:14:22,343 - INFO: global_step=38679, episodic_return=-56.042694091796875
2022-11-15 09:14:22,465 - INFO: global_step=38873, episodic_return=22.763046264648438
2022-11-15 09:14:22,715 - INFO: global_step=39144, episodic_return=-29.46520233154297
2022-11-15 09:14:22,874 - INFO: global_step=39331, episodic_return=-39.8742790222168
2022-11-15 09:14:23,013 - INFO: global_step=39518, episodic_return=-11.166358947753906
2022-11-15 09:14:23,099 - INFO: global_step=39647, episodic_return=-43.8154296875
2022-11-15 09:14:23,377 - INFO: global_step=39970, episodic_return=-28.883224487304688
2022-11-15 09:14:23,682 - INFO: global_step=40354, episodic_return=-123.12299346923828
2022-11-15 09:14:24,922 - INFO: global_step=41354, episodic_return=6.336991310119629
2022-11-15 09:14:25,935 - INFO: global_step=42354, episodic_return=35.05916213989258
2022-11-15 09:14:26,009 - INFO: global_step=42495, episodic_return=12.82464599609375
2022-11-15 09:14:26,200 - INFO: global_step=42797, episodic_return=-96.01103210449219
2022-11-15 09:14:26,433 - INFO: global_step=43094, episodic_return=-22.457015991210938
2022-11-15 09:14:29,011 - INFO: global_step=44094, episodic_return=-11.434215545654297
2022-11-15 09:14:29,588 - INFO: global_step=44452, episodic_return=-178.87701416015625
2022-11-15 09:14:29,764 - INFO: global_step=44698, episodic_return=-186.55447387695312
2022-11-15 09:14:29,956 - INFO: global_step=44965, episodic_return=-84.5096206665039
2022-11-15 09:14:30,085 - INFO: global_step=45124, episodic_return=-48.64067459106445
2022-11-15 09:14:31,412 - INFO: global_step=46124, episodic_return=76.16951751708984
2022-11-15 09:14:31,511 - INFO: global_step=46263, episodic_return=-110.92658233642578
2022-11-15 09:14:31,564 - INFO: global_step=46360, episodic_return=-77.58395385742188
2022-11-15 09:14:31,653 - INFO: global_step=46501, episodic_return=15.922714233398438
2022-11-15 09:14:32,199 - INFO: global_step=46982, episodic_return=-79.79714965820312
2022-11-15 09:14:32,547 - INFO: global_step=47374, episodic_return=-47.47719192504883
2022-11-15 09:14:34,192 - INFO: global_step=48374, episodic_return=117.53811645507812
2022-11-15 09:14:34,471 - INFO: global_step=48701, episodic_return=-109.7219009399414
2022-11-15 09:14:34,746 - INFO: global_step=49005, episodic_return=-31.729232788085938
2022-11-15 09:14:34,876 - INFO: global_step=49187, episodic_return=2.2568359375
2022-11-15 09:14:36,440 - INFO: global_step=50187, episodic_return=49.747745513916016
2022-11-15 09:14:36,825 - INFO: global_step=50421, episodic_return=-128.18443298339844
2022-11-15 09:14:36,929 - INFO: global_step=50564, episodic_return=-101.86465454101562
2022-11-15 09:14:38,359 - INFO: global_step=51564, episodic_return=85.42756652832031
2022-11-15 09:14:39,817 - INFO: global_step=52564, episodic_return=112.8189697265625
2022-11-15 09:14:41,248 - INFO: global_step=53564, episodic_return=56.88795852661133
2022-11-15 09:14:42,729 - INFO: global_step=54564, episodic_return=15.142243385314941
2022-11-15 09:14:42,967 - INFO: global_step=54866, episodic_return=-20.35608673095703
2022-11-15 09:14:44,631 - INFO: global_step=55866, episodic_return=73.809326171875
2022-11-15 09:14:46,134 - INFO: global_step=56866, episodic_return=66.67868041992188
2022-11-15 09:14:46,459 - INFO: global_step=57104, episodic_return=-106.59619903564453
2022-11-15 09:14:47,919 - INFO: global_step=58104, episodic_return=110.62006378173828
2022-11-15 09:14:49,339 - INFO: global_step=59104, episodic_return=64.10303497314453
2022-11-15 09:14:50,579 - INFO: global_step=60104, episodic_return=59.44111633300781
2022-11-15 09:14:51,711 - INFO: global_step=61104, episodic_return=147.10536193847656
2022-11-15 09:14:53,165 - INFO: global_step=62104, episodic_return=70.15524291992188
2022-11-15 09:14:54,406 - INFO: global_step=63104, episodic_return=85.83403015136719
2022-11-15 09:14:55,389 - INFO: global_step=64104, episodic_return=90.87876892089844
2022-11-15 09:14:56,702 - INFO: global_step=65104, episodic_return=-86.58844757080078
2022-11-15 09:14:58,554 - INFO: global_step=66104, episodic_return=23.107337951660156
2022-11-15 09:14:59,501 - INFO: global_step=66732, episodic_return=191.67471313476562
2022-11-15 09:14:59,988 - INFO: global_step=67221, episodic_return=-27.482162475585938
2022-11-15 09:15:00,993 - INFO: global_step=67981, episodic_return=106.14952087402344
2022-11-15 09:15:01,917 - INFO: global_step=68643, episodic_return=-45.2132682800293
2022-11-15 09:15:03,133 - INFO: global_step=69564, episodic_return=-249.113525390625
2022-11-15 09:15:03,327 - INFO: global_step=69835, episodic_return=-205.88580322265625
2022-11-15 09:15:04,520 - INFO: global_step=70773, episodic_return=133.0134735107422
2022-11-15 09:15:06,220 - INFO: global_step=71773, episodic_return=-11.950642585754395
2022-11-15 09:15:06,346 - INFO: global_step=71969, episodic_return=-31.37530517578125
2022-11-15 09:15:06,843 - INFO: global_step=72523, episodic_return=-125.84616088867188
2022-11-15 09:15:07,719 - INFO: global_step=73248, episodic_return=172.80831909179688
2022-11-15 09:15:09,014 - INFO: global_step=74248, episodic_return=13.753518104553223
2022-11-15 09:15:09,171 - INFO: global_step=74456, episodic_return=-66.57411193847656
2022-11-15 09:15:09,283 - INFO: global_step=74626, episodic_return=-89.1822280883789
2022-11-15 09:15:09,381 - INFO: global_step=74766, episodic_return=52.543212890625
2022-11-15 09:15:09,594 - INFO: global_step=75063, episodic_return=-229.69261169433594
2022-11-15 09:15:10,839 - INFO: global_step=75893, episodic_return=128.94442749023438
2022-11-15 09:15:10,936 - INFO: global_step=76035, episodic_return=-95.78611755371094
2022-11-15 09:15:12,312 - INFO: global_step=76981, episodic_return=212.51907348632812
2022-11-15 09:15:13,440 - INFO: global_step=77738, episodic_return=171.47012329101562
2022-11-15 09:15:14,942 - INFO: global_step=78738, episodic_return=44.221622467041016
2022-11-15 09:15:16,365 - INFO: global_step=79738, episodic_return=59.136634826660156
2022-11-15 09:15:16,706 - INFO: global_step=80126, episodic_return=-415.8887634277344
2022-11-15 09:15:18,118 - INFO: global_step=81126, episodic_return=51.34627914428711
2022-11-15 09:15:19,662 - INFO: global_step=82126, episodic_return=58.41218185424805
2022-11-15 09:15:21,379 - INFO: global_step=83126, episodic_return=45.47606658935547
2022-11-15 09:15:21,533 - INFO: global_step=83347, episodic_return=-224.1422882080078
2022-11-15 09:15:22,160 - INFO: global_step=83939, episodic_return=-141.857666015625
2022-11-15 09:15:22,614 - INFO: global_step=84367, episodic_return=-3.2567214965820312
2022-11-15 09:15:23,391 - INFO: global_step=85030, episodic_return=-132.30111694335938
2022-11-15 09:15:23,501 - INFO: global_step=85181, episodic_return=25.42755126953125
2022-11-15 09:15:23,663 - INFO: global_step=85390, episodic_return=-85.49353790283203
2022-11-15 09:15:23,826 - INFO: global_step=85594, episodic_return=-99.32832336425781
2022-11-15 09:15:24,185 - INFO: global_step=85930, episodic_return=-39.367347717285156
2022-11-15 09:15:24,291 - INFO: global_step=86057, episodic_return=-115.30740356445312
2022-11-15 09:15:25,782 - INFO: global_step=87057, episodic_return=-89.64347839355469
2022-11-15 09:15:26,009 - INFO: global_step=87322, episodic_return=1.2603530883789062
2022-11-15 09:15:27,203 - INFO: global_step=88112, episodic_return=-138.26858520507812
2022-11-15 09:15:27,318 - INFO: global_step=88286, episodic_return=-197.82696533203125
2022-11-15 09:15:29,039 - INFO: global_step=89286, episodic_return=-68.42327117919922
2022-11-15 09:15:30,885 - INFO: global_step=90286, episodic_return=-16.0911808013916
2022-11-15 09:15:31,230 - INFO: global_step=90661, episodic_return=-33.37739562988281
2022-11-15 09:15:31,412 - INFO: global_step=90906, episodic_return=8.919548034667969
2022-11-15 09:15:31,631 - INFO: global_step=91165, episodic_return=-254.00640869140625
2022-11-15 09:15:33,256 - INFO: global_step=92165, episodic_return=-85.4816665649414
2022-11-15 09:15:35,043 - INFO: global_step=93165, episodic_return=-77.70263671875
2022-11-15 09:15:35,227 - INFO: global_step=93357, episodic_return=25.82764434814453
2022-11-15 09:15:37,194 - INFO: global_step=94357, episodic_return=-86.31980895996094
2022-11-15 09:15:38,953 - INFO: global_step=95357, episodic_return=62.36530685424805
2022-11-15 09:15:39,281 - INFO: global_step=95670, episodic_return=-32.93366241455078
2022-11-15 09:15:42,123 - INFO: global_step=96670, episodic_return=-18.581668853759766
2022-11-15 09:15:43,350 - INFO: global_step=97670, episodic_return=-21.98421287536621
2022-11-15 09:15:43,677 - INFO: global_step=98042, episodic_return=-27.242904663085938
2022-11-15 09:15:43,916 - INFO: global_step=98363, episodic_return=-215.45901489257812
2022-11-15 09:15:45,921 - INFO: global_step=99363, episodic_return=-62.58572769165039
2022-11-15 09:15:46,141 - INFO: global_step=99651, episodic_return=62.12699890136719
2022-11-15 09:15:46,443 - INFO: global_step=99974, episodic_return=-28.99744415283203
2022-11-15 09:15:47,465 - INFO: global_step=100871, episodic_return=-146.66204833984375
2022-11-15 09:15:48,684 - INFO: global_step=101871, episodic_return=-36.03494644165039
2022-11-15 09:15:48,901 - INFO: global_step=102162, episodic_return=28.829605102539062
2022-11-15 09:15:50,794 - INFO: global_step=103162, episodic_return=-45.421302795410156
2022-11-15 09:15:52,864 - INFO: global_step=104162, episodic_return=-1.3573932647705078
2022-11-15 09:15:54,685 - INFO: global_step=105162, episodic_return=38.93952560424805
2022-11-15 09:15:56,552 - INFO: global_step=106162, episodic_return=18.234432220458984
2022-11-15 09:15:58,325 - INFO: global_step=107130, episodic_return=130.2261199951172
2022-11-15 09:15:59,155 - INFO: global_step=107545, episodic_return=240.53858947753906
2022-11-15 09:16:01,737 - INFO: global_step=108545, episodic_return=12.297074317932129
2022-11-15 09:16:01,883 - INFO: global_step=108726, episodic_return=-19.531532287597656
2022-11-15 09:16:02,599 - INFO: global_step=109334, episodic_return=202.6321563720703
2022-11-15 09:16:02,819 - INFO: global_step=109580, episodic_return=-8.941726684570312
2022-11-15 09:16:03,619 - INFO: global_step=110136, episodic_return=-44.944461822509766
2022-11-15 09:16:03,789 - INFO: global_step=110363, episodic_return=30.865585327148438
2022-11-15 09:16:04,800 - INFO: global_step=111168, episodic_return=140.39002990722656
2022-11-15 09:16:06,775 - INFO: global_step=112026, episodic_return=179.90087890625
2022-11-15 09:16:06,860 - INFO: global_step=112140, episodic_return=-48.96859359741211
2022-11-15 09:16:07,117 - INFO: global_step=112422, episodic_return=-180.02096557617188
2022-11-15 09:16:08,809 - INFO: global_step=113422, episodic_return=-50.005889892578125
2022-11-15 09:16:09,029 - INFO: global_step=113642, episodic_return=32.14399719238281
2022-11-15 09:16:10,147 - INFO: global_step=114369, episodic_return=175.6942138671875
2022-11-15 09:16:10,527 - INFO: global_step=114805, episodic_return=237.04153442382812
2022-11-15 09:16:11,699 - INFO: global_step=115805, episodic_return=-56.506771087646484
2022-11-15 09:16:13,446 - INFO: global_step=116805, episodic_return=19.411907196044922
2022-11-15 09:16:15,171 - INFO: global_step=117805, episodic_return=-58.445152282714844
2022-11-15 09:16:15,587 - INFO: global_step=118261, episodic_return=283.85638427734375
2022-11-15 09:16:16,544 - INFO: global_step=118949, episodic_return=193.64892578125
2022-11-15 09:16:17,927 - INFO: global_step=119845, episodic_return=136.76187133789062
2022-11-15 09:16:18,820 - INFO: global_step=120485, episodic_return=209.80084228515625
2022-11-15 09:16:19,373 - INFO: global_step=120979, episodic_return=229.41363525390625
2022-11-15 09:16:20,049 - INFO: global_step=121543, episodic_return=253.0263671875
2022-11-15 09:16:20,166 - INFO: global_step=121713, episodic_return=21.390403747558594
2022-11-15 09:16:21,028 - INFO: global_step=122307, episodic_return=218.0594482421875
2022-11-15 09:16:22,174 - INFO: global_step=123091, episodic_return=200.2133026123047
2022-11-15 09:16:22,320 - INFO: global_step=123273, episodic_return=1.3900070190429688
2022-11-15 09:16:23,381 - INFO: global_step=124133, episodic_return=183.63211059570312
2022-11-15 09:16:24,490 - INFO: global_step=125054, episodic_return=219.7558135986328
2022-11-15 09:16:25,627 - INFO: global_step=125856, episodic_return=198.89749145507812
2022-11-15 09:16:26,419 - INFO: global_step=126463, episodic_return=232.63619995117188
2022-11-15 09:16:27,597 - INFO: global_step=127309, episodic_return=173.7422332763672
2022-11-15 09:16:28,709 - INFO: global_step=128194, episodic_return=150.71653747558594
2022-11-15 09:16:30,043 - INFO: global_step=129194, episodic_return=-24.68037223815918
2022-11-15 09:16:30,578 - INFO: global_step=129726, episodic_return=-56.537967681884766
2022-11-15 09:16:31,124 - INFO: global_step=130270, episodic_return=161.8218994140625
2022-11-15 09:16:31,773 - INFO: global_step=130809, episodic_return=-41.40879821777344
2022-11-15 09:16:33,070 - INFO: global_step=131757, episodic_return=102.29483032226562
2022-11-15 09:16:34,202 - INFO: global_step=132757, episodic_return=-17.965726852416992
2022-11-15 09:16:35,072 - INFO: global_step=133527, episodic_return=178.73159790039062
2022-11-15 09:16:36,408 - INFO: global_step=134527, episodic_return=-74.40242004394531
2022-11-15 09:16:37,903 - INFO: global_step=135527, episodic_return=-11.042340278625488
2022-11-15 09:16:39,761 - INFO: global_step=136527, episodic_return=-73.27812194824219
2022-11-15 09:16:41,813 - INFO: global_step=137497, episodic_return=159.1571502685547
2022-11-15 09:16:44,067 - INFO: global_step=138497, episodic_return=-38.18191146850586
2022-11-15 09:16:46,397 - INFO: global_step=139497, episodic_return=-10.86394214630127
2022-11-15 09:16:48,072 - INFO: global_step=140497, episodic_return=-70.46945190429688
2022-11-15 09:16:48,206 - INFO: global_step=140694, episodic_return=-171.6542510986328
2022-11-15 09:16:48,376 - INFO: global_step=140933, episodic_return=28.85662841796875
2022-11-15 09:16:48,990 - INFO: global_step=141488, episodic_return=-30.87299346923828
2022-11-15 09:16:51,254 - INFO: global_step=142488, episodic_return=-53.60839080810547
2022-11-15 09:16:51,652 - INFO: global_step=142797, episodic_return=-14.721824645996094
2022-11-15 09:16:51,981 - INFO: global_step=143085, episodic_return=-22.694992065429688
2022-11-15 09:16:53,627 - INFO: global_step=144085, episodic_return=-60.55511474609375
2022-11-15 09:16:53,911 - INFO: global_step=144380, episodic_return=-31.08818817138672
2022-11-15 09:16:55,277 - INFO: global_step=145380, episodic_return=-103.02324676513672
2022-11-15 09:16:57,163 - INFO: global_step=146380, episodic_return=-73.6227035522461
2022-11-15 09:16:59,143 - INFO: global_step=147380, episodic_return=-74.97979736328125
2022-11-15 09:16:59,262 - INFO: global_step=147551, episodic_return=2.8609695434570312
2022-11-15 09:17:01,158 - INFO: global_step=148551, episodic_return=-37.41449737548828
2022-11-15 09:17:02,588 - INFO: global_step=149551, episodic_return=-105.2868881225586
2022-11-15 09:17:03,737 - INFO: global_step=150551, episodic_return=-93.62538146972656
2022-11-15 09:17:05,492 - INFO: global_step=151551, episodic_return=-105.54671478271484
2022-11-15 09:17:07,142 - INFO: global_step=152551, episodic_return=-101.6636962890625
2022-11-15 09:17:07,247 - INFO: global_step=152712, episodic_return=-183.6863250732422
2022-11-15 09:17:08,897 - INFO: global_step=153712, episodic_return=-97.68501281738281
2022-11-15 09:17:09,917 - INFO: global_step=154415, episodic_return=-112.82418060302734
2022-11-15 09:17:10,508 - INFO: global_step=154868, episodic_return=-89.24453735351562
2022-11-15 09:17:11,355 - INFO: global_step=155600, episodic_return=-49.98722839355469
2022-11-15 09:17:11,861 - INFO: global_step=156065, episodic_return=-112.93013000488281
2022-11-15 09:17:12,038 - INFO: global_step=156312, episodic_return=-46.965843200683594
2022-11-15 09:17:14,012 - INFO: global_step=157312, episodic_return=-74.40746307373047
2022-11-15 09:17:15,420 - INFO: global_step=158312, episodic_return=-61.21446228027344
2022-11-15 09:17:16,976 - INFO: global_step=159312, episodic_return=-49.909549713134766
2022-11-15 09:17:18,767 - INFO: global_step=160312, episodic_return=-98.44874572753906
2022-11-15 09:17:20,359 - INFO: global_step=161312, episodic_return=-96.3142318725586
2022-11-15 09:17:21,732 - INFO: global_step=162312, episodic_return=-5.002360820770264
2022-11-15 09:17:22,924 - INFO: global_step=163312, episodic_return=-115.30826568603516
2022-11-15 09:17:24,518 - INFO: global_step=164312, episodic_return=-123.46498107910156
2022-11-15 09:17:26,451 - INFO: global_step=165312, episodic_return=-68.98389434814453
2022-11-15 09:17:27,779 - INFO: global_step=166312, episodic_return=-67.03643798828125
2022-11-15 09:17:29,627 - INFO: global_step=167194, episodic_return=106.89048767089844
2022-11-15 09:17:31,606 - INFO: global_step=168194, episodic_return=-72.7778549194336
2022-11-15 09:17:33,245 - INFO: global_step=169194, episodic_return=-89.68312072753906
2022-11-15 09:17:34,583 - INFO: global_step=170194, episodic_return=-88.12516021728516
2022-11-15 09:17:36,312 - INFO: global_step=171194, episodic_return=-82.50105285644531
2022-11-15 09:17:37,804 - INFO: global_step=172194, episodic_return=-63.504554748535156
2022-11-15 09:17:39,738 - INFO: global_step=173194, episodic_return=-92.36276245117188
2022-11-15 09:17:41,815 - INFO: global_step=174194, episodic_return=-61.67725372314453
2022-11-15 09:17:43,159 - INFO: global_step=175194, episodic_return=-52.829383850097656
2022-11-15 09:17:45,015 - INFO: global_step=176194, episodic_return=-86.52669525146484
2022-11-15 09:17:46,331 - INFO: global_step=177194, episodic_return=-65.99917602539062
2022-11-15 09:17:47,650 - INFO: global_step=178194, episodic_return=-96.31480407714844
2022-11-15 09:17:48,774 - INFO: global_step=179194, episodic_return=-78.57662200927734
2022-11-15 09:17:49,840 - INFO: global_step=180194, episodic_return=-60.407081604003906
2022-11-15 09:17:51,526 - INFO: global_step=181194, episodic_return=-83.69261932373047
2022-11-15 09:17:52,783 - INFO: global_step=182194, episodic_return=-55.39998245239258
2022-11-15 09:17:54,474 - INFO: global_step=183194, episodic_return=-51.01777267456055
2022-11-15 09:17:55,571 - INFO: global_step=184194, episodic_return=-79.65986633300781
2022-11-15 09:17:57,256 - INFO: global_step=185194, episodic_return=-43.362728118896484
2022-11-15 09:17:58,636 - INFO: global_step=186194, episodic_return=-121.0952377319336
2022-11-15 09:18:00,410 - INFO: global_step=187194, episodic_return=-129.13290405273438
2022-11-15 09:18:02,001 - INFO: global_step=188194, episodic_return=-74.3154067993164
2022-11-15 09:18:03,447 - INFO: global_step=189194, episodic_return=-57.113990783691406
2022-11-15 09:18:05,549 - INFO: global_step=190194, episodic_return=-0.5934333801269531
2022-11-15 09:18:06,960 - INFO: global_step=191194, episodic_return=-65.54342651367188
2022-11-15 09:18:08,444 - INFO: global_step=192194, episodic_return=-41.45481491088867
2022-11-15 09:18:09,939 - INFO: global_step=193194, episodic_return=-59.47791290283203
2022-11-15 09:18:11,384 - INFO: global_step=194194, episodic_return=-108.82630157470703
2022-11-15 09:18:12,715 - INFO: global_step=195106, episodic_return=-228.2052459716797
2022-11-15 09:18:14,188 - INFO: global_step=196106, episodic_return=11.09034538269043
2022-11-15 09:18:15,188 - INFO: global_step=196976, episodic_return=112.83958435058594
2022-11-15 09:18:16,168 - INFO: global_step=197698, episodic_return=118.43284606933594
2022-11-15 09:18:17,826 - INFO: global_step=198583, episodic_return=104.30391693115234
2022-11-15 09:18:18,613 - INFO: global_step=199174, episodic_return=187.49057006835938
2022-11-15 09:18:19,301 - INFO: global_step=199646, episodic_return=157.76522827148438
2022-11-15 09:18:20,948 - INFO: global_step=200646, episodic_return=155.74749755859375
2022-11-15 09:18:22,553 - INFO: global_step=201622, episodic_return=242.027099609375
2022-11-15 09:18:22,900 - INFO: global_step=202027, episodic_return=275.8873596191406
2022-11-15 09:18:23,491 - INFO: global_step=202565, episodic_return=204.78367614746094
2022-11-15 09:18:23,755 - INFO: global_step=202848, episodic_return=276.99658203125
2022-11-15 09:18:24,048 - INFO: global_step=203126, episodic_return=247.5541229248047
2022-11-15 09:18:24,577 - INFO: global_step=203562, episodic_return=225.69708251953125
2022-11-15 09:18:25,639 - INFO: global_step=204313, episodic_return=129.79103088378906
2022-11-15 09:18:25,974 - INFO: global_step=204680, episodic_return=194.71571350097656
2022-11-15 09:18:26,280 - INFO: global_step=204995, episodic_return=182.28692626953125
2022-11-15 09:18:26,711 - INFO: global_step=205433, episodic_return=149.01312255859375
2022-11-15 09:18:27,556 - INFO: global_step=206129, episodic_return=198.75473022460938
2022-11-15 09:18:27,879 - INFO: global_step=206446, episodic_return=247.25729370117188
2022-11-15 09:18:28,566 - INFO: global_step=206975, episodic_return=205.97390747070312
2022-11-15 09:18:30,083 - INFO: global_step=207914, episodic_return=142.61404418945312
2022-11-15 09:18:31,749 - INFO: global_step=208914, episodic_return=-105.27825164794922
2022-11-15 09:18:32,333 - INFO: global_step=209454, episodic_return=210.73858642578125
2022-11-15 09:18:32,764 - INFO: global_step=209892, episodic_return=242.13201904296875
2022-11-15 09:18:33,566 - INFO: global_step=210534, episodic_return=170.60693359375
2022-11-15 09:18:35,656 - INFO: global_step=211534, episodic_return=-131.509033203125
2022-11-15 09:18:37,130 - INFO: global_step=212534, episodic_return=-113.14280700683594
2022-11-15 09:18:38,344 - INFO: global_step=213534, episodic_return=-77.09597778320312
2022-11-15 09:18:39,362 - INFO: global_step=214293, episodic_return=173.0587158203125
2022-11-15 09:18:40,977 - INFO: global_step=215293, episodic_return=-128.7830810546875
2022-11-15 09:18:41,877 - INFO: global_step=216105, episodic_return=188.47964477539062
2022-11-15 09:18:42,670 - INFO: global_step=216792, episodic_return=183.29783630371094
2022-11-15 09:18:44,189 - INFO: global_step=217792, episodic_return=-13.059370994567871
2022-11-15 09:18:45,180 - INFO: global_step=218546, episodic_return=70.45941925048828
2022-11-15 09:18:46,001 - INFO: global_step=219277, episodic_return=-148.5411376953125
2022-11-15 09:18:46,380 - INFO: global_step=219613, episodic_return=211.303466796875
2022-11-15 09:18:46,824 - INFO: global_step=220070, episodic_return=172.70761108398438
2022-11-15 09:18:47,886 - INFO: global_step=220950, episodic_return=98.36073303222656
2022-11-15 09:18:48,888 - INFO: global_step=221811, episodic_return=153.9196014404297
2022-11-15 09:18:50,020 - INFO: global_step=222546, episodic_return=179.70437622070312
2022-11-15 09:18:51,707 - INFO: global_step=223546, episodic_return=-48.317771911621094
2022-11-15 09:18:53,033 - INFO: global_step=224546, episodic_return=-53.88469696044922
2022-11-15 09:18:53,500 - INFO: global_step=225037, episodic_return=278.76910400390625
2022-11-15 09:18:54,072 - INFO: global_step=225568, episodic_return=223.68983459472656
2022-11-15 09:18:55,587 - INFO: global_step=226568, episodic_return=-41.21448516845703
2022-11-15 09:18:56,855 - INFO: global_step=227408, episodic_return=150.2421417236328
2022-11-15 09:18:57,771 - INFO: global_step=228206, episodic_return=-78.13429260253906
2022-11-15 09:18:59,208 - INFO: global_step=229206, episodic_return=-143.5524139404297
2022-11-15 09:19:01,455 - INFO: global_step=230206, episodic_return=-106.94908905029297
2022-11-15 09:19:02,685 - INFO: global_step=231206, episodic_return=-74.81060791015625
2022-11-15 09:19:04,655 - INFO: global_step=232206, episodic_return=-70.52249145507812
2022-11-15 09:19:04,965 - INFO: global_step=232560, episodic_return=-92.08878326416016
2022-11-15 09:19:05,538 - INFO: global_step=233109, episodic_return=268.612548828125
2022-11-15 09:19:06,339 - INFO: global_step=233773, episodic_return=-86.25704193115234
2022-11-15 09:19:07,054 - INFO: global_step=234421, episodic_return=-138.43020629882812
2022-11-15 09:19:07,585 - INFO: global_step=234946, episodic_return=-94.8997802734375
2022-11-15 09:19:08,336 - INFO: global_step=235603, episodic_return=-177.62522888183594
2022-11-15 09:19:09,650 - INFO: global_step=236503, episodic_return=98.29224395751953
2022-11-15 09:19:09,868 - INFO: global_step=236723, episodic_return=-93.30372619628906
2022-11-15 09:19:10,197 - INFO: global_step=237009, episodic_return=-68.52192687988281
2022-11-15 09:19:10,603 - INFO: global_step=237407, episodic_return=-158.61195373535156
2022-11-15 09:19:10,804 - INFO: global_step=237660, episodic_return=-134.40982055664062
2022-11-15 09:19:11,441 - INFO: global_step=238095, episodic_return=210.158447265625
2022-11-15 09:19:12,167 - INFO: global_step=238624, episodic_return=-153.73081970214844
2022-11-15 09:19:13,639 - INFO: global_step=239624, episodic_return=-97.06318664550781
2022-11-15 09:19:15,227 - INFO: global_step=240624, episodic_return=-71.04679107666016
2022-11-15 09:19:15,275 - INFO: global_step=240705, episodic_return=-153.95687866210938
2022-11-15 09:19:16,777 - INFO: global_step=241705, episodic_return=-129.26272583007812
2022-11-15 09:19:18,044 - INFO: global_step=242705, episodic_return=-154.9932098388672
2022-11-15 09:19:18,094 - INFO: global_step=242800, episodic_return=-232.2964630126953
2022-11-15 09:19:19,671 - INFO: global_step=243800, episodic_return=-96.73622131347656
2022-11-15 09:19:20,040 - INFO: global_step=244163, episodic_return=-140.47805786132812
2022-11-15 09:19:21,768 - INFO: global_step=245163, episodic_return=-46.66482162475586
2022-11-15 09:19:23,530 - INFO: global_step=246163, episodic_return=-136.47308349609375
2022-11-15 09:19:25,280 - INFO: global_step=247163, episodic_return=-156.3448944091797
2022-11-15 09:19:27,038 - INFO: global_step=248163, episodic_return=-93.97862243652344
2022-11-15 09:19:28,716 - INFO: global_step=249163, episodic_return=-20.672372817993164
2022-11-15 09:19:30,560 - INFO: global_step=250163, episodic_return=-70.42033386230469
2022-11-15 09:19:31,668 - INFO: global_step=251163, episodic_return=-107.92510986328125
2022-11-15 09:19:32,911 - INFO: global_step=252163, episodic_return=-125.0278549194336
2022-11-15 09:19:34,761 - INFO: global_step=253163, episodic_return=-98.31944274902344
2022-11-15 09:19:36,170 - INFO: global_step=254163, episodic_return=-122.22196197509766
2022-11-15 09:19:37,514 - INFO: global_step=255163, episodic_return=-70.95923614501953
2022-11-15 09:19:37,906 - INFO: global_step=255577, episodic_return=253.1231689453125
2022-11-15 09:19:39,345 - INFO: global_step=256577, episodic_return=-58.149993896484375
2022-11-15 09:19:40,722 - INFO: global_step=257577, episodic_return=-5.320436477661133
2022-11-15 09:19:42,329 - INFO: global_step=258577, episodic_return=-5.292880058288574
2022-11-15 09:19:44,202 - INFO: global_step=259577, episodic_return=-81.80551147460938
2022-11-15 09:19:45,532 - INFO: global_step=260577, episodic_return=-56.941017150878906
2022-11-15 09:19:46,798 - INFO: global_step=261577, episodic_return=-14.56460952758789
2022-11-15 09:19:48,431 - INFO: global_step=262577, episodic_return=-111.02230834960938
2022-11-15 09:19:50,015 - INFO: global_step=263577, episodic_return=-66.98944091796875
2022-11-15 09:19:51,436 - INFO: global_step=264577, episodic_return=-104.30828857421875
2022-11-15 09:19:53,168 - INFO: global_step=265577, episodic_return=-78.34971618652344
2022-11-15 09:19:54,375 - INFO: global_step=266577, episodic_return=-86.31829071044922
2022-11-15 09:19:55,599 - INFO: global_step=267577, episodic_return=-87.29602813720703
2022-11-15 09:19:57,617 - INFO: global_step=268577, episodic_return=-100.82682037353516
2022-11-15 09:19:58,389 - INFO: global_step=269237, episodic_return=-107.75405883789062
2022-11-15 09:20:00,526 - INFO: global_step=270237, episodic_return=-97.588134765625
2022-11-15 09:20:01,979 - INFO: global_step=271237, episodic_return=-46.89098358154297
2022-11-15 09:20:03,375 - INFO: global_step=272237, episodic_return=-42.58571243286133
2022-11-15 09:20:04,791 - INFO: global_step=273237, episodic_return=-33.01236343383789
2022-11-15 09:20:06,897 - INFO: global_step=274237, episodic_return=-117.15977478027344
2022-11-15 09:20:08,605 - INFO: global_step=275237, episodic_return=-99.61577606201172
2022-11-15 09:20:09,301 - INFO: global_step=275797, episodic_return=-96.12301635742188
2022-11-15 09:20:11,095 - INFO: global_step=276797, episodic_return=-59.495018005371094
2022-11-15 09:20:12,285 - INFO: global_step=277797, episodic_return=-36.299461364746094
2022-11-15 09:20:14,106 - INFO: global_step=278797, episodic_return=-71.54312896728516
2022-11-15 09:20:15,350 - INFO: global_step=279797, episodic_return=-93.44064331054688
2022-11-15 09:20:17,177 - INFO: global_step=280797, episodic_return=-102.64473724365234
2022-11-15 09:20:18,254 - INFO: global_step=281688, episodic_return=-136.9698028564453
2022-11-15 09:20:18,569 - INFO: global_step=282045, episodic_return=263.6846923828125
2022-11-15 09:20:19,726 - INFO: global_step=282854, episodic_return=-136.64425659179688
2022-11-15 09:20:21,704 - INFO: global_step=283854, episodic_return=-121.1791000366211
2022-11-15 09:20:23,175 - INFO: global_step=284854, episodic_return=-56.624107360839844
2022-11-15 09:20:24,625 - INFO: global_step=285854, episodic_return=-57.750083923339844
2022-11-15 09:20:26,383 - INFO: global_step=286854, episodic_return=-44.058475494384766
2022-11-15 09:20:26,601 - INFO: global_step=287130, episodic_return=48.44367980957031
2022-11-15 09:20:26,973 - INFO: global_step=287525, episodic_return=238.26930236816406
2022-11-15 09:20:28,506 - INFO: global_step=288496, episodic_return=134.93141174316406
2022-11-15 09:20:30,442 - INFO: global_step=289496, episodic_return=-43.59071731567383
2022-11-15 09:20:32,408 - INFO: global_step=290496, episodic_return=-5.831212997436523
2022-11-15 09:20:33,636 - INFO: global_step=291496, episodic_return=-25.734588623046875
2022-11-15 09:20:34,860 - INFO: global_step=292393, episodic_return=177.90310668945312
2022-11-15 09:20:36,442 - INFO: global_step=293393, episodic_return=34.99055480957031
2022-11-15 09:20:38,138 - INFO: global_step=294393, episodic_return=13.32121467590332
2022-11-15 09:20:39,539 - INFO: global_step=295393, episodic_return=-14.215137481689453
2022-11-15 09:20:41,008 - INFO: global_step=296393, episodic_return=41.74842071533203
2022-11-15 09:20:43,313 - INFO: global_step=297393, episodic_return=-86.74691772460938
2022-11-15 09:20:45,132 - INFO: global_step=298393, episodic_return=-100.93466186523438
2022-11-15 09:20:46,851 - INFO: global_step=299393, episodic_return=-15.561746597290039
2022-11-15 09:20:48,295 - INFO: global_step=300393, episodic_return=-52.155696868896484
2022-11-15 09:20:49,667 - INFO: global_step=301393, episodic_return=-81.50528717041016
2022-11-15 09:20:51,428 - INFO: global_step=302393, episodic_return=-8.423879623413086
2022-11-15 09:20:53,487 - INFO: global_step=303393, episodic_return=-12.512121200561523
2022-11-15 09:20:54,796 - INFO: global_step=304393, episodic_return=-29.630435943603516
2022-11-15 09:20:56,671 - INFO: global_step=305393, episodic_return=-85.02998352050781
2022-11-15 09:20:57,954 - INFO: global_step=306393, episodic_return=-105.24117279052734
2022-11-15 09:21:00,094 - INFO: global_step=307393, episodic_return=-48.36244583129883
2022-11-15 09:21:01,231 - INFO: global_step=308393, episodic_return=-33.156333923339844
2022-11-15 09:21:03,024 - INFO: global_step=309393, episodic_return=-95.86856842041016
2022-11-15 09:21:04,426 - INFO: global_step=310393, episodic_return=-61.50386428833008
2022-11-15 09:21:05,811 - INFO: global_step=311393, episodic_return=-91.14688873291016
2022-11-15 09:21:07,012 - INFO: global_step=312393, episodic_return=57.93666458129883
2022-11-15 09:21:09,046 - INFO: global_step=313393, episodic_return=-100.189453125
2022-11-15 09:21:10,630 - INFO: global_step=314393, episodic_return=-84.87625885009766
2022-11-15 09:21:11,781 - INFO: global_step=315333, episodic_return=133.81829833984375
2022-11-15 09:21:13,026 - INFO: global_step=316333, episodic_return=-81.3925552368164
2022-11-15 09:21:14,574 - INFO: global_step=317333, episodic_return=-80.60750579833984
2022-11-15 09:21:16,268 - INFO: global_step=318333, episodic_return=-128.89036560058594
2022-11-15 09:21:17,720 - INFO: global_step=319333, episodic_return=-82.82421875
2022-11-15 09:21:17,902 - INFO: global_step=319593, episodic_return=-88.1152572631836
2022-11-15 09:21:19,497 - INFO: global_step=320593, episodic_return=-89.74162292480469
2022-11-15 09:21:21,064 - INFO: global_step=321593, episodic_return=-121.68208312988281
2022-11-15 09:21:23,115 - INFO: global_step=322593, episodic_return=-107.24949645996094
2022-11-15 09:21:24,750 - INFO: global_step=323593, episodic_return=-152.67803955078125
2022-11-15 09:21:25,908 - INFO: global_step=324593, episodic_return=-73.19046020507812
2022-11-15 09:21:27,794 - INFO: global_step=325593, episodic_return=-115.3762435913086
2022-11-15 09:21:29,233 - INFO: global_step=326593, episodic_return=-62.86344528198242
2022-11-15 09:21:30,665 - INFO: global_step=327593, episodic_return=-123.28857421875
2022-11-15 09:21:32,057 - INFO: global_step=328593, episodic_return=-86.053955078125
2022-11-15 09:21:33,210 - INFO: global_step=329593, episodic_return=-59.72198486328125
2022-11-15 09:21:34,970 - INFO: global_step=330593, episodic_return=-119.79449462890625
2022-11-15 09:21:36,111 - INFO: global_step=331593, episodic_return=-106.76612091064453
2022-11-15 09:21:37,651 - INFO: global_step=332593, episodic_return=-135.79966735839844
2022-11-15 09:21:39,077 - INFO: global_step=333593, episodic_return=-59.5328483581543
2022-11-15 09:21:40,557 - INFO: global_step=334593, episodic_return=-89.24089050292969
2022-11-15 09:21:42,324 - INFO: global_step=335593, episodic_return=-52.419315338134766
2022-11-15 09:21:43,472 - INFO: global_step=336593, episodic_return=-11.594218254089355
2022-11-15 09:21:44,386 - INFO: global_step=337359, episodic_return=202.12994384765625
2022-11-15 09:21:46,005 - INFO: global_step=338359, episodic_return=17.77371597290039
2022-11-15 09:21:47,798 - INFO: global_step=339359, episodic_return=-32.42912292480469
2022-11-15 09:21:49,135 - INFO: global_step=340359, episodic_return=-68.81954956054688
2022-11-15 09:21:50,348 - INFO: global_step=341359, episodic_return=-69.95337677001953
2022-11-15 09:21:51,975 - INFO: global_step=342359, episodic_return=-94.16138458251953
2022-11-15 09:21:53,143 - INFO: global_step=343359, episodic_return=92.99283599853516
2022-11-15 09:21:53,765 - INFO: global_step=343958, episodic_return=210.68850708007812
2022-11-15 09:21:54,384 - INFO: global_step=344558, episodic_return=-102.41099548339844
2022-11-15 09:21:55,722 - INFO: global_step=345397, episodic_return=160.653564453125
2022-11-15 09:21:55,995 - INFO: global_step=345745, episodic_return=-18.803634643554688
2022-11-15 09:21:56,160 - INFO: global_step=345990, episodic_return=-65.17501068115234
2022-11-15 09:21:56,313 - INFO: global_step=346196, episodic_return=-39.839847564697266
2022-11-15 09:21:57,802 - INFO: global_step=347196, episodic_return=-102.94049835205078
2022-11-15 09:21:59,579 - INFO: global_step=348161, episodic_return=150.7777862548828
2022-11-15 09:22:01,153 - INFO: global_step=349161, episodic_return=-61.68293762207031
2022-11-15 09:22:03,162 - INFO: global_step=350161, episodic_return=-36.774192810058594
2022-11-15 09:22:03,684 - INFO: global_step=350649, episodic_return=208.77777099609375
2022-11-15 09:22:05,060 - INFO: global_step=351649, episodic_return=-62.852352142333984
2022-11-15 09:22:06,694 - INFO: global_step=352649, episodic_return=-65.10928344726562
2022-11-15 09:22:07,979 - INFO: global_step=353649, episodic_return=0.6599252820014954
2022-11-15 09:22:10,341 - INFO: global_step=354649, episodic_return=-31.89356231689453
2022-11-15 09:22:12,087 - INFO: global_step=355649, episodic_return=-12.027044296264648
2022-11-15 09:22:13,610 - INFO: global_step=356649, episodic_return=28.980331420898438
2022-11-15 09:22:14,925 - INFO: global_step=357565, episodic_return=152.54208374023438
2022-11-15 09:22:16,454 - INFO: global_step=358565, episodic_return=-14.934121131896973
2022-11-15 09:22:17,780 - INFO: global_step=359565, episodic_return=-8.682985305786133
2022-11-15 09:22:19,318 - INFO: global_step=360409, episodic_return=142.16006469726562
2022-11-15 09:22:20,752 - INFO: global_step=361409, episodic_return=11.49502182006836
2022-11-15 09:22:22,220 - INFO: global_step=362409, episodic_return=-40.235084533691406
2022-11-15 09:22:23,765 - INFO: global_step=363409, episodic_return=-41.59040451049805
2022-11-15 09:22:25,302 - INFO: global_step=364409, episodic_return=71.03459167480469
2022-11-15 09:22:25,554 - INFO: global_step=364691, episodic_return=176.25186157226562
2022-11-15 09:22:27,093 - INFO: global_step=365691, episodic_return=125.87950134277344
2022-11-15 09:22:28,394 - INFO: global_step=366691, episodic_return=-3.5095837116241455
2022-11-15 09:22:28,648 - INFO: global_step=366978, episodic_return=197.2784423828125
2022-11-15 09:22:29,128 - INFO: global_step=367453, episodic_return=173.40060424804688
2022-11-15 09:22:29,722 - INFO: global_step=367984, episodic_return=138.2087860107422
2022-11-15 09:22:30,340 - INFO: global_step=368556, episodic_return=152.77157592773438
2022-11-15 09:22:32,594 - INFO: global_step=369556, episodic_return=33.12156677246094
2022-11-15 09:22:33,016 - INFO: global_step=369994, episodic_return=199.8758544921875
2022-11-15 09:22:33,136 - INFO: global_step=370175, episodic_return=-212.457763671875
2022-11-15 09:22:33,288 - INFO: global_step=370395, episodic_return=-51.81548309326172
2022-11-15 09:22:33,943 - INFO: global_step=371001, episodic_return=146.485107421875
2022-11-15 09:22:34,411 - INFO: global_step=371422, episodic_return=160.689208984375
2022-11-15 09:22:34,920 - INFO: global_step=371873, episodic_return=197.2388153076172
2022-11-15 09:22:35,701 - INFO: global_step=372487, episodic_return=156.2919158935547
2022-11-15 09:22:36,312 - INFO: global_step=373040, episodic_return=173.05552673339844
2022-11-15 09:22:36,601 - INFO: global_step=373353, episodic_return=242.0909881591797
2022-11-15 09:22:37,233 - INFO: global_step=373880, episodic_return=213.66954040527344
2022-11-15 09:22:37,776 - INFO: global_step=374434, episodic_return=256.9562683105469
2022-11-15 09:22:37,884 - INFO: global_step=374579, episodic_return=-166.6005859375
2022-11-15 09:22:38,126 - INFO: global_step=374834, episodic_return=284.16058349609375
2022-11-15 09:22:38,315 - INFO: global_step=375071, episodic_return=13.086639404296875
2022-11-15 09:22:38,692 - INFO: global_step=375462, episodic_return=245.65780639648438
2022-11-15 09:22:39,517 - INFO: global_step=376108, episodic_return=150.27615356445312
2022-11-15 09:22:39,855 - INFO: global_step=376438, episodic_return=224.20558166503906
2022-11-15 09:22:40,811 - INFO: global_step=377292, episodic_return=146.3922882080078
2022-11-15 09:22:41,255 - INFO: global_step=377648, episodic_return=234.81649780273438
2022-11-15 09:22:41,849 - INFO: global_step=378097, episodic_return=197.38458251953125
2022-11-15 09:22:43,276 - INFO: global_step=378852, episodic_return=182.360107421875
2022-11-15 09:22:43,695 - INFO: global_step=379249, episodic_return=-53.74480438232422
2022-11-15 09:22:44,787 - INFO: global_step=380050, episodic_return=156.561279296875
2022-11-15 09:22:46,586 - INFO: global_step=381050, episodic_return=28.315990447998047
2022-11-15 09:22:47,646 - INFO: global_step=381729, episodic_return=156.3491668701172
2022-11-15 09:22:48,232 - INFO: global_step=382324, episodic_return=167.70101928710938
2022-11-15 09:22:49,051 - INFO: global_step=383022, episodic_return=120.81742858886719
2022-11-15 09:22:49,375 - INFO: global_step=383332, episodic_return=-51.623226165771484
2022-11-15 09:22:49,820 - INFO: global_step=383764, episodic_return=174.10122680664062
2022-11-15 09:22:50,034 - INFO: global_step=384076, episodic_return=270.2764892578125
2022-11-15 09:22:50,495 - INFO: global_step=384492, episodic_return=203.58575439453125
2022-11-15 09:22:50,757 - INFO: global_step=384790, episodic_return=285.54339599609375
2022-11-15 09:22:51,103 - INFO: global_step=385216, episodic_return=234.99331665039062
2022-11-15 09:22:51,221 - INFO: global_step=385398, episodic_return=47.73332214355469
2022-11-15 09:22:52,152 - INFO: global_step=386149, episodic_return=177.14324951171875
2022-11-15 09:22:52,516 - INFO: global_step=386423, episodic_return=281.177734375
2022-11-15 09:22:53,886 - INFO: global_step=387390, episodic_return=199.87741088867188
2022-11-15 09:22:54,522 - INFO: global_step=387931, episodic_return=202.8366241455078
2022-11-15 09:22:54,914 - INFO: global_step=388250, episodic_return=282.5483703613281
2022-11-15 09:22:55,418 - INFO: global_step=388666, episodic_return=236.70606994628906
2022-11-15 09:22:55,920 - INFO: global_step=389157, episodic_return=211.81234741210938
2022-11-15 09:22:56,070 - INFO: global_step=389334, episodic_return=6.5323486328125
2022-11-15 09:22:56,549 - INFO: global_step=389773, episodic_return=242.48953247070312
2022-11-15 09:22:56,926 - INFO: global_step=390191, episodic_return=-100.48722076416016
2022-11-15 09:22:57,267 - INFO: global_step=390580, episodic_return=262.0029296875
2022-11-15 09:22:57,497 - INFO: global_step=390873, episodic_return=-21.222946166992188
2022-11-15 09:22:57,711 - INFO: global_step=391167, episodic_return=-55.79826354980469
2022-11-15 09:22:58,288 - INFO: global_step=391703, episodic_return=251.68463134765625
2022-11-15 09:22:59,149 - INFO: global_step=392375, episodic_return=232.22738647460938
2022-11-15 09:22:59,503 - INFO: global_step=392762, episodic_return=194.42276000976562
2022-11-15 09:22:59,919 - INFO: global_step=393193, episodic_return=-83.46296691894531
2022-11-15 09:23:00,314 - INFO: global_step=393604, episodic_return=201.26760864257812
2022-11-15 09:23:02,568 - INFO: global_step=394604, episodic_return=24.644041061401367
2022-11-15 09:23:04,212 - INFO: global_step=395604, episodic_return=34.869293212890625
2022-11-15 09:23:05,617 - INFO: global_step=396604, episodic_return=-32.63194274902344
2022-11-15 09:23:07,736 - INFO: global_step=397604, episodic_return=82.058837890625
2022-11-15 09:23:09,442 - INFO: global_step=398604, episodic_return=114.47218322753906
2022-11-15 09:23:10,002 - INFO: global_step=399135, episodic_return=238.92379760742188
2022-11-15 09:23:10,110 - INFO: global_step=399305, episodic_return=-81.9098892211914
2022-11-15 09:23:10,702 - INFO: global_step=399851, episodic_return=223.4345703125
2022-11-15 09:23:12,332 - INFO: global_step=400851, episodic_return=101.44229125976562
2022-11-15 09:23:13,920 - INFO: global_step=401851, episodic_return=-29.858774185180664
2022-11-15 09:23:15,383 - INFO: global_step=402851, episodic_return=169.22642517089844
2022-11-15 09:23:15,502 - INFO: global_step=403033, episodic_return=3.8288497924804688
2022-11-15 09:23:15,585 - INFO: global_step=403172, episodic_return=-24.489303588867188
2022-11-15 09:23:16,996 - INFO: global_step=404172, episodic_return=89.3795394897461
2022-11-15 09:23:17,925 - INFO: global_step=404886, episodic_return=260.21722412109375
2022-11-15 09:23:19,344 - INFO: global_step=405802, episodic_return=119.46971130371094
2022-11-15 09:23:20,183 - INFO: global_step=406506, episodic_return=173.43313598632812
2022-11-15 09:23:20,882 - INFO: global_step=407146, episodic_return=170.83743286132812
2022-11-15 09:23:21,855 - INFO: global_step=407838, episodic_return=151.91934204101562
2022-11-15 09:23:23,303 - INFO: global_step=408838, episodic_return=-11.71643352508545
2022-11-15 09:23:23,612 - INFO: global_step=409197, episodic_return=292.2010498046875
2022-11-15 09:23:25,121 - INFO: global_step=410197, episodic_return=8.328840255737305
2022-11-15 09:23:25,534 - INFO: global_step=410646, episodic_return=244.88792419433594
2022-11-15 09:23:27,101 - INFO: global_step=411578, episodic_return=166.96755981445312
2022-11-15 09:23:28,379 - INFO: global_step=412494, episodic_return=251.71507263183594
2022-11-15 09:23:29,797 - INFO: global_step=413494, episodic_return=176.6741180419922
2022-11-15 09:23:30,047 - INFO: global_step=413820, episodic_return=238.77633666992188
2022-11-15 09:23:30,271 - INFO: global_step=414108, episodic_return=257.5566101074219
2022-11-15 09:23:30,772 - INFO: global_step=414599, episodic_return=253.51846313476562
2022-11-15 09:23:31,640 - INFO: global_step=414984, episodic_return=164.74026489257812
2022-11-15 09:23:31,868 - INFO: global_step=415253, episodic_return=231.65509033203125
2022-11-15 09:23:32,819 - INFO: global_step=415538, episodic_return=240.10064697265625
2022-11-15 09:23:33,042 - INFO: global_step=415799, episodic_return=270.30755615234375
2022-11-15 09:23:33,270 - INFO: global_step=416067, episodic_return=243.8127899169922
2022-11-15 09:23:33,660 - INFO: global_step=416453, episodic_return=215.99594116210938
2022-11-15 09:23:33,879 - INFO: global_step=416721, episodic_return=252.58663940429688
2022-11-15 09:23:34,090 - INFO: global_step=416946, episodic_return=293.56317138671875
2022-11-15 09:23:34,497 - INFO: global_step=417367, episodic_return=276.34307861328125
2022-11-15 09:23:34,703 - INFO: global_step=417595, episodic_return=306.6526794433594
2022-11-15 09:23:34,963 - INFO: global_step=417871, episodic_return=218.9449462890625
2022-11-15 09:23:35,194 - INFO: global_step=418152, episodic_return=233.6820831298828
2022-11-15 09:23:35,406 - INFO: global_step=418408, episodic_return=291.2645263671875
2022-11-15 09:23:35,518 - INFO: global_step=418563, episodic_return=-148.59632873535156
2022-11-15 09:23:35,891 - INFO: global_step=419002, episodic_return=270.8052978515625
2022-11-15 09:23:36,102 - INFO: global_step=419268, episodic_return=208.37298583984375
2022-11-15 09:23:36,999 - INFO: global_step=420047, episodic_return=145.42935180664062
2022-11-15 09:23:37,286 - INFO: global_step=420350, episodic_return=271.7433776855469
2022-11-15 09:23:37,462 - INFO: global_step=420593, episodic_return=277.7821044921875
2022-11-15 09:23:37,756 - INFO: global_step=420916, episodic_return=200.69091796875
2022-11-15 09:23:38,199 - INFO: global_step=421361, episodic_return=160.44985961914062
2022-11-15 09:23:38,576 - INFO: global_step=421761, episodic_return=176.33010864257812
2022-11-15 09:23:39,141 - INFO: global_step=422238, episodic_return=164.1337432861328
2022-11-15 09:23:39,413 - INFO: global_step=422557, episodic_return=188.87850952148438
2022-11-15 09:23:39,555 - INFO: global_step=422771, episodic_return=21.655494689941406
2022-11-15 09:23:40,328 - INFO: global_step=423409, episodic_return=152.6894073486328
2022-11-15 09:23:40,953 - INFO: global_step=423977, episodic_return=217.370849609375
2022-11-15 09:23:42,227 - INFO: global_step=424833, episodic_return=131.7599639892578
2022-11-15 09:23:42,521 - INFO: global_step=425163, episodic_return=268.6790771484375
2022-11-15 09:23:43,320 - INFO: global_step=425811, episodic_return=202.6981658935547
2022-11-15 09:23:43,875 - INFO: global_step=426268, episodic_return=269.6863708496094
2022-11-15 09:23:44,363 - INFO: global_step=426772, episodic_return=224.4347686767578
2022-11-15 09:23:45,035 - INFO: global_step=427318, episodic_return=192.88119506835938
2022-11-15 09:23:45,942 - INFO: global_step=427942, episodic_return=202.28640747070312
2022-11-15 09:23:46,406 - INFO: global_step=428389, episodic_return=242.94888305664062
2022-11-15 09:23:47,295 - INFO: global_step=429032, episodic_return=162.93801879882812
2022-11-15 09:23:47,735 - INFO: global_step=429489, episodic_return=227.52102661132812
2022-11-15 09:23:48,234 - INFO: global_step=430020, episodic_return=195.06576538085938
2022-11-15 09:23:48,643 - INFO: global_step=430409, episodic_return=221.76968383789062
2022-11-15 09:23:48,915 - INFO: global_step=430743, episodic_return=256.3973388671875
2022-11-15 09:23:50,077 - INFO: global_step=431410, episodic_return=237.51466369628906
2022-11-15 09:23:50,405 - INFO: global_step=431760, episodic_return=223.04615783691406
2022-11-15 09:23:50,751 - INFO: global_step=432095, episodic_return=253.60934448242188
2022-11-15 09:23:51,053 - INFO: global_step=432428, episodic_return=267.6893615722656
2022-11-15 09:23:51,454 - INFO: global_step=432803, episodic_return=232.70037841796875
2022-11-15 09:23:52,063 - INFO: global_step=433229, episodic_return=245.76803588867188
2022-11-15 09:23:52,389 - INFO: global_step=433541, episodic_return=283.00469970703125
2022-11-15 09:23:52,675 - INFO: global_step=433890, episodic_return=272.25408935546875
2022-11-15 09:23:52,990 - INFO: global_step=434225, episodic_return=217.55116271972656
2022-11-15 09:23:53,299 - INFO: global_step=434577, episodic_return=247.6957244873047
2022-11-15 09:23:53,523 - INFO: global_step=434871, episodic_return=240.84022521972656
2022-11-15 09:23:53,846 - INFO: global_step=435218, episodic_return=272.64739990234375
2022-11-15 09:23:54,072 - INFO: global_step=435510, episodic_return=262.90789794921875
2022-11-15 09:23:54,338 - INFO: global_step=435856, episodic_return=8.398147583007812
2022-11-15 09:23:54,507 - INFO: global_step=436120, episodic_return=-18.084396362304688
2022-11-15 09:23:54,597 - INFO: global_step=436241, episodic_return=-206.09132385253906
2022-11-15 09:23:54,716 - INFO: global_step=436374, episodic_return=45.168487548828125
2022-11-15 09:23:55,294 - INFO: global_step=436872, episodic_return=188.07730102539062
2022-11-15 09:23:55,444 - INFO: global_step=437088, episodic_return=312.74688720703125
2022-11-15 09:23:55,589 - INFO: global_step=437287, episodic_return=-6.1350860595703125
2022-11-15 09:23:55,810 - INFO: global_step=437609, episodic_return=247.05062866210938
2022-11-15 09:23:55,958 - INFO: global_step=437843, episodic_return=278.3648986816406
2022-11-15 09:23:56,624 - INFO: global_step=438542, episodic_return=173.82366943359375
2022-11-15 09:23:56,907 - INFO: global_step=438885, episodic_return=277.4808349609375
2022-11-15 09:23:57,228 - INFO: global_step=439236, episodic_return=192.02842712402344
2022-11-15 09:23:57,499 - INFO: global_step=439578, episodic_return=275.52569580078125
2022-11-15 09:23:57,752 - INFO: global_step=439878, episodic_return=243.10931396484375
2022-11-15 09:23:57,951 - INFO: global_step=440143, episodic_return=238.19866943359375
2022-11-15 09:23:58,186 - INFO: global_step=440442, episodic_return=273.6581726074219
2022-11-15 09:23:58,368 - INFO: global_step=440693, episodic_return=222.24008178710938
2022-11-15 09:23:58,977 - INFO: global_step=441328, episodic_return=195.97189331054688
2022-11-15 09:23:59,155 - INFO: global_step=441579, episodic_return=42.39830017089844
2022-11-15 09:23:59,870 - INFO: global_step=442144, episodic_return=201.22280883789062
2022-11-15 09:24:00,285 - INFO: global_step=442562, episodic_return=209.546630859375
2022-11-15 09:24:00,591 - INFO: global_step=442919, episodic_return=240.50741577148438
2022-11-15 09:24:01,658 - INFO: global_step=443919, episodic_return=99.29581451416016
2022-11-15 09:24:02,299 - INFO: global_step=444511, episodic_return=194.0223388671875
2022-11-15 09:24:02,667 - INFO: global_step=444887, episodic_return=256.108154296875
2022-11-15 09:24:03,239 - INFO: global_step=445400, episodic_return=201.91281127929688
2022-11-15 09:24:03,645 - INFO: global_step=445816, episodic_return=-37.099124908447266
2022-11-15 09:24:04,091 - INFO: global_step=446250, episodic_return=238.02284240722656
2022-11-15 09:24:04,462 - INFO: global_step=446669, episodic_return=-44.43375778198242
2022-11-15 09:24:05,131 - INFO: global_step=447249, episodic_return=162.59378051757812
2022-11-15 09:24:05,754 - INFO: global_step=447877, episodic_return=-167.31092834472656
2022-11-15 09:24:06,453 - INFO: global_step=448547, episodic_return=-196.3944091796875
2022-11-15 09:24:07,977 - INFO: global_step=449547, episodic_return=-63.49467086791992
2022-11-15 09:24:09,196 - INFO: global_step=450547, episodic_return=-68.36235809326172
2022-11-15 09:24:10,518 - INFO: global_step=451547, episodic_return=-86.96915435791016
2022-11-15 09:24:11,905 - INFO: global_step=452547, episodic_return=-135.268798828125
2022-11-15 09:24:13,230 - INFO: global_step=453547, episodic_return=-98.0404281616211
2022-11-15 09:24:15,037 - INFO: global_step=454547, episodic_return=-91.01380157470703
2022-11-15 09:24:15,164 - INFO: global_step=454688, episodic_return=-117.08116149902344
2022-11-15 09:24:16,887 - INFO: global_step=455688, episodic_return=-24.362472534179688
2022-11-15 09:24:18,584 - INFO: global_step=456688, episodic_return=6.711660385131836
2022-11-15 09:24:20,614 - INFO: global_step=457688, episodic_return=-35.65264129638672
2022-11-15 09:24:22,487 - INFO: global_step=458688, episodic_return=-51.257076263427734
2022-11-15 09:24:24,502 - INFO: global_step=459688, episodic_return=-7.243884563446045
2022-11-15 09:24:26,050 - INFO: global_step=460688, episodic_return=-44.44377899169922
2022-11-15 09:24:27,882 - INFO: global_step=461688, episodic_return=-16.240741729736328
2022-11-15 09:24:29,007 - INFO: global_step=462688, episodic_return=-37.927669525146484
2022-11-15 09:24:30,739 - INFO: global_step=463688, episodic_return=-67.54016876220703
2022-11-15 09:24:32,089 - INFO: global_step=464688, episodic_return=-27.435638427734375
2022-11-15 09:24:33,315 - INFO: global_step=465688, episodic_return=-22.529640197753906
2022-11-15 09:24:34,458 - INFO: global_step=466688, episodic_return=-50.43628692626953
2022-11-15 09:24:35,845 - INFO: global_step=467688, episodic_return=-56.59614562988281
2022-11-15 09:24:37,220 - INFO: global_step=468688, episodic_return=-50.14076232910156
2022-11-15 09:24:38,208 - INFO: global_step=469688, episodic_return=-42.25962829589844
2022-11-15 09:24:39,673 - INFO: global_step=470688, episodic_return=-36.70075225830078
2022-11-15 09:24:41,018 - INFO: global_step=471688, episodic_return=-30.201387405395508
2022-11-15 09:24:43,191 - INFO: global_step=472678, episodic_return=95.85637664794922
2022-11-15 09:24:44,445 - INFO: global_step=473470, episodic_return=202.91741943359375
2022-11-15 09:24:46,308 - INFO: global_step=474470, episodic_return=-72.98770904541016
2022-11-15 09:24:46,845 - INFO: global_step=474959, episodic_return=251.9561767578125
2022-11-15 09:24:48,016 - INFO: global_step=475959, episodic_return=-16.953001022338867
2022-11-15 09:24:49,834 - INFO: global_step=476926, episodic_return=140.28179931640625
2022-11-15 09:24:50,686 - INFO: global_step=477727, episodic_return=182.76251220703125
2022-11-15 09:24:51,954 - INFO: global_step=478727, episodic_return=73.76182556152344
2022-11-15 09:24:52,452 - INFO: global_step=479171, episodic_return=242.53451538085938
2022-11-15 09:24:52,916 - INFO: global_step=479612, episodic_return=237.4728240966797
2022-11-15 09:24:53,270 - INFO: global_step=479993, episodic_return=235.02435302734375
2022-11-15 09:24:54,168 - INFO: global_step=480858, episodic_return=207.388916015625
2022-11-15 09:24:54,681 - INFO: global_step=481252, episodic_return=219.3743896484375
2022-11-15 09:24:55,100 - INFO: global_step=481696, episodic_return=233.85104370117188
2022-11-15 09:24:55,495 - INFO: global_step=482102, episodic_return=245.0211944580078
2022-11-15 09:24:56,621 - INFO: global_step=483102, episodic_return=54.55918502807617
2022-11-15 09:24:57,974 - INFO: global_step=484102, episodic_return=100.2733154296875
2022-11-15 09:24:58,424 - INFO: global_step=484558, episodic_return=261.6280517578125
2022-11-15 09:24:58,956 - INFO: global_step=485056, episodic_return=196.53512573242188
2022-11-15 09:25:00,050 - INFO: global_step=485842, episodic_return=124.4434814453125
2022-11-15 09:25:01,711 - INFO: global_step=486760, episodic_return=109.63275909423828
2022-11-15 09:25:02,456 - INFO: global_step=487296, episodic_return=250.9164276123047
2022-11-15 09:25:03,457 - INFO: global_step=487756, episodic_return=243.19085693359375
2022-11-15 09:25:03,960 - INFO: global_step=488197, episodic_return=266.0570068359375
2022-11-15 09:25:04,552 - INFO: global_step=488695, episodic_return=218.7007598876953
2022-11-15 09:25:04,970 - INFO: global_step=489095, episodic_return=245.71900939941406
2022-11-15 09:25:05,455 - INFO: global_step=489588, episodic_return=233.41015625
2022-11-15 09:25:05,858 - INFO: global_step=489989, episodic_return=239.53514099121094
2022-11-15 09:25:06,727 - INFO: global_step=490694, episodic_return=253.4328155517578
2022-11-15 09:25:07,109 - INFO: global_step=491070, episodic_return=245.9558868408203
2022-11-15 09:25:07,464 - INFO: global_step=491471, episodic_return=244.82241821289062
2022-11-15 09:25:07,695 - INFO: global_step=491762, episodic_return=262.14349365234375
2022-11-15 09:25:08,251 - INFO: global_step=492308, episodic_return=210.0614776611328
2022-11-15 09:25:08,492 - INFO: global_step=492587, episodic_return=238.00840759277344
2022-11-15 09:25:08,939 - INFO: global_step=493007, episodic_return=244.25582885742188
2022-11-15 09:25:09,223 - INFO: global_step=493305, episodic_return=282.78668212890625
2022-11-15 09:25:09,702 - INFO: global_step=493758, episodic_return=195.626953125
2022-11-15 09:25:10,292 - INFO: global_step=494283, episodic_return=258.4981689453125
2022-11-15 09:25:10,905 - INFO: global_step=494796, episodic_return=247.0555877685547
2022-11-15 09:25:11,540 - INFO: global_step=495295, episodic_return=252.3157196044922
2022-11-15 09:25:11,860 - INFO: global_step=495633, episodic_return=265.3476867675781
2022-11-15 09:25:13,160 - INFO: global_step=496476, episodic_return=267.00262451171875
2022-11-15 09:25:13,432 - INFO: global_step=496735, episodic_return=242.69187927246094
2022-11-15 09:25:14,128 - INFO: global_step=497306, episodic_return=263.665771484375
2022-11-15 09:25:14,354 - INFO: global_step=497602, episodic_return=277.17352294921875
2022-11-15 09:25:14,526 - INFO: global_step=497847, episodic_return=284.88409423828125
2022-11-15 09:25:14,678 - INFO: global_step=498061, episodic_return=271.1990966796875
2022-11-15 09:25:14,809 - INFO: global_step=498259, episodic_return=281.4188232421875
2022-11-15 09:25:14,981 - INFO: global_step=498500, episodic_return=297.1520080566406
2022-11-15 09:25:15,223 - INFO: global_step=498804, episodic_return=257.24481201171875
2022-11-15 09:25:15,511 - INFO: global_step=499103, episodic_return=255.2044219970703
2022-11-15 09:25:15,593 - INFO: global_step=499216, episodic_return=33.90901184082031
2022-11-15 09:25:15,745 - INFO: global_step=499416, episodic_return=281.8236083984375
2022-11-15 09:25:15,896 - INFO: global_step=499631, episodic_return=261.5291748046875
2022-11-15 09:25:16,054 - INFO: global_step=499860, episodic_return=265.187744140625
2022-11-15 09:25:16,134 - INFO: The average reward of last 20 steps: 252.08586959838868
