2022-11-15 01:58:55,346 - INFO: +--------------------------+----------------+
| Parameter                | Value          |
+--------------------------+----------------+
| exp_name                 | dqn            |
+--------------------------+----------------+
| seed                     | 42             |
+--------------------------+----------------+
| total_timesteps          | 500000         |
+--------------------------+----------------+
| learning_rate            | 0.001          |
+--------------------------+----------------+
| buffer_size              | 2000           |
+--------------------------+----------------+
| gamma                    | 0.982          |
+--------------------------+----------------+
| target_network_frequency | 50             |
+--------------------------+----------------+
| batch_size               | 128            |
+--------------------------+----------------+
| start_e                  | 1              |
+--------------------------+----------------+
| end_e                    | 0              |
+--------------------------+----------------+
| exploration_fraction     | 0.300          |
+--------------------------+----------------+
| learning_starts          | 10000          |
+--------------------------+----------------+
| train_frequency          | 10             |
+--------------------------+----------------+
| env_id                   | LunarLander-v2 |
+--------------------------+----------------+
2022-11-15 01:58:56,814 - INFO: global_step=122, episodic_return=-351.156494140625
2022-11-15 01:58:57,835 - INFO: global_step=213, episodic_return=-123.88553619384766
2022-11-15 01:58:57,848 - INFO: global_step=279, episodic_return=-204.14816284179688
2022-11-15 01:58:57,862 - INFO: global_step=366, episodic_return=-104.00199890136719
2022-11-15 01:58:57,872 - INFO: global_step=432, episodic_return=-288.47857666015625
2022-11-15 01:58:57,901 - INFO: global_step=527, episodic_return=-115.15879821777344
2022-11-15 01:58:57,945 - INFO: global_step=660, episodic_return=-123.95240783691406
2022-11-15 01:58:57,975 - INFO: global_step=751, episodic_return=-451.98492431640625
2022-11-15 01:58:58,003 - INFO: global_step=840, episodic_return=-10.170394897460938
2022-11-15 01:58:58,033 - INFO: global_step=938, episodic_return=-544.9169311523438
2022-11-15 01:58:58,051 - INFO: global_step=1000, episodic_return=-59.101165771484375
2022-11-15 01:58:58,074 - INFO: global_step=1095, episodic_return=-128.5595703125
2022-11-15 01:58:58,094 - INFO: global_step=1185, episodic_return=32.35887145996094
2022-11-15 01:58:58,111 - INFO: global_step=1263, episodic_return=-120.51191711425781
2022-11-15 01:58:58,135 - INFO: global_step=1376, episodic_return=-240.95220947265625
2022-11-15 01:58:58,149 - INFO: global_step=1440, episodic_return=-113.04329681396484
2022-11-15 01:58:58,165 - INFO: global_step=1523, episodic_return=-292.4645080566406
2022-11-15 01:58:58,179 - INFO: global_step=1591, episodic_return=-142.3686065673828
2022-11-15 01:58:58,209 - INFO: global_step=1714, episodic_return=-192.91864013671875
2022-11-15 01:58:58,243 - INFO: global_step=1848, episodic_return=-33.1302490234375
2022-11-15 01:58:58,259 - INFO: global_step=1929, episodic_return=-117.00516510009766
2022-11-15 01:58:58,274 - INFO: global_step=1995, episodic_return=-100.87690734863281
2022-11-15 01:58:58,296 - INFO: global_step=2085, episodic_return=-340.9490966796875
2022-11-15 01:58:58,314 - INFO: global_step=2168, episodic_return=-380.2647705078125
2022-11-15 01:58:58,338 - INFO: global_step=2265, episodic_return=-203.24241638183594
2022-11-15 01:58:58,362 - INFO: global_step=2369, episodic_return=-109.96588134765625
2022-11-15 01:58:58,377 - INFO: global_step=2443, episodic_return=-135.73965454101562
2022-11-15 01:58:58,391 - INFO: global_step=2506, episodic_return=-81.58081817626953
2022-11-15 01:58:58,402 - INFO: global_step=2568, episodic_return=-88.7947769165039
2022-11-15 01:58:58,417 - INFO: global_step=2636, episodic_return=-88.8995361328125
2022-11-15 01:58:58,438 - INFO: global_step=2733, episodic_return=-230.88720703125
2022-11-15 01:58:58,457 - INFO: global_step=2822, episodic_return=-18.646835327148438
2022-11-15 01:58:58,471 - INFO: global_step=2899, episodic_return=-334.950927734375
2022-11-15 01:58:58,487 - INFO: global_step=2999, episodic_return=-414.1154479980469
2022-11-15 01:58:58,502 - INFO: global_step=3078, episodic_return=-117.3449935913086
2022-11-15 01:58:58,526 - INFO: global_step=3162, episodic_return=-130.36778259277344
2022-11-15 01:58:58,560 - INFO: global_step=3274, episodic_return=-286.9859924316406
2022-11-15 01:58:58,586 - INFO: global_step=3372, episodic_return=-171.7584228515625
2022-11-15 01:58:58,615 - INFO: global_step=3479, episodic_return=-200.83139038085938
2022-11-15 01:58:58,643 - INFO: global_step=3584, episodic_return=-187.0595245361328
2022-11-15 01:58:58,663 - INFO: global_step=3656, episodic_return=-91.53981018066406
2022-11-15 01:58:58,692 - INFO: global_step=3753, episodic_return=-326.4703674316406
2022-11-15 01:58:58,731 - INFO: global_step=3874, episodic_return=-194.8815460205078
2022-11-15 01:58:58,752 - INFO: global_step=3946, episodic_return=-246.89645385742188
2022-11-15 01:58:58,788 - INFO: global_step=4063, episodic_return=-200.86459350585938
2022-11-15 01:58:58,810 - INFO: global_step=4136, episodic_return=-306.5328369140625
2022-11-15 01:58:58,834 - INFO: global_step=4211, episodic_return=-315.8104248046875
2022-11-15 01:58:58,862 - INFO: global_step=4307, episodic_return=-228.82456970214844
2022-11-15 01:58:58,890 - INFO: global_step=4404, episodic_return=-115.40833282470703
2022-11-15 01:58:58,908 - INFO: global_step=4499, episodic_return=-149.8893280029297
2022-11-15 01:58:58,927 - INFO: global_step=4562, episodic_return=-78.78990173339844
2022-11-15 01:58:58,957 - INFO: global_step=4649, episodic_return=-139.7627410888672
2022-11-15 01:58:58,992 - INFO: global_step=4765, episodic_return=-129.5054168701172
2022-11-15 01:58:59,019 - INFO: global_step=4850, episodic_return=-181.1846923828125
2022-11-15 01:58:59,036 - INFO: global_step=4915, episodic_return=-91.74995422363281
2022-11-15 01:58:59,060 - INFO: global_step=5001, episodic_return=-383.6564025878906
2022-11-15 01:58:59,087 - INFO: global_step=5092, episodic_return=-233.29249572753906
2022-11-15 01:58:59,115 - INFO: global_step=5183, episodic_return=-123.42999267578125
2022-11-15 01:58:59,135 - INFO: global_step=5250, episodic_return=-186.33676147460938
2022-11-15 01:58:59,149 - INFO: global_step=5303, episodic_return=-141.74935913085938
2022-11-15 01:58:59,184 - INFO: global_step=5414, episodic_return=-81.30093383789062
2022-11-15 01:58:59,219 - INFO: global_step=5503, episodic_return=-367.4712829589844
2022-11-15 01:58:59,257 - INFO: global_step=5597, episodic_return=14.336578369140625
2022-11-15 01:58:59,284 - INFO: global_step=5679, episodic_return=-97.21914672851562
2022-11-15 01:58:59,322 - INFO: global_step=5785, episodic_return=-112.02980041503906
2022-11-15 01:58:59,356 - INFO: global_step=5873, episodic_return=-112.90186309814453
2022-11-15 01:58:59,411 - INFO: global_step=6000, episodic_return=-119.21907043457031
2022-11-15 01:58:59,429 - INFO: global_step=6063, episodic_return=-106.29399871826172
2022-11-15 01:58:59,462 - INFO: global_step=6169, episodic_return=-141.94351196289062
2022-11-15 01:58:59,488 - INFO: global_step=6263, episodic_return=-464.0954895019531
2022-11-15 01:58:59,510 - INFO: global_step=6348, episodic_return=-108.95002746582031
2022-11-15 01:58:59,535 - INFO: global_step=6426, episodic_return=-118.80679321289062
2022-11-15 01:58:59,572 - INFO: global_step=6549, episodic_return=-38.187007904052734
2022-11-15 01:58:59,592 - INFO: global_step=6616, episodic_return=-114.25172424316406
2022-11-15 01:58:59,618 - INFO: global_step=6708, episodic_return=-43.56886291503906
2022-11-15 01:58:59,655 - INFO: global_step=6793, episodic_return=-366.055419921875
2022-11-15 01:58:59,693 - INFO: global_step=6919, episodic_return=-237.0939483642578
2022-11-15 01:58:59,723 - INFO: global_step=7036, episodic_return=-118.12294006347656
2022-11-15 01:58:59,735 - INFO: global_step=7093, episodic_return=-128.4432373046875
2022-11-15 01:58:59,747 - INFO: global_step=7152, episodic_return=-67.50908660888672
2022-11-15 01:58:59,776 - INFO: global_step=7267, episodic_return=-509.0172424316406
2022-11-15 01:58:59,793 - INFO: global_step=7346, episodic_return=-192.7995147705078
2022-11-15 01:58:59,820 - INFO: global_step=7468, episodic_return=-120.53264617919922
2022-11-15 01:58:59,833 - INFO: global_step=7527, episodic_return=-110.41256713867188
2022-11-15 01:58:59,867 - INFO: global_step=7654, episodic_return=-246.0706329345703
2022-11-15 01:58:59,898 - INFO: global_step=7750, episodic_return=-105.33406066894531
2022-11-15 01:58:59,916 - INFO: global_step=7835, episodic_return=-79.96234130859375
2022-11-15 01:58:59,947 - INFO: global_step=7921, episodic_return=-430.8428955078125
2022-11-15 01:58:59,978 - INFO: global_step=8012, episodic_return=-119.8069076538086
2022-11-15 01:59:00,007 - INFO: global_step=8088, episodic_return=-260.85736083984375
2022-11-15 01:59:00,039 - INFO: global_step=8184, episodic_return=-118.07976531982422
2022-11-15 01:59:00,081 - INFO: global_step=8279, episodic_return=-138.84910583496094
2022-11-15 01:59:00,114 - INFO: global_step=8351, episodic_return=-227.05538940429688
2022-11-15 01:59:00,142 - INFO: global_step=8431, episodic_return=-216.32122802734375
2022-11-15 01:59:00,164 - INFO: global_step=8499, episodic_return=-132.33572387695312
2022-11-15 01:59:00,195 - INFO: global_step=8605, episodic_return=-330.3504333496094
2022-11-15 01:59:00,213 - INFO: global_step=8668, episodic_return=-152.79739379882812
2022-11-15 01:59:00,254 - INFO: global_step=8792, episodic_return=-218.33905029296875
2022-11-15 01:59:00,283 - INFO: global_step=8882, episodic_return=-462.9449462890625
2022-11-15 01:59:00,306 - INFO: global_step=8948, episodic_return=-177.48202514648438
2022-11-15 01:59:00,334 - INFO: global_step=9031, episodic_return=-93.6500015258789
2022-11-15 01:59:00,363 - INFO: global_step=9127, episodic_return=-186.71713256835938
2022-11-15 01:59:00,388 - INFO: global_step=9206, episodic_return=-141.25930786132812
2022-11-15 01:59:00,428 - INFO: global_step=9350, episodic_return=-108.24091339111328
2022-11-15 01:59:00,448 - INFO: global_step=9445, episodic_return=-163.11814880371094
2022-11-15 01:59:00,464 - INFO: global_step=9513, episodic_return=-201.11013793945312
2022-11-15 01:59:00,482 - INFO: global_step=9599, episodic_return=-109.38345336914062
2022-11-15 01:59:00,509 - INFO: global_step=9709, episodic_return=-189.20767211914062
2022-11-15 01:59:00,523 - INFO: global_step=9780, episodic_return=-195.97474670410156
2022-11-15 01:59:00,554 - INFO: global_step=9906, episodic_return=-100.59768676757812
2022-11-15 01:59:00,567 - INFO: global_step=9968, episodic_return=-48.64687728881836
2022-11-15 01:59:00,635 - INFO: global_step=10084, episodic_return=-338.3947448730469
2022-11-15 01:59:00,712 - INFO: global_step=10230, episodic_return=-183.0200958251953
2022-11-15 01:59:00,801 - INFO: global_step=10383, episodic_return=-319.7008056640625
2022-11-15 01:59:00,845 - INFO: global_step=10485, episodic_return=-131.94041442871094
2022-11-15 01:59:00,918 - INFO: global_step=10592, episodic_return=-318.4520263671875
2022-11-15 01:59:00,973 - INFO: global_step=10693, episodic_return=-87.22798919677734
2022-11-15 01:59:01,047 - INFO: global_step=10837, episodic_return=-91.00296020507812
2022-11-15 01:59:01,070 - INFO: global_step=10899, episodic_return=-98.39595031738281
2022-11-15 01:59:01,135 - INFO: global_step=11037, episodic_return=-327.91131591796875
2022-11-15 01:59:01,187 - INFO: global_step=11146, episodic_return=-391.6206970214844
2022-11-15 01:59:01,220 - INFO: global_step=11220, episodic_return=-78.83035278320312
2022-11-15 01:59:01,263 - INFO: global_step=11297, episodic_return=-136.388427734375
2022-11-15 01:59:01,305 - INFO: global_step=11372, episodic_return=-76.22061920166016
2022-11-15 01:59:01,353 - INFO: global_step=11459, episodic_return=-323.32598876953125
2022-11-15 01:59:01,403 - INFO: global_step=11549, episodic_return=-365.6139831542969
2022-11-15 01:59:01,468 - INFO: global_step=11682, episodic_return=-45.18535614013672
2022-11-15 01:59:01,542 - INFO: global_step=11823, episodic_return=-282.23583984375
2022-11-15 01:59:01,608 - INFO: global_step=11944, episodic_return=-244.2024688720703
2022-11-15 01:59:01,645 - INFO: global_step=12023, episodic_return=-200.6533203125
2022-11-15 01:59:01,673 - INFO: global_step=12088, episodic_return=-69.23019409179688
2022-11-15 01:59:01,736 - INFO: global_step=12198, episodic_return=-110.65921783447266
2022-11-15 01:59:01,787 - INFO: global_step=12304, episodic_return=-193.6431884765625
2022-11-15 01:59:01,857 - INFO: global_step=12422, episodic_return=-226.04721069335938
2022-11-15 01:59:01,913 - INFO: global_step=12515, episodic_return=-193.53164672851562
2022-11-15 01:59:01,947 - INFO: global_step=12581, episodic_return=-228.18423461914062
2022-11-15 01:59:01,993 - INFO: global_step=12667, episodic_return=-104.02536010742188
2022-11-15 01:59:02,032 - INFO: global_step=12741, episodic_return=-142.0883026123047
2022-11-15 01:59:02,074 - INFO: global_step=12843, episodic_return=-161.77432250976562
2022-11-15 01:59:02,103 - INFO: global_step=12914, episodic_return=-35.592681884765625
2022-11-15 01:59:02,140 - INFO: global_step=13008, episodic_return=-97.81004333496094
2022-11-15 01:59:02,182 - INFO: global_step=13101, episodic_return=-186.5687255859375
2022-11-15 01:59:02,246 - INFO: global_step=13232, episodic_return=-169.39556884765625
2022-11-15 01:59:02,285 - INFO: global_step=13304, episodic_return=-188.82327270507812
2022-11-15 01:59:02,352 - INFO: global_step=13422, episodic_return=-199.96331787109375
2022-11-15 01:59:02,405 - INFO: global_step=13526, episodic_return=-108.54491424560547
2022-11-15 01:59:02,482 - INFO: global_step=13671, episodic_return=-87.94586181640625
2022-11-15 01:59:02,545 - INFO: global_step=13807, episodic_return=-225.7881622314453
2022-11-15 01:59:02,605 - INFO: global_step=13928, episodic_return=-106.81609344482422
2022-11-15 01:59:02,650 - INFO: global_step=14024, episodic_return=-233.9542236328125
2022-11-15 01:59:02,689 - INFO: global_step=14114, episodic_return=-375.9665832519531
2022-11-15 01:59:02,724 - INFO: global_step=14191, episodic_return=-182.44952392578125
2022-11-15 01:59:02,757 - INFO: global_step=14286, episodic_return=-272.70977783203125
2022-11-15 01:59:02,791 - INFO: global_step=14361, episodic_return=-76.91307830810547
2022-11-15 01:59:02,827 - INFO: global_step=14448, episodic_return=-136.80917358398438
2022-11-15 01:59:02,887 - INFO: global_step=14566, episodic_return=-213.6204071044922
2022-11-15 01:59:02,916 - INFO: global_step=14632, episodic_return=-85.04420471191406
2022-11-15 01:59:02,953 - INFO: global_step=14720, episodic_return=-200.91891479492188
2022-11-15 01:59:03,014 - INFO: global_step=14843, episodic_return=-305.755859375
2022-11-15 01:59:03,068 - INFO: global_step=14961, episodic_return=-322.0849609375
2022-11-15 01:59:03,095 - INFO: global_step=15025, episodic_return=-165.07664489746094
2022-11-15 01:59:03,138 - INFO: global_step=15125, episodic_return=-190.5123291015625
2022-11-15 01:59:03,195 - INFO: global_step=15234, episodic_return=-238.1635284423828
2022-11-15 01:59:03,226 - INFO: global_step=15300, episodic_return=-109.00985717773438
2022-11-15 01:59:04,490 - INFO: global_step=16300, episodic_return=64.27293395996094
2022-11-15 01:59:04,538 - INFO: global_step=16400, episodic_return=-214.4586639404297
2022-11-15 01:59:04,596 - INFO: global_step=16518, episodic_return=-117.52070617675781
2022-11-15 01:59:04,680 - INFO: global_step=16671, episodic_return=-301.65838623046875
2022-11-15 01:59:04,752 - INFO: global_step=16793, episodic_return=-188.6888427734375
2022-11-15 01:59:04,788 - INFO: global_step=16863, episodic_return=-77.69021606445312
2022-11-15 01:59:04,837 - INFO: global_step=16942, episodic_return=-82.59136199951172
2022-11-15 01:59:04,876 - INFO: global_step=17006, episodic_return=-71.93417358398438
2022-11-15 01:59:04,943 - INFO: global_step=17129, episodic_return=-129.6532440185547
2022-11-15 01:59:04,983 - INFO: global_step=17212, episodic_return=-108.08280944824219
2022-11-15 01:59:05,025 - INFO: global_step=17312, episodic_return=-151.42556762695312
2022-11-15 01:59:05,089 - INFO: global_step=17405, episodic_return=-64.33914184570312
2022-11-15 01:59:05,140 - INFO: global_step=17480, episodic_return=-210.2096405029297
2022-11-15 01:59:05,192 - INFO: global_step=17545, episodic_return=-78.72093200683594
2022-11-15 01:59:05,235 - INFO: global_step=17624, episodic_return=-269.462890625
2022-11-15 01:59:06,720 - INFO: global_step=18624, episodic_return=63.11921691894531
2022-11-15 01:59:06,801 - INFO: global_step=18758, episodic_return=-36.797725677490234
2022-11-15 01:59:06,874 - INFO: global_step=18900, episodic_return=-98.07828521728516
2022-11-15 01:59:06,927 - INFO: global_step=19003, episodic_return=-129.07603454589844
2022-11-15 01:59:06,996 - INFO: global_step=19132, episodic_return=-317.5543518066406
2022-11-15 01:59:07,034 - INFO: global_step=19202, episodic_return=-86.27375030517578
2022-11-15 01:59:07,076 - INFO: global_step=19287, episodic_return=-112.12388610839844
2022-11-15 01:59:07,157 - INFO: global_step=19408, episodic_return=-165.37088012695312
2022-11-15 01:59:07,215 - INFO: global_step=19516, episodic_return=-343.9597473144531
2022-11-15 01:59:07,267 - INFO: global_step=19618, episodic_return=2.002227783203125
2022-11-15 01:59:07,301 - INFO: global_step=19688, episodic_return=-107.0224838256836
2022-11-15 01:59:07,340 - INFO: global_step=19778, episodic_return=-207.5771484375
2022-11-15 01:59:07,374 - INFO: global_step=19857, episodic_return=-330.55755615234375
2022-11-15 01:59:07,407 - INFO: global_step=19937, episodic_return=-202.3462371826172
2022-11-15 01:59:07,443 - INFO: global_step=20020, episodic_return=-108.55469512939453
2022-11-15 01:59:07,483 - INFO: global_step=20098, episodic_return=-97.5869140625
2022-11-15 01:59:07,531 - INFO: global_step=20196, episodic_return=-400.1005859375
2022-11-15 01:59:07,576 - INFO: global_step=20280, episodic_return=-22.006240844726562
2022-11-15 01:59:07,642 - INFO: global_step=20409, episodic_return=-102.62686920166016
2022-11-15 01:59:07,693 - INFO: global_step=20524, episodic_return=-161.25106811523438
2022-11-15 01:59:07,732 - INFO: global_step=20617, episodic_return=-50.77560043334961
2022-11-15 01:59:07,778 - INFO: global_step=20713, episodic_return=-236.17727661132812
2022-11-15 01:59:07,869 - INFO: global_step=20851, episodic_return=-3.7603759765625
2022-11-15 01:59:07,920 - INFO: global_step=20950, episodic_return=-348.17755126953125
2022-11-15 01:59:07,981 - INFO: global_step=21079, episodic_return=-153.9727325439453
2022-11-15 01:59:08,017 - INFO: global_step=21151, episodic_return=-64.2125244140625
2022-11-15 01:59:08,068 - INFO: global_step=21266, episodic_return=-138.97695922851562
2022-11-15 01:59:08,126 - INFO: global_step=21379, episodic_return=-94.06382751464844
2022-11-15 01:59:08,188 - INFO: global_step=21490, episodic_return=-218.6276397705078
2022-11-15 01:59:08,272 - INFO: global_step=21623, episodic_return=-242.25067138671875
2022-11-15 01:59:08,343 - INFO: global_step=21762, episodic_return=-228.79957580566406
2022-11-15 01:59:08,378 - INFO: global_step=21843, episodic_return=-229.70835876464844
2022-11-15 01:59:08,429 - INFO: global_step=21928, episodic_return=-237.61367797851562
2022-11-15 01:59:08,491 - INFO: global_step=22023, episodic_return=-84.49919891357422
2022-11-15 01:59:08,600 - INFO: global_step=22182, episodic_return=-62.92120361328125
2022-11-15 01:59:08,655 - INFO: global_step=22283, episodic_return=-101.992431640625
2022-11-15 01:59:08,686 - INFO: global_step=22352, episodic_return=-58.730960845947266
2022-11-15 01:59:08,728 - INFO: global_step=22432, episodic_return=-102.16011810302734
2022-11-15 01:59:08,772 - INFO: global_step=22517, episodic_return=-53.76644515991211
2022-11-15 01:59:08,824 - INFO: global_step=22619, episodic_return=-185.54910278320312
2022-11-15 01:59:08,874 - INFO: global_step=22709, episodic_return=-85.20068359375
2022-11-15 01:59:08,918 - INFO: global_step=22797, episodic_return=-89.05215454101562
2022-11-15 01:59:08,957 - INFO: global_step=22884, episodic_return=-128.84251403808594
2022-11-15 01:59:09,011 - INFO: global_step=22999, episodic_return=-86.50495147705078
2022-11-15 01:59:09,084 - INFO: global_step=23127, episodic_return=-188.60049438476562
2022-11-15 01:59:09,162 - INFO: global_step=23246, episodic_return=-253.96485900878906
2022-11-15 01:59:09,213 - INFO: global_step=23336, episodic_return=-125.34770965576172
2022-11-15 01:59:09,262 - INFO: global_step=23432, episodic_return=-80.27381134033203
2022-11-15 01:59:09,325 - INFO: global_step=23571, episodic_return=-125.65665435791016
2022-11-15 01:59:09,354 - INFO: global_step=23642, episodic_return=-114.58362579345703
2022-11-15 01:59:09,404 - INFO: global_step=23744, episodic_return=-97.84676361083984
2022-11-15 01:59:09,462 - INFO: global_step=23857, episodic_return=-184.66607666015625
2022-11-15 01:59:09,511 - INFO: global_step=23954, episodic_return=-104.56471252441406
2022-11-15 01:59:09,547 - INFO: global_step=24039, episodic_return=-156.9922332763672
2022-11-15 01:59:09,577 - INFO: global_step=24109, episodic_return=-229.4751739501953
2022-11-15 01:59:09,641 - INFO: global_step=24250, episodic_return=-361.5458984375
2022-11-15 01:59:09,681 - INFO: global_step=24346, episodic_return=-255.70460510253906
2022-11-15 01:59:09,719 - INFO: global_step=24424, episodic_return=-200.07333374023438
2022-11-15 01:59:09,795 - INFO: global_step=24554, episodic_return=-112.87335205078125
2022-11-15 01:59:09,844 - INFO: global_step=24654, episodic_return=-148.35414123535156
2022-11-15 01:59:09,904 - INFO: global_step=24781, episodic_return=-90.68799591064453
2022-11-15 01:59:09,949 - INFO: global_step=24873, episodic_return=-218.67286682128906
2022-11-15 01:59:10,008 - INFO: global_step=24980, episodic_return=-100.71769714355469
2022-11-15 01:59:10,080 - INFO: global_step=25108, episodic_return=-240.41725158691406
2022-11-15 01:59:10,179 - INFO: global_step=25280, episodic_return=-25.920440673828125
2022-11-15 01:59:10,224 - INFO: global_step=25377, episodic_return=-129.1247100830078
2022-11-15 01:59:10,257 - INFO: global_step=25456, episodic_return=-161.56739807128906
2022-11-15 01:59:10,299 - INFO: global_step=25564, episodic_return=-134.65304565429688
2022-11-15 01:59:10,369 - INFO: global_step=25704, episodic_return=-108.92970275878906
2022-11-15 01:59:10,433 - INFO: global_step=25812, episodic_return=-92.69188690185547
2022-11-15 01:59:10,495 - INFO: global_step=25922, episodic_return=-93.1329574584961
2022-11-15 01:59:10,534 - INFO: global_step=26004, episodic_return=-100.58503723144531
2022-11-15 01:59:10,588 - INFO: global_step=26112, episodic_return=-55.45084762573242
2022-11-15 01:59:10,634 - INFO: global_step=26205, episodic_return=-105.98796081542969
2022-11-15 01:59:10,669 - INFO: global_step=26283, episodic_return=-62.7757453918457
2022-11-15 01:59:10,734 - INFO: global_step=26405, episodic_return=-109.99884033203125
2022-11-15 01:59:10,777 - INFO: global_step=26488, episodic_return=-102.78009796142578
2022-11-15 01:59:10,849 - INFO: global_step=26594, episodic_return=-96.01533508300781
2022-11-15 01:59:10,920 - INFO: global_step=26734, episodic_return=-69.85279083251953
2022-11-15 01:59:10,973 - INFO: global_step=26853, episodic_return=-271.31982421875
2022-11-15 01:59:11,038 - INFO: global_step=26986, episodic_return=-204.9092254638672
2022-11-15 01:59:11,119 - INFO: global_step=27122, episodic_return=-161.739501953125
2022-11-15 01:59:11,184 - INFO: global_step=27238, episodic_return=-233.49913024902344
2022-11-15 01:59:11,269 - INFO: global_step=27376, episodic_return=-305.1763916015625
2022-11-15 01:59:11,303 - INFO: global_step=27449, episodic_return=-106.01773834228516
2022-11-15 01:59:11,347 - INFO: global_step=27539, episodic_return=-174.59022521972656
2022-11-15 01:59:11,397 - INFO: global_step=27619, episodic_return=-63.88589859008789
2022-11-15 01:59:11,477 - INFO: global_step=27744, episodic_return=-112.92378997802734
2022-11-15 01:59:11,533 - INFO: global_step=27843, episodic_return=-316.10955810546875
2022-11-15 01:59:11,600 - INFO: global_step=27976, episodic_return=-239.1842041015625
2022-11-15 01:59:11,642 - INFO: global_step=28067, episodic_return=-48.00313186645508
2022-11-15 01:59:11,671 - INFO: global_step=28132, episodic_return=-74.6610336303711
2022-11-15 01:59:11,731 - INFO: global_step=28251, episodic_return=-205.1470489501953
2022-11-15 01:59:11,806 - INFO: global_step=28354, episodic_return=-83.25527954101562
2022-11-15 01:59:11,855 - INFO: global_step=28451, episodic_return=-116.2698974609375
2022-11-15 01:59:11,894 - INFO: global_step=28533, episodic_return=24.572433471679688
2022-11-15 01:59:11,974 - INFO: global_step=28670, episodic_return=-183.68505859375
2022-11-15 01:59:13,319 - INFO: global_step=29670, episodic_return=57.66450881958008
2022-11-15 01:59:13,363 - INFO: global_step=29757, episodic_return=-179.71702575683594
2022-11-15 01:59:13,410 - INFO: global_step=29851, episodic_return=-98.71035766601562
2022-11-15 01:59:13,457 - INFO: global_step=29945, episodic_return=-58.37709426879883
2022-11-15 01:59:13,521 - INFO: global_step=30084, episodic_return=-85.30369567871094
2022-11-15 01:59:13,557 - INFO: global_step=30182, episodic_return=-65.83908081054688
2022-11-15 01:59:13,606 - INFO: global_step=30294, episodic_return=-189.74478149414062
2022-11-15 01:59:13,661 - INFO: global_step=30389, episodic_return=-85.1568603515625
2022-11-15 01:59:13,754 - INFO: global_step=30520, episodic_return=-85.89036560058594
2022-11-15 01:59:13,819 - INFO: global_step=30631, episodic_return=-198.04638671875
2022-11-15 01:59:13,868 - INFO: global_step=30743, episodic_return=-91.47125244140625
2022-11-15 01:59:13,937 - INFO: global_step=30882, episodic_return=-175.400390625
2022-11-15 01:59:13,977 - INFO: global_step=30960, episodic_return=-61.63677215576172
2022-11-15 01:59:14,027 - INFO: global_step=31038, episodic_return=-46.4810791015625
2022-11-15 01:59:14,077 - INFO: global_step=31127, episodic_return=-65.17735290527344
2022-11-15 01:59:14,125 - INFO: global_step=31230, episodic_return=-108.26863098144531
2022-11-15 01:59:14,173 - INFO: global_step=31328, episodic_return=-100.77033996582031
2022-11-15 01:59:14,206 - INFO: global_step=31404, episodic_return=-57.34735107421875
2022-11-15 01:59:14,244 - INFO: global_step=31482, episodic_return=-220.2474822998047
2022-11-15 01:59:14,299 - INFO: global_step=31591, episodic_return=-180.18759155273438
2022-11-15 01:59:14,339 - INFO: global_step=31676, episodic_return=23.655929565429688
2022-11-15 01:59:14,385 - INFO: global_step=31762, episodic_return=-150.83474731445312
2022-11-15 01:59:14,448 - INFO: global_step=31875, episodic_return=-143.26385498046875
2022-11-15 01:59:14,490 - INFO: global_step=31966, episodic_return=-166.68734741210938
2022-11-15 01:59:14,520 - INFO: global_step=32034, episodic_return=-148.54505920410156
2022-11-15 01:59:14,583 - INFO: global_step=32155, episodic_return=-53.120975494384766
2022-11-15 01:59:14,640 - INFO: global_step=32255, episodic_return=-135.72952270507812
2022-11-15 01:59:14,722 - INFO: global_step=32399, episodic_return=-38.6696891784668
2022-11-15 01:59:14,764 - INFO: global_step=32480, episodic_return=-107.6849365234375
2022-11-15 01:59:14,812 - INFO: global_step=32577, episodic_return=-16.25524139404297
2022-11-15 01:59:14,870 - INFO: global_step=32694, episodic_return=-164.51446533203125
2022-11-15 01:59:14,950 - INFO: global_step=32804, episodic_return=-64.24937438964844
2022-11-15 01:59:15,033 - INFO: global_step=32914, episodic_return=-60.41554260253906
2022-11-15 01:59:15,128 - INFO: global_step=33051, episodic_return=-61.495086669921875
2022-11-15 01:59:15,223 - INFO: global_step=33194, episodic_return=-52.82417297363281
2022-11-15 01:59:15,326 - INFO: global_step=33341, episodic_return=-129.16844177246094
2022-11-15 01:59:15,382 - INFO: global_step=33429, episodic_return=-70.65679168701172
2022-11-15 01:59:15,432 - INFO: global_step=33512, episodic_return=-107.88079833984375
2022-11-15 01:59:15,493 - INFO: global_step=33614, episodic_return=-71.73078918457031
2022-11-15 01:59:15,543 - INFO: global_step=33685, episodic_return=-107.53068542480469
2022-11-15 01:59:15,594 - INFO: global_step=33764, episodic_return=-128.42247009277344
2022-11-15 01:59:15,643 - INFO: global_step=33852, episodic_return=-187.80264282226562
2022-11-15 01:59:15,697 - INFO: global_step=33940, episodic_return=-284.72137451171875
2022-11-15 01:59:15,761 - INFO: global_step=34047, episodic_return=-234.8701629638672
2022-11-15 01:59:15,834 - INFO: global_step=34166, episodic_return=-254.7095947265625
2022-11-15 01:59:15,884 - INFO: global_step=34267, episodic_return=-75.16519165039062
2022-11-15 01:59:15,941 - INFO: global_step=34382, episodic_return=-206.4024658203125
2022-11-15 01:59:15,979 - INFO: global_step=34465, episodic_return=-38.80904769897461
2022-11-15 01:59:16,011 - INFO: global_step=34532, episodic_return=-78.96886444091797
2022-11-15 01:59:16,047 - INFO: global_step=34620, episodic_return=-106.93618774414062
2022-11-15 01:59:16,098 - INFO: global_step=34726, episodic_return=-101.53681182861328
2022-11-15 01:59:16,143 - INFO: global_step=34813, episodic_return=-101.98033142089844
2022-11-15 01:59:16,233 - INFO: global_step=34954, episodic_return=-102.76617431640625
2022-11-15 01:59:16,265 - INFO: global_step=35026, episodic_return=-44.36208724975586
2022-11-15 01:59:16,329 - INFO: global_step=35153, episodic_return=-139.0018310546875
2022-11-15 01:59:16,404 - INFO: global_step=35296, episodic_return=-79.12950897216797
2022-11-15 01:59:16,473 - INFO: global_step=35423, episodic_return=-112.30741882324219
2022-11-15 01:59:16,504 - INFO: global_step=35486, episodic_return=-90.54179382324219
2022-11-15 01:59:16,557 - INFO: global_step=35581, episodic_return=-125.51785278320312
2022-11-15 01:59:16,630 - INFO: global_step=35724, episodic_return=-39.320152282714844
2022-11-15 01:59:16,672 - INFO: global_step=35817, episodic_return=-126.09300994873047
2022-11-15 01:59:16,716 - INFO: global_step=35923, episodic_return=-68.10894775390625
2022-11-15 01:59:16,775 - INFO: global_step=36031, episodic_return=-218.6464385986328
2022-11-15 01:59:16,827 - INFO: global_step=36136, episodic_return=-189.52825927734375
2022-11-15 01:59:16,896 - INFO: global_step=36258, episodic_return=-22.228355407714844
2022-11-15 01:59:16,951 - INFO: global_step=36348, episodic_return=-134.3715057373047
2022-11-15 01:59:17,009 - INFO: global_step=36447, episodic_return=-49.79686737060547
2022-11-15 01:59:17,050 - INFO: global_step=36526, episodic_return=-22.239173889160156
2022-11-15 01:59:17,120 - INFO: global_step=36651, episodic_return=-108.30307006835938
2022-11-15 01:59:17,166 - INFO: global_step=36737, episodic_return=-103.48589324951172
2022-11-15 01:59:17,218 - INFO: global_step=36843, episodic_return=-166.7543182373047
2022-11-15 01:59:17,284 - INFO: global_step=36962, episodic_return=-30.257553100585938
2022-11-15 01:59:17,338 - INFO: global_step=37077, episodic_return=-78.36137390136719
2022-11-15 01:59:17,402 - INFO: global_step=37190, episodic_return=-43.266693115234375
2022-11-15 01:59:17,496 - INFO: global_step=37341, episodic_return=-88.22083282470703
2022-11-15 01:59:17,560 - INFO: global_step=37444, episodic_return=-90.86370849609375
2022-11-15 01:59:17,637 - INFO: global_step=37563, episodic_return=-147.79368591308594
2022-11-15 01:59:17,702 - INFO: global_step=37666, episodic_return=-163.99356079101562
2022-11-15 01:59:17,742 - INFO: global_step=37747, episodic_return=-36.84024429321289
2022-11-15 01:59:17,808 - INFO: global_step=37838, episodic_return=-61.670040130615234
2022-11-15 01:59:17,920 - INFO: global_step=37952, episodic_return=-82.06816101074219
2022-11-15 01:59:18,002 - INFO: global_step=38088, episodic_return=-144.5247802734375
2022-11-15 01:59:18,107 - INFO: global_step=38269, episodic_return=-127.52196502685547
2022-11-15 01:59:18,164 - INFO: global_step=38363, episodic_return=-72.2518081665039
2022-11-15 01:59:18,238 - INFO: global_step=38495, episodic_return=-147.36785888671875
2022-11-15 01:59:18,305 - INFO: global_step=38619, episodic_return=-150.64541625976562
2022-11-15 01:59:18,360 - INFO: global_step=38718, episodic_return=-51.09449005126953
2022-11-15 01:59:18,476 - INFO: global_step=38872, episodic_return=-95.04640197753906
2022-11-15 01:59:18,536 - INFO: global_step=38990, episodic_return=-118.40310668945312
2022-11-15 01:59:18,639 - INFO: global_step=39165, episodic_return=-51.18191909790039
2022-11-15 01:59:18,708 - INFO: global_step=39291, episodic_return=-105.89604949951172
2022-11-15 01:59:18,819 - INFO: global_step=39450, episodic_return=-107.27676391601562
2022-11-15 01:59:18,885 - INFO: global_step=39568, episodic_return=-337.03741455078125
2022-11-15 01:59:18,942 - INFO: global_step=39675, episodic_return=-81.74949645996094
2022-11-15 01:59:18,988 - INFO: global_step=39772, episodic_return=-13.316093444824219
2022-11-15 01:59:19,032 - INFO: global_step=39858, episodic_return=-108.5245590209961
2022-11-15 01:59:19,088 - INFO: global_step=39954, episodic_return=-39.973289489746094
2022-11-15 01:59:19,159 - INFO: global_step=40075, episodic_return=-114.18431854248047
2022-11-15 01:59:19,199 - INFO: global_step=40148, episodic_return=-120.3537368774414
2022-11-15 01:59:19,269 - INFO: global_step=40246, episodic_return=-106.07505798339844
2022-11-15 01:59:19,360 - INFO: global_step=40383, episodic_return=-166.7110595703125
2022-11-15 01:59:19,569 - INFO: global_step=40506, episodic_return=-53.86810302734375
2022-11-15 01:59:19,634 - INFO: global_step=40601, episodic_return=-24.670639038085938
2022-11-15 01:59:19,705 - INFO: global_step=40687, episodic_return=-118.71408081054688
2022-11-15 01:59:19,802 - INFO: global_step=40810, episodic_return=-8.953163146972656
2022-11-15 01:59:19,914 - INFO: global_step=40995, episodic_return=-102.25656127929688
2022-11-15 01:59:19,985 - INFO: global_step=41126, episodic_return=-68.94619750976562
2022-11-15 01:59:20,173 - INFO: global_step=41240, episodic_return=-213.53787231445312
2022-11-15 01:59:20,267 - INFO: global_step=41370, episodic_return=-24.329750061035156
2022-11-15 01:59:22,282 - INFO: global_step=42370, episodic_return=10.29586124420166
2022-11-15 01:59:22,389 - INFO: global_step=42549, episodic_return=-106.36566925048828
2022-11-15 01:59:22,461 - INFO: global_step=42662, episodic_return=-137.31715393066406
2022-11-15 01:59:22,492 - INFO: global_step=42733, episodic_return=-47.514739990234375
2022-11-15 01:59:22,524 - INFO: global_step=42808, episodic_return=-198.67581176757812
2022-11-15 01:59:22,582 - INFO: global_step=42920, episodic_return=-109.67611694335938
2022-11-15 01:59:22,629 - INFO: global_step=43018, episodic_return=-76.63011169433594
2022-11-15 01:59:22,690 - INFO: global_step=43111, episodic_return=-122.7021484375
2022-11-15 01:59:22,731 - INFO: global_step=43184, episodic_return=-106.60893249511719
2022-11-15 01:59:22,815 - INFO: global_step=43293, episodic_return=-21.955047607421875
2022-11-15 01:59:22,966 - INFO: global_step=43456, episodic_return=-160.608642578125
2022-11-15 01:59:23,047 - INFO: global_step=43577, episodic_return=-65.47186279296875
2022-11-15 01:59:23,087 - INFO: global_step=43654, episodic_return=-74.32020568847656
2022-11-15 01:59:23,135 - INFO: global_step=43754, episodic_return=-153.59376525878906
2022-11-15 01:59:23,170 - INFO: global_step=43822, episodic_return=-68.836669921875
2022-11-15 01:59:23,225 - INFO: global_step=43932, episodic_return=-144.3074951171875
2022-11-15 01:59:23,289 - INFO: global_step=44053, episodic_return=-102.02860260009766
2022-11-15 01:59:23,349 - INFO: global_step=44170, episodic_return=-84.04805755615234
2022-11-15 01:59:23,419 - INFO: global_step=44297, episodic_return=-38.03058624267578
2022-11-15 01:59:23,493 - INFO: global_step=44426, episodic_return=-64.34297180175781
2022-11-15 01:59:23,590 - INFO: global_step=44597, episodic_return=-23.195510864257812
2022-11-15 01:59:23,672 - INFO: global_step=44719, episodic_return=-127.09967041015625
2022-11-15 01:59:23,785 - INFO: global_step=44863, episodic_return=-69.02786254882812
2022-11-15 01:59:23,863 - INFO: global_step=44978, episodic_return=-141.52902221679688
2022-11-15 01:59:23,937 - INFO: global_step=45119, episodic_return=-254.64637756347656
2022-11-15 01:59:23,979 - INFO: global_step=45213, episodic_return=-120.93205261230469
2022-11-15 01:59:24,063 - INFO: global_step=45327, episodic_return=-59.90398406982422
2022-11-15 01:59:24,143 - INFO: global_step=45470, episodic_return=-57.74998474121094
2022-11-15 01:59:24,216 - INFO: global_step=45605, episodic_return=-79.89644622802734
2022-11-15 01:59:24,268 - INFO: global_step=45702, episodic_return=-127.2357177734375
2022-11-15 01:59:24,338 - INFO: global_step=45828, episodic_return=-267.0170593261719
2022-11-15 01:59:24,381 - INFO: global_step=45909, episodic_return=-7.2230377197265625
2022-11-15 01:59:24,450 - INFO: global_step=46022, episodic_return=-117.63072204589844
2022-11-15 01:59:24,481 - INFO: global_step=46086, episodic_return=-145.2616424560547
2022-11-15 01:59:24,543 - INFO: global_step=46203, episodic_return=-64.05171966552734
2022-11-15 01:59:24,591 - INFO: global_step=46284, episodic_return=-57.95331573486328
2022-11-15 01:59:24,691 - INFO: global_step=46418, episodic_return=-5.943359375
2022-11-15 01:59:24,779 - INFO: global_step=46526, episodic_return=-41.867698669433594
2022-11-15 01:59:24,892 - INFO: global_step=46675, episodic_return=-28.601852416992188
2022-11-15 01:59:24,962 - INFO: global_step=46796, episodic_return=-69.02501678466797
2022-11-15 01:59:25,042 - INFO: global_step=46925, episodic_return=-103.51642608642578
2022-11-15 01:59:25,131 - INFO: global_step=47066, episodic_return=-73.40667724609375
2022-11-15 01:59:25,203 - INFO: global_step=47198, episodic_return=-58.59998321533203
2022-11-15 01:59:25,262 - INFO: global_step=47307, episodic_return=-173.78585815429688
2022-11-15 01:59:25,386 - INFO: global_step=47503, episodic_return=-78.997314453125
2022-11-15 01:59:25,460 - INFO: global_step=47634, episodic_return=-44.979713439941406
2022-11-15 01:59:25,576 - INFO: global_step=47826, episodic_return=-39.76225662231445
2022-11-15 01:59:25,640 - INFO: global_step=47927, episodic_return=-94.64090728759766
2022-11-15 01:59:25,711 - INFO: global_step=48038, episodic_return=-89.94232940673828
2022-11-15 01:59:25,821 - INFO: global_step=48196, episodic_return=-242.71444702148438
2022-11-15 01:59:25,883 - INFO: global_step=48312, episodic_return=-76.61089324951172
2022-11-15 01:59:25,997 - INFO: global_step=48483, episodic_return=-47.452919006347656
2022-11-15 01:59:26,059 - INFO: global_step=48584, episodic_return=-116.37641143798828
2022-11-15 01:59:26,133 - INFO: global_step=48708, episodic_return=-34.149559020996094
2022-11-15 01:59:26,201 - INFO: global_step=48814, episodic_return=-144.3939971923828
2022-11-15 01:59:26,335 - INFO: global_step=48974, episodic_return=-77.64403533935547
2022-11-15 01:59:26,470 - INFO: global_step=49126, episodic_return=3.0068740844726562
2022-11-15 01:59:26,543 - INFO: global_step=49251, episodic_return=-84.15328216552734
2022-11-15 01:59:26,627 - INFO: global_step=49373, episodic_return=-104.04507446289062
2022-11-15 01:59:26,707 - INFO: global_step=49491, episodic_return=-84.14459228515625
2022-11-15 01:59:26,794 - INFO: global_step=49620, episodic_return=-86.74586486816406
2022-11-15 01:59:26,892 - INFO: global_step=49774, episodic_return=-118.97412872314453
2022-11-15 01:59:26,952 - INFO: global_step=49894, episodic_return=11.452865600585938
2022-11-15 01:59:27,096 - INFO: global_step=50095, episodic_return=-96.38211059570312
2022-11-15 01:59:27,226 - INFO: global_step=50238, episodic_return=-91.29076385498047
2022-11-15 01:59:27,291 - INFO: global_step=50354, episodic_return=-89.1631851196289
2022-11-15 01:59:27,329 - INFO: global_step=50440, episodic_return=-76.46249389648438
2022-11-15 01:59:27,362 - INFO: global_step=50514, episodic_return=-68.6026382446289
2022-11-15 01:59:27,464 - INFO: global_step=50654, episodic_return=-19.694679260253906
2022-11-15 01:59:27,510 - INFO: global_step=50735, episodic_return=-35.934425354003906
2022-11-15 01:59:27,622 - INFO: global_step=50891, episodic_return=-22.040618896484375
2022-11-15 01:59:27,680 - INFO: global_step=51012, episodic_return=-72.7339859008789
2022-11-15 01:59:27,795 - INFO: global_step=51184, episodic_return=-102.51876831054688
2022-11-15 01:59:27,860 - INFO: global_step=51277, episodic_return=-87.80934143066406
2022-11-15 01:59:27,920 - INFO: global_step=51367, episodic_return=-62.347007751464844
2022-11-15 01:59:28,021 - INFO: global_step=51536, episodic_return=-59.71050262451172
2022-11-15 01:59:28,111 - INFO: global_step=51688, episodic_return=6.6404571533203125
2022-11-15 01:59:28,157 - INFO: global_step=51762, episodic_return=-76.83378601074219
2022-11-15 01:59:28,215 - INFO: global_step=51867, episodic_return=-80.04200744628906
2022-11-15 01:59:28,272 - INFO: global_step=51971, episodic_return=-52.058345794677734
2022-11-15 01:59:28,343 - INFO: global_step=52099, episodic_return=-167.09298706054688
2022-11-15 01:59:28,401 - INFO: global_step=52199, episodic_return=-58.219688415527344
2022-11-15 01:59:28,469 - INFO: global_step=52296, episodic_return=-92.25408172607422
2022-11-15 01:59:28,533 - INFO: global_step=52403, episodic_return=-70.6530990600586
2022-11-15 01:59:28,594 - INFO: global_step=52507, episodic_return=-150.890625
2022-11-15 01:59:28,663 - INFO: global_step=52624, episodic_return=-6.941337585449219
2022-11-15 01:59:28,718 - INFO: global_step=52715, episodic_return=-93.4457015991211
2022-11-15 01:59:30,312 - INFO: global_step=53715, episodic_return=35.60375213623047
2022-11-15 01:59:30,432 - INFO: global_step=53885, episodic_return=-15.278091430664062
2022-11-15 01:59:30,501 - INFO: global_step=53993, episodic_return=-116.27339172363281
2022-11-15 01:59:30,568 - INFO: global_step=54090, episodic_return=-70.99919891357422
2022-11-15 01:59:30,634 - INFO: global_step=54213, episodic_return=-87.44285583496094
2022-11-15 01:59:30,693 - INFO: global_step=54327, episodic_return=-117.4760513305664
2022-11-15 01:59:30,777 - INFO: global_step=54462, episodic_return=-25.28612518310547
2022-11-15 01:59:30,864 - INFO: global_step=54595, episodic_return=-44.62419128417969
2022-11-15 01:59:30,992 - INFO: global_step=54758, episodic_return=-52.92866516113281
2022-11-15 01:59:31,072 - INFO: global_step=54899, episodic_return=-65.4001235961914
2022-11-15 01:59:31,160 - INFO: global_step=55037, episodic_return=-69.47480773925781
2022-11-15 01:59:31,264 - INFO: global_step=55210, episodic_return=-47.62302780151367
2022-11-15 01:59:31,309 - INFO: global_step=55294, episodic_return=-72.23217010498047
2022-11-15 01:59:31,369 - INFO: global_step=55405, episodic_return=-90.41482543945312
2022-11-15 01:59:31,475 - INFO: global_step=55552, episodic_return=-82.16130065917969
2022-11-15 01:59:31,574 - INFO: global_step=55688, episodic_return=-42.902099609375
2022-11-15 01:59:31,639 - INFO: global_step=55819, episodic_return=-116.1903076171875
2022-11-15 01:59:31,698 - INFO: global_step=55920, episodic_return=-54.90343475341797
2022-11-15 01:59:32,033 - INFO: global_step=56222, episodic_return=-241.0299530029297
2022-11-15 01:59:32,151 - INFO: global_step=56382, episodic_return=-11.732101440429688
2022-11-15 01:59:32,204 - INFO: global_step=56473, episodic_return=-41.737823486328125
2022-11-15 01:59:32,289 - INFO: global_step=56615, episodic_return=-30.926712036132812
2022-11-15 01:59:32,378 - INFO: global_step=56761, episodic_return=-2.755584716796875
2022-11-15 01:59:32,529 - INFO: global_step=56948, episodic_return=-60.2302131652832
2022-11-15 01:59:32,615 - INFO: global_step=57097, episodic_return=-47.113319396972656
2022-11-15 01:59:32,675 - INFO: global_step=57205, episodic_return=-51.34326171875
2022-11-15 01:59:32,725 - INFO: global_step=57284, episodic_return=-23.78814697265625
2022-11-15 01:59:32,789 - INFO: global_step=57370, episodic_return=-35.592567443847656
2022-11-15 01:59:32,854 - INFO: global_step=57441, episodic_return=-61.97935485839844
2022-11-15 01:59:32,919 - INFO: global_step=57543, episodic_return=-114.91387939453125
2022-11-15 01:59:32,990 - INFO: global_step=57683, episodic_return=-29.701400756835938
2022-11-15 01:59:33,034 - INFO: global_step=57778, episodic_return=-97.86164855957031
2022-11-15 01:59:33,110 - INFO: global_step=57897, episodic_return=-68.46476745605469
2022-11-15 01:59:33,272 - INFO: global_step=58086, episodic_return=-5.398353576660156
2022-11-15 01:59:33,367 - INFO: global_step=58233, episodic_return=-33.76453399658203
2022-11-15 01:59:33,604 - INFO: global_step=58462, episodic_return=-63.56511688232422
2022-11-15 01:59:33,759 - INFO: global_step=58622, episodic_return=-74.83293914794922
2022-11-15 01:59:33,835 - INFO: global_step=58724, episodic_return=-54.603179931640625
2022-11-15 01:59:33,949 - INFO: global_step=58846, episodic_return=-29.372207641601562
2022-11-15 01:59:34,109 - INFO: global_step=59043, episodic_return=-60.674041748046875
2022-11-15 01:59:34,248 - INFO: global_step=59226, episodic_return=-89.7193374633789
2022-11-15 01:59:34,444 - INFO: global_step=59377, episodic_return=-20.292709350585938
2022-11-15 01:59:34,521 - INFO: global_step=59464, episodic_return=-82.85181427001953
2022-11-15 01:59:34,723 - INFO: global_step=59611, episodic_return=-29.23310089111328
2022-11-15 01:59:34,909 - INFO: global_step=59763, episodic_return=-52.13593292236328
2022-11-15 01:59:35,109 - INFO: global_step=59989, episodic_return=29.702224731445312
2022-11-15 01:59:35,202 - INFO: global_step=60115, episodic_return=-70.3806381225586
2022-11-15 01:59:35,314 - INFO: global_step=60278, episodic_return=-204.29983520507812
2022-11-15 01:59:35,428 - INFO: global_step=60423, episodic_return=-69.55079650878906
2022-11-15 01:59:35,505 - INFO: global_step=60530, episodic_return=-29.29186248779297
2022-11-15 01:59:37,231 - INFO: global_step=61530, episodic_return=36.07802200317383
2022-11-15 01:59:37,491 - INFO: global_step=61745, episodic_return=-29.459396362304688
2022-11-15 01:59:37,623 - INFO: global_step=61890, episodic_return=-10.002662658691406
2022-11-15 01:59:37,715 - INFO: global_step=62028, episodic_return=-45.453826904296875
2022-11-15 01:59:37,860 - INFO: global_step=62202, episodic_return=-100.79603576660156
2022-11-15 01:59:37,949 - INFO: global_step=62338, episodic_return=-96.77464294433594
2022-11-15 01:59:38,014 - INFO: global_step=62445, episodic_return=-66.99108123779297
2022-11-15 01:59:38,151 - INFO: global_step=62632, episodic_return=-162.69554138183594
2022-11-15 01:59:38,271 - INFO: global_step=62786, episodic_return=-56.038692474365234
2022-11-15 01:59:38,454 - INFO: global_step=63032, episodic_return=-50.0652961730957
2022-11-15 01:59:38,543 - INFO: global_step=63167, episodic_return=-73.68329620361328
2022-11-15 01:59:38,642 - INFO: global_step=63322, episodic_return=-28.476654052734375
2022-11-15 01:59:38,723 - INFO: global_step=63445, episodic_return=-30.001380920410156
2022-11-15 01:59:38,833 - INFO: global_step=63614, episodic_return=-72.68051147460938
2022-11-15 01:59:38,959 - INFO: global_step=63813, episodic_return=-18.79425811767578
2022-11-15 01:59:39,098 - INFO: global_step=64020, episodic_return=-78.59417724609375
2022-11-15 01:59:39,175 - INFO: global_step=64145, episodic_return=-73.12335968017578
2022-11-15 01:59:39,232 - INFO: global_step=64264, episodic_return=-41.307342529296875
2022-11-15 01:59:39,338 - INFO: global_step=64446, episodic_return=-122.56436157226562
2022-11-15 01:59:39,417 - INFO: global_step=64559, episodic_return=-111.5284423828125
2022-11-15 01:59:39,503 - INFO: global_step=64692, episodic_return=-97.14722442626953
2022-11-15 01:59:39,618 - INFO: global_step=64872, episodic_return=10.066421508789062
2022-11-15 01:59:39,759 - INFO: global_step=65066, episodic_return=-24.504791259765625
2022-11-15 01:59:39,829 - INFO: global_step=65201, episodic_return=-52.20216751098633
2022-11-15 01:59:39,966 - INFO: global_step=65400, episodic_return=-10.514724731445312
2022-11-15 01:59:40,050 - INFO: global_step=65544, episodic_return=-67.08089447021484
2022-11-15 01:59:40,116 - INFO: global_step=65658, episodic_return=-53.510337829589844
2022-11-15 01:59:40,161 - INFO: global_step=65756, episodic_return=-74.48589324951172
2022-11-15 01:59:40,232 - INFO: global_step=65866, episodic_return=-35.873069763183594
2022-11-15 01:59:42,121 - INFO: global_step=66866, episodic_return=25.735029220581055
2022-11-15 01:59:42,304 - INFO: global_step=67026, episodic_return=-5.978370666503906
2022-11-15 01:59:42,378 - INFO: global_step=67113, episodic_return=-33.04792785644531
2022-11-15 01:59:42,456 - INFO: global_step=67223, episodic_return=-78.17040252685547
2022-11-15 01:59:42,640 - INFO: global_step=67421, episodic_return=-45.28905487060547
2022-11-15 01:59:42,808 - INFO: global_step=67608, episodic_return=-157.5181121826172
2022-11-15 01:59:42,950 - INFO: global_step=67753, episodic_return=52.20857238769531
2022-11-15 01:59:43,087 - INFO: global_step=67920, episodic_return=-267.48681640625
2022-11-15 01:59:45,881 - INFO: global_step=68920, episodic_return=53.66107177734375
2022-11-15 01:59:45,964 - INFO: global_step=69043, episodic_return=-30.530250549316406
2022-11-15 01:59:48,230 - INFO: global_step=70043, episodic_return=66.14820098876953
2022-11-15 01:59:50,582 - INFO: global_step=71043, episodic_return=54.99418640136719
2022-11-15 01:59:50,683 - INFO: global_step=71192, episodic_return=-64.61651611328125
2022-11-15 01:59:50,835 - INFO: global_step=71402, episodic_return=-238.36476135253906
2022-11-15 01:59:52,548 - INFO: global_step=72402, episodic_return=-89.8185806274414
2022-11-15 01:59:54,755 - INFO: global_step=73402, episodic_return=40.57615280151367
2022-11-15 01:59:54,827 - INFO: global_step=73535, episodic_return=-18.962379455566406
2022-11-15 01:59:56,097 - INFO: global_step=74535, episodic_return=40.195159912109375
2022-11-15 01:59:56,197 - INFO: global_step=74692, episodic_return=-66.57728576660156
2022-11-15 01:59:56,307 - INFO: global_step=74857, episodic_return=-40.10118103027344
2022-11-15 01:59:56,422 - INFO: global_step=75029, episodic_return=17.261032104492188
2022-11-15 01:59:56,531 - INFO: global_step=75206, episodic_return=-45.51193618774414
2022-11-15 01:59:56,647 - INFO: global_step=75387, episodic_return=10.594879150390625
2022-11-15 01:59:56,844 - INFO: global_step=75632, episodic_return=-20.96435546875
2022-11-15 01:59:58,344 - INFO: global_step=76632, episodic_return=89.47207641601562
2022-11-15 01:59:58,524 - INFO: global_step=76873, episodic_return=-7.811973571777344
2022-11-15 01:59:58,595 - INFO: global_step=76945, episodic_return=-70.22905731201172
2022-11-15 01:59:58,685 - INFO: global_step=77021, episodic_return=-54.758663177490234
2022-11-15 02:00:00,315 - INFO: global_step=78021, episodic_return=11.362030029296875
2022-11-15 02:00:00,481 - INFO: global_step=78219, episodic_return=-192.36622619628906
2022-11-15 02:00:02,425 - INFO: global_step=79219, episodic_return=-80.42459106445312
2022-11-15 02:00:02,496 - INFO: global_step=79332, episodic_return=2.7599945068359375
2022-11-15 02:00:02,588 - INFO: global_step=79500, episodic_return=-49.92353820800781
2022-11-15 02:00:02,758 - INFO: global_step=79727, episodic_return=-55.61759948730469
2022-11-15 02:00:02,866 - INFO: global_step=79881, episodic_return=-266.81219482421875
2022-11-15 02:00:04,966 - INFO: global_step=80881, episodic_return=-35.44961166381836
2022-11-15 02:00:06,243 - INFO: global_step=81597, episodic_return=-244.5937957763672
2022-11-15 02:00:08,227 - INFO: global_step=82597, episodic_return=-8.683542251586914
2022-11-15 02:00:09,771 - INFO: global_step=83597, episodic_return=69.19070434570312
2022-11-15 02:00:09,868 - INFO: global_step=83729, episodic_return=-86.75109100341797
2022-11-15 02:00:11,399 - INFO: global_step=84729, episodic_return=48.588661193847656
2022-11-15 02:00:11,471 - INFO: global_step=84831, episodic_return=-46.60083770751953
2022-11-15 02:00:11,635 - INFO: global_step=85033, episodic_return=-172.3915557861328
2022-11-15 02:00:13,301 - INFO: global_step=86033, episodic_return=51.76024627685547
2022-11-15 02:00:14,306 - INFO: global_step=86857, episodic_return=-248.3206787109375
2022-11-15 02:00:14,364 - INFO: global_step=86953, episodic_return=-49.09358215332031
2022-11-15 02:00:15,653 - INFO: global_step=87953, episodic_return=-20.009029388427734
2022-11-15 02:00:15,765 - INFO: global_step=88110, episodic_return=-37.29204559326172
2022-11-15 02:00:17,573 - INFO: global_step=89110, episodic_return=23.8563289642334
2022-11-15 02:00:17,662 - INFO: global_step=89228, episodic_return=16.30347442626953
2022-11-15 02:00:19,518 - INFO: global_step=90228, episodic_return=72.49564361572266
2022-11-15 02:00:20,115 - INFO: global_step=90685, episodic_return=-14.907096862792969
2022-11-15 02:00:20,262 - INFO: global_step=90888, episodic_return=-19.261703491210938
2022-11-15 02:00:20,650 - INFO: global_step=91266, episodic_return=-53.04587173461914
2022-11-15 02:00:22,476 - INFO: global_step=92266, episodic_return=67.27678680419922
2022-11-15 02:00:22,599 - INFO: global_step=92442, episodic_return=-56.2054328918457
2022-11-15 02:00:23,657 - INFO: global_step=93167, episodic_return=-258.8601989746094
2022-11-15 02:00:24,864 - INFO: global_step=94167, episodic_return=123.668212890625
2022-11-15 02:00:27,187 - INFO: global_step=95167, episodic_return=72.94446563720703
2022-11-15 02:00:27,687 - INFO: global_step=95629, episodic_return=-60.906982421875
2022-11-15 02:00:30,164 - INFO: global_step=96629, episodic_return=0.5639671683311462
2022-11-15 02:00:31,724 - INFO: global_step=97629, episodic_return=-66.82534790039062
2022-11-15 02:00:33,202 - INFO: global_step=98629, episodic_return=39.5561637878418
2022-11-15 02:00:33,296 - INFO: global_step=98778, episodic_return=-65.15413665771484
2022-11-15 02:00:35,629 - INFO: global_step=99778, episodic_return=54.38825988769531
2022-11-15 02:00:37,271 - INFO: global_step=100778, episodic_return=44.062217712402344
2022-11-15 02:00:38,923 - INFO: global_step=101778, episodic_return=47.42334747314453
2022-11-15 02:00:40,642 - INFO: global_step=102778, episodic_return=160.97369384765625
2022-11-15 02:00:42,110 - INFO: global_step=103778, episodic_return=160.03085327148438
2022-11-15 02:00:44,031 - INFO: global_step=104778, episodic_return=119.19749450683594
2022-11-15 02:00:45,435 - INFO: global_step=105778, episodic_return=61.316673278808594
2022-11-15 02:00:45,888 - INFO: global_step=106179, episodic_return=-69.74809265136719
2022-11-15 02:00:47,805 - INFO: global_step=107179, episodic_return=40.040409088134766
2022-11-15 02:00:48,514 - INFO: global_step=107787, episodic_return=-131.5315399169922
2022-11-15 02:00:48,682 - INFO: global_step=107991, episodic_return=-0.40240478515625
2022-11-15 02:00:49,794 - INFO: global_step=108734, episodic_return=149.58114624023438
2022-11-15 02:00:49,968 - INFO: global_step=108932, episodic_return=-53.58829879760742
2022-11-15 02:00:52,122 - INFO: global_step=109932, episodic_return=43.85908126831055
2022-11-15 02:00:53,208 - INFO: global_step=110669, episodic_return=176.45199584960938
2022-11-15 02:00:54,547 - INFO: global_step=111669, episodic_return=52.26140213012695
2022-11-15 02:00:56,458 - INFO: global_step=112669, episodic_return=89.72136688232422
2022-11-15 02:00:56,752 - INFO: global_step=112874, episodic_return=-58.90873718261719
2022-11-15 02:00:56,923 - INFO: global_step=113039, episodic_return=-5.686500549316406
2022-11-15 02:00:58,110 - INFO: global_step=113740, episodic_return=135.73023986816406
2022-11-15 02:00:59,138 - INFO: global_step=114575, episodic_return=66.9326171875
2022-11-15 02:01:01,529 - INFO: global_step=115575, episodic_return=1.8379510641098022
2022-11-15 02:01:02,239 - INFO: global_step=116173, episodic_return=-169.9685821533203
2022-11-15 02:01:03,868 - INFO: global_step=117173, episodic_return=28.610206604003906
2022-11-15 02:01:06,434 - INFO: global_step=118173, episodic_return=-67.33169555664062
2022-11-15 02:01:08,410 - INFO: global_step=119173, episodic_return=-15.270357131958008
2022-11-15 02:01:10,722 - INFO: global_step=120173, episodic_return=-45.5424690246582
2022-11-15 02:01:11,289 - INFO: global_step=120636, episodic_return=-495.9931640625
2022-11-15 02:01:12,573 - INFO: global_step=121363, episodic_return=-192.7295379638672
2022-11-15 02:01:13,821 - INFO: global_step=122130, episodic_return=223.00100708007812
2022-11-15 02:01:15,208 - INFO: global_step=122904, episodic_return=153.51553344726562
2022-11-15 02:01:16,653 - INFO: global_step=123647, episodic_return=221.05197143554688
2022-11-15 02:01:18,668 - INFO: global_step=124647, episodic_return=54.26028823852539
2022-11-15 02:01:20,040 - INFO: global_step=125522, episodic_return=87.61246490478516
2022-11-15 02:01:21,217 - INFO: global_step=126484, episodic_return=179.8152618408203
2022-11-15 02:01:22,825 - INFO: global_step=127375, episodic_return=169.81121826171875
2022-11-15 02:01:24,373 - INFO: global_step=128279, episodic_return=153.9660186767578
2022-11-15 02:01:26,563 - INFO: global_step=129279, episodic_return=26.449705123901367
2022-11-15 02:01:29,003 - INFO: global_step=130279, episodic_return=-42.98518371582031
2022-11-15 02:01:30,539 - INFO: global_step=131279, episodic_return=-21.255250930786133
2022-11-15 02:01:32,440 - INFO: global_step=132279, episodic_return=-40.668617248535156
2022-11-15 02:01:32,565 - INFO: global_step=132444, episodic_return=-78.04899597167969
2022-11-15 02:01:32,690 - INFO: global_step=132628, episodic_return=-127.793701171875
2022-11-15 02:01:34,406 - INFO: global_step=133628, episodic_return=-26.59430694580078
2022-11-15 02:01:36,713 - INFO: global_step=134628, episodic_return=-22.527259826660156
2022-11-15 02:01:38,516 - INFO: global_step=135628, episodic_return=5.3660783767700195
2022-11-15 02:01:40,055 - INFO: global_step=136628, episodic_return=-62.45387268066406
2022-11-15 02:01:42,237 - INFO: global_step=137628, episodic_return=-41.8903694152832
2022-11-15 02:01:44,074 - INFO: global_step=138628, episodic_return=-34.78832244873047
2022-11-15 02:01:45,994 - INFO: global_step=139628, episodic_return=-42.232818603515625
2022-11-15 02:01:47,760 - INFO: global_step=140628, episodic_return=-94.97864532470703
2022-11-15 02:01:49,965 - INFO: global_step=141628, episodic_return=2.727208137512207
2022-11-15 02:01:51,863 - INFO: global_step=142628, episodic_return=-105.74642181396484
2022-11-15 02:01:53,309 - INFO: global_step=143628, episodic_return=-90.86277770996094
2022-11-15 02:01:55,556 - INFO: global_step=144628, episodic_return=-50.66339111328125
2022-11-15 02:01:57,798 - INFO: global_step=145628, episodic_return=-84.13691711425781
2022-11-15 02:02:00,449 - INFO: global_step=146628, episodic_return=-17.295791625976562
2022-11-15 02:02:02,655 - INFO: global_step=147628, episodic_return=8.805275917053223
2022-11-15 02:02:04,783 - INFO: global_step=148628, episodic_return=-65.81974029541016
2022-11-15 02:02:06,864 - INFO: global_step=149628, episodic_return=-40.575077056884766
2022-11-15 02:02:08,644 - INFO: global_step=150628, episodic_return=-32.45927047729492
2022-11-15 02:02:10,425 - INFO: global_step=151628, episodic_return=-1.632973074913025
2022-11-15 02:02:12,525 - INFO: global_step=152628, episodic_return=17.04716682434082
2022-11-15 02:02:15,152 - INFO: global_step=153628, episodic_return=-67.38521575927734
2022-11-15 02:02:16,928 - INFO: global_step=154628, episodic_return=82.35893249511719
2022-11-15 02:02:18,957 - INFO: global_step=155545, episodic_return=100.91499328613281
2022-11-15 02:02:20,591 - INFO: global_step=156545, episodic_return=1.1018130779266357
2022-11-15 02:02:22,755 - INFO: global_step=157545, episodic_return=-65.79485321044922
2022-11-15 02:02:23,757 - INFO: global_step=158203, episodic_return=210.40457153320312
2022-11-15 02:02:24,128 - INFO: global_step=158521, episodic_return=287.093017578125
2022-11-15 02:02:25,230 - INFO: global_step=159263, episodic_return=183.39434814453125
2022-11-15 02:02:26,569 - INFO: global_step=160067, episodic_return=155.2253875732422
2022-11-15 02:02:27,628 - INFO: global_step=160660, episodic_return=200.73568725585938
2022-11-15 02:02:29,226 - INFO: global_step=161473, episodic_return=143.69512939453125
2022-11-15 02:02:31,495 - INFO: global_step=162473, episodic_return=-58.5341682434082
2022-11-15 02:02:33,668 - INFO: global_step=163473, episodic_return=-76.64226531982422
2022-11-15 02:02:35,606 - INFO: global_step=164473, episodic_return=11.793872833251953
2022-11-15 02:02:37,184 - INFO: global_step=165438, episodic_return=-111.6517333984375
2022-11-15 02:02:39,029 - INFO: global_step=166438, episodic_return=92.51061248779297
2022-11-15 02:02:39,556 - INFO: global_step=166835, episodic_return=247.90235900878906
2022-11-15 02:02:40,871 - INFO: global_step=167759, episodic_return=99.28018951416016
2022-11-15 02:02:42,901 - INFO: global_step=168759, episodic_return=-4.64905309677124
2022-11-15 02:02:44,581 - INFO: global_step=169759, episodic_return=-99.8268051147461
2022-11-15 02:02:44,977 - INFO: global_step=170117, episodic_return=51.83735656738281
2022-11-15 02:02:45,951 - INFO: global_step=170787, episodic_return=-125.19049072265625
2022-11-15 02:02:48,517 - INFO: global_step=171787, episodic_return=2.331523895263672
2022-11-15 02:02:49,253 - INFO: global_step=172402, episodic_return=-62.84750747680664
2022-11-15 02:02:50,403 - INFO: global_step=173149, episodic_return=88.88839721679688
2022-11-15 02:02:51,289 - INFO: global_step=173831, episodic_return=169.05540466308594
2022-11-15 02:02:53,406 - INFO: global_step=174831, episodic_return=88.61286926269531
2022-11-15 02:02:55,274 - INFO: global_step=175831, episodic_return=164.14515686035156
2022-11-15 02:02:57,500 - INFO: global_step=176831, episodic_return=54.059288024902344
2022-11-15 02:02:59,610 - INFO: global_step=177831, episodic_return=-8.851417541503906
2022-11-15 02:03:01,831 - INFO: global_step=178831, episodic_return=-59.184444427490234
2022-11-15 02:03:04,361 - INFO: global_step=179831, episodic_return=-49.322574615478516
2022-11-15 02:03:06,527 - INFO: global_step=180831, episodic_return=-60.00419998168945
2022-11-15 02:03:08,476 - INFO: global_step=181831, episodic_return=-6.072710990905762
2022-11-15 02:03:10,323 - INFO: global_step=182831, episodic_return=-34.321815490722656
2022-11-15 02:03:12,654 - INFO: global_step=183831, episodic_return=-68.78250122070312
2022-11-15 02:03:14,406 - INFO: global_step=184831, episodic_return=-37.98820495605469
2022-11-15 02:03:16,914 - INFO: global_step=185831, episodic_return=-59.449798583984375
2022-11-15 02:03:19,119 - INFO: global_step=186831, episodic_return=-50.55658721923828
2022-11-15 02:03:21,098 - INFO: global_step=187831, episodic_return=-22.14133644104004
2022-11-15 02:03:23,751 - INFO: global_step=188831, episodic_return=-22.98061180114746
2022-11-15 02:03:26,442 - INFO: global_step=189831, episodic_return=-56.48688888549805
2022-11-15 02:03:28,483 - INFO: global_step=190831, episodic_return=-47.31623840332031
2022-11-15 02:03:28,707 - INFO: global_step=191047, episodic_return=-171.8486328125
2022-11-15 02:03:31,324 - INFO: global_step=192047, episodic_return=-64.68809509277344
2022-11-15 02:03:32,784 - INFO: global_step=192679, episodic_return=-49.602684020996094
2022-11-15 02:03:35,207 - INFO: global_step=193679, episodic_return=49.45398712158203
2022-11-15 02:03:37,239 - INFO: global_step=194671, episodic_return=192.60336303710938
2022-11-15 02:03:38,164 - INFO: global_step=195289, episodic_return=142.74822998046875
2022-11-15 02:03:40,642 - INFO: global_step=196289, episodic_return=-43.89011764526367
2022-11-15 02:03:43,514 - INFO: global_step=197289, episodic_return=-36.010196685791016
2022-11-15 02:03:45,759 - INFO: global_step=198289, episodic_return=67.7021255493164
2022-11-15 02:03:47,572 - INFO: global_step=199289, episodic_return=-69.28411865234375
2022-11-15 02:03:49,698 - INFO: global_step=200289, episodic_return=-89.66925048828125
2022-11-15 02:03:51,619 - INFO: global_step=201289, episodic_return=-55.03068542480469
2022-11-15 02:03:53,261 - INFO: global_step=202289, episodic_return=-75.9444580078125
2022-11-15 02:03:53,594 - INFO: global_step=202562, episodic_return=267.5538024902344
2022-11-15 02:03:55,893 - INFO: global_step=203460, episodic_return=-79.15619659423828
2022-11-15 02:03:57,722 - INFO: global_step=204460, episodic_return=-68.91136169433594
2022-11-15 02:03:59,889 - INFO: global_step=205426, episodic_return=-90.52764129638672
2022-11-15 02:04:00,063 - INFO: global_step=205621, episodic_return=308.32720947265625
2022-11-15 02:04:01,968 - INFO: global_step=206621, episodic_return=-14.550590515136719
2022-11-15 02:04:02,573 - INFO: global_step=207052, episodic_return=24.084075927734375
2022-11-15 02:04:04,486 - INFO: global_step=207790, episodic_return=-94.78825378417969
2022-11-15 02:04:04,805 - INFO: global_step=208062, episodic_return=52.3936767578125
2022-11-15 02:04:04,944 - INFO: global_step=208207, episodic_return=59.30690002441406
2022-11-15 02:04:05,230 - INFO: global_step=208476, episodic_return=268.53033447265625
2022-11-15 02:04:05,626 - INFO: global_step=208823, episodic_return=267.6411437988281
2022-11-15 02:04:06,400 - INFO: global_step=209348, episodic_return=-17.506263732910156
2022-11-15 02:04:06,960 - INFO: global_step=209790, episodic_return=-10.601577758789062
2022-11-15 02:04:07,828 - INFO: global_step=210383, episodic_return=205.064453125
2022-11-15 02:04:08,748 - INFO: global_step=210974, episodic_return=-224.71823120117188
2022-11-15 02:04:09,940 - INFO: global_step=211712, episodic_return=161.88784790039062
2022-11-15 02:04:10,980 - INFO: global_step=212362, episodic_return=199.8304443359375
2022-11-15 02:04:12,598 - INFO: global_step=213127, episodic_return=166.95278930664062
2022-11-15 02:04:14,715 - INFO: global_step=214058, episodic_return=-138.09027099609375
2022-11-15 02:04:15,064 - INFO: global_step=214353, episodic_return=296.7683410644531
2022-11-15 02:04:15,681 - INFO: global_step=214777, episodic_return=200.81707763671875
2022-11-15 02:04:15,932 - INFO: global_step=215024, episodic_return=279.8804931640625
2022-11-15 02:04:16,507 - INFO: global_step=215485, episodic_return=201.75811767578125
2022-11-15 02:04:17,111 - INFO: global_step=215938, episodic_return=239.56932067871094
2022-11-15 02:04:18,007 - INFO: global_step=216502, episodic_return=129.6655731201172
2022-11-15 02:04:19,555 - INFO: global_step=217277, episodic_return=155.49722290039062
2022-11-15 02:04:21,874 - INFO: global_step=218277, episodic_return=-36.33853530883789
2022-11-15 02:04:23,356 - INFO: global_step=219277, episodic_return=-30.7867488861084
2022-11-15 02:04:25,163 - INFO: global_step=220233, episodic_return=111.64144897460938
2022-11-15 02:04:27,091 - INFO: global_step=221055, episodic_return=91.11479187011719
2022-11-15 02:04:27,982 - INFO: global_step=221633, episodic_return=219.6392822265625
2022-11-15 02:04:30,486 - INFO: global_step=222633, episodic_return=-57.54411697387695
2022-11-15 02:04:32,085 - INFO: global_step=223493, episodic_return=104.74417877197266
2022-11-15 02:04:34,523 - INFO: global_step=224493, episodic_return=-74.78739166259766
2022-11-15 02:04:36,864 - INFO: global_step=225493, episodic_return=-22.840360641479492
2022-11-15 02:04:39,484 - INFO: global_step=226493, episodic_return=-71.74919891357422
2022-11-15 02:04:41,151 - INFO: global_step=227493, episodic_return=-39.27456283569336
2022-11-15 02:04:43,334 - INFO: global_step=228493, episodic_return=-26.030170440673828
2022-11-15 02:04:45,330 - INFO: global_step=229375, episodic_return=169.42909240722656
2022-11-15 02:04:46,191 - INFO: global_step=229907, episodic_return=249.0764617919922
2022-11-15 02:04:49,024 - INFO: global_step=230907, episodic_return=31.940357208251953
2022-11-15 02:04:51,420 - INFO: global_step=231907, episodic_return=-35.509281158447266
2022-11-15 02:04:54,213 - INFO: global_step=232907, episodic_return=-53.66947937011719
2022-11-15 02:04:56,848 - INFO: global_step=233907, episodic_return=16.731704711914062
2022-11-15 02:04:58,981 - INFO: global_step=234907, episodic_return=-74.95021057128906
2022-11-15 02:05:01,329 - INFO: global_step=235907, episodic_return=-52.336666107177734
2022-11-15 02:05:03,130 - INFO: global_step=236907, episodic_return=22.18709373474121
2022-11-15 02:05:04,851 - INFO: global_step=237907, episodic_return=-29.57353973388672
2022-11-15 02:05:07,214 - INFO: global_step=238907, episodic_return=-63.74640655517578
2022-11-15 02:05:09,723 - INFO: global_step=239907, episodic_return=-6.512088775634766
2022-11-15 02:05:10,454 - INFO: global_step=240241, episodic_return=280.02294921875
2022-11-15 02:05:12,732 - INFO: global_step=241241, episodic_return=-86.16305541992188
2022-11-15 02:05:14,576 - INFO: global_step=242241, episodic_return=-4.784570693969727
2022-11-15 02:05:16,674 - INFO: global_step=243241, episodic_return=-50.42402267456055
2022-11-15 02:05:18,251 - INFO: global_step=244241, episodic_return=-5.502635955810547
2022-11-15 02:05:20,634 - INFO: global_step=245241, episodic_return=-10.045406341552734
2022-11-15 02:05:21,682 - INFO: global_step=245871, episodic_return=214.2567596435547
2022-11-15 02:05:24,140 - INFO: global_step=246871, episodic_return=-12.186128616333008
2022-11-15 02:05:26,112 - INFO: global_step=247871, episodic_return=-13.098865509033203
2022-11-15 02:05:27,901 - INFO: global_step=248871, episodic_return=-43.43537902832031
2022-11-15 02:05:29,863 - INFO: global_step=249871, episodic_return=-99.39497375488281
2022-11-15 02:05:30,437 - INFO: global_step=250233, episodic_return=242.63058471679688
2022-11-15 02:05:30,665 - INFO: global_step=250446, episodic_return=284.42742919921875
2022-11-15 02:05:33,084 - INFO: global_step=251446, episodic_return=-71.1477279663086
2022-11-15 02:05:35,567 - INFO: global_step=252446, episodic_return=-26.275352478027344
2022-11-15 02:05:36,696 - INFO: global_step=253009, episodic_return=-98.55696105957031
2022-11-15 02:05:36,772 - INFO: global_step=253105, episodic_return=48.595703125
2022-11-15 02:05:37,727 - INFO: global_step=253710, episodic_return=255.14544677734375
2022-11-15 02:05:38,655 - INFO: global_step=254315, episodic_return=246.03184509277344
2022-11-15 02:05:39,230 - INFO: global_step=254798, episodic_return=-212.9869384765625
2022-11-15 02:05:41,151 - INFO: global_step=255798, episodic_return=-55.9810676574707
2022-11-15 02:05:41,294 - INFO: global_step=255926, episodic_return=14.915534973144531
2022-11-15 02:05:43,418 - INFO: global_step=256926, episodic_return=-48.69883728027344
2022-11-15 02:05:45,693 - INFO: global_step=257926, episodic_return=-37.17778396606445
2022-11-15 02:05:48,283 - INFO: global_step=258926, episodic_return=-113.17151641845703
2022-11-15 02:05:48,468 - INFO: global_step=259154, episodic_return=303.177490234375
2022-11-15 02:05:49,230 - INFO: global_step=259735, episodic_return=181.17750549316406
2022-11-15 02:05:51,209 - INFO: global_step=260735, episodic_return=-113.3415298461914
2022-11-15 02:05:53,864 - INFO: global_step=261735, episodic_return=-46.936363220214844
2022-11-15 02:05:54,730 - INFO: global_step=262234, episodic_return=-94.8204574584961
2022-11-15 02:05:55,704 - INFO: global_step=262767, episodic_return=198.21466064453125
2022-11-15 02:05:57,500 - INFO: global_step=263767, episodic_return=-106.04424285888672
2022-11-15 02:05:59,396 - INFO: global_step=264767, episodic_return=-55.15157699584961
2022-11-15 02:06:01,222 - INFO: global_step=265767, episodic_return=-33.90023422241211
2022-11-15 02:06:02,525 - INFO: global_step=266517, episodic_return=180.22393798828125
2022-11-15 02:06:03,889 - INFO: global_step=267517, episodic_return=-67.88066101074219
2022-11-15 02:06:05,435 - INFO: global_step=268517, episodic_return=-74.86848449707031
2022-11-15 02:06:08,473 - INFO: global_step=269517, episodic_return=-15.881353378295898
2022-11-15 02:06:10,258 - INFO: global_step=270517, episodic_return=-61.96018981933594
2022-11-15 02:06:10,894 - INFO: global_step=271014, episodic_return=216.10263061523438
2022-11-15 02:06:13,606 - INFO: global_step=272014, episodic_return=-45.71891784667969
2022-11-15 02:06:15,275 - INFO: global_step=272905, episodic_return=183.6083984375
2022-11-15 02:06:17,146 - INFO: global_step=273847, episodic_return=131.71568298339844
2022-11-15 02:06:18,808 - INFO: global_step=274847, episodic_return=-90.59844207763672
2022-11-15 02:06:20,703 - INFO: global_step=275847, episodic_return=-59.52760696411133
2022-11-15 02:06:22,101 - INFO: global_step=276847, episodic_return=-54.99913787841797
2022-11-15 02:06:23,796 - INFO: global_step=277847, episodic_return=-49.695167541503906
2022-11-15 02:06:25,756 - INFO: global_step=278847, episodic_return=-46.47213363647461
2022-11-15 02:06:27,408 - INFO: global_step=279847, episodic_return=-48.99105453491211
2022-11-15 02:06:28,929 - INFO: global_step=280847, episodic_return=-87.50678253173828
2022-11-15 02:06:30,637 - INFO: global_step=281847, episodic_return=-24.136812210083008
2022-11-15 02:06:32,975 - INFO: global_step=282847, episodic_return=-48.21366500854492
2022-11-15 02:06:34,937 - INFO: global_step=283847, episodic_return=-44.53969955444336
2022-11-15 02:06:36,663 - INFO: global_step=284638, episodic_return=146.41470336914062
2022-11-15 02:06:38,301 - INFO: global_step=285638, episodic_return=-15.483758926391602
2022-11-15 02:06:39,663 - INFO: global_step=286638, episodic_return=-31.56475067138672
2022-11-15 02:06:41,247 - INFO: global_step=287638, episodic_return=-1.2349238395690918
2022-11-15 02:06:43,845 - INFO: global_step=288638, episodic_return=-39.84938430786133
2022-11-15 02:06:45,565 - INFO: global_step=289638, episodic_return=-37.79067611694336
2022-11-15 02:06:48,373 - INFO: global_step=290638, episodic_return=17.594371795654297
2022-11-15 02:06:50,928 - INFO: global_step=291638, episodic_return=-25.430389404296875
2022-11-15 02:06:53,585 - INFO: global_step=292638, episodic_return=-65.65042877197266
2022-11-15 02:06:54,950 - INFO: global_step=293638, episodic_return=-43.80222702026367
2022-11-15 02:06:56,707 - INFO: global_step=294638, episodic_return=-8.489360809326172
2022-11-15 02:06:58,551 - INFO: global_step=295638, episodic_return=-109.8271713256836
2022-11-15 02:07:00,525 - INFO: global_step=296638, episodic_return=-81.5155258178711
2022-11-15 02:07:02,864 - INFO: global_step=297638, episodic_return=-26.50124740600586
2022-11-15 02:07:05,081 - INFO: global_step=298638, episodic_return=-45.595619201660156
2022-11-15 02:07:06,861 - INFO: global_step=299638, episodic_return=-30.392044067382812
2022-11-15 02:07:08,144 - INFO: global_step=300638, episodic_return=-71.48683166503906
2022-11-15 02:07:09,560 - INFO: global_step=301638, episodic_return=-48.36305236816406
2022-11-15 02:07:11,966 - INFO: global_step=302638, episodic_return=-42.98234558105469
2022-11-15 02:07:13,480 - INFO: global_step=303638, episodic_return=-70.33245849609375
2022-11-15 02:07:15,372 - INFO: global_step=304638, episodic_return=-88.75971221923828
2022-11-15 02:07:17,012 - INFO: global_step=305638, episodic_return=-55.19810104370117
2022-11-15 02:07:19,020 - INFO: global_step=306638, episodic_return=-69.73637390136719
2022-11-15 02:07:20,497 - INFO: global_step=307638, episodic_return=-85.23323822021484
2022-11-15 02:07:22,223 - INFO: global_step=308638, episodic_return=-69.02499389648438
2022-11-15 02:07:23,746 - INFO: global_step=309638, episodic_return=-98.02105712890625
2022-11-15 02:07:25,335 - INFO: global_step=310638, episodic_return=-53.57987976074219
2022-11-15 02:07:27,350 - INFO: global_step=311638, episodic_return=-63.1231575012207
2022-11-15 02:07:29,354 - INFO: global_step=312638, episodic_return=-50.097923278808594
2022-11-15 02:07:31,809 - INFO: global_step=313638, episodic_return=-61.68608856201172
2022-11-15 02:07:34,152 - INFO: global_step=314638, episodic_return=-62.897125244140625
2022-11-15 02:07:35,918 - INFO: global_step=315638, episodic_return=-42.4580192565918
2022-11-15 02:07:37,917 - INFO: global_step=316638, episodic_return=-106.98584747314453
2022-11-15 02:07:39,628 - INFO: global_step=317638, episodic_return=-70.20457458496094
2022-11-15 02:07:41,301 - INFO: global_step=318638, episodic_return=-51.03347396850586
2022-11-15 02:07:43,040 - INFO: global_step=319638, episodic_return=-60.93843460083008
2022-11-15 02:07:44,326 - INFO: global_step=320638, episodic_return=-59.49625778198242
2022-11-15 02:07:46,172 - INFO: global_step=321638, episodic_return=-60.66131591796875
2022-11-15 02:07:47,427 - INFO: global_step=322354, episodic_return=125.41404724121094
2022-11-15 02:07:48,976 - INFO: global_step=323354, episodic_return=-46.20930862426758
2022-11-15 02:07:51,175 - INFO: global_step=324354, episodic_return=-70.69853973388672
2022-11-15 02:07:52,908 - INFO: global_step=325354, episodic_return=-67.28303527832031
2022-11-15 02:07:54,995 - INFO: global_step=326354, episodic_return=-63.76930236816406
2022-11-15 02:07:56,979 - INFO: global_step=327354, episodic_return=-56.78386688232422
2022-11-15 02:07:58,506 - INFO: global_step=328354, episodic_return=-29.671716690063477
2022-11-15 02:08:01,381 - INFO: global_step=329354, episodic_return=-82.46614837646484
2022-11-15 02:08:02,980 - INFO: global_step=330354, episodic_return=-53.55933380126953
2022-11-15 02:08:03,514 - INFO: global_step=330756, episodic_return=208.11526489257812
2022-11-15 02:08:03,903 - INFO: global_step=331086, episodic_return=215.63607788085938
2022-11-15 02:08:05,396 - INFO: global_step=332086, episodic_return=-69.74051666259766
2022-11-15 02:08:06,755 - INFO: global_step=333086, episodic_return=-68.41510772705078
2022-11-15 02:08:08,900 - INFO: global_step=334086, episodic_return=-33.0311279296875
2022-11-15 02:08:10,348 - INFO: global_step=335086, episodic_return=-82.38866424560547
2022-11-15 02:08:11,923 - INFO: global_step=336086, episodic_return=-14.395943641662598
2022-11-15 02:08:13,570 - INFO: global_step=337086, episodic_return=-39.77780532836914
2022-11-15 02:08:15,473 - INFO: global_step=338086, episodic_return=-87.93856048583984
2022-11-15 02:08:17,851 - INFO: global_step=339086, episodic_return=-46.8841552734375
2022-11-15 02:08:18,331 - INFO: global_step=339448, episodic_return=232.99600219726562
2022-11-15 02:08:18,504 - INFO: global_step=339640, episodic_return=-169.40814208984375
2022-11-15 02:08:18,898 - INFO: global_step=339984, episodic_return=252.8682098388672
2022-11-15 02:08:20,913 - INFO: global_step=340984, episodic_return=-39.3769645690918
2022-11-15 02:08:23,050 - INFO: global_step=341984, episodic_return=-29.119340896606445
2022-11-15 02:08:24,329 - INFO: global_step=342778, episodic_return=96.54637908935547
2022-11-15 02:08:25,782 - INFO: global_step=343778, episodic_return=-71.25101470947266
2022-11-15 02:08:27,320 - INFO: global_step=344778, episodic_return=-43.32160949707031
2022-11-15 02:08:28,703 - INFO: global_step=345778, episodic_return=-67.93270111083984
2022-11-15 02:08:30,286 - INFO: global_step=346778, episodic_return=-116.16558074951172
2022-11-15 02:08:31,698 - INFO: global_step=347605, episodic_return=45.50999069213867
2022-11-15 02:08:33,627 - INFO: global_step=348605, episodic_return=-77.2034683227539
2022-11-15 02:08:35,101 - INFO: global_step=349368, episodic_return=84.47806549072266
2022-11-15 02:08:36,391 - INFO: global_step=350164, episodic_return=160.87747192382812
2022-11-15 02:08:36,916 - INFO: global_step=350543, episodic_return=163.71316528320312
2022-11-15 02:08:37,278 - INFO: global_step=350874, episodic_return=-70.63546752929688
2022-11-15 02:08:37,488 - INFO: global_step=351088, episodic_return=-43.0825309753418
2022-11-15 02:08:38,119 - INFO: global_step=351540, episodic_return=182.1593475341797
2022-11-15 02:08:38,921 - INFO: global_step=351914, episodic_return=-104.19498443603516
2022-11-15 02:08:39,248 - INFO: global_step=352180, episodic_return=-82.25421142578125
2022-11-15 02:08:39,636 - INFO: global_step=352506, episodic_return=-112.8426742553711
2022-11-15 02:08:39,882 - INFO: global_step=352720, episodic_return=-51.39607620239258
2022-11-15 02:08:40,072 - INFO: global_step=352923, episodic_return=-49.38713073730469
2022-11-15 02:08:40,839 - INFO: global_step=353384, episodic_return=159.74618530273438
2022-11-15 02:08:42,554 - INFO: global_step=354384, episodic_return=-101.33854675292969
2022-11-15 02:08:43,099 - INFO: global_step=354797, episodic_return=-98.18474578857422
2022-11-15 02:08:43,510 - INFO: global_step=355143, episodic_return=-92.621337890625
2022-11-15 02:08:43,757 - INFO: global_step=355403, episodic_return=-86.58065795898438
2022-11-15 02:08:43,989 - INFO: global_step=355656, episodic_return=-96.95923614501953
2022-11-15 02:08:44,221 - INFO: global_step=355910, episodic_return=-92.0267105102539
2022-11-15 02:08:44,472 - INFO: global_step=356178, episodic_return=209.08956909179688
2022-11-15 02:08:44,959 - INFO: global_step=356564, episodic_return=233.95458984375
2022-11-15 02:08:45,163 - INFO: global_step=356776, episodic_return=-100.54051971435547
2022-11-15 02:08:46,176 - INFO: global_step=357383, episodic_return=-147.35629272460938
2022-11-15 02:08:46,335 - INFO: global_step=357575, episodic_return=-49.15253448486328
2022-11-15 02:08:46,949 - INFO: global_step=358050, episodic_return=-138.08404541015625
2022-11-15 02:08:47,654 - INFO: global_step=358585, episodic_return=-127.21302795410156
2022-11-15 02:08:48,568 - INFO: global_step=359299, episodic_return=-175.92767333984375
2022-11-15 02:08:50,064 - INFO: global_step=360299, episodic_return=-84.88389587402344
2022-11-15 02:08:51,555 - INFO: global_step=361299, episodic_return=-114.81717681884766
2022-11-15 02:08:53,209 - INFO: global_step=362299, episodic_return=-80.80909729003906
2022-11-15 02:08:54,553 - INFO: global_step=363299, episodic_return=-49.24320983886719
2022-11-15 02:08:56,837 - INFO: global_step=364299, episodic_return=-43.88797378540039
2022-11-15 02:08:58,535 - INFO: global_step=365196, episodic_return=119.06621551513672
2022-11-15 02:08:59,784 - INFO: global_step=366015, episodic_return=148.69737243652344
2022-11-15 02:09:01,856 - INFO: global_step=367015, episodic_return=-10.559643745422363
2022-11-15 02:09:03,096 - INFO: global_step=367793, episodic_return=188.8289794921875
2022-11-15 02:09:05,776 - INFO: global_step=368793, episodic_return=-8.318036079406738
2022-11-15 02:09:07,130 - INFO: global_step=369793, episodic_return=-30.69149398803711
2022-11-15 02:09:09,906 - INFO: global_step=370793, episodic_return=-60.09225082397461
2022-11-15 02:09:12,488 - INFO: global_step=371793, episodic_return=-69.51594543457031
2022-11-15 02:09:13,920 - INFO: global_step=372793, episodic_return=-40.15886306762695
2022-11-15 02:09:14,919 - INFO: global_step=373389, episodic_return=-103.38867950439453
2022-11-15 02:09:16,307 - INFO: global_step=374389, episodic_return=-105.68223571777344
2022-11-15 02:09:18,288 - INFO: global_step=375389, episodic_return=-137.9727325439453
2022-11-15 02:09:20,225 - INFO: global_step=376389, episodic_return=-29.170400619506836
2022-11-15 02:09:22,242 - INFO: global_step=377291, episodic_return=135.95291137695312
2022-11-15 02:09:23,508 - INFO: global_step=378103, episodic_return=160.60630798339844
2022-11-15 02:09:25,520 - INFO: global_step=379103, episodic_return=-51.341182708740234
2022-11-15 02:09:27,392 - INFO: global_step=380103, episodic_return=-87.56644439697266
2022-11-15 02:09:29,150 - INFO: global_step=381103, episodic_return=-30.906951904296875
2022-11-15 02:09:30,894 - INFO: global_step=382103, episodic_return=-47.47148895263672
2022-11-15 02:09:33,038 - INFO: global_step=383103, episodic_return=-44.15202331542969
2022-11-15 02:09:34,419 - INFO: global_step=384103, episodic_return=-68.86358642578125
2022-11-15 02:09:36,185 - INFO: global_step=385103, episodic_return=-95.98925018310547
2022-11-15 02:09:38,059 - INFO: global_step=386103, episodic_return=-45.221378326416016
2022-11-15 02:09:39,595 - INFO: global_step=387103, episodic_return=-65.33575439453125
2022-11-15 02:09:41,246 - INFO: global_step=388103, episodic_return=-83.68441009521484
2022-11-15 02:09:43,840 - INFO: global_step=389103, episodic_return=-46.007877349853516
2022-11-15 02:09:45,453 - INFO: global_step=390103, episodic_return=-68.55430603027344
2022-11-15 02:09:47,378 - INFO: global_step=391103, episodic_return=-46.87907409667969
2022-11-15 02:09:49,411 - INFO: global_step=392103, episodic_return=-84.21553039550781
2022-11-15 02:09:51,397 - INFO: global_step=393103, episodic_return=-46.3261604309082
2022-11-15 02:09:53,346 - INFO: global_step=394103, episodic_return=-55.42259216308594
2022-11-15 02:09:55,424 - INFO: global_step=395103, episodic_return=-97.81586456298828
2022-11-15 02:09:56,857 - INFO: global_step=396103, episodic_return=-64.73590087890625
2022-11-15 02:09:58,428 - INFO: global_step=397103, episodic_return=-34.44282531738281
2022-11-15 02:09:59,884 - INFO: global_step=398103, episodic_return=-44.22526168823242
2022-11-15 02:10:01,527 - INFO: global_step=399103, episodic_return=-71.45677947998047
2022-11-15 02:10:03,566 - INFO: global_step=400103, episodic_return=-73.92170715332031
2022-11-15 02:10:05,520 - INFO: global_step=401103, episodic_return=-28.16067123413086
2022-11-15 02:10:07,206 - INFO: global_step=402103, episodic_return=-81.1004638671875
2022-11-15 02:10:09,094 - INFO: global_step=403103, episodic_return=-72.48065948486328
2022-11-15 02:10:12,178 - INFO: global_step=404103, episodic_return=-91.86077880859375
2022-11-15 02:10:13,872 - INFO: global_step=405103, episodic_return=-51.1556396484375
2022-11-15 02:10:15,600 - INFO: global_step=406103, episodic_return=4.232279300689697
2022-11-15 02:10:18,091 - INFO: global_step=407103, episodic_return=-44.84311294555664
2022-11-15 02:10:19,904 - INFO: global_step=408103, episodic_return=-51.97269821166992
2022-11-15 02:10:21,844 - INFO: global_step=409103, episodic_return=-47.03657531738281
2022-11-15 02:10:23,769 - INFO: global_step=410103, episodic_return=-84.90725708007812
2022-11-15 02:10:25,352 - INFO: global_step=411103, episodic_return=-31.568832397460938
2022-11-15 02:10:27,275 - INFO: global_step=412103, episodic_return=-20.415443420410156
2022-11-15 02:10:28,536 - INFO: global_step=413103, episodic_return=-60.90181350708008
2022-11-15 02:10:30,253 - INFO: global_step=414071, episodic_return=136.80831909179688
2022-11-15 02:10:31,634 - INFO: global_step=415071, episodic_return=-85.36997985839844
2022-11-15 02:10:33,021 - INFO: global_step=416071, episodic_return=-11.460444450378418
2022-11-15 02:10:34,566 - INFO: global_step=417071, episodic_return=-23.149791717529297
2022-11-15 02:10:36,216 - INFO: global_step=418071, episodic_return=-56.90290832519531
2022-11-15 02:10:39,658 - INFO: global_step=419071, episodic_return=-32.8941650390625
2022-11-15 02:10:42,380 - INFO: global_step=420071, episodic_return=-52.00604248046875
2022-11-15 02:10:45,023 - INFO: global_step=421071, episodic_return=-84.70208740234375
2022-11-15 02:10:47,103 - INFO: global_step=422071, episodic_return=-74.2235107421875
2022-11-15 02:10:48,905 - INFO: global_step=423071, episodic_return=-44.66669464111328
2022-11-15 02:10:49,637 - INFO: global_step=423588, episodic_return=166.04641723632812
2022-11-15 02:10:51,299 - INFO: global_step=424588, episodic_return=-81.58109283447266
2022-11-15 02:10:53,949 - INFO: global_step=425588, episodic_return=-19.07766342163086
2022-11-15 02:10:55,352 - INFO: global_step=426588, episodic_return=-39.27172088623047
2022-11-15 02:10:57,543 - INFO: global_step=427588, episodic_return=-46.94792938232422
2022-11-15 02:10:58,945 - INFO: global_step=428377, episodic_return=137.6431884765625
2022-11-15 02:11:00,342 - INFO: global_step=429377, episodic_return=-49.92904281616211
2022-11-15 02:11:01,838 - INFO: global_step=430377, episodic_return=-4.011370658874512
2022-11-15 02:11:03,679 - INFO: global_step=431377, episodic_return=-66.90259552001953
2022-11-15 02:11:05,276 - INFO: global_step=432377, episodic_return=17.02208137512207
2022-11-15 02:11:07,113 - INFO: global_step=433364, episodic_return=39.187931060791016
2022-11-15 02:11:08,746 - INFO: global_step=434364, episodic_return=-57.13489532470703
2022-11-15 02:11:11,154 - INFO: global_step=435364, episodic_return=-34.69513702392578
2022-11-15 02:11:13,595 - INFO: global_step=436364, episodic_return=-36.93049621582031
2022-11-15 02:11:15,031 - INFO: global_step=437156, episodic_return=-120.44634246826172
2022-11-15 02:11:16,925 - INFO: global_step=438156, episodic_return=-71.69377136230469
2022-11-15 02:11:18,557 - INFO: global_step=439156, episodic_return=-39.08351516723633
2022-11-15 02:11:20,271 - INFO: global_step=440156, episodic_return=-65.30973052978516
2022-11-15 02:11:22,101 - INFO: global_step=441156, episodic_return=-66.41058349609375
2022-11-15 02:11:23,970 - INFO: global_step=442156, episodic_return=-41.27257537841797
2022-11-15 02:11:26,084 - INFO: global_step=443156, episodic_return=-63.52058792114258
2022-11-15 02:11:28,249 - INFO: global_step=444156, episodic_return=-54.13026809692383
2022-11-15 02:11:31,015 - INFO: global_step=445156, episodic_return=-50.12468338012695
2022-11-15 02:11:32,922 - INFO: global_step=446156, episodic_return=-53.06572723388672
2022-11-15 02:11:34,854 - INFO: global_step=447156, episodic_return=-64.86955261230469
2022-11-15 02:11:36,464 - INFO: global_step=448156, episodic_return=-33.58802032470703
2022-11-15 02:11:39,053 - INFO: global_step=449156, episodic_return=-61.31489944458008
2022-11-15 02:11:40,750 - INFO: global_step=450156, episodic_return=-67.11209106445312
2022-11-15 02:11:42,635 - INFO: global_step=451156, episodic_return=-58.8370246887207
2022-11-15 02:11:44,499 - INFO: global_step=452156, episodic_return=-61.162776947021484
2022-11-15 02:11:46,202 - INFO: global_step=453156, episodic_return=-50.709346771240234
2022-11-15 02:11:48,316 - INFO: global_step=454156, episodic_return=-72.43313598632812
2022-11-15 02:11:50,451 - INFO: global_step=455156, episodic_return=-58.11384201049805
2022-11-15 02:11:52,019 - INFO: global_step=456156, episodic_return=-60.29364013671875
2022-11-15 02:11:54,439 - INFO: global_step=457156, episodic_return=12.90329360961914
2022-11-15 02:11:56,121 - INFO: global_step=458156, episodic_return=-70.3290023803711
2022-11-15 02:11:58,066 - INFO: global_step=459156, episodic_return=-76.46221160888672
2022-11-15 02:11:59,733 - INFO: global_step=460156, episodic_return=-73.2105484008789
2022-11-15 02:12:01,484 - INFO: global_step=461156, episodic_return=-52.93498229980469
2022-11-15 02:12:03,404 - INFO: global_step=462156, episodic_return=-62.2317008972168
2022-11-15 02:12:05,299 - INFO: global_step=463156, episodic_return=-73.61585235595703
2022-11-15 02:12:06,976 - INFO: global_step=464156, episodic_return=-71.53350830078125
2022-11-15 02:12:09,879 - INFO: global_step=465156, episodic_return=-69.2517318725586
2022-11-15 02:12:11,759 - INFO: global_step=466156, episodic_return=-90.35330200195312
2022-11-15 02:12:13,296 - INFO: global_step=467156, episodic_return=-28.70728874206543
2022-11-15 02:12:14,951 - INFO: global_step=468156, episodic_return=-25.073808670043945
2022-11-15 02:12:16,891 - INFO: global_step=469156, episodic_return=-69.34297943115234
2022-11-15 02:12:18,483 - INFO: global_step=470156, episodic_return=-19.510452270507812
2022-11-15 02:12:20,166 - INFO: global_step=471156, episodic_return=-57.028419494628906
2022-11-15 02:12:21,821 - INFO: global_step=472156, episodic_return=-72.80796813964844
2022-11-15 02:12:23,129 - INFO: global_step=473156, episodic_return=-59.50739669799805
2022-11-15 02:12:24,436 - INFO: global_step=474156, episodic_return=-26.699352264404297
2022-11-15 02:12:26,472 - INFO: global_step=475156, episodic_return=-64.07865905761719
2022-11-15 02:12:28,150 - INFO: global_step=476156, episodic_return=-19.312997817993164
2022-11-15 02:12:30,812 - INFO: global_step=477156, episodic_return=-43.82014083862305
2022-11-15 02:12:32,455 - INFO: global_step=478156, episodic_return=-32.409515380859375
2022-11-15 02:12:34,654 - INFO: global_step=479156, episodic_return=-75.58326721191406
2022-11-15 02:12:36,845 - INFO: global_step=480156, episodic_return=-80.06398010253906
2022-11-15 02:12:39,547 - INFO: global_step=481156, episodic_return=2.7296605110168457
2022-11-15 02:12:42,247 - INFO: global_step=482156, episodic_return=-77.51544952392578
2022-11-15 02:12:43,695 - INFO: global_step=483156, episodic_return=-59.41433334350586
2022-11-15 02:12:45,435 - INFO: global_step=484156, episodic_return=-88.06507110595703
2022-11-15 02:12:47,036 - INFO: global_step=485156, episodic_return=-73.6894760131836
2022-11-15 02:12:49,325 - INFO: global_step=486156, episodic_return=29.79605484008789
2022-11-15 02:12:51,429 - INFO: global_step=487156, episodic_return=-71.54427337646484
2022-11-15 02:12:52,728 - INFO: global_step=488156, episodic_return=-11.710990905761719
2022-11-15 02:12:55,199 - INFO: global_step=489156, episodic_return=-85.49127960205078
2022-11-15 02:12:56,615 - INFO: global_step=490156, episodic_return=-51.61140441894531
2022-11-15 02:12:58,292 - INFO: global_step=491156, episodic_return=-31.431270599365234
2022-11-15 02:12:59,980 - INFO: global_step=492156, episodic_return=-61.49040985107422
2022-11-15 02:13:01,709 - INFO: global_step=493156, episodic_return=-31.834989547729492
2022-11-15 02:13:03,057 - INFO: global_step=494156, episodic_return=-68.33881378173828
2022-11-15 02:13:05,196 - INFO: global_step=495156, episodic_return=-75.75845336914062
2022-11-15 02:13:06,564 - INFO: global_step=496156, episodic_return=-72.82440185546875
2022-11-15 02:13:08,510 - INFO: global_step=497156, episodic_return=-64.03445434570312
2022-11-15 02:13:10,046 - INFO: global_step=498156, episodic_return=-69.79345703125
2022-11-15 02:13:11,418 - INFO: global_step=499156, episodic_return=-94.97837829589844
2022-11-15 02:13:12,550 - INFO: The average reward of last 20 steps: -56.85325858592987
