2022-11-14 23:35:20,493 - INFO: +--------------------------+----------------+
| Parameter                | Value          |
+--------------------------+----------------+
| exp_name                 | dqn            |
+--------------------------+----------------+
| seed                     | 42             |
+--------------------------+----------------+
| total_timesteps          | 500000         |
+--------------------------+----------------+
| learning_rate            | 0.001          |
+--------------------------+----------------+
| buffer_size              | 2000           |
+--------------------------+----------------+
| gamma                    | 0.982          |
+--------------------------+----------------+
| target_network_frequency | 50             |
+--------------------------+----------------+
| batch_size               | 128            |
+--------------------------+----------------+
| start_e                  | 0.700          |
+--------------------------+----------------+
| end_e                    | 0              |
+--------------------------+----------------+
| exploration_fraction     | 0.200          |
+--------------------------+----------------+
| learning_starts          | 10000          |
+--------------------------+----------------+
| train_frequency          | 10             |
+--------------------------+----------------+
| env_id                   | LunarLander-v2 |
+--------------------------+----------------+
2022-11-14 23:35:23,287 - INFO: global_step=136, episodic_return=-531.7100219726562
2022-11-14 23:35:23,330 - INFO: global_step=218, episodic_return=-407.9483337402344
2022-11-14 23:35:23,368 - INFO: global_step=293, episodic_return=-89.19992065429688
2022-11-14 23:35:23,401 - INFO: global_step=350, episodic_return=-81.596435546875
2022-11-14 23:35:23,475 - INFO: global_step=501, episodic_return=-86.75325012207031
2022-11-14 23:35:23,517 - INFO: global_step=611, episodic_return=-134.7493896484375
2022-11-14 23:35:23,593 - INFO: global_step=785, episodic_return=-546.3221435546875
2022-11-14 23:35:23,705 - INFO: global_step=992, episodic_return=-584.7581787109375
2022-11-14 23:35:23,739 - INFO: global_step=1065, episodic_return=-80.30321502685547
2022-11-14 23:35:23,774 - INFO: global_step=1137, episodic_return=-129.78338623046875
2022-11-14 23:35:23,817 - INFO: global_step=1234, episodic_return=-273.9700927734375
2022-11-14 23:35:23,845 - INFO: global_step=1307, episodic_return=-112.37734985351562
2022-11-14 23:35:23,916 - INFO: global_step=1460, episodic_return=-218.85162353515625
2022-11-14 23:35:23,942 - INFO: global_step=1513, episodic_return=-226.15591430664062
2022-11-14 23:35:23,965 - INFO: global_step=1587, episodic_return=-98.8242416381836
2022-11-14 23:35:23,993 - INFO: global_step=1678, episodic_return=-514.6605834960938
2022-11-14 23:35:24,023 - INFO: global_step=1758, episodic_return=-429.5286865234375
2022-11-14 23:35:24,049 - INFO: global_step=1826, episodic_return=-103.02587127685547
2022-11-14 23:35:24,101 - INFO: global_step=1946, episodic_return=-181.1898193359375
2022-11-14 23:35:24,128 - INFO: global_step=2020, episodic_return=-191.10281372070312
2022-11-14 23:35:24,153 - INFO: global_step=2086, episodic_return=-75.86158752441406
2022-11-14 23:35:24,204 - INFO: global_step=2214, episodic_return=-355.27081298828125
2022-11-14 23:35:24,223 - INFO: global_step=2278, episodic_return=-77.42900848388672
2022-11-14 23:35:24,244 - INFO: global_step=2347, episodic_return=-108.03852844238281
2022-11-14 23:35:24,267 - INFO: global_step=2428, episodic_return=-83.41441345214844
2022-11-14 23:35:24,300 - INFO: global_step=2510, episodic_return=-472.44854736328125
2022-11-14 23:35:24,330 - INFO: global_step=2598, episodic_return=-327.30633544921875
2022-11-14 23:35:24,353 - INFO: global_step=2669, episodic_return=-165.39309692382812
2022-11-14 23:35:24,400 - INFO: global_step=2785, episodic_return=-124.7232666015625
2022-11-14 23:35:24,423 - INFO: global_step=2862, episodic_return=-127.15545654296875
2022-11-14 23:35:24,472 - INFO: global_step=2981, episodic_return=-329.86419677734375
2022-11-14 23:35:24,504 - INFO: global_step=3069, episodic_return=-357.69952392578125
2022-11-14 23:35:24,566 - INFO: global_step=3187, episodic_return=-373.490966796875
2022-11-14 23:35:24,604 - INFO: global_step=3279, episodic_return=-137.814208984375
2022-11-14 23:35:24,651 - INFO: global_step=3421, episodic_return=-149.18980407714844
2022-11-14 23:35:24,697 - INFO: global_step=3533, episodic_return=-317.9247741699219
2022-11-14 23:35:24,736 - INFO: global_step=3636, episodic_return=-500.1134033203125
2022-11-14 23:35:24,771 - INFO: global_step=3738, episodic_return=-384.88519287109375
2022-11-14 23:35:24,825 - INFO: global_step=3882, episodic_return=-230.87889099121094
2022-11-14 23:35:24,860 - INFO: global_step=3993, episodic_return=-457.28900146484375
2022-11-14 23:35:24,895 - INFO: global_step=4102, episodic_return=-355.5389404296875
2022-11-14 23:35:24,931 - INFO: global_step=4194, episodic_return=-96.3135986328125
2022-11-14 23:35:24,946 - INFO: global_step=4257, episodic_return=-176.33096313476562
2022-11-14 23:35:24,978 - INFO: global_step=4348, episodic_return=-329.7550354003906
2022-11-14 23:35:25,013 - INFO: global_step=4436, episodic_return=-503.19970703125
2022-11-14 23:35:25,043 - INFO: global_step=4517, episodic_return=-148.094482421875
2022-11-14 23:35:25,078 - INFO: global_step=4600, episodic_return=-179.98263549804688
2022-11-14 23:35:25,135 - INFO: global_step=4731, episodic_return=-415.2533874511719
2022-11-14 23:35:25,201 - INFO: global_step=4861, episodic_return=-180.98968505859375
2022-11-14 23:35:25,233 - INFO: global_step=4940, episodic_return=-489.9603271484375
2022-11-14 23:35:25,258 - INFO: global_step=5000, episodic_return=-25.369598388671875
2022-11-14 23:35:25,283 - INFO: global_step=5057, episodic_return=-107.31122589111328
2022-11-14 23:35:25,308 - INFO: global_step=5123, episodic_return=-86.53156280517578
2022-11-14 23:35:25,336 - INFO: global_step=5191, episodic_return=-124.87320709228516
2022-11-14 23:35:25,409 - INFO: global_step=5332, episodic_return=-574.55810546875
2022-11-14 23:35:25,450 - INFO: global_step=5412, episodic_return=-405.3142395019531
2022-11-14 23:35:25,511 - INFO: global_step=5515, episodic_return=-453.65460205078125
2022-11-14 23:35:25,541 - INFO: global_step=5576, episodic_return=-108.46420288085938
2022-11-14 23:35:25,581 - INFO: global_step=5650, episodic_return=-147.23045349121094
2022-11-14 23:35:25,666 - INFO: global_step=5820, episodic_return=-727.3310546875
2022-11-14 23:35:25,710 - INFO: global_step=5946, episodic_return=-230.91725158691406
2022-11-14 23:35:25,776 - INFO: global_step=6126, episodic_return=-511.4763488769531
2022-11-14 23:35:25,803 - INFO: global_step=6201, episodic_return=-486.80322265625
2022-11-14 23:35:25,825 - INFO: global_step=6267, episodic_return=-142.02330017089844
2022-11-14 23:35:25,855 - INFO: global_step=6354, episodic_return=-519.0272216796875
2022-11-14 23:35:25,884 - INFO: global_step=6420, episodic_return=-93.11575317382812
2022-11-14 23:35:25,908 - INFO: global_step=6477, episodic_return=-110.81182861328125
2022-11-14 23:35:25,964 - INFO: global_step=6601, episodic_return=-106.89212799072266
2022-11-14 23:35:25,987 - INFO: global_step=6665, episodic_return=-357.98095703125
2022-11-14 23:35:26,016 - INFO: global_step=6773, episodic_return=-562.2496948242188
2022-11-14 23:35:26,044 - INFO: global_step=6864, episodic_return=-389.8677673339844
2022-11-14 23:35:26,075 - INFO: global_step=6954, episodic_return=-415.5849914550781
2022-11-14 23:35:26,108 - INFO: global_step=7041, episodic_return=-448.3533020019531
2022-11-14 23:35:26,135 - INFO: global_step=7099, episodic_return=-88.54496765136719
2022-11-14 23:35:26,162 - INFO: global_step=7167, episodic_return=-307.71710205078125
2022-11-14 23:35:26,195 - INFO: global_step=7262, episodic_return=-600.813720703125
2022-11-14 23:35:26,217 - INFO: global_step=7334, episodic_return=-80.9842300415039
2022-11-14 23:35:26,231 - INFO: global_step=7384, episodic_return=-223.49124145507812
2022-11-14 23:35:26,261 - INFO: global_step=7465, episodic_return=-483.22198486328125
2022-11-14 23:35:26,278 - INFO: global_step=7524, episodic_return=-78.05198669433594
2022-11-14 23:35:26,297 - INFO: global_step=7581, episodic_return=-85.52778625488281
2022-11-14 23:35:26,335 - INFO: global_step=7690, episodic_return=-428.591064453125
2022-11-14 23:35:26,360 - INFO: global_step=7764, episodic_return=-119.57398986816406
2022-11-14 23:35:26,387 - INFO: global_step=7850, episodic_return=-547.2542724609375
2022-11-14 23:35:26,409 - INFO: global_step=7925, episodic_return=-125.43394470214844
2022-11-14 23:35:26,435 - INFO: global_step=7993, episodic_return=-430.5497131347656
2022-11-14 23:35:26,462 - INFO: global_step=8070, episodic_return=-481.5495910644531
2022-11-14 23:35:26,501 - INFO: global_step=8170, episodic_return=-457.59967041015625
2022-11-14 23:35:26,530 - INFO: global_step=8241, episodic_return=-581.6812744140625
2022-11-14 23:35:26,574 - INFO: global_step=8355, episodic_return=-439.65283203125
2022-11-14 23:35:26,595 - INFO: global_step=8413, episodic_return=-92.85981750488281
2022-11-14 23:35:26,625 - INFO: global_step=8484, episodic_return=-83.6830825805664
2022-11-14 23:35:26,664 - INFO: global_step=8596, episodic_return=-397.371337890625
2022-11-14 23:35:26,708 - INFO: global_step=8710, episodic_return=-120.33952331542969
2022-11-14 23:35:26,748 - INFO: global_step=8831, episodic_return=-416.5135192871094
2022-11-14 23:35:26,802 - INFO: global_step=8934, episodic_return=-337.91131591796875
2022-11-14 23:35:26,932 - INFO: global_step=9165, episodic_return=-575.056396484375
2022-11-14 23:35:26,960 - INFO: global_step=9238, episodic_return=-332.05078125
2022-11-14 23:35:27,010 - INFO: global_step=9361, episodic_return=-444.72930908203125
2022-11-14 23:35:27,076 - INFO: global_step=9506, episodic_return=-242.15087890625
2022-11-14 23:35:27,124 - INFO: global_step=9618, episodic_return=-297.58807373046875
2022-11-14 23:35:27,146 - INFO: global_step=9674, episodic_return=-94.99755859375
2022-11-14 23:35:27,175 - INFO: global_step=9779, episodic_return=-91.6700439453125
2022-11-14 23:35:27,195 - INFO: global_step=9843, episodic_return=-119.25624084472656
2022-11-14 23:35:27,298 - INFO: global_step=10040, episodic_return=-592.192138671875
2022-11-14 23:35:27,336 - INFO: global_step=10100, episodic_return=-130.236328125
2022-11-14 23:35:27,394 - INFO: global_step=10192, episodic_return=-271.1117858886719
2022-11-14 23:35:27,468 - INFO: global_step=10296, episodic_return=-121.16400146484375
2022-11-14 23:35:27,524 - INFO: global_step=10368, episodic_return=-88.47393798828125
2022-11-14 23:35:27,563 - INFO: global_step=10454, episodic_return=-244.76025390625
2022-11-14 23:35:27,613 - INFO: global_step=10515, episodic_return=-94.01876068115234
2022-11-14 23:35:27,692 - INFO: global_step=10611, episodic_return=-138.20834350585938
2022-11-14 23:35:27,745 - INFO: global_step=10681, episodic_return=-155.10523986816406
2022-11-14 23:35:27,781 - INFO: global_step=10752, episodic_return=-95.8226318359375
2022-11-14 23:35:27,838 - INFO: global_step=10835, episodic_return=-264.94482421875
2022-11-14 23:35:27,901 - INFO: global_step=10904, episodic_return=-206.6766815185547
2022-11-14 23:35:27,940 - INFO: global_step=10968, episodic_return=-309.1122741699219
2022-11-14 23:35:27,980 - INFO: global_step=11027, episodic_return=-252.45079040527344
2022-11-14 23:35:28,031 - INFO: global_step=11102, episodic_return=-391.3177795410156
2022-11-14 23:35:28,090 - INFO: global_step=11195, episodic_return=-521.046142578125
2022-11-14 23:35:28,141 - INFO: global_step=11288, episodic_return=-473.5667724609375
2022-11-14 23:35:28,216 - INFO: global_step=11386, episodic_return=-399.3761901855469
2022-11-14 23:35:28,286 - INFO: global_step=11458, episodic_return=-127.62784576416016
2022-11-14 23:35:28,363 - INFO: global_step=11556, episodic_return=-315.0660400390625
2022-11-14 23:35:28,452 - INFO: global_step=11659, episodic_return=-23.247772216796875
2022-11-14 23:35:28,512 - INFO: global_step=11751, episodic_return=-64.7533187866211
2022-11-14 23:35:28,562 - INFO: global_step=11841, episodic_return=-98.51788330078125
2022-11-14 23:35:28,625 - INFO: global_step=11945, episodic_return=-149.73587036132812
2022-11-14 23:35:28,715 - INFO: global_step=12070, episodic_return=-9.846199035644531
2022-11-14 23:35:28,850 - INFO: global_step=12246, episodic_return=-274.92913818359375
2022-11-14 23:35:28,990 - INFO: global_step=12398, episodic_return=-20.7667236328125
2022-11-14 23:35:29,244 - INFO: global_step=12529, episodic_return=-120.84723663330078
2022-11-14 23:35:29,609 - INFO: global_step=12697, episodic_return=-175.85009765625
2022-11-14 23:35:29,681 - INFO: global_step=12799, episodic_return=-309.4803466796875
2022-11-14 23:35:29,815 - INFO: global_step=12953, episodic_return=-248.95774841308594
2022-11-14 23:35:29,935 - INFO: global_step=13095, episodic_return=-308.8336181640625
2022-11-14 23:35:30,035 - INFO: global_step=13223, episodic_return=-305.2308349609375
2022-11-14 23:35:30,083 - INFO: global_step=13294, episodic_return=-69.68488311767578
2022-11-14 23:35:30,183 - INFO: global_step=13407, episodic_return=-274.2188415527344
2022-11-14 23:35:30,321 - INFO: global_step=13585, episodic_return=-603.4006958007812
2022-11-14 23:35:30,382 - INFO: global_step=13681, episodic_return=-228.19810485839844
2022-11-14 23:35:30,484 - INFO: global_step=13826, episodic_return=-288.430908203125
2022-11-14 23:35:30,549 - INFO: global_step=13918, episodic_return=-266.8345031738281
2022-11-14 23:35:30,625 - INFO: global_step=14027, episodic_return=-341.5728454589844
2022-11-14 23:35:30,710 - INFO: global_step=14144, episodic_return=-288.16302490234375
2022-11-14 23:35:30,824 - INFO: global_step=14305, episodic_return=-409.5978698730469
2022-11-14 23:35:30,908 - INFO: global_step=14407, episodic_return=-190.0062255859375
2022-11-14 23:35:31,195 - INFO: global_step=14625, episodic_return=-375.5648498535156
2022-11-14 23:35:31,277 - INFO: global_step=14734, episodic_return=-158.39065551757812
2022-11-14 23:35:31,354 - INFO: global_step=14861, episodic_return=-25.628097534179688
2022-11-14 23:35:31,490 - INFO: global_step=15028, episodic_return=-92.45559692382812
2022-11-14 23:35:31,593 - INFO: global_step=15165, episodic_return=-324.1827392578125
2022-11-14 23:35:33,391 - INFO: global_step=16165, episodic_return=-79.96514892578125
2022-11-14 23:35:33,530 - INFO: global_step=16370, episodic_return=-226.58917236328125
2022-11-14 23:35:33,590 - INFO: global_step=16443, episodic_return=-101.20418548583984
2022-11-14 23:35:33,710 - INFO: global_step=16587, episodic_return=-94.18482971191406
2022-11-14 23:35:33,834 - INFO: global_step=16765, episodic_return=-117.14038848876953
2022-11-14 23:35:35,814 - INFO: global_step=17765, episodic_return=-88.80440521240234
2022-11-14 23:35:36,003 - INFO: global_step=17935, episodic_return=-118.01934051513672
2022-11-14 23:35:36,100 - INFO: global_step=18034, episodic_return=-132.36001586914062
2022-11-14 23:35:36,227 - INFO: global_step=18189, episodic_return=-117.9836654663086
2022-11-14 23:35:36,337 - INFO: global_step=18307, episodic_return=-122.45555114746094
2022-11-14 23:35:36,697 - INFO: global_step=18671, episodic_return=-62.44033432006836
2022-11-14 23:35:36,776 - INFO: global_step=18798, episodic_return=-84.91755676269531
2022-11-14 23:35:36,983 - INFO: global_step=19028, episodic_return=-182.220458984375
2022-11-14 23:35:37,076 - INFO: global_step=19146, episodic_return=-125.35576629638672
2022-11-14 23:35:37,150 - INFO: global_step=19237, episodic_return=-177.92013549804688
2022-11-14 23:35:37,271 - INFO: global_step=19358, episodic_return=-177.18133544921875
2022-11-14 23:35:37,406 - INFO: global_step=19522, episodic_return=-8.433624267578125
2022-11-14 23:35:37,483 - INFO: global_step=19638, episodic_return=-135.6275634765625
2022-11-14 23:35:37,680 - INFO: global_step=19801, episodic_return=-160.018798828125
2022-11-14 23:35:37,822 - INFO: global_step=19966, episodic_return=-110.63331604003906
2022-11-14 23:35:37,910 - INFO: global_step=20089, episodic_return=-53.93867874145508
2022-11-14 23:35:38,056 - INFO: global_step=20277, episodic_return=-285.24249267578125
2022-11-14 23:35:38,155 - INFO: global_step=20444, episodic_return=-40.62431716918945
2022-11-14 23:35:38,220 - INFO: global_step=20581, episodic_return=-190.50698852539062
2022-11-14 23:35:38,335 - INFO: global_step=20741, episodic_return=6.536285400390625
2022-11-14 23:35:38,419 - INFO: global_step=20877, episodic_return=-337.561767578125
2022-11-14 23:35:38,493 - INFO: global_step=20999, episodic_return=-192.9964599609375
2022-11-14 23:35:38,620 - INFO: global_step=21178, episodic_return=-124.28166198730469
2022-11-14 23:35:38,696 - INFO: global_step=21280, episodic_return=-159.2534942626953
2022-11-14 23:35:38,781 - INFO: global_step=21420, episodic_return=5.584403991699219
2022-11-14 23:35:38,842 - INFO: global_step=21524, episodic_return=-154.9207000732422
2022-11-14 23:35:38,930 - INFO: global_step=21654, episodic_return=-249.5732421875
2022-11-14 23:35:38,994 - INFO: global_step=21742, episodic_return=-104.1949234008789
2022-11-14 23:35:39,058 - INFO: global_step=21842, episodic_return=-70.39067077636719
2022-11-14 23:35:39,242 - INFO: global_step=22061, episodic_return=-112.3902359008789
2022-11-14 23:35:39,433 - INFO: global_step=22270, episodic_return=-62.21440124511719
2022-11-14 23:35:39,555 - INFO: global_step=22460, episodic_return=36.24314880371094
2022-11-14 23:35:39,611 - INFO: global_step=22556, episodic_return=-243.63905334472656
2022-11-14 23:35:39,741 - INFO: global_step=22711, episodic_return=-207.4860382080078
2022-11-14 23:35:39,805 - INFO: global_step=22823, episodic_return=-75.01030731201172
2022-11-14 23:35:39,894 - INFO: global_step=22974, episodic_return=-5.049583435058594
2022-11-14 23:35:39,928 - INFO: global_step=23046, episodic_return=-142.89352416992188
2022-11-14 23:35:39,982 - INFO: global_step=23137, episodic_return=-125.07130432128906
2022-11-14 23:35:40,168 - INFO: global_step=23332, episodic_return=-79.7376480102539
2022-11-14 23:35:40,266 - INFO: global_step=23487, episodic_return=-163.8363494873047
2022-11-14 23:35:40,406 - INFO: global_step=23663, episodic_return=-106.44928741455078
2022-11-14 23:35:40,578 - INFO: global_step=23892, episodic_return=-51.62784957885742
2022-11-14 23:35:40,706 - INFO: global_step=24064, episodic_return=-290.1099853515625
2022-11-14 23:35:40,849 - INFO: global_step=24199, episodic_return=-242.1914825439453
2022-11-14 23:35:41,096 - INFO: global_step=24376, episodic_return=-182.64251708984375
2022-11-14 23:35:41,383 - INFO: global_step=24675, episodic_return=-285.7332763671875
2022-11-14 23:35:41,532 - INFO: global_step=24826, episodic_return=-136.46600341796875
2022-11-14 23:35:41,719 - INFO: global_step=25006, episodic_return=-53.89784240722656
2022-11-14 23:35:41,960 - INFO: global_step=25244, episodic_return=-71.31756591796875
2022-11-14 23:35:42,281 - INFO: global_step=25578, episodic_return=-401.41058349609375
2022-11-14 23:35:42,377 - INFO: global_step=25724, episodic_return=-158.6838836669922
2022-11-14 23:35:42,516 - INFO: global_step=25907, episodic_return=-106.46913146972656
2022-11-14 23:35:42,595 - INFO: global_step=26020, episodic_return=-67.67045593261719
2022-11-14 23:35:42,718 - INFO: global_step=26190, episodic_return=-207.27847290039062
2022-11-14 23:35:42,801 - INFO: global_step=26312, episodic_return=-162.8698272705078
2022-11-14 23:35:42,895 - INFO: global_step=26456, episodic_return=-92.756103515625
2022-11-14 23:35:43,016 - INFO: global_step=26623, episodic_return=-221.3021240234375
2022-11-14 23:35:43,107 - INFO: global_step=26777, episodic_return=-38.741416931152344
2022-11-14 23:35:43,171 - INFO: global_step=26872, episodic_return=-107.78113555908203
2022-11-14 23:35:43,285 - INFO: global_step=27048, episodic_return=-125.22412109375
2022-11-14 23:35:43,377 - INFO: global_step=27211, episodic_return=12.992362976074219
2022-11-14 23:35:43,454 - INFO: global_step=27345, episodic_return=-109.07344055175781
2022-11-14 23:35:45,621 - INFO: global_step=28345, episodic_return=-49.208824157714844
2022-11-14 23:35:45,720 - INFO: global_step=28464, episodic_return=-125.34854125976562
2022-11-14 23:35:45,837 - INFO: global_step=28614, episodic_return=13.084747314453125
2022-11-14 23:35:45,881 - INFO: global_step=28695, episodic_return=-19.214752197265625
2022-11-14 23:35:45,954 - INFO: global_step=28827, episodic_return=-310.2493896484375
2022-11-14 23:35:46,136 - INFO: global_step=29072, episodic_return=-123.35409545898438
2022-11-14 23:35:46,199 - INFO: global_step=29192, episodic_return=-64.03350830078125
2022-11-14 23:35:46,399 - INFO: global_step=29445, episodic_return=-66.76107788085938
2022-11-14 23:35:47,195 - INFO: global_step=29987, episodic_return=-55.54683303833008
2022-11-14 23:35:47,284 - INFO: global_step=30148, episodic_return=-41.572391510009766
2022-11-14 23:35:47,334 - INFO: global_step=30246, episodic_return=-79.74365234375
2022-11-14 23:35:47,440 - INFO: global_step=30394, episodic_return=-102.74907684326172
2022-11-14 23:35:47,716 - INFO: global_step=30725, episodic_return=-166.5381317138672
2022-11-14 23:35:48,414 - INFO: global_step=31224, episodic_return=-324.7872009277344
2022-11-14 23:35:48,487 - INFO: global_step=31358, episodic_return=-239.0171661376953
2022-11-14 23:35:48,566 - INFO: global_step=31483, episodic_return=-136.43087768554688
2022-11-14 23:35:48,864 - INFO: global_step=31815, episodic_return=-59.57572937011719
2022-11-14 23:35:48,964 - INFO: global_step=31947, episodic_return=-61.747432708740234
2022-11-14 23:35:49,157 - INFO: global_step=32227, episodic_return=-154.19619750976562
2022-11-14 23:35:49,300 - INFO: global_step=32413, episodic_return=-65.05401611328125
2022-11-14 23:35:49,376 - INFO: global_step=32523, episodic_return=-122.5943603515625
2022-11-14 23:35:49,950 - INFO: global_step=33026, episodic_return=-129.35040283203125
2022-11-14 23:35:51,629 - INFO: global_step=34026, episodic_return=19.736270904541016
2022-11-14 23:35:53,263 - INFO: global_step=35026, episodic_return=138.6353302001953
2022-11-14 23:35:53,375 - INFO: global_step=35188, episodic_return=-64.92572784423828
2022-11-14 23:35:53,526 - INFO: global_step=35401, episodic_return=-50.34855651855469
2022-11-14 23:35:53,606 - INFO: global_step=35536, episodic_return=6.268516540527344
2022-11-14 23:35:53,718 - INFO: global_step=35722, episodic_return=-67.80697631835938
2022-11-14 23:35:55,799 - INFO: global_step=36722, episodic_return=20.2768497467041
2022-11-14 23:35:56,287 - INFO: global_step=37205, episodic_return=-113.02078247070312
2022-11-14 23:35:56,486 - INFO: global_step=37453, episodic_return=-21.97167205810547
2022-11-14 23:35:56,560 - INFO: global_step=37591, episodic_return=-80.32485961914062
2022-11-14 23:35:56,643 - INFO: global_step=37749, episodic_return=-55.12010192871094
2022-11-14 23:35:56,799 - INFO: global_step=37940, episodic_return=-202.8385009765625
2022-11-14 23:35:57,119 - INFO: global_step=38282, episodic_return=-82.5093994140625
2022-11-14 23:35:57,218 - INFO: global_step=38429, episodic_return=-201.4342041015625
2022-11-14 23:35:57,749 - INFO: global_step=38912, episodic_return=-49.623512268066406
2022-11-14 23:35:58,028 - INFO: global_step=39211, episodic_return=-210.51675415039062
2022-11-14 23:35:58,112 - INFO: global_step=39339, episodic_return=-124.69344329833984
2022-11-14 23:35:58,289 - INFO: global_step=39586, episodic_return=-30.679840087890625
2022-11-14 23:35:58,614 - INFO: global_step=39923, episodic_return=-105.44400787353516
2022-11-14 23:35:58,866 - INFO: global_step=40170, episodic_return=-239.92459106445312
2022-11-14 23:35:58,986 - INFO: global_step=40333, episodic_return=-96.30961608886719
2022-11-14 23:35:59,084 - INFO: global_step=40498, episodic_return=-145.62030029296875
2022-11-14 23:35:59,202 - INFO: global_step=40669, episodic_return=-183.57952880859375
2022-11-14 23:35:59,339 - INFO: global_step=40841, episodic_return=-49.33495330810547
2022-11-14 23:35:59,450 - INFO: global_step=41000, episodic_return=-35.14885711669922
2022-11-14 23:35:59,566 - INFO: global_step=41156, episodic_return=-58.328468322753906
2022-11-14 23:35:59,890 - INFO: global_step=41497, episodic_return=-56.348758697509766
2022-11-14 23:36:00,176 - INFO: global_step=41817, episodic_return=-128.39993286132812
2022-11-14 23:36:00,274 - INFO: global_step=41974, episodic_return=-42.779788970947266
2022-11-14 23:36:00,667 - INFO: global_step=42395, episodic_return=-59.8390007019043
2022-11-14 23:36:02,906 - INFO: global_step=43395, episodic_return=3.346137523651123
2022-11-14 23:36:03,864 - INFO: global_step=44086, episodic_return=-194.80201721191406
2022-11-14 23:36:05,414 - INFO: global_step=45086, episodic_return=-202.9382781982422
2022-11-14 23:36:07,275 - INFO: global_step=46086, episodic_return=69.033203125
2022-11-14 23:36:07,417 - INFO: global_step=46247, episodic_return=-55.38170623779297
2022-11-14 23:36:08,020 - INFO: global_step=46786, episodic_return=-155.052001953125
2022-11-14 23:36:08,171 - INFO: global_step=46988, episodic_return=-247.83102416992188
2022-11-14 23:36:10,027 - INFO: global_step=47988, episodic_return=-137.0743408203125
2022-11-14 23:36:11,876 - INFO: global_step=48988, episodic_return=37.563072204589844
2022-11-14 23:36:11,954 - INFO: global_step=49107, episodic_return=-66.94393920898438
2022-11-14 23:36:13,364 - INFO: global_step=50107, episodic_return=99.35262298583984
2022-11-14 23:36:14,197 - INFO: global_step=50797, episodic_return=-100.25074768066406
2022-11-14 23:36:15,214 - INFO: global_step=51543, episodic_return=-90.44868469238281
2022-11-14 23:36:16,155 - INFO: global_step=52188, episodic_return=-191.83428955078125
2022-11-14 23:36:16,393 - INFO: global_step=52412, episodic_return=-222.5618896484375
2022-11-14 23:36:17,136 - INFO: global_step=53056, episodic_return=-160.94943237304688
2022-11-14 23:36:17,640 - INFO: global_step=53489, episodic_return=-57.44796371459961
2022-11-14 23:36:19,721 - INFO: global_step=54489, episodic_return=47.95143127441406
2022-11-14 23:36:21,601 - INFO: global_step=55489, episodic_return=70.54191589355469
2022-11-14 23:36:21,801 - INFO: global_step=55715, episodic_return=-20.922447204589844
2022-11-14 23:36:21,943 - INFO: global_step=55885, episodic_return=37.570159912109375
2022-11-14 23:36:22,121 - INFO: global_step=56055, episodic_return=26.570213317871094
2022-11-14 23:36:22,263 - INFO: global_step=56240, episodic_return=-166.70619201660156
2022-11-14 23:36:22,620 - INFO: global_step=56612, episodic_return=-41.306068420410156
2022-11-14 23:36:22,837 - INFO: global_step=56877, episodic_return=-230.1643524169922
2022-11-14 23:36:24,565 - INFO: global_step=57877, episodic_return=-25.10680389404297
2022-11-14 23:36:24,775 - INFO: global_step=58070, episodic_return=-5.603538513183594
2022-11-14 23:36:26,482 - INFO: global_step=59070, episodic_return=107.02960205078125
2022-11-14 23:36:26,650 - INFO: global_step=59259, episodic_return=2.9155807495117188
2022-11-14 23:36:28,376 - INFO: global_step=60094, episodic_return=176.72903442382812
2022-11-14 23:36:30,069 - INFO: global_step=61094, episodic_return=-9.680801391601562
2022-11-14 23:36:30,619 - INFO: global_step=61562, episodic_return=-66.71502685546875
2022-11-14 23:36:32,667 - INFO: global_step=62562, episodic_return=10.681574821472168
2022-11-14 23:36:34,167 - INFO: global_step=63562, episodic_return=-29.011714935302734
2022-11-14 23:36:36,483 - INFO: global_step=64562, episodic_return=74.30313110351562
2022-11-14 23:36:38,327 - INFO: global_step=65562, episodic_return=-27.11452865600586
2022-11-14 23:36:40,477 - INFO: global_step=66562, episodic_return=-53.13832473754883
2022-11-14 23:36:43,298 - INFO: global_step=67562, episodic_return=-15.402490615844727
2022-11-14 23:36:45,571 - INFO: global_step=68562, episodic_return=-39.873111724853516
2022-11-14 23:36:47,328 - INFO: global_step=69562, episodic_return=-60.4466552734375
2022-11-14 23:36:49,476 - INFO: global_step=70562, episodic_return=8.908209800720215
2022-11-14 23:36:51,575 - INFO: global_step=71562, episodic_return=-39.908470153808594
2022-11-14 23:36:54,093 - INFO: global_step=72562, episodic_return=-84.3678207397461
2022-11-14 23:36:56,034 - INFO: global_step=73562, episodic_return=58.219303131103516
2022-11-14 23:36:58,063 - INFO: global_step=74562, episodic_return=-1.234697937965393
2022-11-14 23:36:59,717 - INFO: global_step=75562, episodic_return=62.34429931640625
2022-11-14 23:37:01,312 - INFO: global_step=76562, episodic_return=-52.98183822631836
2022-11-14 23:37:03,495 - INFO: global_step=77562, episodic_return=-18.55616569519043
2022-11-14 23:37:05,878 - INFO: global_step=78562, episodic_return=-16.207815170288086
2022-11-14 23:37:07,429 - INFO: global_step=79562, episodic_return=143.11143493652344
2022-11-14 23:37:08,683 - INFO: global_step=80401, episodic_return=-154.69009399414062
2022-11-14 23:37:10,020 - INFO: global_step=81118, episodic_return=182.7065887451172
2022-11-14 23:37:12,138 - INFO: global_step=82005, episodic_return=128.41616821289062
2022-11-14 23:37:14,244 - INFO: global_step=83005, episodic_return=19.19748306274414
2022-11-14 23:37:16,680 - INFO: global_step=84005, episodic_return=95.98384857177734
2022-11-14 23:37:17,736 - INFO: global_step=84629, episodic_return=-130.95089721679688
2022-11-14 23:37:19,226 - INFO: global_step=85629, episodic_return=42.092472076416016
2022-11-14 23:37:21,279 - INFO: global_step=86629, episodic_return=32.54818344116211
2022-11-14 23:37:23,333 - INFO: global_step=87629, episodic_return=89.88280487060547
2022-11-14 23:37:24,050 - INFO: global_step=88141, episodic_return=247.12490844726562
2022-11-14 23:37:24,531 - INFO: global_step=88556, episodic_return=157.77259826660156
2022-11-14 23:37:25,463 - INFO: global_step=89218, episodic_return=216.1554718017578
2022-11-14 23:37:25,756 - INFO: global_step=89532, episodic_return=-44.64420700073242
2022-11-14 23:37:26,267 - INFO: global_step=90004, episodic_return=-148.9037628173828
2022-11-14 23:37:26,828 - INFO: global_step=90473, episodic_return=143.41966247558594
2022-11-14 23:37:26,949 - INFO: global_step=90635, episodic_return=-207.55108642578125
2022-11-14 23:37:27,701 - INFO: global_step=91189, episodic_return=160.36288452148438
2022-11-14 23:37:29,290 - INFO: global_step=92189, episodic_return=-12.744858741760254
2022-11-14 23:37:32,329 - INFO: global_step=93189, episodic_return=-29.390262603759766
2022-11-14 23:37:34,807 - INFO: global_step=94189, episodic_return=-11.604114532470703
2022-11-14 23:37:37,283 - INFO: global_step=95189, episodic_return=-41.05091094970703
2022-11-14 23:37:39,879 - INFO: global_step=96189, episodic_return=-115.86941528320312
2022-11-14 23:37:42,644 - INFO: global_step=97189, episodic_return=-107.91910552978516
2022-11-14 23:37:44,478 - INFO: global_step=98189, episodic_return=-75.16477966308594
2022-11-14 23:37:46,832 - INFO: global_step=99189, episodic_return=-88.62678527832031
2022-11-14 23:37:48,662 - INFO: global_step=100189, episodic_return=-27.832185745239258
2022-11-14 23:37:50,792 - INFO: global_step=101189, episodic_return=-56.61277770996094
2022-11-14 23:37:53,266 - INFO: global_step=102189, episodic_return=-63.13031005859375
2022-11-14 23:37:55,933 - INFO: global_step=103189, episodic_return=-85.0794906616211
2022-11-14 23:37:58,157 - INFO: global_step=104189, episodic_return=-55.68428039550781
2022-11-14 23:38:00,584 - INFO: global_step=105189, episodic_return=-127.78382110595703
2022-11-14 23:38:02,955 - INFO: global_step=106189, episodic_return=-61.082977294921875
2022-11-14 23:38:04,746 - INFO: global_step=107189, episodic_return=-84.89356231689453
2022-11-14 23:38:07,085 - INFO: global_step=108189, episodic_return=-43.80804443359375
2022-11-14 23:38:09,304 - INFO: global_step=109189, episodic_return=-113.3332290649414
2022-11-14 23:38:11,507 - INFO: global_step=110189, episodic_return=-70.59327697753906
2022-11-14 23:38:11,901 - INFO: global_step=110535, episodic_return=-16.193252563476562
2022-11-14 23:38:13,913 - INFO: global_step=111535, episodic_return=-110.43226623535156
2022-11-14 23:38:16,149 - INFO: global_step=112535, episodic_return=-137.84625244140625
2022-11-14 23:38:18,914 - INFO: global_step=113535, episodic_return=-85.48746490478516
2022-11-14 23:38:21,381 - INFO: global_step=114535, episodic_return=-96.92687225341797
2022-11-14 23:38:21,578 - INFO: global_step=114755, episodic_return=-351.0433654785156
2022-11-14 23:38:21,895 - INFO: global_step=115076, episodic_return=-0.9994049072265625
2022-11-14 23:38:22,072 - INFO: global_step=115266, episodic_return=7.718452453613281
2022-11-14 23:38:22,361 - INFO: global_step=115506, episodic_return=-206.98776245117188
2022-11-14 23:38:22,628 - INFO: global_step=115773, episodic_return=-152.3035888671875
2022-11-14 23:38:24,522 - INFO: global_step=116773, episodic_return=-69.89454650878906
2022-11-14 23:38:25,280 - INFO: global_step=117259, episodic_return=202.01162719726562
2022-11-14 23:38:27,047 - INFO: global_step=118259, episodic_return=-70.44425964355469
2022-11-14 23:38:28,575 - INFO: global_step=119259, episodic_return=-65.732666015625
2022-11-14 23:38:29,064 - INFO: global_step=119661, episodic_return=-15.948570251464844
2022-11-14 23:38:31,456 - INFO: global_step=120661, episodic_return=-112.53244018554688
2022-11-14 23:38:34,012 - INFO: global_step=121661, episodic_return=-16.014802932739258
2022-11-14 23:38:34,258 - INFO: global_step=121922, episodic_return=-135.676025390625
2022-11-14 23:38:36,069 - INFO: global_step=122922, episodic_return=-63.82166290283203
2022-11-14 23:38:38,176 - INFO: global_step=123922, episodic_return=-114.54914855957031
2022-11-14 23:38:40,483 - INFO: global_step=124922, episodic_return=-48.64313507080078
2022-11-14 23:38:42,780 - INFO: global_step=125922, episodic_return=41.18534469604492
2022-11-14 23:38:43,856 - INFO: global_step=126650, episodic_return=-254.23291015625
2022-11-14 23:38:46,498 - INFO: global_step=127650, episodic_return=-153.86062622070312
2022-11-14 23:38:47,013 - INFO: global_step=128044, episodic_return=-68.17111206054688
2022-11-14 23:38:48,715 - INFO: global_step=129044, episodic_return=-172.6988983154297
2022-11-14 23:38:49,274 - INFO: global_step=129485, episodic_return=-291.53729248046875
2022-11-14 23:38:50,984 - INFO: global_step=130485, episodic_return=-91.65123748779297
2022-11-14 23:38:51,333 - INFO: global_step=130790, episodic_return=-342.697998046875
2022-11-14 23:38:51,693 - INFO: global_step=131129, episodic_return=-306.087890625
2022-11-14 23:38:53,625 - INFO: global_step=132129, episodic_return=-154.14903259277344
2022-11-14 23:38:55,655 - INFO: global_step=133129, episodic_return=-143.70355224609375
2022-11-14 23:38:56,475 - INFO: global_step=133622, episodic_return=-324.281982421875
2022-11-14 23:38:58,575 - INFO: global_step=134622, episodic_return=-116.05830383300781
2022-11-14 23:38:58,822 - INFO: global_step=134884, episodic_return=-117.32186889648438
2022-11-14 23:38:59,330 - INFO: global_step=135313, episodic_return=-278.23687744140625
2022-11-14 23:39:02,187 - INFO: global_step=136313, episodic_return=-43.252357482910156
2022-11-14 23:39:04,680 - INFO: global_step=137313, episodic_return=-114.0016098022461
2022-11-14 23:39:07,792 - INFO: global_step=138313, episodic_return=-124.13566589355469
2022-11-14 23:39:09,443 - INFO: global_step=139313, episodic_return=-83.78229522705078
2022-11-14 23:39:11,713 - INFO: global_step=140313, episodic_return=-140.4130096435547
2022-11-14 23:39:14,176 - INFO: global_step=141313, episodic_return=-115.4383316040039
2022-11-14 23:39:16,473 - INFO: global_step=142313, episodic_return=-107.31996154785156
2022-11-14 23:39:18,817 - INFO: global_step=143313, episodic_return=-109.35563659667969
2022-11-14 23:39:20,851 - INFO: global_step=144313, episodic_return=-88.06153869628906
2022-11-14 23:39:22,940 - INFO: global_step=145313, episodic_return=-43.36689376831055
2022-11-14 23:39:25,452 - INFO: global_step=146313, episodic_return=-132.0293731689453
2022-11-14 23:39:27,739 - INFO: global_step=147313, episodic_return=-84.92289733886719
2022-11-14 23:39:30,594 - INFO: global_step=148313, episodic_return=-125.86151123046875
2022-11-14 23:39:32,850 - INFO: global_step=149313, episodic_return=-141.22940063476562
2022-11-14 23:39:35,031 - INFO: global_step=150313, episodic_return=-123.4164810180664
2022-11-14 23:39:35,461 - INFO: global_step=150678, episodic_return=-296.5527648925781
2022-11-14 23:39:37,454 - INFO: global_step=151678, episodic_return=-141.5880584716797
2022-11-14 23:39:39,820 - INFO: global_step=152678, episodic_return=-120.85970306396484
2022-11-14 23:39:42,198 - INFO: global_step=153678, episodic_return=-148.183349609375
2022-11-14 23:39:44,101 - INFO: global_step=154678, episodic_return=-120.36165618896484
2022-11-14 23:39:45,276 - INFO: global_step=155310, episodic_return=-531.9237060546875
2022-11-14 23:39:48,061 - INFO: global_step=156310, episodic_return=-124.04025268554688
2022-11-14 23:39:50,368 - INFO: global_step=157310, episodic_return=-88.13092803955078
2022-11-14 23:39:52,833 - INFO: global_step=158310, episodic_return=-157.51593017578125
2022-11-14 23:39:54,806 - INFO: global_step=159310, episodic_return=-145.90249633789062
2022-11-14 23:39:57,375 - INFO: global_step=160310, episodic_return=-171.1378173828125
2022-11-14 23:39:59,893 - INFO: global_step=161310, episodic_return=-175.79066467285156
2022-11-14 23:40:02,507 - INFO: global_step=162310, episodic_return=-95.300537109375
2022-11-14 23:40:04,707 - INFO: global_step=163310, episodic_return=-141.34349060058594
2022-11-14 23:40:06,830 - INFO: global_step=164310, episodic_return=-140.4954833984375
2022-11-14 23:40:08,702 - INFO: global_step=165310, episodic_return=-133.9304656982422
2022-11-14 23:40:11,028 - INFO: global_step=166310, episodic_return=-127.64212799072266
2022-11-14 23:40:13,910 - INFO: global_step=167310, episodic_return=-120.6460189819336
2022-11-14 23:40:15,675 - INFO: global_step=168310, episodic_return=-137.07620239257812
2022-11-14 23:40:17,890 - INFO: global_step=169310, episodic_return=-86.0697021484375
2022-11-14 23:40:20,233 - INFO: global_step=170310, episodic_return=-127.56305694580078
2022-11-14 23:40:22,434 - INFO: global_step=171310, episodic_return=-145.3791046142578
2022-11-14 23:40:24,227 - INFO: global_step=172310, episodic_return=-87.55023193359375
2022-11-14 23:40:26,724 - INFO: global_step=173310, episodic_return=-142.80943298339844
2022-11-14 23:40:29,106 - INFO: global_step=174310, episodic_return=-158.35362243652344
2022-11-14 23:40:31,303 - INFO: global_step=175310, episodic_return=-154.2212677001953
2022-11-14 23:40:33,808 - INFO: global_step=176310, episodic_return=-151.94595336914062
2022-11-14 23:40:34,287 - INFO: global_step=176703, episodic_return=-351.73272705078125
2022-11-14 23:40:36,142 - INFO: global_step=177703, episodic_return=-168.22120666503906
2022-11-14 23:40:38,090 - INFO: global_step=178703, episodic_return=-105.73175811767578
2022-11-14 23:40:40,590 - INFO: global_step=179703, episodic_return=-135.40406799316406
2022-11-14 23:40:42,907 - INFO: global_step=180703, episodic_return=-181.62196350097656
2022-11-14 23:40:44,838 - INFO: global_step=181703, episodic_return=-129.41644287109375
2022-11-14 23:40:45,474 - INFO: global_step=182171, episodic_return=-582.8323364257812
2022-11-14 23:40:47,637 - INFO: global_step=183171, episodic_return=-147.16775512695312
2022-11-14 23:40:49,518 - INFO: global_step=184171, episodic_return=-154.50331115722656
2022-11-14 23:40:51,322 - INFO: global_step=185171, episodic_return=-151.1634063720703
2022-11-14 23:40:53,306 - INFO: global_step=186171, episodic_return=-37.5173454284668
2022-11-14 23:40:54,016 - INFO: global_step=186700, episodic_return=-298.2099609375
2022-11-14 23:40:54,969 - INFO: global_step=187405, episodic_return=255.35870361328125
2022-11-14 23:40:55,183 - INFO: global_step=187669, episodic_return=-197.80677795410156
2022-11-14 23:40:56,297 - INFO: global_step=188453, episodic_return=-336.969970703125
2022-11-14 23:40:56,818 - INFO: global_step=188877, episodic_return=-436.6755676269531
2022-11-14 23:40:57,259 - INFO: global_step=189290, episodic_return=-399.4246826171875
2022-11-14 23:40:57,761 - INFO: global_step=189752, episodic_return=-329.2490234375
2022-11-14 23:40:58,161 - INFO: global_step=190111, episodic_return=-177.36195373535156
2022-11-14 23:41:00,419 - INFO: global_step=191111, episodic_return=-198.34031677246094
2022-11-14 23:41:01,163 - INFO: global_step=191648, episodic_return=-264.79034423828125
2022-11-14 23:41:03,086 - INFO: global_step=192648, episodic_return=-18.73826026916504
2022-11-14 23:41:03,684 - INFO: global_step=193097, episodic_return=-262.88433837890625
2022-11-14 23:41:05,261 - INFO: global_step=194097, episodic_return=-54.27410125732422
2022-11-14 23:41:07,772 - INFO: global_step=195097, episodic_return=-107.59011840820312
2022-11-14 23:41:10,549 - INFO: global_step=196097, episodic_return=-114.60107421875
2022-11-14 23:41:12,979 - INFO: global_step=197097, episodic_return=-8.166919708251953
2022-11-14 23:41:14,980 - INFO: global_step=198097, episodic_return=-109.42716979980469
2022-11-14 23:41:16,888 - INFO: global_step=199097, episodic_return=-84.817138671875
2022-11-14 23:41:19,628 - INFO: global_step=200097, episodic_return=-129.49559020996094
2022-11-14 23:41:21,250 - INFO: global_step=201097, episodic_return=-95.8589859008789
2022-11-14 23:41:22,763 - INFO: global_step=202097, episodic_return=-156.26095581054688
2022-11-14 23:41:24,886 - INFO: global_step=203097, episodic_return=-100.51754760742188
2022-11-14 23:41:27,045 - INFO: global_step=204097, episodic_return=-47.68009567260742
2022-11-14 23:41:28,589 - INFO: global_step=205097, episodic_return=-80.61161041259766
2022-11-14 23:41:30,387 - INFO: global_step=206097, episodic_return=-126.59700775146484
2022-11-14 23:41:32,815 - INFO: global_step=207097, episodic_return=-68.96699523925781
2022-11-14 23:41:35,628 - INFO: global_step=208097, episodic_return=-93.01121520996094
2022-11-14 23:41:37,403 - INFO: global_step=209097, episodic_return=-72.70697784423828
2022-11-14 23:41:39,022 - INFO: global_step=210097, episodic_return=-69.02049255371094
2022-11-14 23:41:40,561 - INFO: global_step=211097, episodic_return=-86.98775482177734
2022-11-14 23:41:42,266 - INFO: global_step=212097, episodic_return=-103.79546356201172
2022-11-14 23:41:44,995 - INFO: global_step=213097, episodic_return=-54.27359390258789
2022-11-14 23:41:47,277 - INFO: global_step=214097, episodic_return=-80.0320053100586
2022-11-14 23:41:49,601 - INFO: global_step=215097, episodic_return=-54.13370132446289
2022-11-14 23:41:51,600 - INFO: global_step=216097, episodic_return=-46.33559799194336
2022-11-14 23:41:53,341 - INFO: global_step=217097, episodic_return=-84.65000915527344
2022-11-14 23:41:55,910 - INFO: global_step=218097, episodic_return=-61.35919189453125
2022-11-14 23:41:58,076 - INFO: global_step=219097, episodic_return=-63.78695297241211
2022-11-14 23:41:59,679 - INFO: global_step=220097, episodic_return=-56.288475036621094
2022-11-14 23:42:01,751 - INFO: global_step=221097, episodic_return=-16.43838882446289
2022-11-14 23:42:04,279 - INFO: global_step=222097, episodic_return=-55.99170684814453
2022-11-14 23:42:06,745 - INFO: global_step=223097, episodic_return=-28.748071670532227
2022-11-14 23:42:08,475 - INFO: global_step=224097, episodic_return=-80.82914733886719
2022-11-14 23:42:10,421 - INFO: global_step=225097, episodic_return=-57.86549377441406
2022-11-14 23:42:13,243 - INFO: global_step=226097, episodic_return=-29.91847801208496
2022-11-14 23:42:15,621 - INFO: global_step=227097, episodic_return=-76.58839416503906
2022-11-14 23:42:17,713 - INFO: global_step=228097, episodic_return=-104.26840209960938
2022-11-14 23:42:19,558 - INFO: global_step=229097, episodic_return=-9.477960586547852
2022-11-14 23:42:21,440 - INFO: global_step=230097, episodic_return=-63.01313400268555
2022-11-14 23:42:23,508 - INFO: global_step=231097, episodic_return=-82.28456115722656
2022-11-14 23:42:25,151 - INFO: global_step=232097, episodic_return=-63.23994827270508
2022-11-14 23:42:26,766 - INFO: global_step=233097, episodic_return=-0.8514927625656128
2022-11-14 23:42:28,901 - INFO: global_step=234097, episodic_return=-80.51078033447266
2022-11-14 23:42:30,461 - INFO: global_step=235097, episodic_return=-98.52448272705078
2022-11-14 23:42:32,731 - INFO: global_step=236097, episodic_return=-104.14122772216797
2022-11-14 23:42:34,577 - INFO: global_step=237097, episodic_return=-100.5033187866211
2022-11-14 23:42:37,080 - INFO: global_step=238097, episodic_return=-70.25520324707031
2022-11-14 23:42:39,227 - INFO: global_step=239097, episodic_return=-60.73299789428711
2022-11-14 23:42:41,489 - INFO: global_step=240097, episodic_return=-104.92980194091797
2022-11-14 23:42:43,369 - INFO: global_step=241097, episodic_return=-102.23593139648438
2022-11-14 23:42:45,274 - INFO: global_step=242097, episodic_return=-88.23223876953125
2022-11-14 23:42:47,005 - INFO: global_step=243097, episodic_return=-96.9711685180664
2022-11-14 23:42:49,788 - INFO: global_step=244097, episodic_return=-118.0492935180664
2022-11-14 23:42:52,803 - INFO: global_step=245097, episodic_return=-33.27023696899414
2022-11-14 23:42:54,938 - INFO: global_step=246097, episodic_return=-88.11346435546875
2022-11-14 23:42:57,110 - INFO: global_step=247097, episodic_return=-5.90755033493042
2022-11-14 23:42:59,036 - INFO: global_step=248097, episodic_return=-109.78636932373047
2022-11-14 23:42:59,230 - INFO: global_step=248319, episodic_return=-45.12794876098633
2022-11-14 23:43:01,706 - INFO: global_step=249319, episodic_return=-13.668628692626953
2022-11-14 23:43:03,877 - INFO: global_step=250319, episodic_return=-60.44860076904297
2022-11-14 23:43:05,331 - INFO: global_step=251319, episodic_return=-79.09931182861328
2022-11-14 23:43:07,690 - INFO: global_step=252319, episodic_return=-76.57255554199219
2022-11-14 23:43:10,235 - INFO: global_step=253319, episodic_return=-77.44602966308594
2022-11-14 23:43:12,712 - INFO: global_step=254319, episodic_return=-92.88011169433594
2022-11-14 23:43:13,282 - INFO: global_step=254720, episodic_return=-102.4394302368164
2022-11-14 23:43:16,100 - INFO: global_step=255720, episodic_return=-95.73005676269531
2022-11-14 23:43:18,309 - INFO: global_step=256720, episodic_return=-71.35679626464844
2022-11-14 23:43:18,589 - INFO: global_step=256989, episodic_return=-42.49366760253906
2022-11-14 23:43:20,389 - INFO: global_step=257989, episodic_return=-68.17435455322266
2022-11-14 23:43:22,298 - INFO: global_step=258989, episodic_return=-98.92176818847656
2022-11-14 23:43:22,856 - INFO: global_step=259438, episodic_return=-109.33749389648438
2022-11-14 23:43:24,943 - INFO: global_step=260438, episodic_return=-124.87834167480469
2022-11-14 23:43:26,561 - INFO: global_step=261438, episodic_return=-82.54251861572266
2022-11-14 23:43:28,196 - INFO: global_step=262438, episodic_return=-97.46365356445312
2022-11-14 23:43:29,854 - INFO: global_step=263438, episodic_return=-63.863338470458984
2022-11-14 23:43:32,336 - INFO: global_step=264438, episodic_return=-100.35884094238281
2022-11-14 23:43:34,688 - INFO: global_step=265438, episodic_return=-64.5579833984375
2022-11-14 23:43:36,844 - INFO: global_step=266438, episodic_return=-99.60327911376953
2022-11-14 23:43:38,984 - INFO: global_step=267438, episodic_return=-86.02371215820312
2022-11-14 23:43:40,991 - INFO: global_step=268438, episodic_return=-107.981201171875
2022-11-14 23:43:42,653 - INFO: global_step=269438, episodic_return=-91.43244171142578
2022-11-14 23:43:44,880 - INFO: global_step=270438, episodic_return=-45.642364501953125
2022-11-14 23:43:46,668 - INFO: global_step=271438, episodic_return=-65.45310974121094
2022-11-14 23:43:49,141 - INFO: global_step=272438, episodic_return=-76.16876220703125
2022-11-14 23:43:51,883 - INFO: global_step=273438, episodic_return=-66.86173248291016
2022-11-14 23:43:54,061 - INFO: global_step=274438, episodic_return=-113.56088256835938
2022-11-14 23:43:56,709 - INFO: global_step=275438, episodic_return=-92.48140716552734
2022-11-14 23:43:59,063 - INFO: global_step=276438, episodic_return=-87.66399383544922
2022-11-14 23:44:00,891 - INFO: global_step=277438, episodic_return=-120.33186340332031
2022-11-14 23:44:02,866 - INFO: global_step=278438, episodic_return=-59.09981918334961
2022-11-14 23:44:05,432 - INFO: global_step=279438, episodic_return=-97.60084533691406
2022-11-14 23:44:08,091 - INFO: global_step=280438, episodic_return=-149.75198364257812
2022-11-14 23:44:10,537 - INFO: global_step=281355, episodic_return=-210.81121826171875
2022-11-14 23:44:13,248 - INFO: global_step=282355, episodic_return=-68.34375
2022-11-14 23:44:14,691 - INFO: global_step=283355, episodic_return=-67.2860107421875
2022-11-14 23:44:16,729 - INFO: global_step=284355, episodic_return=-64.75841522216797
2022-11-14 23:44:18,434 - INFO: global_step=285355, episodic_return=-123.01893615722656
2022-11-14 23:44:20,264 - INFO: global_step=286355, episodic_return=-17.323711395263672
2022-11-14 23:44:23,100 - INFO: global_step=287355, episodic_return=-83.81036376953125
2022-11-14 23:44:23,994 - INFO: global_step=287863, episodic_return=-157.87069702148438
2022-11-14 23:44:26,131 - INFO: global_step=288863, episodic_return=-95.81456756591797
2022-11-14 23:44:28,414 - INFO: global_step=289863, episodic_return=-107.50349426269531
2022-11-14 23:44:31,199 - INFO: global_step=290863, episodic_return=-141.66502380371094
2022-11-14 23:44:33,032 - INFO: global_step=291863, episodic_return=-101.06766510009766
2022-11-14 23:44:33,282 - INFO: global_step=292113, episodic_return=-87.82077026367188
2022-11-14 23:44:34,760 - INFO: global_step=293113, episodic_return=-109.5437240600586
2022-11-14 23:44:36,921 - INFO: global_step=294113, episodic_return=-88.11763000488281
2022-11-14 23:44:39,180 - INFO: global_step=295113, episodic_return=-102.50618743896484
2022-11-14 23:44:41,343 - INFO: global_step=296113, episodic_return=-129.21554565429688
2022-11-14 23:44:44,060 - INFO: global_step=297113, episodic_return=-98.61891174316406
2022-11-14 23:44:46,182 - INFO: global_step=298113, episodic_return=-53.88728713989258
2022-11-14 23:44:48,540 - INFO: global_step=299113, episodic_return=-96.74858856201172
2022-11-14 23:44:50,868 - INFO: global_step=300113, episodic_return=-84.61705017089844
2022-11-14 23:44:53,240 - INFO: global_step=301113, episodic_return=-94.55068969726562
2022-11-14 23:44:55,019 - INFO: global_step=302113, episodic_return=-62.82447052001953
2022-11-14 23:44:56,960 - INFO: global_step=303113, episodic_return=-131.08436584472656
2022-11-14 23:44:59,016 - INFO: global_step=304113, episodic_return=-74.74414825439453
2022-11-14 23:45:01,455 - INFO: global_step=305113, episodic_return=-96.38768768310547
2022-11-14 23:45:03,624 - INFO: global_step=306113, episodic_return=-26.222835540771484
2022-11-14 23:45:05,342 - INFO: global_step=307113, episodic_return=-69.44539642333984
2022-11-14 23:45:07,293 - INFO: global_step=308113, episodic_return=-37.250091552734375
2022-11-14 23:45:09,361 - INFO: global_step=309113, episodic_return=-62.00225830078125
2022-11-14 23:45:10,984 - INFO: global_step=310113, episodic_return=-96.62126159667969
2022-11-14 23:45:13,034 - INFO: global_step=311113, episodic_return=-106.71100616455078
2022-11-14 23:45:14,755 - INFO: global_step=312113, episodic_return=-27.77922821044922
2022-11-14 23:45:17,117 - INFO: global_step=313113, episodic_return=-73.43299102783203
2022-11-14 23:45:19,542 - INFO: global_step=314113, episodic_return=-144.2969512939453
2022-11-14 23:45:21,151 - INFO: global_step=315113, episodic_return=-186.15899658203125
2022-11-14 23:45:23,450 - INFO: global_step=316113, episodic_return=-157.8917999267578
2022-11-14 23:45:25,108 - INFO: global_step=317113, episodic_return=-157.37489318847656
2022-11-14 23:45:27,122 - INFO: global_step=318113, episodic_return=-146.4345703125
2022-11-14 23:45:29,677 - INFO: global_step=319113, episodic_return=-93.82511901855469
2022-11-14 23:45:32,159 - INFO: global_step=320113, episodic_return=-176.5926971435547
2022-11-14 23:45:34,301 - INFO: global_step=321113, episodic_return=-161.48606872558594
2022-11-14 23:45:35,986 - INFO: global_step=322113, episodic_return=-166.90188598632812
2022-11-14 23:45:38,305 - INFO: global_step=323113, episodic_return=-154.06541442871094
2022-11-14 23:45:40,189 - INFO: global_step=324113, episodic_return=-128.8963165283203
2022-11-14 23:45:42,216 - INFO: global_step=325113, episodic_return=-125.30150604248047
2022-11-14 23:45:43,902 - INFO: global_step=326113, episodic_return=-112.15142822265625
2022-11-14 23:45:45,959 - INFO: global_step=327113, episodic_return=-145.48471069335938
2022-11-14 23:45:48,005 - INFO: global_step=328113, episodic_return=-146.20281982421875
2022-11-14 23:45:51,862 - INFO: global_step=329113, episodic_return=-118.61792755126953
2022-11-14 23:45:54,105 - INFO: global_step=330113, episodic_return=-168.99461364746094
2022-11-14 23:45:55,785 - INFO: global_step=331113, episodic_return=-120.11676025390625
2022-11-14 23:45:57,125 - INFO: global_step=332113, episodic_return=-155.21493530273438
2022-11-14 23:45:59,287 - INFO: global_step=333113, episodic_return=-186.49493408203125
2022-11-14 23:46:01,045 - INFO: global_step=333909, episodic_return=-236.89389038085938
2022-11-14 23:46:02,691 - INFO: global_step=334909, episodic_return=-101.98878479003906
2022-11-14 23:46:04,272 - INFO: global_step=335909, episodic_return=-94.38278198242188
2022-11-14 23:46:06,173 - INFO: global_step=336909, episodic_return=-147.37049865722656
2022-11-14 23:46:09,054 - INFO: global_step=337909, episodic_return=-144.56143188476562
2022-11-14 23:46:11,085 - INFO: global_step=338909, episodic_return=-164.36941528320312
2022-11-14 23:46:12,711 - INFO: global_step=339909, episodic_return=-141.7377471923828
2022-11-14 23:46:15,247 - INFO: global_step=340909, episodic_return=-139.77838134765625
2022-11-14 23:46:18,345 - INFO: global_step=341909, episodic_return=-139.88877868652344
2022-11-14 23:46:20,409 - INFO: global_step=342909, episodic_return=-128.22792053222656
2022-11-14 23:46:22,281 - INFO: global_step=343909, episodic_return=-149.73065185546875
2022-11-14 23:46:24,179 - INFO: global_step=344909, episodic_return=-126.48003387451172
2022-11-14 23:46:26,269 - INFO: global_step=345909, episodic_return=-133.4798126220703
2022-11-14 23:46:27,949 - INFO: global_step=346909, episodic_return=-147.640869140625
2022-11-14 23:46:30,227 - INFO: global_step=347909, episodic_return=-142.03428649902344
2022-11-14 23:46:31,732 - INFO: global_step=348909, episodic_return=-133.80633544921875
2022-11-14 23:46:33,849 - INFO: global_step=349909, episodic_return=-140.6315155029297
2022-11-14 23:46:35,818 - INFO: global_step=350909, episodic_return=-101.00430297851562
2022-11-14 23:46:37,815 - INFO: global_step=351909, episodic_return=-125.96508026123047
2022-11-14 23:46:39,567 - INFO: global_step=352909, episodic_return=-175.14044189453125
2022-11-14 23:46:42,143 - INFO: global_step=353909, episodic_return=-144.43304443359375
2022-11-14 23:46:44,581 - INFO: global_step=354909, episodic_return=-142.7339324951172
2022-11-14 23:46:46,453 - INFO: global_step=355909, episodic_return=-143.38352966308594
2022-11-14 23:46:48,576 - INFO: global_step=356909, episodic_return=-125.17475891113281
2022-11-14 23:46:50,840 - INFO: global_step=357909, episodic_return=-124.97605895996094
2022-11-14 23:46:52,618 - INFO: global_step=358909, episodic_return=-110.80851745605469
2022-11-14 23:46:54,375 - INFO: global_step=359909, episodic_return=-106.34339141845703
2022-11-14 23:46:56,000 - INFO: global_step=360909, episodic_return=-82.55962371826172
2022-11-14 23:46:57,420 - INFO: global_step=361909, episodic_return=-114.77200317382812
2022-11-14 23:46:59,256 - INFO: global_step=362909, episodic_return=-84.7393569946289
2022-11-14 23:47:02,001 - INFO: global_step=363909, episodic_return=-131.8605194091797
2022-11-14 23:47:04,136 - INFO: global_step=364909, episodic_return=-72.90018463134766
2022-11-14 23:47:04,320 - INFO: global_step=365099, episodic_return=-42.62238311767578
2022-11-14 23:47:04,453 - INFO: global_step=365270, episodic_return=-58.73103713989258
2022-11-14 23:47:04,665 - INFO: global_step=365498, episodic_return=-25.63848876953125
2022-11-14 23:47:06,753 - INFO: global_step=366498, episodic_return=-45.139102935791016
2022-11-14 23:47:08,243 - INFO: global_step=367498, episodic_return=15.330473899841309
2022-11-14 23:47:10,354 - INFO: global_step=368498, episodic_return=2.446415424346924
2022-11-14 23:47:12,764 - INFO: global_step=369498, episodic_return=-13.835577011108398
2022-11-14 23:47:15,237 - INFO: global_step=370498, episodic_return=-100.91577911376953
2022-11-14 23:47:17,904 - INFO: global_step=371498, episodic_return=-127.09449768066406
2022-11-14 23:47:20,182 - INFO: global_step=372498, episodic_return=-107.99635314941406
2022-11-14 23:47:22,439 - INFO: global_step=373498, episodic_return=-92.52567291259766
2022-11-14 23:47:24,404 - INFO: global_step=374498, episodic_return=26.436826705932617
2022-11-14 23:47:26,201 - INFO: global_step=375498, episodic_return=-107.07062530517578
2022-11-14 23:47:28,024 - INFO: global_step=376498, episodic_return=-106.65174102783203
2022-11-14 23:47:29,858 - INFO: global_step=377327, episodic_return=136.70993041992188
2022-11-14 23:47:32,426 - INFO: global_step=378327, episodic_return=-113.18241119384766
2022-11-14 23:47:33,167 - INFO: global_step=378832, episodic_return=-70.22659301757812
2022-11-14 23:47:35,305 - INFO: global_step=379832, episodic_return=112.75306701660156
2022-11-14 23:47:37,562 - INFO: global_step=380832, episodic_return=-82.24886322021484
2022-11-14 23:47:39,895 - INFO: global_step=381832, episodic_return=-104.8841323852539
2022-11-14 23:47:41,585 - INFO: global_step=382832, episodic_return=-79.08244323730469
2022-11-14 23:47:43,352 - INFO: global_step=383832, episodic_return=-113.54754638671875
2022-11-14 23:47:44,784 - INFO: global_step=384832, episodic_return=-42.07122802734375
2022-11-14 23:47:46,995 - INFO: global_step=385832, episodic_return=-29.759262084960938
2022-11-14 23:47:49,182 - INFO: global_step=386832, episodic_return=-81.8370361328125
2022-11-14 23:47:51,334 - INFO: global_step=387832, episodic_return=-79.46139526367188
2022-11-14 23:47:53,659 - INFO: global_step=388832, episodic_return=-59.49203109741211
2022-11-14 23:47:55,426 - INFO: global_step=389832, episodic_return=-159.77293395996094
2022-11-14 23:47:58,153 - INFO: global_step=390832, episodic_return=-99.6151123046875
2022-11-14 23:48:01,139 - INFO: global_step=391832, episodic_return=-144.5994873046875
2022-11-14 23:48:04,373 - INFO: global_step=392832, episodic_return=-96.00694274902344
2022-11-14 23:48:06,252 - INFO: global_step=393832, episodic_return=-110.12655639648438
2022-11-14 23:48:08,789 - INFO: global_step=394832, episodic_return=-119.82479095458984
2022-11-14 23:48:10,940 - INFO: global_step=395832, episodic_return=-123.83285522460938
2022-11-14 23:48:13,014 - INFO: global_step=396832, episodic_return=-129.96395874023438
2022-11-14 23:48:14,820 - INFO: global_step=397832, episodic_return=-73.00188446044922
2022-11-14 23:48:16,542 - INFO: global_step=398832, episodic_return=-77.78755950927734
2022-11-14 23:48:18,754 - INFO: global_step=399832, episodic_return=-83.01953887939453
2022-11-14 23:48:18,869 - INFO: global_step=399993, episodic_return=-130.3217315673828
2022-11-14 23:48:20,414 - INFO: global_step=400993, episodic_return=-100.89813232421875
2022-11-14 23:48:22,294 - INFO: global_step=401993, episodic_return=-74.50750732421875
2022-11-14 23:48:24,251 - INFO: global_step=402993, episodic_return=-82.27127075195312
2022-11-14 23:48:27,023 - INFO: global_step=403993, episodic_return=-64.34919738769531
2022-11-14 23:48:28,784 - INFO: global_step=404993, episodic_return=-108.59204864501953
2022-11-14 23:48:30,051 - INFO: global_step=405993, episodic_return=-52.43450927734375
2022-11-14 23:48:30,146 - INFO: global_step=406104, episodic_return=-16.983665466308594
2022-11-14 23:48:30,538 - INFO: global_step=406481, episodic_return=-224.9176788330078
2022-11-14 23:48:30,718 - INFO: global_step=406679, episodic_return=-124.21884155273438
2022-11-14 23:48:31,076 - INFO: global_step=407036, episodic_return=-82.52359771728516
2022-11-14 23:48:32,651 - INFO: global_step=408036, episodic_return=-49.17574691772461
2022-11-14 23:48:34,756 - INFO: global_step=409036, episodic_return=-131.5518798828125
2022-11-14 23:48:37,173 - INFO: global_step=410036, episodic_return=-168.94757080078125
2022-11-14 23:48:38,933 - INFO: global_step=411036, episodic_return=-115.97477722167969
2022-11-14 23:48:40,966 - INFO: global_step=412036, episodic_return=-135.35574340820312
2022-11-14 23:48:43,084 - INFO: global_step=413036, episodic_return=-132.99356079101562
2022-11-14 23:48:44,763 - INFO: global_step=414036, episodic_return=-95.07036590576172
2022-11-14 23:48:46,906 - INFO: global_step=415036, episodic_return=-138.53538513183594
2022-11-14 23:48:48,986 - INFO: global_step=416036, episodic_return=-157.49267578125
2022-11-14 23:48:51,663 - INFO: global_step=417036, episodic_return=-150.83761596679688
2022-11-14 23:48:54,562 - INFO: global_step=418036, episodic_return=-145.12142944335938
2022-11-14 23:48:56,535 - INFO: global_step=419036, episodic_return=-83.36847686767578
2022-11-14 23:48:58,321 - INFO: global_step=420036, episodic_return=-119.47582244873047
2022-11-14 23:49:00,098 - INFO: global_step=421036, episodic_return=-91.207763671875
2022-11-14 23:49:01,676 - INFO: global_step=422036, episodic_return=-84.73738098144531
2022-11-14 23:49:03,802 - INFO: global_step=423036, episodic_return=-137.63052368164062
2022-11-14 23:49:03,889 - INFO: global_step=423147, episodic_return=-92.34839630126953
2022-11-14 23:49:05,688 - INFO: global_step=424147, episodic_return=-103.34490203857422
2022-11-14 23:49:08,017 - INFO: global_step=425147, episodic_return=-119.96004486083984
2022-11-14 23:49:08,231 - INFO: global_step=425344, episodic_return=-146.7896728515625
2022-11-14 23:49:09,807 - INFO: global_step=426344, episodic_return=-112.33114624023438
2022-11-14 23:49:11,564 - INFO: global_step=427344, episodic_return=-125.46212005615234
2022-11-14 23:49:14,073 - INFO: global_step=428344, episodic_return=-129.8193817138672
2022-11-14 23:49:16,437 - INFO: global_step=429344, episodic_return=-109.32884979248047
2022-11-14 23:49:18,482 - INFO: global_step=430344, episodic_return=-82.53269958496094
2022-11-14 23:49:20,546 - INFO: global_step=431344, episodic_return=-105.19734191894531
2022-11-14 23:49:22,298 - INFO: global_step=432344, episodic_return=-72.06881713867188
2022-11-14 23:49:24,435 - INFO: global_step=433344, episodic_return=-81.35493469238281
2022-11-14 23:49:27,444 - INFO: global_step=434344, episodic_return=-72.99183654785156
2022-11-14 23:49:29,573 - INFO: global_step=435344, episodic_return=-96.18889617919922
2022-11-14 23:49:31,734 - INFO: global_step=436344, episodic_return=-128.1060028076172
2022-11-14 23:49:33,532 - INFO: global_step=437344, episodic_return=-141.10287475585938
2022-11-14 23:49:35,568 - INFO: global_step=438344, episodic_return=-65.42749786376953
2022-11-14 23:49:37,884 - INFO: global_step=439344, episodic_return=-103.25811004638672
2022-11-14 23:49:40,354 - INFO: global_step=440344, episodic_return=-67.79147338867188
2022-11-14 23:49:43,080 - INFO: global_step=441344, episodic_return=-72.46159362792969
2022-11-14 23:49:45,535 - INFO: global_step=442344, episodic_return=-76.23269653320312
2022-11-14 23:49:47,708 - INFO: global_step=443344, episodic_return=-95.4400634765625
2022-11-14 23:49:49,649 - INFO: global_step=444344, episodic_return=-55.96939468383789
2022-11-14 23:49:51,546 - INFO: global_step=445344, episodic_return=-121.33795166015625
2022-11-14 23:49:53,789 - INFO: global_step=446344, episodic_return=-109.9891128540039
2022-11-14 23:49:55,726 - INFO: global_step=447344, episodic_return=-95.60060119628906
2022-11-14 23:49:58,280 - INFO: global_step=448344, episodic_return=-131.00399780273438
2022-11-14 23:50:00,239 - INFO: global_step=449344, episodic_return=-63.60102081298828
2022-11-14 23:50:01,943 - INFO: global_step=450344, episodic_return=-130.84017944335938
2022-11-14 23:50:03,338 - INFO: global_step=451344, episodic_return=-83.6016845703125
2022-11-14 23:50:05,272 - INFO: global_step=452344, episodic_return=-98.99443817138672
2022-11-14 23:50:07,059 - INFO: global_step=453344, episodic_return=-80.96014404296875
2022-11-14 23:50:09,262 - INFO: global_step=454344, episodic_return=-65.46589660644531
2022-11-14 23:50:11,074 - INFO: global_step=455344, episodic_return=-101.92335510253906
2022-11-14 23:50:13,016 - INFO: global_step=456344, episodic_return=-64.31741333007812
2022-11-14 23:50:14,490 - INFO: global_step=457344, episodic_return=-56.67814254760742
2022-11-14 23:50:16,577 - INFO: global_step=458344, episodic_return=-115.71221923828125
2022-11-14 23:50:18,451 - INFO: global_step=459344, episodic_return=-60.14017868041992
2022-11-14 23:50:19,935 - INFO: global_step=460344, episodic_return=-113.17396545410156
2022-11-14 23:50:21,644 - INFO: global_step=461344, episodic_return=-99.02157592773438
2022-11-14 23:50:24,030 - INFO: global_step=462344, episodic_return=-41.06346893310547
2022-11-14 23:50:26,229 - INFO: global_step=463344, episodic_return=-70.15460205078125
2022-11-14 23:50:28,080 - INFO: global_step=464344, episodic_return=-83.42407989501953
2022-11-14 23:50:29,906 - INFO: global_step=465344, episodic_return=-69.00826263427734
2022-11-14 23:50:31,890 - INFO: global_step=466344, episodic_return=-57.531864166259766
2022-11-14 23:50:33,273 - INFO: global_step=467344, episodic_return=-52.04478073120117
2022-11-14 23:50:35,557 - INFO: global_step=468344, episodic_return=-121.98883819580078
2022-11-14 23:50:37,201 - INFO: global_step=469344, episodic_return=-73.53472137451172
2022-11-14 23:50:39,173 - INFO: global_step=470344, episodic_return=-60.988712310791016
2022-11-14 23:50:40,977 - INFO: global_step=471344, episodic_return=-52.65653991699219
2022-11-14 23:50:42,602 - INFO: global_step=472344, episodic_return=-84.94561004638672
2022-11-14 23:50:44,104 - INFO: global_step=473344, episodic_return=-58.937503814697266
2022-11-14 23:50:46,058 - INFO: global_step=474344, episodic_return=-74.08502960205078
2022-11-14 23:50:48,107 - INFO: global_step=475344, episodic_return=-66.3774642944336
2022-11-14 23:50:50,831 - INFO: global_step=476344, episodic_return=-100.46440124511719
2022-11-14 23:50:53,018 - INFO: global_step=477344, episodic_return=-67.03772735595703
2022-11-14 23:50:55,546 - INFO: global_step=478344, episodic_return=-124.55702209472656
2022-11-14 23:50:57,163 - INFO: global_step=479344, episodic_return=-93.57742309570312
2022-11-14 23:50:59,752 - INFO: global_step=480344, episodic_return=-89.86205291748047
2022-11-14 23:51:01,671 - INFO: global_step=481344, episodic_return=-102.52119445800781
2022-11-14 23:51:03,417 - INFO: global_step=482344, episodic_return=-80.90552520751953
2022-11-14 23:51:05,004 - INFO: global_step=483344, episodic_return=-89.7805404663086
2022-11-14 23:51:07,088 - INFO: global_step=484344, episodic_return=-99.95357513427734
2022-11-14 23:51:09,097 - INFO: global_step=485344, episodic_return=-104.30899810791016
2022-11-14 23:51:11,054 - INFO: global_step=486344, episodic_return=-70.47398376464844
2022-11-14 23:51:12,811 - INFO: global_step=487344, episodic_return=-81.84544372558594
2022-11-14 23:51:14,431 - INFO: global_step=488344, episodic_return=-68.68852233886719
2022-11-14 23:51:16,056 - INFO: global_step=489344, episodic_return=-68.35334777832031
2022-11-14 23:51:17,715 - INFO: global_step=490344, episodic_return=-98.5099868774414
2022-11-14 23:51:19,664 - INFO: global_step=491344, episodic_return=-94.19180297851562
2022-11-14 23:51:21,589 - INFO: global_step=492344, episodic_return=-84.1141128540039
2022-11-14 23:51:23,584 - INFO: global_step=493344, episodic_return=-55.628475189208984
2022-11-14 23:51:24,850 - INFO: global_step=494344, episodic_return=-40.289146423339844
2022-11-14 23:51:26,590 - INFO: global_step=495344, episodic_return=131.18923950195312
2022-11-14 23:51:29,155 - INFO: global_step=496344, episodic_return=-91.40204620361328
2022-11-14 23:51:30,849 - INFO: global_step=497344, episodic_return=-81.71061706542969
2022-11-14 23:51:33,093 - INFO: global_step=498344, episodic_return=-80.87454223632812
2022-11-14 23:51:35,688 - INFO: global_step=499344, episodic_return=-84.373779296875
2022-11-14 23:51:36,904 - INFO: The average reward of last 20 steps: -71.82992267608643
