2022-11-15 06:45:43,171 - INFO: +--------------------------+----------------+
| Parameter                | Value          |
+--------------------------+----------------+
| exp_name                 | dqn            |
+--------------------------+----------------+
| seed                     | 42             |
+--------------------------+----------------+
| total_timesteps          | 500000         |
+--------------------------+----------------+
| learning_rate            | 0.001          |
+--------------------------+----------------+
| buffer_size              | 2000           |
+--------------------------+----------------+
| gamma                    | 0.982          |
+--------------------------+----------------+
| target_network_frequency | 50             |
+--------------------------+----------------+
| batch_size               | 128            |
+--------------------------+----------------+
| start_e                  | 1              |
+--------------------------+----------------+
| end_e                    | 0.010          |
+--------------------------+----------------+
| exploration_fraction     | 0.200          |
+--------------------------+----------------+
| learning_starts          | 10000          |
+--------------------------+----------------+
| train_frequency          | 10             |
+--------------------------+----------------+
| env_id                   | LunarLander-v2 |
+--------------------------+----------------+
2022-11-15 06:45:44,347 - INFO: global_step=122, episodic_return=-351.156494140625
2022-11-15 06:45:45,155 - INFO: global_step=213, episodic_return=-123.88553619384766
2022-11-15 06:45:45,167 - INFO: global_step=279, episodic_return=-204.14816284179688
2022-11-15 06:45:45,180 - INFO: global_step=366, episodic_return=-104.00199890136719
2022-11-15 06:45:45,190 - INFO: global_step=432, episodic_return=-288.47857666015625
2022-11-15 06:45:45,205 - INFO: global_step=527, episodic_return=-115.15879821777344
2022-11-15 06:45:45,227 - INFO: global_step=660, episodic_return=-123.95240783691406
2022-11-15 06:45:45,241 - INFO: global_step=749, episodic_return=-492.9754943847656
2022-11-15 06:45:45,253 - INFO: global_step=818, episodic_return=-75.49524688720703
2022-11-15 06:45:45,263 - INFO: global_step=888, episodic_return=-352.61175537109375
2022-11-15 06:45:45,276 - INFO: global_step=976, episodic_return=-255.0100860595703
2022-11-15 06:45:45,303 - INFO: global_step=1124, episodic_return=-8.8958740234375
2022-11-15 06:45:45,321 - INFO: global_step=1229, episodic_return=-140.4234619140625
2022-11-15 06:45:45,337 - INFO: global_step=1331, episodic_return=-337.1800537109375
2022-11-15 06:45:45,359 - INFO: global_step=1457, episodic_return=-100.4944076538086
2022-11-15 06:45:45,373 - INFO: global_step=1547, episodic_return=-412.3921203613281
2022-11-15 06:45:45,385 - INFO: global_step=1628, episodic_return=-79.26310729980469
2022-11-15 06:45:45,398 - INFO: global_step=1709, episodic_return=-276.77313232421875
2022-11-15 06:45:45,414 - INFO: global_step=1812, episodic_return=-35.81890869140625
2022-11-15 06:45:45,430 - INFO: global_step=1895, episodic_return=-211.06356811523438
2022-11-15 06:45:45,443 - INFO: global_step=1959, episodic_return=-4.385345458984375
2022-11-15 06:45:45,464 - INFO: global_step=2060, episodic_return=-336.4647521972656
2022-11-15 06:45:45,475 - INFO: global_step=2131, episodic_return=-92.31704711914062
2022-11-15 06:45:45,505 - INFO: global_step=2269, episodic_return=-300.3612976074219
2022-11-15 06:45:45,524 - INFO: global_step=2377, episodic_return=-178.12405395507812
2022-11-15 06:45:45,536 - INFO: global_step=2452, episodic_return=-94.30905151367188
2022-11-15 06:45:45,555 - INFO: global_step=2558, episodic_return=-142.09170532226562
2022-11-15 06:45:45,566 - INFO: global_step=2624, episodic_return=-115.4059066772461
2022-11-15 06:45:45,579 - INFO: global_step=2706, episodic_return=-258.0853576660156
2022-11-15 06:45:45,593 - INFO: global_step=2789, episodic_return=-426.1032409667969
2022-11-15 06:45:45,605 - INFO: global_step=2858, episodic_return=-136.6063690185547
2022-11-15 06:45:45,618 - INFO: global_step=2930, episodic_return=-116.31426239013672
2022-11-15 06:45:45,628 - INFO: global_step=2997, episodic_return=-79.06233215332031
2022-11-15 06:45:45,660 - INFO: global_step=3101, episodic_return=-321.088134765625
2022-11-15 06:45:45,674 - INFO: global_step=3188, episodic_return=-266.1885070800781
2022-11-15 06:45:45,696 - INFO: global_step=3307, episodic_return=-186.7982177734375
2022-11-15 06:45:45,710 - INFO: global_step=3386, episodic_return=-143.58566284179688
2022-11-15 06:45:45,734 - INFO: global_step=3483, episodic_return=-358.55218505859375
2022-11-15 06:45:45,752 - INFO: global_step=3575, episodic_return=-32.723838806152344
2022-11-15 06:45:45,764 - INFO: global_step=3640, episodic_return=-122.14820098876953
2022-11-15 06:45:45,780 - INFO: global_step=3722, episodic_return=-227.1875762939453
2022-11-15 06:45:45,801 - INFO: global_step=3826, episodic_return=-393.569091796875
2022-11-15 06:45:45,828 - INFO: global_step=3939, episodic_return=-116.82621002197266
2022-11-15 06:45:45,842 - INFO: global_step=4030, episodic_return=-221.05413818359375
2022-11-15 06:45:45,854 - INFO: global_step=4105, episodic_return=-152.56886291503906
2022-11-15 06:45:45,873 - INFO: global_step=4216, episodic_return=-85.7558364868164
2022-11-15 06:45:45,907 - INFO: global_step=4349, episodic_return=-454.67974853515625
2022-11-15 06:45:45,923 - INFO: global_step=4417, episodic_return=-198.2577362060547
2022-11-15 06:45:45,937 - INFO: global_step=4476, episodic_return=-154.98922729492188
2022-11-15 06:45:45,964 - INFO: global_step=4586, episodic_return=-96.20071411132812
2022-11-15 06:45:45,991 - INFO: global_step=4697, episodic_return=-89.20109558105469
2022-11-15 06:45:46,015 - INFO: global_step=4791, episodic_return=-135.49392700195312
2022-11-15 06:45:46,040 - INFO: global_step=4889, episodic_return=-89.31773376464844
2022-11-15 06:45:46,065 - INFO: global_step=4997, episodic_return=-238.3194580078125
2022-11-15 06:45:46,083 - INFO: global_step=5068, episodic_return=-145.02096557617188
2022-11-15 06:45:46,097 - INFO: global_step=5136, episodic_return=-115.47396087646484
2022-11-15 06:45:46,128 - INFO: global_step=5250, episodic_return=-345.267333984375
2022-11-15 06:45:46,147 - INFO: global_step=5328, episodic_return=-101.41022491455078
2022-11-15 06:45:46,160 - INFO: global_step=5388, episodic_return=-119.37279510498047
2022-11-15 06:45:46,181 - INFO: global_step=5507, episodic_return=-276.9082336425781
2022-11-15 06:45:46,197 - INFO: global_step=5604, episodic_return=-424.90399169921875
2022-11-15 06:45:46,216 - INFO: global_step=5717, episodic_return=-119.88185119628906
2022-11-15 06:45:46,236 - INFO: global_step=5828, episodic_return=-343.1236877441406
2022-11-15 06:45:46,252 - INFO: global_step=5921, episodic_return=-270.75701904296875
2022-11-15 06:45:46,269 - INFO: global_step=6018, episodic_return=-456.9500427246094
2022-11-15 06:45:46,288 - INFO: global_step=6132, episodic_return=-125.10515594482422
2022-11-15 06:45:46,304 - INFO: global_step=6220, episodic_return=-333.3431091308594
2022-11-15 06:45:46,314 - INFO: global_step=6284, episodic_return=-65.99833679199219
2022-11-15 06:45:46,351 - INFO: global_step=6397, episodic_return=-273.831787109375
2022-11-15 06:45:46,374 - INFO: global_step=6465, episodic_return=-193.1272430419922
2022-11-15 06:45:46,392 - INFO: global_step=6569, episodic_return=-97.42798614501953
2022-11-15 06:45:46,406 - INFO: global_step=6648, episodic_return=-90.63749694824219
2022-11-15 06:45:46,416 - INFO: global_step=6720, episodic_return=-132.0479736328125
2022-11-15 06:45:46,432 - INFO: global_step=6820, episodic_return=-171.76304626464844
2022-11-15 06:45:46,440 - INFO: global_step=6876, episodic_return=-92.86487579345703
2022-11-15 06:45:46,453 - INFO: global_step=6957, episodic_return=-172.13143920898438
2022-11-15 06:45:46,469 - INFO: global_step=7039, episodic_return=1.575958251953125
2022-11-15 06:45:46,484 - INFO: global_step=7123, episodic_return=-435.0228271484375
2022-11-15 06:45:46,497 - INFO: global_step=7197, episodic_return=-176.7999267578125
2022-11-15 06:45:46,518 - INFO: global_step=7303, episodic_return=-93.20221710205078
2022-11-15 06:45:46,532 - INFO: global_step=7385, episodic_return=-121.65382385253906
2022-11-15 06:45:46,554 - INFO: global_step=7496, episodic_return=-158.74044799804688
2022-11-15 06:45:46,571 - INFO: global_step=7593, episodic_return=-294.75531005859375
2022-11-15 06:45:46,581 - INFO: global_step=7653, episodic_return=-79.99484252929688
2022-11-15 06:45:46,592 - INFO: global_step=7722, episodic_return=-106.23209381103516
2022-11-15 06:45:46,609 - INFO: global_step=7813, episodic_return=-508.6888732910156
2022-11-15 06:45:46,622 - INFO: global_step=7888, episodic_return=-86.08513641357422
2022-11-15 06:45:46,632 - INFO: global_step=7950, episodic_return=-78.88095092773438
2022-11-15 06:45:46,650 - INFO: global_step=8036, episodic_return=-211.48123168945312
2022-11-15 06:45:46,661 - INFO: global_step=8105, episodic_return=-85.19378662109375
2022-11-15 06:45:46,676 - INFO: global_step=8187, episodic_return=-87.6824951171875
2022-11-15 06:45:46,692 - INFO: global_step=8274, episodic_return=-297.45849609375
2022-11-15 06:45:46,708 - INFO: global_step=8363, episodic_return=56.37022399902344
2022-11-15 06:45:46,734 - INFO: global_step=8455, episodic_return=-278.9169921875
2022-11-15 06:45:46,761 - INFO: global_step=8550, episodic_return=-6.7117767333984375
2022-11-15 06:45:46,780 - INFO: global_step=8654, episodic_return=-389.31048583984375
2022-11-15 06:45:46,798 - INFO: global_step=8756, episodic_return=-356.42169189453125
2022-11-15 06:45:46,810 - INFO: global_step=8832, episodic_return=-104.65238952636719
2022-11-15 06:45:46,826 - INFO: global_step=8919, episodic_return=-307.80279541015625
2022-11-15 06:45:46,841 - INFO: global_step=9009, episodic_return=-460.1455993652344
2022-11-15 06:45:46,852 - INFO: global_step=9072, episodic_return=-91.47492980957031
2022-11-15 06:45:46,863 - INFO: global_step=9140, episodic_return=-102.64117431640625
2022-11-15 06:45:46,885 - INFO: global_step=9229, episodic_return=-312.5528259277344
2022-11-15 06:45:46,902 - INFO: global_step=9312, episodic_return=-352.2301330566406
2022-11-15 06:45:46,926 - INFO: global_step=9432, episodic_return=-128.58985900878906
2022-11-15 06:45:46,939 - INFO: global_step=9501, episodic_return=-150.82879638671875
2022-11-15 06:45:46,963 - INFO: global_step=9628, episodic_return=-117.52030181884766
2022-11-15 06:45:46,978 - INFO: global_step=9703, episodic_return=-379.45135498046875
2022-11-15 06:45:46,988 - INFO: global_step=9766, episodic_return=-96.81716918945312
2022-11-15 06:45:46,999 - INFO: global_step=9844, episodic_return=-158.10171508789062
2022-11-15 06:45:47,019 - INFO: global_step=9948, episodic_return=-227.43283081054688
2022-11-15 06:45:47,050 - INFO: global_step=10042, episodic_return=-165.06121826171875
2022-11-15 06:45:47,088 - INFO: global_step=10142, episodic_return=-136.13101196289062
2022-11-15 06:45:47,110 - INFO: global_step=10205, episodic_return=-96.68978881835938
2022-11-15 06:45:47,164 - INFO: global_step=10320, episodic_return=-127.0826416015625
2022-11-15 06:45:47,201 - INFO: global_step=10415, episodic_return=-332.3913879394531
2022-11-15 06:45:47,233 - INFO: global_step=10504, episodic_return=-250.99342346191406
2022-11-15 06:45:47,258 - INFO: global_step=10576, episodic_return=-112.53694915771484
2022-11-15 06:45:47,295 - INFO: global_step=10672, episodic_return=-223.3997039794922
2022-11-15 06:45:47,340 - INFO: global_step=10757, episodic_return=-112.26522064208984
2022-11-15 06:45:47,379 - INFO: global_step=10867, episodic_return=-402.83984375
2022-11-15 06:45:47,404 - INFO: global_step=10940, episodic_return=-89.974365234375
2022-11-15 06:45:47,459 - INFO: global_step=11034, episodic_return=-327.92022705078125
2022-11-15 06:45:47,500 - INFO: global_step=11141, episodic_return=-430.6058654785156
2022-11-15 06:45:47,554 - INFO: global_step=11249, episodic_return=25.514404296875
2022-11-15 06:45:47,602 - INFO: global_step=11380, episodic_return=-145.53382873535156
2022-11-15 06:45:47,647 - INFO: global_step=11505, episodic_return=-189.75424194335938
2022-11-15 06:45:47,685 - INFO: global_step=11618, episodic_return=-377.6551513671875
2022-11-15 06:45:47,715 - INFO: global_step=11707, episodic_return=-276.7554016113281
2022-11-15 06:45:47,740 - INFO: global_step=11776, episodic_return=-94.84346771240234
2022-11-15 06:45:47,767 - INFO: global_step=11854, episodic_return=-95.56454467773438
2022-11-15 06:45:47,808 - INFO: global_step=11964, episodic_return=-108.71631622314453
2022-11-15 06:45:47,829 - INFO: global_step=12029, episodic_return=-67.50114440917969
2022-11-15 06:45:47,859 - INFO: global_step=12114, episodic_return=-196.80447387695312
2022-11-15 06:45:47,904 - INFO: global_step=12237, episodic_return=-431.65289306640625
2022-11-15 06:45:47,944 - INFO: global_step=12304, episodic_return=-87.67105102539062
2022-11-15 06:45:47,999 - INFO: global_step=12432, episodic_return=-223.38314819335938
2022-11-15 06:45:48,064 - INFO: global_step=12574, episodic_return=-146.01437377929688
2022-11-15 06:45:48,100 - INFO: global_step=12643, episodic_return=-64.03895568847656
2022-11-15 06:45:48,137 - INFO: global_step=12743, episodic_return=-218.2733154296875
2022-11-15 06:45:48,173 - INFO: global_step=12835, episodic_return=-102.07117462158203
2022-11-15 06:45:48,205 - INFO: global_step=12920, episodic_return=-231.75820922851562
2022-11-15 06:45:48,233 - INFO: global_step=13005, episodic_return=-154.56573486328125
2022-11-15 06:45:48,277 - INFO: global_step=13135, episodic_return=-167.01544189453125
2022-11-15 06:45:48,328 - INFO: global_step=13280, episodic_return=-258.73095703125
2022-11-15 06:45:48,377 - INFO: global_step=13375, episodic_return=-183.53260803222656
2022-11-15 06:45:48,423 - INFO: global_step=13450, episodic_return=-110.326416015625
2022-11-15 06:45:48,472 - INFO: global_step=13580, episodic_return=-339.555908203125
2022-11-15 06:45:48,531 - INFO: global_step=13714, episodic_return=-40.9310302734375
2022-11-15 06:45:48,595 - INFO: global_step=13817, episodic_return=-149.818115234375
2022-11-15 06:45:48,645 - INFO: global_step=13933, episodic_return=-222.63644409179688
2022-11-15 06:45:48,694 - INFO: global_step=14006, episodic_return=-57.24605941772461
2022-11-15 06:45:48,724 - INFO: global_step=14077, episodic_return=-63.356468200683594
2022-11-15 06:45:48,753 - INFO: global_step=14144, episodic_return=-96.95921325683594
2022-11-15 06:45:48,805 - INFO: global_step=14272, episodic_return=-196.55421447753906
2022-11-15 06:45:48,834 - INFO: global_step=14349, episodic_return=-202.1460418701172
2022-11-15 06:45:48,883 - INFO: global_step=14428, episodic_return=-83.92072296142578
2022-11-15 06:45:48,931 - INFO: global_step=14544, episodic_return=-379.2679138183594
2022-11-15 06:45:48,951 - INFO: global_step=14604, episodic_return=-70.91986846923828
2022-11-15 06:45:48,989 - INFO: global_step=14715, episodic_return=16.487586975097656
2022-11-15 06:45:49,026 - INFO: global_step=14811, episodic_return=-115.2566146850586
2022-11-15 06:45:49,060 - INFO: global_step=14891, episodic_return=41.31309509277344
2022-11-15 06:45:49,102 - INFO: global_step=14967, episodic_return=-53.24932861328125
2022-11-15 06:45:49,150 - INFO: global_step=15066, episodic_return=-94.7908706665039
2022-11-15 06:45:49,208 - INFO: global_step=15160, episodic_return=-288.8478698730469
2022-11-15 06:45:49,257 - INFO: global_step=15289, episodic_return=-224.16641235351562
2022-11-15 06:45:49,322 - INFO: global_step=15402, episodic_return=-98.67928314208984
2022-11-15 06:45:49,360 - INFO: global_step=15475, episodic_return=-67.4129867553711
2022-11-15 06:45:49,394 - INFO: global_step=15539, episodic_return=-115.14168548583984
2022-11-15 06:45:49,457 - INFO: global_step=15653, episodic_return=-304.9931640625
2022-11-15 06:45:49,522 - INFO: global_step=15771, episodic_return=-442.9543762207031
2022-11-15 06:45:49,554 - INFO: global_step=15837, episodic_return=-100.65298461914062
2022-11-15 06:45:49,627 - INFO: global_step=15968, episodic_return=-231.97560119628906
2022-11-15 06:45:49,671 - INFO: global_step=16045, episodic_return=-79.16983795166016
2022-11-15 06:45:49,738 - INFO: global_step=16153, episodic_return=-202.3160400390625
2022-11-15 06:45:49,825 - INFO: global_step=16298, episodic_return=-250.23910522460938
2022-11-15 06:45:49,875 - INFO: global_step=16422, episodic_return=-36.71400833129883
2022-11-15 06:45:49,923 - INFO: global_step=16545, episodic_return=-80.96978759765625
2022-11-15 06:45:49,963 - INFO: global_step=16646, episodic_return=-209.800537109375
2022-11-15 06:45:50,051 - INFO: global_step=16775, episodic_return=-131.28005981445312
2022-11-15 06:45:50,091 - INFO: global_step=16881, episodic_return=-219.24166870117188
2022-11-15 06:45:50,162 - INFO: global_step=17056, episodic_return=-116.61610412597656
2022-11-15 06:45:50,246 - INFO: global_step=17224, episodic_return=-337.5091552734375
2022-11-15 06:45:50,290 - INFO: global_step=17338, episodic_return=-147.97195434570312
2022-11-15 06:45:50,333 - INFO: global_step=17443, episodic_return=-163.8349151611328
2022-11-15 06:45:50,390 - INFO: global_step=17581, episodic_return=-170.30203247070312
2022-11-15 06:45:50,446 - INFO: global_step=17727, episodic_return=-142.59530639648438
2022-11-15 06:45:50,501 - INFO: global_step=17872, episodic_return=-173.7451629638672
2022-11-15 06:45:50,547 - INFO: global_step=17993, episodic_return=-196.0292510986328
2022-11-15 06:45:50,592 - INFO: global_step=18116, episodic_return=-203.71505737304688
2022-11-15 06:45:50,644 - INFO: global_step=18243, episodic_return=-148.21405029296875
2022-11-15 06:45:50,695 - INFO: global_step=18336, episodic_return=-157.12501525878906
2022-11-15 06:45:50,742 - INFO: global_step=18442, episodic_return=-65.765625
2022-11-15 06:45:50,771 - INFO: global_step=18517, episodic_return=-382.16668701171875
2022-11-15 06:45:50,824 - INFO: global_step=18633, episodic_return=-169.93301391601562
2022-11-15 06:45:50,864 - INFO: global_step=18745, episodic_return=-150.2506866455078
2022-11-15 06:45:50,889 - INFO: global_step=18816, episodic_return=-133.17706298828125
2022-11-15 06:45:50,920 - INFO: global_step=18898, episodic_return=2.5046844482421875
2022-11-15 06:45:50,971 - INFO: global_step=19025, episodic_return=-207.337646484375
2022-11-15 06:45:51,044 - INFO: global_step=19166, episodic_return=-174.26609802246094
2022-11-15 06:45:51,080 - INFO: global_step=19267, episodic_return=-110.02665710449219
2022-11-15 06:45:51,142 - INFO: global_step=19380, episodic_return=-73.72095489501953
2022-11-15 06:45:51,191 - INFO: global_step=19503, episodic_return=-112.65890502929688
2022-11-15 06:45:51,213 - INFO: global_step=19570, episodic_return=-153.78414916992188
2022-11-15 06:45:51,258 - INFO: global_step=19688, episodic_return=-86.08296203613281
2022-11-15 06:45:51,294 - INFO: global_step=19784, episodic_return=-149.75595092773438
2022-11-15 06:45:51,353 - INFO: global_step=19927, episodic_return=-234.0999298095703
2022-11-15 06:45:51,378 - INFO: global_step=20000, episodic_return=-135.02664184570312
2022-11-15 06:45:51,406 - INFO: global_step=20073, episodic_return=-31.99231719970703
2022-11-15 06:45:51,465 - INFO: global_step=20190, episodic_return=-148.6125946044922
2022-11-15 06:45:51,524 - INFO: global_step=20337, episodic_return=-129.49009704589844
2022-11-15 06:45:51,555 - INFO: global_step=20426, episodic_return=-183.3909454345703
2022-11-15 06:45:51,589 - INFO: global_step=20513, episodic_return=-26.434463500976562
2022-11-15 06:45:51,629 - INFO: global_step=20610, episodic_return=-130.58724975585938
2022-11-15 06:45:51,691 - INFO: global_step=20738, episodic_return=-62.18712615966797
2022-11-15 06:45:51,759 - INFO: global_step=20853, episodic_return=-13.178947448730469
2022-11-15 06:45:51,835 - INFO: global_step=21004, episodic_return=-33.726409912109375
2022-11-15 06:45:51,873 - INFO: global_step=21104, episodic_return=-100.9859390258789
2022-11-15 06:45:51,942 - INFO: global_step=21234, episodic_return=-145.78024291992188
2022-11-15 06:45:51,974 - INFO: global_step=21317, episodic_return=-105.95398712158203
2022-11-15 06:45:52,018 - INFO: global_step=21427, episodic_return=-95.0633316040039
2022-11-15 06:45:52,058 - INFO: global_step=21520, episodic_return=-131.880615234375
2022-11-15 06:45:52,110 - INFO: global_step=21637, episodic_return=-99.78462982177734
2022-11-15 06:45:52,168 - INFO: global_step=21780, episodic_return=-105.47636413574219
2022-11-15 06:45:52,220 - INFO: global_step=21871, episodic_return=-173.9114990234375
2022-11-15 06:45:52,255 - INFO: global_step=21968, episodic_return=-90.6791000366211
2022-11-15 06:45:52,304 - INFO: global_step=22087, episodic_return=-68.80073547363281
2022-11-15 06:45:52,326 - INFO: global_step=22148, episodic_return=-41.648101806640625
2022-11-15 06:45:52,397 - INFO: global_step=22274, episodic_return=-93.96143341064453
2022-11-15 06:45:52,467 - INFO: global_step=22405, episodic_return=-106.42414093017578
2022-11-15 06:45:52,517 - INFO: global_step=22511, episodic_return=-27.995147705078125
2022-11-15 06:45:52,550 - INFO: global_step=22590, episodic_return=-249.35716247558594
2022-11-15 06:45:52,603 - INFO: global_step=22696, episodic_return=-89.70016479492188
2022-11-15 06:45:52,673 - INFO: global_step=22836, episodic_return=-83.48159790039062
2022-11-15 06:45:52,703 - INFO: global_step=22911, episodic_return=-187.428466796875
2022-11-15 06:45:52,742 - INFO: global_step=23016, episodic_return=15.9193115234375
2022-11-15 06:45:52,783 - INFO: global_step=23116, episodic_return=-138.99188232421875
2022-11-15 06:45:52,815 - INFO: global_step=23198, episodic_return=-63.43731689453125
2022-11-15 06:45:52,886 - INFO: global_step=23354, episodic_return=-62.636688232421875
2022-11-15 06:45:52,922 - INFO: global_step=23445, episodic_return=-42.8336181640625
2022-11-15 06:45:52,969 - INFO: global_step=23543, episodic_return=-89.91851806640625
2022-11-15 06:45:53,045 - INFO: global_step=23699, episodic_return=-142.384521484375
2022-11-15 06:45:53,131 - INFO: global_step=23840, episodic_return=-101.85736083984375
2022-11-15 06:45:53,163 - INFO: global_step=23908, episodic_return=-124.68666076660156
2022-11-15 06:45:53,216 - INFO: global_step=24014, episodic_return=-143.98934936523438
2022-11-15 06:45:53,258 - INFO: global_step=24109, episodic_return=-105.56439971923828
2022-11-15 06:45:53,330 - INFO: global_step=24214, episodic_return=-177.30555725097656
2022-11-15 06:45:53,387 - INFO: global_step=24303, episodic_return=-116.78665924072266
2022-11-15 06:45:53,451 - INFO: global_step=24441, episodic_return=-123.52267456054688
2022-11-15 06:45:53,537 - INFO: global_step=24574, episodic_return=-185.8878173828125
2022-11-15 06:45:53,638 - INFO: global_step=24724, episodic_return=-24.699630737304688
2022-11-15 06:45:53,692 - INFO: global_step=24818, episodic_return=-102.21666717529297
2022-11-15 06:45:53,810 - INFO: global_step=25007, episodic_return=-214.81155395507812
2022-11-15 06:45:53,857 - INFO: global_step=25119, episodic_return=-59.54640197753906
2022-11-15 06:45:53,910 - INFO: global_step=25234, episodic_return=-91.05775451660156
2022-11-15 06:45:53,938 - INFO: global_step=25308, episodic_return=-150.1032257080078
2022-11-15 06:45:54,000 - INFO: global_step=25418, episodic_return=7.5198516845703125
2022-11-15 06:45:54,052 - INFO: global_step=25525, episodic_return=-43.03774642944336
2022-11-15 06:45:54,081 - INFO: global_step=25596, episodic_return=-195.79884338378906
2022-11-15 06:45:54,129 - INFO: global_step=25702, episodic_return=-121.73314666748047
2022-11-15 06:45:54,187 - INFO: global_step=25831, episodic_return=-42.20467758178711
2022-11-15 06:45:54,228 - INFO: global_step=25918, episodic_return=-68.27536010742188
2022-11-15 06:45:54,261 - INFO: global_step=26004, episodic_return=-49.54697799682617
2022-11-15 06:45:54,315 - INFO: global_step=26105, episodic_return=-69.93145751953125
2022-11-15 06:45:54,377 - INFO: global_step=26209, episodic_return=-156.54214477539062
2022-11-15 06:45:54,431 - INFO: global_step=26332, episodic_return=-30.50745391845703
2022-11-15 06:45:54,474 - INFO: global_step=26449, episodic_return=-106.94215393066406
2022-11-15 06:45:54,539 - INFO: global_step=26593, episodic_return=-5.819267272949219
2022-11-15 06:45:54,577 - INFO: global_step=26694, episodic_return=-113.29669952392578
2022-11-15 06:45:54,613 - INFO: global_step=26782, episodic_return=-102.14108276367188
2022-11-15 06:45:54,654 - INFO: global_step=26894, episodic_return=-86.95625305175781
2022-11-15 06:45:55,742 - INFO: global_step=27894, episodic_return=68.0911636352539
2022-11-15 06:45:55,781 - INFO: global_step=27994, episodic_return=-12.606246948242188
2022-11-15 06:45:55,827 - INFO: global_step=28115, episodic_return=-99.06458282470703
2022-11-15 06:45:55,870 - INFO: global_step=28220, episodic_return=-63.53040313720703
2022-11-15 06:45:55,925 - INFO: global_step=28336, episodic_return=-74.78146362304688
2022-11-15 06:45:56,022 - INFO: global_step=28493, episodic_return=-42.667266845703125
2022-11-15 06:45:56,105 - INFO: global_step=28621, episodic_return=-111.32767486572266
2022-11-15 06:45:56,144 - INFO: global_step=28719, episodic_return=-76.29818725585938
2022-11-15 06:45:56,198 - INFO: global_step=28843, episodic_return=-24.002578735351562
2022-11-15 06:45:56,245 - INFO: global_step=28958, episodic_return=-111.97200012207031
2022-11-15 06:45:56,304 - INFO: global_step=29061, episodic_return=-147.48304748535156
2022-11-15 06:45:56,355 - INFO: global_step=29183, episodic_return=2.7720565795898438
2022-11-15 06:45:56,397 - INFO: global_step=29284, episodic_return=-29.227210998535156
2022-11-15 06:45:56,449 - INFO: global_step=29408, episodic_return=11.964393615722656
2022-11-15 06:45:56,503 - INFO: global_step=29538, episodic_return=14.711387634277344
2022-11-15 06:45:56,545 - INFO: global_step=29631, episodic_return=-74.43576049804688
2022-11-15 06:45:56,611 - INFO: global_step=29767, episodic_return=-70.03237915039062
2022-11-15 06:45:56,647 - INFO: global_step=29853, episodic_return=-84.19864654541016
2022-11-15 06:45:56,691 - INFO: global_step=29968, episodic_return=-169.7685546875
2022-11-15 06:45:56,787 - INFO: global_step=30176, episodic_return=13.675407409667969
2022-11-15 06:45:56,852 - INFO: global_step=30324, episodic_return=-92.05364990234375
2022-11-15 06:45:56,922 - INFO: global_step=30490, episodic_return=-32.14031982421875
2022-11-15 06:45:56,977 - INFO: global_step=30622, episodic_return=-48.05469512939453
2022-11-15 06:45:57,021 - INFO: global_step=30728, episodic_return=-74.36529541015625
2022-11-15 06:45:57,093 - INFO: global_step=30855, episodic_return=-107.89568328857422
2022-11-15 06:45:57,166 - INFO: global_step=30996, episodic_return=-37.08009338378906
2022-11-15 06:45:57,234 - INFO: global_step=31124, episodic_return=-31.54460906982422
2022-11-15 06:45:57,278 - INFO: global_step=31226, episodic_return=-89.2846908569336
2022-11-15 06:45:57,367 - INFO: global_step=31411, episodic_return=-32.951271057128906
2022-11-15 06:45:57,430 - INFO: global_step=31548, episodic_return=-163.48304748535156
2022-11-15 06:45:57,478 - INFO: global_step=31659, episodic_return=-54.03167724609375
2022-11-15 06:45:57,532 - INFO: global_step=31771, episodic_return=-95.7366714477539
2022-11-15 06:45:57,586 - INFO: global_step=31891, episodic_return=-52.78615951538086
2022-11-15 06:45:57,646 - INFO: global_step=31975, episodic_return=-160.54736328125
2022-11-15 06:45:57,703 - INFO: global_step=32093, episodic_return=-81.63510131835938
2022-11-15 06:45:57,799 - INFO: global_step=32249, episodic_return=-40.73125076293945
2022-11-15 06:45:57,846 - INFO: global_step=32341, episodic_return=-150.50308227539062
2022-11-15 06:45:57,920 - INFO: global_step=32495, episodic_return=-130.41998291015625
2022-11-15 06:45:58,002 - INFO: global_step=32641, episodic_return=-17.71607208251953
2022-11-15 06:45:58,043 - INFO: global_step=32729, episodic_return=-119.06488037109375
2022-11-15 06:45:58,107 - INFO: global_step=32863, episodic_return=-104.51496887207031
2022-11-15 06:45:58,181 - INFO: global_step=33014, episodic_return=-39.41674041748047
2022-11-15 06:45:58,248 - INFO: global_step=33128, episodic_return=-48.32879638671875
2022-11-15 06:45:58,327 - INFO: global_step=33301, episodic_return=-69.8017349243164
2022-11-15 06:45:58,363 - INFO: global_step=33391, episodic_return=-102.47026062011719
2022-11-15 06:45:58,428 - INFO: global_step=33526, episodic_return=-256.76806640625
2022-11-15 06:45:59,675 - INFO: global_step=34526, episodic_return=18.883716583251953
2022-11-15 06:45:59,717 - INFO: global_step=34618, episodic_return=-84.88221740722656
2022-11-15 06:45:59,780 - INFO: global_step=34736, episodic_return=-157.75503540039062
2022-11-15 06:46:01,223 - INFO: global_step=35736, episodic_return=-49.98936462402344
2022-11-15 06:46:01,297 - INFO: global_step=35889, episodic_return=-45.19077682495117
2022-11-15 06:46:01,361 - INFO: global_step=36019, episodic_return=-42.39772033691406
2022-11-15 06:46:01,399 - INFO: global_step=36100, episodic_return=-48.319393157958984
2022-11-15 06:46:01,501 - INFO: global_step=36292, episodic_return=-88.87799072265625
2022-11-15 06:46:01,555 - INFO: global_step=36402, episodic_return=-65.53303527832031
2022-11-15 06:46:01,627 - INFO: global_step=36551, episodic_return=-186.93235778808594
2022-11-15 06:46:01,713 - INFO: global_step=36719, episodic_return=-2.534271240234375
2022-11-15 06:46:01,748 - INFO: global_step=36798, episodic_return=-66.12651824951172
2022-11-15 06:46:01,815 - INFO: global_step=36894, episodic_return=-241.1551971435547
2022-11-15 06:46:01,948 - INFO: global_step=37091, episodic_return=-9.3515625
2022-11-15 06:46:01,993 - INFO: global_step=37181, episodic_return=-46.33213806152344
2022-11-15 06:46:02,064 - INFO: global_step=37329, episodic_return=-23.246627807617188
2022-11-15 06:46:02,128 - INFO: global_step=37443, episodic_return=-18.386825561523438
2022-11-15 06:46:02,203 - INFO: global_step=37570, episodic_return=-141.96188354492188
2022-11-15 06:46:02,288 - INFO: global_step=37694, episodic_return=-79.54623413085938
2022-11-15 06:46:02,359 - INFO: global_step=37827, episodic_return=-255.76881408691406
2022-11-15 06:46:02,426 - INFO: global_step=37957, episodic_return=-254.6855926513672
2022-11-15 06:46:02,485 - INFO: global_step=38082, episodic_return=-5.0394439697265625
2022-11-15 06:46:02,529 - INFO: global_step=38184, episodic_return=2.1658554077148438
2022-11-15 06:46:02,721 - INFO: global_step=38484, episodic_return=-77.82499694824219
2022-11-15 06:46:02,897 - INFO: global_step=38734, episodic_return=-32.9755859375
2022-11-15 06:46:02,979 - INFO: global_step=38894, episodic_return=-229.43618774414062
2022-11-15 06:46:03,020 - INFO: global_step=38986, episodic_return=-82.40451049804688
2022-11-15 06:46:03,076 - INFO: global_step=39087, episodic_return=-101.242431640625
2022-11-15 06:46:03,130 - INFO: global_step=39168, episodic_return=-93.47473907470703
2022-11-15 06:46:03,178 - INFO: global_step=39276, episodic_return=-162.85592651367188
2022-11-15 06:46:03,256 - INFO: global_step=39404, episodic_return=-10.826316833496094
2022-11-15 06:46:03,306 - INFO: global_step=39522, episodic_return=-126.59024810791016
2022-11-15 06:46:03,344 - INFO: global_step=39607, episodic_return=-76.20747375488281
2022-11-15 06:46:03,399 - INFO: global_step=39731, episodic_return=-59.38591003417969
2022-11-15 06:46:03,461 - INFO: global_step=39868, episodic_return=-47.12091827392578
2022-11-15 06:46:03,527 - INFO: global_step=40001, episodic_return=-13.721488952636719
2022-11-15 06:46:03,601 - INFO: global_step=40168, episodic_return=-61.54096603393555
2022-11-15 06:46:03,732 - INFO: global_step=40377, episodic_return=-1.0342636108398438
2022-11-15 06:46:03,781 - INFO: global_step=40464, episodic_return=-120.10307312011719
2022-11-15 06:46:04,971 - INFO: global_step=41464, episodic_return=24.730310440063477
2022-11-15 06:46:05,018 - INFO: global_step=41561, episodic_return=-11.877044677734375
2022-11-15 06:46:05,133 - INFO: global_step=41718, episodic_return=-40.20579528808594
2022-11-15 06:46:05,285 - INFO: global_step=41924, episodic_return=-35.659461975097656
2022-11-15 06:46:05,355 - INFO: global_step=42062, episodic_return=-87.75714111328125
2022-11-15 06:46:05,440 - INFO: global_step=42199, episodic_return=-11.477035522460938
2022-11-15 06:46:05,506 - INFO: global_step=42337, episodic_return=-77.72698211669922
2022-11-15 06:46:05,609 - INFO: global_step=42525, episodic_return=-205.57369995117188
2022-11-15 06:46:05,737 - INFO: global_step=42723, episodic_return=-90.05052185058594
2022-11-15 06:46:05,840 - INFO: global_step=42870, episodic_return=-40.44921112060547
2022-11-15 06:46:05,930 - INFO: global_step=43022, episodic_return=-63.86477279663086
2022-11-15 06:46:05,996 - INFO: global_step=43143, episodic_return=-53.674842834472656
2022-11-15 06:46:06,081 - INFO: global_step=43292, episodic_return=0.5393753051757812
2022-11-15 06:46:06,149 - INFO: global_step=43427, episodic_return=-70.08161163330078
2022-11-15 06:46:07,066 - INFO: global_step=44109, episodic_return=-62.4614143371582
2022-11-15 06:46:07,183 - INFO: global_step=44302, episodic_return=-19.793350219726562
2022-11-15 06:46:07,222 - INFO: global_step=44385, episodic_return=-58.9876594543457
2022-11-15 06:46:07,275 - INFO: global_step=44491, episodic_return=-117.9483642578125
2022-11-15 06:46:07,321 - INFO: global_step=44589, episodic_return=-110.9659652709961
2022-11-15 06:46:07,430 - INFO: global_step=44785, episodic_return=-1.0967025756835938
2022-11-15 06:46:07,487 - INFO: global_step=44901, episodic_return=-203.41094970703125
2022-11-15 06:46:07,536 - INFO: global_step=45009, episodic_return=-25.399864196777344
2022-11-15 06:46:07,590 - INFO: global_step=45133, episodic_return=-108.74813079833984
2022-11-15 06:46:07,630 - INFO: global_step=45227, episodic_return=-49.00095748901367
2022-11-15 06:46:07,795 - INFO: global_step=45504, episodic_return=-115.14440155029297
2022-11-15 06:46:07,868 - INFO: global_step=45619, episodic_return=-21.835693359375
2022-11-15 06:46:07,948 - INFO: global_step=45738, episodic_return=-120.43474578857422
2022-11-15 06:46:07,997 - INFO: global_step=45837, episodic_return=-60.102081298828125
2022-11-15 06:46:08,041 - INFO: global_step=45935, episodic_return=-63.41482925415039
2022-11-15 06:46:08,124 - INFO: global_step=46107, episodic_return=-49.1331901550293
2022-11-15 06:46:08,216 - INFO: global_step=46294, episodic_return=-9.566024780273438
2022-11-15 06:46:08,388 - INFO: global_step=46558, episodic_return=-24.208030700683594
2022-11-15 06:46:08,526 - INFO: global_step=46817, episodic_return=2.5560379028320312
2022-11-15 06:46:09,017 - INFO: global_step=47414, episodic_return=-58.19496154785156
2022-11-15 06:46:09,078 - INFO: global_step=47546, episodic_return=-74.59981536865234
2022-11-15 06:46:09,154 - INFO: global_step=47691, episodic_return=-39.70514678955078
2022-11-15 06:46:10,571 - INFO: global_step=48691, episodic_return=37.200538635253906
2022-11-15 06:46:10,649 - INFO: global_step=48839, episodic_return=12.980514526367188
2022-11-15 06:46:10,718 - INFO: global_step=48966, episodic_return=26.1065673828125
2022-11-15 06:46:10,832 - INFO: global_step=49157, episodic_return=-59.787227630615234
2022-11-15 06:46:11,012 - INFO: global_step=49437, episodic_return=-65.3167724609375
2022-11-15 06:46:12,609 - INFO: global_step=50437, episodic_return=-39.13188934326172
2022-11-15 06:46:12,702 - INFO: global_step=50591, episodic_return=-57.06157684326172
2022-11-15 06:46:12,882 - INFO: global_step=50861, episodic_return=-58.984161376953125
2022-11-15 06:46:12,975 - INFO: global_step=51006, episodic_return=-114.22090911865234
2022-11-15 06:46:13,050 - INFO: global_step=51137, episodic_return=-35.721466064453125
2022-11-15 06:46:13,235 - INFO: global_step=51379, episodic_return=-215.14947509765625
2022-11-15 06:46:13,510 - INFO: global_step=51688, episodic_return=-94.92298126220703
2022-11-15 06:46:13,620 - INFO: global_step=51870, episodic_return=-6.678062438964844
2022-11-15 06:46:13,698 - INFO: global_step=52029, episodic_return=-9.378364562988281
2022-11-15 06:46:13,852 - INFO: global_step=52279, episodic_return=-25.07556915283203
2022-11-15 06:46:13,948 - INFO: global_step=52453, episodic_return=19.667457580566406
2022-11-15 06:46:14,122 - INFO: global_step=52689, episodic_return=-72.30973815917969
2022-11-15 06:46:14,229 - INFO: global_step=52869, episodic_return=-31.1776123046875
2022-11-15 06:46:14,450 - INFO: global_step=53205, episodic_return=-1.6556472778320312
2022-11-15 06:46:14,690 - INFO: global_step=53535, episodic_return=-58.112091064453125
2022-11-15 06:46:14,975 - INFO: global_step=53895, episodic_return=-29.640914916992188
2022-11-15 06:46:15,038 - INFO: global_step=54004, episodic_return=-65.23133850097656
2022-11-15 06:46:16,294 - INFO: global_step=54963, episodic_return=-503.15240478515625
2022-11-15 06:46:16,643 - INFO: global_step=55396, episodic_return=-166.11831665039062
2022-11-15 06:46:16,889 - INFO: global_step=55720, episodic_return=-75.64149475097656
2022-11-15 06:46:18,094 - INFO: global_step=56720, episodic_return=-19.436328887939453
2022-11-15 06:46:18,244 - INFO: global_step=56967, episodic_return=-62.23030471801758
2022-11-15 06:46:18,457 - INFO: global_step=57286, episodic_return=-86.54617309570312
2022-11-15 06:46:18,574 - INFO: global_step=57457, episodic_return=-55.78725051879883
2022-11-15 06:46:18,740 - INFO: global_step=57731, episodic_return=6.957000732421875
2022-11-15 06:46:18,786 - INFO: global_step=57820, episodic_return=8.436004638671875
2022-11-15 06:46:18,861 - INFO: global_step=57952, episodic_return=-70.6065902709961
2022-11-15 06:46:18,941 - INFO: global_step=58104, episodic_return=-15.420196533203125
2022-11-15 06:46:19,067 - INFO: global_step=58290, episodic_return=-12.458747863769531
2022-11-15 06:46:20,486 - INFO: global_step=59290, episodic_return=-4.320261001586914
2022-11-15 06:46:20,767 - INFO: global_step=59664, episodic_return=-46.53376388549805
2022-11-15 06:46:21,751 - INFO: global_step=60479, episodic_return=-326.62158203125
2022-11-15 06:46:23,149 - INFO: global_step=61479, episodic_return=58.10200119018555
2022-11-15 06:46:24,404 - INFO: global_step=62479, episodic_return=90.429443359375
2022-11-15 06:46:24,457 - INFO: global_step=62585, episodic_return=-72.48545837402344
2022-11-15 06:46:25,906 - INFO: global_step=63585, episodic_return=109.49485778808594
2022-11-15 06:46:27,451 - INFO: global_step=64585, episodic_return=82.4086685180664
2022-11-15 06:46:28,835 - INFO: global_step=65585, episodic_return=47.86174774169922
2022-11-15 06:46:30,404 - INFO: global_step=66585, episodic_return=101.57310485839844
2022-11-15 06:46:31,582 - INFO: global_step=67585, episodic_return=135.8646697998047
2022-11-15 06:46:32,945 - INFO: global_step=68585, episodic_return=114.62567138671875
2022-11-15 06:46:34,575 - INFO: global_step=69585, episodic_return=21.815479278564453
2022-11-15 06:46:36,140 - INFO: global_step=70585, episodic_return=-5.14154577255249
2022-11-15 06:46:37,459 - INFO: global_step=71585, episodic_return=-4.512026786804199
2022-11-15 06:46:38,143 - INFO: global_step=72137, episodic_return=-60.38966751098633
2022-11-15 06:46:39,615 - INFO: global_step=73137, episodic_return=48.51415252685547
2022-11-15 06:46:41,577 - INFO: global_step=74137, episodic_return=-23.75753402709961
2022-11-15 06:46:43,355 - INFO: global_step=75137, episodic_return=-128.27793884277344
2022-11-15 06:46:44,480 - INFO: global_step=76137, episodic_return=129.07749938964844
2022-11-15 06:46:45,935 - INFO: global_step=77137, episodic_return=-44.876808166503906
2022-11-15 06:46:47,678 - INFO: global_step=78137, episodic_return=77.36149597167969
2022-11-15 06:46:49,296 - INFO: global_step=79137, episodic_return=24.197742462158203
2022-11-15 06:46:50,899 - INFO: global_step=80137, episodic_return=54.81168746948242
2022-11-15 06:46:52,299 - INFO: global_step=81112, episodic_return=209.5535430908203
2022-11-15 06:46:53,892 - INFO: global_step=82112, episodic_return=-4.449777603149414
2022-11-15 06:46:55,370 - INFO: global_step=83067, episodic_return=241.16485595703125
2022-11-15 06:46:56,063 - INFO: global_step=83706, episodic_return=184.267578125
2022-11-15 06:46:57,293 - INFO: global_step=84706, episodic_return=124.1845703125
2022-11-15 06:46:58,234 - INFO: global_step=85501, episodic_return=188.89833068847656
2022-11-15 06:46:59,227 - INFO: global_step=86153, episodic_return=263.013671875
2022-11-15 06:47:00,553 - INFO: global_step=86993, episodic_return=216.093017578125
2022-11-15 06:47:01,762 - INFO: global_step=87993, episodic_return=-6.50704288482666
2022-11-15 06:47:02,510 - INFO: global_step=88590, episodic_return=138.04248046875
2022-11-15 06:47:03,651 - INFO: global_step=89407, episodic_return=143.3644256591797
2022-11-15 06:47:04,977 - INFO: global_step=90407, episodic_return=-44.6529426574707
2022-11-15 06:47:05,497 - INFO: global_step=90904, episodic_return=-83.48689270019531
2022-11-15 06:47:06,067 - INFO: global_step=91337, episodic_return=195.72543334960938
2022-11-15 06:47:07,037 - INFO: global_step=92038, episodic_return=239.65232849121094
2022-11-15 06:47:07,386 - INFO: global_step=92400, episodic_return=224.14382934570312
2022-11-15 06:47:08,643 - INFO: global_step=93400, episodic_return=79.6944351196289
2022-11-15 06:47:09,156 - INFO: global_step=93853, episodic_return=242.31410217285156
2022-11-15 06:47:09,937 - INFO: global_step=94433, episodic_return=178.66201782226562
2022-11-15 06:47:10,732 - INFO: global_step=95079, episodic_return=245.74851989746094
2022-11-15 06:47:11,447 - INFO: global_step=95717, episodic_return=200.39625549316406
2022-11-15 06:47:13,731 - INFO: global_step=96717, episodic_return=-14.263737678527832
2022-11-15 06:47:14,768 - INFO: global_step=97496, episodic_return=-145.095458984375
2022-11-15 06:47:16,204 - INFO: global_step=98496, episodic_return=-97.55110931396484
2022-11-15 06:47:17,665 - INFO: global_step=99496, episodic_return=-62.49940490722656
2022-11-15 06:47:19,592 - INFO: global_step=100496, episodic_return=-91.56743621826172
2022-11-15 06:47:21,144 - INFO: global_step=101496, episodic_return=-97.48200225830078
2022-11-15 06:47:22,750 - INFO: global_step=102496, episodic_return=-65.26473999023438
2022-11-15 06:47:25,107 - INFO: global_step=103472, episodic_return=90.51150512695312
2022-11-15 06:47:26,827 - INFO: global_step=104472, episodic_return=-80.995849609375
2022-11-15 06:47:28,278 - INFO: global_step=105472, episodic_return=-4.719203948974609
2022-11-15 06:47:30,227 - INFO: global_step=106472, episodic_return=-63.14984130859375
2022-11-15 06:47:32,494 - INFO: global_step=107472, episodic_return=-27.180580139160156
2022-11-15 06:47:34,477 - INFO: global_step=108472, episodic_return=-68.39509582519531
2022-11-15 06:47:35,822 - INFO: global_step=109472, episodic_return=-20.346506118774414
2022-11-15 06:47:37,735 - INFO: global_step=110472, episodic_return=-12.697895050048828
2022-11-15 06:47:39,226 - INFO: global_step=111472, episodic_return=-5.37186336517334
2022-11-15 06:47:40,464 - INFO: global_step=112472, episodic_return=-26.52189064025879
2022-11-15 06:47:41,980 - INFO: global_step=113472, episodic_return=-59.80888366699219
2022-11-15 06:47:44,092 - INFO: global_step=114472, episodic_return=-47.10380554199219
2022-11-15 06:47:45,328 - INFO: global_step=115472, episodic_return=-40.12039566040039
2022-11-15 06:47:46,561 - INFO: global_step=116406, episodic_return=88.0992660522461
2022-11-15 06:47:47,250 - INFO: global_step=117005, episodic_return=-101.6312484741211
2022-11-15 06:47:48,329 - INFO: global_step=117907, episodic_return=-436.1524963378906
2022-11-15 06:47:48,594 - INFO: global_step=118206, episodic_return=-359.72625732421875
2022-11-15 06:47:48,844 - INFO: global_step=118476, episodic_return=5.406349182128906
2022-11-15 06:47:49,034 - INFO: global_step=118719, episodic_return=-309.1266174316406
2022-11-15 06:47:50,735 - INFO: global_step=119719, episodic_return=-88.68083953857422
2022-11-15 06:47:52,222 - INFO: global_step=120719, episodic_return=-35.95684051513672
2022-11-15 06:47:54,460 - INFO: global_step=121719, episodic_return=-79.03131103515625
2022-11-15 06:47:56,036 - INFO: global_step=122719, episodic_return=-109.33274841308594
2022-11-15 06:47:57,507 - INFO: global_step=123719, episodic_return=-37.860355377197266
2022-11-15 06:47:59,048 - INFO: global_step=124719, episodic_return=-76.03022766113281
2022-11-15 06:48:00,561 - INFO: global_step=125719, episodic_return=-23.4975643157959
2022-11-15 06:48:02,033 - INFO: global_step=126719, episodic_return=-82.66317749023438
2022-11-15 06:48:03,925 - INFO: global_step=127719, episodic_return=-81.42877960205078
2022-11-15 06:48:05,520 - INFO: global_step=128719, episodic_return=-83.14835357666016
2022-11-15 06:48:07,880 - INFO: global_step=129719, episodic_return=-89.6530532836914
2022-11-15 06:48:09,921 - INFO: global_step=130719, episodic_return=-77.9888687133789
2022-11-15 06:48:11,170 - INFO: global_step=131312, episodic_return=174.9639892578125
2022-11-15 06:48:12,687 - INFO: global_step=132312, episodic_return=-123.99662017822266
2022-11-15 06:48:14,281 - INFO: global_step=133312, episodic_return=-34.510009765625
2022-11-15 06:48:15,308 - INFO: global_step=134019, episodic_return=-344.6593933105469
2022-11-15 06:48:17,084 - INFO: global_step=134928, episodic_return=-119.82135772705078
2022-11-15 06:48:17,187 - INFO: global_step=135100, episodic_return=-290.4080810546875
2022-11-15 06:48:17,379 - INFO: global_step=135337, episodic_return=13.38653564453125
2022-11-15 06:48:19,289 - INFO: global_step=136337, episodic_return=-56.851036071777344
2022-11-15 06:48:21,455 - INFO: global_step=137337, episodic_return=-83.04375457763672
2022-11-15 06:48:21,664 - INFO: global_step=137621, episodic_return=-351.0166320800781
2022-11-15 06:48:23,371 - INFO: global_step=138621, episodic_return=-56.7419548034668
2022-11-15 06:48:25,092 - INFO: global_step=139621, episodic_return=20.076492309570312
2022-11-15 06:48:27,156 - INFO: global_step=140621, episodic_return=27.491214752197266
2022-11-15 06:48:28,525 - INFO: global_step=141621, episodic_return=-86.1775894165039
2022-11-15 06:48:30,561 - INFO: global_step=142621, episodic_return=-83.26528930664062
2022-11-15 06:48:32,368 - INFO: global_step=143621, episodic_return=-98.37606048583984
2022-11-15 06:48:34,207 - INFO: global_step=144621, episodic_return=-86.36592102050781
2022-11-15 06:48:35,745 - INFO: global_step=145621, episodic_return=-78.86167907714844
2022-11-15 06:48:37,425 - INFO: global_step=146621, episodic_return=-27.010452270507812
2022-11-15 06:48:39,138 - INFO: global_step=147621, episodic_return=-103.25355529785156
2022-11-15 06:48:40,950 - INFO: global_step=148621, episodic_return=-102.3237075805664
2022-11-15 06:48:42,532 - INFO: global_step=149621, episodic_return=-67.64582061767578
2022-11-15 06:48:43,919 - INFO: global_step=150621, episodic_return=-98.83375549316406
2022-11-15 06:48:46,028 - INFO: global_step=151621, episodic_return=-135.53732299804688
2022-11-15 06:48:47,408 - INFO: global_step=152621, episodic_return=-123.488525390625
2022-11-15 06:48:48,675 - INFO: global_step=153621, episodic_return=-117.74465942382812
2022-11-15 06:48:50,539 - INFO: global_step=154621, episodic_return=-94.634033203125
2022-11-15 06:48:52,172 - INFO: global_step=155621, episodic_return=-88.48775482177734
2022-11-15 06:48:53,629 - INFO: global_step=156621, episodic_return=-91.65724182128906
2022-11-15 06:48:55,029 - INFO: global_step=157621, episodic_return=-76.673095703125
2022-11-15 06:48:56,653 - INFO: global_step=158621, episodic_return=-119.98456573486328
2022-11-15 06:48:58,363 - INFO: global_step=159621, episodic_return=-109.49143981933594
2022-11-15 06:49:00,026 - INFO: global_step=160621, episodic_return=-92.96083068847656
2022-11-15 06:49:02,024 - INFO: global_step=161621, episodic_return=-142.04388427734375
2022-11-15 06:49:03,731 - INFO: global_step=162621, episodic_return=-148.62124633789062
2022-11-15 06:49:04,420 - INFO: global_step=163243, episodic_return=-396.6931457519531
2022-11-15 06:49:06,043 - INFO: global_step=164243, episodic_return=-116.13834381103516
2022-11-15 06:49:08,479 - INFO: global_step=165243, episodic_return=-15.892952919006348
2022-11-15 06:49:08,727 - INFO: global_step=165541, episodic_return=-171.87286376953125
2022-11-15 06:49:08,837 - INFO: global_step=165703, episodic_return=-326.9317626953125
2022-11-15 06:49:09,104 - INFO: global_step=165995, episodic_return=-216.62002563476562
2022-11-15 06:49:09,321 - INFO: global_step=166269, episodic_return=10.392250061035156
2022-11-15 06:49:09,503 - INFO: global_step=166482, episodic_return=-231.6988067626953
2022-11-15 06:49:10,179 - INFO: global_step=167106, episodic_return=233.63023376464844
2022-11-15 06:49:10,295 - INFO: global_step=167279, episodic_return=15.791152954101562
2022-11-15 06:49:11,856 - INFO: global_step=168279, episodic_return=30.215776443481445
2022-11-15 06:49:12,035 - INFO: global_step=168511, episodic_return=-171.39935302734375
2022-11-15 06:49:12,738 - INFO: global_step=169124, episodic_return=212.4672088623047
2022-11-15 06:49:14,058 - INFO: global_step=170124, episodic_return=-14.179367065429688
2022-11-15 06:49:15,300 - INFO: global_step=170948, episodic_return=123.07923126220703
2022-11-15 06:49:16,428 - INFO: global_step=171734, episodic_return=141.21517944335938
2022-11-15 06:49:18,446 - INFO: global_step=172734, episodic_return=-85.43661499023438
2022-11-15 06:49:18,783 - INFO: global_step=173105, episodic_return=257.9561462402344
2022-11-15 06:49:20,055 - INFO: global_step=173884, episodic_return=129.27487182617188
2022-11-15 06:49:21,615 - INFO: global_step=174884, episodic_return=-65.71147918701172
2022-11-15 06:49:23,352 - INFO: global_step=175884, episodic_return=-22.23206329345703
2022-11-15 06:49:24,967 - INFO: global_step=176884, episodic_return=-57.89813232421875
2022-11-15 06:49:26,249 - INFO: global_step=177884, episodic_return=-95.40696716308594
2022-11-15 06:49:27,405 - INFO: global_step=178727, episodic_return=206.20205688476562
2022-11-15 06:49:27,781 - INFO: global_step=179112, episodic_return=265.577880859375
2022-11-15 06:49:28,251 - INFO: global_step=179514, episodic_return=236.1066131591797
2022-11-15 06:49:28,434 - INFO: global_step=179736, episodic_return=-262.3365478515625
2022-11-15 06:49:28,796 - INFO: global_step=180111, episodic_return=-126.07147216796875
2022-11-15 06:49:29,404 - INFO: global_step=180648, episodic_return=154.12249755859375
2022-11-15 06:49:29,569 - INFO: global_step=180827, episodic_return=3.1023712158203125
2022-11-15 06:49:30,775 - INFO: global_step=181748, episodic_return=87.2020034790039
2022-11-15 06:49:32,657 - INFO: global_step=182748, episodic_return=-75.6545639038086
2022-11-15 06:49:34,527 - INFO: global_step=183748, episodic_return=-70.36701965332031
2022-11-15 06:49:36,339 - INFO: global_step=184748, episodic_return=-64.49930572509766
2022-11-15 06:49:36,598 - INFO: global_step=185001, episodic_return=-134.25286865234375
2022-11-15 06:49:38,173 - INFO: global_step=185781, episodic_return=153.3220672607422
2022-11-15 06:49:38,982 - INFO: global_step=186421, episodic_return=254.23052978515625
2022-11-15 06:49:40,793 - INFO: global_step=187372, episodic_return=189.31048583984375
2022-11-15 06:49:41,503 - INFO: global_step=187676, episodic_return=-26.726158142089844
2022-11-15 06:49:41,688 - INFO: global_step=187842, episodic_return=-24.668846130371094
2022-11-15 06:49:41,839 - INFO: global_step=187997, episodic_return=-3.9429092407226562
2022-11-15 06:49:41,918 - INFO: global_step=188084, episodic_return=-4.745521545410156
2022-11-15 06:49:42,125 - INFO: global_step=188304, episodic_return=-143.7986602783203
2022-11-15 06:49:42,225 - INFO: global_step=188445, episodic_return=26.728240966796875
2022-11-15 06:49:42,291 - INFO: global_step=188549, episodic_return=53.926361083984375
2022-11-15 06:49:43,127 - INFO: global_step=189294, episodic_return=-88.1204833984375
2022-11-15 06:49:44,312 - INFO: global_step=190226, episodic_return=-317.2684631347656
2022-11-15 06:49:45,786 - INFO: global_step=191226, episodic_return=12.629055976867676
2022-11-15 06:49:47,188 - INFO: global_step=192226, episodic_return=-24.50078010559082
2022-11-15 06:49:47,607 - INFO: global_step=192624, episodic_return=224.61793518066406
2022-11-15 06:49:49,783 - INFO: global_step=193624, episodic_return=-104.97530364990234
2022-11-15 06:49:51,556 - INFO: global_step=194624, episodic_return=-59.08693313598633
2022-11-15 06:49:52,692 - INFO: global_step=195624, episodic_return=-125.50997924804688
2022-11-15 06:49:54,268 - INFO: global_step=196624, episodic_return=-69.81522369384766
2022-11-15 06:49:55,841 - INFO: global_step=197624, episodic_return=-108.98429870605469
2022-11-15 06:49:57,491 - INFO: global_step=198624, episodic_return=82.90559387207031
2022-11-15 06:49:57,864 - INFO: global_step=199004, episodic_return=-179.67782592773438
2022-11-15 06:49:59,558 - INFO: global_step=200004, episodic_return=-145.58921813964844
2022-11-15 06:50:01,172 - INFO: global_step=201004, episodic_return=-37.70068359375
2022-11-15 06:50:02,728 - INFO: global_step=202004, episodic_return=-85.28577423095703
2022-11-15 06:50:04,177 - INFO: global_step=203004, episodic_return=-84.3314437866211
2022-11-15 06:50:05,542 - INFO: global_step=204004, episodic_return=161.03262329101562
2022-11-15 06:50:07,237 - INFO: global_step=205004, episodic_return=97.56739044189453
2022-11-15 06:50:09,200 - INFO: global_step=206004, episodic_return=59.51827621459961
2022-11-15 06:50:10,917 - INFO: global_step=207004, episodic_return=-42.608306884765625
2022-11-15 06:50:12,097 - INFO: global_step=207866, episodic_return=242.3697967529297
2022-11-15 06:50:13,807 - INFO: global_step=208866, episodic_return=103.72499084472656
2022-11-15 06:50:14,125 - INFO: global_step=209230, episodic_return=-226.37586975097656
2022-11-15 06:50:14,903 - INFO: global_step=209896, episodic_return=189.36520385742188
2022-11-15 06:50:16,234 - INFO: global_step=210792, episodic_return=-212.688720703125
2022-11-15 06:50:17,793 - INFO: global_step=211700, episodic_return=-237.80770874023438
2022-11-15 06:50:17,995 - INFO: global_step=211919, episodic_return=15.599342346191406
2022-11-15 06:50:20,198 - INFO: global_step=212919, episodic_return=-71.5129623413086
2022-11-15 06:50:20,905 - INFO: global_step=213381, episodic_return=250.06796264648438
2022-11-15 06:50:22,452 - INFO: global_step=214381, episodic_return=-30.385129928588867
2022-11-15 06:50:23,855 - INFO: global_step=215381, episodic_return=-80.60614776611328
2022-11-15 06:50:25,465 - INFO: global_step=216381, episodic_return=-98.06178283691406
2022-11-15 06:50:27,978 - INFO: global_step=217381, episodic_return=-71.41201782226562
2022-11-15 06:50:30,024 - INFO: global_step=218381, episodic_return=-81.88893127441406
2022-11-15 06:50:32,109 - INFO: global_step=219381, episodic_return=-68.25704956054688
2022-11-15 06:50:33,677 - INFO: global_step=220381, episodic_return=-48.82548141479492
2022-11-15 06:50:35,199 - INFO: global_step=221381, episodic_return=-125.83721160888672
2022-11-15 06:50:37,260 - INFO: global_step=222381, episodic_return=-38.859107971191406
2022-11-15 06:50:38,447 - INFO: global_step=223381, episodic_return=-5.536638259887695
2022-11-15 06:50:39,898 - INFO: global_step=224381, episodic_return=-47.26976776123047
2022-11-15 06:50:41,839 - INFO: global_step=225381, episodic_return=-16.656843185424805
2022-11-15 06:50:43,842 - INFO: global_step=226381, episodic_return=-115.74633026123047
2022-11-15 06:50:45,228 - INFO: global_step=227381, episodic_return=-58.492027282714844
2022-11-15 06:50:45,456 - INFO: global_step=227656, episodic_return=-153.632080078125
2022-11-15 06:50:47,162 - INFO: global_step=228656, episodic_return=-23.188180923461914
2022-11-15 06:50:49,190 - INFO: global_step=229656, episodic_return=-96.63125610351562
2022-11-15 06:50:50,852 - INFO: global_step=230656, episodic_return=-55.50489044189453
2022-11-15 06:50:52,693 - INFO: global_step=231656, episodic_return=-115.66764831542969
2022-11-15 06:50:54,448 - INFO: global_step=232656, episodic_return=-77.22431945800781
2022-11-15 06:50:55,963 - INFO: global_step=233656, episodic_return=-66.71820068359375
2022-11-15 06:50:57,789 - INFO: global_step=234656, episodic_return=-51.13579177856445
2022-11-15 06:50:59,834 - INFO: global_step=235656, episodic_return=-105.00943756103516
2022-11-15 06:51:01,837 - INFO: global_step=236656, episodic_return=38.81468963623047
2022-11-15 06:51:03,224 - INFO: global_step=237656, episodic_return=-82.09810638427734
2022-11-15 06:51:05,694 - INFO: global_step=238656, episodic_return=-93.60353088378906
2022-11-15 06:51:07,922 - INFO: global_step=239656, episodic_return=-125.60009002685547
2022-11-15 06:51:09,838 - INFO: global_step=240656, episodic_return=-116.62554931640625
2022-11-15 06:51:10,915 - INFO: global_step=241276, episodic_return=230.9174041748047
2022-11-15 06:51:11,932 - INFO: global_step=241816, episodic_return=-246.34095764160156
2022-11-15 06:51:12,509 - INFO: global_step=242267, episodic_return=0.6201019287109375
2022-11-15 06:51:14,714 - INFO: global_step=243267, episodic_return=-89.6837158203125
2022-11-15 06:51:16,623 - INFO: global_step=244267, episodic_return=-112.00497436523438
2022-11-15 06:51:18,391 - INFO: global_step=245267, episodic_return=-46.87588882446289
2022-11-15 06:51:18,674 - INFO: global_step=245549, episodic_return=-52.37135314941406
2022-11-15 06:51:20,151 - INFO: global_step=246549, episodic_return=-146.34532165527344
2022-11-15 06:51:21,452 - INFO: global_step=247549, episodic_return=-51.32896423339844
2022-11-15 06:51:23,049 - INFO: global_step=248549, episodic_return=-123.8218765258789
2022-11-15 06:51:24,718 - INFO: global_step=249549, episodic_return=-104.59931945800781
2022-11-15 06:51:26,810 - INFO: global_step=250549, episodic_return=-114.7406005859375
2022-11-15 06:51:28,086 - INFO: global_step=251549, episodic_return=-118.1795654296875
2022-11-15 06:51:29,639 - INFO: global_step=252549, episodic_return=-68.54695892333984
2022-11-15 06:51:31,257 - INFO: global_step=253549, episodic_return=-75.47877502441406
2022-11-15 06:51:32,743 - INFO: global_step=254549, episodic_return=-63.57627487182617
2022-11-15 06:51:34,308 - INFO: global_step=255549, episodic_return=-108.86677551269531
2022-11-15 06:51:36,044 - INFO: global_step=256549, episodic_return=-38.94577407836914
2022-11-15 06:51:38,392 - INFO: global_step=257549, episodic_return=-85.83393859863281
2022-11-15 06:51:40,289 - INFO: global_step=258549, episodic_return=-132.89605712890625
2022-11-15 06:51:42,051 - INFO: global_step=259549, episodic_return=-81.72209167480469
2022-11-15 06:51:44,267 - INFO: global_step=260549, episodic_return=-93.11825561523438
2022-11-15 06:51:45,091 - INFO: global_step=261244, episodic_return=153.19918823242188
2022-11-15 06:51:46,115 - INFO: global_step=261915, episodic_return=-62.56260299682617
2022-11-15 06:51:46,332 - INFO: global_step=262195, episodic_return=-193.5145263671875
2022-11-15 06:51:48,480 - INFO: global_step=263195, episodic_return=-56.71950149536133
2022-11-15 06:51:49,852 - INFO: global_step=264195, episodic_return=-80.20841979980469
2022-11-15 06:51:51,395 - INFO: global_step=265195, episodic_return=-115.58113098144531
2022-11-15 06:51:53,486 - INFO: global_step=266195, episodic_return=-122.23632049560547
2022-11-15 06:51:54,839 - INFO: global_step=267153, episodic_return=162.09690856933594
2022-11-15 06:51:56,245 - INFO: global_step=268153, episodic_return=-83.93489837646484
2022-11-15 06:51:57,962 - INFO: global_step=269153, episodic_return=-131.00076293945312
2022-11-15 06:51:59,935 - INFO: global_step=270153, episodic_return=-107.07630157470703
2022-11-15 06:52:01,982 - INFO: global_step=271153, episodic_return=-137.92613220214844
2022-11-15 06:52:03,872 - INFO: global_step=272153, episodic_return=-48.105186462402344
2022-11-15 06:52:04,812 - INFO: global_step=272859, episodic_return=230.32786560058594
2022-11-15 06:52:06,632 - INFO: global_step=273859, episodic_return=-91.66231536865234
2022-11-15 06:52:08,536 - INFO: global_step=274859, episodic_return=-73.48783111572266
2022-11-15 06:52:09,768 - INFO: global_step=275859, episodic_return=-51.34309768676758
2022-11-15 06:52:10,347 - INFO: global_step=276398, episodic_return=232.29685974121094
2022-11-15 06:52:12,473 - INFO: global_step=277398, episodic_return=-138.2504425048828
2022-11-15 06:52:13,358 - INFO: global_step=278105, episodic_return=264.5511474609375
2022-11-15 06:52:14,871 - INFO: global_step=279105, episodic_return=-110.25872802734375
2022-11-15 06:52:15,602 - INFO: global_step=279684, episodic_return=196.70863342285156
2022-11-15 06:52:17,644 - INFO: global_step=280684, episodic_return=-61.973243713378906
2022-11-15 06:52:19,135 - INFO: global_step=281684, episodic_return=-38.54453659057617
2022-11-15 06:52:20,954 - INFO: global_step=282684, episodic_return=-52.79465103149414
2022-11-15 06:52:22,242 - INFO: global_step=283684, episodic_return=-80.59783172607422
2022-11-15 06:52:23,870 - INFO: global_step=284684, episodic_return=-50.86872863769531
2022-11-15 06:52:25,861 - INFO: global_step=285684, episodic_return=-121.8919677734375
2022-11-15 06:52:27,503 - INFO: global_step=286684, episodic_return=-105.07986450195312
2022-11-15 06:52:29,854 - INFO: global_step=287684, episodic_return=-66.19486999511719
2022-11-15 06:52:31,451 - INFO: global_step=288684, episodic_return=-152.25437927246094
2022-11-15 06:52:33,359 - INFO: global_step=289684, episodic_return=-58.85960388183594
2022-11-15 06:52:34,765 - INFO: global_step=290684, episodic_return=-118.99930572509766
2022-11-15 06:52:35,264 - INFO: global_step=291062, episodic_return=268.474609375
2022-11-15 06:52:36,807 - INFO: global_step=292062, episodic_return=-111.59209442138672
2022-11-15 06:52:37,012 - INFO: global_step=292310, episodic_return=-82.40046691894531
2022-11-15 06:52:37,379 - INFO: global_step=292616, episodic_return=-30.168075561523438
2022-11-15 06:52:38,151 - INFO: global_step=293292, episodic_return=-305.0666809082031
2022-11-15 06:52:38,612 - INFO: global_step=293701, episodic_return=-12.813385009765625
2022-11-15 06:52:39,146 - INFO: global_step=294215, episodic_return=-93.97406768798828
2022-11-15 06:52:39,599 - INFO: global_step=294625, episodic_return=205.05838012695312
2022-11-15 06:52:41,234 - INFO: global_step=295462, episodic_return=139.98931884765625
2022-11-15 06:52:43,745 - INFO: global_step=296462, episodic_return=37.63728713989258
2022-11-15 06:52:45,310 - INFO: global_step=297462, episodic_return=-105.74529266357422
2022-11-15 06:52:46,315 - INFO: global_step=298058, episodic_return=186.35513305664062
2022-11-15 06:52:47,604 - INFO: global_step=298751, episodic_return=147.40330505371094
2022-11-15 06:52:49,309 - INFO: global_step=299751, episodic_return=-132.20164489746094
2022-11-15 06:52:50,023 - INFO: global_step=300206, episodic_return=241.19668579101562
2022-11-15 06:52:50,697 - INFO: global_step=300730, episodic_return=194.61312866210938
2022-11-15 06:52:51,162 - INFO: global_step=301180, episodic_return=178.71185302734375
2022-11-15 06:52:52,079 - INFO: global_step=301846, episodic_return=210.0955810546875
2022-11-15 06:52:52,733 - INFO: global_step=302398, episodic_return=-77.6958999633789
2022-11-15 06:52:52,851 - INFO: global_step=302559, episodic_return=-218.50155639648438
2022-11-15 06:52:54,655 - INFO: global_step=303559, episodic_return=-109.67301940917969
2022-11-15 06:52:55,257 - INFO: global_step=304075, episodic_return=-242.70693969726562
2022-11-15 06:52:55,513 - INFO: global_step=304331, episodic_return=-48.57866287231445
2022-11-15 06:52:55,829 - INFO: global_step=304636, episodic_return=-163.7300567626953
2022-11-15 06:52:56,353 - INFO: global_step=305045, episodic_return=168.89212036132812
2022-11-15 06:52:58,205 - INFO: global_step=306045, episodic_return=-11.709383010864258
2022-11-15 06:53:00,213 - INFO: global_step=307045, episodic_return=-47.48094177246094
2022-11-15 06:53:02,195 - INFO: global_step=308045, episodic_return=-115.6058349609375
2022-11-15 06:53:04,182 - INFO: global_step=309045, episodic_return=-44.02556228637695
2022-11-15 06:53:06,231 - INFO: global_step=310045, episodic_return=-137.63392639160156
2022-11-15 06:53:07,995 - INFO: global_step=311045, episodic_return=-136.89874267578125
2022-11-15 06:53:09,189 - INFO: global_step=312045, episodic_return=-135.0013885498047
2022-11-15 06:53:10,518 - INFO: global_step=313045, episodic_return=-109.01686096191406
2022-11-15 06:53:12,262 - INFO: global_step=314045, episodic_return=-116.09001922607422
2022-11-15 06:53:13,531 - INFO: global_step=315045, episodic_return=-125.4869384765625
2022-11-15 06:53:14,626 - INFO: global_step=316045, episodic_return=-126.91267395019531
2022-11-15 06:53:16,951 - INFO: global_step=317045, episodic_return=-50.72035598754883
2022-11-15 06:53:19,221 - INFO: global_step=318045, episodic_return=-96.82958984375
2022-11-15 06:53:20,805 - INFO: global_step=319045, episodic_return=-116.44401550292969
2022-11-15 06:53:22,666 - INFO: global_step=320045, episodic_return=-118.7061538696289
2022-11-15 06:53:24,418 - INFO: global_step=321045, episodic_return=-129.8240203857422
2022-11-15 06:53:25,960 - INFO: global_step=322045, episodic_return=-89.07267761230469
2022-11-15 06:53:28,268 - INFO: global_step=323045, episodic_return=-142.12911987304688
2022-11-15 06:53:29,994 - INFO: global_step=324045, episodic_return=-153.3046112060547
2022-11-15 06:53:31,623 - INFO: global_step=325045, episodic_return=-141.26600646972656
2022-11-15 06:53:34,377 - INFO: global_step=326045, episodic_return=-100.1566390991211
2022-11-15 06:53:36,228 - INFO: global_step=327045, episodic_return=-127.46025085449219
2022-11-15 06:53:37,575 - INFO: global_step=328045, episodic_return=-102.34032440185547
2022-11-15 06:53:39,788 - INFO: global_step=329045, episodic_return=38.95008087158203
2022-11-15 06:53:41,538 - INFO: global_step=330045, episodic_return=-124.0609359741211
2022-11-15 06:53:43,123 - INFO: global_step=331045, episodic_return=-81.82073211669922
2022-11-15 06:53:44,448 - INFO: global_step=332045, episodic_return=-131.8824462890625
2022-11-15 06:53:46,758 - INFO: global_step=333045, episodic_return=45.47137451171875
2022-11-15 06:53:47,861 - INFO: global_step=334045, episodic_return=-69.5836410522461
2022-11-15 06:53:49,595 - INFO: global_step=335045, episodic_return=-96.32080841064453
2022-11-15 06:53:51,287 - INFO: global_step=336045, episodic_return=-60.833763122558594
2022-11-15 06:53:53,405 - INFO: global_step=337045, episodic_return=-143.15948486328125
2022-11-15 06:53:55,862 - INFO: global_step=338045, episodic_return=-49.8996696472168
2022-11-15 06:53:57,493 - INFO: global_step=339045, episodic_return=-145.19970703125
2022-11-15 06:53:59,558 - INFO: global_step=340045, episodic_return=-11.827908515930176
2022-11-15 06:54:01,580 - INFO: global_step=341045, episodic_return=-65.32289123535156
2022-11-15 06:54:03,313 - INFO: global_step=342045, episodic_return=-169.92831420898438
2022-11-15 06:54:05,035 - INFO: global_step=343045, episodic_return=-96.45491790771484
2022-11-15 06:54:06,471 - INFO: global_step=344045, episodic_return=-101.46636199951172
2022-11-15 06:54:08,133 - INFO: global_step=345045, episodic_return=-145.43775939941406
2022-11-15 06:54:09,839 - INFO: global_step=346045, episodic_return=-64.43000030517578
2022-11-15 06:54:11,870 - INFO: global_step=347045, episodic_return=-69.58252716064453
2022-11-15 06:54:13,557 - INFO: global_step=348045, episodic_return=-122.58405303955078
2022-11-15 06:54:15,586 - INFO: global_step=349045, episodic_return=-93.97949981689453
2022-11-15 06:54:16,969 - INFO: global_step=350045, episodic_return=84.00971984863281
2022-11-15 06:54:18,580 - INFO: global_step=351045, episodic_return=-123.9974594116211
2022-11-15 06:54:20,285 - INFO: global_step=352045, episodic_return=-58.37004470825195
2022-11-15 06:54:22,606 - INFO: global_step=353045, episodic_return=-137.565673828125
2022-11-15 06:54:24,380 - INFO: global_step=354045, episodic_return=-132.22103881835938
2022-11-15 06:54:25,944 - INFO: global_step=355045, episodic_return=-82.98140716552734
2022-11-15 06:54:26,083 - INFO: global_step=355243, episodic_return=-78.08427429199219
2022-11-15 06:54:27,831 - INFO: global_step=356243, episodic_return=-144.92822265625
2022-11-15 06:54:30,180 - INFO: global_step=357243, episodic_return=-85.50919342041016
2022-11-15 06:54:32,097 - INFO: global_step=358243, episodic_return=-73.81472778320312
2022-11-15 06:54:33,621 - INFO: global_step=359046, episodic_return=139.561279296875
2022-11-15 06:54:33,844 - INFO: global_step=359271, episodic_return=282.19293212890625
2022-11-15 06:54:35,121 - INFO: global_step=360090, episodic_return=203.33856201171875
2022-11-15 06:54:36,152 - INFO: global_step=360739, episodic_return=110.58470153808594
2022-11-15 06:54:37,229 - INFO: global_step=361503, episodic_return=126.67972564697266
2022-11-15 06:54:39,197 - INFO: global_step=362450, episodic_return=115.9537353515625
2022-11-15 06:54:40,112 - INFO: global_step=363281, episodic_return=-246.08372497558594
2022-11-15 06:54:40,444 - INFO: global_step=363665, episodic_return=256.556640625
2022-11-15 06:54:41,899 - INFO: global_step=364665, episodic_return=-46.05079650878906
2022-11-15 06:54:43,106 - INFO: global_step=365665, episodic_return=-7.195120811462402
2022-11-15 06:54:44,400 - INFO: global_step=366665, episodic_return=-10.987208366394043
2022-11-15 06:54:45,064 - INFO: global_step=367248, episodic_return=225.81138610839844
2022-11-15 06:54:46,739 - INFO: global_step=368248, episodic_return=-86.66375732421875
2022-11-15 06:54:48,150 - INFO: global_step=369248, episodic_return=-39.34603500366211
2022-11-15 06:54:50,138 - INFO: global_step=370248, episodic_return=-39.406185150146484
2022-11-15 06:54:51,816 - INFO: global_step=371248, episodic_return=131.6823272705078
2022-11-15 06:54:53,725 - INFO: global_step=372248, episodic_return=-41.6002197265625
2022-11-15 06:54:55,546 - INFO: global_step=373248, episodic_return=2.3986918926239014
2022-11-15 06:54:57,339 - INFO: global_step=374248, episodic_return=-72.23709869384766
2022-11-15 06:54:58,761 - INFO: global_step=375248, episodic_return=-48.38720703125
2022-11-15 06:54:59,663 - INFO: global_step=375802, episodic_return=152.5019989013672
2022-11-15 06:55:01,902 - INFO: global_step=376800, episodic_return=162.975341796875
2022-11-15 06:55:02,742 - INFO: global_step=377377, episodic_return=221.48583984375
2022-11-15 06:55:03,011 - INFO: global_step=377626, episodic_return=-215.55084228515625
2022-11-15 06:55:04,164 - INFO: global_step=378357, episodic_return=110.28438568115234
2022-11-15 06:55:06,116 - INFO: global_step=379357, episodic_return=-30.04922103881836
2022-11-15 06:55:08,003 - INFO: global_step=380357, episodic_return=-104.18238067626953
2022-11-15 06:55:08,845 - INFO: global_step=380935, episodic_return=284.26019287109375
2022-11-15 06:55:10,606 - INFO: global_step=381935, episodic_return=-80.01840209960938
2022-11-15 06:55:10,914 - INFO: global_step=382240, episodic_return=291.33282470703125
2022-11-15 06:55:12,646 - INFO: global_step=383240, episodic_return=-85.6878433227539
2022-11-15 06:55:15,025 - INFO: global_step=384240, episodic_return=-99.9406509399414
2022-11-15 06:55:16,998 - INFO: global_step=385216, episodic_return=54.59629440307617
2022-11-15 06:55:17,340 - INFO: global_step=385604, episodic_return=-250.3200225830078
2022-11-15 06:55:19,251 - INFO: global_step=386604, episodic_return=-61.97949981689453
2022-11-15 06:55:21,463 - INFO: global_step=387604, episodic_return=-86.46380615234375
2022-11-15 06:55:23,445 - INFO: global_step=388604, episodic_return=-60.49740219116211
2022-11-15 06:55:24,871 - INFO: global_step=389604, episodic_return=-43.64903259277344
2022-11-15 06:55:27,094 - INFO: global_step=390604, episodic_return=-69.8876953125
2022-11-15 06:55:29,858 - INFO: global_step=391604, episodic_return=-21.792715072631836
2022-11-15 06:55:31,718 - INFO: global_step=392604, episodic_return=-34.398704528808594
2022-11-15 06:55:33,569 - INFO: global_step=393604, episodic_return=-57.22020721435547
2022-11-15 06:55:35,789 - INFO: global_step=394604, episodic_return=-59.370323181152344
2022-11-15 06:55:37,204 - INFO: global_step=395604, episodic_return=-63.834503173828125
2022-11-15 06:55:39,266 - INFO: global_step=396604, episodic_return=-23.69013214111328
2022-11-15 06:55:40,749 - INFO: global_step=397604, episodic_return=-35.63465118408203
2022-11-15 06:55:42,762 - INFO: global_step=398604, episodic_return=-85.45643615722656
2022-11-15 06:55:45,247 - INFO: global_step=399604, episodic_return=22.181262969970703
2022-11-15 06:55:46,216 - INFO: global_step=400357, episodic_return=195.3575897216797
2022-11-15 06:55:48,173 - INFO: global_step=401357, episodic_return=-54.72573471069336
2022-11-15 06:55:49,958 - INFO: global_step=402357, episodic_return=14.8121976852417
2022-11-15 06:55:51,792 - INFO: global_step=403357, episodic_return=-93.41167449951172
2022-11-15 06:55:52,407 - INFO: global_step=403890, episodic_return=255.32591247558594
2022-11-15 06:55:53,446 - INFO: global_step=404690, episodic_return=127.52392578125
2022-11-15 06:55:54,394 - INFO: global_step=405353, episodic_return=211.76873779296875
2022-11-15 06:55:56,373 - INFO: global_step=406353, episodic_return=46.88155746459961
2022-11-15 06:55:58,307 - INFO: global_step=407353, episodic_return=62.90430450439453
2022-11-15 06:56:00,136 - INFO: global_step=408353, episodic_return=35.924285888671875
2022-11-15 06:56:01,999 - INFO: global_step=409353, episodic_return=93.75850677490234
2022-11-15 06:56:03,290 - INFO: global_step=410074, episodic_return=141.24856567382812
2022-11-15 06:56:05,206 - INFO: global_step=411074, episodic_return=82.3126449584961
2022-11-15 06:56:06,710 - INFO: global_step=411974, episodic_return=123.3112564086914
2022-11-15 06:56:08,807 - INFO: global_step=412974, episodic_return=-26.874183654785156
2022-11-15 06:56:10,955 - INFO: global_step=413974, episodic_return=-9.390478134155273
2022-11-15 06:56:12,396 - INFO: global_step=414974, episodic_return=-36.49575424194336
2022-11-15 06:56:13,440 - INFO: global_step=415770, episodic_return=137.42056274414062
2022-11-15 06:56:15,172 - INFO: global_step=416619, episodic_return=-118.86695861816406
2022-11-15 06:56:17,175 - INFO: global_step=417619, episodic_return=-52.780479431152344
2022-11-15 06:56:18,996 - INFO: global_step=418619, episodic_return=-98.57504272460938
2022-11-15 06:56:20,049 - INFO: global_step=419335, episodic_return=218.16831970214844
2022-11-15 06:56:21,547 - INFO: global_step=420190, episodic_return=-158.4697265625
2022-11-15 06:56:22,575 - INFO: global_step=421037, episodic_return=154.5873260498047
2022-11-15 06:56:24,341 - INFO: global_step=422037, episodic_return=-33.799407958984375
2022-11-15 06:56:25,447 - INFO: global_step=422771, episodic_return=-253.47145080566406
2022-11-15 06:56:25,585 - INFO: global_step=422913, episodic_return=-227.22903442382812
2022-11-15 06:56:26,024 - INFO: global_step=423267, episodic_return=206.91561889648438
2022-11-15 06:56:27,166 - INFO: global_step=424267, episodic_return=-29.82598876953125
2022-11-15 06:56:28,950 - INFO: global_step=425267, episodic_return=-50.918678283691406
2022-11-15 06:56:30,075 - INFO: global_step=426267, episodic_return=-46.35369110107422
2022-11-15 06:56:31,704 - INFO: global_step=427267, episodic_return=-86.11019897460938
2022-11-15 06:56:33,541 - INFO: global_step=428267, episodic_return=-50.36872863769531
2022-11-15 06:56:35,356 - INFO: global_step=429267, episodic_return=-50.93841552734375
2022-11-15 06:56:37,545 - INFO: global_step=430267, episodic_return=-55.339500427246094
2022-11-15 06:56:39,129 - INFO: global_step=431267, episodic_return=-21.535898208618164
2022-11-15 06:56:40,840 - INFO: global_step=432267, episodic_return=-71.02384185791016
2022-11-15 06:56:42,745 - INFO: global_step=433267, episodic_return=-57.233402252197266
2022-11-15 06:56:44,401 - INFO: global_step=434267, episodic_return=-115.04617309570312
2022-11-15 06:56:46,040 - INFO: global_step=435267, episodic_return=-93.46644592285156
2022-11-15 06:56:47,967 - INFO: global_step=436267, episodic_return=-55.53472137451172
2022-11-15 06:56:50,753 - INFO: global_step=437267, episodic_return=-14.217134475708008
2022-11-15 06:56:52,378 - INFO: global_step=438267, episodic_return=5.918046951293945
2022-11-15 06:56:52,816 - INFO: global_step=438626, episodic_return=231.20120239257812
2022-11-15 06:56:54,725 - INFO: global_step=439601, episodic_return=126.35282897949219
2022-11-15 06:56:56,547 - INFO: global_step=440601, episodic_return=-63.223487854003906
2022-11-15 06:56:57,288 - INFO: global_step=441206, episodic_return=231.0244903564453
2022-11-15 06:56:58,172 - INFO: global_step=441819, episodic_return=236.36273193359375
2022-11-15 06:56:58,874 - INFO: global_step=442451, episodic_return=182.65249633789062
2022-11-15 06:56:59,913 - INFO: global_step=443212, episodic_return=135.6076202392578
2022-11-15 06:57:01,007 - INFO: global_step=444057, episodic_return=198.28665161132812
2022-11-15 06:57:03,118 - INFO: global_step=445057, episodic_return=35.76370620727539
2022-11-15 06:57:05,772 - INFO: global_step=446057, episodic_return=-58.517906188964844
2022-11-15 06:57:07,665 - INFO: global_step=447057, episodic_return=40.584835052490234
2022-11-15 06:57:09,507 - INFO: global_step=448057, episodic_return=-35.90346145629883
2022-11-15 06:57:10,981 - INFO: global_step=449057, episodic_return=-69.99771118164062
2022-11-15 06:57:13,192 - INFO: global_step=450057, episodic_return=-32.79147720336914
2022-11-15 06:57:15,211 - INFO: global_step=451057, episodic_return=-98.73582458496094
2022-11-15 06:57:17,204 - INFO: global_step=452057, episodic_return=-77.80609893798828
2022-11-15 06:57:18,657 - INFO: global_step=453057, episodic_return=-86.09819030761719
2022-11-15 06:57:19,905 - INFO: global_step=454057, episodic_return=-128.17654418945312
2022-11-15 06:57:21,176 - INFO: global_step=455057, episodic_return=-87.5680160522461
2022-11-15 06:57:22,710 - INFO: global_step=456057, episodic_return=-76.470703125
2022-11-15 06:57:24,682 - INFO: global_step=457057, episodic_return=-134.24893188476562
2022-11-15 06:57:24,882 - INFO: global_step=457304, episodic_return=-231.86488342285156
2022-11-15 06:57:26,359 - INFO: global_step=458304, episodic_return=-91.286376953125
2022-11-15 06:57:27,599 - INFO: global_step=459304, episodic_return=-6.357985973358154
2022-11-15 06:57:29,658 - INFO: global_step=460304, episodic_return=-165.1113739013672
2022-11-15 06:57:31,725 - INFO: global_step=461304, episodic_return=-118.00787353515625
2022-11-15 06:57:33,727 - INFO: global_step=462304, episodic_return=-153.696044921875
2022-11-15 06:57:35,401 - INFO: global_step=463304, episodic_return=-65.27644348144531
2022-11-15 06:57:36,815 - INFO: global_step=464304, episodic_return=-126.8696060180664
2022-11-15 06:57:38,377 - INFO: global_step=465304, episodic_return=-124.90044403076172
2022-11-15 06:57:39,866 - INFO: global_step=466304, episodic_return=-154.72181701660156
2022-11-15 06:57:41,330 - INFO: global_step=467304, episodic_return=-133.80288696289062
2022-11-15 06:57:43,175 - INFO: global_step=468304, episodic_return=-169.30044555664062
2022-11-15 06:57:45,521 - INFO: global_step=469304, episodic_return=-121.63792419433594
2022-11-15 06:57:47,930 - INFO: global_step=470304, episodic_return=-16.921844482421875
2022-11-15 06:57:49,885 - INFO: global_step=471304, episodic_return=-141.09690856933594
2022-11-15 06:57:51,165 - INFO: global_step=472304, episodic_return=-138.87118530273438
2022-11-15 06:57:53,055 - INFO: global_step=473304, episodic_return=-71.43522644042969
2022-11-15 06:57:54,367 - INFO: global_step=474304, episodic_return=-114.89857482910156
2022-11-15 06:57:55,852 - INFO: global_step=475304, episodic_return=-90.59098815917969
2022-11-15 06:57:57,739 - INFO: global_step=476304, episodic_return=-96.23798370361328
2022-11-15 06:57:59,092 - INFO: global_step=477304, episodic_return=-93.55148315429688
2022-11-15 06:58:00,683 - INFO: global_step=478304, episodic_return=-115.46068572998047
2022-11-15 06:58:02,694 - INFO: global_step=479304, episodic_return=-122.52442169189453
2022-11-15 06:58:04,147 - INFO: global_step=480304, episodic_return=-13.245220184326172
2022-11-15 06:58:05,492 - INFO: global_step=481304, episodic_return=-68.387451171875
2022-11-15 06:58:07,841 - INFO: global_step=482304, episodic_return=-54.775535583496094
2022-11-15 06:58:09,489 - INFO: global_step=483304, episodic_return=-74.14521026611328
2022-11-15 06:58:11,009 - INFO: global_step=484304, episodic_return=-87.53589630126953
2022-11-15 06:58:13,066 - INFO: global_step=485304, episodic_return=-114.17601013183594
2022-11-15 06:58:15,121 - INFO: global_step=486304, episodic_return=-108.5050277709961
2022-11-15 06:58:17,019 - INFO: global_step=487304, episodic_return=-72.23802947998047
2022-11-15 06:58:18,618 - INFO: global_step=488304, episodic_return=-56.947265625
2022-11-15 06:58:20,212 - INFO: global_step=489304, episodic_return=-68.48556518554688
2022-11-15 06:58:22,118 - INFO: global_step=490304, episodic_return=-116.12520599365234
2022-11-15 06:58:23,659 - INFO: global_step=491304, episodic_return=-29.937971115112305
2022-11-15 06:58:25,040 - INFO: global_step=492304, episodic_return=-81.73768615722656
2022-11-15 06:58:26,518 - INFO: global_step=493304, episodic_return=-81.9043197631836
2022-11-15 06:58:28,362 - INFO: global_step=494304, episodic_return=-107.23403930664062
2022-11-15 06:58:29,860 - INFO: global_step=495304, episodic_return=-73.02059936523438
2022-11-15 06:58:31,469 - INFO: global_step=496304, episodic_return=-83.94583129882812
2022-11-15 06:58:33,142 - INFO: global_step=497304, episodic_return=-52.78609848022461
2022-11-15 06:58:34,283 - INFO: global_step=498304, episodic_return=-104.36882781982422
2022-11-15 06:58:35,685 - INFO: global_step=499304, episodic_return=-61.569034576416016
2022-11-15 06:58:37,091 - INFO: The average reward of last 20 steps: -75.5535412788391
