2022-11-15 06:18:37,453 - INFO: +--------------------------+----------------+
| Parameter                | Value          |
+--------------------------+----------------+
| exp_name                 | dqn            |
+--------------------------+----------------+
| seed                     | 42             |
+--------------------------+----------------+
| total_timesteps          | 500000         |
+--------------------------+----------------+
| learning_rate            | 0.001          |
+--------------------------+----------------+
| buffer_size              | 2000           |
+--------------------------+----------------+
| gamma                    | 0.982          |
+--------------------------+----------------+
| target_network_frequency | 50             |
+--------------------------+----------------+
| batch_size               | 128            |
+--------------------------+----------------+
| start_e                  | 1              |
+--------------------------+----------------+
| end_e                    | 0.010          |
+--------------------------+----------------+
| exploration_fraction     | 0.050          |
+--------------------------+----------------+
| learning_starts          | 10000          |
+--------------------------+----------------+
| train_frequency          | 10             |
+--------------------------+----------------+
| env_id                   | LunarLander-v2 |
+--------------------------+----------------+
2022-11-15 06:18:39,727 - INFO: global_step=119, episodic_return=-313.3778076171875
2022-11-15 06:18:39,740 - INFO: global_step=195, episodic_return=-187.13906860351562
2022-11-15 06:18:39,755 - INFO: global_step=277, episodic_return=-266.0443420410156
2022-11-15 06:18:39,768 - INFO: global_step=354, episodic_return=-115.51432800292969
2022-11-15 06:18:39,779 - INFO: global_step=425, episodic_return=-54.3162956237793
2022-11-15 06:18:39,792 - INFO: global_step=503, episodic_return=-113.84065246582031
2022-11-15 06:18:39,828 - INFO: global_step=606, episodic_return=-161.98922729492188
2022-11-15 06:18:39,846 - INFO: global_step=693, episodic_return=-109.32754516601562
2022-11-15 06:18:39,863 - INFO: global_step=781, episodic_return=-62.970458984375
2022-11-15 06:18:39,876 - INFO: global_step=852, episodic_return=-172.19131469726562
2022-11-15 06:18:39,890 - INFO: global_step=929, episodic_return=-371.88037109375
2022-11-15 06:18:39,904 - INFO: global_step=1006, episodic_return=-150.86180114746094
2022-11-15 06:18:39,922 - INFO: global_step=1106, episodic_return=-201.38551330566406
2022-11-15 06:18:39,948 - INFO: global_step=1225, episodic_return=-450.1385498046875
2022-11-15 06:18:39,979 - INFO: global_step=1330, episodic_return=-243.12759399414062
2022-11-15 06:18:40,005 - INFO: global_step=1402, episodic_return=-85.98062896728516
2022-11-15 06:18:40,028 - INFO: global_step=1511, episodic_return=-296.6343078613281
2022-11-15 06:18:40,038 - INFO: global_step=1568, episodic_return=-98.75452423095703
2022-11-15 06:18:40,063 - INFO: global_step=1670, episodic_return=-204.92178344726562
2022-11-15 06:18:40,084 - INFO: global_step=1742, episodic_return=-294.96905517578125
2022-11-15 06:18:40,115 - INFO: global_step=1849, episodic_return=-406.7775573730469
2022-11-15 06:18:40,136 - INFO: global_step=1937, episodic_return=-279.13189697265625
2022-11-15 06:18:40,168 - INFO: global_step=2053, episodic_return=-89.54270935058594
2022-11-15 06:18:40,192 - INFO: global_step=2146, episodic_return=-85.95071411132812
2022-11-15 06:18:40,213 - INFO: global_step=2223, episodic_return=-181.59420776367188
2022-11-15 06:18:40,261 - INFO: global_step=2375, episodic_return=-375.5697326660156
2022-11-15 06:18:40,280 - INFO: global_step=2455, episodic_return=-129.58380126953125
2022-11-15 06:18:40,306 - INFO: global_step=2550, episodic_return=23.68578338623047
2022-11-15 06:18:40,322 - INFO: global_step=2619, episodic_return=-183.05320739746094
2022-11-15 06:18:40,356 - INFO: global_step=2745, episodic_return=-145.40176391601562
2022-11-15 06:18:40,377 - INFO: global_step=2823, episodic_return=-313.166015625
2022-11-15 06:18:40,390 - INFO: global_step=2881, episodic_return=-88.7314453125
2022-11-15 06:18:40,443 - INFO: global_step=3032, episodic_return=-210.86285400390625
2022-11-15 06:18:40,461 - INFO: global_step=3100, episodic_return=-129.2290496826172
2022-11-15 06:18:40,480 - INFO: global_step=3173, episodic_return=-72.05514526367188
2022-11-15 06:18:40,510 - INFO: global_step=3283, episodic_return=-318.2037353515625
2022-11-15 06:18:40,534 - INFO: global_step=3390, episodic_return=-128.9492950439453
2022-11-15 06:18:40,547 - INFO: global_step=3453, episodic_return=-119.26057434082031
2022-11-15 06:18:40,561 - INFO: global_step=3521, episodic_return=-88.92113494873047
2022-11-15 06:18:40,579 - INFO: global_step=3601, episodic_return=-196.14520263671875
2022-11-15 06:18:40,610 - INFO: global_step=3672, episodic_return=-115.76127624511719
2022-11-15 06:18:40,629 - INFO: global_step=3742, episodic_return=-117.2008056640625
2022-11-15 06:18:40,667 - INFO: global_step=3831, episodic_return=-388.9071350097656
2022-11-15 06:18:40,698 - INFO: global_step=3958, episodic_return=-286.3181457519531
2022-11-15 06:18:40,719 - INFO: global_step=4061, episodic_return=-238.99484252929688
2022-11-15 06:18:40,745 - INFO: global_step=4171, episodic_return=-463.2581787109375
2022-11-15 06:18:40,761 - INFO: global_step=4249, episodic_return=-90.23805236816406
2022-11-15 06:18:40,798 - INFO: global_step=4383, episodic_return=-381.21685791015625
2022-11-15 06:18:40,813 - INFO: global_step=4449, episodic_return=-241.35914611816406
2022-11-15 06:18:40,831 - INFO: global_step=4526, episodic_return=-126.99072265625
2022-11-15 06:18:40,858 - INFO: global_step=4625, episodic_return=-364.7707214355469
2022-11-15 06:18:40,873 - INFO: global_step=4692, episodic_return=-95.70672607421875
2022-11-15 06:18:40,907 - INFO: global_step=4792, episodic_return=-299.4986267089844
2022-11-15 06:18:40,926 - INFO: global_step=4848, episodic_return=-244.85243225097656
2022-11-15 06:18:40,949 - INFO: global_step=4942, episodic_return=-119.45244598388672
2022-11-15 06:18:40,970 - INFO: global_step=5025, episodic_return=-102.9333267211914
2022-11-15 06:18:40,991 - INFO: global_step=5098, episodic_return=-80.84661865234375
2022-11-15 06:18:41,004 - INFO: global_step=5156, episodic_return=-90.75379943847656
2022-11-15 06:18:41,024 - INFO: global_step=5218, episodic_return=-108.17577362060547
2022-11-15 06:18:41,050 - INFO: global_step=5305, episodic_return=-357.1152038574219
2022-11-15 06:18:41,083 - INFO: global_step=5406, episodic_return=-354.4471435546875
2022-11-15 06:18:41,119 - INFO: global_step=5506, episodic_return=-545.1069946289062
2022-11-15 06:18:41,140 - INFO: global_step=5572, episodic_return=-113.68278503417969
2022-11-15 06:18:41,188 - INFO: global_step=5714, episodic_return=-636.578369140625
2022-11-15 06:18:41,208 - INFO: global_step=5780, episodic_return=-76.95796966552734
2022-11-15 06:18:41,245 - INFO: global_step=5907, episodic_return=-178.0628662109375
2022-11-15 06:18:41,273 - INFO: global_step=5999, episodic_return=-465.8807373046875
2022-11-15 06:18:41,304 - INFO: global_step=6101, episodic_return=-82.18629455566406
2022-11-15 06:18:41,326 - INFO: global_step=6180, episodic_return=-346.1107177734375
2022-11-15 06:18:41,360 - INFO: global_step=6299, episodic_return=-533.0511474609375
2022-11-15 06:18:41,405 - INFO: global_step=6427, episodic_return=-417.6587829589844
2022-11-15 06:18:41,435 - INFO: global_step=6516, episodic_return=-330.5765380859375
2022-11-15 06:18:41,458 - INFO: global_step=6599, episodic_return=-193.408447265625
2022-11-15 06:18:41,479 - INFO: global_step=6672, episodic_return=-94.14181518554688
2022-11-15 06:18:41,516 - INFO: global_step=6803, episodic_return=-142.38021850585938
2022-11-15 06:18:41,545 - INFO: global_step=6910, episodic_return=-168.2103271484375
2022-11-15 06:18:41,568 - INFO: global_step=7007, episodic_return=-402.1079406738281
2022-11-15 06:18:41,596 - INFO: global_step=7119, episodic_return=-366.8359680175781
2022-11-15 06:18:41,626 - INFO: global_step=7252, episodic_return=-343.64239501953125
2022-11-15 06:18:41,640 - INFO: global_step=7323, episodic_return=-86.19408416748047
2022-11-15 06:18:41,660 - INFO: global_step=7415, episodic_return=-110.230224609375
2022-11-15 06:18:41,678 - INFO: global_step=7487, episodic_return=-114.13398742675781
2022-11-15 06:18:41,700 - INFO: global_step=7585, episodic_return=-143.31976318359375
2022-11-15 06:18:41,730 - INFO: global_step=7704, episodic_return=-129.80349731445312
2022-11-15 06:18:41,753 - INFO: global_step=7800, episodic_return=-380.541259765625
2022-11-15 06:18:41,766 - INFO: global_step=7854, episodic_return=-280.6158447265625
2022-11-15 06:18:41,792 - INFO: global_step=7956, episodic_return=-373.0772399902344
2022-11-15 06:18:41,867 - INFO: global_step=8160, episodic_return=-717.3953247070312
2022-11-15 06:18:41,901 - INFO: global_step=8254, episodic_return=-417.07440185546875
2022-11-15 06:18:41,926 - INFO: global_step=8336, episodic_return=-144.30462646484375
2022-11-15 06:18:41,949 - INFO: global_step=8410, episodic_return=-101.05423736572266
2022-11-15 06:18:41,977 - INFO: global_step=8490, episodic_return=-470.54327392578125
2022-11-15 06:18:41,993 - INFO: global_step=8552, episodic_return=-76.97998809814453
2022-11-15 06:18:42,023 - INFO: global_step=8650, episodic_return=-491.3044738769531
2022-11-15 06:18:42,078 - INFO: global_step=8802, episodic_return=-376.2724304199219
2022-11-15 06:18:42,106 - INFO: global_step=8886, episodic_return=-361.33209228515625
2022-11-15 06:18:42,141 - INFO: global_step=8957, episodic_return=-227.72825622558594
2022-11-15 06:18:42,160 - INFO: global_step=9019, episodic_return=-100.77772521972656
2022-11-15 06:18:42,185 - INFO: global_step=9115, episodic_return=-607.0662841796875
2022-11-15 06:18:42,239 - INFO: global_step=9291, episodic_return=-118.60519409179688
2022-11-15 06:18:42,254 - INFO: global_step=9356, episodic_return=-89.42499542236328
2022-11-15 06:18:42,272 - INFO: global_step=9428, episodic_return=-377.06585693359375
2022-11-15 06:18:42,297 - INFO: global_step=9522, episodic_return=-535.0338134765625
2022-11-15 06:18:42,310 - INFO: global_step=9583, episodic_return=-99.27601623535156
2022-11-15 06:18:42,358 - INFO: global_step=9745, episodic_return=-644.9913940429688
2022-11-15 06:18:42,373 - INFO: global_step=9812, episodic_return=-146.06565856933594
2022-11-15 06:18:42,397 - INFO: global_step=9896, episodic_return=-404.26776123046875
2022-11-15 06:18:42,464 - INFO: global_step=10064, episodic_return=-281.8731994628906
2022-11-15 06:18:42,508 - INFO: global_step=10168, episodic_return=-166.71551513671875
2022-11-15 06:18:42,540 - INFO: global_step=10247, episodic_return=-289.2373962402344
2022-11-15 06:18:42,571 - INFO: global_step=10325, episodic_return=-205.43496704101562
2022-11-15 06:18:42,612 - INFO: global_step=10430, episodic_return=-186.27517700195312
2022-11-15 06:18:42,649 - INFO: global_step=10528, episodic_return=-200.58035278320312
2022-11-15 06:18:42,678 - INFO: global_step=10605, episodic_return=-411.5908203125
2022-11-15 06:18:42,703 - INFO: global_step=10678, episodic_return=-122.1103286743164
2022-11-15 06:18:42,742 - INFO: global_step=10765, episodic_return=-512.4695434570312
2022-11-15 06:18:42,787 - INFO: global_step=10856, episodic_return=-537.3419799804688
2022-11-15 06:18:42,823 - INFO: global_step=10925, episodic_return=-124.29745483398438
2022-11-15 06:18:42,869 - INFO: global_step=11002, episodic_return=-186.62445068359375
2022-11-15 06:18:42,917 - INFO: global_step=11076, episodic_return=-104.12823486328125
2022-11-15 06:18:42,975 - INFO: global_step=11175, episodic_return=-326.75018310546875
2022-11-15 06:18:43,014 - INFO: global_step=11235, episodic_return=-231.6315155029297
2022-11-15 06:18:43,080 - INFO: global_step=11322, episodic_return=-247.75706481933594
2022-11-15 06:18:43,123 - INFO: global_step=11400, episodic_return=-131.36917114257812
2022-11-15 06:18:43,156 - INFO: global_step=11456, episodic_return=-173.7734375
2022-11-15 06:18:43,207 - INFO: global_step=11545, episodic_return=-317.6757507324219
2022-11-15 06:18:43,253 - INFO: global_step=11637, episodic_return=-322.58111572265625
2022-11-15 06:18:43,303 - INFO: global_step=11735, episodic_return=-174.5352783203125
2022-11-15 06:18:43,353 - INFO: global_step=11827, episodic_return=-294.9357604980469
2022-11-15 06:18:43,407 - INFO: global_step=11937, episodic_return=-185.21282958984375
2022-11-15 06:18:43,474 - INFO: global_step=12048, episodic_return=-152.09567260742188
2022-11-15 06:18:43,736 - INFO: global_step=12341, episodic_return=-225.88063049316406
2022-11-15 06:18:43,794 - INFO: global_step=12429, episodic_return=-133.13951110839844
2022-11-15 06:18:43,868 - INFO: global_step=12541, episodic_return=-159.77882385253906
2022-11-15 06:18:43,973 - INFO: global_step=12695, episodic_return=-214.02735900878906
2022-11-15 06:18:44,242 - INFO: global_step=13018, episodic_return=-199.6444854736328
2022-11-15 06:18:44,324 - INFO: global_step=13122, episodic_return=-140.35818481445312
2022-11-15 06:18:44,846 - INFO: global_step=13558, episodic_return=-425.34490966796875
2022-11-15 06:18:44,884 - INFO: global_step=13640, episodic_return=-70.01042175292969
2022-11-15 06:18:45,119 - INFO: global_step=13994, episodic_return=-289.29888916015625
2022-11-15 06:18:46,017 - INFO: global_step=14718, episodic_return=-291.0621337890625
2022-11-15 06:18:46,332 - INFO: global_step=15115, episodic_return=-243.8701934814453
2022-11-15 06:18:46,416 - INFO: global_step=15247, episodic_return=-214.95260620117188
2022-11-15 06:18:46,651 - INFO: global_step=15533, episodic_return=-264.160888671875
2022-11-15 06:18:46,966 - INFO: global_step=15861, episodic_return=-307.175537109375
2022-11-15 06:18:48,760 - INFO: global_step=16861, episodic_return=-267.355712890625
2022-11-15 06:18:48,850 - INFO: global_step=17003, episodic_return=-261.59417724609375
2022-11-15 06:18:48,955 - INFO: global_step=17142, episodic_return=-267.6729736328125
2022-11-15 06:18:49,082 - INFO: global_step=17320, episodic_return=-398.1006164550781
2022-11-15 06:18:49,158 - INFO: global_step=17414, episodic_return=-317.6083984375
2022-11-15 06:18:49,246 - INFO: global_step=17522, episodic_return=-248.8086395263672
2022-11-15 06:18:49,529 - INFO: global_step=17781, episodic_return=-265.0248718261719
2022-11-15 06:18:49,839 - INFO: global_step=18113, episodic_return=-209.64312744140625
2022-11-15 06:18:49,944 - INFO: global_step=18247, episodic_return=-115.49308776855469
2022-11-15 06:18:52,145 - INFO: global_step=19247, episodic_return=-214.21267700195312
2022-11-15 06:18:52,269 - INFO: global_step=19440, episodic_return=-356.8810119628906
2022-11-15 06:18:52,479 - INFO: global_step=19675, episodic_return=-327.189208984375
2022-11-15 06:18:52,677 - INFO: global_step=19892, episodic_return=-335.80804443359375
2022-11-15 06:18:52,808 - INFO: global_step=20060, episodic_return=-267.4322509765625
2022-11-15 06:18:53,576 - INFO: global_step=20677, episodic_return=-464.2938537597656
2022-11-15 06:18:54,044 - INFO: global_step=21087, episodic_return=-377.5814208984375
2022-11-15 06:18:55,850 - INFO: global_step=22087, episodic_return=-171.7086639404297
2022-11-15 06:18:57,888 - INFO: global_step=23087, episodic_return=-130.22486877441406
2022-11-15 06:19:00,380 - INFO: global_step=24087, episodic_return=-87.84561920166016
2022-11-15 06:19:00,479 - INFO: global_step=24193, episodic_return=-497.3514404296875
2022-11-15 06:19:02,354 - INFO: global_step=25193, episodic_return=-129.24423217773438
2022-11-15 06:19:04,563 - INFO: global_step=26193, episodic_return=-127.68516540527344
2022-11-15 06:19:06,545 - INFO: global_step=27193, episodic_return=-140.05850219726562
2022-11-15 06:19:08,784 - INFO: global_step=28193, episodic_return=-151.81393432617188
2022-11-15 06:19:09,080 - INFO: global_step=28478, episodic_return=-236.8297119140625
2022-11-15 06:19:11,203 - INFO: global_step=29478, episodic_return=-144.1596221923828
2022-11-15 06:19:11,308 - INFO: global_step=29611, episodic_return=-390.5848388671875
2022-11-15 06:19:11,491 - INFO: global_step=29818, episodic_return=-663.8573608398438
2022-11-15 06:19:12,947 - INFO: global_step=30818, episodic_return=-199.35968017578125
2022-11-15 06:19:13,301 - INFO: global_step=31120, episodic_return=-484.3559265136719
2022-11-15 06:19:14,226 - INFO: global_step=31747, episodic_return=-201.61026000976562
2022-11-15 06:19:14,518 - INFO: global_step=32005, episodic_return=-180.64065551757812
2022-11-15 06:19:14,948 - INFO: global_step=32376, episodic_return=-148.17343139648438
2022-11-15 06:19:15,179 - INFO: global_step=32593, episodic_return=-139.03997802734375
2022-11-15 06:19:17,013 - INFO: global_step=33593, episodic_return=-186.98614501953125
2022-11-15 06:19:19,598 - INFO: global_step=34593, episodic_return=-169.12937927246094
2022-11-15 06:19:21,733 - INFO: global_step=35593, episodic_return=-112.94158935546875
2022-11-15 06:19:23,427 - INFO: global_step=36593, episodic_return=-113.72655487060547
2022-11-15 06:19:25,169 - INFO: global_step=37593, episodic_return=-126.34979248046875
2022-11-15 06:19:27,040 - INFO: global_step=38593, episodic_return=-101.6053695678711
2022-11-15 06:19:28,777 - INFO: global_step=39593, episodic_return=-107.24121856689453
2022-11-15 06:19:30,792 - INFO: global_step=40593, episodic_return=-147.21575927734375
2022-11-15 06:19:33,321 - INFO: global_step=41593, episodic_return=-159.33665466308594
2022-11-15 06:19:35,180 - INFO: global_step=42593, episodic_return=-111.37519073486328
2022-11-15 06:19:37,327 - INFO: global_step=43593, episodic_return=-118.44242095947266
2022-11-15 06:19:39,770 - INFO: global_step=44593, episodic_return=-134.65811157226562
2022-11-15 06:19:39,898 - INFO: global_step=44724, episodic_return=-474.77362060546875
2022-11-15 06:19:40,053 - INFO: global_step=44940, episodic_return=-426.59259033203125
2022-11-15 06:19:40,131 - INFO: global_step=45065, episodic_return=-295.9369201660156
2022-11-15 06:19:42,261 - INFO: global_step=46065, episodic_return=-105.57894134521484
2022-11-15 06:19:44,090 - INFO: global_step=47065, episodic_return=-97.39450073242188
2022-11-15 06:19:46,820 - INFO: global_step=48065, episodic_return=-108.37271881103516
2022-11-15 06:19:48,253 - INFO: global_step=49065, episodic_return=-122.54317474365234
2022-11-15 06:19:50,838 - INFO: global_step=50065, episodic_return=-133.592041015625
2022-11-15 06:19:51,136 - INFO: global_step=50327, episodic_return=-346.7867736816406
2022-11-15 06:19:53,838 - INFO: global_step=51327, episodic_return=-158.32191467285156
2022-11-15 06:19:53,969 - INFO: global_step=51516, episodic_return=-416.7073059082031
2022-11-15 06:19:56,465 - INFO: global_step=52516, episodic_return=-128.64605712890625
2022-11-15 06:19:56,768 - INFO: global_step=52815, episodic_return=-215.363037109375
2022-11-15 06:19:57,102 - INFO: global_step=53131, episodic_return=-244.64906311035156
2022-11-15 06:19:57,420 - INFO: global_step=53430, episodic_return=-284.48211669921875
2022-11-15 06:19:59,641 - INFO: global_step=54430, episodic_return=-140.95159912109375
2022-11-15 06:20:01,838 - INFO: global_step=55430, episodic_return=-119.29949188232422
2022-11-15 06:20:03,296 - INFO: global_step=56430, episodic_return=-135.76385498046875
2022-11-15 06:20:03,720 - INFO: global_step=56724, episodic_return=-204.3070526123047
2022-11-15 06:20:05,768 - INFO: global_step=57724, episodic_return=-145.85992431640625
2022-11-15 06:20:06,617 - INFO: global_step=58240, episodic_return=-276.14599609375
2022-11-15 06:20:07,314 - INFO: global_step=58745, episodic_return=-99.16421508789062
2022-11-15 06:20:08,145 - INFO: global_step=59303, episodic_return=-263.7388916015625
2022-11-15 06:20:08,476 - INFO: global_step=59581, episodic_return=-91.53878784179688
2022-11-15 06:20:09,108 - INFO: global_step=60103, episodic_return=-223.84829711914062
2022-11-15 06:20:11,222 - INFO: global_step=61103, episodic_return=-82.60881042480469
2022-11-15 06:20:13,201 - INFO: global_step=62103, episodic_return=-127.04351043701172
2022-11-15 06:20:13,931 - INFO: global_step=62575, episodic_return=-409.3814697265625
2022-11-15 06:20:14,378 - INFO: global_step=62908, episodic_return=-86.74229431152344
2022-11-15 06:20:16,119 - INFO: global_step=63908, episodic_return=-92.41862487792969
2022-11-15 06:20:18,087 - INFO: global_step=64908, episodic_return=-86.67545318603516
2022-11-15 06:20:20,004 - INFO: global_step=65908, episodic_return=-121.05908203125
2022-11-15 06:20:20,364 - INFO: global_step=66248, episodic_return=-104.54064178466797
2022-11-15 06:20:20,659 - INFO: global_step=66541, episodic_return=-78.32626342773438
2022-11-15 06:20:20,950 - INFO: global_step=66848, episodic_return=-159.88284301757812
2022-11-15 06:20:21,538 - INFO: global_step=67291, episodic_return=-288.04095458984375
2022-11-15 06:20:22,140 - INFO: global_step=67726, episodic_return=-141.49496459960938
2022-11-15 06:20:22,340 - INFO: global_step=67980, episodic_return=-41.56414794921875
2022-11-15 06:20:23,071 - INFO: global_step=68516, episodic_return=-124.85498046875
2022-11-15 06:20:25,346 - INFO: global_step=69516, episodic_return=-128.30859375
2022-11-15 06:20:27,494 - INFO: global_step=70516, episodic_return=-113.40620422363281
2022-11-15 06:20:27,844 - INFO: global_step=70887, episodic_return=-296.02215576171875
2022-11-15 06:20:28,147 - INFO: global_step=71210, episodic_return=-18.042991638183594
2022-11-15 06:20:28,525 - INFO: global_step=71538, episodic_return=-232.82260131835938
2022-11-15 06:20:29,006 - INFO: global_step=71962, episodic_return=-391.02606201171875
2022-11-15 06:20:29,235 - INFO: global_step=72206, episodic_return=-181.37496948242188
2022-11-15 06:20:31,465 - INFO: global_step=73206, episodic_return=-171.99302673339844
2022-11-15 06:20:31,673 - INFO: global_step=73453, episodic_return=-162.92149353027344
2022-11-15 06:20:32,369 - INFO: global_step=73987, episodic_return=-88.65262603759766
2022-11-15 06:20:34,229 - INFO: global_step=74987, episodic_return=-129.14987182617188
2022-11-15 06:20:36,745 - INFO: global_step=75987, episodic_return=-111.78282165527344
2022-11-15 06:20:37,320 - INFO: global_step=76412, episodic_return=-345.30609130859375
2022-11-15 06:20:39,834 - INFO: global_step=77412, episodic_return=-108.71293640136719
2022-11-15 06:20:41,786 - INFO: global_step=78412, episodic_return=-110.1580810546875
2022-11-15 06:20:44,125 - INFO: global_step=79412, episodic_return=-113.9801025390625
2022-11-15 06:20:44,379 - INFO: global_step=79701, episodic_return=-294.82806396484375
2022-11-15 06:20:46,440 - INFO: global_step=80701, episodic_return=-64.68621063232422
2022-11-15 06:20:48,358 - INFO: global_step=81701, episodic_return=-109.41519927978516
2022-11-15 06:20:49,935 - INFO: global_step=82701, episodic_return=-83.1228256225586
2022-11-15 06:20:51,999 - INFO: global_step=83701, episodic_return=-118.09523010253906
2022-11-15 06:20:52,371 - INFO: global_step=84093, episodic_return=-118.15452575683594
2022-11-15 06:20:53,915 - INFO: global_step=85093, episodic_return=-127.27315521240234
2022-11-15 06:20:55,834 - INFO: global_step=86093, episodic_return=-103.62332153320312
2022-11-15 06:20:57,339 - INFO: global_step=87093, episodic_return=-62.844974517822266
2022-11-15 06:20:59,257 - INFO: global_step=88093, episodic_return=-98.92359161376953
2022-11-15 06:21:01,708 - INFO: global_step=89093, episodic_return=-156.76951599121094
2022-11-15 06:21:03,828 - INFO: global_step=90093, episodic_return=-127.60609436035156
2022-11-15 06:21:04,046 - INFO: global_step=90363, episodic_return=-74.0169906616211
2022-11-15 06:21:05,613 - INFO: global_step=91363, episodic_return=-91.15997314453125
2022-11-15 06:21:07,381 - INFO: global_step=92363, episodic_return=-135.98399353027344
2022-11-15 06:21:09,163 - INFO: global_step=93363, episodic_return=-94.6570816040039
2022-11-15 06:21:11,382 - INFO: global_step=94363, episodic_return=-134.05831909179688
2022-11-15 06:21:13,100 - INFO: global_step=95363, episodic_return=-142.09161376953125
2022-11-15 06:21:13,737 - INFO: global_step=95831, episodic_return=-94.45734405517578
2022-11-15 06:21:16,067 - INFO: global_step=96831, episodic_return=-123.98980712890625
2022-11-15 06:21:17,927 - INFO: global_step=97831, episodic_return=-142.63485717773438
2022-11-15 06:21:18,400 - INFO: global_step=98089, episodic_return=-255.26132202148438
2022-11-15 06:21:19,161 - INFO: global_step=98498, episodic_return=-130.35421752929688
2022-11-15 06:21:19,523 - INFO: global_step=98835, episodic_return=-290.0519714355469
2022-11-15 06:21:19,849 - INFO: global_step=99170, episodic_return=-177.51080322265625
2022-11-15 06:21:20,142 - INFO: global_step=99477, episodic_return=1.280181884765625
2022-11-15 06:21:20,461 - INFO: global_step=99808, episodic_return=-173.64813232421875
2022-11-15 06:21:20,849 - INFO: global_step=100192, episodic_return=-87.92595672607422
2022-11-15 06:21:21,324 - INFO: global_step=100662, episodic_return=-63.757991790771484
2022-11-15 06:21:23,131 - INFO: global_step=101662, episodic_return=-124.59243774414062
2022-11-15 06:21:24,704 - INFO: global_step=102662, episodic_return=-125.20564270019531
2022-11-15 06:21:26,560 - INFO: global_step=103662, episodic_return=-104.0460205078125
2022-11-15 06:21:28,720 - INFO: global_step=104662, episodic_return=-127.51314544677734
2022-11-15 06:21:30,615 - INFO: global_step=105662, episodic_return=-88.05060577392578
2022-11-15 06:21:32,231 - INFO: global_step=106662, episodic_return=-120.88299560546875
2022-11-15 06:21:34,226 - INFO: global_step=107662, episodic_return=-118.58121490478516
2022-11-15 06:21:35,924 - INFO: global_step=108662, episodic_return=-130.75723266601562
2022-11-15 06:21:36,251 - INFO: global_step=108970, episodic_return=-200.07363891601562
2022-11-15 06:21:36,554 - INFO: global_step=109299, episodic_return=-232.72552490234375
2022-11-15 06:21:37,966 - INFO: global_step=110299, episodic_return=-135.9166259765625
2022-11-15 06:21:39,480 - INFO: global_step=111299, episodic_return=-132.56344604492188
2022-11-15 06:21:40,908 - INFO: global_step=112299, episodic_return=-117.6563720703125
2022-11-15 06:21:42,351 - INFO: global_step=113299, episodic_return=-118.41690826416016
2022-11-15 06:21:43,544 - INFO: global_step=114299, episodic_return=-76.28286743164062
2022-11-15 06:21:43,935 - INFO: global_step=114701, episodic_return=-177.31173706054688
2022-11-15 06:21:45,683 - INFO: global_step=115701, episodic_return=-115.73532104492188
2022-11-15 06:21:46,917 - INFO: global_step=116518, episodic_return=-44.72283935546875
2022-11-15 06:21:48,938 - INFO: global_step=117518, episodic_return=-103.2875747680664
2022-11-15 06:21:50,619 - INFO: global_step=118518, episodic_return=-85.86489868164062
2022-11-15 06:21:52,159 - INFO: global_step=119518, episodic_return=-94.88231658935547
2022-11-15 06:21:54,013 - INFO: global_step=120518, episodic_return=-113.8905029296875
2022-11-15 06:21:55,860 - INFO: global_step=121518, episodic_return=-102.30775451660156
2022-11-15 06:21:57,255 - INFO: global_step=122518, episodic_return=-117.14043426513672
2022-11-15 06:21:59,007 - INFO: global_step=123518, episodic_return=-84.06770324707031
2022-11-15 06:21:59,913 - INFO: global_step=124107, episodic_return=-395.8161315917969
2022-11-15 06:22:02,100 - INFO: global_step=125107, episodic_return=-119.84517669677734
2022-11-15 06:22:04,142 - INFO: global_step=126107, episodic_return=-101.3270492553711
2022-11-15 06:22:05,769 - INFO: global_step=127107, episodic_return=-94.91788482666016
2022-11-15 06:22:07,804 - INFO: global_step=128107, episodic_return=-147.27821350097656
2022-11-15 06:22:09,539 - INFO: global_step=129107, episodic_return=-146.619140625
2022-11-15 06:22:10,461 - INFO: global_step=129823, episodic_return=183.981689453125
2022-11-15 06:22:12,861 - INFO: global_step=130823, episodic_return=-137.68463134765625
2022-11-15 06:22:14,999 - INFO: global_step=131823, episodic_return=-95.01360321044922
2022-11-15 06:22:17,753 - INFO: global_step=132823, episodic_return=-84.21788024902344
2022-11-15 06:22:19,815 - INFO: global_step=133823, episodic_return=-68.88157653808594
2022-11-15 06:22:21,950 - INFO: global_step=134823, episodic_return=-99.20216369628906
2022-11-15 06:22:24,018 - INFO: global_step=135823, episodic_return=-119.50142669677734
2022-11-15 06:22:26,142 - INFO: global_step=136823, episodic_return=-145.42584228515625
2022-11-15 06:22:28,715 - INFO: global_step=137823, episodic_return=-118.87501525878906
2022-11-15 06:22:29,104 - INFO: global_step=138140, episodic_return=-216.53038024902344
2022-11-15 06:22:31,573 - INFO: global_step=139116, episodic_return=-167.66012573242188
2022-11-15 06:22:31,739 - INFO: global_step=139301, episodic_return=-13.482536315917969
2022-11-15 06:22:33,225 - INFO: global_step=139921, episodic_return=229.5220489501953
2022-11-15 06:22:34,087 - INFO: global_step=140569, episodic_return=-320.9181213378906
2022-11-15 06:22:34,330 - INFO: global_step=140817, episodic_return=-49.0224494934082
2022-11-15 06:22:34,728 - INFO: global_step=141197, episodic_return=-219.417724609375
2022-11-15 06:22:35,017 - INFO: global_step=141497, episodic_return=-14.246566772460938
2022-11-15 06:22:36,782 - INFO: global_step=142497, episodic_return=-127.67694091796875
2022-11-15 06:22:38,668 - INFO: global_step=143497, episodic_return=-157.38058471679688
2022-11-15 06:22:40,599 - INFO: global_step=144497, episodic_return=-142.80401611328125
2022-11-15 06:22:42,406 - INFO: global_step=145497, episodic_return=-138.54339599609375
2022-11-15 06:22:44,513 - INFO: global_step=146497, episodic_return=-88.79953002929688
2022-11-15 06:22:45,706 - INFO: global_step=147497, episodic_return=-102.26995086669922
2022-11-15 06:22:47,410 - INFO: global_step=148497, episodic_return=-127.66849517822266
2022-11-15 06:22:49,339 - INFO: global_step=149497, episodic_return=-82.85245513916016
2022-11-15 06:22:51,971 - INFO: global_step=150497, episodic_return=-141.62657165527344
2022-11-15 06:22:53,470 - INFO: global_step=151497, episodic_return=-76.20097351074219
2022-11-15 06:22:56,097 - INFO: global_step=152497, episodic_return=-133.36724853515625
2022-11-15 06:22:57,949 - INFO: global_step=153497, episodic_return=-120.2586669921875
2022-11-15 06:22:59,541 - INFO: global_step=154497, episodic_return=-127.66095733642578
2022-11-15 06:23:01,520 - INFO: global_step=155497, episodic_return=-139.62030029296875
2022-11-15 06:23:03,355 - INFO: global_step=156497, episodic_return=-137.7863311767578
2022-11-15 06:23:05,351 - INFO: global_step=157497, episodic_return=-72.91395568847656
2022-11-15 06:23:06,917 - INFO: global_step=158497, episodic_return=-96.80850982666016
2022-11-15 06:23:08,859 - INFO: global_step=159497, episodic_return=-106.83525085449219
2022-11-15 06:23:10,647 - INFO: global_step=160497, episodic_return=-154.1758270263672
2022-11-15 06:23:12,990 - INFO: global_step=161497, episodic_return=-118.58258056640625
2022-11-15 06:23:15,253 - INFO: global_step=162497, episodic_return=-162.00221252441406
2022-11-15 06:23:17,618 - INFO: global_step=163497, episodic_return=-133.29820251464844
2022-11-15 06:23:20,154 - INFO: global_step=164497, episodic_return=-92.45352935791016
2022-11-15 06:23:21,619 - INFO: global_step=165497, episodic_return=-90.22581481933594
2022-11-15 06:23:23,622 - INFO: global_step=166497, episodic_return=-113.57820892333984
2022-11-15 06:23:25,915 - INFO: global_step=167497, episodic_return=-120.1388168334961
2022-11-15 06:23:27,592 - INFO: global_step=168497, episodic_return=-90.78241729736328
2022-11-15 06:23:29,591 - INFO: global_step=169497, episodic_return=-102.88710021972656
2022-11-15 06:23:31,828 - INFO: global_step=170497, episodic_return=-133.95733642578125
2022-11-15 06:23:33,406 - INFO: global_step=171497, episodic_return=-103.18189239501953
2022-11-15 06:23:35,077 - INFO: global_step=172497, episodic_return=-121.8953857421875
2022-11-15 06:23:37,033 - INFO: global_step=173497, episodic_return=-151.81640625
2022-11-15 06:23:38,800 - INFO: global_step=174497, episodic_return=-98.88245391845703
2022-11-15 06:23:40,898 - INFO: global_step=175497, episodic_return=-84.53878784179688
2022-11-15 06:23:42,910 - INFO: global_step=176497, episodic_return=-71.05297088623047
2022-11-15 06:23:45,124 - INFO: global_step=177497, episodic_return=-89.45509338378906
2022-11-15 06:23:47,045 - INFO: global_step=178497, episodic_return=-113.36392211914062
2022-11-15 06:23:48,609 - INFO: global_step=179497, episodic_return=-110.50682067871094
2022-11-15 06:23:50,776 - INFO: global_step=180497, episodic_return=-106.10206604003906
2022-11-15 06:23:52,948 - INFO: global_step=181497, episodic_return=-99.94998168945312
2022-11-15 06:23:54,893 - INFO: global_step=182497, episodic_return=-121.20361328125
2022-11-15 06:23:56,449 - INFO: global_step=183497, episodic_return=-95.94361114501953
2022-11-15 06:23:58,559 - INFO: global_step=184497, episodic_return=-122.34911346435547
2022-11-15 06:24:00,155 - INFO: global_step=185497, episodic_return=-72.48654174804688
2022-11-15 06:24:01,909 - INFO: global_step=186497, episodic_return=-93.2462158203125
2022-11-15 06:24:04,073 - INFO: global_step=187497, episodic_return=-79.63577270507812
2022-11-15 06:24:05,513 - INFO: global_step=188497, episodic_return=-84.22734069824219
2022-11-15 06:24:07,867 - INFO: global_step=189497, episodic_return=-76.43052673339844
2022-11-15 06:24:10,224 - INFO: global_step=190497, episodic_return=-105.47818756103516
2022-11-15 06:24:12,445 - INFO: global_step=191497, episodic_return=-47.141841888427734
2022-11-15 06:24:14,699 - INFO: global_step=192497, episodic_return=-74.6013412475586
2022-11-15 06:24:16,477 - INFO: global_step=193497, episodic_return=-68.01185607910156
2022-11-15 06:24:17,968 - INFO: global_step=194497, episodic_return=-69.46131134033203
2022-11-15 06:24:19,501 - INFO: global_step=195497, episodic_return=-61.77788543701172
2022-11-15 06:24:20,953 - INFO: global_step=196497, episodic_return=-61.70405197143555
2022-11-15 06:24:22,441 - INFO: global_step=197497, episodic_return=-54.233158111572266
2022-11-15 06:24:23,873 - INFO: global_step=198497, episodic_return=-36.6244010925293
2022-11-15 06:24:25,142 - INFO: global_step=199497, episodic_return=-24.55495834350586
2022-11-15 06:24:25,278 - INFO: global_step=199692, episodic_return=-56.4047966003418
2022-11-15 06:24:26,483 - INFO: global_step=200692, episodic_return=-9.66770076751709
2022-11-15 06:24:28,336 - INFO: global_step=201692, episodic_return=-10.559868812561035
2022-11-15 06:24:29,742 - INFO: global_step=202692, episodic_return=-60.17321014404297
2022-11-15 06:24:31,073 - INFO: global_step=203692, episodic_return=-75.3939208984375
2022-11-15 06:24:32,780 - INFO: global_step=204692, episodic_return=-111.85877990722656
2022-11-15 06:24:34,139 - INFO: global_step=205692, episodic_return=-97.08403015136719
2022-11-15 06:24:34,861 - INFO: global_step=206307, episodic_return=-154.70751953125
2022-11-15 06:24:35,009 - INFO: global_step=206496, episodic_return=-57.844520568847656
2022-11-15 06:24:36,142 - INFO: global_step=207496, episodic_return=-88.77765655517578
2022-11-15 06:24:38,043 - INFO: global_step=208496, episodic_return=-147.8773193359375
2022-11-15 06:24:40,159 - INFO: global_step=209449, episodic_return=-229.9449462890625
2022-11-15 06:24:40,543 - INFO: global_step=209781, episodic_return=-124.88607788085938
2022-11-15 06:24:40,867 - INFO: global_step=210102, episodic_return=-119.3802719116211
2022-11-15 06:24:42,757 - INFO: global_step=211102, episodic_return=-122.59228515625
2022-11-15 06:24:44,560 - INFO: global_step=212102, episodic_return=-101.13790130615234
2022-11-15 06:24:44,732 - INFO: global_step=212340, episodic_return=-100.94213104248047
2022-11-15 06:24:46,202 - INFO: global_step=213340, episodic_return=-86.08233642578125
2022-11-15 06:24:47,913 - INFO: global_step=214340, episodic_return=-121.77384948730469
2022-11-15 06:24:49,664 - INFO: global_step=215340, episodic_return=-49.4099006652832
2022-11-15 06:24:50,891 - INFO: global_step=216340, episodic_return=-83.201416015625
2022-11-15 06:24:52,248 - INFO: global_step=217340, episodic_return=-84.8392333984375
2022-11-15 06:24:52,496 - INFO: global_step=217648, episodic_return=-96.56331634521484
2022-11-15 06:24:54,333 - INFO: global_step=218648, episodic_return=-88.53962707519531
2022-11-15 06:24:56,154 - INFO: global_step=219648, episodic_return=-124.00387573242188
2022-11-15 06:24:57,564 - INFO: global_step=220648, episodic_return=-132.2480010986328
2022-11-15 06:24:59,107 - INFO: global_step=221648, episodic_return=-112.66388702392578
2022-11-15 06:25:00,965 - INFO: global_step=222648, episodic_return=-137.7440185546875
2022-11-15 06:25:03,114 - INFO: global_step=223648, episodic_return=-87.98265838623047
2022-11-15 06:25:04,802 - INFO: global_step=224648, episodic_return=-82.82120513916016
2022-11-15 06:25:06,557 - INFO: global_step=225648, episodic_return=-120.66944885253906
2022-11-15 06:25:08,527 - INFO: global_step=226648, episodic_return=-58.733673095703125
2022-11-15 06:25:10,237 - INFO: global_step=227648, episodic_return=-118.90383911132812
2022-11-15 06:25:12,204 - INFO: global_step=228648, episodic_return=-112.88656616210938
2022-11-15 06:25:13,668 - INFO: global_step=229648, episodic_return=-123.2114486694336
2022-11-15 06:25:15,402 - INFO: global_step=230648, episodic_return=-92.240966796875
2022-11-15 06:25:17,361 - INFO: global_step=231648, episodic_return=-117.61016845703125
2022-11-15 06:25:18,986 - INFO: global_step=232648, episodic_return=-62.947933197021484
2022-11-15 06:25:20,157 - INFO: global_step=233648, episodic_return=-86.12901306152344
2022-11-15 06:25:21,559 - INFO: global_step=234648, episodic_return=-41.61870574951172
2022-11-15 06:25:22,842 - INFO: global_step=235648, episodic_return=-94.93441009521484
2022-11-15 06:25:24,107 - INFO: global_step=236648, episodic_return=-82.52156066894531
2022-11-15 06:25:25,713 - INFO: global_step=237648, episodic_return=-55.27487564086914
2022-11-15 06:25:27,031 - INFO: global_step=238648, episodic_return=-76.3664779663086
2022-11-15 06:25:28,337 - INFO: global_step=239648, episodic_return=-32.62828063964844
2022-11-15 06:25:30,302 - INFO: global_step=240648, episodic_return=-100.7444076538086
2022-11-15 06:25:31,535 - INFO: global_step=241648, episodic_return=-77.32759094238281
2022-11-15 06:25:34,124 - INFO: global_step=242648, episodic_return=-120.4489974975586
2022-11-15 06:25:35,523 - INFO: global_step=243648, episodic_return=-108.97100067138672
2022-11-15 06:25:37,121 - INFO: global_step=244648, episodic_return=-111.3612060546875
2022-11-15 06:25:38,467 - INFO: global_step=245648, episodic_return=-115.77812957763672
2022-11-15 06:25:40,201 - INFO: global_step=246648, episodic_return=-114.65336608886719
2022-11-15 06:25:42,290 - INFO: global_step=247648, episodic_return=-90.24143981933594
2022-11-15 06:25:43,755 - INFO: global_step=248648, episodic_return=-101.60848999023438
2022-11-15 06:25:45,013 - INFO: global_step=249648, episodic_return=-75.51630401611328
2022-11-15 06:25:47,041 - INFO: global_step=250648, episodic_return=-23.471248626708984
2022-11-15 06:25:48,868 - INFO: global_step=251648, episodic_return=-70.44886016845703
2022-11-15 06:25:50,333 - INFO: global_step=252648, episodic_return=-104.3157730102539
2022-11-15 06:25:52,410 - INFO: global_step=253648, episodic_return=-78.46271514892578
2022-11-15 06:25:53,922 - INFO: global_step=254648, episodic_return=-121.12440490722656
2022-11-15 06:25:55,663 - INFO: global_step=255648, episodic_return=-53.05172348022461
2022-11-15 06:25:57,673 - INFO: global_step=256648, episodic_return=-117.21002960205078
2022-11-15 06:25:59,499 - INFO: global_step=257648, episodic_return=-98.08030700683594
2022-11-15 06:26:01,061 - INFO: global_step=258648, episodic_return=-68.38687896728516
2022-11-15 06:26:02,553 - INFO: global_step=259648, episodic_return=-43.19388198852539
2022-11-15 06:26:04,849 - INFO: global_step=260648, episodic_return=-126.19087982177734
2022-11-15 06:26:06,628 - INFO: global_step=261648, episodic_return=-79.33419036865234
2022-11-15 06:26:08,993 - INFO: global_step=262648, episodic_return=-86.75342559814453
2022-11-15 06:26:10,535 - INFO: global_step=263648, episodic_return=-144.58731079101562
2022-11-15 06:26:11,664 - INFO: global_step=264648, episodic_return=-106.20491790771484
2022-11-15 06:26:13,105 - INFO: global_step=265648, episodic_return=-145.56698608398438
2022-11-15 06:26:14,696 - INFO: global_step=266648, episodic_return=-100.5135498046875
2022-11-15 06:26:16,034 - INFO: global_step=267648, episodic_return=-115.70008087158203
2022-11-15 06:26:17,155 - INFO: global_step=268648, episodic_return=-110.25578308105469
2022-11-15 06:26:18,880 - INFO: global_step=269648, episodic_return=-107.88104248046875
2022-11-15 06:26:20,530 - INFO: global_step=270648, episodic_return=-94.60660552978516
2022-11-15 06:26:21,872 - INFO: global_step=271648, episodic_return=-100.4367904663086
2022-11-15 06:26:24,047 - INFO: global_step=272648, episodic_return=-93.06145477294922
2022-11-15 06:26:26,116 - INFO: global_step=273648, episodic_return=-110.13565826416016
2022-11-15 06:26:27,369 - INFO: global_step=274648, episodic_return=-64.67215728759766
2022-11-15 06:26:28,910 - INFO: global_step=275648, episodic_return=-124.76265716552734
2022-11-15 06:26:30,580 - INFO: global_step=276648, episodic_return=-92.21830749511719
2022-11-15 06:26:31,839 - INFO: global_step=277648, episodic_return=-111.40131378173828
2022-11-15 06:26:33,253 - INFO: global_step=278648, episodic_return=-89.60943603515625
2022-11-15 06:26:34,964 - INFO: global_step=279648, episodic_return=-104.70761108398438
2022-11-15 06:26:36,261 - INFO: global_step=280648, episodic_return=-22.503570556640625
2022-11-15 06:26:36,396 - INFO: global_step=280847, episodic_return=-114.33641052246094
2022-11-15 06:26:37,811 - INFO: global_step=281847, episodic_return=-65.43400573730469
2022-11-15 06:26:39,331 - INFO: global_step=282847, episodic_return=-92.83121490478516
2022-11-15 06:26:41,087 - INFO: global_step=283847, episodic_return=-95.44310760498047
2022-11-15 06:26:42,473 - INFO: global_step=284847, episodic_return=-134.13653564453125
2022-11-15 06:26:44,259 - INFO: global_step=285847, episodic_return=-37.818092346191406
2022-11-15 06:26:45,466 - INFO: global_step=286847, episodic_return=-96.03984832763672
2022-11-15 06:26:46,653 - INFO: global_step=287847, episodic_return=-74.1302490234375
2022-11-15 06:26:48,331 - INFO: global_step=288847, episodic_return=-103.40768432617188
2022-11-15 06:26:50,095 - INFO: global_step=289847, episodic_return=-109.94503021240234
2022-11-15 06:26:51,442 - INFO: global_step=290847, episodic_return=-54.39081954956055
2022-11-15 06:26:52,765 - INFO: global_step=291847, episodic_return=-127.98728942871094
2022-11-15 06:26:54,042 - INFO: global_step=292847, episodic_return=-89.22710418701172
2022-11-15 06:26:55,351 - INFO: global_step=293847, episodic_return=-121.63420104980469
2022-11-15 06:26:56,732 - INFO: global_step=294847, episodic_return=-46.58528518676758
2022-11-15 06:26:58,101 - INFO: global_step=295847, episodic_return=-102.38998413085938
2022-11-15 06:26:59,734 - INFO: global_step=296847, episodic_return=-115.5046157836914
2022-11-15 06:27:00,970 - INFO: global_step=297847, episodic_return=-110.03683471679688
2022-11-15 06:27:02,626 - INFO: global_step=298847, episodic_return=-96.67007446289062
2022-11-15 06:27:04,740 - INFO: global_step=299847, episodic_return=-113.19099426269531
2022-11-15 06:27:06,147 - INFO: global_step=300847, episodic_return=-107.85698699951172
2022-11-15 06:27:06,273 - INFO: global_step=301025, episodic_return=-156.6976776123047
2022-11-15 06:27:06,368 - INFO: global_step=301148, episodic_return=-140.81689453125
2022-11-15 06:27:07,665 - INFO: global_step=302148, episodic_return=-94.14669036865234
2022-11-15 06:27:08,955 - INFO: global_step=303148, episodic_return=-134.52590942382812
2022-11-15 06:27:11,238 - INFO: global_step=304148, episodic_return=-139.90005493164062
2022-11-15 06:27:12,556 - INFO: global_step=305148, episodic_return=-137.48922729492188
2022-11-15 06:27:13,889 - INFO: global_step=306148, episodic_return=-29.093137741088867
2022-11-15 06:27:15,506 - INFO: global_step=307148, episodic_return=-81.74539184570312
2022-11-15 06:27:16,619 - INFO: global_step=308148, episodic_return=-102.56766510009766
2022-11-15 06:27:17,910 - INFO: global_step=309148, episodic_return=-64.80797576904297
2022-11-15 06:27:19,215 - INFO: global_step=310148, episodic_return=-84.92936706542969
2022-11-15 06:27:20,312 - INFO: global_step=311148, episodic_return=-108.35493469238281
2022-11-15 06:27:21,894 - INFO: global_step=312148, episodic_return=-114.15098571777344
2022-11-15 06:27:22,966 - INFO: global_step=313148, episodic_return=-95.19099426269531
2022-11-15 06:27:24,257 - INFO: global_step=314148, episodic_return=-97.23836517333984
2022-11-15 06:27:25,474 - INFO: global_step=315148, episodic_return=-100.10101318359375
2022-11-15 06:27:27,522 - INFO: global_step=316148, episodic_return=-118.89251708984375
2022-11-15 06:27:29,171 - INFO: global_step=317148, episodic_return=-95.42156219482422
2022-11-15 06:27:30,872 - INFO: global_step=318148, episodic_return=-114.8290786743164
2022-11-15 06:27:32,610 - INFO: global_step=319148, episodic_return=-114.99356842041016
2022-11-15 06:27:33,781 - INFO: global_step=320148, episodic_return=-91.28731536865234
2022-11-15 06:27:35,168 - INFO: global_step=321148, episodic_return=-99.12434387207031
2022-11-15 06:27:36,758 - INFO: global_step=322148, episodic_return=-56.76551818847656
2022-11-15 06:27:38,312 - INFO: global_step=323148, episodic_return=-60.5424919128418
2022-11-15 06:27:38,432 - INFO: global_step=323275, episodic_return=-116.4041748046875
2022-11-15 06:27:39,842 - INFO: global_step=324275, episodic_return=-30.238319396972656
2022-11-15 06:27:41,070 - INFO: global_step=325136, episodic_return=-232.87191772460938
2022-11-15 06:27:41,568 - INFO: global_step=325602, episodic_return=-219.36000061035156
2022-11-15 06:27:43,303 - INFO: global_step=326602, episodic_return=-35.23320770263672
2022-11-15 06:27:45,309 - INFO: global_step=327602, episodic_return=-22.950313568115234
2022-11-15 06:27:47,001 - INFO: global_step=328602, episodic_return=-56.7315559387207
2022-11-15 06:27:48,843 - INFO: global_step=329602, episodic_return=-101.36377716064453
2022-11-15 06:27:49,962 - INFO: global_step=330602, episodic_return=-110.97957611083984
2022-11-15 06:27:51,495 - INFO: global_step=331602, episodic_return=-43.93278884887695
2022-11-15 06:27:52,746 - INFO: global_step=332602, episodic_return=-129.7697296142578
2022-11-15 06:27:54,491 - INFO: global_step=333602, episodic_return=-103.3449935913086
2022-11-15 06:27:56,705 - INFO: global_step=334602, episodic_return=-95.25489807128906
2022-11-15 06:27:57,979 - INFO: global_step=335602, episodic_return=-90.08617401123047
2022-11-15 06:27:59,629 - INFO: global_step=336602, episodic_return=-69.07396697998047
2022-11-15 06:28:00,845 - INFO: global_step=337602, episodic_return=-147.13302612304688
2022-11-15 06:28:02,130 - INFO: global_step=338602, episodic_return=-81.0350341796875
2022-11-15 06:28:03,479 - INFO: global_step=339602, episodic_return=-91.37692260742188
2022-11-15 06:28:05,022 - INFO: global_step=340602, episodic_return=-114.2554931640625
2022-11-15 06:28:06,406 - INFO: global_step=341602, episodic_return=-97.8456039428711
2022-11-15 06:28:08,017 - INFO: global_step=342602, episodic_return=-86.21346282958984
2022-11-15 06:28:09,767 - INFO: global_step=343602, episodic_return=-94.12094116210938
2022-11-15 06:28:11,376 - INFO: global_step=344602, episodic_return=-111.2911605834961
2022-11-15 06:28:12,735 - INFO: global_step=345602, episodic_return=-49.44642639160156
2022-11-15 06:28:15,012 - INFO: global_step=346602, episodic_return=-129.12196350097656
2022-11-15 06:28:17,153 - INFO: global_step=347602, episodic_return=-78.87271881103516
2022-11-15 06:28:18,447 - INFO: global_step=348602, episodic_return=-61.75954818725586
2022-11-15 06:28:18,686 - INFO: global_step=348747, episodic_return=-107.82569885253906
2022-11-15 06:28:20,425 - INFO: global_step=349747, episodic_return=-71.595703125
2022-11-15 06:28:21,849 - INFO: global_step=350747, episodic_return=-87.36597442626953
2022-11-15 06:28:23,513 - INFO: global_step=351747, episodic_return=-121.4732894897461
2022-11-15 06:28:25,680 - INFO: global_step=352747, episodic_return=-65.16388702392578
2022-11-15 06:28:27,181 - INFO: global_step=353747, episodic_return=-76.89129638671875
2022-11-15 06:28:28,751 - INFO: global_step=354747, episodic_return=-97.10273742675781
2022-11-15 06:28:30,685 - INFO: global_step=355747, episodic_return=-138.2758026123047
2022-11-15 06:28:32,037 - INFO: global_step=356747, episodic_return=-36.640621185302734
2022-11-15 06:28:33,524 - INFO: global_step=357747, episodic_return=-102.10940551757812
2022-11-15 06:28:35,819 - INFO: global_step=358747, episodic_return=-95.17103576660156
2022-11-15 06:28:37,436 - INFO: global_step=359747, episodic_return=-108.17588806152344
2022-11-15 06:28:39,336 - INFO: global_step=360747, episodic_return=-99.14629364013672
2022-11-15 06:28:41,875 - INFO: global_step=361747, episodic_return=-61.318965911865234
2022-11-15 06:28:43,627 - INFO: global_step=362747, episodic_return=-64.69401550292969
2022-11-15 06:28:45,733 - INFO: global_step=363747, episodic_return=-112.67752075195312
2022-11-15 06:28:46,930 - INFO: global_step=364747, episodic_return=-101.12702178955078
2022-11-15 06:28:47,997 - INFO: global_step=365747, episodic_return=-110.20726013183594
2022-11-15 06:28:49,511 - INFO: global_step=366747, episodic_return=-97.84100341796875
2022-11-15 06:28:51,128 - INFO: global_step=367747, episodic_return=-75.44792175292969
2022-11-15 06:28:52,724 - INFO: global_step=368747, episodic_return=-128.15724182128906
2022-11-15 06:28:53,880 - INFO: global_step=369747, episodic_return=-78.03225708007812
2022-11-15 06:28:55,105 - INFO: global_step=370747, episodic_return=-97.6980972290039
2022-11-15 06:28:56,458 - INFO: global_step=371747, episodic_return=-83.75448608398438
2022-11-15 06:28:57,767 - INFO: global_step=372747, episodic_return=-110.14042663574219
2022-11-15 06:28:59,086 - INFO: global_step=373747, episodic_return=-107.48799133300781
2022-11-15 06:29:00,846 - INFO: global_step=374747, episodic_return=-103.63139343261719
2022-11-15 06:29:02,631 - INFO: global_step=375747, episodic_return=-77.13739013671875
2022-11-15 06:29:04,487 - INFO: global_step=376747, episodic_return=-94.39926147460938
2022-11-15 06:29:05,490 - INFO: global_step=377747, episodic_return=-89.19865417480469
2022-11-15 06:29:06,698 - INFO: global_step=378747, episodic_return=-98.4847183227539
2022-11-15 06:29:08,660 - INFO: global_step=379747, episodic_return=-117.4110107421875
2022-11-15 06:29:10,046 - INFO: global_step=380747, episodic_return=-87.60198974609375
2022-11-15 06:29:11,314 - INFO: global_step=381747, episodic_return=-112.30387115478516
2022-11-15 06:29:12,869 - INFO: global_step=382747, episodic_return=-109.18860626220703
2022-11-15 06:29:14,957 - INFO: global_step=383747, episodic_return=-76.77851867675781
2022-11-15 06:29:16,902 - INFO: global_step=384747, episodic_return=-98.4624252319336
2022-11-15 06:29:18,359 - INFO: global_step=385747, episodic_return=-84.27011108398438
2022-11-15 06:29:20,100 - INFO: global_step=386747, episodic_return=-87.68111419677734
2022-11-15 06:29:21,622 - INFO: global_step=387747, episodic_return=-108.16588592529297
2022-11-15 06:29:22,640 - INFO: global_step=388747, episodic_return=-102.48146057128906
2022-11-15 06:29:24,419 - INFO: global_step=389747, episodic_return=-89.57608795166016
2022-11-15 06:29:26,306 - INFO: global_step=390747, episodic_return=-89.4888916015625
2022-11-15 06:29:28,019 - INFO: global_step=391747, episodic_return=-84.99217987060547
2022-11-15 06:29:29,468 - INFO: global_step=392747, episodic_return=-83.2425765991211
2022-11-15 06:29:31,200 - INFO: global_step=393747, episodic_return=-107.71417236328125
2022-11-15 06:29:33,169 - INFO: global_step=394747, episodic_return=-71.64247131347656
2022-11-15 06:29:34,754 - INFO: global_step=395747, episodic_return=-80.52225494384766
2022-11-15 06:29:36,569 - INFO: global_step=396747, episodic_return=-69.65113830566406
2022-11-15 06:29:38,878 - INFO: global_step=397747, episodic_return=-74.520751953125
2022-11-15 06:29:40,644 - INFO: global_step=398747, episodic_return=-81.89926147460938
2022-11-15 06:29:42,439 - INFO: global_step=399747, episodic_return=-61.74040222167969
2022-11-15 06:29:44,384 - INFO: global_step=400747, episodic_return=-18.978151321411133
2022-11-15 06:29:44,679 - INFO: global_step=401061, episodic_return=-159.77761840820312
2022-11-15 06:29:44,771 - INFO: global_step=401195, episodic_return=-147.95614624023438
2022-11-15 06:29:44,852 - INFO: global_step=401315, episodic_return=-190.64825439453125
2022-11-15 06:29:46,126 - INFO: global_step=402315, episodic_return=-53.38286209106445
2022-11-15 06:29:46,554 - INFO: global_step=402747, episodic_return=-117.92842864990234
2022-11-15 06:29:47,399 - INFO: global_step=403507, episodic_return=-225.12493896484375
2022-11-15 06:29:48,470 - INFO: global_step=404228, episodic_return=-290.7278137207031
2022-11-15 06:29:48,577 - INFO: global_step=404351, episodic_return=-80.65653991699219
2022-11-15 06:29:48,781 - INFO: global_step=404557, episodic_return=-73.16352844238281
2022-11-15 06:29:48,898 - INFO: global_step=404701, episodic_return=-128.70919799804688
2022-11-15 06:29:49,739 - INFO: global_step=405275, episodic_return=-191.09927368164062
2022-11-15 06:29:49,833 - INFO: global_step=405398, episodic_return=-149.59339904785156
2022-11-15 06:29:51,428 - INFO: global_step=406398, episodic_return=-29.28826332092285
2022-11-15 06:29:53,009 - INFO: global_step=407398, episodic_return=-83.11071014404297
2022-11-15 06:29:54,817 - INFO: global_step=408398, episodic_return=-113.53131866455078
2022-11-15 06:29:56,794 - INFO: global_step=409398, episodic_return=-10.906763076782227
2022-11-15 06:29:58,250 - INFO: global_step=410398, episodic_return=-89.97738647460938
2022-11-15 06:29:59,797 - INFO: global_step=411398, episodic_return=-119.3735580444336
2022-11-15 06:30:01,167 - INFO: global_step=412398, episodic_return=-77.53055572509766
2022-11-15 06:30:02,664 - INFO: global_step=413398, episodic_return=-116.3207015991211
2022-11-15 06:30:04,462 - INFO: global_step=414398, episodic_return=-138.93655395507812
2022-11-15 06:30:06,422 - INFO: global_step=415398, episodic_return=-142.56764221191406
2022-11-15 06:30:08,244 - INFO: global_step=416398, episodic_return=-122.37037658691406
2022-11-15 06:30:10,309 - INFO: global_step=417398, episodic_return=-108.92218780517578
2022-11-15 06:30:12,322 - INFO: global_step=418398, episodic_return=-98.72559356689453
2022-11-15 06:30:14,021 - INFO: global_step=419398, episodic_return=-93.42862701416016
2022-11-15 06:30:15,297 - INFO: global_step=420398, episodic_return=-90.97760772705078
2022-11-15 06:30:17,409 - INFO: global_step=421398, episodic_return=-95.25735473632812
2022-11-15 06:30:19,574 - INFO: global_step=422398, episodic_return=-93.73564147949219
2022-11-15 06:30:20,918 - INFO: global_step=423398, episodic_return=-118.68464660644531
2022-11-15 06:30:23,049 - INFO: global_step=424398, episodic_return=-110.16667938232422
2022-11-15 06:30:24,132 - INFO: global_step=425398, episodic_return=-89.49532318115234
2022-11-15 06:30:25,802 - INFO: global_step=426398, episodic_return=-101.67291259765625
2022-11-15 06:30:27,499 - INFO: global_step=427398, episodic_return=-100.26837921142578
2022-11-15 06:30:29,440 - INFO: global_step=428398, episodic_return=-83.96678161621094
2022-11-15 06:30:30,946 - INFO: global_step=429398, episodic_return=-84.81785583496094
2022-11-15 06:30:32,200 - INFO: global_step=430398, episodic_return=-45.13440704345703
2022-11-15 06:30:33,750 - INFO: global_step=431398, episodic_return=-69.11043548583984
2022-11-15 06:30:35,125 - INFO: global_step=432398, episodic_return=-101.50183868408203
2022-11-15 06:30:37,074 - INFO: global_step=433398, episodic_return=-67.04794311523438
2022-11-15 06:30:39,096 - INFO: global_step=434398, episodic_return=-102.36550903320312
2022-11-15 06:30:40,516 - INFO: global_step=435398, episodic_return=-115.43924713134766
2022-11-15 06:30:42,404 - INFO: global_step=436398, episodic_return=-117.38472747802734
2022-11-15 06:30:44,509 - INFO: global_step=437398, episodic_return=-117.4281005859375
2022-11-15 06:30:46,640 - INFO: global_step=438398, episodic_return=-44.82398986816406
2022-11-15 06:30:46,763 - INFO: global_step=438558, episodic_return=-96.79026794433594
2022-11-15 06:30:48,581 - INFO: global_step=439558, episodic_return=-99.64676666259766
2022-11-15 06:30:50,056 - INFO: global_step=440558, episodic_return=-15.480142593383789
2022-11-15 06:30:51,707 - INFO: global_step=441558, episodic_return=-47.47267150878906
2022-11-15 06:30:53,967 - INFO: global_step=442558, episodic_return=-65.71186828613281
2022-11-15 06:30:55,429 - INFO: global_step=443558, episodic_return=-55.76051330566406
2022-11-15 06:30:57,099 - INFO: global_step=444558, episodic_return=-84.84426879882812
2022-11-15 06:30:58,573 - INFO: global_step=445558, episodic_return=-65.3337173461914
2022-11-15 06:31:00,058 - INFO: global_step=446558, episodic_return=-55.30457305908203
2022-11-15 06:31:01,347 - INFO: global_step=447558, episodic_return=25.912464141845703
2022-11-15 06:31:02,895 - INFO: global_step=448558, episodic_return=-71.8046875
2022-11-15 06:31:04,278 - INFO: global_step=449558, episodic_return=-55.63916778564453
2022-11-15 06:31:05,018 - INFO: global_step=450183, episodic_return=-157.72528076171875
2022-11-15 06:31:06,445 - INFO: global_step=451183, episodic_return=-12.813925743103027
2022-11-15 06:31:07,505 - INFO: global_step=452183, episodic_return=-89.11473083496094
2022-11-15 06:31:09,422 - INFO: global_step=453108, episodic_return=67.8658447265625
2022-11-15 06:31:09,821 - INFO: global_step=453520, episodic_return=-65.5980224609375
2022-11-15 06:31:10,758 - INFO: global_step=454138, episodic_return=-108.3907699584961
2022-11-15 06:31:12,539 - INFO: global_step=455138, episodic_return=-70.68408966064453
2022-11-15 06:31:14,407 - INFO: global_step=456138, episodic_return=-91.9975814819336
2022-11-15 06:31:16,117 - INFO: global_step=457138, episodic_return=-52.08357238769531
2022-11-15 06:31:17,452 - INFO: global_step=457953, episodic_return=78.21920776367188
2022-11-15 06:31:18,925 - INFO: global_step=458953, episodic_return=-110.24897003173828
2022-11-15 06:31:20,269 - INFO: global_step=459953, episodic_return=-48.54840850830078
2022-11-15 06:31:21,294 - INFO: global_step=460624, episodic_return=178.61343383789062
2022-11-15 06:31:22,193 - INFO: global_step=461302, episodic_return=137.95469665527344
2022-11-15 06:31:22,233 - INFO: global_step=461355, episodic_return=-181.51358032226562
2022-11-15 06:31:22,711 - INFO: global_step=461785, episodic_return=-87.88990020751953
2022-11-15 06:31:23,745 - INFO: global_step=462785, episodic_return=-84.10541534423828
2022-11-15 06:31:24,929 - INFO: global_step=463785, episodic_return=-112.47718048095703
2022-11-15 06:31:26,501 - INFO: global_step=464785, episodic_return=-99.1573715209961
2022-11-15 06:31:28,107 - INFO: global_step=465785, episodic_return=-61.36466979980469
2022-11-15 06:31:29,894 - INFO: global_step=466785, episodic_return=-84.87482452392578
2022-11-15 06:31:31,039 - INFO: global_step=467785, episodic_return=-123.33240509033203
2022-11-15 06:31:32,430 - INFO: global_step=468785, episodic_return=-126.46553039550781
2022-11-15 06:31:34,071 - INFO: global_step=469785, episodic_return=-142.38330078125
2022-11-15 06:31:36,730 - INFO: global_step=470785, episodic_return=-123.59480285644531
2022-11-15 06:31:38,560 - INFO: global_step=471785, episodic_return=-115.74040985107422
2022-11-15 06:31:39,985 - INFO: global_step=472785, episodic_return=-87.23127746582031
2022-11-15 06:31:41,232 - INFO: global_step=473785, episodic_return=-120.48734283447266
2022-11-15 06:31:43,338 - INFO: global_step=474785, episodic_return=-93.07958221435547
2022-11-15 06:31:44,666 - INFO: global_step=475785, episodic_return=-71.08935546875
2022-11-15 06:31:46,320 - INFO: global_step=476785, episodic_return=-80.59716033935547
2022-11-15 06:31:47,531 - INFO: global_step=477785, episodic_return=-46.810646057128906
2022-11-15 06:31:48,741 - INFO: global_step=478785, episodic_return=-124.8656005859375
2022-11-15 06:31:49,899 - INFO: global_step=479785, episodic_return=-115.02875518798828
2022-11-15 06:31:51,312 - INFO: global_step=480785, episodic_return=-115.20992279052734
2022-11-15 06:31:53,073 - INFO: global_step=481785, episodic_return=-80.08617401123047
2022-11-15 06:31:54,824 - INFO: global_step=482785, episodic_return=-110.7108154296875
2022-11-15 06:31:56,463 - INFO: global_step=483785, episodic_return=-71.60372161865234
2022-11-15 06:31:57,994 - INFO: global_step=484785, episodic_return=-36.068050384521484
2022-11-15 06:31:59,306 - INFO: global_step=485785, episodic_return=-111.68909454345703
2022-11-15 06:32:01,347 - INFO: global_step=486785, episodic_return=-141.16098022460938
2022-11-15 06:32:02,676 - INFO: global_step=487785, episodic_return=-96.77812194824219
2022-11-15 06:32:04,263 - INFO: global_step=488785, episodic_return=-113.11959075927734
2022-11-15 06:32:06,590 - INFO: global_step=489785, episodic_return=-143.12376403808594
2022-11-15 06:32:09,168 - INFO: global_step=490785, episodic_return=-151.22396850585938
2022-11-15 06:32:10,512 - INFO: global_step=491785, episodic_return=-116.72080993652344
2022-11-15 06:32:11,997 - INFO: global_step=492785, episodic_return=-134.30593872070312
2022-11-15 06:32:13,306 - INFO: global_step=493785, episodic_return=-120.60755920410156
2022-11-15 06:32:14,716 - INFO: global_step=494785, episodic_return=-109.34733581542969
2022-11-15 06:32:16,653 - INFO: global_step=495785, episodic_return=-130.203125
2022-11-15 06:32:18,738 - INFO: global_step=496785, episodic_return=-150.36679077148438
2022-11-15 06:32:20,647 - INFO: global_step=497785, episodic_return=-92.8318099975586
2022-11-15 06:32:22,189 - INFO: global_step=498785, episodic_return=-140.7222137451172
2022-11-15 06:32:22,310 - INFO: global_step=498951, episodic_return=-105.19249725341797
2022-11-15 06:32:22,977 - INFO: global_step=499546, episodic_return=-294.1392822265625
2022-11-15 06:32:23,084 - INFO: global_step=499686, episodic_return=-215.94937133789062
2022-11-15 06:32:23,382 - INFO: The average reward of last 20 steps: -129.29324207305908
