2022-11-15 10:01:51,074 - INFO: +--------------------------+----------------+
| Parameter                | Value          |
+--------------------------+----------------+
| exp_name                 | dqn            |
+--------------------------+----------------+
| seed                     | 42             |
+--------------------------+----------------+
| total_timesteps          | 500000         |
+--------------------------+----------------+
| learning_rate            | 0.001          |
+--------------------------+----------------+
| buffer_size              | 2000           |
+--------------------------+----------------+
| gamma                    | 0.982          |
+--------------------------+----------------+
| target_network_frequency | 50             |
+--------------------------+----------------+
| batch_size               | 128            |
+--------------------------+----------------+
| start_e                  | 0.900          |
+--------------------------+----------------+
| end_e                    | 0.050          |
+--------------------------+----------------+
| exploration_fraction     | 0.200          |
+--------------------------+----------------+
| learning_starts          | 10000          |
+--------------------------+----------------+
| train_frequency          | 10             |
+--------------------------+----------------+
| env_id                   | LunarLander-v2 |
+--------------------------+----------------+
2022-11-15 10:01:54,159 - INFO: global_step=112, episodic_return=-339.75921630859375
2022-11-15 10:01:54,186 - INFO: global_step=233, episodic_return=-152.68775939941406
2022-11-15 10:01:54,199 - INFO: global_step=299, episodic_return=-109.94239807128906
2022-11-15 10:01:54,224 - INFO: global_step=416, episodic_return=-203.19461059570312
2022-11-15 10:01:54,245 - INFO: global_step=527, episodic_return=-443.8146057128906
2022-11-15 10:01:54,267 - INFO: global_step=645, episodic_return=-16.002593994140625
2022-11-15 10:01:54,279 - INFO: global_step=707, episodic_return=-80.40404510498047
2022-11-15 10:01:54,293 - INFO: global_step=772, episodic_return=-328.1663818359375
2022-11-15 10:01:54,312 - INFO: global_step=865, episodic_return=-308.7459411621094
2022-11-15 10:01:54,332 - INFO: global_step=967, episodic_return=-176.49862670898438
2022-11-15 10:01:54,345 - INFO: global_step=1039, episodic_return=-86.45096588134766
2022-11-15 10:01:54,370 - INFO: global_step=1168, episodic_return=-100.63036346435547
2022-11-15 10:01:54,386 - INFO: global_step=1243, episodic_return=-93.68302154541016
2022-11-15 10:01:54,417 - INFO: global_step=1357, episodic_return=-179.7889404296875
2022-11-15 10:01:54,446 - INFO: global_step=1477, episodic_return=-148.72283935546875
2022-11-15 10:01:54,481 - INFO: global_step=1543, episodic_return=-135.9311981201172
2022-11-15 10:01:54,501 - INFO: global_step=1627, episodic_return=-235.9106903076172
2022-11-15 10:01:54,545 - INFO: global_step=1709, episodic_return=-146.7440948486328
2022-11-15 10:01:54,593 - INFO: global_step=1802, episodic_return=-269.2724609375
2022-11-15 10:01:54,665 - INFO: global_step=1977, episodic_return=-153.07801818847656
2022-11-15 10:01:54,713 - INFO: global_step=2058, episodic_return=-92.08556365966797
2022-11-15 10:01:54,759 - INFO: global_step=2183, episodic_return=-198.345458984375
2022-11-15 10:01:54,775 - INFO: global_step=2253, episodic_return=-118.945068359375
2022-11-15 10:01:54,801 - INFO: global_step=2372, episodic_return=-471.9376220703125
2022-11-15 10:01:54,838 - INFO: global_step=2518, episodic_return=-165.21875
2022-11-15 10:01:54,869 - INFO: global_step=2622, episodic_return=-326.96661376953125
2022-11-15 10:01:54,911 - INFO: global_step=2754, episodic_return=-90.74867248535156
2022-11-15 10:01:54,925 - INFO: global_step=2838, episodic_return=-139.91246032714844
2022-11-15 10:01:54,943 - INFO: global_step=2921, episodic_return=-166.60935974121094
2022-11-15 10:01:54,962 - INFO: global_step=3001, episodic_return=-144.57115173339844
2022-11-15 10:01:54,981 - INFO: global_step=3096, episodic_return=-368.6451721191406
2022-11-15 10:01:54,992 - INFO: global_step=3153, episodic_return=-214.62582397460938
2022-11-15 10:01:55,016 - INFO: global_step=3280, episodic_return=-185.21627807617188
2022-11-15 10:01:55,026 - INFO: global_step=3342, episodic_return=-80.3658447265625
2022-11-15 10:01:55,061 - INFO: global_step=3494, episodic_return=-176.79742431640625
2022-11-15 10:01:55,081 - INFO: global_step=3581, episodic_return=-117.97248840332031
2022-11-15 10:01:55,112 - INFO: global_step=3675, episodic_return=-452.3624267578125
2022-11-15 10:01:55,144 - INFO: global_step=3746, episodic_return=-114.88629913330078
2022-11-15 10:01:55,224 - INFO: global_step=3894, episodic_return=-64.55713653564453
2022-11-15 10:01:55,242 - INFO: global_step=3959, episodic_return=-255.8937530517578
2022-11-15 10:01:55,272 - INFO: global_step=4028, episodic_return=-211.27774047851562
2022-11-15 10:01:55,291 - INFO: global_step=4102, episodic_return=-250.2349090576172
2022-11-15 10:01:55,344 - INFO: global_step=4199, episodic_return=-371.7171325683594
2022-11-15 10:01:55,376 - INFO: global_step=4292, episodic_return=-92.94432830810547
2022-11-15 10:01:55,409 - INFO: global_step=4395, episodic_return=-146.79196166992188
2022-11-15 10:01:55,458 - INFO: global_step=4518, episodic_return=-116.91471099853516
2022-11-15 10:01:55,480 - INFO: global_step=4603, episodic_return=-365.02447509765625
2022-11-15 10:01:55,494 - INFO: global_step=4675, episodic_return=-252.6962890625
2022-11-15 10:01:55,524 - INFO: global_step=4792, episodic_return=-354.1151123046875
2022-11-15 10:01:55,546 - INFO: global_step=4884, episodic_return=-251.26927185058594
2022-11-15 10:01:55,564 - INFO: global_step=4967, episodic_return=-83.64096069335938
2022-11-15 10:01:55,581 - INFO: global_step=5038, episodic_return=-94.47721862792969
2022-11-15 10:01:55,598 - INFO: global_step=5109, episodic_return=-160.28921508789062
2022-11-15 10:01:55,621 - INFO: global_step=5215, episodic_return=-403.62103271484375
2022-11-15 10:01:55,634 - INFO: global_step=5273, episodic_return=-55.00462341308594
2022-11-15 10:01:55,661 - INFO: global_step=5348, episodic_return=-110.11288452148438
2022-11-15 10:01:55,689 - INFO: global_step=5421, episodic_return=-127.02974700927734
2022-11-15 10:01:55,740 - INFO: global_step=5507, episodic_return=-38.260887145996094
2022-11-15 10:01:55,756 - INFO: global_step=5577, episodic_return=-104.29861450195312
2022-11-15 10:01:55,771 - INFO: global_step=5642, episodic_return=-165.88812255859375
2022-11-15 10:01:55,808 - INFO: global_step=5776, episodic_return=-382.6968078613281
2022-11-15 10:01:55,831 - INFO: global_step=5879, episodic_return=-179.02841186523438
2022-11-15 10:01:55,844 - INFO: global_step=5941, episodic_return=-106.4314956665039
2022-11-15 10:01:55,878 - INFO: global_step=6087, episodic_return=-91.56090545654297
2022-11-15 10:01:55,895 - INFO: global_step=6173, episodic_return=-130.58538818359375
2022-11-15 10:01:55,914 - INFO: global_step=6263, episodic_return=-43.87504577636719
2022-11-15 10:01:55,946 - INFO: global_step=6407, episodic_return=-314.52154541015625
2022-11-15 10:01:55,979 - INFO: global_step=6540, episodic_return=-374.3782958984375
2022-11-15 10:01:55,995 - INFO: global_step=6609, episodic_return=-79.54466247558594
2022-11-15 10:01:56,018 - INFO: global_step=6722, episodic_return=-60.22055435180664
2022-11-15 10:01:56,034 - INFO: global_step=6801, episodic_return=-85.2402114868164
2022-11-15 10:01:56,076 - INFO: global_step=6961, episodic_return=-142.7435760498047
2022-11-15 10:01:56,094 - INFO: global_step=7047, episodic_return=-131.79867553710938
2022-11-15 10:01:56,119 - INFO: global_step=7169, episodic_return=-139.13624572753906
2022-11-15 10:01:56,131 - INFO: global_step=7226, episodic_return=-102.81890869140625
2022-11-15 10:01:56,155 - INFO: global_step=7344, episodic_return=-419.21661376953125
2022-11-15 10:01:56,181 - INFO: global_step=7460, episodic_return=-188.91136169433594
2022-11-15 10:01:56,208 - INFO: global_step=7584, episodic_return=-160.96151733398438
2022-11-15 10:01:56,222 - INFO: global_step=7650, episodic_return=-219.34649658203125
2022-11-15 10:01:56,236 - INFO: global_step=7715, episodic_return=-92.61693572998047
2022-11-15 10:01:56,255 - INFO: global_step=7801, episodic_return=-369.4806823730469
2022-11-15 10:01:56,305 - INFO: global_step=7951, episodic_return=-179.34390258789062
2022-11-15 10:01:56,330 - INFO: global_step=8047, episodic_return=-448.5801696777344
2022-11-15 10:01:56,386 - INFO: global_step=8129, episodic_return=-265.2030029296875
2022-11-15 10:01:56,435 - INFO: global_step=8199, episodic_return=-102.81941986083984
2022-11-15 10:01:56,482 - INFO: global_step=8264, episodic_return=-123.72250366210938
2022-11-15 10:01:56,514 - INFO: global_step=8341, episodic_return=-126.86113739013672
2022-11-15 10:01:56,539 - INFO: global_step=8421, episodic_return=-117.69598388671875
2022-11-15 10:01:56,558 - INFO: global_step=8511, episodic_return=-110.28935241699219
2022-11-15 10:01:56,580 - INFO: global_step=8611, episodic_return=-17.987106323242188
2022-11-15 10:01:56,593 - INFO: global_step=8675, episodic_return=-97.1900634765625
2022-11-15 10:01:56,613 - INFO: global_step=8780, episodic_return=-136.30360412597656
2022-11-15 10:01:56,634 - INFO: global_step=8877, episodic_return=-385.4277038574219
2022-11-15 10:01:56,654 - INFO: global_step=8961, episodic_return=-100.45195770263672
2022-11-15 10:01:56,668 - INFO: global_step=9032, episodic_return=-91.03076171875
2022-11-15 10:01:56,687 - INFO: global_step=9115, episodic_return=-277.41400146484375
2022-11-15 10:01:56,709 - INFO: global_step=9213, episodic_return=-481.7691345214844
2022-11-15 10:01:56,731 - INFO: global_step=9279, episodic_return=-77.82794189453125
2022-11-15 10:01:56,759 - INFO: global_step=9340, episodic_return=-62.60015869140625
2022-11-15 10:01:56,793 - INFO: global_step=9441, episodic_return=-407.19757080078125
2022-11-15 10:01:56,822 - INFO: global_step=9535, episodic_return=-371.5343933105469
2022-11-15 10:01:56,842 - INFO: global_step=9633, episodic_return=-310.463623046875
2022-11-15 10:01:56,880 - INFO: global_step=9801, episodic_return=-409.09381103515625
2022-11-15 10:01:56,897 - INFO: global_step=9882, episodic_return=-125.46357727050781
2022-11-15 10:01:56,919 - INFO: global_step=9985, episodic_return=-173.96275329589844
2022-11-15 10:01:56,947 - INFO: global_step=10059, episodic_return=-46.235660552978516
2022-11-15 10:01:56,982 - INFO: global_step=10158, episodic_return=-452.4368591308594
2022-11-15 10:01:57,007 - INFO: global_step=10229, episodic_return=-48.66522216796875
2022-11-15 10:01:57,053 - INFO: global_step=10345, episodic_return=-151.1881103515625
2022-11-15 10:01:57,131 - INFO: global_step=10445, episodic_return=-296.69671630859375
2022-11-15 10:01:57,201 - INFO: global_step=10538, episodic_return=-144.01437377929688
2022-11-15 10:01:57,236 - INFO: global_step=10637, episodic_return=-101.68621063232422
2022-11-15 10:01:57,266 - INFO: global_step=10721, episodic_return=-234.04550170898438
2022-11-15 10:01:57,290 - INFO: global_step=10790, episodic_return=-179.10403442382812
2022-11-15 10:01:57,326 - INFO: global_step=10890, episodic_return=-271.8331298828125
2022-11-15 10:01:57,362 - INFO: global_step=10987, episodic_return=-314.97821044921875
2022-11-15 10:01:57,397 - INFO: global_step=11079, episodic_return=-368.8482666015625
2022-11-15 10:01:57,442 - INFO: global_step=11144, episodic_return=-120.70805358886719
2022-11-15 10:01:57,488 - INFO: global_step=11210, episodic_return=-111.59842681884766
2022-11-15 10:01:57,583 - INFO: global_step=11296, episodic_return=-52.85438537597656
2022-11-15 10:01:57,647 - INFO: global_step=11378, episodic_return=-282.81451416015625
2022-11-15 10:01:57,686 - INFO: global_step=11465, episodic_return=-81.59228515625
2022-11-15 10:01:57,730 - INFO: global_step=11579, episodic_return=-185.81503295898438
2022-11-15 10:01:57,763 - INFO: global_step=11667, episodic_return=-403.15362548828125
2022-11-15 10:01:57,806 - INFO: global_step=11756, episodic_return=-129.58078002929688
2022-11-15 10:01:57,892 - INFO: global_step=11836, episodic_return=-125.22616577148438
2022-11-15 10:01:57,993 - INFO: global_step=11919, episodic_return=-153.8928680419922
2022-11-15 10:01:58,082 - INFO: global_step=11995, episodic_return=-106.09838104248047
2022-11-15 10:01:58,163 - INFO: global_step=12076, episodic_return=-121.70825958251953
2022-11-15 10:01:58,280 - INFO: global_step=12147, episodic_return=-219.31582641601562
2022-11-15 10:01:58,457 - INFO: global_step=12274, episodic_return=-558.221923828125
2022-11-15 10:01:58,653 - INFO: global_step=12413, episodic_return=-147.34461975097656
2022-11-15 10:01:58,766 - INFO: global_step=12508, episodic_return=-268.84466552734375
2022-11-15 10:01:58,878 - INFO: global_step=12597, episodic_return=-68.85592651367188
2022-11-15 10:01:59,023 - INFO: global_step=12714, episodic_return=-155.02822875976562
2022-11-15 10:01:59,057 - INFO: global_step=12794, episodic_return=-128.84066772460938
2022-11-15 10:01:59,115 - INFO: global_step=12933, episodic_return=-140.24720764160156
2022-11-15 10:01:59,146 - INFO: global_step=13011, episodic_return=-38.56156921386719
2022-11-15 10:01:59,189 - INFO: global_step=13126, episodic_return=-322.80877685546875
2022-11-15 10:02:01,157 - INFO: global_step=14126, episodic_return=-8.730680465698242
2022-11-15 10:02:01,187 - INFO: global_step=14198, episodic_return=-72.77409362792969
2022-11-15 10:02:01,218 - INFO: global_step=14271, episodic_return=-43.70786666870117
2022-11-15 10:02:01,282 - INFO: global_step=14406, episodic_return=-325.2774353027344
2022-11-15 10:02:01,368 - INFO: global_step=14496, episodic_return=-194.70298767089844
2022-11-15 10:02:01,584 - INFO: global_step=14668, episodic_return=-77.58796691894531
2022-11-15 10:02:01,706 - INFO: global_step=14771, episodic_return=-137.3332061767578
2022-11-15 10:02:01,832 - INFO: global_step=14862, episodic_return=-356.10357666015625
2022-11-15 10:02:02,049 - INFO: global_step=14997, episodic_return=-125.823486328125
2022-11-15 10:02:02,172 - INFO: global_step=15091, episodic_return=-163.34945678710938
2022-11-15 10:02:02,316 - INFO: global_step=15237, episodic_return=-179.45758056640625
2022-11-15 10:02:02,352 - INFO: global_step=15327, episodic_return=-415.273193359375
2022-11-15 10:02:02,394 - INFO: global_step=15432, episodic_return=-401.3058776855469
2022-11-15 10:02:02,451 - INFO: global_step=15560, episodic_return=-357.3747863769531
2022-11-15 10:02:02,490 - INFO: global_step=15633, episodic_return=-49.08283615112305
2022-11-15 10:02:02,625 - INFO: global_step=15727, episodic_return=-159.73846435546875
2022-11-15 10:02:02,745 - INFO: global_step=15847, episodic_return=-226.26983642578125
2022-11-15 10:02:02,842 - INFO: global_step=15925, episodic_return=-214.8606414794922
2022-11-15 10:02:02,876 - INFO: global_step=16010, episodic_return=-74.05323791503906
2022-11-15 10:02:02,908 - INFO: global_step=16085, episodic_return=-57.64475631713867
2022-11-15 10:02:02,941 - INFO: global_step=16171, episodic_return=-391.9442138671875
2022-11-15 10:02:02,973 - INFO: global_step=16261, episodic_return=-140.10702514648438
2022-11-15 10:02:03,007 - INFO: global_step=16354, episodic_return=-113.62215423583984
2022-11-15 10:02:03,040 - INFO: global_step=16442, episodic_return=-102.82423400878906
2022-11-15 10:02:03,079 - INFO: global_step=16549, episodic_return=-147.57931518554688
2022-11-15 10:02:03,121 - INFO: global_step=16646, episodic_return=-68.27428436279297
2022-11-15 10:02:03,172 - INFO: global_step=16742, episodic_return=-31.974273681640625
2022-11-15 10:02:03,234 - INFO: global_step=16842, episodic_return=-24.608428955078125
2022-11-15 10:02:03,394 - INFO: global_step=16972, episodic_return=-368.19287109375
2022-11-15 10:02:03,486 - INFO: global_step=17050, episodic_return=-126.32202911376953
2022-11-15 10:02:03,583 - INFO: global_step=17137, episodic_return=-46.21192169189453
2022-11-15 10:02:03,643 - INFO: global_step=17284, episodic_return=-347.00616455078125
2022-11-15 10:02:03,711 - INFO: global_step=17446, episodic_return=-174.11703491210938
2022-11-15 10:02:03,762 - INFO: global_step=17563, episodic_return=-156.72482299804688
2022-11-15 10:02:03,798 - INFO: global_step=17642, episodic_return=-58.62696075439453
2022-11-15 10:02:03,856 - INFO: global_step=17763, episodic_return=-179.32925415039062
2022-11-15 10:02:03,903 - INFO: global_step=17867, episodic_return=-336.2459411621094
2022-11-15 10:02:03,967 - INFO: global_step=17996, episodic_return=-59.211273193359375
2022-11-15 10:02:04,127 - INFO: global_step=18242, episodic_return=-172.70986938476562
2022-11-15 10:02:04,378 - INFO: global_step=18419, episodic_return=-186.0203094482422
2022-11-15 10:02:04,519 - INFO: global_step=18560, episodic_return=-25.811477661132812
2022-11-15 10:02:04,708 - INFO: global_step=18709, episodic_return=-132.88243103027344
2022-11-15 10:02:04,818 - INFO: global_step=18797, episodic_return=-209.96759033203125
2022-11-15 10:02:05,009 - INFO: global_step=18914, episodic_return=-41.21786117553711
2022-11-15 10:02:05,117 - INFO: global_step=18991, episodic_return=-112.62683868408203
2022-11-15 10:02:05,269 - INFO: global_step=19104, episodic_return=-124.49195861816406
2022-11-15 10:02:05,388 - INFO: global_step=19214, episodic_return=-392.90838623046875
2022-11-15 10:02:05,481 - INFO: global_step=19321, episodic_return=-161.58839416503906
2022-11-15 10:02:05,551 - INFO: global_step=19468, episodic_return=-222.22210693359375
2022-11-15 10:02:05,588 - INFO: global_step=19544, episodic_return=-139.79522705078125
2022-11-15 10:02:05,648 - INFO: global_step=19661, episodic_return=-220.30477905273438
2022-11-15 10:02:05,749 - INFO: global_step=19836, episodic_return=-37.491634368896484
2022-11-15 10:02:05,883 - INFO: global_step=19977, episodic_return=-237.0755157470703
2022-11-15 10:02:05,937 - INFO: global_step=20071, episodic_return=-86.30040740966797
2022-11-15 10:02:05,981 - INFO: global_step=20156, episodic_return=-136.65463256835938
2022-11-15 10:02:06,059 - INFO: global_step=20247, episodic_return=-45.124019622802734
2022-11-15 10:02:06,187 - INFO: global_step=20337, episodic_return=-105.22002410888672
2022-11-15 10:02:06,418 - INFO: global_step=20495, episodic_return=-238.97413635253906
2022-11-15 10:02:06,596 - INFO: global_step=20607, episodic_return=-158.14016723632812
2022-11-15 10:02:06,715 - INFO: global_step=20683, episodic_return=-111.31196594238281
2022-11-15 10:02:06,954 - INFO: global_step=20826, episodic_return=-192.81275939941406
2022-11-15 10:02:07,132 - INFO: global_step=20919, episodic_return=-105.1048583984375
2022-11-15 10:02:07,376 - INFO: global_step=21075, episodic_return=-253.5459442138672
2022-11-15 10:02:07,429 - INFO: global_step=21184, episodic_return=-9.828437805175781
2022-11-15 10:02:07,505 - INFO: global_step=21324, episodic_return=-69.34977722167969
2022-11-15 10:02:07,574 - INFO: global_step=21436, episodic_return=-299.08740234375
2022-11-15 10:02:07,684 - INFO: global_step=21529, episodic_return=-202.90118408203125
2022-11-15 10:02:07,835 - INFO: global_step=21632, episodic_return=-251.56192016601562
2022-11-15 10:02:07,966 - INFO: global_step=21723, episodic_return=-26.19684600830078
2022-11-15 10:02:08,108 - INFO: global_step=21827, episodic_return=-145.62875366210938
2022-11-15 10:02:08,185 - INFO: global_step=21916, episodic_return=-58.27756118774414
2022-11-15 10:02:08,343 - INFO: global_step=22017, episodic_return=-177.81459045410156
2022-11-15 10:02:08,513 - INFO: global_step=22144, episodic_return=-46.45713424682617
2022-11-15 10:02:08,662 - INFO: global_step=22268, episodic_return=-49.80559539794922
2022-11-15 10:02:08,817 - INFO: global_step=22384, episodic_return=-52.70991516113281
2022-11-15 10:02:08,947 - INFO: global_step=22479, episodic_return=-122.08436584472656
2022-11-15 10:02:09,071 - INFO: global_step=22587, episodic_return=-197.81890869140625
2022-11-15 10:02:09,250 - INFO: global_step=22720, episodic_return=-167.5760955810547
2022-11-15 10:02:09,384 - INFO: global_step=22833, episodic_return=-45.007789611816406
2022-11-15 10:02:09,492 - INFO: global_step=22904, episodic_return=-206.06887817382812
2022-11-15 10:02:09,600 - INFO: global_step=22995, episodic_return=-157.90859985351562
2022-11-15 10:02:09,695 - INFO: global_step=23080, episodic_return=-221.0364227294922
2022-11-15 10:02:09,842 - INFO: global_step=23206, episodic_return=-271.78466796875
2022-11-15 10:02:09,893 - INFO: global_step=23287, episodic_return=-46.67702865600586
2022-11-15 10:02:10,015 - INFO: global_step=23458, episodic_return=-71.38623046875
2022-11-15 10:02:10,147 - INFO: global_step=23618, episodic_return=-71.76927947998047
2022-11-15 10:02:10,184 - INFO: global_step=23699, episodic_return=-163.72645568847656
2022-11-15 10:02:10,259 - INFO: global_step=23805, episodic_return=-394.3998718261719
2022-11-15 10:02:10,328 - INFO: global_step=23921, episodic_return=-274.257568359375
2022-11-15 10:02:10,388 - INFO: global_step=24025, episodic_return=-234.32974243164062
2022-11-15 10:02:10,498 - INFO: global_step=24149, episodic_return=-222.8387451171875
2022-11-15 10:02:10,668 - INFO: global_step=24271, episodic_return=-44.56861114501953
2022-11-15 10:02:10,750 - INFO: global_step=24361, episodic_return=-73.83706665039062
2022-11-15 10:02:10,916 - INFO: global_step=24487, episodic_return=-142.4722137451172
2022-11-15 10:02:11,136 - INFO: global_step=24624, episodic_return=-63.42002487182617
2022-11-15 10:02:11,355 - INFO: global_step=24764, episodic_return=-24.738021850585938
2022-11-15 10:02:11,550 - INFO: global_step=24901, episodic_return=-395.59716796875
2022-11-15 10:02:11,707 - INFO: global_step=25011, episodic_return=-58.517486572265625
2022-11-15 10:02:11,818 - INFO: global_step=25155, episodic_return=-2.6476364135742188
2022-11-15 10:02:11,879 - INFO: global_step=25269, episodic_return=-156.06607055664062
2022-11-15 10:02:11,956 - INFO: global_step=25405, episodic_return=-120.65543365478516
2022-11-15 10:02:12,031 - INFO: global_step=25579, episodic_return=-231.58609008789062
2022-11-15 10:02:12,094 - INFO: global_step=25690, episodic_return=-180.6291961669922
2022-11-15 10:02:12,183 - INFO: global_step=25824, episodic_return=-141.11737060546875
2022-11-15 10:02:12,305 - INFO: global_step=26001, episodic_return=-61.80172348022461
2022-11-15 10:02:12,349 - INFO: global_step=26075, episodic_return=-95.52883911132812
2022-11-15 10:02:12,443 - INFO: global_step=26230, episodic_return=-161.97430419921875
2022-11-15 10:02:12,504 - INFO: global_step=26364, episodic_return=-63.22004318237305
2022-11-15 10:02:12,553 - INFO: global_step=26486, episodic_return=-218.05580139160156
2022-11-15 10:02:12,619 - INFO: global_step=26630, episodic_return=-217.3543701171875
2022-11-15 10:02:12,659 - INFO: global_step=26710, episodic_return=-115.40702056884766
2022-11-15 10:02:12,829 - INFO: global_step=26819, episodic_return=-8.133712768554688
2022-11-15 10:02:12,953 - INFO: global_step=26899, episodic_return=-76.57201385498047
2022-11-15 10:02:13,106 - INFO: global_step=27021, episodic_return=-160.4612579345703
2022-11-15 10:02:13,335 - INFO: global_step=27230, episodic_return=-64.99305725097656
2022-11-15 10:02:14,891 - INFO: global_step=28230, episodic_return=71.22908020019531
2022-11-15 10:02:14,959 - INFO: global_step=28368, episodic_return=-47.32997131347656
2022-11-15 10:02:15,010 - INFO: global_step=28466, episodic_return=-147.55419921875
2022-11-15 10:02:15,068 - INFO: global_step=28564, episodic_return=-225.60769653320312
2022-11-15 10:02:15,136 - INFO: global_step=28676, episodic_return=-64.99261474609375
2022-11-15 10:02:15,198 - INFO: global_step=28811, episodic_return=-41.07946014404297
2022-11-15 10:02:15,248 - INFO: global_step=28926, episodic_return=-57.088523864746094
2022-11-15 10:02:15,320 - INFO: global_step=29079, episodic_return=-26.180145263671875
2022-11-15 10:02:15,390 - INFO: global_step=29231, episodic_return=-108.62628173828125
2022-11-15 10:02:15,442 - INFO: global_step=29346, episodic_return=-144.80419921875
2022-11-15 10:02:15,490 - INFO: global_step=29449, episodic_return=-127.49214172363281
2022-11-15 10:02:15,562 - INFO: global_step=29602, episodic_return=-157.17625427246094
2022-11-15 10:02:15,626 - INFO: global_step=29743, episodic_return=-110.30139923095703
2022-11-15 10:02:15,671 - INFO: global_step=29851, episodic_return=-28.362899780273438
2022-11-15 10:02:15,740 - INFO: global_step=30003, episodic_return=-113.2558364868164
2022-11-15 10:02:15,784 - INFO: global_step=30101, episodic_return=-127.89427185058594
2022-11-15 10:02:15,834 - INFO: global_step=30202, episodic_return=-106.81133270263672
2022-11-15 10:02:16,025 - INFO: global_step=30352, episodic_return=-153.78781127929688
2022-11-15 10:02:16,176 - INFO: global_step=30451, episodic_return=-172.3101806640625
2022-11-15 10:02:16,247 - INFO: global_step=30537, episodic_return=-123.88865661621094
2022-11-15 10:02:16,326 - INFO: global_step=30673, episodic_return=-113.29348754882812
2022-11-15 10:02:16,414 - INFO: global_step=30855, episodic_return=-14.40771484375
2022-11-15 10:02:16,455 - INFO: global_step=30954, episodic_return=-158.80747985839844
2022-11-15 10:02:16,502 - INFO: global_step=31065, episodic_return=3.9378280639648438
2022-11-15 10:02:16,587 - INFO: global_step=31199, episodic_return=-25.611541748046875
2022-11-15 10:02:16,723 - INFO: global_step=31320, episodic_return=-139.57144165039062
2022-11-15 10:02:16,947 - INFO: global_step=31543, episodic_return=-130.39456176757812
2022-11-15 10:02:18,256 - INFO: global_step=32140, episodic_return=-119.88505554199219
2022-11-15 10:02:18,484 - INFO: global_step=32258, episodic_return=-62.80503463745117
2022-11-15 10:02:18,815 - INFO: global_step=32429, episodic_return=-237.60186767578125
2022-11-15 10:02:18,937 - INFO: global_step=32544, episodic_return=-65.355224609375
2022-11-15 10:02:19,075 - INFO: global_step=32649, episodic_return=-49.041770935058594
2022-11-15 10:02:19,264 - INFO: global_step=32765, episodic_return=-18.6854248046875
2022-11-15 10:02:19,327 - INFO: global_step=32898, episodic_return=-124.59261322021484
2022-11-15 10:02:19,397 - INFO: global_step=33031, episodic_return=-88.57144927978516
2022-11-15 10:02:19,473 - INFO: global_step=33150, episodic_return=-169.72647094726562
2022-11-15 10:02:19,528 - INFO: global_step=33262, episodic_return=-151.03073120117188
2022-11-15 10:02:19,688 - INFO: global_step=33560, episodic_return=-4.715736389160156
2022-11-15 10:02:19,747 - INFO: global_step=33674, episodic_return=-0.10552978515625
2022-11-15 10:02:19,801 - INFO: global_step=33776, episodic_return=15.800178527832031
2022-11-15 10:02:19,861 - INFO: global_step=33910, episodic_return=-60.35087585449219
2022-11-15 10:02:19,900 - INFO: global_step=33989, episodic_return=-20.362411499023438
2022-11-15 10:02:19,999 - INFO: global_step=34104, episodic_return=-256.2667236328125
2022-11-15 10:02:20,179 - INFO: global_step=34225, episodic_return=-78.33782196044922
2022-11-15 10:02:20,337 - INFO: global_step=34383, episodic_return=-102.41593170166016
2022-11-15 10:02:20,386 - INFO: global_step=34494, episodic_return=-89.02365112304688
2022-11-15 10:02:20,445 - INFO: global_step=34629, episodic_return=-41.74381637573242
2022-11-15 10:02:20,506 - INFO: global_step=34769, episodic_return=-60.16358184814453
2022-11-15 10:02:20,561 - INFO: global_step=34896, episodic_return=-92.07096862792969
2022-11-15 10:02:20,609 - INFO: global_step=35007, episodic_return=-84.30630493164062
2022-11-15 10:02:20,688 - INFO: global_step=35165, episodic_return=-105.84935760498047
2022-11-15 10:02:20,760 - INFO: global_step=35311, episodic_return=-17.796783447265625
2022-11-15 10:02:20,875 - INFO: global_step=35531, episodic_return=-42.34315872192383
2022-11-15 10:02:20,913 - INFO: global_step=35622, episodic_return=-60.81918716430664
2022-11-15 10:02:20,956 - INFO: global_step=35717, episodic_return=-70.42366027832031
2022-11-15 10:02:21,088 - INFO: global_step=35942, episodic_return=-34.115821838378906
2022-11-15 10:02:21,156 - INFO: global_step=36087, episodic_return=-179.1155548095703
2022-11-15 10:02:21,209 - INFO: global_step=36202, episodic_return=-103.59417724609375
2022-11-15 10:02:21,310 - INFO: global_step=36365, episodic_return=-161.8802490234375
2022-11-15 10:02:21,500 - INFO: global_step=36586, episodic_return=-117.96101379394531
2022-11-15 10:02:21,565 - INFO: global_step=36722, episodic_return=-157.28097534179688
2022-11-15 10:02:21,617 - INFO: global_step=36845, episodic_return=-20.959571838378906
2022-11-15 10:02:21,723 - INFO: global_step=37040, episodic_return=-83.28837585449219
2022-11-15 10:02:21,795 - INFO: global_step=37182, episodic_return=-107.9059829711914
2022-11-15 10:02:21,862 - INFO: global_step=37327, episodic_return=-103.18570709228516
2022-11-15 10:02:21,927 - INFO: global_step=37468, episodic_return=-166.74819946289062
2022-11-15 10:02:21,975 - INFO: global_step=37575, episodic_return=-156.16641235351562
2022-11-15 10:02:22,044 - INFO: global_step=37726, episodic_return=-145.21694946289062
2022-11-15 10:02:22,085 - INFO: global_step=37819, episodic_return=-131.89035034179688
2022-11-15 10:02:23,183 - INFO: global_step=38609, episodic_return=-94.2723159790039
2022-11-15 10:02:23,370 - INFO: global_step=38752, episodic_return=-18.520362854003906
2022-11-15 10:02:23,710 - INFO: global_step=38984, episodic_return=-104.41346740722656
2022-11-15 10:02:23,840 - INFO: global_step=39214, episodic_return=-56.63641357421875
2022-11-15 10:02:23,889 - INFO: global_step=39326, episodic_return=-150.49005126953125
2022-11-15 10:02:24,073 - INFO: global_step=39551, episodic_return=-104.16095733642578
2022-11-15 10:02:24,131 - INFO: global_step=39656, episodic_return=-17.436317443847656
2022-11-15 10:02:24,235 - INFO: global_step=39818, episodic_return=27.530174255371094
2022-11-15 10:02:24,480 - INFO: global_step=40155, episodic_return=-253.96377563476562
2022-11-15 10:02:24,615 - INFO: global_step=40385, episodic_return=-50.12251663208008
2022-11-15 10:02:24,703 - INFO: global_step=40537, episodic_return=-119.67460632324219
2022-11-15 10:02:24,814 - INFO: global_step=40663, episodic_return=-81.7181625366211
2022-11-15 10:02:24,973 - INFO: global_step=40766, episodic_return=-69.80506134033203
2022-11-15 10:02:25,197 - INFO: global_step=40911, episodic_return=-97.44204711914062
2022-11-15 10:02:25,570 - INFO: global_step=41118, episodic_return=-77.74930572509766
2022-11-15 10:02:25,668 - INFO: global_step=41274, episodic_return=-75.33628845214844
2022-11-15 10:02:25,764 - INFO: global_step=41430, episodic_return=-70.71810913085938
2022-11-15 10:02:25,918 - INFO: global_step=41606, episodic_return=-51.2695198059082
2022-11-15 10:02:26,106 - INFO: global_step=41717, episodic_return=-67.86874389648438
2022-11-15 10:02:26,833 - INFO: global_step=42082, episodic_return=-42.666114807128906
2022-11-15 10:02:27,051 - INFO: global_step=42192, episodic_return=-68.56517028808594
2022-11-15 10:02:27,324 - INFO: global_step=42345, episodic_return=-92.45386505126953
2022-11-15 10:02:27,451 - INFO: global_step=42420, episodic_return=-147.407470703125
2022-11-15 10:02:27,836 - INFO: global_step=42638, episodic_return=-83.30235290527344
2022-11-15 10:02:27,878 - INFO: global_step=42737, episodic_return=-81.48979187011719
2022-11-15 10:02:27,947 - INFO: global_step=42883, episodic_return=-110.51473999023438
2022-11-15 10:02:28,125 - INFO: global_step=43113, episodic_return=-81.13150024414062
2022-11-15 10:02:28,522 - INFO: global_step=43294, episodic_return=10.568595886230469
2022-11-15 10:02:28,734 - INFO: global_step=43430, episodic_return=-95.24530029296875
2022-11-15 10:02:29,060 - INFO: global_step=43706, episodic_return=-113.58694458007812
2022-11-15 10:02:29,189 - INFO: global_step=43846, episodic_return=-280.6522216796875
2022-11-15 10:02:29,578 - INFO: global_step=44050, episodic_return=-73.88665771484375
2022-11-15 10:02:29,859 - INFO: global_step=44215, episodic_return=-45.178733825683594
2022-11-15 10:02:30,103 - INFO: global_step=44356, episodic_return=-134.52642822265625
2022-11-15 10:02:30,246 - INFO: global_step=44446, episodic_return=-36.86559295654297
2022-11-15 10:02:30,513 - INFO: global_step=44584, episodic_return=-110.00051879882812
2022-11-15 10:02:30,804 - INFO: global_step=44741, episodic_return=-49.92247772216797
2022-11-15 10:02:31,209 - INFO: global_step=44972, episodic_return=-75.77037048339844
2022-11-15 10:02:31,622 - INFO: global_step=45202, episodic_return=-21.531455993652344
2022-11-15 10:02:32,096 - INFO: global_step=45511, episodic_return=-55.81174850463867
2022-11-15 10:02:32,270 - INFO: global_step=45728, episodic_return=-66.04850769042969
2022-11-15 10:02:32,466 - INFO: global_step=45869, episodic_return=-37.67153549194336
2022-11-15 10:02:32,953 - INFO: global_step=46097, episodic_return=-62.092960357666016
2022-11-15 10:02:33,204 - INFO: global_step=46224, episodic_return=-149.33377075195312
2022-11-15 10:02:33,590 - INFO: global_step=46449, episodic_return=-73.12266540527344
2022-11-15 10:02:34,137 - INFO: global_step=46691, episodic_return=-93.59468078613281
2022-11-15 10:02:34,502 - INFO: global_step=46899, episodic_return=-158.02291870117188
2022-11-15 10:02:34,713 - INFO: global_step=47024, episodic_return=-119.27800750732422
2022-11-15 10:02:35,227 - INFO: global_step=47301, episodic_return=-10.223556518554688
2022-11-15 10:02:38,310 - INFO: global_step=48301, episodic_return=14.087146759033203
2022-11-15 10:02:38,616 - INFO: global_step=48523, episodic_return=71.96624755859375
2022-11-15 10:02:38,982 - INFO: global_step=48737, episodic_return=-140.7035369873047
2022-11-15 10:02:39,533 - INFO: global_step=49155, episodic_return=-226.2373504638672
2022-11-15 10:02:40,475 - INFO: global_step=49826, episodic_return=-324.7890625
2022-11-15 10:02:42,666 - INFO: global_step=50826, episodic_return=145.08987426757812
2022-11-15 10:02:43,086 - INFO: global_step=51043, episodic_return=-7.608940124511719
2022-11-15 10:02:43,266 - INFO: global_step=51148, episodic_return=-142.49749755859375
2022-11-15 10:02:43,510 - INFO: global_step=51303, episodic_return=-16.406570434570312
2022-11-15 10:02:43,655 - INFO: global_step=51475, episodic_return=-26.747543334960938
2022-11-15 10:02:44,657 - INFO: global_step=51630, episodic_return=-65.5640869140625
2022-11-15 10:02:44,752 - INFO: global_step=51783, episodic_return=-192.29208374023438
2022-11-15 10:02:48,090 - INFO: global_step=52783, episodic_return=-6.6712117195129395
2022-11-15 10:02:48,392 - INFO: global_step=52931, episodic_return=-11.759986877441406
2022-11-15 10:02:48,490 - INFO: global_step=53081, episodic_return=-55.48139572143555
2022-11-15 10:02:48,557 - INFO: global_step=53196, episodic_return=-63.668827056884766
2022-11-15 10:02:48,651 - INFO: global_step=53335, episodic_return=-16.04864501953125
2022-11-15 10:02:48,796 - INFO: global_step=53486, episodic_return=19.345108032226562
2022-11-15 10:02:49,175 - INFO: global_step=53832, episodic_return=-93.49836730957031
2022-11-15 10:02:49,260 - INFO: global_step=53990, episodic_return=-31.183677673339844
2022-11-15 10:02:49,340 - INFO: global_step=54137, episodic_return=-67.13459777832031
2022-11-15 10:02:49,424 - INFO: global_step=54269, episodic_return=-17.515174865722656
2022-11-15 10:02:49,682 - INFO: global_step=54446, episodic_return=21.485092163085938
2022-11-15 10:02:51,727 - INFO: global_step=55446, episodic_return=98.95594787597656
2022-11-15 10:02:52,246 - INFO: global_step=55706, episodic_return=-51.481361389160156
2022-11-15 10:02:52,447 - INFO: global_step=55968, episodic_return=-130.20916748046875
2022-11-15 10:02:52,700 - INFO: global_step=56213, episodic_return=-8.349922180175781
2022-11-15 10:02:54,553 - INFO: global_step=57213, episodic_return=35.107208251953125
2022-11-15 10:02:56,861 - INFO: global_step=58213, episodic_return=111.64533233642578
2022-11-15 10:02:57,167 - INFO: global_step=58560, episodic_return=-4.9444427490234375
2022-11-15 10:02:59,039 - INFO: global_step=59560, episodic_return=-0.7847553491592407
2022-11-15 10:02:59,785 - INFO: global_step=60053, episodic_return=-227.1568603515625
2022-11-15 10:03:00,270 - INFO: global_step=60357, episodic_return=-22.422576904296875
2022-11-15 10:03:02,914 - INFO: global_step=61357, episodic_return=77.54399108886719
2022-11-15 10:03:03,856 - INFO: global_step=61839, episodic_return=-239.87881469726562
2022-11-15 10:03:06,338 - INFO: global_step=62839, episodic_return=84.77024841308594
2022-11-15 10:03:07,901 - INFO: global_step=63839, episodic_return=136.5599365234375
2022-11-15 10:03:08,230 - INFO: global_step=64129, episodic_return=-10.084053039550781
2022-11-15 10:03:08,393 - INFO: global_step=64282, episodic_return=-51.215667724609375
2022-11-15 10:03:10,263 - INFO: global_step=65282, episodic_return=58.774444580078125
2022-11-15 10:03:12,124 - INFO: global_step=66282, episodic_return=58.990623474121094
2022-11-15 10:03:12,975 - INFO: global_step=66740, episodic_return=-39.01529312133789
2022-11-15 10:03:14,121 - INFO: global_step=67341, episodic_return=134.21435546875
2022-11-15 10:03:14,251 - INFO: global_step=67524, episodic_return=-55.82328414916992
2022-11-15 10:03:16,280 - INFO: global_step=68524, episodic_return=72.65479278564453
2022-11-15 10:03:19,099 - INFO: global_step=69524, episodic_return=94.50626373291016
2022-11-15 10:03:22,050 - INFO: global_step=70524, episodic_return=93.55880737304688
2022-11-15 10:03:24,676 - INFO: global_step=71524, episodic_return=98.71930694580078
2022-11-15 10:03:26,867 - INFO: global_step=72524, episodic_return=101.49935150146484
2022-11-15 10:03:27,164 - INFO: global_step=72871, episodic_return=-26.456199645996094
2022-11-15 10:03:29,168 - INFO: global_step=73871, episodic_return=79.36335754394531
2022-11-15 10:03:31,617 - INFO: global_step=74871, episodic_return=38.83920669555664
2022-11-15 10:03:33,176 - INFO: global_step=75871, episodic_return=51.592933654785156
2022-11-15 10:03:35,603 - INFO: global_step=76871, episodic_return=67.19522857666016
2022-11-15 10:03:37,594 - INFO: global_step=77871, episodic_return=-63.077362060546875
2022-11-15 10:03:40,791 - INFO: global_step=78871, episodic_return=58.193973541259766
2022-11-15 10:03:41,683 - INFO: global_step=79374, episodic_return=-5.212532043457031
2022-11-15 10:03:43,872 - INFO: global_step=80374, episodic_return=57.70743942260742
2022-11-15 10:03:45,628 - INFO: global_step=81374, episodic_return=-17.48088264465332
2022-11-15 10:03:47,966 - INFO: global_step=82374, episodic_return=11.544084548950195
2022-11-15 10:03:49,324 - INFO: global_step=83374, episodic_return=-49.220741271972656
2022-11-15 10:03:51,430 - INFO: global_step=84374, episodic_return=5.231931686401367
2022-11-15 10:03:53,609 - INFO: global_step=85374, episodic_return=-19.217689514160156
2022-11-15 10:03:56,740 - INFO: global_step=86374, episodic_return=-62.748287200927734
2022-11-15 10:03:58,357 - INFO: global_step=87374, episodic_return=-41.66498565673828
2022-11-15 10:04:00,243 - INFO: global_step=88374, episodic_return=-54.30655288696289
2022-11-15 10:04:02,362 - INFO: global_step=89374, episodic_return=-49.900535583496094
2022-11-15 10:04:03,904 - INFO: global_step=90374, episodic_return=-33.085304260253906
2022-11-15 10:04:06,252 - INFO: global_step=91374, episodic_return=-22.59830665588379
2022-11-15 10:04:08,277 - INFO: global_step=92374, episodic_return=-65.21527862548828
2022-11-15 10:04:11,045 - INFO: global_step=93374, episodic_return=-68.7593002319336
2022-11-15 10:04:13,565 - INFO: global_step=94374, episodic_return=-124.1391372680664
2022-11-15 10:04:16,012 - INFO: global_step=95374, episodic_return=-12.424525260925293
2022-11-15 10:04:17,875 - INFO: global_step=96374, episodic_return=-23.06557846069336
2022-11-15 10:04:20,571 - INFO: global_step=97374, episodic_return=76.70703887939453
2022-11-15 10:04:22,965 - INFO: global_step=98333, episodic_return=146.67559814453125
2022-11-15 10:04:25,195 - INFO: global_step=99305, episodic_return=146.9276885986328
2022-11-15 10:04:26,952 - INFO: global_step=100122, episodic_return=169.77017211914062
2022-11-15 10:04:27,362 - INFO: global_step=100340, episodic_return=44.68418884277344
2022-11-15 10:04:29,151 - INFO: global_step=101036, episodic_return=167.2320556640625
2022-11-15 10:04:29,572 - INFO: global_step=101320, episodic_return=-15.883827209472656
2022-11-15 10:04:30,813 - INFO: global_step=101948, episodic_return=188.1130828857422
2022-11-15 10:04:31,605 - INFO: global_step=102331, episodic_return=251.4944305419922
2022-11-15 10:04:31,952 - INFO: global_step=102510, episodic_return=-284.8447265625
2022-11-15 10:04:32,967 - INFO: global_step=103005, episodic_return=198.08847045898438
2022-11-15 10:04:33,346 - INFO: global_step=103326, episodic_return=-6.537994384765625
2022-11-15 10:04:34,264 - INFO: global_step=103773, episodic_return=239.06442260742188
2022-11-15 10:04:34,790 - INFO: global_step=104130, episodic_return=270.2403259277344
2022-11-15 10:04:35,523 - INFO: global_step=104568, episodic_return=210.17428588867188
2022-11-15 10:04:36,240 - INFO: global_step=105031, episodic_return=225.61856079101562
2022-11-15 10:04:36,818 - INFO: global_step=105412, episodic_return=239.7784423828125
2022-11-15 10:04:37,171 - INFO: global_step=105745, episodic_return=233.50494384765625
2022-11-15 10:04:37,697 - INFO: global_step=106145, episodic_return=256.6045227050781
2022-11-15 10:04:38,268 - INFO: global_step=106568, episodic_return=249.6793670654297
2022-11-15 10:04:38,835 - INFO: global_step=107009, episodic_return=252.3296356201172
2022-11-15 10:04:39,448 - INFO: global_step=107467, episodic_return=250.07518005371094
2022-11-15 10:04:39,868 - INFO: global_step=107815, episodic_return=281.087890625
2022-11-15 10:04:40,649 - INFO: global_step=108419, episodic_return=231.88746643066406
2022-11-15 10:04:42,762 - INFO: global_step=109191, episodic_return=157.41183471679688
2022-11-15 10:04:43,859 - INFO: global_step=109734, episodic_return=231.4993133544922
2022-11-15 10:04:46,143 - INFO: global_step=110556, episodic_return=161.03082275390625
2022-11-15 10:04:48,345 - INFO: global_step=111370, episodic_return=154.67373657226562
2022-11-15 10:04:51,066 - INFO: global_step=112370, episodic_return=-71.47679901123047
2022-11-15 10:04:53,116 - INFO: global_step=113341, episodic_return=150.22610473632812
2022-11-15 10:04:55,635 - INFO: global_step=114341, episodic_return=15.753997802734375
2022-11-15 10:04:57,432 - INFO: global_step=115341, episodic_return=-24.412561416625977
2022-11-15 10:05:00,435 - INFO: global_step=116341, episodic_return=-65.38493347167969
2022-11-15 10:05:03,346 - INFO: global_step=117341, episodic_return=-55.46009826660156
2022-11-15 10:05:05,544 - INFO: global_step=118341, episodic_return=-98.23725128173828
2022-11-15 10:05:08,144 - INFO: global_step=119341, episodic_return=-42.927059173583984
2022-11-15 10:05:10,478 - INFO: global_step=120341, episodic_return=-78.64835357666016
2022-11-15 10:05:12,982 - INFO: global_step=121341, episodic_return=-93.57603454589844
2022-11-15 10:05:15,630 - INFO: global_step=122341, episodic_return=-0.10620594024658203
2022-11-15 10:05:17,896 - INFO: global_step=123341, episodic_return=5.409969329833984
2022-11-15 10:05:19,868 - INFO: global_step=124341, episodic_return=-26.02968978881836
2022-11-15 10:05:21,712 - INFO: global_step=125341, episodic_return=-0.42711901664733887
2022-11-15 10:05:23,386 - INFO: global_step=126341, episodic_return=-13.776758193969727
2022-11-15 10:05:25,108 - INFO: global_step=127341, episodic_return=-8.40766716003418
2022-11-15 10:05:27,129 - INFO: global_step=128341, episodic_return=-73.67595672607422
2022-11-15 10:05:28,560 - INFO: global_step=129341, episodic_return=8.815962791442871
2022-11-15 10:05:31,428 - INFO: global_step=130341, episodic_return=-32.826011657714844
2022-11-15 10:05:34,730 - INFO: global_step=131341, episodic_return=-26.56262969970703
2022-11-15 10:05:36,954 - INFO: global_step=132341, episodic_return=-61.44994354248047
2022-11-15 10:05:38,858 - INFO: global_step=133341, episodic_return=-73.37300872802734
2022-11-15 10:05:40,997 - INFO: global_step=134341, episodic_return=-106.88697814941406
2022-11-15 10:05:43,835 - INFO: global_step=135341, episodic_return=-98.23167419433594
2022-11-15 10:05:43,950 - INFO: global_step=135515, episodic_return=-113.30661010742188
2022-11-15 10:05:44,887 - INFO: global_step=136145, episodic_return=242.19500732421875
2022-11-15 10:05:47,385 - INFO: global_step=137012, episodic_return=170.40155029296875
2022-11-15 10:05:50,859 - INFO: global_step=138012, episodic_return=-38.19062805175781
2022-11-15 10:05:52,371 - INFO: global_step=138660, episodic_return=223.25625610351562
2022-11-15 10:05:55,441 - INFO: global_step=139625, episodic_return=172.32122802734375
2022-11-15 10:05:58,038 - INFO: global_step=140625, episodic_return=30.055143356323242
2022-11-15 10:05:58,997 - INFO: global_step=141237, episodic_return=235.7952423095703
2022-11-15 10:06:01,028 - INFO: global_step=142007, episodic_return=190.45619201660156
2022-11-15 10:06:03,873 - INFO: global_step=143007, episodic_return=-80.61770629882812
2022-11-15 10:06:04,124 - INFO: global_step=143231, episodic_return=-171.63360595703125
2022-11-15 10:06:06,848 - INFO: global_step=144098, episodic_return=-116.05522155761719
2022-11-15 10:06:08,202 - INFO: global_step=144863, episodic_return=158.2178955078125
2022-11-15 10:06:11,308 - INFO: global_step=145863, episodic_return=-43.41933822631836
2022-11-15 10:06:13,907 - INFO: global_step=146863, episodic_return=-78.91500091552734
2022-11-15 10:06:16,455 - INFO: global_step=147863, episodic_return=-81.0958480834961
2022-11-15 10:06:18,458 - INFO: global_step=148863, episodic_return=-28.79218101501465
2022-11-15 10:06:20,613 - INFO: global_step=149863, episodic_return=-78.01246643066406
2022-11-15 10:06:20,767 - INFO: global_step=150060, episodic_return=60.2998046875
2022-11-15 10:06:20,987 - INFO: global_step=150277, episodic_return=-458.77911376953125
2022-11-15 10:06:21,992 - INFO: global_step=150893, episodic_return=-224.10894775390625
2022-11-15 10:06:23,861 - INFO: global_step=151680, episodic_return=207.51016235351562
2022-11-15 10:06:24,207 - INFO: global_step=152034, episodic_return=-38.96686553955078
2022-11-15 10:06:24,937 - INFO: global_step=152570, episodic_return=-158.35958862304688
2022-11-15 10:06:25,265 - INFO: global_step=152852, episodic_return=-45.46145248413086
2022-11-15 10:06:25,827 - INFO: global_step=153293, episodic_return=172.3920440673828
2022-11-15 10:06:27,612 - INFO: global_step=154148, episodic_return=146.10643005371094
2022-11-15 10:06:27,789 - INFO: global_step=154357, episodic_return=-163.3509521484375
2022-11-15 10:06:28,888 - INFO: global_step=155194, episodic_return=122.68246459960938
2022-11-15 10:06:29,184 - INFO: global_step=155530, episodic_return=-157.84600830078125
2022-11-15 10:06:29,573 - INFO: global_step=155856, episodic_return=-126.06055450439453
2022-11-15 10:06:29,698 - INFO: global_step=156002, episodic_return=12.354026794433594
2022-11-15 10:06:29,878 - INFO: global_step=156192, episodic_return=-169.34677124023438
2022-11-15 10:06:30,248 - INFO: global_step=156451, episodic_return=-76.82611083984375
2022-11-15 10:06:30,802 - INFO: global_step=156824, episodic_return=-124.5155029296875
2022-11-15 10:06:31,984 - INFO: global_step=157504, episodic_return=91.95318603515625
2022-11-15 10:06:32,750 - INFO: global_step=158013, episodic_return=257.0041198730469
2022-11-15 10:06:33,728 - INFO: global_step=158612, episodic_return=152.82888793945312
2022-11-15 10:06:36,077 - INFO: global_step=159612, episodic_return=-98.49578094482422
2022-11-15 10:06:36,460 - INFO: global_step=159965, episodic_return=241.9606170654297
2022-11-15 10:06:39,533 - INFO: global_step=160965, episodic_return=-38.548885345458984
2022-11-15 10:06:41,761 - INFO: global_step=161965, episodic_return=-49.611000061035156
2022-11-15 10:06:44,034 - INFO: global_step=162965, episodic_return=-47.87941360473633
2022-11-15 10:06:46,266 - INFO: global_step=163864, episodic_return=172.76470947265625
2022-11-15 10:06:48,241 - INFO: global_step=164864, episodic_return=-61.76109313964844
2022-11-15 10:06:50,839 - INFO: global_step=165864, episodic_return=5.45438814163208
2022-11-15 10:06:51,902 - INFO: global_step=166418, episodic_return=-42.14223861694336
2022-11-15 10:06:53,755 - INFO: global_step=167418, episodic_return=-58.268165588378906
2022-11-15 10:06:56,085 - INFO: global_step=168418, episodic_return=-32.627845764160156
2022-11-15 10:06:57,603 - INFO: global_step=169163, episodic_return=189.85150146484375
2022-11-15 10:06:58,133 - INFO: global_step=169488, episodic_return=-281.5497131347656
2022-11-15 10:07:00,426 - INFO: global_step=170488, episodic_return=-76.37511444091797
2022-11-15 10:07:02,410 - INFO: global_step=171488, episodic_return=-50.48541259765625
2022-11-15 10:07:05,765 - INFO: global_step=172488, episodic_return=-65.8199462890625
2022-11-15 10:07:09,346 - INFO: global_step=173488, episodic_return=-79.20472717285156
2022-11-15 10:07:09,608 - INFO: global_step=173671, episodic_return=-245.26792907714844
2022-11-15 10:07:10,466 - INFO: global_step=174228, episodic_return=241.3760528564453
2022-11-15 10:07:10,773 - INFO: global_step=174393, episodic_return=-281.21063232421875
2022-11-15 10:07:12,337 - INFO: global_step=175010, episodic_return=228.59620666503906
2022-11-15 10:07:13,004 - INFO: global_step=175394, episodic_return=-36.120296478271484
2022-11-15 10:07:17,756 - INFO: global_step=176394, episodic_return=-33.22882080078125
2022-11-15 10:07:22,354 - INFO: global_step=177394, episodic_return=-38.20687484741211
2022-11-15 10:07:24,629 - INFO: global_step=178394, episodic_return=15.655566215515137
2022-11-15 10:07:26,778 - INFO: global_step=179394, episodic_return=30.572681427001953
2022-11-15 10:07:28,942 - INFO: global_step=180394, episodic_return=-2.1560330390930176
2022-11-15 10:07:31,437 - INFO: global_step=181394, episodic_return=-37.4999885559082
2022-11-15 10:07:34,358 - INFO: global_step=182394, episodic_return=-64.70088195800781
2022-11-15 10:07:36,413 - INFO: global_step=183394, episodic_return=-45.285308837890625
2022-11-15 10:07:38,961 - INFO: global_step=184394, episodic_return=-102.32801818847656
2022-11-15 10:07:41,681 - INFO: global_step=185394, episodic_return=-58.63787078857422
2022-11-15 10:07:43,925 - INFO: global_step=186394, episodic_return=-71.38855743408203
2022-11-15 10:07:46,592 - INFO: global_step=187394, episodic_return=-84.25154113769531
2022-11-15 10:07:49,691 - INFO: global_step=188394, episodic_return=-88.9535903930664
2022-11-15 10:07:50,261 - INFO: global_step=188674, episodic_return=-227.76904296875
2022-11-15 10:07:52,618 - INFO: global_step=189589, episodic_return=156.44650268554688
2022-11-15 10:07:54,883 - INFO: global_step=190362, episodic_return=179.9008331298828
2022-11-15 10:07:55,598 - INFO: global_step=190680, episodic_return=-204.21920776367188
2022-11-15 10:07:58,763 - INFO: global_step=191680, episodic_return=-65.28509521484375
2022-11-15 10:08:01,700 - INFO: global_step=192680, episodic_return=-95.20803833007812
2022-11-15 10:08:05,115 - INFO: global_step=193680, episodic_return=-27.403501510620117
2022-11-15 10:08:07,872 - INFO: global_step=194680, episodic_return=-2.080571413040161
2022-11-15 10:08:10,729 - INFO: global_step=195680, episodic_return=-78.80661010742188
2022-11-15 10:08:13,441 - INFO: global_step=196680, episodic_return=-57.6561393737793
2022-11-15 10:08:16,349 - INFO: global_step=197680, episodic_return=-48.7714729309082
2022-11-15 10:08:20,140 - INFO: global_step=198680, episodic_return=-95.58421325683594
2022-11-15 10:08:22,506 - INFO: global_step=199680, episodic_return=-46.322242736816406
2022-11-15 10:08:24,336 - INFO: global_step=200680, episodic_return=-21.640539169311523
2022-11-15 10:08:27,348 - INFO: global_step=201680, episodic_return=-64.83479309082031
2022-11-15 10:08:31,120 - INFO: global_step=202680, episodic_return=-60.470638275146484
2022-11-15 10:08:33,288 - INFO: global_step=203680, episodic_return=-86.14539337158203
2022-11-15 10:08:36,239 - INFO: global_step=204680, episodic_return=-72.81108856201172
2022-11-15 10:08:38,139 - INFO: global_step=205680, episodic_return=-26.011005401611328
2022-11-15 10:08:40,852 - INFO: global_step=206680, episodic_return=-107.45870208740234
2022-11-15 10:08:43,795 - INFO: global_step=207680, episodic_return=-50.88605880737305
2022-11-15 10:08:45,837 - INFO: global_step=208680, episodic_return=-55.037925720214844
2022-11-15 10:08:48,814 - INFO: global_step=209680, episodic_return=-100.50614166259766
2022-11-15 10:08:49,564 - INFO: global_step=210062, episodic_return=-220.3710479736328
2022-11-15 10:08:52,761 - INFO: global_step=211023, episodic_return=144.78054809570312
2022-11-15 10:08:54,473 - INFO: global_step=212023, episodic_return=-101.51116943359375
2022-11-15 10:08:54,845 - INFO: global_step=212320, episodic_return=-51.32268524169922
2022-11-15 10:08:57,858 - INFO: global_step=213320, episodic_return=-36.96249008178711
2022-11-15 10:08:59,944 - INFO: global_step=214320, episodic_return=-38.0859260559082
2022-11-15 10:09:00,548 - INFO: global_step=214722, episodic_return=-209.46151733398438
2022-11-15 10:09:03,203 - INFO: global_step=215722, episodic_return=-87.68641662597656
2022-11-15 10:09:05,454 - INFO: global_step=216722, episodic_return=-44.87600326538086
2022-11-15 10:09:06,604 - INFO: global_step=217247, episodic_return=-216.20620727539062
2022-11-15 10:09:09,505 - INFO: global_step=218222, episodic_return=68.71724700927734
2022-11-15 10:09:09,579 - INFO: global_step=218311, episodic_return=-71.84746551513672
2022-11-15 10:09:12,113 - INFO: global_step=219311, episodic_return=-23.69500732421875
2022-11-15 10:09:13,979 - INFO: global_step=220277, episodic_return=151.55801391601562
2022-11-15 10:09:14,524 - INFO: global_step=220656, episodic_return=273.59246826171875
2022-11-15 10:09:16,270 - INFO: global_step=221656, episodic_return=-67.53556823730469
2022-11-15 10:09:18,566 - INFO: global_step=222656, episodic_return=-83.06724548339844
2022-11-15 10:09:18,787 - INFO: global_step=222782, episodic_return=-49.17730712890625
2022-11-15 10:09:21,272 - INFO: global_step=223782, episodic_return=-60.99449920654297
2022-11-15 10:09:21,503 - INFO: global_step=223980, episodic_return=16.865386962890625
2022-11-15 10:09:21,723 - INFO: global_step=224198, episodic_return=58.28131103515625
2022-11-15 10:09:22,828 - INFO: global_step=224935, episodic_return=-76.77911376953125
2022-11-15 10:09:24,617 - INFO: global_step=225935, episodic_return=-68.16592407226562
2022-11-15 10:09:27,021 - INFO: global_step=226935, episodic_return=42.528133392333984
2022-11-15 10:09:27,334 - INFO: global_step=227229, episodic_return=7.379600524902344
2022-11-15 10:09:28,071 - INFO: global_step=227489, episodic_return=295.14886474609375
2022-11-15 10:09:28,436 - INFO: global_step=227786, episodic_return=267.1341247558594
2022-11-15 10:09:30,817 - INFO: global_step=228786, episodic_return=-55.329071044921875
2022-11-15 10:09:31,122 - INFO: global_step=229102, episodic_return=-183.57296752929688
2022-11-15 10:09:31,493 - INFO: global_step=229393, episodic_return=-202.05691528320312
2022-11-15 10:09:33,748 - INFO: global_step=230349, episodic_return=170.6333465576172
2022-11-15 10:09:35,982 - INFO: global_step=231321, episodic_return=100.57132720947266
2022-11-15 10:09:38,484 - INFO: global_step=232321, episodic_return=-64.09471130371094
2022-11-15 10:09:38,894 - INFO: global_step=232641, episodic_return=-39.10253143310547
2022-11-15 10:09:39,688 - INFO: global_step=233026, episodic_return=277.9561767578125
2022-11-15 10:09:42,367 - INFO: global_step=234026, episodic_return=-68.30967712402344
2022-11-15 10:09:44,343 - INFO: global_step=235026, episodic_return=145.25942993164062
2022-11-15 10:09:47,009 - INFO: global_step=236026, episodic_return=-50.158687591552734
2022-11-15 10:09:47,219 - INFO: global_step=236215, episodic_return=-17.999244689941406
2022-11-15 10:09:49,722 - INFO: global_step=237009, episodic_return=188.54637145996094
2022-11-15 10:09:52,394 - INFO: global_step=238009, episodic_return=-7.525217056274414
2022-11-15 10:09:54,173 - INFO: global_step=239009, episodic_return=-3.9133479595184326
2022-11-15 10:09:56,225 - INFO: global_step=240009, episodic_return=-17.152786254882812
2022-11-15 10:09:59,094 - INFO: global_step=241009, episodic_return=53.56659698486328
2022-11-15 10:10:01,509 - INFO: global_step=242009, episodic_return=-26.945402145385742
2022-11-15 10:10:03,632 - INFO: global_step=243009, episodic_return=-69.3899154663086
2022-11-15 10:10:06,337 - INFO: global_step=244009, episodic_return=-53.17654800415039
2022-11-15 10:10:08,255 - INFO: global_step=245009, episodic_return=-32.11918640136719
2022-11-15 10:10:11,448 - INFO: global_step=246009, episodic_return=-3.0855138301849365
2022-11-15 10:10:13,435 - INFO: global_step=247009, episodic_return=-50.095123291015625
2022-11-15 10:10:13,705 - INFO: global_step=247264, episodic_return=-2.3103485107421875
2022-11-15 10:10:17,321 - INFO: global_step=248264, episodic_return=-71.94156646728516
2022-11-15 10:10:20,506 - INFO: global_step=249264, episodic_return=-83.03138732910156
2022-11-15 10:10:23,046 - INFO: global_step=250264, episodic_return=-22.776275634765625
2022-11-15 10:10:24,858 - INFO: global_step=251264, episodic_return=-58.710384368896484
2022-11-15 10:10:26,852 - INFO: global_step=252264, episodic_return=-29.816307067871094
2022-11-15 10:10:28,875 - INFO: global_step=253264, episodic_return=-75.2071533203125
2022-11-15 10:10:30,269 - INFO: global_step=254139, episodic_return=168.45022583007812
2022-11-15 10:10:33,441 - INFO: global_step=255139, episodic_return=-22.277355194091797
2022-11-15 10:10:36,289 - INFO: global_step=256139, episodic_return=-42.0460205078125
2022-11-15 10:10:36,400 - INFO: global_step=256256, episodic_return=-104.01377868652344
2022-11-15 10:10:38,954 - INFO: global_step=257256, episodic_return=-95.07872772216797
2022-11-15 10:10:41,105 - INFO: global_step=258256, episodic_return=-15.521952629089355
2022-11-15 10:10:43,669 - INFO: global_step=259256, episodic_return=-47.253936767578125
2022-11-15 10:10:46,788 - INFO: global_step=260256, episodic_return=-124.2498779296875
2022-11-15 10:10:50,311 - INFO: global_step=261256, episodic_return=-63.64575958251953
2022-11-15 10:10:53,882 - INFO: global_step=262256, episodic_return=-82.56243133544922
2022-11-15 10:10:54,515 - INFO: global_step=262777, episodic_return=224.76353454589844
2022-11-15 10:10:56,831 - INFO: global_step=263777, episodic_return=-81.43006896972656
2022-11-15 10:10:59,707 - INFO: global_step=264777, episodic_return=-29.9661808013916
2022-11-15 10:11:01,917 - INFO: global_step=265777, episodic_return=-30.43971824645996
2022-11-15 10:11:02,468 - INFO: global_step=266173, episodic_return=215.24868774414062
2022-11-15 10:11:02,657 - INFO: global_step=266364, episodic_return=-228.1460723876953
2022-11-15 10:11:04,062 - INFO: global_step=266975, episodic_return=154.54037475585938
2022-11-15 10:11:04,532 - INFO: global_step=267232, episodic_return=-47.01235580444336
2022-11-15 10:11:04,698 - INFO: global_step=267369, episodic_return=-123.61201477050781
2022-11-15 10:11:04,975 - INFO: global_step=267560, episodic_return=11.771087646484375
2022-11-15 10:11:07,227 - INFO: global_step=268560, episodic_return=-60.84897232055664
2022-11-15 10:11:09,932 - INFO: global_step=269560, episodic_return=-39.66767120361328
2022-11-15 10:11:10,990 - INFO: global_step=270077, episodic_return=232.82269287109375
2022-11-15 10:11:12,028 - INFO: global_step=270568, episodic_return=230.21487426757812
2022-11-15 10:11:13,379 - INFO: global_step=271119, episodic_return=232.72486877441406
2022-11-15 10:11:13,896 - INFO: global_step=271501, episodic_return=289.97509765625
2022-11-15 10:11:14,925 - INFO: global_step=272005, episodic_return=192.09222412109375
2022-11-15 10:11:17,947 - INFO: global_step=273005, episodic_return=-44.291717529296875
2022-11-15 10:11:18,311 - INFO: global_step=273257, episodic_return=51.31068420410156
2022-11-15 10:11:20,037 - INFO: global_step=274146, episodic_return=230.93333435058594
2022-11-15 10:11:23,358 - INFO: global_step=275146, episodic_return=-33.23752212524414
2022-11-15 10:11:26,768 - INFO: global_step=276146, episodic_return=92.03319549560547
2022-11-15 10:11:28,928 - INFO: global_step=277098, episodic_return=92.71417236328125
2022-11-15 10:11:29,506 - INFO: global_step=277509, episodic_return=240.51844787597656
2022-11-15 10:11:33,306 - INFO: global_step=278509, episodic_return=-58.929935455322266
2022-11-15 10:11:33,887 - INFO: global_step=278801, episodic_return=312.72509765625
2022-11-15 10:11:34,296 - INFO: global_step=279102, episodic_return=279.6451721191406
2022-11-15 10:11:34,746 - INFO: global_step=279455, episodic_return=271.4903564453125
2022-11-15 10:11:37,831 - INFO: global_step=280455, episodic_return=-7.2836222648620605
2022-11-15 10:11:38,456 - INFO: global_step=280709, episodic_return=-10.356605529785156
2022-11-15 10:11:40,773 - INFO: global_step=281669, episodic_return=135.8519287109375
2022-11-15 10:11:43,375 - INFO: global_step=282563, episodic_return=181.86569213867188
2022-11-15 10:11:43,845 - INFO: global_step=282893, episodic_return=283.3797607421875
2022-11-15 10:11:46,733 - INFO: global_step=283893, episodic_return=14.869365692138672
2022-11-15 10:11:49,876 - INFO: global_step=284893, episodic_return=-45.76239776611328
2022-11-15 10:11:52,025 - INFO: global_step=285893, episodic_return=2.0483148097991943
2022-11-15 10:11:53,293 - INFO: global_step=286625, episodic_return=222.23455810546875
2022-11-15 10:11:55,335 - INFO: global_step=287625, episodic_return=-6.372438430786133
2022-11-15 10:11:57,276 - INFO: global_step=288534, episodic_return=-136.48562622070312
2022-11-15 10:11:59,411 - INFO: global_step=289534, episodic_return=-33.01292037963867
2022-11-15 10:12:00,383 - INFO: global_step=290222, episodic_return=143.473876953125
2022-11-15 10:12:01,302 - INFO: global_step=290611, episodic_return=244.6239776611328
2022-11-15 10:12:03,911 - INFO: global_step=291611, episodic_return=-92.29579162597656
2022-11-15 10:12:06,429 - INFO: global_step=292611, episodic_return=30.765626907348633
2022-11-15 10:12:08,789 - INFO: global_step=293611, episodic_return=-52.80535125732422
2022-11-15 10:12:10,511 - INFO: global_step=294458, episodic_return=110.0920639038086
2022-11-15 10:12:12,048 - INFO: global_step=295102, episodic_return=184.88217163085938
2022-11-15 10:12:13,918 - INFO: global_step=295860, episodic_return=161.6087188720703
2022-11-15 10:12:15,176 - INFO: global_step=296662, episodic_return=169.88986206054688
2022-11-15 10:12:16,790 - INFO: global_step=297581, episodic_return=139.6032257080078
2022-11-15 10:12:18,326 - INFO: global_step=298323, episodic_return=204.92935180664062
2022-11-15 10:12:19,928 - INFO: global_step=299117, episodic_return=143.36276245117188
2022-11-15 10:12:22,310 - INFO: global_step=300017, episodic_return=150.65728759765625
2022-11-15 10:12:24,392 - INFO: global_step=301017, episodic_return=0.34365177154541016
2022-11-15 10:12:26,662 - INFO: global_step=301987, episodic_return=130.68829345703125
2022-11-15 10:12:29,200 - INFO: global_step=302987, episodic_return=4.502239227294922
2022-11-15 10:12:32,280 - INFO: global_step=303987, episodic_return=-5.260618209838867
2022-11-15 10:12:34,520 - INFO: global_step=304987, episodic_return=-33.46739196777344
2022-11-15 10:12:36,989 - INFO: global_step=305987, episodic_return=-23.293678283691406
2022-11-15 10:12:38,735 - INFO: global_step=306802, episodic_return=199.65538024902344
2022-11-15 10:12:39,792 - INFO: global_step=307556, episodic_return=191.14492797851562
2022-11-15 10:12:39,939 - INFO: global_step=307749, episodic_return=40.63835144042969
2022-11-15 10:12:42,090 - INFO: global_step=308749, episodic_return=-76.54789733886719
2022-11-15 10:12:44,185 - INFO: global_step=309749, episodic_return=-28.283184051513672
2022-11-15 10:12:46,677 - INFO: global_step=310749, episodic_return=-27.143672943115234
2022-11-15 10:12:48,084 - INFO: global_step=311414, episodic_return=182.74606323242188
2022-11-15 10:12:50,161 - INFO: global_step=312414, episodic_return=-36.713130950927734
2022-11-15 10:12:51,906 - INFO: global_step=313414, episodic_return=-36.69792556762695
2022-11-15 10:12:54,185 - INFO: global_step=314414, episodic_return=-102.80238342285156
2022-11-15 10:12:56,363 - INFO: global_step=315414, episodic_return=-32.40985870361328
2022-11-15 10:12:59,549 - INFO: global_step=316414, episodic_return=45.88444519042969
2022-11-15 10:13:01,499 - INFO: global_step=317213, episodic_return=105.38748931884766
2022-11-15 10:13:04,156 - INFO: global_step=318213, episodic_return=14.188286781311035
2022-11-15 10:13:06,273 - INFO: global_step=319154, episodic_return=135.77536010742188
2022-11-15 10:13:09,177 - INFO: global_step=320154, episodic_return=3.0861029624938965
2022-11-15 10:13:11,099 - INFO: global_step=321154, episodic_return=-2.539825916290283
2022-11-15 10:13:12,767 - INFO: global_step=322154, episodic_return=-9.646589279174805
2022-11-15 10:13:12,847 - INFO: global_step=322270, episodic_return=-41.750030517578125
2022-11-15 10:13:15,278 - INFO: global_step=323270, episodic_return=76.33745574951172
2022-11-15 10:13:17,870 - INFO: global_step=324270, episodic_return=44.12102127075195
2022-11-15 10:13:20,012 - INFO: global_step=325149, episodic_return=145.9621124267578
2022-11-15 10:13:22,261 - INFO: global_step=326027, episodic_return=150.78314208984375
2022-11-15 10:13:23,398 - INFO: global_step=326583, episodic_return=-49.14684295654297
2022-11-15 10:13:24,810 - INFO: global_step=327234, episodic_return=237.4211883544922
2022-11-15 10:13:27,291 - INFO: global_step=327857, episodic_return=201.13119506835938
2022-11-15 10:13:29,610 - INFO: global_step=328857, episodic_return=33.93999099731445
2022-11-15 10:13:30,350 - INFO: global_step=329296, episodic_return=265.45196533203125
2022-11-15 10:13:32,804 - INFO: global_step=330136, episodic_return=121.95294189453125
2022-11-15 10:13:36,614 - INFO: global_step=331136, episodic_return=-16.413869857788086
2022-11-15 10:13:37,882 - INFO: global_step=331772, episodic_return=248.3236541748047
2022-11-15 10:13:38,765 - INFO: global_step=332223, episodic_return=-42.38825607299805
2022-11-15 10:13:39,717 - INFO: global_step=332601, episodic_return=280.2281494140625
2022-11-15 10:13:43,119 - INFO: global_step=333595, episodic_return=58.314491271972656
2022-11-15 10:13:46,317 - INFO: global_step=334472, episodic_return=131.1602325439453
2022-11-15 10:13:49,923 - INFO: global_step=335472, episodic_return=-29.162370681762695
2022-11-15 10:13:51,874 - INFO: global_step=336472, episodic_return=-52.26091003417969
2022-11-15 10:13:52,233 - INFO: global_step=336807, episodic_return=252.3050537109375
2022-11-15 10:13:56,002 - INFO: global_step=337807, episodic_return=-85.82121276855469
2022-11-15 10:13:59,927 - INFO: global_step=338807, episodic_return=-47.43363952636719
2022-11-15 10:14:01,575 - INFO: global_step=339527, episodic_return=-102.7561264038086
2022-11-15 10:14:04,150 - INFO: global_step=340527, episodic_return=-63.739227294921875
2022-11-15 10:14:07,137 - INFO: global_step=341527, episodic_return=-81.17311096191406
2022-11-15 10:14:09,833 - INFO: global_step=342527, episodic_return=-104.2420883178711
2022-11-15 10:14:12,550 - INFO: global_step=343527, episodic_return=-31.3880672454834
2022-11-15 10:14:15,192 - INFO: global_step=344527, episodic_return=-66.10818481445312
2022-11-15 10:14:19,268 - INFO: global_step=345527, episodic_return=-108.697021484375
2022-11-15 10:14:22,649 - INFO: global_step=346527, episodic_return=-67.56053924560547
2022-11-15 10:14:25,951 - INFO: global_step=347527, episodic_return=-61.87583923339844
2022-11-15 10:14:28,937 - INFO: global_step=348527, episodic_return=-40.172088623046875
2022-11-15 10:14:31,472 - INFO: global_step=349527, episodic_return=-76.486328125
2022-11-15 10:14:34,641 - INFO: global_step=350527, episodic_return=-37.441184997558594
2022-11-15 10:14:36,686 - INFO: global_step=351414, episodic_return=161.3414306640625
2022-11-15 10:14:38,661 - INFO: global_step=352414, episodic_return=34.8139533996582
2022-11-15 10:14:39,917 - INFO: global_step=352997, episodic_return=232.4715118408203
2022-11-15 10:14:42,355 - INFO: global_step=353997, episodic_return=-115.72514343261719
2022-11-15 10:14:45,084 - INFO: global_step=354997, episodic_return=-53.53269958496094
2022-11-15 10:14:47,185 - INFO: global_step=355997, episodic_return=-20.141319274902344
2022-11-15 10:14:49,222 - INFO: global_step=356997, episodic_return=-39.310123443603516
2022-11-15 10:14:51,175 - INFO: global_step=357915, episodic_return=148.24026489257812
2022-11-15 10:14:52,794 - INFO: global_step=358661, episodic_return=182.42453002929688
2022-11-15 10:14:55,231 - INFO: global_step=359661, episodic_return=-26.335105895996094
2022-11-15 10:14:55,369 - INFO: global_step=359825, episodic_return=-306.4752197265625
2022-11-15 10:14:57,455 - INFO: global_step=360825, episodic_return=-53.578006744384766
2022-11-15 10:14:58,249 - INFO: global_step=361431, episodic_return=277.78582763671875
2022-11-15 10:15:00,234 - INFO: global_step=362286, episodic_return=-218.78317260742188
2022-11-15 10:15:02,656 - INFO: global_step=363286, episodic_return=-20.464324951171875
2022-11-15 10:15:03,982 - INFO: global_step=364101, episodic_return=159.12107849121094
2022-11-15 10:15:04,619 - INFO: global_step=364369, episodic_return=-0.5371170043945312
2022-11-15 10:15:07,696 - INFO: global_step=365333, episodic_return=124.18307495117188
2022-11-15 10:15:10,973 - INFO: global_step=366333, episodic_return=-41.002925872802734
2022-11-15 10:15:13,438 - INFO: global_step=367204, episodic_return=75.62522888183594
2022-11-15 10:15:17,411 - INFO: global_step=368204, episodic_return=-22.80915069580078
2022-11-15 10:15:20,216 - INFO: global_step=369131, episodic_return=100.41618347167969
2022-11-15 10:15:23,434 - INFO: global_step=370131, episodic_return=-91.3429183959961
2022-11-15 10:15:23,727 - INFO: global_step=370365, episodic_return=-63.06797409057617
2022-11-15 10:15:26,756 - INFO: global_step=371365, episodic_return=-26.74383544921875
2022-11-15 10:15:28,513 - INFO: global_step=372365, episodic_return=-29.508026123046875
2022-11-15 10:15:31,229 - INFO: global_step=373365, episodic_return=-46.90049743652344
2022-11-15 10:15:34,401 - INFO: global_step=374365, episodic_return=-17.144451141357422
2022-11-15 10:15:37,937 - INFO: global_step=375365, episodic_return=-60.48121643066406
2022-11-15 10:15:40,521 - INFO: global_step=376365, episodic_return=-21.34554672241211
2022-11-15 10:15:42,614 - INFO: global_step=377365, episodic_return=-59.170448303222656
2022-11-15 10:15:44,786 - INFO: global_step=378365, episodic_return=13.543142318725586
2022-11-15 10:15:47,778 - INFO: global_step=379365, episodic_return=-53.19287872314453
2022-11-15 10:15:50,323 - INFO: global_step=380365, episodic_return=-81.78660583496094
2022-11-15 10:15:52,954 - INFO: global_step=381365, episodic_return=-19.892736434936523
2022-11-15 10:15:56,390 - INFO: global_step=382361, episodic_return=148.4835662841797
2022-11-15 10:16:00,418 - INFO: global_step=383361, episodic_return=-28.81498146057129
2022-11-15 10:16:03,001 - INFO: global_step=384361, episodic_return=12.846212387084961
2022-11-15 10:16:06,348 - INFO: global_step=385361, episodic_return=-55.34030532836914
2022-11-15 10:16:08,992 - INFO: global_step=386361, episodic_return=12.529314041137695
2022-11-15 10:16:11,527 - INFO: global_step=387361, episodic_return=-60.53560256958008
2022-11-15 10:16:13,800 - INFO: global_step=388361, episodic_return=-19.584125518798828
2022-11-15 10:16:15,823 - INFO: global_step=389361, episodic_return=-113.38618469238281
2022-11-15 10:16:17,996 - INFO: global_step=390361, episodic_return=-68.27730560302734
2022-11-15 10:16:20,656 - INFO: global_step=391361, episodic_return=-93.91680908203125
2022-11-15 10:16:23,391 - INFO: global_step=392361, episodic_return=-36.191162109375
2022-11-15 10:16:25,676 - INFO: global_step=393361, episodic_return=-32.722557067871094
2022-11-15 10:16:28,952 - INFO: global_step=394361, episodic_return=-59.499046325683594
2022-11-15 10:16:31,259 - INFO: global_step=395361, episodic_return=-35.26251220703125
2022-11-15 10:16:33,509 - INFO: global_step=396361, episodic_return=-45.253963470458984
2022-11-15 10:16:35,264 - INFO: global_step=397361, episodic_return=-57.3582649230957
2022-11-15 10:16:37,648 - INFO: global_step=398361, episodic_return=-78.02747344970703
2022-11-15 10:16:40,052 - INFO: global_step=399361, episodic_return=-94.69316864013672
2022-11-15 10:16:42,880 - INFO: global_step=400361, episodic_return=-69.50082397460938
2022-11-15 10:16:44,525 - INFO: global_step=401361, episodic_return=3.490736246109009
2022-11-15 10:16:46,781 - INFO: global_step=402361, episodic_return=-99.20216369628906
2022-11-15 10:16:48,681 - INFO: global_step=403361, episodic_return=-104.0562515258789
2022-11-15 10:16:51,127 - INFO: global_step=404292, episodic_return=145.59017944335938
2022-11-15 10:16:52,994 - INFO: global_step=405292, episodic_return=-120.38368225097656
2022-11-15 10:16:53,531 - INFO: global_step=405657, episodic_return=-168.5926513671875
2022-11-15 10:16:53,766 - INFO: global_step=405946, episodic_return=-151.78408813476562
2022-11-15 10:16:54,192 - INFO: global_step=406281, episodic_return=-154.88417053222656
2022-11-15 10:16:55,736 - INFO: global_step=406947, episodic_return=-105.9796371459961
2022-11-15 10:16:57,121 - INFO: global_step=407537, episodic_return=-179.40020751953125
2022-11-15 10:16:59,975 - INFO: global_step=408537, episodic_return=-89.46021270751953
2022-11-15 10:17:02,028 - INFO: global_step=409537, episodic_return=-4.086073875427246
2022-11-15 10:17:05,678 - INFO: global_step=410537, episodic_return=-66.96427154541016
2022-11-15 10:17:07,646 - INFO: global_step=411537, episodic_return=-62.783599853515625
2022-11-15 10:17:10,465 - INFO: global_step=412537, episodic_return=-102.64334869384766
2022-11-15 10:17:12,241 - INFO: global_step=413537, episodic_return=-9.695882797241211
2022-11-15 10:17:15,671 - INFO: global_step=414537, episodic_return=-42.786468505859375
2022-11-15 10:17:17,861 - INFO: global_step=415537, episodic_return=-79.45829772949219
2022-11-15 10:17:21,240 - INFO: global_step=416537, episodic_return=-100.21800231933594
2022-11-15 10:17:24,667 - INFO: global_step=417537, episodic_return=-41.426658630371094
2022-11-15 10:17:27,425 - INFO: global_step=418537, episodic_return=-94.45511627197266
2022-11-15 10:17:30,171 - INFO: global_step=419537, episodic_return=-86.19265747070312
2022-11-15 10:17:32,690 - INFO: global_step=420537, episodic_return=-117.97374725341797
2022-11-15 10:17:35,789 - INFO: global_step=421537, episodic_return=-130.79869079589844
2022-11-15 10:17:38,738 - INFO: global_step=422537, episodic_return=-51.81909942626953
2022-11-15 10:17:41,858 - INFO: global_step=423537, episodic_return=-90.6592025756836
2022-11-15 10:17:41,996 - INFO: global_step=423705, episodic_return=-96.9539794921875
2022-11-15 10:17:45,092 - INFO: global_step=424705, episodic_return=-34.47797775268555
2022-11-15 10:17:47,792 - INFO: global_step=425705, episodic_return=10.491244316101074
2022-11-15 10:17:50,926 - INFO: global_step=426705, episodic_return=-39.260250091552734
2022-11-15 10:17:53,015 - INFO: global_step=427649, episodic_return=116.10736846923828
2022-11-15 10:17:53,803 - INFO: global_step=428093, episodic_return=264.22662353515625
2022-11-15 10:17:55,891 - INFO: global_step=429093, episodic_return=-22.612533569335938
2022-11-15 10:17:59,282 - INFO: global_step=430093, episodic_return=-49.97333526611328
2022-11-15 10:18:00,271 - INFO: global_step=430624, episodic_return=-71.27948760986328
2022-11-15 10:18:00,885 - INFO: global_step=430995, episodic_return=243.2598419189453
2022-11-15 10:18:02,741 - INFO: global_step=431863, episodic_return=173.41236877441406
2022-11-15 10:18:03,081 - INFO: global_step=432180, episodic_return=280.3255615234375
2022-11-15 10:18:04,535 - INFO: global_step=432742, episodic_return=189.73309326171875
2022-11-15 10:18:05,466 - INFO: global_step=433232, episodic_return=244.21322631835938
2022-11-15 10:18:07,958 - INFO: global_step=434138, episodic_return=137.66104125976562
2022-11-15 10:18:08,945 - INFO: global_step=434703, episodic_return=242.8106689453125
2022-11-15 10:18:11,523 - INFO: global_step=435551, episodic_return=170.7205810546875
2022-11-15 10:18:12,642 - INFO: global_step=436122, episodic_return=252.15403747558594
2022-11-15 10:18:13,388 - INFO: global_step=436500, episodic_return=297.2493591308594
2022-11-15 10:18:14,157 - INFO: global_step=436982, episodic_return=254.39559936523438
2022-11-15 10:18:15,500 - INFO: global_step=437597, episodic_return=203.02711486816406
2022-11-15 10:18:15,900 - INFO: global_step=437756, episodic_return=7.726318359375
2022-11-15 10:18:17,986 - INFO: global_step=438627, episodic_return=-117.89292907714844
2022-11-15 10:18:20,325 - INFO: global_step=439627, episodic_return=-41.00739288330078
2022-11-15 10:18:22,661 - INFO: global_step=440627, episodic_return=15.57961654663086
2022-11-15 10:18:25,054 - INFO: global_step=441627, episodic_return=-44.448246002197266
2022-11-15 10:18:27,158 - INFO: global_step=442563, episodic_return=203.00624084472656
2022-11-15 10:18:29,760 - INFO: global_step=443563, episodic_return=-97.800048828125
2022-11-15 10:18:32,627 - INFO: global_step=444563, episodic_return=-98.72767639160156
2022-11-15 10:18:35,743 - INFO: global_step=445563, episodic_return=-68.83193969726562
2022-11-15 10:18:39,227 - INFO: global_step=446563, episodic_return=-86.51884460449219
2022-11-15 10:18:40,763 - INFO: global_step=447224, episodic_return=196.97854614257812
2022-11-15 10:18:44,364 - INFO: global_step=448224, episodic_return=-52.16562271118164
2022-11-15 10:18:47,312 - INFO: global_step=449224, episodic_return=-70.00918579101562
2022-11-15 10:18:49,329 - INFO: global_step=450224, episodic_return=-114.94166564941406
2022-11-15 10:18:52,963 - INFO: global_step=451224, episodic_return=-2.0194499492645264
2022-11-15 10:18:55,959 - INFO: global_step=452224, episodic_return=-60.835418701171875
2022-11-15 10:18:58,339 - INFO: global_step=453224, episodic_return=40.49515151977539
2022-11-15 10:19:01,774 - INFO: global_step=454224, episodic_return=-33.34822082519531
2022-11-15 10:19:04,330 - INFO: global_step=455224, episodic_return=-84.26323699951172
2022-11-15 10:19:07,206 - INFO: global_step=456224, episodic_return=-77.2674331665039
2022-11-15 10:19:10,107 - INFO: global_step=457224, episodic_return=-49.887855529785156
2022-11-15 10:19:12,900 - INFO: global_step=458216, episodic_return=-103.91212463378906
2022-11-15 10:19:14,802 - INFO: global_step=459084, episodic_return=188.4485626220703
2022-11-15 10:19:16,577 - INFO: global_step=460084, episodic_return=-108.64412689208984
2022-11-15 10:19:20,355 - INFO: global_step=461017, episodic_return=148.94203186035156
2022-11-15 10:19:23,123 - INFO: global_step=462017, episodic_return=-65.09020233154297
2022-11-15 10:19:25,225 - INFO: global_step=463017, episodic_return=-40.86308288574219
2022-11-15 10:19:28,701 - INFO: global_step=464017, episodic_return=-41.64181900024414
2022-11-15 10:19:31,715 - INFO: global_step=465017, episodic_return=-76.67815399169922
2022-11-15 10:19:34,248 - INFO: global_step=466017, episodic_return=-41.91014099121094
2022-11-15 10:19:36,489 - INFO: global_step=467017, episodic_return=-131.82632446289062
2022-11-15 10:19:39,735 - INFO: global_step=468017, episodic_return=-68.96167755126953
2022-11-15 10:19:42,508 - INFO: global_step=469017, episodic_return=-51.60372543334961
2022-11-15 10:19:45,197 - INFO: global_step=470017, episodic_return=-58.340476989746094
2022-11-15 10:19:47,871 - INFO: global_step=471017, episodic_return=-2.7397875785827637
2022-11-15 10:19:50,645 - INFO: global_step=472017, episodic_return=-18.325239181518555
2022-11-15 10:19:53,559 - INFO: global_step=473017, episodic_return=-17.482513427734375
2022-11-15 10:19:56,966 - INFO: global_step=474017, episodic_return=-38.0732536315918
2022-11-15 10:19:59,311 - INFO: global_step=475017, episodic_return=-92.1479263305664
2022-11-15 10:20:01,975 - INFO: global_step=476017, episodic_return=3.1137807369232178
2022-11-15 10:20:03,783 - INFO: global_step=477017, episodic_return=-37.18926239013672
2022-11-15 10:20:04,617 - INFO: global_step=477486, episodic_return=259.1943054199219
2022-11-15 10:20:05,489 - INFO: global_step=477991, episodic_return=234.39227294921875
2022-11-15 10:20:08,260 - INFO: global_step=478991, episodic_return=-1.1685646772384644
2022-11-15 10:20:11,600 - INFO: global_step=479991, episodic_return=-46.81710433959961
2022-11-15 10:20:14,000 - INFO: global_step=480991, episodic_return=-74.40930938720703
2022-11-15 10:20:16,614 - INFO: global_step=481991, episodic_return=-45.44554138183594
2022-11-15 10:20:20,120 - INFO: global_step=482991, episodic_return=14.377405166625977
2022-11-15 10:20:23,562 - INFO: global_step=483991, episodic_return=-33.77164077758789
2022-11-15 10:20:26,062 - INFO: global_step=484991, episodic_return=-93.21321868896484
2022-11-15 10:20:28,213 - INFO: global_step=485991, episodic_return=-75.22528839111328
2022-11-15 10:20:30,869 - INFO: global_step=486991, episodic_return=-100.28092956542969
2022-11-15 10:20:32,993 - INFO: global_step=487991, episodic_return=-69.58838653564453
2022-11-15 10:20:34,613 - INFO: global_step=488815, episodic_return=190.15206909179688
2022-11-15 10:20:37,580 - INFO: global_step=489815, episodic_return=-60.661964416503906
2022-11-15 10:20:41,341 - INFO: global_step=490815, episodic_return=-79.083251953125
2022-11-15 10:20:43,404 - INFO: global_step=491815, episodic_return=-47.484615325927734
2022-11-15 10:20:45,931 - INFO: global_step=492815, episodic_return=-46.21024703979492
2022-11-15 10:20:49,336 - INFO: global_step=493815, episodic_return=-22.591882705688477
2022-11-15 10:20:51,582 - INFO: global_step=494815, episodic_return=-19.536273956298828
2022-11-15 10:20:54,551 - INFO: global_step=495815, episodic_return=-74.67388153076172
2022-11-15 10:20:57,547 - INFO: global_step=496815, episodic_return=-44.09898376464844
2022-11-15 10:20:59,265 - INFO: global_step=497815, episodic_return=-13.348745346069336
2022-11-15 10:21:01,995 - INFO: global_step=498670, episodic_return=173.37655639648438
2022-11-15 10:21:04,539 - INFO: global_step=499670, episodic_return=-57.10797882080078
2022-11-15 10:21:04,877 - INFO: The average reward of last 20 steps: -28.941305446624757
