2022-11-15 03:04:17,133 - INFO: +--------------------------+----------------+
| Parameter                | Value          |
+--------------------------+----------------+
| exp_name                 | dqn            |
+--------------------------+----------------+
| seed                     | 42             |
+--------------------------+----------------+
| total_timesteps          | 500000         |
+--------------------------+----------------+
| learning_rate            | 0.001          |
+--------------------------+----------------+
| buffer_size              | 2000           |
+--------------------------+----------------+
| gamma                    | 0.982          |
+--------------------------+----------------+
| target_network_frequency | 50             |
+--------------------------+----------------+
| batch_size               | 128            |
+--------------------------+----------------+
| start_e                  | 0.300          |
+--------------------------+----------------+
| end_e                    | 0.010          |
+--------------------------+----------------+
| exploration_fraction     | 0.300          |
+--------------------------+----------------+
| learning_starts          | 10000          |
+--------------------------+----------------+
| train_frequency          | 10             |
+--------------------------+----------------+
| env_id                   | LunarLander-v2 |
+--------------------------+----------------+
2022-11-15 03:04:20,247 - INFO: global_step=111, episodic_return=-611.77490234375
2022-11-15 03:04:20,274 - INFO: global_step=172, episodic_return=-122.97918701171875
2022-11-15 03:04:20,309 - INFO: global_step=228, episodic_return=-94.93672180175781
2022-11-15 03:04:20,354 - INFO: global_step=312, episodic_return=-403.9896545410156
2022-11-15 03:04:20,403 - INFO: global_step=398, episodic_return=-546.5460205078125
2022-11-15 03:04:20,474 - INFO: global_step=527, episodic_return=-663.8632202148438
2022-11-15 03:04:20,519 - INFO: global_step=624, episodic_return=-520.5931396484375
2022-11-15 03:04:20,541 - INFO: global_step=682, episodic_return=-135.27650451660156
2022-11-15 03:04:20,571 - INFO: global_step=758, episodic_return=-591.8984375
2022-11-15 03:04:20,778 - INFO: global_step=1014, episodic_return=-1733.39404296875
2022-11-15 03:04:20,821 - INFO: global_step=1094, episodic_return=26.47443389892578
2022-11-15 03:04:20,863 - INFO: global_step=1185, episodic_return=-500.2014465332031
2022-11-15 03:04:20,914 - INFO: global_step=1291, episodic_return=-549.0076904296875
2022-11-15 03:04:20,959 - INFO: global_step=1379, episodic_return=-151.52676391601562
2022-11-15 03:04:21,008 - INFO: global_step=1439, episodic_return=-161.4285430908203
2022-11-15 03:04:21,035 - INFO: global_step=1494, episodic_return=-119.44204711914062
2022-11-15 03:04:21,065 - INFO: global_step=1548, episodic_return=-122.70767211914062
2022-11-15 03:04:21,102 - INFO: global_step=1617, episodic_return=-502.41864013671875
2022-11-15 03:04:21,191 - INFO: global_step=1761, episodic_return=-608.3270874023438
2022-11-15 03:04:21,228 - INFO: global_step=1851, episodic_return=-585.9375
2022-11-15 03:04:21,308 - INFO: global_step=2003, episodic_return=-698.7526245117188
2022-11-15 03:04:21,346 - INFO: global_step=2071, episodic_return=-582.767333984375
2022-11-15 03:04:21,385 - INFO: global_step=2141, episodic_return=-601.40087890625
2022-11-15 03:04:21,423 - INFO: global_step=2211, episodic_return=-131.07887268066406
2022-11-15 03:04:21,452 - INFO: global_step=2275, episodic_return=-183.46151733398438
2022-11-15 03:04:21,478 - INFO: global_step=2329, episodic_return=-95.81594848632812
2022-11-15 03:04:21,505 - INFO: global_step=2394, episodic_return=-557.5687255859375
2022-11-15 03:04:21,540 - INFO: global_step=2472, episodic_return=-555.1669921875
2022-11-15 03:04:21,568 - INFO: global_step=2538, episodic_return=-96.67814636230469
2022-11-15 03:04:21,617 - INFO: global_step=2642, episodic_return=-608.3533325195312
2022-11-15 03:04:21,647 - INFO: global_step=2700, episodic_return=-147.37127685546875
2022-11-15 03:04:21,671 - INFO: global_step=2753, episodic_return=-407.88677978515625
2022-11-15 03:04:21,697 - INFO: global_step=2810, episodic_return=-106.12811279296875
2022-11-15 03:04:21,777 - INFO: global_step=2956, episodic_return=-724.8738403320312
2022-11-15 03:04:21,843 - INFO: global_step=3085, episodic_return=-710.1793823242188
2022-11-15 03:04:21,883 - INFO: global_step=3145, episodic_return=-112.63543701171875
2022-11-15 03:04:21,927 - INFO: global_step=3226, episodic_return=-501.9376525878906
2022-11-15 03:04:21,979 - INFO: global_step=3314, episodic_return=-625.841064453125
2022-11-15 03:04:22,033 - INFO: global_step=3409, episodic_return=-618.56298828125
2022-11-15 03:04:22,091 - INFO: global_step=3511, episodic_return=-548.595703125
2022-11-15 03:04:22,139 - INFO: global_step=3601, episodic_return=-612.84033203125
2022-11-15 03:04:22,169 - INFO: global_step=3657, episodic_return=-90.33197021484375
2022-11-15 03:04:22,296 - INFO: global_step=3839, episodic_return=-1052.5487060546875
2022-11-15 03:04:22,351 - INFO: global_step=3926, episodic_return=-587.9437255859375
2022-11-15 03:04:22,416 - INFO: global_step=4033, episodic_return=-645.4039916992188
2022-11-15 03:04:22,449 - INFO: global_step=4097, episodic_return=-118.56216430664062
2022-11-15 03:04:22,490 - INFO: global_step=4176, episodic_return=-505.7550964355469
2022-11-15 03:04:22,591 - INFO: global_step=4336, episodic_return=-780.3286743164062
2022-11-15 03:04:22,627 - INFO: global_step=4393, episodic_return=-119.38784790039062
2022-11-15 03:04:22,682 - INFO: global_step=4479, episodic_return=-521.814208984375
2022-11-15 03:04:22,729 - INFO: global_step=4566, episodic_return=-640.7134399414062
2022-11-15 03:04:22,782 - INFO: global_step=4671, episodic_return=-546.9155883789062
2022-11-15 03:04:22,804 - INFO: global_step=4731, episodic_return=-98.30928039550781
2022-11-15 03:04:22,831 - INFO: global_step=4786, episodic_return=-73.90279388427734
2022-11-15 03:04:23,215 - INFO: global_step=5202, episodic_return=-3404.243408203125
2022-11-15 03:04:23,267 - INFO: global_step=5287, episodic_return=-531.242919921875
2022-11-15 03:04:23,447 - INFO: global_step=5562, episodic_return=-1229.75634765625
2022-11-15 03:04:23,475 - INFO: global_step=5621, episodic_return=-116.84647369384766
2022-11-15 03:04:23,508 - INFO: global_step=5694, episodic_return=-500.6780700683594
2022-11-15 03:04:23,537 - INFO: global_step=5753, episodic_return=-117.82536315917969
2022-11-15 03:04:23,574 - INFO: global_step=5825, episodic_return=-520.9529418945312
2022-11-15 03:04:23,618 - INFO: global_step=5910, episodic_return=-615.1824951171875
2022-11-15 03:04:23,651 - INFO: global_step=5971, episodic_return=-499.4690246582031
2022-11-15 03:04:23,735 - INFO: global_step=6118, episodic_return=-600.622314453125
2022-11-15 03:04:23,897 - INFO: global_step=6379, episodic_return=-1323.0186767578125
2022-11-15 03:04:23,941 - INFO: global_step=6455, episodic_return=-585.4481201171875
2022-11-15 03:04:23,974 - INFO: global_step=6516, episodic_return=-135.13232421875
2022-11-15 03:04:24,007 - INFO: global_step=6579, episodic_return=-202.22694396972656
2022-11-15 03:04:24,067 - INFO: global_step=6685, episodic_return=-532.05322265625
2022-11-15 03:04:24,089 - INFO: global_step=6740, episodic_return=-121.42537689208984
2022-11-15 03:04:24,119 - INFO: global_step=6800, episodic_return=-290.233154296875
2022-11-15 03:04:24,151 - INFO: global_step=6873, episodic_return=-120.25759887695312
2022-11-15 03:04:24,191 - INFO: global_step=6948, episodic_return=-540.78271484375
2022-11-15 03:04:24,221 - INFO: global_step=7005, episodic_return=-99.88988494873047
2022-11-15 03:04:24,277 - INFO: global_step=7101, episodic_return=-611.4949951171875
2022-11-15 03:04:24,348 - INFO: global_step=7224, episodic_return=-769.9690551757812
2022-11-15 03:04:24,391 - INFO: global_step=7314, episodic_return=-608.8084716796875
2022-11-15 03:04:24,422 - INFO: global_step=7383, episodic_return=-529.428955078125
2022-11-15 03:04:24,458 - INFO: global_step=7464, episodic_return=-539.3736572265625
2022-11-15 03:04:24,490 - INFO: global_step=7528, episodic_return=-511.24456787109375
2022-11-15 03:04:24,544 - INFO: global_step=7620, episodic_return=-424.5476989746094
2022-11-15 03:04:24,640 - INFO: global_step=7728, episodic_return=-429.4075012207031
2022-11-15 03:04:24,700 - INFO: global_step=7812, episodic_return=-319.3817138671875
2022-11-15 03:04:24,736 - INFO: global_step=7884, episodic_return=-128.20553588867188
2022-11-15 03:04:24,800 - INFO: global_step=8007, episodic_return=-621.1300048828125
2022-11-15 03:04:24,984 - INFO: global_step=8181, episodic_return=-1041.22314453125
2022-11-15 03:04:25,015 - INFO: global_step=8242, episodic_return=-482.01068115234375
2022-11-15 03:04:25,148 - INFO: global_step=8353, episodic_return=-364.4009704589844
2022-11-15 03:04:25,181 - INFO: global_step=8426, episodic_return=-530.0982666015625
2022-11-15 03:04:25,213 - INFO: global_step=8489, episodic_return=-152.9715576171875
2022-11-15 03:04:25,260 - INFO: global_step=8592, episodic_return=-668.1011962890625
2022-11-15 03:04:25,296 - INFO: global_step=8668, episodic_return=-532.238525390625
2022-11-15 03:04:25,326 - INFO: global_step=8734, episodic_return=-455.5269470214844
2022-11-15 03:04:25,349 - INFO: global_step=8792, episodic_return=-120.60204315185547
2022-11-15 03:04:25,391 - INFO: global_step=8877, episodic_return=-550.6827392578125
2022-11-15 03:04:25,412 - INFO: global_step=8934, episodic_return=-92.25312805175781
2022-11-15 03:04:25,459 - INFO: global_step=9051, episodic_return=-682.1389770507812
2022-11-15 03:04:25,486 - INFO: global_step=9109, episodic_return=-176.29043579101562
2022-11-15 03:04:25,539 - INFO: global_step=9201, episodic_return=-603.6867065429688
2022-11-15 03:04:25,604 - INFO: global_step=9305, episodic_return=-689.2442016601562
2022-11-15 03:04:25,639 - INFO: global_step=9381, episodic_return=-561.4810791015625
2022-11-15 03:04:25,682 - INFO: global_step=9470, episodic_return=-509.54571533203125
2022-11-15 03:04:25,724 - INFO: global_step=9561, episodic_return=-500.4000244140625
2022-11-15 03:04:25,773 - INFO: global_step=9643, episodic_return=-539.2667846679688
2022-11-15 03:04:25,812 - INFO: global_step=9727, episodic_return=-535.72314453125
2022-11-15 03:04:25,839 - INFO: global_step=9781, episodic_return=-115.88442993164062
2022-11-15 03:04:25,866 - INFO: global_step=9842, episodic_return=-477.6237487792969
2022-11-15 03:04:25,898 - INFO: global_step=9907, episodic_return=-515.8524780273438
2022-11-15 03:04:25,924 - INFO: global_step=9961, episodic_return=-114.2281723022461
2022-11-15 03:04:26,009 - INFO: global_step=10084, episodic_return=-616.7646484375
2022-11-15 03:04:26,061 - INFO: global_step=10161, episodic_return=-295.4279479980469
2022-11-15 03:04:26,102 - INFO: global_step=10226, episodic_return=-281.4925537109375
2022-11-15 03:04:26,137 - INFO: global_step=10280, episodic_return=-118.03771209716797
2022-11-15 03:04:26,213 - INFO: global_step=10365, episodic_return=-139.86196899414062
2022-11-15 03:04:26,266 - INFO: global_step=10432, episodic_return=-307.293212890625
2022-11-15 03:04:26,322 - INFO: global_step=10509, episodic_return=-326.7109375
2022-11-15 03:04:26,362 - INFO: global_step=10576, episodic_return=-300.760986328125
2022-11-15 03:04:26,396 - INFO: global_step=10643, episodic_return=-189.54791259765625
2022-11-15 03:04:26,443 - INFO: global_step=10737, episodic_return=-111.10826110839844
2022-11-15 03:04:26,474 - INFO: global_step=10790, episodic_return=-123.63798522949219
2022-11-15 03:04:26,506 - INFO: global_step=10839, episodic_return=-161.31101989746094
2022-11-15 03:04:26,549 - INFO: global_step=10898, episodic_return=-122.80351257324219
2022-11-15 03:04:26,600 - INFO: global_step=10960, episodic_return=-146.88490295410156
2022-11-15 03:04:26,680 - INFO: global_step=11055, episodic_return=-190.19891357421875
2022-11-15 03:04:26,723 - INFO: global_step=11110, episodic_return=-104.06391143798828
2022-11-15 03:04:26,764 - INFO: global_step=11181, episodic_return=-139.8349609375
2022-11-15 03:04:26,832 - INFO: global_step=11281, episodic_return=-184.83694458007812
2022-11-15 03:04:26,870 - INFO: global_step=11340, episodic_return=-88.30906677246094
2022-11-15 03:04:26,921 - INFO: global_step=11415, episodic_return=-186.34603881835938
2022-11-15 03:04:26,956 - INFO: global_step=11469, episodic_return=-119.28102111816406
2022-11-15 03:04:26,998 - INFO: global_step=11540, episodic_return=-149.6133575439453
2022-11-15 03:04:27,034 - INFO: global_step=11592, episodic_return=-81.36792755126953
2022-11-15 03:04:27,087 - INFO: global_step=11666, episodic_return=-134.3612518310547
2022-11-15 03:04:27,136 - INFO: global_step=11720, episodic_return=-110.5916519165039
2022-11-15 03:04:27,188 - INFO: global_step=11813, episodic_return=-231.79165649414062
2022-11-15 03:04:27,234 - INFO: global_step=11893, episodic_return=-169.2990264892578
2022-11-15 03:04:27,273 - INFO: global_step=11967, episodic_return=-242.42327880859375
2022-11-15 03:04:27,328 - INFO: global_step=12052, episodic_return=-366.662109375
2022-11-15 03:04:27,374 - INFO: global_step=12139, episodic_return=-440.9331359863281
2022-11-15 03:04:27,409 - INFO: global_step=12207, episodic_return=-155.84112548828125
2022-11-15 03:04:27,444 - INFO: global_step=12278, episodic_return=-134.47354125976562
2022-11-15 03:04:27,518 - INFO: global_step=12398, episodic_return=-249.05026245117188
2022-11-15 03:04:27,568 - INFO: global_step=12457, episodic_return=-219.99270629882812
2022-11-15 03:04:27,674 - INFO: global_step=12569, episodic_return=-419.01336669921875
2022-11-15 03:04:27,745 - INFO: global_step=12701, episodic_return=-247.86294555664062
2022-11-15 03:04:27,814 - INFO: global_step=12825, episodic_return=18.91680908203125
2022-11-15 03:04:27,880 - INFO: global_step=12918, episodic_return=-445.7251281738281
2022-11-15 03:04:27,932 - INFO: global_step=12981, episodic_return=-295.159423828125
2022-11-15 03:04:27,986 - INFO: global_step=13055, episodic_return=-221.21832275390625
2022-11-15 03:04:28,032 - INFO: global_step=13122, episodic_return=-164.9078369140625
2022-11-15 03:04:28,088 - INFO: global_step=13219, episodic_return=-466.5808410644531
2022-11-15 03:04:28,154 - INFO: global_step=13333, episodic_return=-61.97102355957031
2022-11-15 03:04:28,184 - INFO: global_step=13391, episodic_return=-157.85824584960938
2022-11-15 03:04:28,225 - INFO: global_step=13451, episodic_return=-138.3163299560547
2022-11-15 03:04:30,050 - INFO: global_step=14451, episodic_return=7.406743049621582
2022-11-15 03:04:30,163 - INFO: global_step=14601, episodic_return=-224.3342742919922
2022-11-15 03:04:31,884 - INFO: global_step=15601, episodic_return=-218.56689453125
2022-11-15 03:04:32,026 - INFO: global_step=15806, episodic_return=-50.554893493652344
2022-11-15 03:04:33,973 - INFO: global_step=16806, episodic_return=-27.120691299438477
2022-11-15 03:04:34,132 - INFO: global_step=17013, episodic_return=-36.165870666503906
2022-11-15 03:04:34,300 - INFO: global_step=17232, episodic_return=-25.309295654296875
2022-11-15 03:04:34,911 - INFO: global_step=17693, episodic_return=-98.60323333740234
2022-11-15 03:04:34,983 - INFO: global_step=17795, episodic_return=-185.3401641845703
2022-11-15 03:04:35,044 - INFO: global_step=17892, episodic_return=-336.9302062988281
2022-11-15 03:04:35,119 - INFO: global_step=18015, episodic_return=-270.2491455078125
2022-11-15 03:04:35,200 - INFO: global_step=18130, episodic_return=-326.7430419921875
2022-11-15 03:04:35,400 - INFO: global_step=18342, episodic_return=-289.39306640625
2022-11-15 03:04:35,508 - INFO: global_step=18494, episodic_return=-385.8570251464844
2022-11-15 03:04:35,591 - INFO: global_step=18598, episodic_return=-195.62454223632812
2022-11-15 03:04:35,789 - INFO: global_step=18815, episodic_return=-241.73634338378906
2022-11-15 03:04:35,965 - INFO: global_step=19040, episodic_return=-414.937744140625
2022-11-15 03:04:36,052 - INFO: global_step=19156, episodic_return=-349.0876159667969
2022-11-15 03:04:36,302 - INFO: global_step=19435, episodic_return=-180.79714965820312
2022-11-15 03:04:38,216 - INFO: global_step=20435, episodic_return=-98.37782287597656
2022-11-15 03:04:40,489 - INFO: global_step=21435, episodic_return=-85.43018341064453
2022-11-15 03:04:42,557 - INFO: global_step=22435, episodic_return=-242.94683837890625
2022-11-15 03:04:43,509 - INFO: global_step=23201, episodic_return=197.600830078125
2022-11-15 03:04:45,271 - INFO: global_step=24201, episodic_return=10.604822158813477
2022-11-15 03:04:47,246 - INFO: global_step=25201, episodic_return=-40.23604965209961
2022-11-15 03:04:47,343 - INFO: global_step=25358, episodic_return=-47.791046142578125
2022-11-15 03:04:49,770 - INFO: global_step=26358, episodic_return=-82.26271057128906
2022-11-15 03:04:50,036 - INFO: global_step=26665, episodic_return=-345.628662109375
2022-11-15 03:04:51,725 - INFO: global_step=27665, episodic_return=-133.5338134765625
2022-11-15 03:04:53,226 - INFO: global_step=28665, episodic_return=-95.45057678222656
2022-11-15 03:04:53,427 - INFO: global_step=28902, episodic_return=32.1917724609375
2022-11-15 03:04:57,062 - INFO: global_step=29902, episodic_return=-77.8911361694336
2022-11-15 03:04:58,866 - INFO: global_step=30902, episodic_return=-22.418785095214844
2022-11-15 03:05:01,465 - INFO: global_step=31902, episodic_return=-113.90587615966797
2022-11-15 03:05:03,777 - INFO: global_step=32902, episodic_return=-115.74073028564453
2022-11-15 03:05:06,154 - INFO: global_step=33902, episodic_return=-140.14425659179688
2022-11-15 03:05:08,461 - INFO: global_step=34902, episodic_return=-73.19131469726562
2022-11-15 03:05:10,595 - INFO: global_step=35902, episodic_return=-103.68204498291016
2022-11-15 03:05:12,325 - INFO: global_step=36902, episodic_return=-65.26119995117188
2022-11-15 03:05:14,481 - INFO: global_step=37902, episodic_return=-92.60236358642578
2022-11-15 03:05:16,255 - INFO: global_step=38902, episodic_return=-169.34197998046875
2022-11-15 03:05:17,974 - INFO: global_step=39902, episodic_return=-60.855712890625
2022-11-15 03:05:18,210 - INFO: global_step=40187, episodic_return=-154.2698974609375
2022-11-15 03:05:18,498 - INFO: global_step=40511, episodic_return=-124.7807388305664
2022-11-15 03:05:19,524 - INFO: global_step=41144, episodic_return=-122.37413787841797
2022-11-15 03:05:19,806 - INFO: global_step=41436, episodic_return=-234.55349731445312
2022-11-15 03:05:20,829 - INFO: global_step=42032, episodic_return=-139.36380004882812
2022-11-15 03:05:23,480 - INFO: global_step=43032, episodic_return=54.873783111572266
2022-11-15 03:05:24,752 - INFO: global_step=43808, episodic_return=123.95138549804688
2022-11-15 03:05:26,904 - INFO: global_step=44808, episodic_return=9.815824508666992
2022-11-15 03:05:27,567 - INFO: global_step=45403, episodic_return=-72.93525695800781
2022-11-15 03:05:27,927 - INFO: global_step=45791, episodic_return=-124.50347137451172
2022-11-15 03:05:29,537 - INFO: global_step=46791, episodic_return=-66.16852569580078
2022-11-15 03:05:31,605 - INFO: global_step=47791, episodic_return=-4.802529335021973
2022-11-15 03:05:31,693 - INFO: global_step=47922, episodic_return=-171.72616577148438
2022-11-15 03:05:33,739 - INFO: global_step=48922, episodic_return=-69.94420623779297
2022-11-15 03:05:33,899 - INFO: global_step=49145, episodic_return=-261.272216796875
2022-11-15 03:05:34,157 - INFO: global_step=49392, episodic_return=-67.04505920410156
2022-11-15 03:05:34,286 - INFO: global_step=49568, episodic_return=-206.52395629882812
2022-11-15 03:05:34,341 - INFO: global_step=49644, episodic_return=-177.5001678466797
2022-11-15 03:05:36,097 - INFO: global_step=50644, episodic_return=-92.86872100830078
2022-11-15 03:05:36,373 - INFO: global_step=50945, episodic_return=-120.43461608886719
2022-11-15 03:05:36,465 - INFO: global_step=51076, episodic_return=-123.75930786132812
2022-11-15 03:05:36,551 - INFO: global_step=51195, episodic_return=-254.1875
2022-11-15 03:05:36,869 - INFO: global_step=51544, episodic_return=-85.17581176757812
2022-11-15 03:05:37,333 - INFO: global_step=51961, episodic_return=-36.688663482666016
2022-11-15 03:05:39,387 - INFO: global_step=52961, episodic_return=-74.43079376220703
2022-11-15 03:05:39,809 - INFO: global_step=53366, episodic_return=-180.6617431640625
2022-11-15 03:05:40,696 - INFO: global_step=53955, episodic_return=-464.32720947265625
2022-11-15 03:05:42,780 - INFO: global_step=54855, episodic_return=-325.49456787109375
2022-11-15 03:05:44,082 - INFO: global_step=55731, episodic_return=-175.79270935058594
2022-11-15 03:05:45,875 - INFO: global_step=56731, episodic_return=-96.06827545166016
2022-11-15 03:05:47,533 - INFO: global_step=57731, episodic_return=-87.19860076904297
2022-11-15 03:05:49,630 - INFO: global_step=58731, episodic_return=-150.91253662109375
2022-11-15 03:05:52,009 - INFO: global_step=59731, episodic_return=-107.83300018310547
2022-11-15 03:05:52,587 - INFO: global_step=60166, episodic_return=-212.63055419921875
2022-11-15 03:05:53,449 - INFO: global_step=60758, episodic_return=-201.99876403808594
2022-11-15 03:05:54,251 - INFO: global_step=61292, episodic_return=-283.9587097167969
2022-11-15 03:05:56,042 - INFO: global_step=62292, episodic_return=-154.91351318359375
2022-11-15 03:05:56,489 - INFO: global_step=62705, episodic_return=-301.3489074707031
2022-11-15 03:05:58,711 - INFO: global_step=63705, episodic_return=-128.1402587890625
2022-11-15 03:06:00,910 - INFO: global_step=64705, episodic_return=-98.30133819580078
2022-11-15 03:06:02,803 - INFO: global_step=65705, episodic_return=-41.824161529541016
2022-11-15 03:06:03,277 - INFO: global_step=66104, episodic_return=-117.67061614990234
2022-11-15 03:06:05,358 - INFO: global_step=67104, episodic_return=-48.91863250732422
2022-11-15 03:06:05,519 - INFO: global_step=67303, episodic_return=58.06828308105469
2022-11-15 03:06:07,876 - INFO: global_step=68303, episodic_return=-49.138221740722656
2022-11-15 03:06:09,728 - INFO: global_step=69303, episodic_return=-71.39378356933594
2022-11-15 03:06:12,091 - INFO: global_step=70303, episodic_return=-113.92607879638672
2022-11-15 03:06:12,178 - INFO: global_step=70419, episodic_return=-160.19497680664062
2022-11-15 03:06:13,641 - INFO: global_step=71265, episodic_return=-188.83543395996094
2022-11-15 03:06:13,761 - INFO: global_step=71391, episodic_return=-122.68927001953125
2022-11-15 03:06:14,045 - INFO: global_step=71650, episodic_return=-173.07151794433594
2022-11-15 03:06:14,172 - INFO: global_step=71786, episodic_return=-130.09059143066406
2022-11-15 03:06:14,821 - INFO: global_step=72357, episodic_return=175.9919891357422
2022-11-15 03:06:15,207 - INFO: global_step=72695, episodic_return=-29.05937957763672
2022-11-15 03:06:16,692 - INFO: global_step=73695, episodic_return=-76.46865844726562
2022-11-15 03:06:17,226 - INFO: global_step=74137, episodic_return=-53.408809661865234
2022-11-15 03:06:18,852 - INFO: global_step=75137, episodic_return=97.67146301269531
2022-11-15 03:06:20,318 - INFO: global_step=76137, episodic_return=-82.05113983154297
2022-11-15 03:06:20,519 - INFO: global_step=76337, episodic_return=-17.608489990234375
2022-11-15 03:06:20,709 - INFO: global_step=76571, episodic_return=-140.1722869873047
2022-11-15 03:06:21,363 - INFO: global_step=77071, episodic_return=-253.47381591796875
2022-11-15 03:06:21,636 - INFO: global_step=77342, episodic_return=4.8991241455078125
2022-11-15 03:06:21,834 - INFO: global_step=77555, episodic_return=44.92375183105469
2022-11-15 03:06:22,116 - INFO: global_step=77847, episodic_return=-23.322250366210938
2022-11-15 03:06:24,053 - INFO: global_step=78847, episodic_return=38.417701721191406
2022-11-15 03:06:24,204 - INFO: global_step=79005, episodic_return=-199.58258056640625
2022-11-15 03:06:25,864 - INFO: global_step=79955, episodic_return=223.20452880859375
2022-11-15 03:06:26,997 - INFO: global_step=80458, episodic_return=209.46224975585938
2022-11-15 03:06:28,566 - INFO: global_step=81129, episodic_return=206.5837860107422
2022-11-15 03:06:28,718 - INFO: global_step=81316, episodic_return=-99.09105682373047
2022-11-15 03:06:28,850 - INFO: global_step=81500, episodic_return=-64.75300598144531
2022-11-15 03:06:30,714 - INFO: global_step=82500, episodic_return=-115.35189819335938
2022-11-15 03:06:32,426 - INFO: global_step=83500, episodic_return=-78.75446319580078
2022-11-15 03:06:33,698 - INFO: global_step=84441, episodic_return=-177.49203491210938
2022-11-15 03:06:35,167 - INFO: global_step=85441, episodic_return=-121.3512191772461
2022-11-15 03:06:36,371 - INFO: global_step=86441, episodic_return=-55.637699127197266
2022-11-15 03:06:38,306 - INFO: global_step=87441, episodic_return=-71.9192886352539
2022-11-15 03:06:39,942 - INFO: global_step=88441, episodic_return=-58.75139236450195
2022-11-15 03:06:41,525 - INFO: global_step=89441, episodic_return=-104.62242889404297
2022-11-15 03:06:43,664 - INFO: global_step=90441, episodic_return=-66.28924560546875
2022-11-15 03:06:45,458 - INFO: global_step=91441, episodic_return=-64.19987487792969
2022-11-15 03:06:47,294 - INFO: global_step=92441, episodic_return=-82.21319580078125
2022-11-15 03:06:49,568 - INFO: global_step=93441, episodic_return=-61.570125579833984
2022-11-15 03:06:51,698 - INFO: global_step=94441, episodic_return=-37.465492248535156
2022-11-15 03:06:53,245 - INFO: global_step=95441, episodic_return=-65.15978240966797
2022-11-15 03:06:53,691 - INFO: global_step=95762, episodic_return=208.14488220214844
2022-11-15 03:06:55,867 - INFO: global_step=96762, episodic_return=-43.62638854980469
2022-11-15 03:06:57,883 - INFO: global_step=97762, episodic_return=-50.46070098876953
2022-11-15 03:06:59,684 - INFO: global_step=98762, episodic_return=-81.09575653076172
2022-11-15 03:07:01,266 - INFO: global_step=99762, episodic_return=15.123655319213867
2022-11-15 03:07:03,689 - INFO: global_step=100762, episodic_return=-138.1185760498047
2022-11-15 03:07:05,219 - INFO: global_step=101762, episodic_return=-50.03057861328125
2022-11-15 03:07:06,990 - INFO: global_step=102762, episodic_return=-77.77910614013672
2022-11-15 03:07:09,404 - INFO: global_step=103762, episodic_return=-129.45602416992188
2022-11-15 03:07:11,405 - INFO: global_step=104762, episodic_return=-59.91389465332031
2022-11-15 03:07:13,516 - INFO: global_step=105762, episodic_return=-92.5801773071289
2022-11-15 03:07:15,877 - INFO: global_step=106762, episodic_return=-92.81951904296875
2022-11-15 03:07:17,725 - INFO: global_step=107762, episodic_return=-108.8878173828125
2022-11-15 03:07:19,195 - INFO: global_step=108762, episodic_return=-86.63826751708984
2022-11-15 03:07:21,069 - INFO: global_step=109762, episodic_return=-125.51197814941406
2022-11-15 03:07:23,119 - INFO: global_step=110762, episodic_return=-64.34321594238281
2022-11-15 03:07:24,722 - INFO: global_step=111762, episodic_return=-56.67683410644531
2022-11-15 03:07:26,741 - INFO: global_step=112762, episodic_return=-7.002047061920166
2022-11-15 03:07:28,971 - INFO: global_step=113762, episodic_return=-64.65282440185547
2022-11-15 03:07:30,888 - INFO: global_step=114762, episodic_return=-77.44223022460938
2022-11-15 03:07:31,147 - INFO: global_step=115028, episodic_return=-183.7564697265625
2022-11-15 03:07:33,117 - INFO: global_step=116028, episodic_return=-11.990568161010742
2022-11-15 03:07:34,920 - INFO: global_step=117028, episodic_return=-86.63626098632812
2022-11-15 03:07:36,492 - INFO: global_step=118028, episodic_return=-145.39405822753906
2022-11-15 03:07:38,377 - INFO: global_step=119028, episodic_return=28.174320220947266
2022-11-15 03:07:40,271 - INFO: global_step=120028, episodic_return=-87.76666259765625
2022-11-15 03:07:40,557 - INFO: global_step=120284, episodic_return=-55.49909210205078
2022-11-15 03:07:40,750 - INFO: global_step=120485, episodic_return=-88.54499053955078
2022-11-15 03:07:41,222 - INFO: global_step=120905, episodic_return=236.88180541992188
2022-11-15 03:07:43,402 - INFO: global_step=121799, episodic_return=87.26209259033203
2022-11-15 03:07:45,096 - INFO: global_step=122799, episodic_return=-28.531612396240234
2022-11-15 03:07:45,566 - INFO: global_step=123204, episodic_return=-88.75448608398438
2022-11-15 03:07:45,958 - INFO: global_step=123564, episodic_return=-87.34920501708984
2022-11-15 03:07:46,497 - INFO: global_step=123984, episodic_return=-48.697601318359375
2022-11-15 03:07:46,697 - INFO: global_step=124224, episodic_return=-215.415771484375
2022-11-15 03:07:47,001 - INFO: global_step=124536, episodic_return=-171.00244140625
2022-11-15 03:07:47,380 - INFO: global_step=124881, episodic_return=-35.309303283691406
2022-11-15 03:07:47,635 - INFO: global_step=125144, episodic_return=9.772956848144531
2022-11-15 03:07:48,010 - INFO: global_step=125458, episodic_return=-60.503787994384766
2022-11-15 03:07:48,286 - INFO: global_step=125764, episodic_return=-236.6100311279297
2022-11-15 03:07:49,133 - INFO: global_step=126359, episodic_return=-117.4751968383789
2022-11-15 03:07:50,685 - INFO: global_step=127359, episodic_return=-29.259258270263672
2022-11-15 03:07:52,125 - INFO: global_step=128359, episodic_return=-95.26184844970703
2022-11-15 03:07:54,600 - INFO: global_step=129359, episodic_return=-8.564590454101562
2022-11-15 03:07:56,950 - INFO: global_step=130359, episodic_return=-67.94471740722656
2022-11-15 03:08:00,553 - INFO: global_step=131359, episodic_return=-53.01188278198242
2022-11-15 03:08:02,712 - INFO: global_step=132359, episodic_return=-98.3711166381836
2022-11-15 03:08:04,517 - INFO: global_step=133359, episodic_return=-86.11510467529297
2022-11-15 03:08:06,156 - INFO: global_step=134359, episodic_return=-97.70118713378906
2022-11-15 03:08:08,204 - INFO: global_step=135359, episodic_return=-138.6475067138672
2022-11-15 03:08:10,200 - INFO: global_step=136359, episodic_return=-77.3508529663086
2022-11-15 03:08:11,948 - INFO: global_step=137359, episodic_return=-116.24738311767578
2022-11-15 03:08:14,235 - INFO: global_step=138359, episodic_return=-38.07577896118164
2022-11-15 03:08:16,310 - INFO: global_step=139359, episodic_return=-93.17506408691406
2022-11-15 03:08:18,919 - INFO: global_step=140359, episodic_return=-69.48588562011719
2022-11-15 03:08:21,448 - INFO: global_step=141359, episodic_return=-80.9281234741211
2022-11-15 03:08:23,624 - INFO: global_step=142359, episodic_return=-109.20384979248047
2022-11-15 03:08:25,147 - INFO: global_step=143359, episodic_return=-98.69388580322266
2022-11-15 03:08:27,317 - INFO: global_step=144359, episodic_return=-82.48223114013672
2022-11-15 03:08:29,862 - INFO: global_step=145359, episodic_return=-16.20313262939453
2022-11-15 03:08:31,481 - INFO: global_step=146359, episodic_return=-65.0889892578125
2022-11-15 03:08:33,009 - INFO: global_step=147359, episodic_return=-105.32865905761719
2022-11-15 03:08:35,130 - INFO: global_step=148359, episodic_return=-138.05531311035156
2022-11-15 03:08:37,029 - INFO: global_step=149359, episodic_return=-7.744126796722412
2022-11-15 03:08:38,283 - INFO: global_step=150359, episodic_return=-70.0475082397461
2022-11-15 03:08:39,827 - INFO: global_step=151359, episodic_return=-81.58476257324219
2022-11-15 03:08:41,295 - INFO: global_step=152359, episodic_return=-90.47974395751953
2022-11-15 03:08:42,756 - INFO: global_step=153359, episodic_return=-74.59967803955078
2022-11-15 03:08:44,771 - INFO: global_step=154359, episodic_return=-64.80333709716797
2022-11-15 03:08:47,163 - INFO: global_step=155359, episodic_return=-36.56291580200195
2022-11-15 03:08:49,588 - INFO: global_step=156359, episodic_return=-47.25350570678711
2022-11-15 03:08:51,633 - INFO: global_step=157359, episodic_return=-78.7148666381836
2022-11-15 03:08:54,202 - INFO: global_step=158359, episodic_return=-16.11960792541504
2022-11-15 03:08:55,900 - INFO: global_step=159359, episodic_return=-55.304351806640625
2022-11-15 03:08:57,206 - INFO: global_step=160359, episodic_return=-61.638118743896484
2022-11-15 03:08:58,580 - INFO: global_step=161359, episodic_return=-110.15214538574219
2022-11-15 03:09:00,369 - INFO: global_step=162359, episodic_return=-81.52558135986328
2022-11-15 03:09:01,744 - INFO: global_step=163359, episodic_return=-65.84703826904297
2022-11-15 03:09:03,420 - INFO: global_step=164359, episodic_return=-76.99000549316406
2022-11-15 03:09:05,003 - INFO: global_step=165359, episodic_return=-82.49786376953125
2022-11-15 03:09:06,637 - INFO: global_step=166359, episodic_return=-96.25172424316406
2022-11-15 03:09:08,238 - INFO: global_step=167359, episodic_return=-80.92758178710938
2022-11-15 03:09:09,862 - INFO: global_step=168359, episodic_return=-68.61273193359375
2022-11-15 03:09:09,977 - INFO: global_step=168496, episodic_return=-57.011714935302734
2022-11-15 03:09:11,633 - INFO: global_step=169496, episodic_return=-42.31654739379883
2022-11-15 03:09:14,084 - INFO: global_step=170496, episodic_return=-50.52153778076172
2022-11-15 03:09:15,681 - INFO: global_step=171496, episodic_return=-71.06804656982422
2022-11-15 03:09:17,671 - INFO: global_step=172496, episodic_return=-104.9181137084961
2022-11-15 03:09:19,598 - INFO: global_step=173496, episodic_return=-82.28435516357422
2022-11-15 03:09:21,652 - INFO: global_step=174496, episodic_return=-96.14493560791016
2022-11-15 03:09:23,895 - INFO: global_step=175496, episodic_return=-27.737957000732422
2022-11-15 03:09:25,948 - INFO: global_step=176496, episodic_return=-49.74095916748047
2022-11-15 03:09:28,036 - INFO: global_step=177496, episodic_return=-98.61089324951172
2022-11-15 03:09:30,335 - INFO: global_step=178496, episodic_return=-45.505550384521484
2022-11-15 03:09:32,571 - INFO: global_step=179496, episodic_return=-111.84193420410156
2022-11-15 03:09:33,830 - INFO: global_step=180496, episodic_return=-48.137569427490234
2022-11-15 03:09:35,528 - INFO: global_step=181496, episodic_return=-54.30397033691406
2022-11-15 03:09:37,278 - INFO: global_step=182496, episodic_return=-16.26405143737793
2022-11-15 03:09:39,170 - INFO: global_step=183496, episodic_return=-74.87841796875
2022-11-15 03:09:40,836 - INFO: global_step=184496, episodic_return=-16.003355026245117
2022-11-15 03:09:42,922 - INFO: global_step=185496, episodic_return=-69.67868041992188
2022-11-15 03:09:44,543 - INFO: global_step=186496, episodic_return=-93.40006256103516
2022-11-15 03:09:45,996 - INFO: global_step=187496, episodic_return=-63.66096496582031
2022-11-15 03:09:47,446 - INFO: global_step=188496, episodic_return=-56.247920989990234
2022-11-15 03:09:50,101 - INFO: global_step=189496, episodic_return=-57.44342803955078
2022-11-15 03:09:52,616 - INFO: global_step=190496, episodic_return=-104.75022888183594
2022-11-15 03:09:54,032 - INFO: global_step=191496, episodic_return=-36.46712112426758
2022-11-15 03:09:56,185 - INFO: global_step=192496, episodic_return=-90.64016723632812
2022-11-15 03:09:58,311 - INFO: global_step=193496, episodic_return=-66.89067077636719
2022-11-15 03:10:00,198 - INFO: global_step=194496, episodic_return=-64.59880828857422
2022-11-15 03:10:01,926 - INFO: global_step=195496, episodic_return=-73.93765258789062
2022-11-15 03:10:03,814 - INFO: global_step=196496, episodic_return=-59.092044830322266
2022-11-15 03:10:05,907 - INFO: global_step=197496, episodic_return=-21.397560119628906
2022-11-15 03:10:07,806 - INFO: global_step=198496, episodic_return=-70.0955810546875
2022-11-15 03:10:09,803 - INFO: global_step=199496, episodic_return=-54.15827941894531
2022-11-15 03:10:11,556 - INFO: global_step=200496, episodic_return=-86.33029174804688
2022-11-15 03:10:13,556 - INFO: global_step=201496, episodic_return=-54.85498046875
2022-11-15 03:10:13,718 - INFO: global_step=201663, episodic_return=-64.96322631835938
2022-11-15 03:10:15,146 - INFO: global_step=202663, episodic_return=-53.08668518066406
2022-11-15 03:10:15,377 - INFO: global_step=202896, episodic_return=-201.27447509765625
2022-11-15 03:10:16,998 - INFO: global_step=203896, episodic_return=-87.57039642333984
2022-11-15 03:10:19,290 - INFO: global_step=204896, episodic_return=-59.12918472290039
2022-11-15 03:10:21,115 - INFO: global_step=205896, episodic_return=-30.06535530090332
2022-11-15 03:10:23,262 - INFO: global_step=206896, episodic_return=10.175148010253906
2022-11-15 03:10:24,816 - INFO: global_step=207896, episodic_return=-88.06341552734375
2022-11-15 03:10:26,123 - INFO: global_step=208896, episodic_return=-85.28401947021484
2022-11-15 03:10:27,524 - INFO: global_step=209896, episodic_return=-70.83177947998047
2022-11-15 03:10:29,035 - INFO: global_step=210896, episodic_return=-82.72876739501953
2022-11-15 03:10:31,354 - INFO: global_step=211896, episodic_return=-51.90229415893555
2022-11-15 03:10:33,575 - INFO: global_step=212896, episodic_return=-79.47508239746094
2022-11-15 03:10:36,070 - INFO: global_step=213896, episodic_return=-60.28855895996094
2022-11-15 03:10:38,543 - INFO: global_step=214896, episodic_return=-57.30374526977539
2022-11-15 03:10:40,546 - INFO: global_step=215896, episodic_return=-95.26870727539062
2022-11-15 03:10:42,073 - INFO: global_step=216896, episodic_return=-123.73271179199219
2022-11-15 03:10:44,963 - INFO: global_step=217896, episodic_return=-114.31514739990234
2022-11-15 03:10:47,632 - INFO: global_step=218896, episodic_return=-39.08429718017578
2022-11-15 03:10:49,599 - INFO: global_step=219896, episodic_return=-102.90068817138672
2022-11-15 03:10:52,240 - INFO: global_step=220896, episodic_return=-76.63459014892578
2022-11-15 03:10:54,226 - INFO: global_step=221896, episodic_return=-89.01802062988281
2022-11-15 03:10:56,094 - INFO: global_step=222896, episodic_return=-117.1432113647461
2022-11-15 03:10:58,136 - INFO: global_step=223896, episodic_return=-90.60107421875
2022-11-15 03:11:00,690 - INFO: global_step=224896, episodic_return=-52.950626373291016
2022-11-15 03:11:02,372 - INFO: global_step=225896, episodic_return=-86.71649169921875
2022-11-15 03:11:04,596 - INFO: global_step=226896, episodic_return=-59.944053649902344
2022-11-15 03:11:06,110 - INFO: global_step=227896, episodic_return=-22.7880802154541
2022-11-15 03:11:08,561 - INFO: global_step=228896, episodic_return=-62.603065490722656
2022-11-15 03:11:10,330 - INFO: global_step=229896, episodic_return=-15.147209167480469
2022-11-15 03:11:11,893 - INFO: global_step=230896, episodic_return=-45.93868637084961
2022-11-15 03:11:14,211 - INFO: global_step=231896, episodic_return=-59.718231201171875
2022-11-15 03:11:15,567 - INFO: global_step=232896, episodic_return=-87.04088592529297
2022-11-15 03:11:18,021 - INFO: global_step=233896, episodic_return=-60.51409912109375
2022-11-15 03:11:19,666 - INFO: global_step=234896, episodic_return=-67.13566589355469
2022-11-15 03:11:21,945 - INFO: global_step=235896, episodic_return=-25.725143432617188
2022-11-15 03:11:24,114 - INFO: global_step=236896, episodic_return=-14.228609085083008
2022-11-15 03:11:25,852 - INFO: global_step=237896, episodic_return=-83.72277069091797
2022-11-15 03:11:27,334 - INFO: global_step=238896, episodic_return=-80.61659240722656
2022-11-15 03:11:29,590 - INFO: global_step=239896, episodic_return=-81.9175796508789
2022-11-15 03:11:31,573 - INFO: global_step=240896, episodic_return=-96.48112487792969
2022-11-15 03:11:34,046 - INFO: global_step=241896, episodic_return=-95.57649993896484
2022-11-15 03:11:36,484 - INFO: global_step=242896, episodic_return=-13.302632331848145
2022-11-15 03:11:37,868 - INFO: global_step=243896, episodic_return=-77.5632553100586
2022-11-15 03:11:40,267 - INFO: global_step=244896, episodic_return=-58.86862564086914
2022-11-15 03:11:43,030 - INFO: global_step=245896, episodic_return=-67.18607330322266
2022-11-15 03:11:44,995 - INFO: global_step=246896, episodic_return=-88.01336669921875
2022-11-15 03:11:46,891 - INFO: global_step=247896, episodic_return=-31.91050148010254
2022-11-15 03:11:48,924 - INFO: global_step=248896, episodic_return=-19.371858596801758
2022-11-15 03:11:50,783 - INFO: global_step=249896, episodic_return=-49.108306884765625
2022-11-15 03:11:52,489 - INFO: global_step=250896, episodic_return=-75.54379272460938
2022-11-15 03:11:54,801 - INFO: global_step=251896, episodic_return=-33.640567779541016
2022-11-15 03:11:56,222 - INFO: global_step=252896, episodic_return=-60.13502883911133
2022-11-15 03:11:58,730 - INFO: global_step=253896, episodic_return=-28.541133880615234
2022-11-15 03:12:00,770 - INFO: global_step=254896, episodic_return=-52.71957778930664
2022-11-15 03:12:03,502 - INFO: global_step=255896, episodic_return=-81.82047271728516
2022-11-15 03:12:05,010 - INFO: global_step=256896, episodic_return=-81.65767669677734
2022-11-15 03:12:06,845 - INFO: global_step=257896, episodic_return=-93.01277160644531
2022-11-15 03:12:08,556 - INFO: global_step=258896, episodic_return=-86.0303955078125
2022-11-15 03:12:10,479 - INFO: global_step=259896, episodic_return=-24.238624572753906
2022-11-15 03:12:12,153 - INFO: global_step=260896, episodic_return=-61.01232147216797
2022-11-15 03:12:14,117 - INFO: global_step=261896, episodic_return=-75.84803009033203
2022-11-15 03:12:15,835 - INFO: global_step=262896, episodic_return=-74.29080200195312
2022-11-15 03:12:17,796 - INFO: global_step=263896, episodic_return=-90.0814208984375
2022-11-15 03:12:20,381 - INFO: global_step=264896, episodic_return=-58.15873336791992
2022-11-15 03:12:22,791 - INFO: global_step=265896, episodic_return=-21.999433517456055
2022-11-15 03:12:23,068 - INFO: global_step=266182, episodic_return=-79.25059509277344
2022-11-15 03:12:25,152 - INFO: global_step=267182, episodic_return=13.44812297821045
2022-11-15 03:12:26,857 - INFO: global_step=268182, episodic_return=-89.64954376220703
2022-11-15 03:12:28,217 - INFO: global_step=269182, episodic_return=-39.48141860961914
2022-11-15 03:12:30,310 - INFO: global_step=270182, episodic_return=-64.92281341552734
2022-11-15 03:12:32,569 - INFO: global_step=271182, episodic_return=-38.69968032836914
2022-11-15 03:12:34,629 - INFO: global_step=272182, episodic_return=-70.00328826904297
2022-11-15 03:12:36,916 - INFO: global_step=273182, episodic_return=-18.56041145324707
2022-11-15 03:12:39,026 - INFO: global_step=274182, episodic_return=-57.53285217285156
2022-11-15 03:12:41,321 - INFO: global_step=275182, episodic_return=-41.8276481628418
2022-11-15 03:12:43,750 - INFO: global_step=276182, episodic_return=-3.256521463394165
2022-11-15 03:12:45,642 - INFO: global_step=277166, episodic_return=-248.22064208984375
2022-11-15 03:12:47,796 - INFO: global_step=278166, episodic_return=-86.30657196044922
2022-11-15 03:12:50,019 - INFO: global_step=279166, episodic_return=17.35070037841797
2022-11-15 03:12:52,182 - INFO: global_step=280166, episodic_return=-68.40762329101562
2022-11-15 03:12:52,697 - INFO: global_step=280587, episodic_return=-78.56002807617188
2022-11-15 03:12:54,074 - INFO: global_step=281379, episodic_return=-167.51846313476562
2022-11-15 03:12:55,888 - INFO: global_step=282177, episodic_return=-291.3987121582031
2022-11-15 03:12:56,910 - INFO: global_step=282857, episodic_return=-155.7874755859375
2022-11-15 03:12:59,146 - INFO: global_step=283857, episodic_return=-1.2255892753601074
2022-11-15 03:12:59,520 - INFO: global_step=284205, episodic_return=172.38687133789062
2022-11-15 03:13:01,624 - INFO: global_step=285205, episodic_return=1.3884333372116089
2022-11-15 03:13:03,359 - INFO: global_step=286159, episodic_return=86.63825988769531
2022-11-15 03:13:05,102 - INFO: global_step=287044, episodic_return=162.76470947265625
2022-11-15 03:13:07,063 - INFO: global_step=288044, episodic_return=96.20372772216797
2022-11-15 03:13:08,705 - INFO: global_step=289044, episodic_return=52.845703125
2022-11-15 03:13:09,465 - INFO: global_step=289580, episodic_return=117.99847412109375
2022-11-15 03:13:09,820 - INFO: global_step=289909, episodic_return=-44.69206619262695
2022-11-15 03:13:10,667 - INFO: global_step=290466, episodic_return=-84.88813018798828
2022-11-15 03:13:11,039 - INFO: global_step=290800, episodic_return=-113.43914031982422
2022-11-15 03:13:11,417 - INFO: global_step=291092, episodic_return=-89.81071472167969
2022-11-15 03:13:11,896 - INFO: global_step=291467, episodic_return=-308.78076171875
2022-11-15 03:13:12,792 - INFO: global_step=291911, episodic_return=-103.81913757324219
2022-11-15 03:13:14,332 - INFO: global_step=292911, episodic_return=-27.038005828857422
2022-11-15 03:13:16,436 - INFO: global_step=293911, episodic_return=-26.18809700012207
2022-11-15 03:13:18,266 - INFO: global_step=294911, episodic_return=-49.10801315307617
2022-11-15 03:13:20,992 - INFO: global_step=295911, episodic_return=-83.06403350830078
2022-11-15 03:13:22,868 - INFO: global_step=296911, episodic_return=-78.10797882080078
2022-11-15 03:13:24,985 - INFO: global_step=297911, episodic_return=-38.434959411621094
2022-11-15 03:13:27,217 - INFO: global_step=298911, episodic_return=-28.30586051940918
2022-11-15 03:13:29,151 - INFO: global_step=299911, episodic_return=-130.73692321777344
2022-11-15 03:13:31,313 - INFO: global_step=300911, episodic_return=-98.60188293457031
2022-11-15 03:13:33,281 - INFO: global_step=301911, episodic_return=-110.8914566040039
2022-11-15 03:13:35,319 - INFO: global_step=302911, episodic_return=-58.30203628540039
2022-11-15 03:13:37,497 - INFO: global_step=303911, episodic_return=-87.57611083984375
2022-11-15 03:13:38,794 - INFO: global_step=304911, episodic_return=-59.56230926513672
2022-11-15 03:13:41,017 - INFO: global_step=305911, episodic_return=-131.7650909423828
2022-11-15 03:13:43,163 - INFO: global_step=306911, episodic_return=-67.8584976196289
2022-11-15 03:13:45,127 - INFO: global_step=307911, episodic_return=-84.38616180419922
2022-11-15 03:13:46,975 - INFO: global_step=308911, episodic_return=1.0880509614944458
2022-11-15 03:13:49,488 - INFO: global_step=309911, episodic_return=-72.24920654296875
2022-11-15 03:13:51,563 - INFO: global_step=310911, episodic_return=-100.59225463867188
2022-11-15 03:13:53,578 - INFO: global_step=311911, episodic_return=-75.84898376464844
2022-11-15 03:13:55,498 - INFO: global_step=312911, episodic_return=-97.60182189941406
2022-11-15 03:13:57,323 - INFO: global_step=313911, episodic_return=-33.50719451904297
2022-11-15 03:14:00,004 - INFO: global_step=314911, episodic_return=-57.68398666381836
2022-11-15 03:14:02,233 - INFO: global_step=315911, episodic_return=-66.37686920166016
2022-11-15 03:14:04,269 - INFO: global_step=316911, episodic_return=-12.080992698669434
2022-11-15 03:14:06,384 - INFO: global_step=317911, episodic_return=-73.41024017333984
2022-11-15 03:14:08,270 - INFO: global_step=318911, episodic_return=-49.3483772277832
2022-11-15 03:14:10,729 - INFO: global_step=319911, episodic_return=-53.92374801635742
2022-11-15 03:14:13,102 - INFO: global_step=320911, episodic_return=-46.98468017578125
2022-11-15 03:14:15,493 - INFO: global_step=321911, episodic_return=-19.72834014892578
2022-11-15 03:14:18,997 - INFO: global_step=322911, episodic_return=-53.2322998046875
2022-11-15 03:14:21,001 - INFO: global_step=323911, episodic_return=-36.330440521240234
2022-11-15 03:14:22,954 - INFO: global_step=324911, episodic_return=-35.480812072753906
2022-11-15 03:14:25,276 - INFO: global_step=325911, episodic_return=21.096603393554688
2022-11-15 03:14:26,975 - INFO: global_step=326911, episodic_return=-58.42317199707031
2022-11-15 03:14:29,169 - INFO: global_step=327911, episodic_return=-32.63807678222656
2022-11-15 03:14:31,530 - INFO: global_step=328911, episodic_return=1.488964319229126
2022-11-15 03:14:33,760 - INFO: global_step=329911, episodic_return=-57.09739303588867
2022-11-15 03:14:35,428 - INFO: global_step=330911, episodic_return=24.181360244750977
2022-11-15 03:14:36,812 - INFO: global_step=331911, episodic_return=-18.35761260986328
2022-11-15 03:14:38,461 - INFO: global_step=332911, episodic_return=-37.079864501953125
2022-11-15 03:14:40,937 - INFO: global_step=333911, episodic_return=-35.1992301940918
2022-11-15 03:14:42,551 - INFO: global_step=334911, episodic_return=-40.592071533203125
2022-11-15 03:14:44,941 - INFO: global_step=335911, episodic_return=10.008916854858398
2022-11-15 03:14:47,688 - INFO: global_step=336911, episodic_return=-57.31717300415039
2022-11-15 03:14:49,675 - INFO: global_step=337911, episodic_return=-20.581863403320312
2022-11-15 03:14:51,365 - INFO: global_step=338911, episodic_return=-52.96211624145508
2022-11-15 03:14:52,847 - INFO: global_step=339911, episodic_return=-33.02591323852539
2022-11-15 03:14:54,712 - INFO: global_step=340911, episodic_return=-40.66350555419922
2022-11-15 03:14:56,241 - INFO: global_step=341911, episodic_return=-59.8751335144043
2022-11-15 03:14:57,955 - INFO: global_step=342911, episodic_return=-62.62495803833008
2022-11-15 03:14:59,590 - INFO: global_step=343741, episodic_return=177.54000854492188
2022-11-15 03:15:01,437 - INFO: global_step=344741, episodic_return=-28.635417938232422
2022-11-15 03:15:03,071 - INFO: global_step=345741, episodic_return=-85.06079864501953
2022-11-15 03:15:03,963 - INFO: global_step=346390, episodic_return=193.63868713378906
2022-11-15 03:15:05,453 - INFO: global_step=347309, episodic_return=-184.6932373046875
2022-11-15 03:15:07,447 - INFO: global_step=348264, episodic_return=62.01938247680664
2022-11-15 03:15:09,885 - INFO: global_step=349264, episodic_return=-55.93499755859375
2022-11-15 03:15:11,560 - INFO: global_step=350113, episodic_return=169.01361083984375
2022-11-15 03:15:11,742 - INFO: global_step=350332, episodic_return=-229.8132781982422
2022-11-15 03:15:12,823 - INFO: global_step=350892, episodic_return=185.3076171875
2022-11-15 03:15:15,251 - INFO: global_step=351892, episodic_return=20.813701629638672
2022-11-15 03:15:16,389 - INFO: global_step=352558, episodic_return=-115.47067260742188
2022-11-15 03:15:17,803 - INFO: global_step=353430, episodic_return=167.78167724609375
2022-11-15 03:15:18,907 - INFO: global_step=354124, episodic_return=184.96731567382812
2022-11-15 03:15:20,123 - INFO: global_step=354810, episodic_return=188.9354248046875
2022-11-15 03:15:21,569 - INFO: global_step=355589, episodic_return=145.73532104492188
2022-11-15 03:15:22,518 - INFO: global_step=356202, episodic_return=212.83645629882812
2022-11-15 03:15:23,562 - INFO: global_step=356863, episodic_return=215.22752380371094
2022-11-15 03:15:24,501 - INFO: global_step=357518, episodic_return=-47.023494720458984
2022-11-15 03:15:26,197 - INFO: global_step=358342, episodic_return=174.85205078125
2022-11-15 03:15:28,284 - INFO: global_step=359342, episodic_return=-0.040306687355041504
2022-11-15 03:15:30,951 - INFO: global_step=360138, episodic_return=109.76058197021484
2022-11-15 03:15:32,485 - INFO: global_step=361138, episodic_return=-50.249595642089844
2022-11-15 03:15:34,202 - INFO: global_step=362138, episodic_return=-3.798617124557495
2022-11-15 03:15:36,452 - INFO: global_step=363131, episodic_return=142.87686157226562
2022-11-15 03:15:36,539 - INFO: global_step=363240, episodic_return=-58.38168716430664
2022-11-15 03:15:38,061 - INFO: global_step=364048, episodic_return=201.27578735351562
2022-11-15 03:15:39,433 - INFO: global_step=364799, episodic_return=162.2816619873047
2022-11-15 03:15:39,506 - INFO: global_step=364892, episodic_return=22.340476989746094
2022-11-15 03:15:41,334 - INFO: global_step=365892, episodic_return=-132.00302124023438
2022-11-15 03:15:42,291 - INFO: global_step=366586, episodic_return=-145.12185668945312
2022-11-15 03:15:43,500 - INFO: global_step=367368, episodic_return=170.53565979003906
2022-11-15 03:15:45,055 - INFO: global_step=368368, episodic_return=-6.683510780334473
2022-11-15 03:15:47,589 - INFO: global_step=369368, episodic_return=20.117691040039062
2022-11-15 03:15:49,490 - INFO: global_step=370290, episodic_return=125.56401824951172
2022-11-15 03:15:50,840 - INFO: global_step=371290, episodic_return=-94.44403839111328
2022-11-15 03:15:51,515 - INFO: global_step=371873, episodic_return=-117.33586120605469
2022-11-15 03:15:52,544 - INFO: global_step=372553, episodic_return=-157.19180297851562
2022-11-15 03:15:53,370 - INFO: global_step=373160, episodic_return=216.34164428710938
2022-11-15 03:15:54,256 - INFO: global_step=373752, episodic_return=166.16810607910156
2022-11-15 03:15:55,889 - INFO: global_step=374657, episodic_return=47.23210144042969
2022-11-15 03:15:57,778 - INFO: global_step=375657, episodic_return=-34.128353118896484
2022-11-15 03:15:59,212 - INFO: global_step=376657, episodic_return=-46.41218948364258
2022-11-15 03:15:59,992 - INFO: global_step=377359, episodic_return=168.04190063476562
2022-11-15 03:16:00,253 - INFO: global_step=377558, episodic_return=-46.70463180541992
2022-11-15 03:16:01,204 - INFO: global_step=378251, episodic_return=-88.06208038330078
2022-11-15 03:16:03,284 - INFO: global_step=379116, episodic_return=143.89678955078125
2022-11-15 03:16:03,701 - INFO: global_step=379434, episodic_return=-87.59036254882812
2022-11-15 03:16:04,486 - INFO: global_step=379950, episodic_return=263.6001281738281
2022-11-15 03:16:06,673 - INFO: global_step=380950, episodic_return=17.062789916992188
2022-11-15 03:16:06,840 - INFO: global_step=381149, episodic_return=-64.25291442871094
2022-11-15 03:16:07,727 - INFO: global_step=381747, episodic_return=-189.3861083984375
2022-11-15 03:16:09,342 - INFO: global_step=382747, episodic_return=-86.16868591308594
2022-11-15 03:16:10,849 - INFO: global_step=383747, episodic_return=31.2910099029541
2022-11-15 03:16:11,051 - INFO: global_step=383972, episodic_return=-40.04255676269531
2022-11-15 03:16:12,126 - INFO: global_step=384594, episodic_return=221.26602172851562
2022-11-15 03:16:12,307 - INFO: global_step=384807, episodic_return=-71.56011962890625
2022-11-15 03:16:14,161 - INFO: global_step=385807, episodic_return=137.0709991455078
2022-11-15 03:16:16,185 - INFO: global_step=386807, episodic_return=92.34058380126953
2022-11-15 03:16:16,561 - INFO: global_step=387193, episodic_return=156.80511474609375
2022-11-15 03:16:18,829 - INFO: global_step=388193, episodic_return=-39.49045944213867
2022-11-15 03:16:20,165 - INFO: global_step=389193, episodic_return=3.676302433013916
2022-11-15 03:16:22,375 - INFO: global_step=390193, episodic_return=-16.950820922851562
2022-11-15 03:16:22,832 - INFO: global_step=390612, episodic_return=282.0457763671875
2022-11-15 03:16:25,159 - INFO: global_step=391612, episodic_return=24.012096405029297
2022-11-15 03:16:27,456 - INFO: global_step=392612, episodic_return=-61.050838470458984
2022-11-15 03:16:29,619 - INFO: global_step=393612, episodic_return=-3.750283718109131
2022-11-15 03:16:31,511 - INFO: global_step=394556, episodic_return=154.7916259765625
2022-11-15 03:16:32,908 - INFO: global_step=395482, episodic_return=112.47795867919922
2022-11-15 03:16:33,935 - INFO: global_step=396085, episodic_return=185.78555297851562
2022-11-15 03:16:34,349 - INFO: global_step=396440, episodic_return=-71.12559509277344
2022-11-15 03:16:34,474 - INFO: global_step=396610, episodic_return=-46.07725143432617
2022-11-15 03:16:34,833 - INFO: global_step=396949, episodic_return=-60.07474899291992
2022-11-15 03:16:34,948 - INFO: global_step=397082, episodic_return=1.3734664916992188
2022-11-15 03:16:35,727 - INFO: global_step=397684, episodic_return=-121.17698669433594
2022-11-15 03:16:37,823 - INFO: global_step=398603, episodic_return=-115.89672088623047
2022-11-15 03:16:40,317 - INFO: global_step=399603, episodic_return=-15.474631309509277
2022-11-15 03:16:42,448 - INFO: global_step=400603, episodic_return=-19.164392471313477
2022-11-15 03:16:43,620 - INFO: global_step=401211, episodic_return=175.722900390625
2022-11-15 03:16:44,514 - INFO: global_step=401738, episodic_return=114.75932312011719
2022-11-15 03:16:45,301 - INFO: global_step=402324, episodic_return=142.4901580810547
2022-11-15 03:16:45,761 - INFO: global_step=402762, episodic_return=235.77102661132812
2022-11-15 03:16:46,455 - INFO: global_step=403277, episodic_return=160.65443420410156
2022-11-15 03:16:47,445 - INFO: global_step=403983, episodic_return=103.59659576416016
2022-11-15 03:16:49,751 - INFO: global_step=404983, episodic_return=-75.47396850585938
2022-11-15 03:16:51,543 - INFO: global_step=405983, episodic_return=-58.0006103515625
2022-11-15 03:16:54,195 - INFO: global_step=406983, episodic_return=-56.76646041870117
2022-11-15 03:16:56,384 - INFO: global_step=407983, episodic_return=-66.96903991699219
2022-11-15 03:16:58,669 - INFO: global_step=408983, episodic_return=-81.91661834716797
2022-11-15 03:17:00,516 - INFO: global_step=409983, episodic_return=-12.635598182678223
2022-11-15 03:17:03,120 - INFO: global_step=410983, episodic_return=-16.3220157623291
2022-11-15 03:17:05,238 - INFO: global_step=411983, episodic_return=-24.914657592773438
2022-11-15 03:17:07,722 - INFO: global_step=412983, episodic_return=-46.835487365722656
2022-11-15 03:17:09,596 - INFO: global_step=413983, episodic_return=-84.31165313720703
2022-11-15 03:17:10,956 - INFO: global_step=414983, episodic_return=-79.70342254638672
2022-11-15 03:17:13,257 - INFO: global_step=415983, episodic_return=-43.41483688354492
2022-11-15 03:17:15,916 - INFO: global_step=416983, episodic_return=-12.095463752746582
2022-11-15 03:17:18,396 - INFO: global_step=417983, episodic_return=-77.97489166259766
2022-11-15 03:17:19,735 - INFO: global_step=418983, episodic_return=-44.71519088745117
2022-11-15 03:17:21,387 - INFO: global_step=419983, episodic_return=-22.566207885742188
2022-11-15 03:17:23,264 - INFO: global_step=420983, episodic_return=-86.6711196899414
2022-11-15 03:17:26,055 - INFO: global_step=421983, episodic_return=-54.47951126098633
2022-11-15 03:17:28,655 - INFO: global_step=422983, episodic_return=-11.686347961425781
2022-11-15 03:17:31,302 - INFO: global_step=423983, episodic_return=-39.736053466796875
2022-11-15 03:17:33,431 - INFO: global_step=424983, episodic_return=10.788578033447266
2022-11-15 03:17:35,139 - INFO: global_step=425983, episodic_return=-49.759376525878906
2022-11-15 03:17:36,613 - INFO: global_step=426983, episodic_return=-35.40631103515625
2022-11-15 03:17:38,225 - INFO: global_step=427983, episodic_return=-46.17361068725586
2022-11-15 03:17:39,918 - INFO: global_step=428983, episodic_return=-86.1356430053711
2022-11-15 03:17:42,214 - INFO: global_step=429983, episodic_return=-82.00995635986328
2022-11-15 03:17:43,646 - INFO: global_step=430983, episodic_return=-42.1630859375
2022-11-15 03:17:45,932 - INFO: global_step=431983, episodic_return=-15.96435832977295
2022-11-15 03:17:47,859 - INFO: global_step=432983, episodic_return=-93.57463073730469
2022-11-15 03:17:49,804 - INFO: global_step=433983, episodic_return=-90.2722396850586
2022-11-15 03:17:51,477 - INFO: global_step=434983, episodic_return=-73.01466369628906
2022-11-15 03:17:53,548 - INFO: global_step=435983, episodic_return=-41.255638122558594
2022-11-15 03:17:55,901 - INFO: global_step=436983, episodic_return=-97.57178497314453
2022-11-15 03:17:59,023 - INFO: global_step=437983, episodic_return=-80.2549819946289
2022-11-15 03:18:01,053 - INFO: global_step=438983, episodic_return=-134.03627014160156
2022-11-15 03:18:03,014 - INFO: global_step=439983, episodic_return=-72.68424987792969
2022-11-15 03:18:05,104 - INFO: global_step=440983, episodic_return=4.409308433532715
2022-11-15 03:18:06,999 - INFO: global_step=441983, episodic_return=-125.46124267578125
2022-11-15 03:18:09,695 - INFO: global_step=442983, episodic_return=-101.82289123535156
2022-11-15 03:18:11,711 - INFO: global_step=443983, episodic_return=-12.33035945892334
2022-11-15 03:18:13,649 - INFO: global_step=444983, episodic_return=-59.45252990722656
2022-11-15 03:18:16,128 - INFO: global_step=445983, episodic_return=-0.25780975818634033
2022-11-15 03:18:17,706 - INFO: global_step=446983, episodic_return=-9.696496963500977
2022-11-15 03:18:19,319 - INFO: global_step=447983, episodic_return=16.753150939941406
2022-11-15 03:18:21,826 - INFO: global_step=448983, episodic_return=-72.92772674560547
2022-11-15 03:18:23,531 - INFO: global_step=449983, episodic_return=-22.03874397277832
2022-11-15 03:18:25,913 - INFO: global_step=450983, episodic_return=-93.12828063964844
2022-11-15 03:18:27,843 - INFO: global_step=451983, episodic_return=-128.5417938232422
2022-11-15 03:18:29,626 - INFO: global_step=452983, episodic_return=-48.972740173339844
2022-11-15 03:18:32,322 - INFO: global_step=453983, episodic_return=-65.96359252929688
2022-11-15 03:18:34,224 - INFO: global_step=454983, episodic_return=6.006124496459961
2022-11-15 03:18:36,352 - INFO: global_step=455983, episodic_return=-44.78270721435547
2022-11-15 03:18:38,515 - INFO: global_step=456983, episodic_return=-54.13944625854492
2022-11-15 03:18:40,209 - INFO: global_step=457983, episodic_return=-29.001117706298828
2022-11-15 03:18:42,039 - INFO: global_step=458983, episodic_return=-45.38905334472656
2022-11-15 03:18:42,187 - INFO: global_step=459119, episodic_return=-437.874267578125
2022-11-15 03:18:44,262 - INFO: global_step=460119, episodic_return=-39.855987548828125
2022-11-15 03:18:46,425 - INFO: global_step=461119, episodic_return=15.514609336853027
2022-11-15 03:18:46,519 - INFO: global_step=461227, episodic_return=-157.75355529785156
2022-11-15 03:18:47,983 - INFO: global_step=462227, episodic_return=-62.048587799072266
2022-11-15 03:18:50,630 - INFO: global_step=463227, episodic_return=-60.66164779663086
2022-11-15 03:18:52,984 - INFO: global_step=464227, episodic_return=-92.57715606689453
2022-11-15 03:18:55,301 - INFO: global_step=465227, episodic_return=-116.88129425048828
2022-11-15 03:18:56,838 - INFO: global_step=466227, episodic_return=-84.98779296875
2022-11-15 03:18:59,171 - INFO: global_step=467227, episodic_return=-83.3068618774414
2022-11-15 03:19:00,751 - INFO: global_step=468227, episodic_return=-82.79588317871094
2022-11-15 03:19:03,309 - INFO: global_step=469227, episodic_return=-70.12128448486328
2022-11-15 03:19:05,327 - INFO: global_step=470227, episodic_return=-90.08291625976562
2022-11-15 03:19:07,281 - INFO: global_step=471227, episodic_return=-127.56912231445312
2022-11-15 03:19:09,095 - INFO: global_step=472227, episodic_return=-13.88804817199707
2022-11-15 03:19:10,688 - INFO: global_step=473227, episodic_return=0.68231201171875
2022-11-15 03:19:10,789 - INFO: global_step=473364, episodic_return=-380.88287353515625
2022-11-15 03:19:12,197 - INFO: global_step=474364, episodic_return=-114.71319580078125
2022-11-15 03:19:14,085 - INFO: global_step=475364, episodic_return=-116.55552673339844
2022-11-15 03:19:15,996 - INFO: global_step=476364, episodic_return=-122.20478057861328
2022-11-15 03:19:17,829 - INFO: global_step=477364, episodic_return=-128.50271606445312
2022-11-15 03:19:19,356 - INFO: global_step=478364, episodic_return=-116.8951187133789
2022-11-15 03:19:21,085 - INFO: global_step=479364, episodic_return=-93.49332427978516
2022-11-15 03:19:22,662 - INFO: global_step=480364, episodic_return=-144.9454803466797
2022-11-15 03:19:24,171 - INFO: global_step=481364, episodic_return=-101.32794952392578
2022-11-15 03:19:25,839 - INFO: global_step=482364, episodic_return=-135.3899688720703
2022-11-15 03:19:27,720 - INFO: global_step=483364, episodic_return=-156.65420532226562
2022-11-15 03:19:29,708 - INFO: global_step=484364, episodic_return=-69.4858627319336
2022-11-15 03:19:31,759 - INFO: global_step=485364, episodic_return=-63.240962982177734
2022-11-15 03:19:33,253 - INFO: global_step=486364, episodic_return=-68.58616638183594
2022-11-15 03:19:34,768 - INFO: global_step=487364, episodic_return=-40.541168212890625
2022-11-15 03:19:36,224 - INFO: global_step=488364, episodic_return=-69.91746520996094
2022-11-15 03:19:38,180 - INFO: global_step=489364, episodic_return=-118.351806640625
2022-11-15 03:19:39,987 - INFO: global_step=490364, episodic_return=-111.70189666748047
2022-11-15 03:19:42,847 - INFO: global_step=491364, episodic_return=-119.08231353759766
2022-11-15 03:19:44,375 - INFO: global_step=492364, episodic_return=-38.3726806640625
2022-11-15 03:19:46,188 - INFO: global_step=493364, episodic_return=-71.62110900878906
2022-11-15 03:19:48,142 - INFO: global_step=494364, episodic_return=-63.39975357055664
2022-11-15 03:19:48,348 - INFO: global_step=494597, episodic_return=-126.11327362060547
2022-11-15 03:19:50,878 - INFO: global_step=495597, episodic_return=-6.014913082122803
2022-11-15 03:19:52,927 - INFO: global_step=496597, episodic_return=-92.22528076171875
2022-11-15 03:19:54,411 - INFO: global_step=497597, episodic_return=-37.48781204223633
2022-11-15 03:19:55,801 - INFO: global_step=498597, episodic_return=-80.2608871459961
2022-11-15 03:19:57,469 - INFO: global_step=499597, episodic_return=-53.37641906738281
2022-11-15 03:19:57,967 - INFO: The average reward of last 20 steps: -81.15759475231171
