2022-11-15 01:43:31,197 - INFO: +--------------------------+----------------+
| Parameter                | Value          |
+--------------------------+----------------+
| exp_name                 | dqn            |
+--------------------------+----------------+
| seed                     | 42             |
+--------------------------+----------------+
| total_timesteps          | 500000         |
+--------------------------+----------------+
| learning_rate            | 0.001          |
+--------------------------+----------------+
| buffer_size              | 2000           |
+--------------------------+----------------+
| gamma                    | 0.982          |
+--------------------------+----------------+
| target_network_frequency | 50             |
+--------------------------+----------------+
| batch_size               | 128            |
+--------------------------+----------------+
| start_e                  | 1              |
+--------------------------+----------------+
| end_e                    | 0              |
+--------------------------+----------------+
| exploration_fraction     | 0.200          |
+--------------------------+----------------+
| learning_starts          | 10000          |
+--------------------------+----------------+
| train_frequency          | 10             |
+--------------------------+----------------+
| env_id                   | LunarLander-v2 |
+--------------------------+----------------+
2022-11-15 01:43:32,652 - INFO: global_step=122, episodic_return=-351.156494140625
2022-11-15 01:43:33,616 - INFO: global_step=213, episodic_return=-123.88553619384766
2022-11-15 01:43:33,629 - INFO: global_step=279, episodic_return=-204.14816284179688
2022-11-15 01:43:33,646 - INFO: global_step=366, episodic_return=-104.00199890136719
2022-11-15 01:43:33,658 - INFO: global_step=432, episodic_return=-288.47857666015625
2022-11-15 01:43:33,677 - INFO: global_step=527, episodic_return=-115.15879821777344
2022-11-15 01:43:33,706 - INFO: global_step=660, episodic_return=-123.95240783691406
2022-11-15 01:43:33,724 - INFO: global_step=749, episodic_return=-492.9754943847656
2022-11-15 01:43:33,739 - INFO: global_step=818, episodic_return=-66.91676330566406
2022-11-15 01:43:33,752 - INFO: global_step=889, episodic_return=-358.2137451171875
2022-11-15 01:43:33,786 - INFO: global_step=1039, episodic_return=-201.1741485595703
2022-11-15 01:43:33,812 - INFO: global_step=1164, episodic_return=-228.30050659179688
2022-11-15 01:43:33,832 - INFO: global_step=1265, episodic_return=-189.10243225097656
2022-11-15 01:43:33,842 - INFO: global_step=1332, episodic_return=-183.8212890625
2022-11-15 01:43:33,865 - INFO: global_step=1449, episodic_return=-336.73358154296875
2022-11-15 01:43:33,873 - INFO: global_step=1508, episodic_return=-108.02790832519531
2022-11-15 01:43:33,887 - INFO: global_step=1589, episodic_return=-99.74209594726562
2022-11-15 01:43:33,907 - INFO: global_step=1717, episodic_return=-167.0103302001953
2022-11-15 01:43:33,924 - INFO: global_step=1827, episodic_return=-126.56764221191406
2022-11-15 01:43:33,935 - INFO: global_step=1893, episodic_return=-93.56087493896484
2022-11-15 01:43:33,955 - INFO: global_step=1996, episodic_return=-186.27059936523438
2022-11-15 01:43:33,972 - INFO: global_step=2072, episodic_return=-81.53618621826172
2022-11-15 01:43:33,998 - INFO: global_step=2178, episodic_return=-108.27920532226562
2022-11-15 01:43:34,021 - INFO: global_step=2274, episodic_return=-189.1661376953125
2022-11-15 01:43:34,045 - INFO: global_step=2377, episodic_return=-102.19853973388672
2022-11-15 01:43:34,060 - INFO: global_step=2450, episodic_return=-127.64628601074219
2022-11-15 01:43:34,087 - INFO: global_step=2545, episodic_return=-48.118507385253906
2022-11-15 01:43:34,113 - INFO: global_step=2630, episodic_return=-110.07772827148438
2022-11-15 01:43:34,155 - INFO: global_step=2760, episodic_return=-399.864990234375
2022-11-15 01:43:34,173 - INFO: global_step=2872, episodic_return=-282.8516845703125
2022-11-15 01:43:34,189 - INFO: global_step=2961, episodic_return=-410.9033508300781
2022-11-15 01:43:34,205 - INFO: global_step=3056, episodic_return=-355.11358642578125
2022-11-15 01:43:34,219 - INFO: global_step=3137, episodic_return=-131.8885040283203
2022-11-15 01:43:34,228 - INFO: global_step=3199, episodic_return=-118.30610656738281
2022-11-15 01:43:34,242 - INFO: global_step=3288, episodic_return=-96.86314392089844
2022-11-15 01:43:34,260 - INFO: global_step=3396, episodic_return=-143.91006469726562
2022-11-15 01:43:34,273 - INFO: global_step=3466, episodic_return=-319.99945068359375
2022-11-15 01:43:34,293 - INFO: global_step=3538, episodic_return=-85.12012481689453
2022-11-15 01:43:34,314 - INFO: global_step=3629, episodic_return=-125.14683532714844
2022-11-15 01:43:34,328 - INFO: global_step=3689, episodic_return=-35.78727722167969
2022-11-15 01:43:34,346 - INFO: global_step=3766, episodic_return=-79.16432189941406
2022-11-15 01:43:34,368 - INFO: global_step=3856, episodic_return=-272.82373046875
2022-11-15 01:43:34,388 - INFO: global_step=3943, episodic_return=-407.20404052734375
2022-11-15 01:43:34,413 - INFO: global_step=4049, episodic_return=-247.74765014648438
2022-11-15 01:43:34,441 - INFO: global_step=4154, episodic_return=-140.5860595703125
2022-11-15 01:43:34,460 - INFO: global_step=4240, episodic_return=-132.31515502929688
2022-11-15 01:43:34,478 - INFO: global_step=4330, episodic_return=-477.9078369140625
2022-11-15 01:43:34,489 - INFO: global_step=4403, episodic_return=-245.53221130371094
2022-11-15 01:43:34,499 - INFO: global_step=4463, episodic_return=-144.6201934814453
2022-11-15 01:43:34,522 - INFO: global_step=4574, episodic_return=-251.5199737548828
2022-11-15 01:43:34,541 - INFO: global_step=4670, episodic_return=-396.1431579589844
2022-11-15 01:43:34,558 - INFO: global_step=4750, episodic_return=-86.70875549316406
2022-11-15 01:43:34,575 - INFO: global_step=4832, episodic_return=-115.37471771240234
2022-11-15 01:43:34,592 - INFO: global_step=4919, episodic_return=-248.56312561035156
2022-11-15 01:43:34,615 - INFO: global_step=5026, episodic_return=-256.0504455566406
2022-11-15 01:43:34,634 - INFO: global_step=5119, episodic_return=-378.87335205078125
2022-11-15 01:43:34,660 - INFO: global_step=5229, episodic_return=-134.915283203125
2022-11-15 01:43:34,680 - INFO: global_step=5314, episodic_return=-180.99075317382812
2022-11-15 01:43:34,706 - INFO: global_step=5430, episodic_return=-390.3962097167969
2022-11-15 01:43:34,725 - INFO: global_step=5516, episodic_return=-216.9563446044922
2022-11-15 01:43:34,756 - INFO: global_step=5653, episodic_return=-154.00579833984375
2022-11-15 01:43:34,771 - INFO: global_step=5722, episodic_return=-291.40374755859375
2022-11-15 01:43:34,804 - INFO: global_step=5861, episodic_return=-185.621337890625
2022-11-15 01:43:34,817 - INFO: global_step=5922, episodic_return=-96.99947357177734
2022-11-15 01:43:34,843 - INFO: global_step=6038, episodic_return=-343.958251953125
2022-11-15 01:43:34,863 - INFO: global_step=6148, episodic_return=-464.4068603515625
2022-11-15 01:43:34,881 - INFO: global_step=6222, episodic_return=-121.91098022460938
2022-11-15 01:43:34,895 - INFO: global_step=6284, episodic_return=-78.0343246459961
2022-11-15 01:43:34,932 - INFO: global_step=6395, episodic_return=-286.6090393066406
2022-11-15 01:43:34,952 - INFO: global_step=6476, episodic_return=-112.33351135253906
2022-11-15 01:43:34,968 - INFO: global_step=6546, episodic_return=-157.44113159179688
2022-11-15 01:43:34,989 - INFO: global_step=6639, episodic_return=-296.0935974121094
2022-11-15 01:43:35,004 - INFO: global_step=6713, episodic_return=-153.18978881835938
2022-11-15 01:43:35,031 - INFO: global_step=6826, episodic_return=-146.71868896484375
2022-11-15 01:43:35,048 - INFO: global_step=6914, episodic_return=-112.75385284423828
2022-11-15 01:43:35,074 - INFO: global_step=7022, episodic_return=-338.75872802734375
2022-11-15 01:43:35,101 - INFO: global_step=7161, episodic_return=-287.28094482421875
2022-11-15 01:43:35,110 - INFO: global_step=7215, episodic_return=-110.11903381347656
2022-11-15 01:43:35,137 - INFO: global_step=7356, episodic_return=-13.867523193359375
2022-11-15 01:43:35,163 - INFO: global_step=7490, episodic_return=-63.69382858276367
2022-11-15 01:43:35,174 - INFO: global_step=7560, episodic_return=-113.0030517578125
2022-11-15 01:43:35,185 - INFO: global_step=7629, episodic_return=-98.30659484863281
2022-11-15 01:43:35,198 - INFO: global_step=7706, episodic_return=-277.42156982421875
2022-11-15 01:43:35,215 - INFO: global_step=7795, episodic_return=-490.3659973144531
2022-11-15 01:43:35,229 - INFO: global_step=7858, episodic_return=-97.31599426269531
2022-11-15 01:43:35,255 - INFO: global_step=7967, episodic_return=-204.10110473632812
2022-11-15 01:43:35,280 - INFO: global_step=8061, episodic_return=-257.30364990234375
2022-11-15 01:43:35,297 - INFO: global_step=8137, episodic_return=-81.42373657226562
2022-11-15 01:43:35,336 - INFO: global_step=8276, episodic_return=-154.90167236328125
2022-11-15 01:43:35,352 - INFO: global_step=8346, episodic_return=-167.8009490966797
2022-11-15 01:43:35,380 - INFO: global_step=8457, episodic_return=-114.2850341796875
2022-11-15 01:43:35,396 - INFO: global_step=8531, episodic_return=-110.32482147216797
2022-11-15 01:43:35,419 - INFO: global_step=8631, episodic_return=-235.9214630126953
2022-11-15 01:43:35,441 - INFO: global_step=8731, episodic_return=-87.68991088867188
2022-11-15 01:43:35,468 - INFO: global_step=8840, episodic_return=-19.69452667236328
2022-11-15 01:43:35,506 - INFO: global_step=8984, episodic_return=7.005607604980469
2022-11-15 01:43:35,527 - INFO: global_step=9072, episodic_return=-419.0657653808594
2022-11-15 01:43:35,540 - INFO: global_step=9133, episodic_return=-65.26580810546875
2022-11-15 01:43:35,569 - INFO: global_step=9246, episodic_return=-445.8367004394531
2022-11-15 01:43:35,595 - INFO: global_step=9348, episodic_return=-221.70938110351562
2022-11-15 01:43:35,621 - INFO: global_step=9455, episodic_return=-297.1588439941406
2022-11-15 01:43:35,636 - INFO: global_step=9524, episodic_return=-72.12998962402344
2022-11-15 01:43:35,657 - INFO: global_step=9622, episodic_return=-118.79901123046875
2022-11-15 01:43:35,681 - INFO: global_step=9725, episodic_return=-455.51837158203125
2022-11-15 01:43:35,694 - INFO: global_step=9786, episodic_return=-99.7646484375
2022-11-15 01:43:35,711 - INFO: global_step=9863, episodic_return=-147.37393188476562
2022-11-15 01:43:35,730 - INFO: global_step=9944, episodic_return=14.9310302734375
2022-11-15 01:43:35,753 - INFO: global_step=10013, episodic_return=-128.90199279785156
2022-11-15 01:43:35,799 - INFO: global_step=10110, episodic_return=-245.02822875976562
2022-11-15 01:43:35,848 - INFO: global_step=10188, episodic_return=-403.4012451171875
2022-11-15 01:43:35,905 - INFO: global_step=10301, episodic_return=-98.72813415527344
2022-11-15 01:43:35,954 - INFO: global_step=10381, episodic_return=-101.20389556884766
2022-11-15 01:43:36,001 - INFO: global_step=10472, episodic_return=-180.4388427734375
2022-11-15 01:43:36,066 - INFO: global_step=10623, episodic_return=-116.42127227783203
2022-11-15 01:43:36,099 - INFO: global_step=10711, episodic_return=-133.37945556640625
2022-11-15 01:43:36,146 - INFO: global_step=10811, episodic_return=-137.26683044433594
2022-11-15 01:43:36,217 - INFO: global_step=10951, episodic_return=-217.78955078125
2022-11-15 01:43:36,256 - INFO: global_step=11034, episodic_return=-180.47537231445312
2022-11-15 01:43:36,289 - INFO: global_step=11108, episodic_return=-127.50712585449219
2022-11-15 01:43:36,356 - INFO: global_step=11195, episodic_return=-196.9114990234375
2022-11-15 01:43:36,409 - INFO: global_step=11318, episodic_return=-444.2607116699219
2022-11-15 01:43:36,437 - INFO: global_step=11391, episodic_return=-64.65811157226562
2022-11-15 01:43:36,458 - INFO: global_step=11455, episodic_return=-81.23043823242188
2022-11-15 01:43:36,502 - INFO: global_step=11560, episodic_return=-170.64584350585938
2022-11-15 01:43:36,539 - INFO: global_step=11647, episodic_return=-112.42217254638672
2022-11-15 01:43:36,610 - INFO: global_step=11764, episodic_return=-250.7028350830078
2022-11-15 01:43:36,660 - INFO: global_step=11841, episodic_return=-232.60704040527344
2022-11-15 01:43:36,759 - INFO: global_step=11995, episodic_return=-443.8475036621094
2022-11-15 01:43:36,801 - INFO: global_step=12062, episodic_return=-108.1648941040039
2022-11-15 01:43:36,874 - INFO: global_step=12162, episodic_return=-248.0294952392578
2022-11-15 01:43:36,925 - INFO: global_step=12229, episodic_return=-204.94805908203125
2022-11-15 01:43:36,988 - INFO: global_step=12314, episodic_return=-55.67502212524414
2022-11-15 01:43:37,062 - INFO: global_step=12430, episodic_return=-315.94097900390625
2022-11-15 01:43:37,110 - INFO: global_step=12515, episodic_return=-128.3475799560547
2022-11-15 01:43:37,165 - INFO: global_step=12611, episodic_return=-245.7735595703125
2022-11-15 01:43:37,214 - INFO: global_step=12700, episodic_return=-373.557373046875
2022-11-15 01:43:37,274 - INFO: global_step=12808, episodic_return=-178.01280212402344
2022-11-15 01:43:37,378 - INFO: global_step=12933, episodic_return=-328.21673583984375
2022-11-15 01:43:37,432 - INFO: global_step=13006, episodic_return=-81.93268585205078
2022-11-15 01:43:37,613 - INFO: global_step=13135, episodic_return=-151.60543823242188
2022-11-15 01:43:37,766 - INFO: global_step=13257, episodic_return=-99.87655639648438
2022-11-15 01:43:37,869 - INFO: global_step=13341, episodic_return=-74.50787353515625
2022-11-15 01:43:38,002 - INFO: global_step=13428, episodic_return=-88.65960693359375
2022-11-15 01:43:38,064 - INFO: global_step=13543, episodic_return=-208.63243103027344
2022-11-15 01:43:38,130 - INFO: global_step=13638, episodic_return=-185.65972900390625
2022-11-15 01:43:38,189 - INFO: global_step=13723, episodic_return=-125.25342559814453
2022-11-15 01:43:38,239 - INFO: global_step=13822, episodic_return=-141.50942993164062
2022-11-15 01:43:38,290 - INFO: global_step=13923, episodic_return=-172.98541259765625
2022-11-15 01:43:38,332 - INFO: global_step=14013, episodic_return=-120.15474700927734
2022-11-15 01:43:38,371 - INFO: global_step=14096, episodic_return=-89.45664978027344
2022-11-15 01:43:38,454 - INFO: global_step=14225, episodic_return=-182.64974975585938
2022-11-15 01:43:38,550 - INFO: global_step=14372, episodic_return=-127.84383392333984
2022-11-15 01:43:38,622 - INFO: global_step=14479, episodic_return=-82.00133514404297
2022-11-15 01:43:38,679 - INFO: global_step=14593, episodic_return=-484.0522155761719
2022-11-15 01:43:38,714 - INFO: global_step=14665, episodic_return=-183.20703125
2022-11-15 01:43:38,786 - INFO: global_step=14777, episodic_return=-34.679718017578125
2022-11-15 01:43:38,832 - INFO: global_step=14848, episodic_return=-86.0477066040039
2022-11-15 01:43:38,904 - INFO: global_step=14972, episodic_return=-349.61859130859375
2022-11-15 01:43:38,976 - INFO: global_step=15133, episodic_return=-260.6884765625
2022-11-15 01:43:39,053 - INFO: global_step=15283, episodic_return=-274.9293212890625
2022-11-15 01:43:39,124 - INFO: global_step=15404, episodic_return=-398.9952392578125
2022-11-15 01:43:39,154 - INFO: global_step=15463, episodic_return=-107.71733856201172
2022-11-15 01:43:39,209 - INFO: global_step=15568, episodic_return=-286.7986755371094
2022-11-15 01:43:39,256 - INFO: global_step=15670, episodic_return=-406.8936767578125
2022-11-15 01:43:39,295 - INFO: global_step=15770, episodic_return=-221.60043334960938
2022-11-15 01:43:39,348 - INFO: global_step=15891, episodic_return=-138.05467224121094
2022-11-15 01:43:39,382 - INFO: global_step=15975, episodic_return=-394.8271484375
2022-11-15 01:43:39,411 - INFO: global_step=16038, episodic_return=-245.92848205566406
2022-11-15 01:43:39,450 - INFO: global_step=16111, episodic_return=-42.169281005859375
2022-11-15 01:43:39,500 - INFO: global_step=16212, episodic_return=-40.51050567626953
2022-11-15 01:43:39,566 - INFO: global_step=16350, episodic_return=-217.69313049316406
2022-11-15 01:43:39,649 - INFO: global_step=16518, episodic_return=-262.85601806640625
2022-11-15 01:43:39,685 - INFO: global_step=16600, episodic_return=-125.5546875
2022-11-15 01:43:39,744 - INFO: global_step=16722, episodic_return=-114.46686553955078
2022-11-15 01:43:39,791 - INFO: global_step=16826, episodic_return=-195.0325927734375
2022-11-15 01:43:39,853 - INFO: global_step=16953, episodic_return=-90.04512023925781
2022-11-15 01:43:39,898 - INFO: global_step=17057, episodic_return=-471.05615234375
2022-11-15 01:43:39,985 - INFO: global_step=17201, episodic_return=-120.5778579711914
2022-11-15 01:43:40,052 - INFO: global_step=17312, episodic_return=-93.8203125
2022-11-15 01:43:40,119 - INFO: global_step=17420, episodic_return=-249.90194702148438
2022-11-15 01:43:40,235 - INFO: global_step=17594, episodic_return=-111.64797973632812
2022-11-15 01:43:40,280 - INFO: global_step=17690, episodic_return=-121.54090118408203
2022-11-15 01:43:40,329 - INFO: global_step=17794, episodic_return=-239.5316162109375
2022-11-15 01:43:40,365 - INFO: global_step=17863, episodic_return=-84.1421890258789
2022-11-15 01:43:40,413 - INFO: global_step=17962, episodic_return=-97.80720520019531
2022-11-15 01:43:40,475 - INFO: global_step=18088, episodic_return=-189.01805114746094
2022-11-15 01:43:40,520 - INFO: global_step=18192, episodic_return=-75.54239654541016
2022-11-15 01:43:40,553 - INFO: global_step=18276, episodic_return=-172.18206787109375
2022-11-15 01:43:40,602 - INFO: global_step=18392, episodic_return=-90.8890151977539
2022-11-15 01:43:40,644 - INFO: global_step=18464, episodic_return=-92.99586486816406
2022-11-15 01:43:40,704 - INFO: global_step=18576, episodic_return=-340.079345703125
2022-11-15 01:43:40,750 - INFO: global_step=18667, episodic_return=-72.06095886230469
2022-11-15 01:43:40,811 - INFO: global_step=18799, episodic_return=-298.90771484375
2022-11-15 01:43:40,895 - INFO: global_step=18950, episodic_return=-7.4321441650390625
2022-11-15 01:43:40,952 - INFO: global_step=19049, episodic_return=-65.59025573730469
2022-11-15 01:43:41,016 - INFO: global_step=19159, episodic_return=-142.87867736816406
2022-11-15 01:43:41,065 - INFO: global_step=19250, episodic_return=-179.4757843017578
2022-11-15 01:43:41,150 - INFO: global_step=19362, episodic_return=5.750785827636719
2022-11-15 01:43:41,217 - INFO: global_step=19498, episodic_return=-271.86358642578125
2022-11-15 01:43:41,260 - INFO: global_step=19571, episodic_return=-91.28543853759766
2022-11-15 01:43:41,347 - INFO: global_step=19703, episodic_return=-334.06109619140625
2022-11-15 01:43:41,406 - INFO: global_step=19812, episodic_return=-86.85161590576172
2022-11-15 01:43:41,472 - INFO: global_step=19946, episodic_return=-37.84555435180664
2022-11-15 01:43:41,511 - INFO: global_step=20039, episodic_return=-130.2960205078125
2022-11-15 01:43:41,595 - INFO: global_step=20177, episodic_return=9.400794982910156
2022-11-15 01:43:41,635 - INFO: global_step=20249, episodic_return=-122.51427459716797
2022-11-15 01:43:41,690 - INFO: global_step=20347, episodic_return=-68.90792846679688
2022-11-15 01:43:41,739 - INFO: global_step=20449, episodic_return=-86.99040222167969
2022-11-15 01:43:41,809 - INFO: global_step=20557, episodic_return=-111.91210174560547
2022-11-15 01:43:41,895 - INFO: global_step=20678, episodic_return=-405.37982177734375
2022-11-15 01:43:41,948 - INFO: global_step=20763, episodic_return=-80.61072540283203
2022-11-15 01:43:41,973 - INFO: global_step=20830, episodic_return=-157.38906860351562
2022-11-15 01:43:42,021 - INFO: global_step=20938, episodic_return=-59.30378341674805
2022-11-15 01:43:42,091 - INFO: global_step=21051, episodic_return=-110.93499755859375
2022-11-15 01:43:42,148 - INFO: global_step=21174, episodic_return=-62.210899353027344
2022-11-15 01:43:42,216 - INFO: global_step=21309, episodic_return=-260.99664306640625
2022-11-15 01:43:42,277 - INFO: global_step=21437, episodic_return=-87.2978744506836
2022-11-15 01:43:42,334 - INFO: global_step=21542, episodic_return=-202.0727081298828
2022-11-15 01:43:42,383 - INFO: global_step=21636, episodic_return=-71.93077087402344
2022-11-15 01:43:42,441 - INFO: global_step=21747, episodic_return=-135.15325927734375
2022-11-15 01:43:42,470 - INFO: global_step=21819, episodic_return=-125.48477172851562
2022-11-15 01:43:42,504 - INFO: global_step=21894, episodic_return=-80.21188354492188
2022-11-15 01:43:42,552 - INFO: global_step=21986, episodic_return=-66.12645721435547
2022-11-15 01:43:42,599 - INFO: global_step=22068, episodic_return=-72.31526184082031
2022-11-15 01:43:42,652 - INFO: global_step=22161, episodic_return=-109.18522644042969
2022-11-15 01:43:42,738 - INFO: global_step=22319, episodic_return=-88.30339050292969
2022-11-15 01:43:42,794 - INFO: global_step=22422, episodic_return=-98.98212432861328
2022-11-15 01:43:42,869 - INFO: global_step=22581, episodic_return=-80.54663848876953
2022-11-15 01:43:42,963 - INFO: global_step=22744, episodic_return=-35.20398712158203
2022-11-15 01:43:43,004 - INFO: global_step=22841, episodic_return=-27.511741638183594
2022-11-15 01:43:43,048 - INFO: global_step=22937, episodic_return=-177.8848114013672
2022-11-15 01:43:43,092 - INFO: global_step=23043, episodic_return=11.177978515625
2022-11-15 01:43:43,126 - INFO: global_step=23127, episodic_return=-107.17076110839844
2022-11-15 01:43:43,207 - INFO: global_step=23283, episodic_return=-60.45165252685547
2022-11-15 01:43:43,266 - INFO: global_step=23397, episodic_return=-114.46710968017578
2022-11-15 01:43:43,309 - INFO: global_step=23476, episodic_return=-33.55046081542969
2022-11-15 01:43:43,391 - INFO: global_step=23622, episodic_return=-164.00506591796875
2022-11-15 01:43:43,458 - INFO: global_step=23748, episodic_return=-28.005332946777344
2022-11-15 01:43:43,501 - INFO: global_step=23824, episodic_return=-110.1976547241211
2022-11-15 01:43:43,583 - INFO: global_step=23965, episodic_return=-230.52333068847656
2022-11-15 01:43:43,642 - INFO: global_step=24085, episodic_return=-86.92710876464844
2022-11-15 01:43:43,685 - INFO: global_step=24154, episodic_return=-86.68388366699219
2022-11-15 01:43:43,735 - INFO: global_step=24262, episodic_return=-83.45590209960938
2022-11-15 01:43:43,778 - INFO: global_step=24374, episodic_return=-31.58643341064453
2022-11-15 01:43:43,831 - INFO: global_step=24466, episodic_return=-78.29714965820312
2022-11-15 01:43:43,888 - INFO: global_step=24564, episodic_return=-79.6386947631836
2022-11-15 01:43:43,936 - INFO: global_step=24658, episodic_return=-20.820358276367188
2022-11-15 01:43:44,006 - INFO: global_step=24781, episodic_return=-64.67172241210938
2022-11-15 01:43:44,072 - INFO: global_step=24886, episodic_return=-127.25090026855469
2022-11-15 01:43:44,150 - INFO: global_step=24981, episodic_return=-73.50435638427734
2022-11-15 01:43:44,253 - INFO: global_step=25088, episodic_return=-126.62561798095703
2022-11-15 01:43:44,360 - INFO: global_step=25267, episodic_return=-260.41461181640625
2022-11-15 01:43:44,415 - INFO: global_step=25370, episodic_return=-269.90728759765625
2022-11-15 01:43:44,492 - INFO: global_step=25508, episodic_return=-129.0897216796875
2022-11-15 01:43:44,590 - INFO: global_step=25653, episodic_return=-86.62477111816406
2022-11-15 01:43:44,650 - INFO: global_step=25791, episodic_return=-55.475318908691406
2022-11-15 01:43:44,710 - INFO: global_step=25924, episodic_return=-30.768112182617188
2022-11-15 01:43:44,751 - INFO: global_step=25994, episodic_return=-59.41743469238281
2022-11-15 01:43:44,800 - INFO: global_step=26096, episodic_return=-70.08065032958984
2022-11-15 01:43:44,883 - INFO: global_step=26230, episodic_return=-93.37005615234375
2022-11-15 01:43:44,984 - INFO: global_step=26382, episodic_return=-51.353572845458984
2022-11-15 01:43:45,068 - INFO: global_step=26509, episodic_return=-160.36163330078125
2022-11-15 01:43:45,144 - INFO: global_step=26632, episodic_return=-79.77561950683594
2022-11-15 01:43:45,231 - INFO: global_step=26747, episodic_return=-49.177616119384766
2022-11-15 01:43:45,267 - INFO: global_step=26811, episodic_return=-57.514007568359375
2022-11-15 01:43:45,294 - INFO: global_step=26883, episodic_return=-131.36300659179688
2022-11-15 01:43:45,368 - INFO: global_step=27001, episodic_return=-101.10726165771484
2022-11-15 01:43:45,439 - INFO: global_step=27115, episodic_return=-23.789596557617188
2022-11-15 01:43:45,490 - INFO: global_step=27217, episodic_return=-105.50129699707031
2022-11-15 01:43:45,544 - INFO: global_step=27315, episodic_return=-118.60755920410156
2022-11-15 01:43:45,603 - INFO: global_step=27437, episodic_return=-179.3319091796875
2022-11-15 01:43:45,660 - INFO: global_step=27560, episodic_return=-177.17697143554688
2022-11-15 01:43:45,702 - INFO: global_step=27649, episodic_return=-94.04234313964844
2022-11-15 01:43:45,776 - INFO: global_step=27769, episodic_return=-63.47845458984375
2022-11-15 01:43:45,822 - INFO: global_step=27858, episodic_return=-115.23065948486328
2022-11-15 01:43:45,866 - INFO: global_step=27943, episodic_return=-87.1932144165039
2022-11-15 01:43:45,939 - INFO: global_step=28088, episodic_return=-94.16633605957031
2022-11-15 01:43:46,002 - INFO: global_step=28220, episodic_return=-135.119384765625
2022-11-15 01:43:46,068 - INFO: global_step=28346, episodic_return=-35.375885009765625
2022-11-15 01:43:46,117 - INFO: global_step=28431, episodic_return=-83.07748413085938
2022-11-15 01:43:47,786 - INFO: global_step=29431, episodic_return=-13.718236923217773
2022-11-15 01:43:47,875 - INFO: global_step=29558, episodic_return=-135.15615844726562
2022-11-15 01:43:47,940 - INFO: global_step=29653, episodic_return=-99.03621673583984
2022-11-15 01:43:47,995 - INFO: global_step=29772, episodic_return=-109.41571807861328
2022-11-15 01:43:48,109 - INFO: global_step=29910, episodic_return=-14.513748168945312
2022-11-15 01:43:48,234 - INFO: global_step=30054, episodic_return=-256.3106384277344
2022-11-15 01:43:48,289 - INFO: global_step=30171, episodic_return=-35.44947814941406
2022-11-15 01:43:48,407 - INFO: global_step=30373, episodic_return=-61.86114501953125
2022-11-15 01:43:48,523 - INFO: global_step=30534, episodic_return=-128.44293212890625
2022-11-15 01:43:48,578 - INFO: global_step=30616, episodic_return=-45.65902328491211
2022-11-15 01:43:48,635 - INFO: global_step=30709, episodic_return=-119.11573791503906
2022-11-15 01:43:48,703 - INFO: global_step=30828, episodic_return=-149.622314453125
2022-11-15 01:43:48,806 - INFO: global_step=30990, episodic_return=-82.9256591796875
2022-11-15 01:43:48,851 - INFO: global_step=31081, episodic_return=-105.01884460449219
2022-11-15 01:43:48,895 - INFO: global_step=31175, episodic_return=-10.356452941894531
2022-11-15 01:43:49,003 - INFO: global_step=31316, episodic_return=-54.06533432006836
2022-11-15 01:43:49,097 - INFO: global_step=31474, episodic_return=-126.50971221923828
2022-11-15 01:43:49,194 - INFO: global_step=31633, episodic_return=-91.83395385742188
2022-11-15 01:43:49,260 - INFO: global_step=31754, episodic_return=-95.48301696777344
2022-11-15 01:43:49,352 - INFO: global_step=31900, episodic_return=-114.94123840332031
2022-11-15 01:43:49,423 - INFO: global_step=32010, episodic_return=-140.686279296875
2022-11-15 01:43:49,541 - INFO: global_step=32205, episodic_return=-78.82431030273438
2022-11-15 01:43:49,628 - INFO: global_step=32364, episodic_return=-56.58184051513672
2022-11-15 01:43:49,776 - INFO: global_step=32554, episodic_return=-194.88836669921875
2022-11-15 01:43:49,833 - INFO: global_step=32656, episodic_return=-6.029052734375
2022-11-15 01:43:49,919 - INFO: global_step=32807, episodic_return=-116.58282470703125
2022-11-15 01:43:50,009 - INFO: global_step=32960, episodic_return=-252.26194763183594
2022-11-15 01:43:50,086 - INFO: global_step=33081, episodic_return=-82.66051483154297
2022-11-15 01:43:50,132 - INFO: global_step=33174, episodic_return=-39.54235076904297
2022-11-15 01:43:50,204 - INFO: global_step=33314, episodic_return=-112.65640258789062
2022-11-15 01:43:50,265 - INFO: global_step=33433, episodic_return=-120.55067443847656
2022-11-15 01:43:50,371 - INFO: global_step=33559, episodic_return=-118.23461151123047
2022-11-15 01:43:50,446 - INFO: global_step=33646, episodic_return=-76.62360382080078
2022-11-15 01:43:50,520 - INFO: global_step=33766, episodic_return=61.8603515625
2022-11-15 01:43:50,568 - INFO: global_step=33865, episodic_return=-117.19821166992188
2022-11-15 01:43:50,655 - INFO: global_step=33976, episodic_return=-187.97352600097656
2022-11-15 01:43:50,709 - INFO: global_step=34065, episodic_return=-47.19466781616211
2022-11-15 01:43:52,250 - INFO: global_step=35065, episodic_return=60.42613220214844
2022-11-15 01:43:52,303 - INFO: global_step=35160, episodic_return=-24.817222595214844
2022-11-15 01:43:52,359 - INFO: global_step=35248, episodic_return=-75.63754272460938
2022-11-15 01:43:52,406 - INFO: global_step=35330, episodic_return=-58.81365203857422
2022-11-15 01:43:52,481 - INFO: global_step=35469, episodic_return=-62.84380340576172
2022-11-15 01:43:52,556 - INFO: global_step=35623, episodic_return=-71.64523315429688
2022-11-15 01:43:52,658 - INFO: global_step=35757, episodic_return=-53.28765106201172
2022-11-15 01:43:52,783 - INFO: global_step=35916, episodic_return=-212.576416015625
2022-11-15 01:43:52,861 - INFO: global_step=36030, episodic_return=-198.24478149414062
2022-11-15 01:43:52,956 - INFO: global_step=36135, episodic_return=-93.32318878173828
2022-11-15 01:43:53,050 - INFO: global_step=36261, episodic_return=-29.32513427734375
2022-11-15 01:43:53,153 - INFO: global_step=36395, episodic_return=-26.34320068359375
2022-11-15 01:43:53,234 - INFO: global_step=36506, episodic_return=-53.16777038574219
2022-11-15 01:43:53,317 - INFO: global_step=36602, episodic_return=-62.74232864379883
2022-11-15 01:43:53,383 - INFO: global_step=36717, episodic_return=-109.1967544555664
2022-11-15 01:43:53,442 - INFO: global_step=36813, episodic_return=-70.11061096191406
2022-11-15 01:43:53,493 - INFO: global_step=36902, episodic_return=-80.34855651855469
2022-11-15 01:43:53,570 - INFO: global_step=37015, episodic_return=-100.69185638427734
2022-11-15 01:43:53,670 - INFO: global_step=37158, episodic_return=-85.24767303466797
2022-11-15 01:43:53,756 - INFO: global_step=37304, episodic_return=-105.24613952636719
2022-11-15 01:43:53,820 - INFO: global_step=37420, episodic_return=-54.54364776611328
2022-11-15 01:43:53,928 - INFO: global_step=37589, episodic_return=-201.27235412597656
2022-11-15 01:43:54,021 - INFO: global_step=37743, episodic_return=-10.024635314941406
2022-11-15 01:43:54,077 - INFO: global_step=37835, episodic_return=13.608673095703125
2022-11-15 01:43:54,158 - INFO: global_step=37964, episodic_return=-77.65975952148438
2022-11-15 01:43:54,224 - INFO: global_step=38077, episodic_return=-105.09110260009766
2022-11-15 01:43:54,295 - INFO: global_step=38211, episodic_return=-60.42815017700195
2022-11-15 01:43:54,406 - INFO: global_step=38383, episodic_return=-70.74172973632812
2022-11-15 01:43:54,475 - INFO: global_step=38489, episodic_return=-105.62454223632812
2022-11-15 01:43:54,971 - INFO: global_step=38989, episodic_return=-148.96612548828125
2022-11-15 01:43:55,129 - INFO: global_step=39180, episodic_return=-78.08470153808594
2022-11-15 01:43:55,193 - INFO: global_step=39299, episodic_return=-142.23654174804688
2022-11-15 01:43:55,241 - INFO: global_step=39401, episodic_return=-86.56556701660156
2022-11-15 01:43:55,325 - INFO: global_step=39544, episodic_return=-103.10208129882812
2022-11-15 01:43:55,452 - INFO: global_step=39733, episodic_return=-44.03260803222656
2022-11-15 01:43:55,958 - INFO: global_step=40197, episodic_return=-179.03939819335938
2022-11-15 01:43:56,090 - INFO: global_step=40375, episodic_return=-54.66316223144531
2022-11-15 01:43:56,164 - INFO: global_step=40485, episodic_return=-73.83088684082031
2022-11-15 01:43:56,248 - INFO: global_step=40631, episodic_return=-96.00172424316406
2022-11-15 01:43:56,427 - INFO: global_step=40866, episodic_return=-28.054611206054688
2022-11-15 01:43:56,526 - INFO: global_step=41009, episodic_return=-71.74152374267578
2022-11-15 01:43:56,596 - INFO: global_step=41150, episodic_return=-11.809310913085938
2022-11-15 01:43:56,653 - INFO: global_step=41248, episodic_return=-19.449859619140625
2022-11-15 01:43:56,742 - INFO: global_step=41394, episodic_return=-71.201171875
2022-11-15 01:43:56,853 - INFO: global_step=41566, episodic_return=-30.509475708007812
2022-11-15 01:43:56,928 - INFO: global_step=41693, episodic_return=-93.89735412597656
2022-11-15 01:43:57,127 - INFO: global_step=41966, episodic_return=-204.31573486328125
2022-11-15 01:43:57,203 - INFO: global_step=42108, episodic_return=-114.44853210449219
2022-11-15 01:43:57,349 - INFO: global_step=42328, episodic_return=-32.69293975830078
2022-11-15 01:43:57,417 - INFO: global_step=42435, episodic_return=-133.7537841796875
2022-11-15 01:43:57,478 - INFO: global_step=42534, episodic_return=-36.512290954589844
2022-11-15 01:43:57,568 - INFO: global_step=42683, episodic_return=-2.3862838745117188
2022-11-15 01:43:57,716 - INFO: global_step=42866, episodic_return=-9.00885009765625
2022-11-15 01:43:57,828 - INFO: global_step=43045, episodic_return=-20.373214721679688
2022-11-15 01:43:57,875 - INFO: global_step=43129, episodic_return=-115.99520111083984
2022-11-15 01:43:57,997 - INFO: global_step=43307, episodic_return=-80.60275268554688
2022-11-15 01:43:58,177 - INFO: global_step=43564, episodic_return=-7.650291442871094
2022-11-15 01:43:58,259 - INFO: global_step=43697, episodic_return=-86.82395935058594
2022-11-15 01:43:58,406 - INFO: global_step=43879, episodic_return=2.4307861328125
2022-11-15 01:43:58,483 - INFO: global_step=44003, episodic_return=-180.39149475097656
2022-11-15 01:43:58,623 - INFO: global_step=44175, episodic_return=-43.56689453125
2022-11-15 01:43:58,768 - INFO: global_step=44380, episodic_return=-20.77948760986328
2022-11-15 01:43:58,845 - INFO: global_step=44525, episodic_return=-48.92200469970703
2022-11-15 01:43:58,935 - INFO: global_step=44670, episodic_return=-100.13737487792969
2022-11-15 01:43:59,031 - INFO: global_step=44817, episodic_return=-94.97478485107422
2022-11-15 01:43:59,108 - INFO: global_step=44964, episodic_return=-67.55281066894531
2022-11-15 01:43:59,203 - INFO: global_step=45073, episodic_return=-58.63126754760742
2022-11-15 01:43:59,307 - INFO: global_step=45215, episodic_return=-80.79008483886719
2022-11-15 01:43:59,489 - INFO: global_step=45469, episodic_return=-21.855575561523438
2022-11-15 01:43:59,668 - INFO: global_step=45694, episodic_return=-180.48971557617188
2022-11-15 01:43:59,874 - INFO: global_step=45943, episodic_return=-51.577632904052734
2022-11-15 01:43:59,934 - INFO: global_step=46045, episodic_return=-58.96318817138672
2022-11-15 01:44:00,000 - INFO: global_step=46171, episodic_return=-60.061927795410156
2022-11-15 01:44:00,063 - INFO: global_step=46290, episodic_return=-75.7553939819336
2022-11-15 01:44:00,163 - INFO: global_step=46433, episodic_return=-29.272743225097656
2022-11-15 01:44:00,733 - INFO: global_step=46827, episodic_return=-92.8324203491211
2022-11-15 01:44:00,812 - INFO: global_step=46947, episodic_return=-101.83155059814453
2022-11-15 01:44:00,961 - INFO: global_step=47142, episodic_return=28.54583740234375
2022-11-15 01:44:01,185 - INFO: global_step=47371, episodic_return=6.7673492431640625
2022-11-15 01:44:01,269 - INFO: global_step=47504, episodic_return=-4.528175354003906
2022-11-15 01:44:01,398 - INFO: global_step=47702, episodic_return=68.8023681640625
2022-11-15 01:44:01,453 - INFO: global_step=47798, episodic_return=-45.56092834472656
2022-11-15 01:44:01,560 - INFO: global_step=47931, episodic_return=-12.73870849609375
2022-11-15 01:44:01,782 - INFO: global_step=48179, episodic_return=-67.71736145019531
2022-11-15 01:44:02,292 - INFO: global_step=48616, episodic_return=-144.45770263671875
2022-11-15 01:44:02,462 - INFO: global_step=48846, episodic_return=-62.24870300292969
2022-11-15 01:44:02,602 - INFO: global_step=49053, episodic_return=-194.41123962402344
2022-11-15 01:44:02,697 - INFO: global_step=49206, episodic_return=-21.312911987304688
2022-11-15 01:44:02,888 - INFO: global_step=49436, episodic_return=-80.34959411621094
2022-11-15 01:44:03,353 - INFO: global_step=49879, episodic_return=-55.108612060546875
2022-11-15 01:44:03,479 - INFO: global_step=50075, episodic_return=-45.784584045410156
2022-11-15 01:44:03,535 - INFO: global_step=50181, episodic_return=-1.505523681640625
2022-11-15 01:44:03,920 - INFO: global_step=50567, episodic_return=-320.31378173828125
2022-11-15 01:44:04,013 - INFO: global_step=50701, episodic_return=-50.10188674926758
2022-11-15 01:44:04,113 - INFO: global_step=50846, episodic_return=-6.709449768066406
2022-11-15 01:44:04,354 - INFO: global_step=51118, episodic_return=-88.70549011230469
2022-11-15 01:44:04,512 - INFO: global_step=51336, episodic_return=-8.636154174804688
2022-11-15 01:44:04,634 - INFO: global_step=51512, episodic_return=28.931121826171875
2022-11-15 01:44:04,684 - INFO: global_step=51611, episodic_return=-17.190872192382812
2022-11-15 01:44:04,826 - INFO: global_step=51791, episodic_return=-39.230167388916016
2022-11-15 01:44:06,902 - INFO: global_step=52791, episodic_return=83.21870422363281
2022-11-15 01:44:07,240 - INFO: global_step=53145, episodic_return=-34.36420440673828
2022-11-15 01:44:07,423 - INFO: global_step=53382, episodic_return=-15.965446472167969
2022-11-15 01:44:07,535 - INFO: global_step=53544, episodic_return=-64.69570922851562
2022-11-15 01:44:08,086 - INFO: global_step=53995, episodic_return=-27.306045532226562
2022-11-15 01:44:10,472 - INFO: global_step=54995, episodic_return=12.197179794311523
2022-11-15 01:44:10,577 - INFO: global_step=55137, episodic_return=-57.81647491455078
2022-11-15 01:44:10,651 - INFO: global_step=55273, episodic_return=-32.267852783203125
2022-11-15 01:44:10,776 - INFO: global_step=55432, episodic_return=-25.36298370361328
2022-11-15 01:44:12,452 - INFO: global_step=56432, episodic_return=97.67431640625
2022-11-15 01:44:14,464 - INFO: global_step=57432, episodic_return=94.9090805053711
2022-11-15 01:44:14,792 - INFO: global_step=57787, episodic_return=17.974464416503906
2022-11-15 01:44:15,085 - INFO: global_step=58121, episodic_return=1.0168304443359375
2022-11-15 01:44:16,360 - INFO: global_step=58949, episodic_return=-91.77750396728516
2022-11-15 01:44:16,433 - INFO: global_step=59067, episodic_return=-7.2068023681640625
2022-11-15 01:44:18,428 - INFO: global_step=60067, episodic_return=63.33380126953125
2022-11-15 01:44:18,906 - INFO: global_step=60484, episodic_return=-57.67155075073242
2022-11-15 01:44:19,292 - INFO: global_step=60852, episodic_return=-48.018287658691406
2022-11-15 01:44:21,672 - INFO: global_step=61852, episodic_return=71.25707244873047
2022-11-15 01:44:23,442 - INFO: global_step=62852, episodic_return=-1.0515806674957275
2022-11-15 01:44:23,674 - INFO: global_step=63108, episodic_return=-64.90512084960938
2022-11-15 01:44:23,938 - INFO: global_step=63419, episodic_return=-204.94241333007812
2022-11-15 01:44:24,105 - INFO: global_step=63619, episodic_return=-6.788932800292969
2022-11-15 01:44:25,622 - INFO: global_step=64619, episodic_return=67.17088317871094
2022-11-15 01:44:25,929 - INFO: global_step=64951, episodic_return=-244.95297241210938
2022-11-15 01:44:26,014 - INFO: global_step=65089, episodic_return=-52.21986770629883
2022-11-15 01:44:27,744 - INFO: global_step=66089, episodic_return=129.804931640625
2022-11-15 01:44:27,889 - INFO: global_step=66298, episodic_return=-44.545555114746094
2022-11-15 01:44:28,040 - INFO: global_step=66490, episodic_return=-33.43834686279297
2022-11-15 01:44:29,759 - INFO: global_step=67490, episodic_return=89.7898941040039
2022-11-15 01:44:30,969 - INFO: global_step=68490, episodic_return=88.71340942382812
2022-11-15 01:44:32,587 - INFO: global_step=69413, episodic_return=164.77447509765625
2022-11-15 01:44:35,636 - INFO: global_step=70413, episodic_return=15.43539047241211
2022-11-15 01:44:37,907 - INFO: global_step=71413, episodic_return=-21.031579971313477
2022-11-15 01:44:39,953 - INFO: global_step=72413, episodic_return=10.357431411743164
2022-11-15 01:44:42,128 - INFO: global_step=73413, episodic_return=65.3453598022461
2022-11-15 01:44:44,697 - INFO: global_step=74413, episodic_return=24.414417266845703
2022-11-15 01:44:46,491 - INFO: global_step=75413, episodic_return=-34.659725189208984
2022-11-15 01:44:48,789 - INFO: global_step=76413, episodic_return=16.036861419677734
2022-11-15 01:44:49,553 - INFO: global_step=76985, episodic_return=253.24578857421875
2022-11-15 01:44:51,224 - INFO: global_step=77985, episodic_return=-63.54474639892578
2022-11-15 01:44:53,384 - INFO: global_step=78985, episodic_return=-64.55337524414062
2022-11-15 01:44:55,518 - INFO: global_step=79985, episodic_return=60.67172622680664
2022-11-15 01:44:56,072 - INFO: global_step=80469, episodic_return=245.010986328125
2022-11-15 01:44:57,256 - INFO: global_step=81111, episodic_return=204.18798828125
2022-11-15 01:44:59,046 - INFO: global_step=81959, episodic_return=184.3609619140625
2022-11-15 01:45:00,862 - INFO: global_step=82805, episodic_return=217.9166259765625
2022-11-15 01:45:02,048 - INFO: global_step=83448, episodic_return=203.923828125
2022-11-15 01:45:03,529 - INFO: global_step=84418, episodic_return=256.82318115234375
2022-11-15 01:45:04,973 - INFO: global_step=85239, episodic_return=221.70867919921875
2022-11-15 01:45:05,969 - INFO: global_step=85916, episodic_return=177.3768768310547
2022-11-15 01:45:07,366 - INFO: global_step=86714, episodic_return=135.8929901123047
2022-11-15 01:45:08,462 - INFO: global_step=87502, episodic_return=249.53355407714844
2022-11-15 01:45:09,486 - INFO: global_step=88149, episodic_return=237.6164093017578
2022-11-15 01:45:09,775 - INFO: global_step=88448, episodic_return=1.0739593505859375
2022-11-15 01:45:10,690 - INFO: global_step=89049, episodic_return=175.15586853027344
2022-11-15 01:45:10,878 - INFO: global_step=89209, episodic_return=-191.63597106933594
2022-11-15 01:45:11,725 - INFO: global_step=89738, episodic_return=197.53189086914062
2022-11-15 01:45:12,336 - INFO: global_step=90206, episodic_return=-11.018180847167969
2022-11-15 01:45:12,468 - INFO: global_step=90367, episodic_return=38.81840515136719
2022-11-15 01:45:12,795 - INFO: global_step=90690, episodic_return=-48.44470977783203
2022-11-15 01:45:13,824 - INFO: global_step=91442, episodic_return=-140.04940795898438
2022-11-15 01:45:13,991 - INFO: global_step=91652, episodic_return=-30.2672119140625
2022-11-15 01:45:15,849 - INFO: global_step=92652, episodic_return=-40.76560974121094
2022-11-15 01:45:18,026 - INFO: global_step=93620, episodic_return=87.05503845214844
2022-11-15 01:45:20,047 - INFO: global_step=94620, episodic_return=-119.86554718017578
2022-11-15 01:45:20,346 - INFO: global_step=94931, episodic_return=36.89454650878906
2022-11-15 01:45:22,293 - INFO: global_step=95931, episodic_return=-14.14873218536377
2022-11-15 01:45:24,166 - INFO: global_step=96931, episodic_return=-50.5019645690918
2022-11-15 01:45:26,060 - INFO: global_step=97931, episodic_return=-15.36799144744873
2022-11-15 01:45:27,859 - INFO: global_step=98931, episodic_return=-27.698474884033203
2022-11-15 01:45:29,520 - INFO: global_step=99931, episodic_return=-92.24686431884766
2022-11-15 01:45:31,619 - INFO: global_step=100931, episodic_return=-47.13561248779297
2022-11-15 01:45:33,656 - INFO: global_step=101931, episodic_return=-88.19495391845703
2022-11-15 01:45:35,131 - INFO: global_step=102931, episodic_return=-55.52471160888672
2022-11-15 01:45:37,556 - INFO: global_step=103931, episodic_return=-77.81977844238281
2022-11-15 01:45:37,918 - INFO: global_step=104089, episodic_return=-173.25439453125
2022-11-15 01:45:40,309 - INFO: global_step=105089, episodic_return=-82.2422866821289
2022-11-15 01:45:40,742 - INFO: global_step=105422, episodic_return=-206.61489868164062
2022-11-15 01:45:41,043 - INFO: global_step=105755, episodic_return=-153.73910522460938
2022-11-15 01:45:41,248 - INFO: global_step=105975, episodic_return=-297.9840087890625
2022-11-15 01:45:41,507 - INFO: global_step=106258, episodic_return=221.24293518066406
2022-11-15 01:45:41,614 - INFO: global_step=106394, episodic_return=-174.3221435546875
2022-11-15 01:45:41,681 - INFO: global_step=106504, episodic_return=-259.68389892578125
2022-11-15 01:45:44,003 - INFO: global_step=107504, episodic_return=-38.4122314453125
2022-11-15 01:45:46,816 - INFO: global_step=108504, episodic_return=-161.2347869873047
2022-11-15 01:45:49,235 - INFO: global_step=109504, episodic_return=-137.03175354003906
2022-11-15 01:45:49,499 - INFO: global_step=109749, episodic_return=-31.851524353027344
2022-11-15 01:45:50,295 - INFO: global_step=110347, episodic_return=237.45738220214844
2022-11-15 01:45:51,958 - INFO: global_step=111281, episodic_return=-355.327392578125
2022-11-15 01:45:52,277 - INFO: global_step=111590, episodic_return=-327.5087890625
2022-11-15 01:45:52,444 - INFO: global_step=111781, episodic_return=-241.78204345703125
2022-11-15 01:45:52,630 - INFO: global_step=111956, episodic_return=-8.97607421875
2022-11-15 01:45:52,876 - INFO: global_step=112233, episodic_return=-190.3103790283203
2022-11-15 01:45:53,099 - INFO: global_step=112474, episodic_return=-45.28262710571289
2022-11-15 01:45:53,163 - INFO: global_step=112568, episodic_return=-112.92049407958984
2022-11-15 01:45:53,348 - INFO: global_step=112784, episodic_return=-53.21662521362305
2022-11-15 01:45:54,260 - INFO: global_step=113404, episodic_return=94.75628662109375
2022-11-15 01:45:56,772 - INFO: global_step=114404, episodic_return=-69.66632080078125
2022-11-15 01:45:58,480 - INFO: global_step=115404, episodic_return=-64.11204528808594
2022-11-15 01:46:00,013 - INFO: global_step=116404, episodic_return=-111.55878448486328
2022-11-15 01:46:00,171 - INFO: global_step=116584, episodic_return=-159.442626953125
2022-11-15 01:46:00,641 - INFO: global_step=117005, episodic_return=241.7664337158203
2022-11-15 01:46:02,108 - INFO: global_step=117691, episodic_return=142.54660034179688
2022-11-15 01:46:04,087 - INFO: global_step=118691, episodic_return=-99.98944854736328
2022-11-15 01:46:05,918 - INFO: global_step=119691, episodic_return=-89.29924774169922
2022-11-15 01:46:08,768 - INFO: global_step=120691, episodic_return=-126.65092468261719
2022-11-15 01:46:11,293 - INFO: global_step=121691, episodic_return=-65.83683013916016
2022-11-15 01:46:13,740 - INFO: global_step=122691, episodic_return=-137.87857055664062
2022-11-15 01:46:15,715 - INFO: global_step=123691, episodic_return=-114.83186340332031
2022-11-15 01:46:18,097 - INFO: global_step=124691, episodic_return=-145.76882934570312
2022-11-15 01:46:19,953 - INFO: global_step=125691, episodic_return=-138.4664764404297
2022-11-15 01:46:20,336 - INFO: global_step=126008, episodic_return=-182.1512908935547
2022-11-15 01:46:22,427 - INFO: global_step=127008, episodic_return=-158.6709442138672
2022-11-15 01:46:24,935 - INFO: global_step=128008, episodic_return=-134.90155029296875
2022-11-15 01:46:26,856 - INFO: global_step=129008, episodic_return=-3.063965320587158
2022-11-15 01:46:27,130 - INFO: global_step=129260, episodic_return=-264.759033203125
2022-11-15 01:46:29,304 - INFO: global_step=130260, episodic_return=-155.20855712890625
2022-11-15 01:46:30,166 - INFO: global_step=130565, episodic_return=-242.7171630859375
2022-11-15 01:46:31,808 - INFO: global_step=131129, episodic_return=153.5924530029297
2022-11-15 01:46:31,993 - INFO: global_step=131340, episodic_return=-65.3970718383789
2022-11-15 01:46:32,166 - INFO: global_step=131521, episodic_return=-59.639015197753906
2022-11-15 01:46:32,661 - INFO: global_step=131907, episodic_return=273.98699951171875
2022-11-15 01:46:33,132 - INFO: global_step=132300, episodic_return=-332.63836669921875
2022-11-15 01:46:33,360 - INFO: global_step=132531, episodic_return=-79.55448913574219
2022-11-15 01:46:33,521 - INFO: global_step=132725, episodic_return=-38.433349609375
2022-11-15 01:46:34,199 - INFO: global_step=133320, episodic_return=146.18096923828125
2022-11-15 01:46:34,668 - INFO: global_step=133678, episodic_return=-48.165428161621094
2022-11-15 01:46:36,176 - INFO: global_step=134678, episodic_return=-68.21028137207031
2022-11-15 01:46:38,357 - INFO: global_step=135678, episodic_return=-117.45394134521484
2022-11-15 01:46:40,834 - INFO: global_step=136678, episodic_return=-74.1805419921875
2022-11-15 01:46:42,983 - INFO: global_step=137678, episodic_return=-120.29517364501953
2022-11-15 01:46:44,895 - INFO: global_step=138678, episodic_return=-105.25344848632812
2022-11-15 01:46:47,058 - INFO: global_step=139678, episodic_return=-137.7456817626953
2022-11-15 01:46:49,111 - INFO: global_step=140678, episodic_return=-117.98786926269531
2022-11-15 01:46:51,101 - INFO: global_step=141678, episodic_return=-101.89572143554688
2022-11-15 01:46:53,455 - INFO: global_step=142678, episodic_return=-77.51753997802734
2022-11-15 01:46:55,537 - INFO: global_step=143678, episodic_return=-109.61295318603516
2022-11-15 01:46:57,899 - INFO: global_step=144678, episodic_return=-115.8354263305664
2022-11-15 01:46:59,872 - INFO: global_step=145678, episodic_return=-123.36927795410156
2022-11-15 01:47:01,847 - INFO: global_step=146678, episodic_return=-118.25383758544922
2022-11-15 01:47:03,884 - INFO: global_step=147678, episodic_return=-135.73748779296875
2022-11-15 01:47:06,470 - INFO: global_step=148678, episodic_return=-93.54417419433594
2022-11-15 01:47:09,315 - INFO: global_step=149678, episodic_return=-100.54906463623047
2022-11-15 01:47:12,219 - INFO: global_step=150678, episodic_return=-76.59042358398438
2022-11-15 01:47:13,928 - INFO: global_step=151678, episodic_return=-128.69927978515625
2022-11-15 01:47:16,010 - INFO: global_step=152678, episodic_return=-148.29930114746094
2022-11-15 01:47:18,471 - INFO: global_step=153678, episodic_return=-124.22221374511719
2022-11-15 01:47:21,103 - INFO: global_step=154678, episodic_return=-152.016845703125
2022-11-15 01:47:23,378 - INFO: global_step=155678, episodic_return=-150.13894653320312
2022-11-15 01:47:25,796 - INFO: global_step=156678, episodic_return=-121.46097564697266
2022-11-15 01:47:28,394 - INFO: global_step=157678, episodic_return=-156.6336669921875
2022-11-15 01:47:30,197 - INFO: global_step=158678, episodic_return=-104.35968780517578
2022-11-15 01:47:32,071 - INFO: global_step=159678, episodic_return=-141.61691284179688
2022-11-15 01:47:34,014 - INFO: global_step=160678, episodic_return=-145.40646362304688
2022-11-15 01:47:36,239 - INFO: global_step=161678, episodic_return=-180.55117797851562
2022-11-15 01:47:38,127 - INFO: global_step=162678, episodic_return=-122.46830749511719
2022-11-15 01:47:40,173 - INFO: global_step=163678, episodic_return=-136.2347869873047
2022-11-15 01:47:40,579 - INFO: global_step=164033, episodic_return=-224.32484436035156
2022-11-15 01:47:40,707 - INFO: global_step=164187, episodic_return=-357.2751770019531
2022-11-15 01:47:42,423 - INFO: global_step=165187, episodic_return=-136.7613525390625
2022-11-15 01:47:43,088 - INFO: global_step=165699, episodic_return=-334.0908203125
2022-11-15 01:47:46,021 - INFO: global_step=166699, episodic_return=-178.86167907714844
2022-11-15 01:47:46,628 - INFO: global_step=167215, episodic_return=-274.2674865722656
2022-11-15 01:47:48,382 - INFO: global_step=168215, episodic_return=-131.4000244140625
2022-11-15 01:47:50,287 - INFO: global_step=169215, episodic_return=-13.950248718261719
2022-11-15 01:47:50,911 - INFO: global_step=169698, episodic_return=-389.3381652832031
2022-11-15 01:47:51,246 - INFO: global_step=170012, episodic_return=-359.30181884765625
2022-11-15 01:47:51,474 - INFO: global_step=170258, episodic_return=-312.44110107421875
2022-11-15 01:47:51,625 - INFO: global_step=170443, episodic_return=-270.20916748046875
2022-11-15 01:47:51,889 - INFO: global_step=170738, episodic_return=-262.22003173828125
2022-11-15 01:47:52,038 - INFO: global_step=170913, episodic_return=-381.7737731933594
2022-11-15 01:47:52,250 - INFO: global_step=171128, episodic_return=-371.38861083984375
2022-11-15 01:47:53,837 - INFO: global_step=172128, episodic_return=-127.63386535644531
2022-11-15 01:47:55,934 - INFO: global_step=173128, episodic_return=-113.535400390625
2022-11-15 01:47:58,612 - INFO: global_step=174128, episodic_return=-123.11504364013672
2022-11-15 01:48:00,402 - INFO: global_step=175128, episodic_return=-137.07708740234375
2022-11-15 01:48:02,285 - INFO: global_step=176128, episodic_return=-66.9405746459961
2022-11-15 01:48:04,200 - INFO: global_step=177128, episodic_return=-99.623779296875
2022-11-15 01:48:07,162 - INFO: global_step=178128, episodic_return=-84.86759185791016
2022-11-15 01:48:08,716 - INFO: global_step=179128, episodic_return=-57.26793670654297
2022-11-15 01:48:10,230 - INFO: global_step=180128, episodic_return=75.69157409667969
2022-11-15 01:48:11,750 - INFO: global_step=181128, episodic_return=-63.664859771728516
2022-11-15 01:48:13,866 - INFO: global_step=182128, episodic_return=-104.89464569091797
2022-11-15 01:48:16,206 - INFO: global_step=183128, episodic_return=-148.15512084960938
2022-11-15 01:48:17,851 - INFO: global_step=184128, episodic_return=-97.83386993408203
2022-11-15 01:48:18,497 - INFO: global_step=184611, episodic_return=202.72586059570312
2022-11-15 01:48:20,167 - INFO: global_step=185611, episodic_return=-101.40532684326172
2022-11-15 01:48:22,539 - INFO: global_step=186611, episodic_return=-99.53812408447266
2022-11-15 01:48:24,569 - INFO: global_step=187611, episodic_return=-123.37444305419922
2022-11-15 01:48:26,689 - INFO: global_step=188611, episodic_return=-95.97463989257812
2022-11-15 01:48:28,078 - INFO: global_step=189611, episodic_return=106.43384552001953
2022-11-15 01:48:29,909 - INFO: global_step=190611, episodic_return=-155.0615692138672
2022-11-15 01:48:31,506 - INFO: global_step=191611, episodic_return=-110.50039672851562
2022-11-15 01:48:33,777 - INFO: global_step=192611, episodic_return=-138.57754516601562
2022-11-15 01:48:35,991 - INFO: global_step=193611, episodic_return=-150.06643676757812
2022-11-15 01:48:38,610 - INFO: global_step=194611, episodic_return=-148.1573028564453
2022-11-15 01:48:39,111 - INFO: global_step=194996, episodic_return=-165.76239013671875
2022-11-15 01:48:39,576 - INFO: global_step=195407, episodic_return=-243.74461364746094
2022-11-15 01:48:40,083 - INFO: global_step=195841, episodic_return=-217.19647216796875
2022-11-15 01:48:41,495 - INFO: global_step=196612, episodic_return=134.97650146484375
2022-11-15 01:48:42,178 - INFO: global_step=197141, episodic_return=171.00247192382812
2022-11-15 01:48:44,421 - INFO: global_step=198141, episodic_return=-36.30265808105469
2022-11-15 01:48:45,950 - INFO: global_step=199030, episodic_return=-192.5298309326172
2022-11-15 01:48:46,989 - INFO: global_step=199741, episodic_return=191.45468139648438
2022-11-15 01:48:49,031 - INFO: global_step=200741, episodic_return=-38.39955139160156
2022-11-15 01:48:49,117 - INFO: global_step=200862, episodic_return=-217.92758178710938
2022-11-15 01:48:49,447 - INFO: global_step=201189, episodic_return=-213.97640991210938
2022-11-15 01:48:49,634 - INFO: global_step=201382, episodic_return=-174.4874267578125
2022-11-15 01:48:50,086 - INFO: global_step=201794, episodic_return=-328.1533508300781
2022-11-15 01:48:51,943 - INFO: global_step=202794, episodic_return=-76.80953216552734
2022-11-15 01:48:54,788 - INFO: global_step=203794, episodic_return=-70.82901000976562
2022-11-15 01:48:56,962 - INFO: global_step=204794, episodic_return=-101.69646453857422
2022-11-15 01:48:58,988 - INFO: global_step=205794, episodic_return=-135.76718139648438
2022-11-15 01:49:00,240 - INFO: global_step=206591, episodic_return=173.40045166015625
2022-11-15 01:49:02,799 - INFO: global_step=207591, episodic_return=-129.71871948242188
2022-11-15 01:49:03,336 - INFO: global_step=207949, episodic_return=-15.525794982910156
2022-11-15 01:49:03,544 - INFO: global_step=208137, episodic_return=-351.92523193359375
2022-11-15 01:49:04,336 - INFO: global_step=208655, episodic_return=-285.37896728515625
2022-11-15 01:49:06,080 - INFO: global_step=209655, episodic_return=-118.97149658203125
2022-11-15 01:49:06,725 - INFO: global_step=210125, episodic_return=171.3739013671875
2022-11-15 01:49:09,091 - INFO: global_step=211125, episodic_return=-91.60365295410156
2022-11-15 01:49:11,695 - INFO: global_step=212125, episodic_return=-82.74443054199219
2022-11-15 01:49:13,892 - INFO: global_step=213125, episodic_return=-99.63020324707031
2022-11-15 01:49:14,596 - INFO: global_step=213654, episodic_return=245.975341796875
2022-11-15 01:49:16,450 - INFO: global_step=214654, episodic_return=-99.00566864013672
2022-11-15 01:49:18,684 - INFO: global_step=215654, episodic_return=-43.92146301269531
2022-11-15 01:49:20,468 - INFO: global_step=216654, episodic_return=-88.50431823730469
2022-11-15 01:49:23,113 - INFO: global_step=217654, episodic_return=-85.92241668701172
2022-11-15 01:49:25,079 - INFO: global_step=218654, episodic_return=-115.0589828491211
2022-11-15 01:49:27,278 - INFO: global_step=219654, episodic_return=-82.232177734375
2022-11-15 01:49:29,518 - INFO: global_step=220654, episodic_return=-125.03463745117188
2022-11-15 01:49:29,766 - INFO: global_step=220910, episodic_return=-69.78506469726562
2022-11-15 01:49:30,378 - INFO: global_step=221372, episodic_return=-219.83084106445312
2022-11-15 01:49:33,099 - INFO: global_step=222359, episodic_return=159.86614990234375
2022-11-15 01:49:34,933 - INFO: global_step=223359, episodic_return=-93.50517272949219
2022-11-15 01:49:36,640 - INFO: global_step=224359, episodic_return=-106.11573028564453
2022-11-15 01:49:38,679 - INFO: global_step=225359, episodic_return=-76.23352813720703
2022-11-15 01:49:40,475 - INFO: global_step=226359, episodic_return=-108.64291381835938
2022-11-15 01:49:42,556 - INFO: global_step=227359, episodic_return=-99.24098205566406
2022-11-15 01:49:44,904 - INFO: global_step=228359, episodic_return=-142.35946655273438
2022-11-15 01:49:47,434 - INFO: global_step=229359, episodic_return=-106.84139251708984
2022-11-15 01:49:49,893 - INFO: global_step=230359, episodic_return=-119.38359832763672
2022-11-15 01:49:52,334 - INFO: global_step=231359, episodic_return=-122.8122787475586
2022-11-15 01:49:52,710 - INFO: global_step=231672, episodic_return=-137.27468872070312
2022-11-15 01:49:54,635 - INFO: global_step=232672, episodic_return=-77.59870147705078
2022-11-15 01:49:56,629 - INFO: global_step=233672, episodic_return=-163.03646850585938
2022-11-15 01:49:58,526 - INFO: global_step=234672, episodic_return=-142.95774841308594
2022-11-15 01:49:59,103 - INFO: global_step=235052, episodic_return=265.0662841796875
2022-11-15 01:50:01,844 - INFO: global_step=236052, episodic_return=-136.14141845703125
2022-11-15 01:50:04,293 - INFO: global_step=237052, episodic_return=-125.71392059326172
2022-11-15 01:50:04,714 - INFO: global_step=237344, episodic_return=-180.98324584960938
2022-11-15 01:50:07,045 - INFO: global_step=238344, episodic_return=-109.37882232666016
2022-11-15 01:50:09,786 - INFO: global_step=239344, episodic_return=-103.22445678710938
2022-11-15 01:50:11,597 - INFO: global_step=240344, episodic_return=-96.3188705444336
2022-11-15 01:50:13,429 - INFO: global_step=241344, episodic_return=-101.46247863769531
2022-11-15 01:50:13,835 - INFO: global_step=241727, episodic_return=260.8958740234375
2022-11-15 01:50:16,642 - INFO: global_step=242727, episodic_return=-74.856201171875
2022-11-15 01:50:18,742 - INFO: global_step=243727, episodic_return=-84.04532623291016
2022-11-15 01:50:21,041 - INFO: global_step=244727, episodic_return=-102.95255279541016
2022-11-15 01:50:22,766 - INFO: global_step=245727, episodic_return=-61.20554733276367
2022-11-15 01:50:24,421 - INFO: global_step=246727, episodic_return=-44.448795318603516
2022-11-15 01:50:26,002 - INFO: global_step=247727, episodic_return=-75.99394989013672
2022-11-15 01:50:26,777 - INFO: global_step=248273, episodic_return=-23.95068359375
2022-11-15 01:50:29,300 - INFO: global_step=249273, episodic_return=-111.72913360595703
2022-11-15 01:50:29,623 - INFO: global_step=249533, episodic_return=14.875419616699219
2022-11-15 01:50:31,516 - INFO: global_step=250533, episodic_return=-132.4092254638672
2022-11-15 01:50:33,560 - INFO: global_step=251533, episodic_return=-115.34612274169922
2022-11-15 01:50:35,677 - INFO: global_step=252533, episodic_return=-107.0018310546875
2022-11-15 01:50:37,618 - INFO: global_step=253533, episodic_return=-82.68724060058594
2022-11-15 01:50:39,468 - INFO: global_step=254533, episodic_return=-15.564464569091797
2022-11-15 01:50:41,197 - INFO: global_step=255533, episodic_return=-154.8673858642578
2022-11-15 01:50:43,931 - INFO: global_step=256533, episodic_return=-17.3454647064209
2022-11-15 01:50:45,797 - INFO: global_step=257533, episodic_return=-144.50885009765625
2022-11-15 01:50:46,488 - INFO: global_step=258078, episodic_return=187.84710693359375
2022-11-15 01:50:47,898 - INFO: global_step=258951, episodic_return=116.00668334960938
2022-11-15 01:50:49,070 - INFO: global_step=259650, episodic_return=229.28866577148438
2022-11-15 01:50:50,446 - INFO: global_step=260650, episodic_return=-120.99345397949219
2022-11-15 01:50:52,993 - INFO: global_step=261650, episodic_return=-111.37614440917969
2022-11-15 01:50:54,446 - INFO: global_step=262650, episodic_return=-83.90699005126953
2022-11-15 01:50:56,462 - INFO: global_step=263650, episodic_return=-36.14847946166992
2022-11-15 01:50:58,476 - INFO: global_step=264650, episodic_return=-95.5987319946289
2022-11-15 01:51:00,199 - INFO: global_step=265650, episodic_return=-152.7885284423828
2022-11-15 01:51:03,616 - INFO: global_step=266650, episodic_return=-40.730445861816406
2022-11-15 01:51:05,602 - INFO: global_step=267650, episodic_return=-99.42192077636719
2022-11-15 01:51:06,284 - INFO: global_step=268130, episodic_return=-186.07546997070312
2022-11-15 01:51:08,108 - INFO: global_step=269130, episodic_return=-81.8706283569336
2022-11-15 01:51:08,359 - INFO: global_step=269361, episodic_return=20.72235107421875
2022-11-15 01:51:10,071 - INFO: global_step=270361, episodic_return=-88.51886749267578
2022-11-15 01:51:10,403 - INFO: global_step=270659, episodic_return=17.200454711914062
2022-11-15 01:51:12,529 - INFO: global_step=271659, episodic_return=-89.73038482666016
2022-11-15 01:51:12,790 - INFO: global_step=271927, episodic_return=47.34074401855469
2022-11-15 01:51:14,941 - INFO: global_step=272927, episodic_return=-77.21295166015625
2022-11-15 01:51:16,751 - INFO: global_step=273927, episodic_return=-94.02875518798828
2022-11-15 01:51:19,215 - INFO: global_step=274927, episodic_return=-96.57398223876953
2022-11-15 01:51:21,696 - INFO: global_step=275927, episodic_return=-57.53157043457031
2022-11-15 01:51:23,391 - INFO: global_step=276927, episodic_return=-94.7063980102539
2022-11-15 01:51:26,146 - INFO: global_step=277927, episodic_return=-84.8021011352539
2022-11-15 01:51:27,639 - INFO: global_step=278927, episodic_return=-148.89068603515625
2022-11-15 01:51:29,007 - INFO: global_step=279927, episodic_return=-101.97235107421875
2022-11-15 01:51:29,449 - INFO: global_step=280266, episodic_return=24.04582977294922
2022-11-15 01:51:31,589 - INFO: global_step=281266, episodic_return=-30.232105255126953
2022-11-15 01:51:33,386 - INFO: global_step=282266, episodic_return=-134.77581787109375
2022-11-15 01:51:35,109 - INFO: global_step=283266, episodic_return=-154.0018768310547
2022-11-15 01:51:36,860 - INFO: global_step=284266, episodic_return=-76.19634246826172
2022-11-15 01:51:38,586 - INFO: global_step=285266, episodic_return=-138.6124267578125
2022-11-15 01:51:40,371 - INFO: global_step=286266, episodic_return=-139.3663787841797
2022-11-15 01:51:40,565 - INFO: global_step=286483, episodic_return=26.824859619140625
2022-11-15 01:51:42,329 - INFO: global_step=287483, episodic_return=-109.23902130126953
2022-11-15 01:51:43,118 - INFO: global_step=288095, episodic_return=-181.63796997070312
2022-11-15 01:51:45,394 - INFO: global_step=289095, episodic_return=-119.69205474853516
2022-11-15 01:51:45,753 - INFO: global_step=289429, episodic_return=-26.809707641601562
2022-11-15 01:51:46,092 - INFO: global_step=289752, episodic_return=-24.365402221679688
2022-11-15 01:51:48,131 - INFO: global_step=290752, episodic_return=-132.0528564453125
2022-11-15 01:51:48,533 - INFO: global_step=291058, episodic_return=-10.422172546386719
2022-11-15 01:51:50,564 - INFO: global_step=292058, episodic_return=-106.88687133789062
2022-11-15 01:51:53,280 - INFO: global_step=293058, episodic_return=-127.49282836914062
2022-11-15 01:51:54,849 - INFO: global_step=294058, episodic_return=-104.47907257080078
2022-11-15 01:51:56,605 - INFO: global_step=295058, episodic_return=-110.54769897460938
2022-11-15 01:51:59,330 - INFO: global_step=296058, episodic_return=-54.35559844970703
2022-11-15 01:52:01,827 - INFO: global_step=297058, episodic_return=-55.663734436035156
2022-11-15 01:52:03,744 - INFO: global_step=298058, episodic_return=-105.17584991455078
2022-11-15 01:52:05,997 - INFO: global_step=299058, episodic_return=-91.2570571899414
2022-11-15 01:52:08,171 - INFO: global_step=300058, episodic_return=-78.36151885986328
2022-11-15 01:52:09,913 - INFO: global_step=301058, episodic_return=-132.84237670898438
2022-11-15 01:52:11,536 - INFO: global_step=302058, episodic_return=-166.46319580078125
2022-11-15 01:52:12,779 - INFO: global_step=303058, episodic_return=-146.76654052734375
2022-11-15 01:52:15,607 - INFO: global_step=304058, episodic_return=-147.4203643798828
2022-11-15 01:52:17,683 - INFO: global_step=305058, episodic_return=-129.65911865234375
2022-11-15 01:52:20,228 - INFO: global_step=306058, episodic_return=-156.2942657470703
2022-11-15 01:52:21,278 - INFO: global_step=306618, episodic_return=235.01507568359375
2022-11-15 01:52:21,385 - INFO: global_step=306736, episodic_return=-176.71359252929688
2022-11-15 01:52:22,029 - INFO: global_step=307190, episodic_return=-58.12746810913086
2022-11-15 01:52:24,451 - INFO: global_step=308190, episodic_return=-108.38968658447266
2022-11-15 01:52:26,045 - INFO: global_step=309190, episodic_return=-112.86778259277344
2022-11-15 01:52:27,539 - INFO: global_step=310190, episodic_return=-96.17845916748047
2022-11-15 01:52:29,019 - INFO: global_step=311190, episodic_return=-131.17236328125
2022-11-15 01:52:31,199 - INFO: global_step=312190, episodic_return=-130.61962890625
2022-11-15 01:52:33,449 - INFO: global_step=313190, episodic_return=-96.19617462158203
2022-11-15 01:52:33,971 - INFO: global_step=313584, episodic_return=244.97315979003906
2022-11-15 01:52:35,430 - INFO: global_step=314584, episodic_return=-110.51129150390625
2022-11-15 01:52:37,314 - INFO: global_step=315584, episodic_return=-97.59809112548828
2022-11-15 01:52:39,236 - INFO: global_step=316584, episodic_return=-65.44660949707031
2022-11-15 01:52:41,736 - INFO: global_step=317584, episodic_return=-113.0542984008789
2022-11-15 01:52:43,915 - INFO: global_step=318584, episodic_return=-123.77495574951172
2022-11-15 01:52:45,100 - INFO: global_step=319584, episodic_return=-96.17528533935547
2022-11-15 01:52:48,047 - INFO: global_step=320584, episodic_return=-69.98375701904297
2022-11-15 01:52:49,492 - INFO: global_step=321584, episodic_return=-97.63461303710938
2022-11-15 01:52:51,501 - INFO: global_step=322584, episodic_return=-128.95223999023438
2022-11-15 01:52:53,668 - INFO: global_step=323584, episodic_return=-141.5518341064453
2022-11-15 01:52:55,480 - INFO: global_step=324584, episodic_return=-100.7047119140625
2022-11-15 01:52:57,085 - INFO: global_step=325584, episodic_return=-145.95809936523438
2022-11-15 01:52:59,006 - INFO: global_step=326584, episodic_return=-93.06145477294922
2022-11-15 01:53:01,759 - INFO: global_step=327584, episodic_return=-80.8427505493164
2022-11-15 01:53:03,430 - INFO: global_step=328584, episodic_return=-85.94694519042969
2022-11-15 01:53:05,836 - INFO: global_step=329584, episodic_return=-132.71730041503906
2022-11-15 01:53:08,161 - INFO: global_step=330584, episodic_return=-118.67183685302734
2022-11-15 01:53:10,790 - INFO: global_step=331584, episodic_return=-122.0405502319336
2022-11-15 01:53:12,123 - INFO: global_step=332584, episodic_return=-95.76900482177734
2022-11-15 01:53:14,139 - INFO: global_step=333584, episodic_return=-57.065128326416016
2022-11-15 01:53:16,416 - INFO: global_step=334584, episodic_return=-93.16919708251953
2022-11-15 01:53:18,186 - INFO: global_step=335584, episodic_return=-121.46858978271484
2022-11-15 01:53:19,816 - INFO: global_step=336584, episodic_return=-78.85160064697266
2022-11-15 01:53:21,925 - INFO: global_step=337584, episodic_return=-91.05425262451172
2022-11-15 01:53:23,632 - INFO: global_step=338584, episodic_return=-67.49073791503906
2022-11-15 01:53:25,984 - INFO: global_step=339584, episodic_return=-67.33258056640625
2022-11-15 01:53:27,970 - INFO: global_step=340584, episodic_return=-18.829204559326172
2022-11-15 01:53:30,500 - INFO: global_step=341584, episodic_return=-72.37133026123047
2022-11-15 01:53:32,436 - INFO: global_step=342584, episodic_return=-116.37876892089844
2022-11-15 01:53:34,425 - INFO: global_step=343584, episodic_return=-96.56802368164062
2022-11-15 01:53:36,567 - INFO: global_step=344584, episodic_return=-102.6462173461914
2022-11-15 01:53:38,659 - INFO: global_step=345584, episodic_return=-89.7307357788086
2022-11-15 01:53:40,985 - INFO: global_step=346584, episodic_return=-112.5726547241211
2022-11-15 01:53:43,734 - INFO: global_step=347584, episodic_return=-79.33686828613281
2022-11-15 01:53:45,895 - INFO: global_step=348584, episodic_return=-92.13323211669922
2022-11-15 01:53:47,572 - INFO: global_step=349584, episodic_return=-64.21073150634766
2022-11-15 01:53:49,828 - INFO: global_step=350584, episodic_return=-105.12127685546875
2022-11-15 01:53:52,229 - INFO: global_step=351584, episodic_return=-122.44405364990234
2022-11-15 01:53:52,685 - INFO: global_step=352013, episodic_return=-84.15066528320312
2022-11-15 01:53:54,395 - INFO: global_step=353013, episodic_return=-105.39828491210938
2022-11-15 01:53:55,477 - INFO: global_step=353541, episodic_return=236.2153778076172
2022-11-15 01:53:57,361 - INFO: global_step=354541, episodic_return=-115.84407043457031
2022-11-15 01:54:00,505 - INFO: global_step=355541, episodic_return=-118.36027526855469
2022-11-15 01:54:01,334 - INFO: global_step=356046, episodic_return=233.8897247314453
2022-11-15 01:54:04,465 - INFO: global_step=357046, episodic_return=-58.84252166748047
2022-11-15 01:54:05,047 - INFO: global_step=357488, episodic_return=-52.52925491333008
2022-11-15 01:54:05,216 - INFO: global_step=357672, episodic_return=-33.77935791015625
2022-11-15 01:54:05,652 - INFO: global_step=358012, episodic_return=-19.474395751953125
2022-11-15 01:54:07,368 - INFO: global_step=359012, episodic_return=-94.2454833984375
2022-11-15 01:54:09,750 - INFO: global_step=360012, episodic_return=-51.81427001953125
2022-11-15 01:54:11,550 - INFO: global_step=361012, episodic_return=-93.47767639160156
2022-11-15 01:54:13,643 - INFO: global_step=362012, episodic_return=-69.47801971435547
2022-11-15 01:54:15,562 - INFO: global_step=362927, episodic_return=140.4893798828125
2022-11-15 01:54:15,900 - INFO: global_step=363202, episodic_return=-42.284454345703125
2022-11-15 01:54:18,153 - INFO: global_step=364202, episodic_return=-93.3094482421875
2022-11-15 01:54:18,865 - INFO: global_step=364610, episodic_return=-67.48571014404297
2022-11-15 01:54:19,112 - INFO: global_step=364847, episodic_return=-6.772956848144531
2022-11-15 01:54:20,726 - INFO: global_step=365847, episodic_return=-66.30587768554688
2022-11-15 01:54:22,573 - INFO: global_step=366847, episodic_return=-103.32005310058594
2022-11-15 01:54:24,431 - INFO: global_step=367847, episodic_return=-56.24158477783203
2022-11-15 01:54:26,946 - INFO: global_step=368847, episodic_return=-121.21565246582031
2022-11-15 01:54:28,601 - INFO: global_step=369847, episodic_return=-46.291648864746094
2022-11-15 01:54:30,850 - INFO: global_step=370847, episodic_return=-108.32658386230469
2022-11-15 01:54:32,589 - INFO: global_step=371847, episodic_return=-76.06361389160156
2022-11-15 01:54:34,687 - INFO: global_step=372847, episodic_return=-127.4116439819336
2022-11-15 01:54:36,609 - INFO: global_step=373847, episodic_return=-80.11956024169922
2022-11-15 01:54:39,001 - INFO: global_step=374847, episodic_return=-84.52998352050781
2022-11-15 01:54:41,079 - INFO: global_step=375847, episodic_return=-89.39108276367188
2022-11-15 01:54:43,269 - INFO: global_step=376847, episodic_return=-75.29493713378906
2022-11-15 01:54:45,456 - INFO: global_step=377847, episodic_return=-110.83739471435547
2022-11-15 01:54:48,021 - INFO: global_step=378847, episodic_return=-99.36078643798828
2022-11-15 01:54:50,585 - INFO: global_step=379847, episodic_return=-102.22331237792969
2022-11-15 01:54:52,922 - INFO: global_step=380847, episodic_return=-77.89607238769531
2022-11-15 01:54:54,496 - INFO: global_step=381847, episodic_return=-81.88388061523438
2022-11-15 01:54:56,513 - INFO: global_step=382847, episodic_return=-91.473876953125
2022-11-15 01:54:58,306 - INFO: global_step=383847, episodic_return=-33.42161560058594
2022-11-15 01:55:00,028 - INFO: global_step=384847, episodic_return=-104.98895263671875
2022-11-15 01:55:01,579 - INFO: global_step=385847, episodic_return=-72.04180145263672
2022-11-15 01:55:03,819 - INFO: global_step=386847, episodic_return=-120.92694854736328
2022-11-15 01:55:05,778 - INFO: global_step=387847, episodic_return=-62.623600006103516
2022-11-15 01:55:07,801 - INFO: global_step=388847, episodic_return=-98.05904388427734
2022-11-15 01:55:09,760 - INFO: global_step=389847, episodic_return=-80.80342102050781
2022-11-15 01:55:12,031 - INFO: global_step=390847, episodic_return=-108.7267837524414
2022-11-15 01:55:13,664 - INFO: global_step=391847, episodic_return=-92.27171325683594
2022-11-15 01:55:15,136 - INFO: global_step=392847, episodic_return=-85.55624389648438
2022-11-15 01:55:17,162 - INFO: global_step=393847, episodic_return=-112.05249786376953
2022-11-15 01:55:19,468 - INFO: global_step=394847, episodic_return=-104.06217956542969
2022-11-15 01:55:21,376 - INFO: global_step=395847, episodic_return=-111.06588745117188
2022-11-15 01:55:23,017 - INFO: global_step=396847, episodic_return=-151.4169158935547
2022-11-15 01:55:24,918 - INFO: global_step=397847, episodic_return=-101.64910125732422
2022-11-15 01:55:27,127 - INFO: global_step=398847, episodic_return=-84.57598876953125
2022-11-15 01:55:28,678 - INFO: global_step=399847, episodic_return=-67.75341033935547
2022-11-15 01:55:30,548 - INFO: global_step=400847, episodic_return=-41.23749923706055
2022-11-15 01:55:32,147 - INFO: global_step=401847, episodic_return=-90.72946166992188
2022-11-15 01:55:34,545 - INFO: global_step=402847, episodic_return=-35.713233947753906
2022-11-15 01:55:36,357 - INFO: global_step=403847, episodic_return=-66.73526763916016
2022-11-15 01:55:38,325 - INFO: global_step=404847, episodic_return=-102.18463134765625
2022-11-15 01:55:40,308 - INFO: global_step=405847, episodic_return=-84.74061584472656
2022-11-15 01:55:42,178 - INFO: global_step=406847, episodic_return=-96.12638092041016
2022-11-15 01:55:44,518 - INFO: global_step=407847, episodic_return=-82.16461944580078
2022-11-15 01:55:46,608 - INFO: global_step=408847, episodic_return=-90.3684310913086
2022-11-15 01:55:49,279 - INFO: global_step=409847, episodic_return=-26.14628791809082
2022-11-15 01:55:51,012 - INFO: global_step=410847, episodic_return=-48.567134857177734
2022-11-15 01:55:53,309 - INFO: global_step=411847, episodic_return=-50.01020431518555
2022-11-15 01:55:55,497 - INFO: global_step=412847, episodic_return=-70.64297485351562
2022-11-15 01:55:56,944 - INFO: global_step=413847, episodic_return=-10.780556678771973
2022-11-15 01:55:59,082 - INFO: global_step=414847, episodic_return=-62.337890625
2022-11-15 01:56:00,941 - INFO: global_step=415847, episodic_return=-55.158226013183594
2022-11-15 01:56:02,855 - INFO: global_step=416847, episodic_return=-104.3670883178711
2022-11-15 01:56:05,161 - INFO: global_step=417847, episodic_return=-121.50823211669922
2022-11-15 01:56:07,771 - INFO: global_step=418847, episodic_return=-92.70832061767578
2022-11-15 01:56:09,513 - INFO: global_step=419847, episodic_return=-30.577714920043945
2022-11-15 01:56:12,043 - INFO: global_step=420847, episodic_return=-88.25531005859375
2022-11-15 01:56:14,043 - INFO: global_step=421847, episodic_return=-63.302330017089844
2022-11-15 01:56:14,247 - INFO: global_step=422075, episodic_return=-26.14690399169922
2022-11-15 01:56:16,135 - INFO: global_step=423075, episodic_return=-51.002532958984375
2022-11-15 01:56:17,327 - INFO: global_step=423816, episodic_return=166.50888061523438
2022-11-15 01:56:19,141 - INFO: global_step=424816, episodic_return=-75.12220001220703
2022-11-15 01:56:20,753 - INFO: global_step=425816, episodic_return=-45.86648178100586
2022-11-15 01:56:23,075 - INFO: global_step=426816, episodic_return=-37.10810470581055
2022-11-15 01:56:25,018 - INFO: global_step=427816, episodic_return=-71.49948120117188
2022-11-15 01:56:26,744 - INFO: global_step=428816, episodic_return=-13.127859115600586
2022-11-15 01:56:28,568 - INFO: global_step=429816, episodic_return=-43.751930236816406
2022-11-15 01:56:30,432 - INFO: global_step=430816, episodic_return=-70.27894592285156
2022-11-15 01:56:33,185 - INFO: global_step=431816, episodic_return=-63.64573669433594
2022-11-15 01:56:34,777 - INFO: global_step=432816, episodic_return=-89.15904998779297
2022-11-15 01:56:36,979 - INFO: global_step=433816, episodic_return=-52.38058853149414
2022-11-15 01:56:38,887 - INFO: global_step=434816, episodic_return=-7.354254722595215
2022-11-15 01:56:41,572 - INFO: global_step=435816, episodic_return=-51.430816650390625
2022-11-15 01:56:43,191 - INFO: global_step=436816, episodic_return=-71.10075378417969
2022-11-15 01:56:45,280 - INFO: global_step=437816, episodic_return=-27.651874542236328
2022-11-15 01:56:45,966 - INFO: global_step=438304, episodic_return=221.85693359375
2022-11-15 01:56:48,207 - INFO: global_step=439304, episodic_return=-69.83357238769531
2022-11-15 01:56:50,221 - INFO: global_step=440304, episodic_return=-105.49935913085938
2022-11-15 01:56:52,431 - INFO: global_step=441304, episodic_return=-126.36503601074219
2022-11-15 01:56:55,248 - INFO: global_step=442304, episodic_return=-112.41143035888672
2022-11-15 01:56:57,362 - INFO: global_step=443304, episodic_return=-99.43289184570312
2022-11-15 01:56:59,743 - INFO: global_step=444304, episodic_return=-23.655654907226562
2022-11-15 01:57:01,818 - INFO: global_step=445304, episodic_return=-129.7548065185547
2022-11-15 01:57:02,064 - INFO: global_step=445491, episodic_return=26.76903533935547
2022-11-15 01:57:04,650 - INFO: global_step=446491, episodic_return=-67.6402359008789
2022-11-15 01:57:06,321 - INFO: global_step=447491, episodic_return=-68.44023895263672
2022-11-15 01:57:08,525 - INFO: global_step=448491, episodic_return=-95.71454620361328
2022-11-15 01:57:08,735 - INFO: global_step=448743, episodic_return=20.48870849609375
2022-11-15 01:57:11,589 - INFO: global_step=449743, episodic_return=-26.8381290435791
2022-11-15 01:57:12,535 - INFO: global_step=450432, episodic_return=-167.4613800048828
2022-11-15 01:57:13,656 - INFO: global_step=451223, episodic_return=-193.34884643554688
2022-11-15 01:57:15,719 - INFO: global_step=452223, episodic_return=-97.0575180053711
2022-11-15 01:57:18,011 - INFO: global_step=453207, episodic_return=-246.6748504638672
2022-11-15 01:57:19,565 - INFO: global_step=454207, episodic_return=-14.327066421508789
2022-11-15 01:57:21,408 - INFO: global_step=455207, episodic_return=0.8957465887069702
2022-11-15 01:57:24,161 - INFO: global_step=456207, episodic_return=-83.57611083984375
2022-11-15 01:57:26,433 - INFO: global_step=457207, episodic_return=-38.614601135253906
2022-11-15 01:57:28,626 - INFO: global_step=458207, episodic_return=-68.20829772949219
2022-11-15 01:57:31,027 - INFO: global_step=459207, episodic_return=-28.488258361816406
2022-11-15 01:57:32,851 - INFO: global_step=460207, episodic_return=-27.858980178833008
2022-11-15 01:57:34,567 - INFO: global_step=461207, episodic_return=-25.322486877441406
2022-11-15 01:57:36,665 - INFO: global_step=462207, episodic_return=-33.86994934082031
2022-11-15 01:57:38,451 - INFO: global_step=463207, episodic_return=0.270827054977417
2022-11-15 01:57:40,199 - INFO: global_step=464207, episodic_return=-24.418535232543945
2022-11-15 01:57:42,201 - INFO: global_step=465207, episodic_return=-6.825192451477051
2022-11-15 01:57:44,674 - INFO: global_step=466207, episodic_return=-34.63475036621094
2022-11-15 01:57:46,412 - INFO: global_step=467207, episodic_return=5.837030410766602
2022-11-15 01:57:48,237 - INFO: global_step=468207, episodic_return=-1.8346596956253052
2022-11-15 01:57:49,742 - INFO: global_step=469207, episodic_return=34.96633529663086
2022-11-15 01:57:52,036 - INFO: global_step=470207, episodic_return=5.526026725769043
2022-11-15 01:57:54,088 - INFO: global_step=471207, episodic_return=7.230323791503906
2022-11-15 01:57:56,061 - INFO: global_step=472207, episodic_return=-31.76514434814453
2022-11-15 01:57:58,024 - INFO: global_step=473207, episodic_return=-49.90919876098633
2022-11-15 01:57:59,797 - INFO: global_step=474207, episodic_return=5.582350254058838
2022-11-15 01:58:01,543 - INFO: global_step=475207, episodic_return=2.165144205093384
2022-11-15 01:58:03,351 - INFO: global_step=476207, episodic_return=-9.555774688720703
2022-11-15 01:58:05,651 - INFO: global_step=477207, episodic_return=-46.461036682128906
2022-11-15 01:58:07,730 - INFO: global_step=478207, episodic_return=25.298572540283203
2022-11-15 01:58:09,783 - INFO: global_step=479207, episodic_return=-27.344816207885742
2022-11-15 01:58:11,651 - INFO: global_step=480207, episodic_return=-5.298685550689697
2022-11-15 01:58:12,544 - INFO: global_step=480832, episodic_return=-31.19385528564453
2022-11-15 01:58:15,017 - INFO: global_step=481832, episodic_return=2.232604742050171
2022-11-15 01:58:17,497 - INFO: global_step=482832, episodic_return=-14.51195240020752
2022-11-15 01:58:19,382 - INFO: global_step=483832, episodic_return=-29.272680282592773
2022-11-15 01:58:21,333 - INFO: global_step=484832, episodic_return=-18.79449462890625
2022-11-15 01:58:23,331 - INFO: global_step=485832, episodic_return=-38.99041748046875
2022-11-15 01:58:25,483 - INFO: global_step=486832, episodic_return=-60.82719802856445
2022-11-15 01:58:27,646 - INFO: global_step=487832, episodic_return=20.053197860717773
2022-11-15 01:58:29,934 - INFO: global_step=488832, episodic_return=-10.882230758666992
2022-11-15 01:58:31,444 - INFO: global_step=489832, episodic_return=-8.271220207214355
2022-11-15 01:58:33,189 - INFO: global_step=490832, episodic_return=4.679512977600098
2022-11-15 01:58:36,412 - INFO: global_step=491832, episodic_return=37.203739166259766
2022-11-15 01:58:38,408 - INFO: global_step=492832, episodic_return=-42.83806610107422
2022-11-15 01:58:40,330 - INFO: global_step=493832, episodic_return=-1.3984029293060303
2022-11-15 01:58:41,968 - INFO: global_step=494832, episodic_return=13.036680221557617
2022-11-15 01:58:44,162 - INFO: global_step=495832, episodic_return=-6.956942558288574
2022-11-15 01:58:46,059 - INFO: global_step=496832, episodic_return=-23.56745719909668
2022-11-15 01:58:47,596 - INFO: global_step=497832, episodic_return=26.269201278686523
2022-11-15 01:58:49,373 - INFO: global_step=498832, episodic_return=-19.786283493041992
2022-11-15 01:58:51,071 - INFO: global_step=499832, episodic_return=12.473437309265137
2022-11-15 01:58:51,219 - INFO: The average reward of last 20 steps: -9.567141389846801
