2022-11-15 08:48:25,318 - INFO: +--------------------------+----------------+
| Parameter                | Value          |
+--------------------------+----------------+
| exp_name                 | dqn            |
+--------------------------+----------------+
| seed                     | 42             |
+--------------------------+----------------+
| total_timesteps          | 500000         |
+--------------------------+----------------+
| learning_rate            | 0.001          |
+--------------------------+----------------+
| buffer_size              | 2000           |
+--------------------------+----------------+
| gamma                    | 0.982          |
+--------------------------+----------------+
| target_network_frequency | 50             |
+--------------------------+----------------+
| batch_size               | 128            |
+--------------------------+----------------+
| start_e                  | 0.700          |
+--------------------------+----------------+
| end_e                    | 0.050          |
+--------------------------+----------------+
| exploration_fraction     | 0.050          |
+--------------------------+----------------+
| learning_starts          | 10000          |
+--------------------------+----------------+
| train_frequency          | 10             |
+--------------------------+----------------+
| env_id                   | LunarLander-v2 |
+--------------------------+----------------+
2022-11-15 08:48:27,427 - INFO: global_step=136, episodic_return=-531.7100219726562
2022-11-15 08:48:27,452 - INFO: global_step=218, episodic_return=-407.9483337402344
2022-11-15 08:48:27,474 - INFO: global_step=293, episodic_return=-89.19992065429688
2022-11-15 08:48:27,493 - INFO: global_step=350, episodic_return=-81.596435546875
2022-11-15 08:48:27,536 - INFO: global_step=495, episodic_return=-155.71365356445312
2022-11-15 08:48:27,558 - INFO: global_step=576, episodic_return=-468.0992126464844
2022-11-15 08:48:27,612 - INFO: global_step=736, episodic_return=-235.98968505859375
2022-11-15 08:48:27,637 - INFO: global_step=798, episodic_return=-204.7057342529297
2022-11-15 08:48:27,688 - INFO: global_step=946, episodic_return=-553.018798828125
2022-11-15 08:48:27,722 - INFO: global_step=1000, episodic_return=-364.2476501464844
2022-11-15 08:48:27,779 - INFO: global_step=1121, episodic_return=-436.7967834472656
2022-11-15 08:48:27,843 - INFO: global_step=1194, episodic_return=-207.5982666015625
2022-11-15 08:48:27,882 - INFO: global_step=1341, episodic_return=-594.4122314453125
2022-11-15 08:48:27,938 - INFO: global_step=1466, episodic_return=-104.22179412841797
2022-11-15 08:48:27,973 - INFO: global_step=1542, episodic_return=-429.452880859375
2022-11-15 08:48:28,003 - INFO: global_step=1647, episodic_return=-153.14112854003906
2022-11-15 08:48:28,027 - INFO: global_step=1729, episodic_return=-447.78717041015625
2022-11-15 08:48:28,052 - INFO: global_step=1810, episodic_return=-400.4415283203125
2022-11-15 08:48:28,138 - INFO: global_step=2032, episodic_return=-748.2440795898438
2022-11-15 08:48:28,161 - INFO: global_step=2115, episodic_return=-144.24746704101562
2022-11-15 08:48:28,192 - INFO: global_step=2220, episodic_return=-294.962646484375
2022-11-15 08:48:28,204 - INFO: global_step=2276, episodic_return=-9.804801940917969
2022-11-15 08:48:28,221 - INFO: global_step=2344, episodic_return=-408.749267578125
2022-11-15 08:48:28,239 - INFO: global_step=2417, episodic_return=-101.83447265625
2022-11-15 08:48:28,260 - INFO: global_step=2497, episodic_return=-125.18782043457031
2022-11-15 08:48:28,344 - INFO: global_step=2718, episodic_return=-655.7946166992188
2022-11-15 08:48:28,365 - INFO: global_step=2796, episodic_return=-407.7693176269531
2022-11-15 08:48:28,385 - INFO: global_step=2876, episodic_return=-137.41139221191406
2022-11-15 08:48:28,401 - INFO: global_step=2934, episodic_return=-102.87403869628906
2022-11-15 08:48:28,424 - INFO: global_step=3011, episodic_return=-431.5508117675781
2022-11-15 08:48:28,452 - INFO: global_step=3109, episodic_return=-541.977294921875
2022-11-15 08:48:28,477 - INFO: global_step=3196, episodic_return=-430.3417663574219
2022-11-15 08:48:28,522 - INFO: global_step=3327, episodic_return=-483.815673828125
2022-11-15 08:48:28,554 - INFO: global_step=3441, episodic_return=-374.7675476074219
2022-11-15 08:48:28,586 - INFO: global_step=3533, episodic_return=-364.54852294921875
2022-11-15 08:48:28,613 - INFO: global_step=3620, episodic_return=-441.7030334472656
2022-11-15 08:48:28,635 - INFO: global_step=3704, episodic_return=-528.9261474609375
2022-11-15 08:48:28,666 - INFO: global_step=3802, episodic_return=-210.33941650390625
2022-11-15 08:48:28,686 - INFO: global_step=3881, episodic_return=5.8353729248046875
2022-11-15 08:48:28,702 - INFO: global_step=3943, episodic_return=-91.11325073242188
2022-11-15 08:48:28,715 - INFO: global_step=3997, episodic_return=-71.93647766113281
2022-11-15 08:48:28,740 - INFO: global_step=4083, episodic_return=-399.0262145996094
2022-11-15 08:48:28,775 - INFO: global_step=4201, episodic_return=-274.697265625
2022-11-15 08:48:28,798 - INFO: global_step=4297, episodic_return=-530.6298828125
2022-11-15 08:48:28,826 - INFO: global_step=4400, episodic_return=-187.67987060546875
2022-11-15 08:48:28,846 - INFO: global_step=4470, episodic_return=-459.7119140625
2022-11-15 08:48:28,879 - INFO: global_step=4535, episodic_return=-80.86750030517578
2022-11-15 08:48:28,905 - INFO: global_step=4626, episodic_return=-148.26141357421875
2022-11-15 08:48:28,929 - INFO: global_step=4714, episodic_return=-314.59185791015625
2022-11-15 08:48:28,946 - INFO: global_step=4773, episodic_return=-113.97362518310547
2022-11-15 08:48:28,969 - INFO: global_step=4847, episodic_return=-451.64825439453125
2022-11-15 08:48:28,993 - INFO: global_step=4931, episodic_return=-363.0690612792969
2022-11-15 08:48:29,020 - INFO: global_step=5023, episodic_return=-529.6578369140625
2022-11-15 08:48:29,048 - INFO: global_step=5110, episodic_return=-468.4098205566406
2022-11-15 08:48:29,070 - INFO: global_step=5192, episodic_return=-142.14024353027344
2022-11-15 08:48:29,088 - INFO: global_step=5257, episodic_return=-121.42474365234375
2022-11-15 08:48:29,118 - INFO: global_step=5360, episodic_return=-204.84024047851562
2022-11-15 08:48:29,138 - INFO: global_step=5431, episodic_return=-453.711669921875
2022-11-15 08:48:29,172 - INFO: global_step=5533, episodic_return=-570.5867919921875
2022-11-15 08:48:29,200 - INFO: global_step=5622, episodic_return=-527.3536376953125
2022-11-15 08:48:29,224 - INFO: global_step=5707, episodic_return=-595.9833374023438
2022-11-15 08:48:29,248 - INFO: global_step=5784, episodic_return=-501.5630187988281
2022-11-15 08:48:29,272 - INFO: global_step=5863, episodic_return=-214.12594604492188
2022-11-15 08:48:29,294 - INFO: global_step=5940, episodic_return=-123.30388641357422
2022-11-15 08:48:29,325 - INFO: global_step=6043, episodic_return=-135.4908905029297
2022-11-15 08:48:29,342 - INFO: global_step=6102, episodic_return=-81.91322326660156
2022-11-15 08:48:29,379 - INFO: global_step=6225, episodic_return=-446.96514892578125
2022-11-15 08:48:29,415 - INFO: global_step=6343, episodic_return=-455.2023620605469
2022-11-15 08:48:29,447 - INFO: global_step=6438, episodic_return=-459.1171569824219
2022-11-15 08:48:29,469 - INFO: global_step=6503, episodic_return=-101.86438751220703
2022-11-15 08:48:29,487 - INFO: global_step=6563, episodic_return=-135.2517852783203
2022-11-15 08:48:29,507 - INFO: global_step=6627, episodic_return=-34.77824401855469
2022-11-15 08:48:29,528 - INFO: global_step=6698, episodic_return=-508.8724060058594
2022-11-15 08:48:29,545 - INFO: global_step=6765, episodic_return=-126.54847717285156
2022-11-15 08:48:29,571 - INFO: global_step=6846, episodic_return=-567.678466796875
2022-11-15 08:48:29,602 - INFO: global_step=6927, episodic_return=64.05281066894531
2022-11-15 08:48:29,661 - INFO: global_step=7047, episodic_return=-568.1018676757812
2022-11-15 08:48:29,751 - INFO: global_step=7273, episodic_return=-834.324462890625
2022-11-15 08:48:29,774 - INFO: global_step=7350, episodic_return=-123.41120910644531
2022-11-15 08:48:29,799 - INFO: global_step=7427, episodic_return=-525.9462890625
2022-11-15 08:48:29,818 - INFO: global_step=7488, episodic_return=-89.1925048828125
2022-11-15 08:48:29,842 - INFO: global_step=7570, episodic_return=-519.3065185546875
2022-11-15 08:48:29,979 - INFO: global_step=7849, episodic_return=-1066.017578125
2022-11-15 08:48:30,074 - INFO: global_step=8034, episodic_return=-434.2791748046875
2022-11-15 08:48:30,094 - INFO: global_step=8091, episodic_return=-118.56982421875
2022-11-15 08:48:30,129 - INFO: global_step=8185, episodic_return=-443.9784851074219
2022-11-15 08:48:30,160 - INFO: global_step=8269, episodic_return=-582.0844116210938
2022-11-15 08:48:30,224 - INFO: global_step=8434, episodic_return=-601.0101318359375
2022-11-15 08:48:30,249 - INFO: global_step=8499, episodic_return=-124.01966857910156
2022-11-15 08:48:30,313 - INFO: global_step=8666, episodic_return=-722.35009765625
2022-11-15 08:48:30,335 - INFO: global_step=8723, episodic_return=-91.6048583984375
2022-11-15 08:48:30,386 - INFO: global_step=8853, episodic_return=-520.1700439453125
2022-11-15 08:48:30,438 - INFO: global_step=8981, episodic_return=-472.9441833496094
2022-11-15 08:48:30,474 - INFO: global_step=9077, episodic_return=-426.25164794921875
2022-11-15 08:48:30,495 - INFO: global_step=9141, episodic_return=-450.4332275390625
2022-11-15 08:48:30,522 - INFO: global_step=9219, episodic_return=-109.79695892333984
2022-11-15 08:48:30,551 - INFO: global_step=9299, episodic_return=-98.12067413330078
2022-11-15 08:48:30,609 - INFO: global_step=9437, episodic_return=-564.09912109375
2022-11-15 08:48:30,640 - INFO: global_step=9521, episodic_return=-397.3895263671875
2022-11-15 08:48:30,671 - INFO: global_step=9613, episodic_return=-550.2110595703125
2022-11-15 08:48:30,695 - INFO: global_step=9673, episodic_return=-123.45065307617188
2022-11-15 08:48:30,725 - INFO: global_step=9765, episodic_return=-412.89404296875
2022-11-15 08:48:30,767 - INFO: global_step=9860, episodic_return=-476.033935546875
2022-11-15 08:48:30,803 - INFO: global_step=9920, episodic_return=-106.2843017578125
2022-11-15 08:48:30,867 - INFO: global_step=10033, episodic_return=-547.8128051757812
2022-11-15 08:48:30,977 - INFO: global_step=10125, episodic_return=-542.90625
2022-11-15 08:48:31,044 - INFO: global_step=10213, episodic_return=-702.0297241210938
2022-11-15 08:48:31,106 - INFO: global_step=10294, episodic_return=-494.5420837402344
2022-11-15 08:48:31,148 - INFO: global_step=10357, episodic_return=-156.82606506347656
2022-11-15 08:48:31,185 - INFO: global_step=10422, episodic_return=-104.17431640625
2022-11-15 08:48:31,216 - INFO: global_step=10495, episodic_return=-120.37690734863281
2022-11-15 08:48:31,241 - INFO: global_step=10551, episodic_return=-92.1029052734375
2022-11-15 08:48:31,283 - INFO: global_step=10633, episodic_return=-134.54202270507812
2022-11-15 08:48:31,312 - INFO: global_step=10698, episodic_return=-150.13064575195312
2022-11-15 08:48:31,343 - INFO: global_step=10756, episodic_return=-112.67682647705078
2022-11-15 08:48:31,384 - INFO: global_step=10821, episodic_return=-105.49974822998047
2022-11-15 08:48:31,410 - INFO: global_step=10879, episodic_return=-100.71989440917969
2022-11-15 08:48:31,450 - INFO: global_step=10950, episodic_return=-104.03568267822266
2022-11-15 08:48:31,498 - INFO: global_step=11023, episodic_return=-162.57188415527344
2022-11-15 08:48:31,539 - INFO: global_step=11114, episodic_return=-347.8076171875
2022-11-15 08:48:31,568 - INFO: global_step=11173, episodic_return=-152.72988891601562
2022-11-15 08:48:31,623 - INFO: global_step=11277, episodic_return=-114.92061614990234
2022-11-15 08:48:31,669 - INFO: global_step=11349, episodic_return=-234.79347229003906
2022-11-15 08:48:31,715 - INFO: global_step=11436, episodic_return=-533.4461059570312
2022-11-15 08:48:31,753 - INFO: global_step=11512, episodic_return=-514.1914672851562
2022-11-15 08:48:31,778 - INFO: global_step=11568, episodic_return=-189.65496826171875
2022-11-15 08:48:31,969 - INFO: global_step=11873, episodic_return=-259.6365966796875
2022-11-15 08:48:32,069 - INFO: global_step=12020, episodic_return=-300.71929931640625
2022-11-15 08:48:32,193 - INFO: global_step=12210, episodic_return=-262.6577453613281
2022-11-15 08:48:32,254 - INFO: global_step=12327, episodic_return=-358.13714599609375
2022-11-15 08:48:32,281 - INFO: global_step=12386, episodic_return=-70.12825012207031
2022-11-15 08:48:32,340 - INFO: global_step=12509, episodic_return=-54.92303466796875
2022-11-15 08:48:32,392 - INFO: global_step=12609, episodic_return=-129.14706420898438
2022-11-15 08:48:32,460 - INFO: global_step=12743, episodic_return=-417.95159912109375
2022-11-15 08:48:32,512 - INFO: global_step=12836, episodic_return=-319.99395751953125
2022-11-15 08:48:32,602 - INFO: global_step=13003, episodic_return=-155.78515625
2022-11-15 08:48:32,703 - INFO: global_step=13190, episodic_return=-241.15560913085938
2022-11-15 08:48:32,902 - INFO: global_step=13479, episodic_return=-283.13214111328125
2022-11-15 08:48:32,945 - INFO: global_step=13569, episodic_return=-210.5455780029297
2022-11-15 08:48:33,023 - INFO: global_step=13714, episodic_return=-268.87127685546875
2022-11-15 08:48:33,685 - INFO: global_step=14283, episodic_return=-430.1622314453125
2022-11-15 08:48:34,439 - INFO: global_step=14877, episodic_return=-136.83047485351562
2022-11-15 08:48:34,641 - INFO: global_step=15164, episodic_return=-167.2222137451172
2022-11-15 08:48:34,757 - INFO: global_step=15350, episodic_return=-255.82095336914062
2022-11-15 08:48:34,870 - INFO: global_step=15539, episodic_return=-187.52191162109375
2022-11-15 08:48:34,976 - INFO: global_step=15714, episodic_return=-142.15087890625
2022-11-15 08:48:35,036 - INFO: global_step=15825, episodic_return=-182.28195190429688
2022-11-15 08:48:35,080 - INFO: global_step=15905, episodic_return=-150.46176147460938
2022-11-15 08:48:35,289 - INFO: global_step=16167, episodic_return=-190.17398071289062
2022-11-15 08:48:35,377 - INFO: global_step=16299, episodic_return=-89.53321075439453
2022-11-15 08:48:35,468 - INFO: global_step=16430, episodic_return=-233.9604034423828
2022-11-15 08:48:35,764 - INFO: global_step=16802, episodic_return=-289.77081298828125
2022-11-15 08:48:36,501 - INFO: global_step=17431, episodic_return=-278.0758056640625
2022-11-15 08:48:36,568 - INFO: global_step=17553, episodic_return=-543.2830810546875
2022-11-15 08:48:36,612 - INFO: global_step=17637, episodic_return=-458.7227478027344
2022-11-15 08:48:36,934 - INFO: global_step=17993, episodic_return=-250.33724975585938
2022-11-15 08:48:37,056 - INFO: global_step=18174, episodic_return=-215.68670654296875
2022-11-15 08:48:37,158 - INFO: global_step=18313, episodic_return=-131.2350311279297
2022-11-15 08:48:37,685 - INFO: global_step=18835, episodic_return=-160.16738891601562
2022-11-15 08:48:37,849 - INFO: global_step=19029, episodic_return=-186.84548950195312
2022-11-15 08:48:39,223 - INFO: global_step=20029, episodic_return=-109.05810546875
2022-11-15 08:48:39,578 - INFO: global_step=20384, episodic_return=-248.75177001953125
2022-11-15 08:48:39,675 - INFO: global_step=20542, episodic_return=-186.1205596923828
2022-11-15 08:48:39,741 - INFO: global_step=20655, episodic_return=-170.125
2022-11-15 08:48:39,812 - INFO: global_step=20765, episodic_return=-141.853515625
2022-11-15 08:48:41,098 - INFO: global_step=21727, episodic_return=-238.17483520507812
2022-11-15 08:48:41,336 - INFO: global_step=22019, episodic_return=-70.44375610351562
2022-11-15 08:48:41,688 - INFO: global_step=22367, episodic_return=-92.23815155029297
2022-11-15 08:48:42,943 - INFO: global_step=23367, episodic_return=-128.43960571289062
2022-11-15 08:48:43,010 - INFO: global_step=23483, episodic_return=-150.48464965820312
2022-11-15 08:48:43,252 - INFO: global_step=23784, episodic_return=-142.40408325195312
2022-11-15 08:48:44,677 - INFO: global_step=24784, episodic_return=-97.09778594970703
2022-11-15 08:48:44,814 - INFO: global_step=24950, episodic_return=-138.65591430664062
2022-11-15 08:48:45,018 - INFO: global_step=25212, episodic_return=-160.2899169921875
2022-11-15 08:48:46,103 - INFO: global_step=26212, episodic_return=-133.17071533203125
2022-11-15 08:48:47,199 - INFO: global_step=27212, episodic_return=-116.45366668701172
2022-11-15 08:48:47,467 - INFO: global_step=27505, episodic_return=-100.27005767822266
2022-11-15 08:48:47,724 - INFO: global_step=27811, episodic_return=-94.7181396484375
2022-11-15 08:48:48,155 - INFO: global_step=28199, episodic_return=-123.05631256103516
2022-11-15 08:48:49,364 - INFO: global_step=29199, episodic_return=-154.15975952148438
2022-11-15 08:48:51,892 - INFO: global_step=30199, episodic_return=-100.90128326416016
2022-11-15 08:48:52,051 - INFO: global_step=30401, episodic_return=-154.28509521484375
2022-11-15 08:48:52,265 - INFO: global_step=30627, episodic_return=-108.97625732421875
2022-11-15 08:48:52,519 - INFO: global_step=30880, episodic_return=-136.78656005859375
2022-11-15 08:48:52,708 - INFO: global_step=31114, episodic_return=-122.861083984375
2022-11-15 08:48:53,141 - INFO: global_step=31486, episodic_return=-144.14031982421875
2022-11-15 08:48:54,870 - INFO: global_step=32486, episodic_return=-119.15960693359375
2022-11-15 08:48:55,350 - INFO: global_step=32940, episodic_return=-11.973548889160156
2022-11-15 08:48:55,527 - INFO: global_step=33199, episodic_return=-342.1296081542969
2022-11-15 08:48:56,041 - INFO: global_step=33685, episodic_return=-367.2314147949219
2022-11-15 08:48:57,603 - INFO: global_step=34685, episodic_return=-142.71630859375
2022-11-15 08:48:59,004 - INFO: global_step=35685, episodic_return=-111.2409896850586
2022-11-15 08:49:01,241 - INFO: global_step=36685, episodic_return=-128.8070526123047
2022-11-15 08:49:03,069 - INFO: global_step=37685, episodic_return=-135.2523193359375
2022-11-15 08:49:04,936 - INFO: global_step=38685, episodic_return=-113.39142608642578
2022-11-15 08:49:07,431 - INFO: global_step=39685, episodic_return=-130.32713317871094
2022-11-15 08:49:09,014 - INFO: global_step=40685, episodic_return=-181.4062957763672
2022-11-15 08:49:10,697 - INFO: global_step=41685, episodic_return=-159.68833923339844
2022-11-15 08:49:12,468 - INFO: global_step=42685, episodic_return=-136.03134155273438
2022-11-15 08:49:12,701 - INFO: global_step=42964, episodic_return=-260.156005859375
2022-11-15 08:49:14,819 - INFO: global_step=43964, episodic_return=-137.7850341796875
2022-11-15 08:49:14,888 - INFO: global_step=44075, episodic_return=-424.6283874511719
2022-11-15 08:49:16,649 - INFO: global_step=45075, episodic_return=-123.24281311035156
2022-11-15 08:49:18,696 - INFO: global_step=46075, episodic_return=-97.08486938476562
2022-11-15 08:49:20,972 - INFO: global_step=47075, episodic_return=-144.36717224121094
2022-11-15 08:49:23,384 - INFO: global_step=48075, episodic_return=-134.31178283691406
2022-11-15 08:49:23,551 - INFO: global_step=48295, episodic_return=-217.99710083007812
2022-11-15 08:49:25,982 - INFO: global_step=49295, episodic_return=-120.685546875
2022-11-15 08:49:26,132 - INFO: global_step=49498, episodic_return=-318.248046875
2022-11-15 08:49:26,311 - INFO: global_step=49715, episodic_return=-295.80694580078125
2022-11-15 08:49:26,525 - INFO: global_step=49965, episodic_return=-202.82044982910156
2022-11-15 08:49:26,638 - INFO: global_step=50110, episodic_return=-193.5498809814453
2022-11-15 08:49:26,843 - INFO: global_step=50366, episodic_return=-322.9443664550781
2022-11-15 08:49:27,209 - INFO: global_step=50687, episodic_return=-218.46505737304688
2022-11-15 08:49:27,522 - INFO: global_step=50997, episodic_return=-41.114898681640625
2022-11-15 08:49:29,286 - INFO: global_step=51997, episodic_return=-101.93180847167969
2022-11-15 08:49:30,614 - INFO: global_step=52997, episodic_return=-114.65054321289062
2022-11-15 08:49:32,217 - INFO: global_step=53997, episodic_return=-147.357666015625
2022-11-15 08:49:33,732 - INFO: global_step=54997, episodic_return=-83.96842193603516
2022-11-15 08:49:35,389 - INFO: global_step=55997, episodic_return=-122.18144226074219
2022-11-15 08:49:37,272 - INFO: global_step=56997, episodic_return=-103.60790252685547
2022-11-15 08:49:39,068 - INFO: global_step=57997, episodic_return=-100.9720687866211
2022-11-15 08:49:39,755 - INFO: global_step=58549, episodic_return=-104.36042022705078
2022-11-15 08:49:41,527 - INFO: global_step=59513, episodic_return=-292.7717590332031
2022-11-15 08:49:41,748 - INFO: global_step=59771, episodic_return=-109.6558837890625
2022-11-15 08:49:41,886 - INFO: global_step=59955, episodic_return=-243.09019470214844
2022-11-15 08:49:44,494 - INFO: global_step=60955, episodic_return=-125.25668334960938
2022-11-15 08:49:44,678 - INFO: global_step=61215, episodic_return=-98.8740234375
2022-11-15 08:49:46,440 - INFO: global_step=62215, episodic_return=-109.663330078125
2022-11-15 08:49:48,584 - INFO: global_step=63215, episodic_return=-23.776350021362305
2022-11-15 08:49:48,929 - INFO: global_step=63534, episodic_return=-14.989067077636719
2022-11-15 08:49:50,223 - INFO: global_step=64534, episodic_return=-63.718292236328125
2022-11-15 08:49:51,593 - INFO: global_step=65386, episodic_return=101.9835205078125
2022-11-15 08:49:51,873 - INFO: global_step=65662, episodic_return=-180.030517578125
2022-11-15 08:49:52,313 - INFO: global_step=66101, episodic_return=-234.77024841308594
2022-11-15 08:49:52,532 - INFO: global_step=66372, episodic_return=6.1868896484375
2022-11-15 08:49:52,764 - INFO: global_step=66622, episodic_return=-37.06789779663086
2022-11-15 08:49:52,955 - INFO: global_step=66817, episodic_return=-300.55902099609375
2022-11-15 08:49:53,093 - INFO: global_step=66995, episodic_return=-31.92236328125
2022-11-15 08:49:54,659 - INFO: global_step=67924, episodic_return=130.78504943847656
2022-11-15 08:49:55,362 - INFO: global_step=68525, episodic_return=-170.87979125976562
2022-11-15 08:49:55,577 - INFO: global_step=68792, episodic_return=-125.27176666259766
2022-11-15 08:49:57,311 - INFO: global_step=69792, episodic_return=-113.33881378173828
2022-11-15 08:49:58,813 - INFO: global_step=70792, episodic_return=-95.22940826416016
2022-11-15 08:49:59,300 - INFO: global_step=71301, episodic_return=-126.486572265625
2022-11-15 08:49:59,760 - INFO: global_step=71818, episodic_return=-125.54287719726562
2022-11-15 08:50:00,132 - INFO: global_step=72265, episodic_return=-137.94680786132812
2022-11-15 08:50:01,813 - INFO: global_step=73265, episodic_return=-111.37496948242188
2022-11-15 08:50:03,346 - INFO: global_step=74265, episodic_return=-91.70806121826172
2022-11-15 08:50:04,739 - INFO: global_step=75265, episodic_return=-76.94747924804688
2022-11-15 08:50:06,118 - INFO: global_step=76265, episodic_return=-101.60990905761719
2022-11-15 08:50:07,549 - INFO: global_step=77265, episodic_return=-109.80583953857422
2022-11-15 08:50:09,309 - INFO: global_step=78265, episodic_return=-142.42041015625
2022-11-15 08:50:10,852 - INFO: global_step=79265, episodic_return=-118.78284454345703
2022-11-15 08:50:12,396 - INFO: global_step=80265, episodic_return=-69.93968963623047
2022-11-15 08:50:13,924 - INFO: global_step=81265, episodic_return=-110.57266998291016
2022-11-15 08:50:15,216 - INFO: global_step=82247, episodic_return=-232.7666015625
2022-11-15 08:50:16,380 - INFO: global_step=83247, episodic_return=-35.408687591552734
2022-11-15 08:50:18,286 - INFO: global_step=84247, episodic_return=-122.30543518066406
2022-11-15 08:50:20,322 - INFO: global_step=85247, episodic_return=-120.26766204833984
2022-11-15 08:50:22,673 - INFO: global_step=86247, episodic_return=-126.97496795654297
2022-11-15 08:50:23,906 - INFO: global_step=87247, episodic_return=-90.8696517944336
2022-11-15 08:50:25,012 - INFO: global_step=88247, episodic_return=-99.55520629882812
2022-11-15 08:50:26,682 - INFO: global_step=89247, episodic_return=-153.75521850585938
2022-11-15 08:50:28,102 - INFO: global_step=90247, episodic_return=-95.84611511230469
2022-11-15 08:50:30,017 - INFO: global_step=91247, episodic_return=-120.46688079833984
2022-11-15 08:50:31,440 - INFO: global_step=92247, episodic_return=-120.45135498046875
2022-11-15 08:50:32,650 - INFO: global_step=93247, episodic_return=-88.86761474609375
2022-11-15 08:50:34,438 - INFO: global_step=94247, episodic_return=-109.43954467773438
2022-11-15 08:50:36,065 - INFO: global_step=95247, episodic_return=-100.15016174316406
2022-11-15 08:50:37,543 - INFO: global_step=96247, episodic_return=-82.17233276367188
2022-11-15 08:50:39,518 - INFO: global_step=97247, episodic_return=-108.75375366210938
2022-11-15 08:50:41,368 - INFO: global_step=98247, episodic_return=-57.763118743896484
2022-11-15 08:50:43,808 - INFO: global_step=99247, episodic_return=-69.02748107910156
2022-11-15 08:50:44,298 - INFO: global_step=99644, episodic_return=-233.2310028076172
2022-11-15 08:50:45,792 - INFO: global_step=100644, episodic_return=-42.689979553222656
2022-11-15 08:50:47,638 - INFO: global_step=101644, episodic_return=-33.908416748046875
2022-11-15 08:50:49,293 - INFO: global_step=102644, episodic_return=-93.19630432128906
2022-11-15 08:50:51,633 - INFO: global_step=103644, episodic_return=-94.04425811767578
2022-11-15 08:50:53,793 - INFO: global_step=104644, episodic_return=-64.86041259765625
2022-11-15 08:50:55,510 - INFO: global_step=105644, episodic_return=-108.0732192993164
2022-11-15 08:50:57,013 - INFO: global_step=106644, episodic_return=-95.73435974121094
2022-11-15 08:50:57,340 - INFO: global_step=106998, episodic_return=-414.6353759765625
2022-11-15 08:50:59,512 - INFO: global_step=107998, episodic_return=-76.67074584960938
2022-11-15 08:51:01,137 - INFO: global_step=108998, episodic_return=-61.5151252746582
2022-11-15 08:51:03,788 - INFO: global_step=109998, episodic_return=-124.91819763183594
2022-11-15 08:51:05,322 - INFO: global_step=110998, episodic_return=-103.52216339111328
2022-11-15 08:51:06,805 - INFO: global_step=111998, episodic_return=-59.14531326293945
2022-11-15 08:51:08,146 - INFO: global_step=112998, episodic_return=-59.09488296508789
2022-11-15 08:51:09,835 - INFO: global_step=113998, episodic_return=-52.44588851928711
2022-11-15 08:51:11,997 - INFO: global_step=114998, episodic_return=-91.35881805419922
2022-11-15 08:51:13,818 - INFO: global_step=115998, episodic_return=-22.144786834716797
2022-11-15 08:51:15,603 - INFO: global_step=116998, episodic_return=-50.992218017578125
2022-11-15 08:51:16,917 - INFO: global_step=117998, episodic_return=-115.19178009033203
2022-11-15 08:51:18,416 - INFO: global_step=118998, episodic_return=-22.418834686279297
2022-11-15 08:51:20,468 - INFO: global_step=119998, episodic_return=-47.99687957763672
2022-11-15 08:51:22,359 - INFO: global_step=120998, episodic_return=-92.30130004882812
2022-11-15 08:51:23,692 - INFO: global_step=121998, episodic_return=-97.9040298461914
2022-11-15 08:51:26,085 - INFO: global_step=122998, episodic_return=-118.41756439208984
2022-11-15 08:51:27,534 - INFO: global_step=123998, episodic_return=-63.533836364746094
2022-11-15 08:51:29,481 - INFO: global_step=124998, episodic_return=-120.86609649658203
2022-11-15 08:51:31,059 - INFO: global_step=125998, episodic_return=-110.25894927978516
2022-11-15 08:51:32,567 - INFO: global_step=126998, episodic_return=-103.38226318359375
2022-11-15 08:51:34,338 - INFO: global_step=127998, episodic_return=-109.08042907714844
2022-11-15 08:51:36,132 - INFO: global_step=128998, episodic_return=-107.05458068847656
2022-11-15 08:51:37,880 - INFO: global_step=129998, episodic_return=-118.60572052001953
2022-11-15 08:51:39,972 - INFO: global_step=130998, episodic_return=-102.05009460449219
2022-11-15 08:51:41,626 - INFO: global_step=131998, episodic_return=-72.34699249267578
2022-11-15 08:51:42,005 - INFO: global_step=132416, episodic_return=-12.7724609375
2022-11-15 08:51:42,530 - INFO: global_step=132894, episodic_return=-94.37464904785156
2022-11-15 08:51:43,321 - INFO: global_step=133539, episodic_return=247.92529296875
2022-11-15 08:51:45,415 - INFO: global_step=134539, episodic_return=-119.09769439697266
2022-11-15 08:51:47,379 - INFO: global_step=135539, episodic_return=-81.03417205810547
2022-11-15 08:51:47,674 - INFO: global_step=135838, episodic_return=22.99358367919922
2022-11-15 08:51:49,710 - INFO: global_step=136838, episodic_return=-78.11210632324219
2022-11-15 08:51:50,507 - INFO: global_step=137466, episodic_return=-240.078125
2022-11-15 08:51:51,394 - INFO: global_step=137894, episodic_return=-44.65806579589844
2022-11-15 08:51:52,213 - INFO: global_step=138204, episodic_return=-104.6366195678711
2022-11-15 08:51:53,991 - INFO: global_step=139204, episodic_return=-97.4484634399414
2022-11-15 08:51:54,199 - INFO: global_step=139454, episodic_return=-17.12580108642578
2022-11-15 08:51:55,030 - INFO: global_step=140080, episodic_return=186.84451293945312
2022-11-15 08:51:56,588 - INFO: global_step=141080, episodic_return=-75.3236312866211
2022-11-15 08:51:58,081 - INFO: global_step=142080, episodic_return=-108.07653045654297
2022-11-15 08:51:59,658 - INFO: global_step=143080, episodic_return=-89.32830047607422
2022-11-15 08:52:01,692 - INFO: global_step=144080, episodic_return=-85.27734375
2022-11-15 08:52:01,952 - INFO: global_step=144357, episodic_return=-160.59567260742188
2022-11-15 08:52:02,187 - INFO: global_step=144641, episodic_return=-158.0878143310547
2022-11-15 08:52:02,753 - INFO: global_step=145139, episodic_return=-241.29400634765625
2022-11-15 08:52:03,165 - INFO: global_step=145462, episodic_return=-50.55510330200195
2022-11-15 08:52:04,475 - INFO: global_step=146453, episodic_return=-263.34979248046875
2022-11-15 08:52:06,060 - INFO: global_step=147453, episodic_return=-85.30772399902344
2022-11-15 08:52:07,435 - INFO: global_step=148453, episodic_return=-92.48528289794922
2022-11-15 08:52:08,847 - INFO: global_step=149453, episodic_return=-107.59259796142578
2022-11-15 08:52:10,247 - INFO: global_step=150453, episodic_return=-108.00465393066406
2022-11-15 08:52:11,876 - INFO: global_step=151453, episodic_return=-117.71797943115234
2022-11-15 08:52:13,419 - INFO: global_step=152453, episodic_return=-39.784706115722656
2022-11-15 08:52:14,945 - INFO: global_step=153453, episodic_return=-37.77821350097656
2022-11-15 08:52:16,411 - INFO: global_step=154453, episodic_return=-78.48165130615234
2022-11-15 08:52:18,280 - INFO: global_step=155453, episodic_return=-74.1138687133789
2022-11-15 08:52:19,710 - INFO: global_step=156453, episodic_return=-111.98200225830078
2022-11-15 08:52:21,604 - INFO: global_step=157453, episodic_return=41.37360763549805
2022-11-15 08:52:23,009 - INFO: global_step=158453, episodic_return=-72.3075942993164
2022-11-15 08:52:24,647 - INFO: global_step=159453, episodic_return=-11.350141525268555
2022-11-15 08:52:27,199 - INFO: global_step=160453, episodic_return=7.650951385498047
2022-11-15 08:52:28,924 - INFO: global_step=161453, episodic_return=-16.720619201660156
2022-11-15 08:52:30,838 - INFO: global_step=162453, episodic_return=-4.471322536468506
2022-11-15 08:52:32,619 - INFO: global_step=163453, episodic_return=-57.86259841918945
2022-11-15 08:52:34,614 - INFO: global_step=164453, episodic_return=9.763501167297363
2022-11-15 08:52:35,956 - INFO: global_step=165453, episodic_return=-72.78882598876953
2022-11-15 08:52:37,837 - INFO: global_step=166453, episodic_return=-56.52098846435547
2022-11-15 08:52:40,003 - INFO: global_step=167453, episodic_return=6.111844539642334
2022-11-15 08:52:41,493 - INFO: global_step=168453, episodic_return=34.42755126953125
2022-11-15 08:52:41,681 - INFO: global_step=168697, episodic_return=-163.6963653564453
2022-11-15 08:52:44,180 - INFO: global_step=169697, episodic_return=-37.502506256103516
2022-11-15 08:52:44,537 - INFO: global_step=170055, episodic_return=273.51751708984375
2022-11-15 08:52:45,850 - INFO: global_step=171055, episodic_return=54.386539459228516
2022-11-15 08:52:47,757 - INFO: global_step=172055, episodic_return=-7.523703098297119
2022-11-15 08:52:49,523 - INFO: global_step=173055, episodic_return=-45.023521423339844
2022-11-15 08:52:51,512 - INFO: global_step=174055, episodic_return=-96.49535369873047
2022-11-15 08:52:52,656 - INFO: global_step=174968, episodic_return=196.03050231933594
2022-11-15 08:52:54,236 - INFO: global_step=175968, episodic_return=-61.33432388305664
2022-11-15 08:52:55,950 - INFO: global_step=176968, episodic_return=-69.53522491455078
2022-11-15 08:52:56,602 - INFO: global_step=177516, episodic_return=246.1337432861328
2022-11-15 08:52:58,233 - INFO: global_step=178516, episodic_return=35.68642044067383
2022-11-15 08:53:00,375 - INFO: global_step=179516, episodic_return=-9.576359748840332
2022-11-15 08:53:02,033 - INFO: global_step=180516, episodic_return=-23.501588821411133
2022-11-15 08:53:03,958 - INFO: global_step=181516, episodic_return=-50.210079193115234
2022-11-15 08:53:05,587 - INFO: global_step=182516, episodic_return=35.88841247558594
2022-11-15 08:53:07,067 - INFO: global_step=183516, episodic_return=-11.755325317382812
2022-11-15 08:53:08,942 - INFO: global_step=184516, episodic_return=-46.18144226074219
2022-11-15 08:53:10,364 - INFO: global_step=185516, episodic_return=6.641251564025879
2022-11-15 08:53:12,579 - INFO: global_step=186516, episodic_return=-9.382213592529297
2022-11-15 08:53:14,470 - INFO: global_step=187516, episodic_return=38.83914566040039
2022-11-15 08:53:15,873 - INFO: global_step=188384, episodic_return=193.22219848632812
2022-11-15 08:53:17,239 - INFO: global_step=189384, episodic_return=3.2093355655670166
2022-11-15 08:53:18,641 - INFO: global_step=190255, episodic_return=90.54240417480469
2022-11-15 08:53:20,400 - INFO: global_step=191255, episodic_return=-24.475265502929688
2022-11-15 08:53:22,413 - INFO: global_step=192255, episodic_return=55.683963775634766
2022-11-15 08:53:23,094 - INFO: global_step=192807, episodic_return=169.00682067871094
2022-11-15 08:53:24,866 - INFO: global_step=193807, episodic_return=114.37872314453125
2022-11-15 08:53:25,030 - INFO: global_step=194025, episodic_return=-50.562583923339844
2022-11-15 08:53:25,087 - INFO: global_step=194120, episodic_return=-35.35918426513672
2022-11-15 08:53:25,180 - INFO: global_step=194216, episodic_return=18.690155029296875
2022-11-15 08:53:27,003 - INFO: global_step=195049, episodic_return=118.43765258789062
2022-11-15 08:53:28,457 - INFO: global_step=196049, episodic_return=80.3921127319336
2022-11-15 08:53:29,333 - INFO: global_step=196682, episodic_return=-137.2230224609375
2022-11-15 08:53:31,612 - INFO: global_step=197682, episodic_return=-66.2188720703125
2022-11-15 08:53:33,144 - INFO: global_step=198682, episodic_return=13.665258407592773
2022-11-15 08:53:33,255 - INFO: global_step=198835, episodic_return=-86.72796630859375
2022-11-15 08:53:33,342 - INFO: global_step=198957, episodic_return=-111.86302947998047
2022-11-15 08:53:34,767 - INFO: global_step=199957, episodic_return=101.1225814819336
2022-11-15 08:53:36,603 - INFO: global_step=200957, episodic_return=3.6666574478149414
2022-11-15 08:53:36,675 - INFO: global_step=201080, episodic_return=-23.882911682128906
2022-11-15 08:53:36,811 - INFO: global_step=201287, episodic_return=18.283287048339844
2022-11-15 08:53:36,957 - INFO: global_step=201504, episodic_return=-44.900001525878906
2022-11-15 08:53:37,345 - INFO: global_step=201918, episodic_return=-39.40861129760742
2022-11-15 08:53:38,698 - INFO: global_step=202918, episodic_return=6.592532634735107
2022-11-15 08:53:40,669 - INFO: global_step=203918, episodic_return=-56.62259292602539
2022-11-15 08:53:42,026 - INFO: global_step=204918, episodic_return=-54.665008544921875
2022-11-15 08:53:43,178 - INFO: global_step=205918, episodic_return=-40.98125457763672
2022-11-15 08:53:44,793 - INFO: global_step=206918, episodic_return=-54.842342376708984
2022-11-15 08:53:45,075 - INFO: global_step=207200, episodic_return=-20.79187774658203
2022-11-15 08:53:46,510 - INFO: global_step=208200, episodic_return=-93.12641906738281
2022-11-15 08:53:47,793 - INFO: global_step=209200, episodic_return=-63.98610305786133
2022-11-15 08:53:49,739 - INFO: global_step=210200, episodic_return=-26.875503540039062
2022-11-15 08:53:51,839 - INFO: global_step=211200, episodic_return=-74.21383666992188
2022-11-15 08:53:54,021 - INFO: global_step=212200, episodic_return=-48.49471664428711
2022-11-15 08:53:55,630 - INFO: global_step=213200, episodic_return=-86.23040771484375
2022-11-15 08:53:56,990 - INFO: global_step=214200, episodic_return=-1.1381027698516846
2022-11-15 08:53:58,804 - INFO: global_step=215200, episodic_return=-5.425600528717041
2022-11-15 08:54:00,170 - INFO: global_step=216200, episodic_return=-27.04523277282715
2022-11-15 08:54:01,392 - INFO: global_step=217200, episodic_return=-47.1552848815918
2022-11-15 08:54:03,811 - INFO: global_step=218200, episodic_return=-51.82917785644531
2022-11-15 08:54:05,707 - INFO: global_step=219200, episodic_return=-0.8756988048553467
2022-11-15 08:54:06,721 - INFO: global_step=220200, episodic_return=-65.13182067871094
2022-11-15 08:54:08,292 - INFO: global_step=221200, episodic_return=-57.33477020263672
2022-11-15 08:54:08,486 - INFO: global_step=221425, episodic_return=-89.31756591796875
2022-11-15 08:54:08,651 - INFO: global_step=221596, episodic_return=-73.1309814453125
2022-11-15 08:54:10,739 - INFO: global_step=222596, episodic_return=-20.60242462158203
2022-11-15 08:54:12,666 - INFO: global_step=223596, episodic_return=-83.50506591796875
2022-11-15 08:54:14,232 - INFO: global_step=224596, episodic_return=-35.31593322753906
2022-11-15 08:54:16,236 - INFO: global_step=225498, episodic_return=-327.9835205078125
2022-11-15 08:54:18,923 - INFO: global_step=226498, episodic_return=-75.81548309326172
2022-11-15 08:54:19,478 - INFO: global_step=226968, episodic_return=-175.73046875
2022-11-15 08:54:20,738 - INFO: global_step=227968, episodic_return=-94.16880798339844
2022-11-15 08:54:22,209 - INFO: global_step=228968, episodic_return=-64.97417449951172
2022-11-15 08:54:23,389 - INFO: global_step=229968, episodic_return=-55.831417083740234
2022-11-15 08:54:25,117 - INFO: global_step=230968, episodic_return=-86.55873107910156
2022-11-15 08:54:26,806 - INFO: global_step=231968, episodic_return=-89.03045654296875
2022-11-15 08:54:29,160 - INFO: global_step=232968, episodic_return=-86.22301483154297
2022-11-15 08:54:30,750 - INFO: global_step=233968, episodic_return=-64.06558990478516
2022-11-15 08:54:32,709 - INFO: global_step=234968, episodic_return=-92.55709838867188
2022-11-15 08:54:34,868 - INFO: global_step=235968, episodic_return=-84.68468475341797
2022-11-15 08:54:36,378 - INFO: global_step=236968, episodic_return=-65.22644805908203
2022-11-15 08:54:38,128 - INFO: global_step=237968, episodic_return=-39.14616775512695
2022-11-15 08:54:39,639 - INFO: global_step=238968, episodic_return=-83.99763488769531
2022-11-15 08:54:40,926 - INFO: global_step=239968, episodic_return=-55.89676284790039
2022-11-15 08:54:42,629 - INFO: global_step=240968, episodic_return=-63.162010192871094
2022-11-15 08:54:44,537 - INFO: global_step=241968, episodic_return=-28.70970344543457
2022-11-15 08:54:45,788 - INFO: global_step=242968, episodic_return=-65.24935913085938
2022-11-15 08:54:47,717 - INFO: global_step=243968, episodic_return=-74.4075698852539
2022-11-15 08:54:49,183 - INFO: global_step=244968, episodic_return=-36.78959655761719
2022-11-15 08:54:51,774 - INFO: global_step=245968, episodic_return=-112.1681137084961
2022-11-15 08:54:54,350 - INFO: global_step=246968, episodic_return=-112.37283325195312
2022-11-15 08:54:55,596 - INFO: global_step=247968, episodic_return=-45.3329963684082
2022-11-15 08:54:57,546 - INFO: global_step=248968, episodic_return=-97.3726577758789
2022-11-15 08:54:57,673 - INFO: global_step=249162, episodic_return=-46.17679977416992
2022-11-15 08:54:59,331 - INFO: global_step=250162, episodic_return=-75.08511352539062
2022-11-15 08:54:59,595 - INFO: global_step=250481, episodic_return=-109.10733032226562
2022-11-15 08:54:59,894 - INFO: global_step=250837, episodic_return=-196.7204132080078
2022-11-15 08:55:00,941 - INFO: global_step=251837, episodic_return=-110.2300033569336
2022-11-15 08:55:01,091 - INFO: global_step=252039, episodic_return=19.08251190185547
2022-11-15 08:55:02,514 - INFO: global_step=253039, episodic_return=-15.181327819824219
2022-11-15 08:55:03,768 - INFO: global_step=254039, episodic_return=-18.665023803710938
2022-11-15 08:55:05,491 - INFO: global_step=255039, episodic_return=-52.179107666015625
2022-11-15 08:55:06,742 - INFO: global_step=256039, episodic_return=-60.6341552734375
2022-11-15 08:55:08,873 - INFO: global_step=257039, episodic_return=-46.20780944824219
2022-11-15 08:55:10,477 - INFO: global_step=258039, episodic_return=-105.50177764892578
2022-11-15 08:55:11,858 - INFO: global_step=259039, episodic_return=-101.71967315673828
2022-11-15 08:55:12,170 - INFO: global_step=259396, episodic_return=-143.98501586914062
2022-11-15 08:55:13,637 - INFO: global_step=260396, episodic_return=12.252007484436035
2022-11-15 08:55:15,260 - INFO: global_step=261396, episodic_return=-73.01158905029297
2022-11-15 08:55:16,657 - INFO: global_step=262396, episodic_return=-90.69575500488281
2022-11-15 08:55:18,500 - INFO: global_step=263396, episodic_return=-28.687910079956055
2022-11-15 08:55:20,377 - INFO: global_step=264396, episodic_return=-93.1075210571289
2022-11-15 08:55:22,026 - INFO: global_step=265396, episodic_return=-55.879615783691406
2022-11-15 08:55:23,529 - INFO: global_step=266396, episodic_return=-65.22682189941406
2022-11-15 08:55:24,870 - INFO: global_step=267396, episodic_return=-71.66941833496094
2022-11-15 08:55:25,979 - INFO: global_step=268396, episodic_return=-57.81162643432617
2022-11-15 08:55:27,661 - INFO: global_step=269396, episodic_return=-53.18657302856445
2022-11-15 08:55:29,250 - INFO: global_step=270396, episodic_return=-103.433837890625
2022-11-15 08:55:30,429 - INFO: global_step=271396, episodic_return=-75.79102325439453
2022-11-15 08:55:31,468 - INFO: global_step=272396, episodic_return=-98.41631317138672
2022-11-15 08:55:32,675 - INFO: global_step=273396, episodic_return=-69.06697082519531
2022-11-15 08:55:34,100 - INFO: global_step=274396, episodic_return=-130.66482543945312
2022-11-15 08:55:35,285 - INFO: global_step=275396, episodic_return=-64.33383178710938
2022-11-15 08:55:35,419 - INFO: global_step=275599, episodic_return=-77.62333679199219
2022-11-15 08:55:36,957 - INFO: global_step=276599, episodic_return=-90.6243896484375
2022-11-15 08:55:37,099 - INFO: global_step=276804, episodic_return=-85.57067108154297
2022-11-15 08:55:37,816 - INFO: global_step=277513, episodic_return=-182.78921508789062
2022-11-15 08:55:38,000 - INFO: global_step=277748, episodic_return=-103.75650787353516
2022-11-15 08:55:39,266 - INFO: global_step=278748, episodic_return=-101.51364135742188
2022-11-15 08:55:40,708 - INFO: global_step=279748, episodic_return=-61.20547103881836
2022-11-15 08:55:40,877 - INFO: global_step=279969, episodic_return=-120.64163208007812
2022-11-15 08:55:42,795 - INFO: global_step=280969, episodic_return=-146.1748504638672
2022-11-15 08:55:44,066 - INFO: global_step=281969, episodic_return=-109.49358367919922
2022-11-15 08:55:45,823 - INFO: global_step=282969, episodic_return=-24.59952735900879
2022-11-15 08:55:47,287 - INFO: global_step=283969, episodic_return=-130.9108123779297
2022-11-15 08:55:47,424 - INFO: global_step=284145, episodic_return=-106.17208099365234
2022-11-15 08:55:47,672 - INFO: global_step=284448, episodic_return=-74.98098754882812
2022-11-15 08:55:47,888 - INFO: global_step=284695, episodic_return=-96.48750305175781
2022-11-15 08:55:48,082 - INFO: global_step=284911, episodic_return=-85.35591888427734
2022-11-15 08:55:49,981 - INFO: global_step=285911, episodic_return=-81.78057098388672
2022-11-15 08:55:50,099 - INFO: global_step=286069, episodic_return=-76.70977783203125
2022-11-15 08:55:50,282 - INFO: global_step=286250, episodic_return=-110.82015228271484
2022-11-15 08:55:52,140 - INFO: global_step=287250, episodic_return=-99.59317779541016
2022-11-15 08:55:52,594 - INFO: global_step=287723, episodic_return=-119.49559783935547
2022-11-15 08:55:54,021 - INFO: global_step=288723, episodic_return=-124.15935516357422
2022-11-15 08:55:55,732 - INFO: global_step=289723, episodic_return=-130.94276428222656
2022-11-15 08:55:57,555 - INFO: global_step=290723, episodic_return=-127.79024505615234
2022-11-15 08:55:59,567 - INFO: global_step=291723, episodic_return=-93.84371185302734
2022-11-15 08:56:01,615 - INFO: global_step=292723, episodic_return=-87.73282623291016
2022-11-15 08:56:03,260 - INFO: global_step=293723, episodic_return=-150.14743041992188
2022-11-15 08:56:04,648 - INFO: global_step=294723, episodic_return=-63.311275482177734
2022-11-15 08:56:06,317 - INFO: global_step=295723, episodic_return=-82.05229949951172
2022-11-15 08:56:07,762 - INFO: global_step=296723, episodic_return=-96.29838562011719
2022-11-15 08:56:07,882 - INFO: global_step=296912, episodic_return=-76.65185546875
2022-11-15 08:56:09,174 - INFO: global_step=297912, episodic_return=-150.26966857910156
2022-11-15 08:56:10,349 - INFO: global_step=298912, episodic_return=-88.59593200683594
2022-11-15 08:56:11,952 - INFO: global_step=299912, episodic_return=-131.39866638183594
2022-11-15 08:56:13,326 - INFO: global_step=300912, episodic_return=-120.32780456542969
2022-11-15 08:56:15,520 - INFO: global_step=301912, episodic_return=-101.70195770263672
2022-11-15 08:56:16,369 - INFO: global_step=302600, episodic_return=265.5624084472656
2022-11-15 08:56:17,549 - INFO: global_step=303576, episodic_return=-181.26947021484375
2022-11-15 08:56:19,390 - INFO: global_step=304576, episodic_return=-43.453304290771484
2022-11-15 08:56:21,234 - INFO: global_step=305576, episodic_return=-82.03756713867188
2022-11-15 08:56:23,380 - INFO: global_step=306576, episodic_return=-32.876338958740234
2022-11-15 08:56:24,531 - INFO: global_step=307576, episodic_return=-49.12449264526367
2022-11-15 08:56:25,880 - INFO: global_step=308576, episodic_return=-37.09640884399414
2022-11-15 08:56:27,716 - INFO: global_step=309576, episodic_return=-31.506750106811523
2022-11-15 08:56:29,893 - INFO: global_step=310576, episodic_return=-41.41512680053711
2022-11-15 08:56:31,228 - INFO: global_step=311576, episodic_return=7.03860330581665
2022-11-15 08:56:33,269 - INFO: global_step=312576, episodic_return=-65.53438568115234
2022-11-15 08:56:35,259 - INFO: global_step=313576, episodic_return=-33.349178314208984
2022-11-15 08:56:37,019 - INFO: global_step=314576, episodic_return=-48.114994049072266
2022-11-15 08:56:38,550 - INFO: global_step=315576, episodic_return=-47.88591384887695
2022-11-15 08:56:40,187 - INFO: global_step=316576, episodic_return=-87.13600158691406
2022-11-15 08:56:41,925 - INFO: global_step=317576, episodic_return=-70.50624084472656
2022-11-15 08:56:43,284 - INFO: global_step=318576, episodic_return=-72.92356872558594
2022-11-15 08:56:43,538 - INFO: global_step=318858, episodic_return=0.8149566650390625
2022-11-15 08:56:45,376 - INFO: global_step=319858, episodic_return=-53.21276092529297
2022-11-15 08:56:46,714 - INFO: global_step=320858, episodic_return=-18.02109718322754
2022-11-15 08:56:48,282 - INFO: global_step=321858, episodic_return=-56.95646667480469
2022-11-15 08:56:49,668 - INFO: global_step=322858, episodic_return=-63.86119842529297
2022-11-15 08:56:52,336 - INFO: global_step=323858, episodic_return=-59.39929962158203
2022-11-15 08:56:54,647 - INFO: global_step=324858, episodic_return=-96.68919372558594
2022-11-15 08:56:55,910 - INFO: global_step=325858, episodic_return=-71.01862335205078
2022-11-15 08:56:57,904 - INFO: global_step=326858, episodic_return=-82.66194152832031
2022-11-15 08:56:59,817 - INFO: global_step=327858, episodic_return=-68.51246643066406
2022-11-15 08:57:01,626 - INFO: global_step=328858, episodic_return=-83.75106048583984
2022-11-15 08:57:03,074 - INFO: global_step=329858, episodic_return=-87.62715911865234
2022-11-15 08:57:04,209 - INFO: global_step=330858, episodic_return=-66.80867004394531
2022-11-15 08:57:05,929 - INFO: global_step=331858, episodic_return=-107.02161407470703
2022-11-15 08:57:07,376 - INFO: global_step=332858, episodic_return=-57.559715270996094
2022-11-15 08:57:08,982 - INFO: global_step=333858, episodic_return=-53.64510726928711
2022-11-15 08:57:09,126 - INFO: global_step=334054, episodic_return=-341.6155090332031
2022-11-15 08:57:10,642 - INFO: global_step=335054, episodic_return=-64.88884735107422
2022-11-15 08:57:11,807 - INFO: global_step=336054, episodic_return=-78.11152648925781
2022-11-15 08:57:13,361 - INFO: global_step=337054, episodic_return=-76.27082061767578
2022-11-15 08:57:14,925 - INFO: global_step=338054, episodic_return=-57.966819763183594
2022-11-15 08:57:16,755 - INFO: global_step=339054, episodic_return=-94.61824798583984
2022-11-15 08:57:18,439 - INFO: global_step=340054, episodic_return=-92.10127258300781
2022-11-15 08:57:19,642 - INFO: global_step=341054, episodic_return=-88.34801483154297
2022-11-15 08:57:22,002 - INFO: global_step=342054, episodic_return=-83.0998764038086
2022-11-15 08:57:24,155 - INFO: global_step=343054, episodic_return=-158.26438903808594
2022-11-15 08:57:26,126 - INFO: global_step=344054, episodic_return=-58.852840423583984
2022-11-15 08:57:27,779 - INFO: global_step=345054, episodic_return=-109.72422790527344
2022-11-15 08:57:29,711 - INFO: global_step=346054, episodic_return=-89.75634765625
2022-11-15 08:57:31,269 - INFO: global_step=347054, episodic_return=-83.26347351074219
2022-11-15 08:57:32,808 - INFO: global_step=348054, episodic_return=-73.30186462402344
2022-11-15 08:57:34,144 - INFO: global_step=349054, episodic_return=-63.95107650756836
2022-11-15 08:57:35,990 - INFO: global_step=350054, episodic_return=-91.8133544921875
2022-11-15 08:57:37,783 - INFO: global_step=351054, episodic_return=-64.84712982177734
2022-11-15 08:57:39,257 - INFO: global_step=352054, episodic_return=-64.20306396484375
2022-11-15 08:57:40,969 - INFO: global_step=353054, episodic_return=-98.57414245605469
2022-11-15 08:57:42,587 - INFO: global_step=354054, episodic_return=-118.31964874267578
2022-11-15 08:57:44,405 - INFO: global_step=355054, episodic_return=-128.95216369628906
2022-11-15 08:57:46,848 - INFO: global_step=356054, episodic_return=-123.71826171875
2022-11-15 08:57:48,539 - INFO: global_step=357054, episodic_return=-114.96644592285156
2022-11-15 08:57:50,501 - INFO: global_step=358054, episodic_return=-85.8977279663086
2022-11-15 08:57:52,807 - INFO: global_step=359054, episodic_return=-127.31485748291016
2022-11-15 08:57:54,424 - INFO: global_step=360054, episodic_return=-93.49664306640625
2022-11-15 08:57:55,664 - INFO: global_step=361054, episodic_return=-39.01415252685547
2022-11-15 08:57:57,781 - INFO: global_step=362054, episodic_return=-99.89964294433594
2022-11-15 08:58:00,249 - INFO: global_step=363054, episodic_return=-70.32255554199219
2022-11-15 08:58:02,156 - INFO: global_step=364054, episodic_return=-84.46673583984375
2022-11-15 08:58:03,627 - INFO: global_step=365054, episodic_return=-28.431537628173828
2022-11-15 08:58:05,681 - INFO: global_step=366054, episodic_return=-83.58032989501953
2022-11-15 08:58:07,400 - INFO: global_step=367054, episodic_return=-77.12622833251953
2022-11-15 08:58:09,239 - INFO: global_step=368054, episodic_return=-71.24640655517578
2022-11-15 08:58:11,319 - INFO: global_step=369054, episodic_return=-9.673017501831055
2022-11-15 08:58:11,560 - INFO: global_step=369352, episodic_return=-141.7545166015625
2022-11-15 08:58:12,869 - INFO: global_step=370352, episodic_return=-35.4267578125
2022-11-15 08:58:12,973 - INFO: global_step=370506, episodic_return=-237.22116088867188
2022-11-15 08:58:13,411 - INFO: global_step=370943, episodic_return=-69.48490905761719
2022-11-15 08:58:15,223 - INFO: global_step=371943, episodic_return=-50.93636703491211
2022-11-15 08:58:17,154 - INFO: global_step=372943, episodic_return=-50.46684265136719
2022-11-15 08:58:18,711 - INFO: global_step=373943, episodic_return=-32.144535064697266
2022-11-15 08:58:20,210 - INFO: global_step=374943, episodic_return=-27.25908088684082
2022-11-15 08:58:22,229 - INFO: global_step=375943, episodic_return=-74.53699493408203
2022-11-15 08:58:24,506 - INFO: global_step=376943, episodic_return=0.05806490778923035
2022-11-15 08:58:26,198 - INFO: global_step=377943, episodic_return=-76.66024780273438
2022-11-15 08:58:27,708 - INFO: global_step=378943, episodic_return=-27.072246551513672
2022-11-15 08:58:28,986 - INFO: global_step=379943, episodic_return=-34.56260681152344
2022-11-15 08:58:30,921 - INFO: global_step=380943, episodic_return=-41.53588104248047
2022-11-15 08:58:32,841 - INFO: global_step=381943, episodic_return=-60.553775787353516
2022-11-15 08:58:34,137 - INFO: global_step=382943, episodic_return=-29.109853744506836
2022-11-15 08:58:36,095 - INFO: global_step=383943, episodic_return=-84.60498809814453
2022-11-15 08:58:37,819 - INFO: global_step=384943, episodic_return=-59.248714447021484
2022-11-15 08:58:39,226 - INFO: global_step=385943, episodic_return=-40.287357330322266
2022-11-15 08:58:41,098 - INFO: global_step=386943, episodic_return=-36.83086395263672
2022-11-15 08:58:42,773 - INFO: global_step=387943, episodic_return=-41.34782028198242
2022-11-15 08:58:44,286 - INFO: global_step=388943, episodic_return=-47.071956634521484
2022-11-15 08:58:45,819 - INFO: global_step=389943, episodic_return=-39.313720703125
2022-11-15 08:58:46,987 - INFO: global_step=390943, episodic_return=-37.3397216796875
2022-11-15 08:58:48,213 - INFO: global_step=391943, episodic_return=-55.91276168823242
2022-11-15 08:58:49,432 - INFO: global_step=392943, episodic_return=-39.47037124633789
2022-11-15 08:58:51,096 - INFO: global_step=393943, episodic_return=-22.61621856689453
2022-11-15 08:58:52,634 - INFO: global_step=394943, episodic_return=-21.242488861083984
2022-11-15 08:58:54,698 - INFO: global_step=395943, episodic_return=-83.4498062133789
2022-11-15 08:58:56,108 - INFO: global_step=396943, episodic_return=-19.26461410522461
2022-11-15 08:58:57,860 - INFO: global_step=397943, episodic_return=-44.794918060302734
2022-11-15 08:58:59,911 - INFO: global_step=398943, episodic_return=-47.914737701416016
2022-11-15 08:59:01,484 - INFO: global_step=399943, episodic_return=8.785706520080566
2022-11-15 08:59:03,823 - INFO: global_step=400943, episodic_return=-34.22765350341797
2022-11-15 08:59:05,917 - INFO: global_step=401943, episodic_return=-34.87617492675781
2022-11-15 08:59:07,619 - INFO: global_step=402943, episodic_return=-32.5109977722168
2022-11-15 08:59:09,123 - INFO: global_step=403943, episodic_return=-37.57561492919922
2022-11-15 08:59:09,850 - INFO: global_step=404551, episodic_return=-96.22380828857422
2022-11-15 08:59:11,422 - INFO: global_step=405551, episodic_return=-49.30868148803711
2022-11-15 08:59:12,975 - INFO: global_step=406551, episodic_return=-74.23744201660156
2022-11-15 08:59:14,406 - INFO: global_step=407551, episodic_return=-61.087188720703125
2022-11-15 08:59:16,164 - INFO: global_step=408551, episodic_return=-46.14454650878906
2022-11-15 08:59:17,622 - INFO: global_step=409551, episodic_return=-42.526329040527344
2022-11-15 08:59:19,303 - INFO: global_step=410551, episodic_return=-53.69696807861328
2022-11-15 08:59:21,245 - INFO: global_step=411551, episodic_return=-112.60739135742188
2022-11-15 08:59:23,389 - INFO: global_step=412551, episodic_return=-33.967323303222656
2022-11-15 08:59:25,856 - INFO: global_step=413551, episodic_return=-49.83823776245117
2022-11-15 08:59:27,038 - INFO: global_step=414551, episodic_return=-78.15113830566406
2022-11-15 08:59:28,721 - INFO: global_step=415551, episodic_return=-51.224853515625
2022-11-15 08:59:30,323 - INFO: global_step=416551, episodic_return=-54.323848724365234
2022-11-15 08:59:31,570 - INFO: global_step=417551, episodic_return=-12.797918319702148
2022-11-15 08:59:33,714 - INFO: global_step=418551, episodic_return=-54.542423248291016
2022-11-15 08:59:35,205 - INFO: global_step=419551, episodic_return=-63.5623893737793
2022-11-15 08:59:35,433 - INFO: global_step=419797, episodic_return=-110.3174057006836
2022-11-15 08:59:37,132 - INFO: global_step=420797, episodic_return=-23.014719009399414
2022-11-15 08:59:38,590 - INFO: global_step=421797, episodic_return=-23.5932674407959
2022-11-15 08:59:40,469 - INFO: global_step=422797, episodic_return=-27.130475997924805
2022-11-15 08:59:41,636 - INFO: global_step=423797, episodic_return=-33.03616714477539
2022-11-15 08:59:42,848 - INFO: global_step=424797, episodic_return=-81.75897979736328
2022-11-15 08:59:44,879 - INFO: global_step=425797, episodic_return=-32.569480895996094
2022-11-15 08:59:46,571 - INFO: global_step=426797, episodic_return=-59.166664123535156
2022-11-15 08:59:46,660 - INFO: global_step=426915, episodic_return=-114.71624755859375
2022-11-15 08:59:48,796 - INFO: global_step=427915, episodic_return=-29.20775032043457
2022-11-15 08:59:49,164 - INFO: global_step=428344, episodic_return=-46.703025817871094
2022-11-15 08:59:50,991 - INFO: global_step=429344, episodic_return=-61.7640380859375
2022-11-15 08:59:52,486 - INFO: global_step=430344, episodic_return=8.06242561340332
2022-11-15 08:59:54,022 - INFO: global_step=431318, episodic_return=-134.62039184570312
2022-11-15 08:59:56,074 - INFO: global_step=432318, episodic_return=-27.738134384155273
2022-11-15 08:59:58,005 - INFO: global_step=433318, episodic_return=-51.541473388671875
2022-11-15 08:59:59,877 - INFO: global_step=434318, episodic_return=-28.546215057373047
2022-11-15 09:00:01,558 - INFO: global_step=435318, episodic_return=-14.625576972961426
2022-11-15 09:00:02,947 - INFO: global_step=436318, episodic_return=-54.21548843383789
2022-11-15 09:00:04,673 - INFO: global_step=437318, episodic_return=-23.089075088500977
2022-11-15 09:00:06,635 - INFO: global_step=438318, episodic_return=25.31196403503418
2022-11-15 09:00:08,537 - INFO: global_step=439318, episodic_return=-42.741878509521484
2022-11-15 09:00:08,630 - INFO: global_step=439478, episodic_return=-74.30906677246094
2022-11-15 09:00:09,126 - INFO: global_step=440015, episodic_return=248.5454864501953
2022-11-15 09:00:09,430 - INFO: global_step=440361, episodic_return=9.244880676269531
2022-11-15 09:00:10,300 - INFO: global_step=440955, episodic_return=-94.01811218261719
2022-11-15 09:00:12,283 - INFO: global_step=441955, episodic_return=92.359619140625
2022-11-15 09:00:13,005 - INFO: global_step=442496, episodic_return=-43.19078826904297
2022-11-15 09:00:13,183 - INFO: global_step=442669, episodic_return=-320.254638671875
2022-11-15 09:00:13,319 - INFO: global_step=442833, episodic_return=-220.4850311279297
2022-11-15 09:00:14,630 - INFO: global_step=443833, episodic_return=-6.117203235626221
2022-11-15 09:00:16,265 - INFO: global_step=444833, episodic_return=-1.1820268630981445
2022-11-15 09:00:17,783 - INFO: global_step=445833, episodic_return=-31.32857322692871
2022-11-15 09:00:19,848 - INFO: global_step=446833, episodic_return=-22.25520896911621
2022-11-15 09:00:21,990 - INFO: global_step=447833, episodic_return=-26.57704734802246
2022-11-15 09:00:23,446 - INFO: global_step=448833, episodic_return=-66.87186431884766
2022-11-15 09:00:25,159 - INFO: global_step=449833, episodic_return=-46.196800231933594
2022-11-15 09:00:27,076 - INFO: global_step=450833, episodic_return=-7.256540298461914
2022-11-15 09:00:28,556 - INFO: global_step=451833, episodic_return=-24.263097763061523
2022-11-15 09:00:30,421 - INFO: global_step=452833, episodic_return=1.576650857925415
2022-11-15 09:00:32,730 - INFO: global_step=453833, episodic_return=-43.397804260253906
2022-11-15 09:00:34,703 - INFO: global_step=454833, episodic_return=-17.546894073486328
2022-11-15 09:00:35,041 - INFO: global_step=455235, episodic_return=-90.85917663574219
2022-11-15 09:00:36,298 - INFO: global_step=456235, episodic_return=-31.94887351989746
2022-11-15 09:00:37,848 - INFO: global_step=457235, episodic_return=13.059538841247559
2022-11-15 09:00:39,825 - INFO: global_step=458235, episodic_return=0.008346796035766602
2022-11-15 09:00:41,431 - INFO: global_step=459235, episodic_return=-10.334022521972656
2022-11-15 09:00:43,148 - INFO: global_step=460235, episodic_return=17.046201705932617
2022-11-15 09:00:45,005 - INFO: global_step=461235, episodic_return=-15.19195556640625
2022-11-15 09:00:46,361 - INFO: global_step=462235, episodic_return=-19.808263778686523
2022-11-15 09:00:48,381 - INFO: global_step=463235, episodic_return=-27.62122917175293
2022-11-15 09:00:50,303 - INFO: global_step=464235, episodic_return=-19.521522521972656
2022-11-15 09:00:51,772 - INFO: global_step=465235, episodic_return=-3.6359152793884277
2022-11-15 09:00:53,378 - INFO: global_step=466235, episodic_return=-0.06248140335083008
2022-11-15 09:00:55,866 - INFO: global_step=467235, episodic_return=-33.88296890258789
2022-11-15 09:00:57,204 - INFO: global_step=468235, episodic_return=-10.681382179260254
2022-11-15 09:00:58,153 - INFO: global_step=468870, episodic_return=213.74160766601562
2022-11-15 09:00:59,352 - INFO: global_step=469624, episodic_return=159.07394409179688
2022-11-15 09:00:59,925 - INFO: global_step=470177, episodic_return=256.17730712890625
2022-11-15 09:01:00,003 - INFO: global_step=470300, episodic_return=-89.83892822265625
2022-11-15 09:01:01,605 - INFO: global_step=471300, episodic_return=55.853363037109375
2022-11-15 09:01:02,110 - INFO: global_step=471781, episodic_return=-115.02989959716797
2022-11-15 09:01:02,224 - INFO: global_step=471949, episodic_return=-171.02505493164062
2022-11-15 09:01:02,843 - INFO: global_step=472456, episodic_return=202.0502471923828
2022-11-15 09:01:03,355 - INFO: global_step=472908, episodic_return=187.82833862304688
2022-11-15 09:01:04,250 - INFO: global_step=473627, episodic_return=200.78915405273438
2022-11-15 09:01:04,797 - INFO: global_step=474113, episodic_return=213.24588012695312
2022-11-15 09:01:05,324 - INFO: global_step=474570, episodic_return=198.6937255859375
2022-11-15 09:01:06,054 - INFO: global_step=475074, episodic_return=218.57424926757812
2022-11-15 09:01:06,736 - INFO: global_step=475558, episodic_return=221.78335571289062
2022-11-15 09:01:07,168 - INFO: global_step=475965, episodic_return=271.88873291015625
2022-11-15 09:01:07,548 - INFO: global_step=476318, episodic_return=-69.05712127685547
2022-11-15 09:01:08,358 - INFO: global_step=477010, episodic_return=-73.8399658203125
2022-11-15 09:01:09,101 - INFO: global_step=477724, episodic_return=188.84722900390625
2022-11-15 09:01:10,532 - INFO: global_step=478724, episodic_return=-60.72988510131836
2022-11-15 09:01:11,476 - INFO: global_step=479438, episodic_return=146.56857299804688
2022-11-15 09:01:11,666 - INFO: global_step=479649, episodic_return=-45.932674407958984
2022-11-15 09:01:12,933 - INFO: global_step=480649, episodic_return=1.8652960062026978
2022-11-15 09:01:13,234 - INFO: global_step=480989, episodic_return=-57.157691955566406
2022-11-15 09:01:13,845 - INFO: global_step=481491, episodic_return=174.17227172851562
2022-11-15 09:01:15,771 - INFO: global_step=482491, episodic_return=-78.97975158691406
2022-11-15 09:01:16,286 - INFO: global_step=482943, episodic_return=-122.53860473632812
2022-11-15 09:01:16,979 - INFO: global_step=483501, episodic_return=191.43600463867188
2022-11-15 09:01:17,158 - INFO: global_step=483725, episodic_return=-5.383079528808594
2022-11-15 09:01:18,417 - INFO: global_step=484725, episodic_return=-51.565185546875
2022-11-15 09:01:20,208 - INFO: global_step=485725, episodic_return=-43.54658508300781
2022-11-15 09:01:21,795 - INFO: global_step=486725, episodic_return=-2.5390357971191406
2022-11-15 09:01:23,252 - INFO: global_step=487725, episodic_return=-45.92580795288086
2022-11-15 09:01:24,373 - INFO: global_step=488725, episodic_return=-23.486852645874023
2022-11-15 09:01:25,587 - INFO: global_step=489725, episodic_return=-17.304601669311523
2022-11-15 09:01:25,744 - INFO: global_step=489965, episodic_return=-106.00218963623047
2022-11-15 09:01:27,159 - INFO: global_step=490965, episodic_return=-37.27755355834961
2022-11-15 09:01:28,843 - INFO: global_step=491965, episodic_return=-35.568119049072266
2022-11-15 09:01:30,565 - INFO: global_step=492965, episodic_return=-25.481611251831055
2022-11-15 09:01:32,967 - INFO: global_step=493965, episodic_return=-1.1204581260681152
2022-11-15 09:01:35,054 - INFO: global_step=494965, episodic_return=-1.2523398399353027
2022-11-15 09:01:37,105 - INFO: global_step=495965, episodic_return=-26.74243927001953
2022-11-15 09:01:39,088 - INFO: global_step=496965, episodic_return=6.669571876525879
2022-11-15 09:01:40,481 - INFO: global_step=497847, episodic_return=191.84036254882812
2022-11-15 09:01:40,981 - INFO: global_step=498220, episodic_return=-52.15213394165039
2022-11-15 09:01:43,237 - INFO: global_step=499220, episodic_return=-12.55321216583252
2022-11-15 09:01:44,403 - INFO: global_step=499945, episodic_return=153.3232421875
2022-11-15 09:01:44,434 - INFO: The average reward of last 20 steps: 2.768398809432983
