2022-11-15 07:49:36,531 - INFO: +--------------------------+----------------+
| Parameter                | Value          |
+--------------------------+----------------+
| exp_name                 | dqn            |
+--------------------------+----------------+
| seed                     | 42             |
+--------------------------+----------------+
| total_timesteps          | 500000         |
+--------------------------+----------------+
| learning_rate            | 0.001          |
+--------------------------+----------------+
| buffer_size              | 2000           |
+--------------------------+----------------+
| gamma                    | 0.982          |
+--------------------------+----------------+
| target_network_frequency | 50             |
+--------------------------+----------------+
| batch_size               | 128            |
+--------------------------+----------------+
| start_e                  | 0.300          |
+--------------------------+----------------+
| end_e                    | 0.050          |
+--------------------------+----------------+
| exploration_fraction     | 0.300          |
+--------------------------+----------------+
| learning_starts          | 10000          |
+--------------------------+----------------+
| train_frequency          | 10             |
+--------------------------+----------------+
| env_id                   | LunarLander-v2 |
+--------------------------+----------------+
2022-11-15 07:49:38,592 - INFO: global_step=111, episodic_return=-611.77490234375
2022-11-15 07:49:38,613 - INFO: global_step=172, episodic_return=-122.97918701171875
2022-11-15 07:49:38,633 - INFO: global_step=228, episodic_return=-94.93672180175781
2022-11-15 07:49:38,664 - INFO: global_step=312, episodic_return=-403.9896545410156
2022-11-15 07:49:38,698 - INFO: global_step=398, episodic_return=-546.5460205078125
2022-11-15 07:49:38,748 - INFO: global_step=527, episodic_return=-663.8632202148438
2022-11-15 07:49:38,786 - INFO: global_step=624, episodic_return=-520.5931396484375
2022-11-15 07:49:38,806 - INFO: global_step=682, episodic_return=-135.27650451660156
2022-11-15 07:49:38,835 - INFO: global_step=758, episodic_return=-591.8984375
2022-11-15 07:49:38,946 - INFO: global_step=986, episodic_return=-1487.1451416015625
2022-11-15 07:49:38,976 - INFO: global_step=1069, episodic_return=-518.6676025390625
2022-11-15 07:49:39,010 - INFO: global_step=1161, episodic_return=-673.4031372070312
2022-11-15 07:49:39,037 - INFO: global_step=1240, episodic_return=-621.0013427734375
2022-11-15 07:49:39,092 - INFO: global_step=1370, episodic_return=-645.6663208007812
2022-11-15 07:49:39,156 - INFO: global_step=1523, episodic_return=-720.4157104492188
2022-11-15 07:49:39,181 - INFO: global_step=1592, episodic_return=-576.8823852539062
2022-11-15 07:49:39,206 - INFO: global_step=1658, episodic_return=-485.7472229003906
2022-11-15 07:49:39,228 - INFO: global_step=1717, episodic_return=-132.96096801757812
2022-11-15 07:49:39,283 - INFO: global_step=1853, episodic_return=-542.9039916992188
2022-11-15 07:49:39,345 - INFO: global_step=2005, episodic_return=-746.0682373046875
2022-11-15 07:49:39,383 - INFO: global_step=2103, episodic_return=-711.7843627929688
2022-11-15 07:49:39,414 - INFO: global_step=2186, episodic_return=-543.3017578125
2022-11-15 07:49:39,444 - INFO: global_step=2267, episodic_return=-499.95379638671875
2022-11-15 07:49:39,475 - INFO: global_step=2344, episodic_return=-570.2623291015625
2022-11-15 07:49:39,503 - INFO: global_step=2419, episodic_return=-581.1407470703125
2022-11-15 07:49:39,569 - INFO: global_step=2578, episodic_return=-721.4808959960938
2022-11-15 07:49:39,598 - INFO: global_step=2655, episodic_return=-530.7213134765625
2022-11-15 07:49:39,634 - INFO: global_step=2749, episodic_return=-447.7284240722656
2022-11-15 07:49:39,661 - INFO: global_step=2826, episodic_return=-375.1927490234375
2022-11-15 07:49:39,732 - INFO: global_step=2999, episodic_return=-884.1277465820312
2022-11-15 07:49:39,751 - INFO: global_step=3062, episodic_return=-466.6562805175781
2022-11-15 07:49:39,778 - INFO: global_step=3129, episodic_return=-521.6177978515625
2022-11-15 07:49:39,809 - INFO: global_step=3215, episodic_return=-580.5422973632812
2022-11-15 07:49:39,860 - INFO: global_step=3341, episodic_return=-634.3644409179688
2022-11-15 07:49:39,884 - INFO: global_step=3411, episodic_return=-480.7896423339844
2022-11-15 07:49:39,909 - INFO: global_step=3482, episodic_return=-113.022705078125
2022-11-15 07:49:39,979 - INFO: global_step=3642, episodic_return=-913.1083374023438
2022-11-15 07:49:40,062 - INFO: global_step=3811, episodic_return=-954.2352294921875
2022-11-15 07:49:40,082 - INFO: global_step=3868, episodic_return=-433.6616516113281
2022-11-15 07:49:40,114 - INFO: global_step=3946, episodic_return=-564.576416015625
2022-11-15 07:49:40,141 - INFO: global_step=4023, episodic_return=-517.76953125
2022-11-15 07:49:40,162 - INFO: global_step=4077, episodic_return=-94.72208404541016
2022-11-15 07:49:40,186 - INFO: global_step=4143, episodic_return=-98.07110595703125
2022-11-15 07:49:40,220 - INFO: global_step=4233, episodic_return=-354.4891052246094
2022-11-15 07:49:40,258 - INFO: global_step=4332, episodic_return=-514.981201171875
2022-11-15 07:49:40,289 - INFO: global_step=4406, episodic_return=-565.21484375
2022-11-15 07:49:40,322 - INFO: global_step=4490, episodic_return=-435.5931091308594
2022-11-15 07:49:40,388 - INFO: global_step=4639, episodic_return=-676.6712036132812
2022-11-15 07:49:40,416 - INFO: global_step=4713, episodic_return=-559.56005859375
2022-11-15 07:49:40,452 - INFO: global_step=4808, episodic_return=-439.9925231933594
2022-11-15 07:49:40,486 - INFO: global_step=4889, episodic_return=-439.490966796875
2022-11-15 07:49:40,513 - INFO: global_step=4960, episodic_return=-490.7949523925781
2022-11-15 07:49:40,566 - INFO: global_step=5076, episodic_return=-512.8689575195312
2022-11-15 07:49:40,597 - INFO: global_step=5147, episodic_return=-437.98187255859375
2022-11-15 07:49:40,644 - INFO: global_step=5241, episodic_return=-604.8685302734375
2022-11-15 07:49:40,672 - INFO: global_step=5306, episodic_return=-545.998046875
2022-11-15 07:49:40,695 - INFO: global_step=5362, episodic_return=-217.8929901123047
2022-11-15 07:49:40,745 - INFO: global_step=5470, episodic_return=-651.6993408203125
2022-11-15 07:49:40,896 - INFO: global_step=5696, episodic_return=-1374.9771728515625
2022-11-15 07:49:40,940 - INFO: global_step=5767, episodic_return=-585.331787109375
2022-11-15 07:49:40,969 - INFO: global_step=5843, episodic_return=-506.70721435546875
2022-11-15 07:49:41,003 - INFO: global_step=5931, episodic_return=-409.03857421875
2022-11-15 07:49:41,027 - INFO: global_step=5998, episodic_return=-122.25379943847656
2022-11-15 07:49:41,054 - INFO: global_step=6058, episodic_return=-112.44599914550781
2022-11-15 07:49:41,108 - INFO: global_step=6150, episodic_return=-459.21600341796875
2022-11-15 07:49:41,139 - INFO: global_step=6218, episodic_return=-474.2885437011719
2022-11-15 07:49:41,204 - INFO: global_step=6316, episodic_return=-503.09637451171875
2022-11-15 07:49:41,229 - INFO: global_step=6373, episodic_return=-114.32978820800781
2022-11-15 07:49:41,255 - INFO: global_step=6438, episodic_return=-527.7577514648438
2022-11-15 07:49:41,279 - INFO: global_step=6498, episodic_return=-127.45027160644531
2022-11-15 07:49:41,329 - INFO: global_step=6623, episodic_return=-587.578125
2022-11-15 07:49:41,350 - INFO: global_step=6679, episodic_return=-115.27930450439453
2022-11-15 07:49:41,376 - INFO: global_step=6754, episodic_return=-477.1441650390625
2022-11-15 07:49:41,397 - INFO: global_step=6810, episodic_return=-451.7709045410156
2022-11-15 07:49:41,420 - INFO: global_step=6876, episodic_return=-140.98516845703125
2022-11-15 07:49:41,445 - INFO: global_step=6941, episodic_return=-503.05517578125
2022-11-15 07:49:41,479 - INFO: global_step=7023, episodic_return=-446.0329284667969
2022-11-15 07:49:41,511 - INFO: global_step=7102, episodic_return=-620.5430297851562
2022-11-15 07:49:41,532 - INFO: global_step=7161, episodic_return=-388.40118408203125
2022-11-15 07:49:41,555 - INFO: global_step=7220, episodic_return=-90.9386978149414
2022-11-15 07:49:41,587 - INFO: global_step=7304, episodic_return=-550.2210693359375
2022-11-15 07:49:41,635 - INFO: global_step=7422, episodic_return=-613.9224243164062
2022-11-15 07:49:41,656 - INFO: global_step=7479, episodic_return=-170.82476806640625
2022-11-15 07:49:41,699 - INFO: global_step=7579, episodic_return=-626.4863891601562
2022-11-15 07:49:41,738 - INFO: global_step=7681, episodic_return=-672.3775024414062
2022-11-15 07:49:41,785 - INFO: global_step=7797, episodic_return=-621.0786743164062
2022-11-15 07:49:41,821 - INFO: global_step=7890, episodic_return=-599.9227905273438
2022-11-15 07:49:41,866 - INFO: global_step=7997, episodic_return=-650.9808349609375
2022-11-15 07:49:41,907 - INFO: global_step=8095, episodic_return=-424.8124694824219
2022-11-15 07:49:41,938 - INFO: global_step=8166, episodic_return=-491.62493896484375
2022-11-15 07:49:41,962 - INFO: global_step=8225, episodic_return=-120.98564910888672
2022-11-15 07:49:42,007 - INFO: global_step=8333, episodic_return=-592.7222900390625
2022-11-15 07:49:42,039 - INFO: global_step=8409, episodic_return=-471.4560241699219
2022-11-15 07:49:42,072 - INFO: global_step=8476, episodic_return=-533.0242309570312
2022-11-15 07:49:42,145 - INFO: global_step=8647, episodic_return=-736.205810546875
2022-11-15 07:49:42,172 - INFO: global_step=8721, episodic_return=-562.2462158203125
2022-11-15 07:49:42,346 - INFO: global_step=9031, episodic_return=-1754.0830078125
2022-11-15 07:49:42,399 - INFO: global_step=9169, episodic_return=-774.3031616210938
2022-11-15 07:49:42,441 - INFO: global_step=9276, episodic_return=-481.7623291015625
2022-11-15 07:49:42,468 - INFO: global_step=9355, episodic_return=-512.6851806640625
2022-11-15 07:49:42,498 - INFO: global_step=9434, episodic_return=-503.95355224609375
2022-11-15 07:49:42,520 - INFO: global_step=9499, episodic_return=-118.66187286376953
2022-11-15 07:49:42,538 - INFO: global_step=9551, episodic_return=-171.04522705078125
2022-11-15 07:49:42,566 - INFO: global_step=9634, episodic_return=-525.8026733398438
2022-11-15 07:49:42,632 - INFO: global_step=9791, episodic_return=-859.150390625
2022-11-15 07:49:42,669 - INFO: global_step=9882, episodic_return=-358.3711242675781
2022-11-15 07:49:42,688 - INFO: global_step=9939, episodic_return=-108.78306579589844
2022-11-15 07:49:42,798 - INFO: global_step=10149, episodic_return=-620.2796020507812
2022-11-15 07:49:42,834 - INFO: global_step=10213, episodic_return=-424.57586669921875
2022-11-15 07:49:42,867 - INFO: global_step=10268, episodic_return=-275.5937805175781
2022-11-15 07:49:42,927 - INFO: global_step=10363, episodic_return=-775.2269897460938
2022-11-15 07:49:42,966 - INFO: global_step=10434, episodic_return=-457.127685546875
2022-11-15 07:49:42,999 - INFO: global_step=10503, episodic_return=-426.0921630859375
2022-11-15 07:49:43,023 - INFO: global_step=10557, episodic_return=-251.1818389892578
2022-11-15 07:49:43,063 - INFO: global_step=10644, episodic_return=-405.5785827636719
2022-11-15 07:49:43,097 - INFO: global_step=10712, episodic_return=-321.4217529296875
2022-11-15 07:49:43,144 - INFO: global_step=10795, episodic_return=-141.69671630859375
2022-11-15 07:49:43,174 - INFO: global_step=10855, episodic_return=-75.20584106445312
2022-11-15 07:49:43,228 - INFO: global_step=10946, episodic_return=-120.79306030273438
2022-11-15 07:49:43,295 - INFO: global_step=11029, episodic_return=-134.1878662109375
2022-11-15 07:49:43,341 - INFO: global_step=11104, episodic_return=-89.55494689941406
2022-11-15 07:49:43,395 - INFO: global_step=11201, episodic_return=-83.04289245605469
2022-11-15 07:49:43,463 - INFO: global_step=11310, episodic_return=-64.62454986572266
2022-11-15 07:49:43,504 - INFO: global_step=11384, episodic_return=-106.6202621459961
2022-11-15 07:49:43,563 - INFO: global_step=11491, episodic_return=-39.376522064208984
2022-11-15 07:49:43,601 - INFO: global_step=11567, episodic_return=-76.00804138183594
2022-11-15 07:49:43,642 - INFO: global_step=11633, episodic_return=-128.50242614746094
2022-11-15 07:49:43,678 - INFO: global_step=11694, episodic_return=-19.97942352294922
2022-11-15 07:49:43,727 - INFO: global_step=11775, episodic_return=-17.252349853515625
2022-11-15 07:49:43,783 - INFO: global_step=11868, episodic_return=-44.296844482421875
2022-11-15 07:49:43,896 - INFO: global_step=12032, episodic_return=-299.28155517578125
2022-11-15 07:49:44,238 - INFO: global_step=12389, episodic_return=-110.21818542480469
2022-11-15 07:49:44,297 - INFO: global_step=12487, episodic_return=-27.538795471191406
2022-11-15 07:49:44,371 - INFO: global_step=12604, episodic_return=-73.59834289550781
2022-11-15 07:49:44,443 - INFO: global_step=12721, episodic_return=-205.50015258789062
2022-11-15 07:49:44,515 - INFO: global_step=12838, episodic_return=-200.7515411376953
2022-11-15 07:49:44,824 - INFO: global_step=13207, episodic_return=-197.65289306640625
2022-11-15 07:49:44,886 - INFO: global_step=13325, episodic_return=-197.62802124023438
2022-11-15 07:49:44,949 - INFO: global_step=13442, episodic_return=-214.89817810058594
2022-11-15 07:49:45,038 - INFO: global_step=13590, episodic_return=-83.36993408203125
2022-11-15 07:49:45,307 - INFO: global_step=13921, episodic_return=-217.58837890625
2022-11-15 07:49:45,363 - INFO: global_step=14020, episodic_return=-224.35165405273438
2022-11-15 07:49:45,498 - INFO: global_step=14212, episodic_return=-197.56002807617188
2022-11-15 07:49:45,746 - INFO: global_step=14514, episodic_return=-91.40406799316406
2022-11-15 07:49:45,903 - INFO: global_step=14733, episodic_return=-217.39346313476562
2022-11-15 07:49:45,978 - INFO: global_step=14875, episodic_return=-201.4273681640625
2022-11-15 07:49:46,038 - INFO: global_step=14976, episodic_return=-181.04002380371094
2022-11-15 07:49:46,181 - INFO: global_step=15187, episodic_return=-335.100341796875
2022-11-15 07:49:47,209 - INFO: global_step=15889, episodic_return=-366.37255859375
2022-11-15 07:49:48,067 - INFO: global_step=16466, episodic_return=-165.34815979003906
2022-11-15 07:49:48,225 - INFO: global_step=16666, episodic_return=28.736892700195312
2022-11-15 07:49:48,423 - INFO: global_step=16920, episodic_return=-79.23820495605469
2022-11-15 07:49:48,747 - INFO: global_step=17258, episodic_return=-464.47442626953125
2022-11-15 07:49:48,852 - INFO: global_step=17386, episodic_return=-144.91546630859375
2022-11-15 07:49:48,949 - INFO: global_step=17503, episodic_return=-220.4381103515625
2022-11-15 07:49:49,039 - INFO: global_step=17617, episodic_return=-167.58547973632812
2022-11-15 07:49:49,155 - INFO: global_step=17759, episodic_return=-318.822021484375
2022-11-15 07:49:49,226 - INFO: global_step=17850, episodic_return=-188.64617919921875
2022-11-15 07:49:49,423 - INFO: global_step=18066, episodic_return=-269.50604248046875
2022-11-15 07:49:49,524 - INFO: global_step=18190, episodic_return=-367.30078125
2022-11-15 07:49:49,616 - INFO: global_step=18305, episodic_return=-385.86907958984375
2022-11-15 07:49:49,704 - INFO: global_step=18439, episodic_return=-196.06088256835938
2022-11-15 07:49:49,827 - INFO: global_step=18630, episodic_return=-649.0776977539062
2022-11-15 07:49:49,876 - INFO: global_step=18713, episodic_return=-533.8739624023438
2022-11-15 07:49:49,935 - INFO: global_step=18806, episodic_return=-412.0257263183594
2022-11-15 07:49:49,981 - INFO: global_step=18892, episodic_return=-392.0927429199219
2022-11-15 07:49:50,388 - INFO: global_step=19352, episodic_return=-550.2633666992188
2022-11-15 07:49:50,535 - INFO: global_step=19565, episodic_return=-442.63482666015625
2022-11-15 07:49:50,730 - INFO: global_step=19816, episodic_return=-204.90640258789062
2022-11-15 07:49:50,873 - INFO: global_step=20018, episodic_return=-286.61749267578125
2022-11-15 07:49:50,959 - INFO: global_step=20167, episodic_return=-170.55706787109375
2022-11-15 07:49:51,148 - INFO: global_step=20431, episodic_return=-607.97314453125
2022-11-15 07:49:51,330 - INFO: global_step=20682, episodic_return=-515.9744873046875
2022-11-15 07:49:51,527 - INFO: global_step=20927, episodic_return=-233.13348388671875
2022-11-15 07:49:51,606 - INFO: global_step=21046, episodic_return=-278.55914306640625
2022-11-15 07:49:51,774 - INFO: global_step=21276, episodic_return=-325.2917175292969
2022-11-15 07:49:52,274 - INFO: global_step=21716, episodic_return=-139.56085205078125
2022-11-15 07:49:52,418 - INFO: global_step=21907, episodic_return=-93.33468627929688
2022-11-15 07:49:52,486 - INFO: global_step=22036, episodic_return=-175.06895446777344
2022-11-15 07:49:52,543 - INFO: global_step=22137, episodic_return=-227.51907348632812
2022-11-15 07:49:52,648 - INFO: global_step=22308, episodic_return=-175.23745727539062
2022-11-15 07:49:52,825 - INFO: global_step=22544, episodic_return=-192.96270751953125
2022-11-15 07:49:52,935 - INFO: global_step=22686, episodic_return=-158.73062133789062
2022-11-15 07:49:53,002 - INFO: global_step=22796, episodic_return=-142.1459503173828
2022-11-15 07:49:53,181 - INFO: global_step=23041, episodic_return=-134.98265075683594
2022-11-15 07:49:53,308 - INFO: global_step=23225, episodic_return=-359.6943054199219
2022-11-15 07:49:53,405 - INFO: global_step=23374, episodic_return=-196.10501098632812
2022-11-15 07:49:53,553 - INFO: global_step=23577, episodic_return=-102.13574981689453
2022-11-15 07:49:54,484 - INFO: global_step=24369, episodic_return=-165.29144287109375
2022-11-15 07:49:54,576 - INFO: global_step=24508, episodic_return=-199.59649658203125
2022-11-15 07:49:54,682 - INFO: global_step=24663, episodic_return=-134.64146423339844
2022-11-15 07:49:55,152 - INFO: global_step=25109, episodic_return=-197.25535583496094
2022-11-15 07:49:55,723 - INFO: global_step=25605, episodic_return=-142.81585693359375
2022-11-15 07:49:57,675 - INFO: global_step=26605, episodic_return=-142.85458374023438
2022-11-15 07:49:57,882 - INFO: global_step=26860, episodic_return=-365.38568115234375
2022-11-15 07:49:59,255 - INFO: global_step=27860, episodic_return=-61.782432556152344
2022-11-15 07:50:00,832 - INFO: global_step=28818, episodic_return=-190.730224609375
2022-11-15 07:50:00,931 - INFO: global_step=28981, episodic_return=-252.8888702392578
2022-11-15 07:50:01,876 - INFO: global_step=29388, episodic_return=-128.47171020507812
2022-11-15 07:50:03,207 - INFO: global_step=30355, episodic_return=-306.2974853515625
2022-11-15 07:50:03,242 - INFO: global_step=30428, episodic_return=-129.13031005859375
2022-11-15 07:50:03,732 - INFO: global_step=30931, episodic_return=-279.96746826171875
2022-11-15 07:50:05,325 - INFO: global_step=31931, episodic_return=-127.37737274169922
2022-11-15 07:50:05,988 - INFO: global_step=32435, episodic_return=-362.23248291015625
2022-11-15 07:50:06,214 - INFO: global_step=32703, episodic_return=-106.43179321289062
2022-11-15 07:50:06,279 - INFO: global_step=32807, episodic_return=-191.00802612304688
2022-11-15 07:50:07,905 - INFO: global_step=33807, episodic_return=-129.8946075439453
2022-11-15 07:50:09,401 - INFO: global_step=34680, episodic_return=-307.09027099609375
2022-11-15 07:50:11,059 - INFO: global_step=35680, episodic_return=-132.87313842773438
2022-11-15 07:50:12,612 - INFO: global_step=36617, episodic_return=-332.4614562988281
2022-11-15 07:50:13,678 - INFO: global_step=37494, episodic_return=-257.1213073730469
2022-11-15 07:50:14,005 - INFO: global_step=37848, episodic_return=-102.58082580566406
2022-11-15 07:50:15,380 - INFO: global_step=38848, episodic_return=-25.647066116333008
2022-11-15 07:50:17,254 - INFO: global_step=39848, episodic_return=-75.70098114013672
2022-11-15 07:50:17,819 - INFO: global_step=40289, episodic_return=-194.05873107910156
2022-11-15 07:50:19,407 - INFO: global_step=41289, episodic_return=-108.93257904052734
2022-11-15 07:50:20,557 - INFO: global_step=42289, episodic_return=-68.61260986328125
2022-11-15 07:50:22,067 - INFO: global_step=43193, episodic_return=-183.78016662597656
2022-11-15 07:50:23,607 - INFO: global_step=44193, episodic_return=-72.0298080444336
2022-11-15 07:50:24,862 - INFO: global_step=45193, episodic_return=-8.507043838500977
2022-11-15 07:50:25,404 - INFO: global_step=45640, episodic_return=-170.58316040039062
2022-11-15 07:50:27,270 - INFO: global_step=46640, episodic_return=-86.89398956298828
2022-11-15 07:50:27,514 - INFO: global_step=46919, episodic_return=-71.71343994140625
2022-11-15 07:50:27,906 - INFO: global_step=47319, episodic_return=-152.5199737548828
2022-11-15 07:50:29,282 - INFO: global_step=48319, episodic_return=-104.24201202392578
2022-11-15 07:50:30,174 - INFO: global_step=49100, episodic_return=-258.1815185546875
2022-11-15 07:50:30,477 - INFO: global_step=49455, episodic_return=-127.97552490234375
2022-11-15 07:50:31,159 - INFO: global_step=50088, episodic_return=-325.0852355957031
2022-11-15 07:50:31,759 - INFO: global_step=50717, episodic_return=-204.4819793701172
2022-11-15 07:50:33,372 - INFO: global_step=51717, episodic_return=-105.18621063232422
2022-11-15 07:50:35,427 - INFO: global_step=52717, episodic_return=-82.79718017578125
2022-11-15 07:50:37,060 - INFO: global_step=53717, episodic_return=-51.26017379760742
2022-11-15 07:50:38,678 - INFO: global_step=54717, episodic_return=-86.68854522705078
2022-11-15 07:50:39,945 - INFO: global_step=55717, episodic_return=-90.63679504394531
2022-11-15 07:50:40,083 - INFO: global_step=55921, episodic_return=-90.62098693847656
2022-11-15 07:50:40,189 - INFO: global_step=56093, episodic_return=-51.782508850097656
2022-11-15 07:50:40,291 - INFO: global_step=56262, episodic_return=-218.03268432617188
2022-11-15 07:50:40,505 - INFO: global_step=56525, episodic_return=-106.66596221923828
2022-11-15 07:50:42,166 - INFO: global_step=57525, episodic_return=-100.96563720703125
2022-11-15 07:50:44,184 - INFO: global_step=58525, episodic_return=-60.396385192871094
2022-11-15 07:50:45,598 - INFO: global_step=59525, episodic_return=-54.871150970458984
2022-11-15 07:50:45,864 - INFO: global_step=59836, episodic_return=-69.56658172607422
2022-11-15 07:50:47,382 - INFO: global_step=60836, episodic_return=81.72370147705078
2022-11-15 07:50:48,677 - INFO: global_step=61697, episodic_return=218.93667602539062
2022-11-15 07:50:48,757 - INFO: global_step=61834, episodic_return=0.5714569091796875
2022-11-15 07:50:48,866 - INFO: global_step=62015, episodic_return=-32.7108154296875
2022-11-15 07:50:48,966 - INFO: global_step=62187, episodic_return=-151.13877868652344
2022-11-15 07:50:49,097 - INFO: global_step=62333, episodic_return=-47.817100524902344
2022-11-15 07:50:49,180 - INFO: global_step=62466, episodic_return=-63.33637237548828
2022-11-15 07:50:49,499 - INFO: global_step=62836, episodic_return=-73.47918701171875
2022-11-15 07:50:50,561 - INFO: global_step=63654, episodic_return=190.60250854492188
2022-11-15 07:50:52,387 - INFO: global_step=64654, episodic_return=71.044189453125
2022-11-15 07:50:53,236 - INFO: global_step=65336, episodic_return=183.4417724609375
2022-11-15 07:50:54,448 - INFO: global_step=66162, episodic_return=-223.984375
2022-11-15 07:50:54,704 - INFO: global_step=66474, episodic_return=-255.62843322753906
2022-11-15 07:50:56,041 - INFO: global_step=67474, episodic_return=-66.5629653930664
2022-11-15 07:50:56,549 - INFO: global_step=67992, episodic_return=-196.86940002441406
2022-11-15 07:50:57,872 - INFO: global_step=68894, episodic_return=-165.29470825195312
2022-11-15 07:50:58,201 - INFO: global_step=69218, episodic_return=-49.067543029785156
2022-11-15 07:51:00,229 - INFO: global_step=70218, episodic_return=-46.38031768798828
2022-11-15 07:51:00,559 - INFO: global_step=70578, episodic_return=203.69522094726562
2022-11-15 07:51:00,683 - INFO: global_step=70766, episodic_return=-130.77854919433594
2022-11-15 07:51:00,771 - INFO: global_step=70917, episodic_return=-33.78559875488281
2022-11-15 07:51:02,707 - INFO: global_step=71917, episodic_return=17.913650512695312
2022-11-15 07:51:03,037 - INFO: global_step=72286, episodic_return=23.903274536132812
2022-11-15 07:51:04,568 - INFO: global_step=73286, episodic_return=-44.5510368347168
2022-11-15 07:51:04,834 - INFO: global_step=73563, episodic_return=-142.8895263671875
2022-11-15 07:51:06,000 - INFO: global_step=74563, episodic_return=-31.94050407409668
2022-11-15 07:51:06,293 - INFO: global_step=74885, episodic_return=-221.5556640625
2022-11-15 07:51:07,756 - INFO: global_step=75885, episodic_return=107.23345184326172
2022-11-15 07:51:09,369 - INFO: global_step=76885, episodic_return=51.37724304199219
2022-11-15 07:51:11,918 - INFO: global_step=77885, episodic_return=19.993738174438477
2022-11-15 07:51:12,062 - INFO: global_step=78078, episodic_return=-13.495376586914062
2022-11-15 07:51:12,173 - INFO: global_step=78252, episodic_return=83.70816040039062
2022-11-15 07:51:12,434 - INFO: global_step=78524, episodic_return=25.823348999023438
2022-11-15 07:51:12,877 - INFO: global_step=78953, episodic_return=-64.72764587402344
2022-11-15 07:51:14,082 - INFO: global_step=79914, episodic_return=153.50927734375
2022-11-15 07:51:14,354 - INFO: global_step=80302, episodic_return=144.62815856933594
2022-11-15 07:51:15,183 - INFO: global_step=81110, episodic_return=141.91726684570312
2022-11-15 07:51:16,541 - INFO: global_step=81994, episodic_return=241.47923278808594
2022-11-15 07:51:18,299 - INFO: global_step=82994, episodic_return=-11.870152473449707
2022-11-15 07:51:19,689 - INFO: global_step=83994, episodic_return=-14.413312911987305
2022-11-15 07:51:21,337 - INFO: global_step=84994, episodic_return=-45.39289093017578
2022-11-15 07:51:22,911 - INFO: global_step=85994, episodic_return=0.21341252326965332
2022-11-15 07:51:23,074 - INFO: global_step=86201, episodic_return=38.240753173828125
2022-11-15 07:51:24,398 - INFO: global_step=87201, episodic_return=-34.498714447021484
2022-11-15 07:51:25,639 - INFO: global_step=88201, episodic_return=-20.05301284790039
2022-11-15 07:51:26,375 - INFO: global_step=88818, episodic_return=231.84873962402344
2022-11-15 07:51:28,127 - INFO: global_step=89818, episodic_return=30.32404899597168
2022-11-15 07:51:30,110 - INFO: global_step=90761, episodic_return=162.19732666015625
2022-11-15 07:51:30,184 - INFO: global_step=90880, episodic_return=-0.2049407958984375
2022-11-15 07:51:32,808 - INFO: global_step=91844, episodic_return=122.66293334960938
2022-11-15 07:51:32,912 - INFO: global_step=92008, episodic_return=-207.1041259765625
2022-11-15 07:51:33,013 - INFO: global_step=92172, episodic_return=-195.06185913085938
2022-11-15 07:51:33,918 - INFO: global_step=92987, episodic_return=126.01213836669922
2022-11-15 07:51:34,023 - INFO: global_step=93133, episodic_return=-243.5048370361328
2022-11-15 07:51:34,450 - INFO: global_step=93548, episodic_return=-162.55963134765625
2022-11-15 07:51:34,589 - INFO: global_step=93716, episodic_return=-211.83056640625
2022-11-15 07:51:35,030 - INFO: global_step=94059, episodic_return=-101.71247100830078
2022-11-15 07:51:37,036 - INFO: global_step=95059, episodic_return=-36.52944564819336
2022-11-15 07:51:39,237 - INFO: global_step=96059, episodic_return=-23.3377685546875
2022-11-15 07:51:41,804 - INFO: global_step=97059, episodic_return=-49.28925323486328
2022-11-15 07:51:43,622 - INFO: global_step=98059, episodic_return=-49.28856658935547
2022-11-15 07:51:45,545 - INFO: global_step=99059, episodic_return=-78.14070129394531
2022-11-15 07:51:47,001 - INFO: global_step=100059, episodic_return=-101.15125274658203
2022-11-15 07:51:48,590 - INFO: global_step=101059, episodic_return=-0.25349193811416626
2022-11-15 07:51:50,205 - INFO: global_step=102059, episodic_return=-34.91783142089844
2022-11-15 07:51:50,376 - INFO: global_step=102220, episodic_return=-123.23663330078125
2022-11-15 07:51:50,568 - INFO: global_step=102420, episodic_return=-21.266128540039062
2022-11-15 07:51:50,889 - INFO: global_step=102717, episodic_return=-91.8654556274414
2022-11-15 07:51:51,197 - INFO: global_step=103045, episodic_return=-18.88835906982422
2022-11-15 07:51:52,527 - INFO: global_step=104045, episodic_return=-74.03684997558594
2022-11-15 07:51:53,746 - INFO: global_step=104832, episodic_return=-158.4302215576172
2022-11-15 07:51:53,875 - INFO: global_step=105018, episodic_return=-33.21928405761719
2022-11-15 07:51:54,097 - INFO: global_step=105273, episodic_return=-209.37094116210938
2022-11-15 07:51:55,836 - INFO: global_step=106273, episodic_return=-78.24712371826172
2022-11-15 07:51:58,168 - INFO: global_step=107273, episodic_return=-92.49087524414062
2022-11-15 07:51:58,387 - INFO: global_step=107541, episodic_return=-95.96650695800781
2022-11-15 07:51:58,600 - INFO: global_step=107794, episodic_return=-115.32416534423828
2022-11-15 07:51:58,862 - INFO: global_step=108126, episodic_return=-66.35090637207031
2022-11-15 07:51:58,961 - INFO: global_step=108281, episodic_return=-302.26312255859375
2022-11-15 07:51:59,783 - INFO: global_step=108970, episodic_return=242.92092895507812
2022-11-15 07:52:01,604 - INFO: global_step=109970, episodic_return=-55.38740921020508
2022-11-15 07:52:03,068 - INFO: global_step=110970, episodic_return=-42.210750579833984
2022-11-15 07:52:05,108 - INFO: global_step=111970, episodic_return=-52.43741989135742
2022-11-15 07:52:07,016 - INFO: global_step=112970, episodic_return=-61.29997253417969
2022-11-15 07:52:08,698 - INFO: global_step=113970, episodic_return=-85.15591430664062
2022-11-15 07:52:10,222 - INFO: global_step=114970, episodic_return=-74.07850646972656
2022-11-15 07:52:12,279 - INFO: global_step=115970, episodic_return=-72.12997436523438
2022-11-15 07:52:13,941 - INFO: global_step=116970, episodic_return=-42.45079803466797
2022-11-15 07:52:15,815 - INFO: global_step=117970, episodic_return=-56.39395523071289
2022-11-15 07:52:17,351 - INFO: global_step=118970, episodic_return=-91.8588638305664
2022-11-15 07:52:19,084 - INFO: global_step=119970, episodic_return=-115.16173553466797
2022-11-15 07:52:21,011 - INFO: global_step=120970, episodic_return=-48.808937072753906
2022-11-15 07:52:22,720 - INFO: global_step=121970, episodic_return=-92.32257843017578
2022-11-15 07:52:24,641 - INFO: global_step=122970, episodic_return=-50.27080535888672
2022-11-15 07:52:26,085 - INFO: global_step=123970, episodic_return=-77.71269989013672
2022-11-15 07:52:27,951 - INFO: global_step=124970, episodic_return=-64.03778839111328
2022-11-15 07:52:29,313 - INFO: global_step=125970, episodic_return=-102.44551849365234
2022-11-15 07:52:31,196 - INFO: global_step=126970, episodic_return=-50.67307662963867
2022-11-15 07:52:33,092 - INFO: global_step=127970, episodic_return=-101.31189727783203
2022-11-15 07:52:34,433 - INFO: global_step=128970, episodic_return=-75.8328857421875
2022-11-15 07:52:35,812 - INFO: global_step=129970, episodic_return=-17.052303314208984
2022-11-15 07:52:37,481 - INFO: global_step=130970, episodic_return=-103.29305267333984
2022-11-15 07:52:38,917 - INFO: global_step=131970, episodic_return=-111.2625961303711
2022-11-15 07:52:39,153 - INFO: global_step=132257, episodic_return=-59.584754943847656
2022-11-15 07:52:40,747 - INFO: global_step=133257, episodic_return=-46.37770462036133
2022-11-15 07:52:42,578 - INFO: global_step=134257, episodic_return=-107.41597747802734
2022-11-15 07:52:44,602 - INFO: global_step=135257, episodic_return=-72.34281158447266
2022-11-15 07:52:46,702 - INFO: global_step=136257, episodic_return=-77.75602722167969
2022-11-15 07:52:48,603 - INFO: global_step=137257, episodic_return=-84.71002960205078
2022-11-15 07:52:50,200 - INFO: global_step=138257, episodic_return=-73.78025817871094
2022-11-15 07:52:52,209 - INFO: global_step=139257, episodic_return=-74.3614501953125
2022-11-15 07:52:52,467 - INFO: global_step=139533, episodic_return=-185.26104736328125
2022-11-15 07:52:52,671 - INFO: global_step=139770, episodic_return=-3.9296722412109375
2022-11-15 07:52:54,702 - INFO: global_step=140770, episodic_return=-68.37948608398438
2022-11-15 07:52:54,822 - INFO: global_step=140941, episodic_return=19.236892700195312
2022-11-15 07:52:55,126 - INFO: global_step=141260, episodic_return=-233.59056091308594
2022-11-15 07:52:55,249 - INFO: global_step=141438, episodic_return=-142.05560302734375
2022-11-15 07:52:55,363 - INFO: global_step=141569, episodic_return=-330.889892578125
2022-11-15 07:52:56,459 - INFO: global_step=142326, episodic_return=-86.91038513183594
2022-11-15 07:52:57,990 - INFO: global_step=143326, episodic_return=-59.1948356628418
2022-11-15 07:52:59,620 - INFO: global_step=144326, episodic_return=-57.83805847167969
2022-11-15 07:53:01,067 - INFO: global_step=145326, episodic_return=-119.48041534423828
2022-11-15 07:53:03,231 - INFO: global_step=146326, episodic_return=-110.16448211669922
2022-11-15 07:53:05,026 - INFO: global_step=147326, episodic_return=-61.429115295410156
2022-11-15 07:53:06,846 - INFO: global_step=148326, episodic_return=-105.69624328613281
2022-11-15 07:53:09,013 - INFO: global_step=149326, episodic_return=-87.98403930664062
2022-11-15 07:53:09,224 - INFO: global_step=149598, episodic_return=-203.1577911376953
2022-11-15 07:53:09,369 - INFO: global_step=149807, episodic_return=-55.97422409057617
2022-11-15 07:53:09,577 - INFO: global_step=150043, episodic_return=-183.15939331054688
2022-11-15 07:53:10,814 - INFO: global_step=151043, episodic_return=-27.120216369628906
2022-11-15 07:53:10,897 - INFO: global_step=151170, episodic_return=-69.57968139648438
2022-11-15 07:53:12,142 - INFO: global_step=152170, episodic_return=-30.788164138793945
2022-11-15 07:53:13,483 - INFO: global_step=153170, episodic_return=-1.8099676370620728
2022-11-15 07:53:14,780 - INFO: global_step=154170, episodic_return=-15.449914932250977
2022-11-15 07:53:16,611 - INFO: global_step=155170, episodic_return=-91.75761413574219
2022-11-15 07:53:18,590 - INFO: global_step=156170, episodic_return=-86.54090881347656
2022-11-15 07:53:20,478 - INFO: global_step=157170, episodic_return=-62.75917434692383
2022-11-15 07:53:21,965 - INFO: global_step=158170, episodic_return=-95.94709777832031
2022-11-15 07:53:23,850 - INFO: global_step=159170, episodic_return=-95.18858337402344
2022-11-15 07:53:25,314 - INFO: global_step=160170, episodic_return=-65.66297149658203
2022-11-15 07:53:27,181 - INFO: global_step=161170, episodic_return=-57.20115661621094
2022-11-15 07:53:28,791 - INFO: global_step=162170, episodic_return=-48.12643051147461
2022-11-15 07:53:30,093 - INFO: global_step=163170, episodic_return=-76.55667877197266
2022-11-15 07:53:30,268 - INFO: global_step=163399, episodic_return=33.44938659667969
2022-11-15 07:53:30,450 - INFO: global_step=163637, episodic_return=-170.80862426757812
2022-11-15 07:53:32,186 - INFO: global_step=164637, episodic_return=-8.477707862854004
2022-11-15 07:53:34,078 - INFO: global_step=165637, episodic_return=9.687631607055664
2022-11-15 07:53:35,569 - INFO: global_step=166637, episodic_return=-42.97468948364258
2022-11-15 07:53:37,023 - INFO: global_step=167637, episodic_return=-103.75847625732422
2022-11-15 07:53:38,452 - INFO: global_step=168637, episodic_return=-113.65619659423828
2022-11-15 07:53:39,978 - INFO: global_step=169637, episodic_return=-47.821205139160156
2022-11-15 07:53:42,046 - INFO: global_step=170637, episodic_return=-105.85353088378906
2022-11-15 07:53:44,131 - INFO: global_step=171637, episodic_return=-30.630611419677734
2022-11-15 07:53:46,107 - INFO: global_step=172637, episodic_return=-37.25435256958008
2022-11-15 07:53:47,762 - INFO: global_step=173637, episodic_return=-16.888385772705078
2022-11-15 07:53:49,675 - INFO: global_step=174637, episodic_return=-70.8382797241211
2022-11-15 07:53:51,535 - INFO: global_step=175637, episodic_return=5.185598850250244
2022-11-15 07:53:53,048 - INFO: global_step=176637, episodic_return=-57.031959533691406
2022-11-15 07:53:53,378 - INFO: global_step=176946, episodic_return=11.111091613769531
2022-11-15 07:53:53,515 - INFO: global_step=177149, episodic_return=-95.4864501953125
2022-11-15 07:53:55,491 - INFO: global_step=178149, episodic_return=-83.82052612304688
2022-11-15 07:53:55,765 - INFO: global_step=178416, episodic_return=36.32801818847656
2022-11-15 07:53:56,138 - INFO: global_step=178772, episodic_return=-15.491737365722656
2022-11-15 07:53:57,735 - INFO: global_step=179772, episodic_return=-48.75055694580078
2022-11-15 07:53:58,976 - INFO: global_step=180753, episodic_return=168.11318969726562
2022-11-15 07:54:00,856 - INFO: global_step=181753, episodic_return=-35.02560806274414
2022-11-15 07:54:02,768 - INFO: global_step=182753, episodic_return=-60.654319763183594
2022-11-15 07:54:02,888 - INFO: global_step=182927, episodic_return=28.858200073242188
2022-11-15 07:54:03,054 - INFO: global_step=183160, episodic_return=-193.9539794921875
2022-11-15 07:54:03,916 - INFO: global_step=183798, episodic_return=214.81051635742188
2022-11-15 07:54:04,036 - INFO: global_step=183973, episodic_return=-19.686866760253906
2022-11-15 07:54:04,397 - INFO: global_step=184352, episodic_return=-214.73037719726562
2022-11-15 07:54:04,675 - INFO: global_step=184688, episodic_return=-278.7828369140625
2022-11-15 07:54:06,450 - INFO: global_step=185688, episodic_return=-98.75621032714844
2022-11-15 07:54:08,178 - INFO: global_step=186688, episodic_return=-146.87142944335938
2022-11-15 07:54:10,021 - INFO: global_step=187688, episodic_return=-70.76239013671875
2022-11-15 07:54:12,237 - INFO: global_step=188688, episodic_return=-84.57569122314453
2022-11-15 07:54:14,192 - INFO: global_step=189688, episodic_return=-142.89849853515625
2022-11-15 07:54:15,842 - INFO: global_step=190688, episodic_return=-105.17401123046875
2022-11-15 07:54:17,594 - INFO: global_step=191688, episodic_return=-104.26789855957031
2022-11-15 07:54:19,231 - INFO: global_step=192688, episodic_return=-88.61959075927734
2022-11-15 07:54:20,905 - INFO: global_step=193688, episodic_return=-120.55790710449219
2022-11-15 07:54:22,541 - INFO: global_step=194688, episodic_return=-134.52120971679688
2022-11-15 07:54:24,318 - INFO: global_step=195688, episodic_return=-49.113487243652344
2022-11-15 07:54:25,675 - INFO: global_step=196688, episodic_return=-41.33842468261719
2022-11-15 07:54:26,009 - INFO: global_step=197021, episodic_return=243.45335388183594
2022-11-15 07:54:28,016 - INFO: global_step=198021, episodic_return=-59.66401672363281
2022-11-15 07:54:29,912 - INFO: global_step=199021, episodic_return=-58.54637145996094
2022-11-15 07:54:31,656 - INFO: global_step=200021, episodic_return=9.848288536071777
2022-11-15 07:54:33,497 - INFO: global_step=201021, episodic_return=25.68610954284668
2022-11-15 07:54:35,128 - INFO: global_step=202021, episodic_return=51.84687423706055
2022-11-15 07:54:36,887 - INFO: global_step=203021, episodic_return=26.70303726196289
2022-11-15 07:54:37,673 - INFO: global_step=203659, episodic_return=123.44776916503906
2022-11-15 07:54:38,805 - INFO: global_step=204352, episodic_return=124.19747924804688
2022-11-15 07:54:40,603 - INFO: global_step=205352, episodic_return=-5.0631866455078125
2022-11-15 07:54:41,203 - INFO: global_step=205955, episodic_return=182.84205627441406
2022-11-15 07:54:42,644 - INFO: global_step=206955, episodic_return=37.353214263916016
2022-11-15 07:54:43,120 - INFO: global_step=207444, episodic_return=250.66696166992188
2022-11-15 07:54:43,963 - INFO: global_step=208053, episodic_return=223.3775634765625
2022-11-15 07:54:44,889 - INFO: global_step=208785, episodic_return=208.0056915283203
2022-11-15 07:54:45,863 - INFO: global_step=209437, episodic_return=227.50125122070312
2022-11-15 07:54:46,384 - INFO: global_step=209901, episodic_return=248.079345703125
2022-11-15 07:54:47,792 - INFO: global_step=210901, episodic_return=-51.109825134277344
2022-11-15 07:54:48,954 - INFO: global_step=211692, episodic_return=187.35108947753906
2022-11-15 07:54:50,197 - INFO: global_step=212640, episodic_return=99.39036560058594
2022-11-15 07:54:50,589 - INFO: global_step=213044, episodic_return=281.31005859375
2022-11-15 07:54:52,394 - INFO: global_step=214044, episodic_return=-0.48314327001571655
2022-11-15 07:54:53,909 - INFO: global_step=214990, episodic_return=80.9421157836914
2022-11-15 07:54:55,190 - INFO: global_step=215718, episodic_return=209.79690551757812
2022-11-15 07:54:56,016 - INFO: global_step=216366, episodic_return=180.78085327148438
2022-11-15 07:54:56,674 - INFO: global_step=216969, episodic_return=211.6356201171875
2022-11-15 07:54:57,013 - INFO: global_step=217246, episodic_return=262.87701416015625
2022-11-15 07:54:57,493 - INFO: global_step=217648, episodic_return=247.63694763183594
2022-11-15 07:54:57,893 - INFO: global_step=218040, episodic_return=254.64723205566406
2022-11-15 07:54:58,493 - INFO: global_step=218553, episodic_return=216.24960327148438
2022-11-15 07:54:58,617 - INFO: global_step=218662, episodic_return=-17.23534393310547
2022-11-15 07:54:58,824 - INFO: global_step=218886, episodic_return=-124.91966247558594
2022-11-15 07:54:58,886 - INFO: global_step=218984, episodic_return=-109.8300552368164
2022-11-15 07:54:59,083 - INFO: global_step=219242, episodic_return=275.534423828125
2022-11-15 07:54:59,606 - INFO: global_step=219777, episodic_return=196.43441772460938
2022-11-15 07:54:59,709 - INFO: global_step=219919, episodic_return=-251.70211791992188
2022-11-15 07:54:59,783 - INFO: global_step=220044, episodic_return=-82.92994689941406
2022-11-15 07:54:59,863 - INFO: global_step=220181, episodic_return=15.798919677734375
2022-11-15 07:54:59,982 - INFO: global_step=220376, episodic_return=-243.07962036132812
2022-11-15 07:55:00,056 - INFO: global_step=220503, episodic_return=-53.501033782958984
2022-11-15 07:55:00,578 - INFO: global_step=221032, episodic_return=206.61953735351562
2022-11-15 07:55:01,526 - INFO: global_step=221776, episodic_return=-144.8880157470703
2022-11-15 07:55:01,998 - INFO: global_step=222305, episodic_return=149.91319274902344
2022-11-15 07:55:02,390 - INFO: global_step=222738, episodic_return=228.15550231933594
2022-11-15 07:55:04,227 - INFO: global_step=223738, episodic_return=-5.331616401672363
2022-11-15 07:55:05,646 - INFO: global_step=224738, episodic_return=-45.24433898925781
2022-11-15 07:55:05,925 - INFO: global_step=225041, episodic_return=227.50210571289062
2022-11-15 07:55:05,990 - INFO: global_step=225154, episodic_return=-156.1240234375
2022-11-15 07:55:06,144 - INFO: global_step=225369, episodic_return=-95.42951202392578
2022-11-15 07:55:06,342 - INFO: global_step=225607, episodic_return=-144.20675659179688
2022-11-15 07:55:06,444 - INFO: global_step=225767, episodic_return=-79.82862854003906
2022-11-15 07:55:06,622 - INFO: global_step=226014, episodic_return=-119.58415222167969
2022-11-15 07:55:06,681 - INFO: global_step=226116, episodic_return=-135.06256103515625
2022-11-15 07:55:06,793 - INFO: global_step=226289, episodic_return=-93.66230773925781
2022-11-15 07:55:06,969 - INFO: global_step=226545, episodic_return=-132.00900268554688
2022-11-15 07:55:07,025 - INFO: global_step=226643, episodic_return=-174.81927490234375
2022-11-15 07:55:07,182 - INFO: global_step=226862, episodic_return=-183.05801391601562
2022-11-15 07:55:07,905 - INFO: global_step=227453, episodic_return=-190.69668579101562
2022-11-15 07:55:09,720 - INFO: global_step=228453, episodic_return=-80.33497619628906
2022-11-15 07:55:10,980 - INFO: global_step=229453, episodic_return=-49.12251281738281
2022-11-15 07:55:12,669 - INFO: global_step=230453, episodic_return=-73.2140121459961
2022-11-15 07:55:14,029 - INFO: global_step=231453, episodic_return=-76.34223937988281
2022-11-15 07:55:15,790 - INFO: global_step=232453, episodic_return=-57.005393981933594
2022-11-15 07:55:17,265 - INFO: global_step=233453, episodic_return=-2.772088050842285
2022-11-15 07:55:19,079 - INFO: global_step=234453, episodic_return=-11.301509857177734
2022-11-15 07:55:20,563 - INFO: global_step=235453, episodic_return=-19.16490936279297
2022-11-15 07:55:22,542 - INFO: global_step=236453, episodic_return=-0.6175262331962585
2022-11-15 07:55:23,935 - INFO: global_step=237404, episodic_return=113.12718963623047
2022-11-15 07:55:24,093 - INFO: global_step=237635, episodic_return=-138.63299560546875
2022-11-15 07:55:24,212 - INFO: global_step=237821, episodic_return=-154.3175048828125
2022-11-15 07:55:24,379 - INFO: global_step=238050, episodic_return=-177.30728149414062
2022-11-15 07:55:24,460 - INFO: global_step=238170, episodic_return=-109.65484619140625
2022-11-15 07:55:25,614 - INFO: global_step=239170, episodic_return=-61.96162414550781
2022-11-15 07:55:27,359 - INFO: global_step=240153, episodic_return=96.82573699951172
2022-11-15 07:55:29,058 - INFO: global_step=241153, episodic_return=-30.735109329223633
2022-11-15 07:55:30,443 - INFO: global_step=242153, episodic_return=-7.09821081161499
2022-11-15 07:55:32,009 - INFO: global_step=243153, episodic_return=19.522377014160156
2022-11-15 07:55:33,612 - INFO: global_step=244153, episodic_return=-20.02678871154785
2022-11-15 07:55:34,824 - INFO: global_step=244988, episodic_return=181.62730407714844
2022-11-15 07:55:36,429 - INFO: global_step=245878, episodic_return=-217.3716583251953
2022-11-15 07:55:37,299 - INFO: global_step=246524, episodic_return=216.17605590820312
2022-11-15 07:55:38,052 - INFO: global_step=247173, episodic_return=208.04522705078125
2022-11-15 07:55:39,448 - INFO: global_step=248140, episodic_return=163.77024841308594
2022-11-15 07:55:41,250 - INFO: global_step=249140, episodic_return=0.7032756805419922
2022-11-15 07:55:42,959 - INFO: global_step=250140, episodic_return=8.753490447998047
2022-11-15 07:55:44,643 - INFO: global_step=251052, episodic_return=93.99567413330078
2022-11-15 07:55:46,284 - INFO: global_step=252016, episodic_return=91.15237426757812
2022-11-15 07:55:47,893 - INFO: global_step=253016, episodic_return=-39.596920013427734
2022-11-15 07:55:49,357 - INFO: global_step=254016, episodic_return=-39.86903381347656
2022-11-15 07:55:50,589 - INFO: global_step=255016, episodic_return=-60.89631652832031
2022-11-15 07:55:52,476 - INFO: global_step=256016, episodic_return=87.14747619628906
2022-11-15 07:55:52,857 - INFO: global_step=256362, episodic_return=222.45294189453125
2022-11-15 07:55:53,796 - INFO: global_step=256932, episodic_return=211.66653442382812
2022-11-15 07:55:55,576 - INFO: global_step=257932, episodic_return=61.39308547973633
2022-11-15 07:55:57,089 - INFO: global_step=258785, episodic_return=153.4264373779297
2022-11-15 07:55:57,641 - INFO: global_step=259390, episodic_return=-104.97233581542969
2022-11-15 07:55:57,740 - INFO: global_step=259544, episodic_return=-100.72493743896484
2022-11-15 07:55:57,884 - INFO: global_step=259679, episodic_return=-92.39429473876953
2022-11-15 07:55:58,610 - INFO: global_step=260155, episodic_return=-103.77864074707031
2022-11-15 07:55:59,036 - INFO: global_step=260569, episodic_return=230.41490173339844
2022-11-15 07:55:59,789 - INFO: global_step=261170, episodic_return=-104.5507583618164
2022-11-15 07:55:59,989 - INFO: global_step=261431, episodic_return=-18.796531677246094
2022-11-15 07:56:00,193 - INFO: global_step=261682, episodic_return=-25.095664978027344
2022-11-15 07:56:01,910 - INFO: global_step=262682, episodic_return=63.192100524902344
2022-11-15 07:56:04,023 - INFO: global_step=263682, episodic_return=41.5327262878418
2022-11-15 07:56:05,773 - INFO: global_step=264682, episodic_return=7.834821701049805
2022-11-15 07:56:07,400 - INFO: global_step=265460, episodic_return=180.49700927734375
2022-11-15 07:56:08,998 - INFO: global_step=266460, episodic_return=37.193424224853516
2022-11-15 07:56:09,089 - INFO: global_step=266588, episodic_return=-179.649169921875
2022-11-15 07:56:11,458 - INFO: global_step=267588, episodic_return=3.8921959400177
2022-11-15 07:56:12,553 - INFO: global_step=268389, episodic_return=205.63198852539062
2022-11-15 07:56:13,237 - INFO: global_step=268952, episodic_return=213.86224365234375
2022-11-15 07:56:15,158 - INFO: global_step=269941, episodic_return=170.69761657714844
2022-11-15 07:56:16,723 - INFO: global_step=270941, episodic_return=-103.75151062011719
2022-11-15 07:56:18,802 - INFO: global_step=271941, episodic_return=-53.90491485595703
2022-11-15 07:56:19,967 - INFO: global_step=272831, episodic_return=171.09713745117188
2022-11-15 07:56:22,065 - INFO: global_step=273831, episodic_return=-57.173458099365234
2022-11-15 07:56:23,555 - INFO: global_step=274831, episodic_return=2.7847349643707275
2022-11-15 07:56:24,272 - INFO: global_step=275360, episodic_return=194.39373779296875
2022-11-15 07:56:25,584 - INFO: global_step=276360, episodic_return=-5.051843166351318
2022-11-15 07:56:27,039 - INFO: global_step=277360, episodic_return=-77.84953308105469
2022-11-15 07:56:28,865 - INFO: global_step=278360, episodic_return=-73.55242919921875
2022-11-15 07:56:30,483 - INFO: global_step=279360, episodic_return=-18.669950485229492
2022-11-15 07:56:32,624 - INFO: global_step=280360, episodic_return=-16.484811782836914
2022-11-15 07:56:34,422 - INFO: global_step=281360, episodic_return=-110.86547088623047
2022-11-15 07:56:35,356 - INFO: global_step=281980, episodic_return=212.58834838867188
2022-11-15 07:56:36,745 - INFO: global_step=282980, episodic_return=-15.480175971984863
2022-11-15 07:56:38,753 - INFO: global_step=283980, episodic_return=143.85025024414062
2022-11-15 07:56:38,947 - INFO: global_step=284223, episodic_return=-22.105506896972656
2022-11-15 07:56:40,974 - INFO: global_step=285223, episodic_return=-30.777929306030273
2022-11-15 07:56:42,656 - INFO: global_step=286223, episodic_return=-33.122623443603516
2022-11-15 07:56:44,099 - INFO: global_step=287223, episodic_return=-55.824947357177734
2022-11-15 07:56:45,918 - INFO: global_step=288223, episodic_return=-13.79509449005127
2022-11-15 07:56:47,185 - INFO: global_step=289223, episodic_return=-8.597053527832031
2022-11-15 07:56:48,775 - INFO: global_step=290223, episodic_return=-80.68557739257812
2022-11-15 07:56:50,455 - INFO: global_step=291223, episodic_return=-18.19638442993164
2022-11-15 07:56:52,575 - INFO: global_step=292223, episodic_return=-57.5113639831543
2022-11-15 07:56:54,706 - INFO: global_step=293223, episodic_return=-50.38999938964844
2022-11-15 07:56:56,176 - INFO: global_step=294172, episodic_return=149.7743682861328
2022-11-15 07:56:57,554 - INFO: global_step=295172, episodic_return=78.44560241699219
2022-11-15 07:56:59,003 - INFO: global_step=296172, episodic_return=-14.506827354431152
2022-11-15 07:57:00,921 - INFO: global_step=297172, episodic_return=-23.958343505859375
2022-11-15 07:57:02,432 - INFO: global_step=298172, episodic_return=-35.18941879272461
2022-11-15 07:57:03,735 - INFO: global_step=299172, episodic_return=-18.89513397216797
2022-11-15 07:57:05,647 - INFO: global_step=300172, episodic_return=-79.29169464111328
2022-11-15 07:57:07,437 - INFO: global_step=301172, episodic_return=-74.3938217163086
2022-11-15 07:57:09,036 - INFO: global_step=302172, episodic_return=-9.548271179199219
2022-11-15 07:57:10,622 - INFO: global_step=303172, episodic_return=-49.53670883178711
2022-11-15 07:57:12,414 - INFO: global_step=304172, episodic_return=-97.6458740234375
2022-11-15 07:57:13,892 - INFO: global_step=305172, episodic_return=-30.78508949279785
2022-11-15 07:57:15,263 - INFO: global_step=306172, episodic_return=-9.192339897155762
2022-11-15 07:57:16,832 - INFO: global_step=307172, episodic_return=-77.95023345947266
2022-11-15 07:57:18,292 - INFO: global_step=308172, episodic_return=-29.937376022338867
2022-11-15 07:57:20,014 - INFO: global_step=309172, episodic_return=-3.115645408630371
2022-11-15 07:57:21,373 - INFO: global_step=310032, episodic_return=191.34674072265625
2022-11-15 07:57:21,622 - INFO: global_step=310327, episodic_return=-239.40383911132812
2022-11-15 07:57:23,194 - INFO: global_step=311327, episodic_return=-44.323265075683594
2022-11-15 07:57:25,234 - INFO: global_step=312325, episodic_return=86.71725463867188
2022-11-15 07:57:26,712 - INFO: global_step=313325, episodic_return=-84.97758483886719
2022-11-15 07:57:27,545 - INFO: global_step=314034, episodic_return=165.21478271484375
2022-11-15 07:57:28,487 - INFO: global_step=314812, episodic_return=178.36300659179688
2022-11-15 07:57:28,564 - INFO: global_step=314939, episodic_return=-155.5520477294922
2022-11-15 07:57:28,908 - INFO: global_step=315333, episodic_return=269.30157470703125
2022-11-15 07:57:30,387 - INFO: global_step=316333, episodic_return=-49.834686279296875
2022-11-15 07:57:31,284 - INFO: global_step=316990, episodic_return=200.35992431640625
2022-11-15 07:57:31,851 - INFO: global_step=317472, episodic_return=223.06134033203125
2022-11-15 07:57:32,875 - INFO: global_step=317971, episodic_return=201.671875
2022-11-15 07:57:34,814 - INFO: global_step=318872, episodic_return=151.5604705810547
2022-11-15 07:57:36,189 - INFO: global_step=319724, episodic_return=141.35585021972656
2022-11-15 07:57:37,269 - INFO: global_step=320547, episodic_return=181.95936584472656
2022-11-15 07:57:38,983 - INFO: global_step=321547, episodic_return=-23.873510360717773
2022-11-15 07:57:39,867 - INFO: global_step=322335, episodic_return=146.72799682617188
2022-11-15 07:57:40,508 - INFO: global_step=322890, episodic_return=199.4177703857422
2022-11-15 07:57:41,402 - INFO: global_step=323521, episodic_return=173.3733367919922
2022-11-15 07:57:41,779 - INFO: global_step=323920, episodic_return=271.8782958984375
2022-11-15 07:57:42,409 - INFO: global_step=324443, episodic_return=263.6512451171875
2022-11-15 07:57:42,781 - INFO: global_step=324798, episodic_return=284.32684326171875
2022-11-15 07:57:43,773 - INFO: global_step=325513, episodic_return=109.03402709960938
2022-11-15 07:57:44,073 - INFO: global_step=325849, episodic_return=250.90023803710938
2022-11-15 07:57:44,813 - INFO: global_step=326372, episodic_return=211.21551513671875
2022-11-15 07:57:45,109 - INFO: global_step=326735, episodic_return=-31.344451904296875
2022-11-15 07:57:45,440 - INFO: global_step=327083, episodic_return=222.68087768554688
2022-11-15 07:57:45,827 - INFO: global_step=327474, episodic_return=272.6243896484375
2022-11-15 07:57:46,127 - INFO: global_step=327849, episodic_return=272.265869140625
2022-11-15 07:57:46,895 - INFO: global_step=328500, episodic_return=213.1062469482422
2022-11-15 07:57:47,536 - INFO: global_step=329010, episodic_return=242.510498046875
2022-11-15 07:57:48,049 - INFO: global_step=329489, episodic_return=266.5748291015625
2022-11-15 07:57:48,772 - INFO: global_step=330057, episodic_return=205.85122680664062
2022-11-15 07:57:50,038 - INFO: global_step=330947, episodic_return=123.1734619140625
2022-11-15 07:57:50,680 - INFO: global_step=331421, episodic_return=235.3084716796875
2022-11-15 07:57:51,302 - INFO: global_step=331934, episodic_return=262.87451171875
2022-11-15 07:57:51,708 - INFO: global_step=332361, episodic_return=208.9578857421875
2022-11-15 07:57:52,519 - INFO: global_step=332973, episodic_return=182.86965942382812
2022-11-15 07:57:52,998 - INFO: global_step=333413, episodic_return=271.55865478515625
2022-11-15 07:57:53,290 - INFO: global_step=333789, episodic_return=237.86695861816406
2022-11-15 07:57:53,561 - INFO: global_step=334135, episodic_return=184.25038146972656
2022-11-15 07:57:54,110 - INFO: global_step=334644, episodic_return=172.0902557373047
2022-11-15 07:57:55,403 - INFO: global_step=335594, episodic_return=135.83522033691406
2022-11-15 07:57:57,173 - INFO: global_step=336410, episodic_return=159.61627197265625
2022-11-15 07:57:57,994 - INFO: global_step=337002, episodic_return=223.41651916503906
2022-11-15 07:57:59,337 - INFO: global_step=337862, episodic_return=128.63755798339844
2022-11-15 07:58:00,186 - INFO: global_step=338450, episodic_return=234.8068389892578
2022-11-15 07:58:00,988 - INFO: global_step=339051, episodic_return=217.60647583007812
2022-11-15 07:58:01,865 - INFO: global_step=339656, episodic_return=163.815185546875
2022-11-15 07:58:03,089 - INFO: global_step=340525, episodic_return=170.06289672851562
2022-11-15 07:58:04,761 - INFO: global_step=341524, episodic_return=114.55732727050781
2022-11-15 07:58:06,539 - INFO: global_step=342524, episodic_return=7.212869167327881
2022-11-15 07:58:07,959 - INFO: global_step=343432, episodic_return=161.84658813476562
2022-11-15 07:58:09,938 - INFO: global_step=344432, episodic_return=53.124454498291016
2022-11-15 07:58:10,945 - INFO: global_step=345177, episodic_return=169.34336853027344
2022-11-15 07:58:12,426 - INFO: global_step=346177, episodic_return=92.96748352050781
2022-11-15 07:58:13,193 - INFO: global_step=346768, episodic_return=232.16624450683594
2022-11-15 07:58:13,991 - INFO: global_step=347388, episodic_return=182.38125610351562
2022-11-15 07:58:14,775 - INFO: global_step=347980, episodic_return=162.67074584960938
2022-11-15 07:58:16,552 - INFO: global_step=348980, episodic_return=133.74905395507812
2022-11-15 07:58:18,998 - INFO: global_step=349980, episodic_return=115.06405639648438
2022-11-15 07:58:19,635 - INFO: global_step=350471, episodic_return=198.14617919921875
2022-11-15 07:58:20,315 - INFO: global_step=351053, episodic_return=221.16282653808594
2022-11-15 07:58:21,224 - INFO: global_step=351668, episodic_return=146.70375061035156
2022-11-15 07:58:22,217 - INFO: global_step=352332, episodic_return=185.0974578857422
2022-11-15 07:58:22,932 - INFO: global_step=352904, episodic_return=185.21444702148438
2022-11-15 07:58:23,516 - INFO: global_step=353412, episodic_return=248.87777709960938
2022-11-15 07:58:24,069 - INFO: global_step=353898, episodic_return=210.93077087402344
2022-11-15 07:58:24,678 - INFO: global_step=354346, episodic_return=263.57769775390625
2022-11-15 07:58:25,313 - INFO: global_step=354810, episodic_return=269.29583740234375
2022-11-15 07:58:25,836 - INFO: global_step=355245, episodic_return=251.84703063964844
2022-11-15 07:58:26,387 - INFO: global_step=355690, episodic_return=249.13414001464844
2022-11-15 07:58:26,809 - INFO: global_step=356095, episodic_return=265.2376708984375
2022-11-15 07:58:27,279 - INFO: global_step=356563, episodic_return=223.5370635986328
2022-11-15 07:58:27,633 - INFO: global_step=356947, episodic_return=180.8753204345703
2022-11-15 07:58:28,985 - INFO: global_step=357825, episodic_return=192.36407470703125
2022-11-15 07:58:29,504 - INFO: global_step=358321, episodic_return=246.4911651611328
2022-11-15 07:58:30,197 - INFO: global_step=358884, episodic_return=253.9429168701172
2022-11-15 07:58:30,688 - INFO: global_step=359311, episodic_return=221.44732666015625
2022-11-15 07:58:31,188 - INFO: global_step=359781, episodic_return=208.74578857421875
2022-11-15 07:58:31,598 - INFO: global_step=360179, episodic_return=261.59881591796875
2022-11-15 07:58:31,918 - INFO: global_step=360526, episodic_return=267.5506591796875
2022-11-15 07:58:32,232 - INFO: global_step=360875, episodic_return=254.73583984375
2022-11-15 07:58:32,546 - INFO: global_step=361232, episodic_return=263.1895751953125
2022-11-15 07:58:32,909 - INFO: global_step=361627, episodic_return=237.31072998046875
2022-11-15 07:58:33,253 - INFO: global_step=362032, episodic_return=250.42007446289062
2022-11-15 07:58:33,627 - INFO: global_step=362419, episodic_return=230.6620635986328
2022-11-15 07:58:33,987 - INFO: global_step=362781, episodic_return=221.08389282226562
2022-11-15 07:58:34,534 - INFO: global_step=363233, episodic_return=252.93756103515625
2022-11-15 07:58:34,842 - INFO: global_step=363549, episodic_return=276.4435729980469
2022-11-15 07:58:35,137 - INFO: global_step=363854, episodic_return=254.15945434570312
2022-11-15 07:58:35,653 - INFO: global_step=364301, episodic_return=232.636962890625
2022-11-15 07:58:36,060 - INFO: global_step=364682, episodic_return=212.02012634277344
2022-11-15 07:58:36,352 - INFO: global_step=365016, episodic_return=278.283447265625
2022-11-15 07:58:36,783 - INFO: global_step=365432, episodic_return=252.33924865722656
2022-11-15 07:58:37,025 - INFO: global_step=365702, episodic_return=230.7206573486328
2022-11-15 07:58:37,368 - INFO: global_step=366067, episodic_return=215.2701416015625
2022-11-15 07:58:37,634 - INFO: global_step=366353, episodic_return=259.892822265625
2022-11-15 07:58:38,225 - INFO: global_step=366858, episodic_return=275.46240234375
2022-11-15 07:58:38,555 - INFO: global_step=367158, episodic_return=-28.11803436279297
2022-11-15 07:58:39,228 - INFO: global_step=367627, episodic_return=180.67184448242188
2022-11-15 07:58:39,456 - INFO: global_step=367913, episodic_return=-42.79999542236328
2022-11-15 07:58:39,750 - INFO: global_step=368290, episodic_return=268.5177001953125
2022-11-15 07:58:40,099 - INFO: global_step=368667, episodic_return=243.09808349609375
2022-11-15 07:58:40,365 - INFO: global_step=368979, episodic_return=276.618408203125
2022-11-15 07:58:40,666 - INFO: global_step=369334, episodic_return=187.95042419433594
2022-11-15 07:58:41,019 - INFO: global_step=369712, episodic_return=233.70364379882812
2022-11-15 07:58:41,424 - INFO: global_step=370118, episodic_return=256.26556396484375
2022-11-15 07:58:42,037 - INFO: global_step=370621, episodic_return=201.65802001953125
2022-11-15 07:58:42,465 - INFO: global_step=370999, episodic_return=229.53512573242188
2022-11-15 07:58:43,004 - INFO: global_step=371531, episodic_return=220.37135314941406
2022-11-15 07:58:43,760 - INFO: global_step=372211, episodic_return=184.09922790527344
2022-11-15 07:58:44,103 - INFO: global_step=372586, episodic_return=222.7529296875
2022-11-15 07:58:44,424 - INFO: global_step=372975, episodic_return=266.3323974609375
2022-11-15 07:58:45,012 - INFO: global_step=373516, episodic_return=221.16966247558594
2022-11-15 07:58:45,504 - INFO: global_step=373995, episodic_return=256.2158508300781
2022-11-15 07:58:46,034 - INFO: global_step=374508, episodic_return=230.627197265625
2022-11-15 07:58:46,876 - INFO: global_step=375175, episodic_return=200.83238220214844
2022-11-15 07:58:47,312 - INFO: global_step=375604, episodic_return=270.46820068359375
2022-11-15 07:58:47,730 - INFO: global_step=376045, episodic_return=236.3182373046875
2022-11-15 07:58:48,095 - INFO: global_step=376433, episodic_return=240.63348388671875
2022-11-15 07:58:48,496 - INFO: global_step=376875, episodic_return=271.12384033203125
2022-11-15 07:58:49,263 - INFO: global_step=377498, episodic_return=248.85910034179688
2022-11-15 07:58:49,567 - INFO: global_step=377868, episodic_return=263.35504150390625
2022-11-15 07:58:49,943 - INFO: global_step=378206, episodic_return=252.461181640625
2022-11-15 07:58:50,537 - INFO: global_step=378704, episodic_return=255.82424926757812
2022-11-15 07:58:51,064 - INFO: global_step=379084, episodic_return=274.99481201171875
2022-11-15 07:58:51,399 - INFO: global_step=379475, episodic_return=252.73568725585938
2022-11-15 07:58:51,734 - INFO: global_step=379852, episodic_return=268.7049865722656
2022-11-15 07:58:52,455 - INFO: global_step=380458, episodic_return=209.0411376953125
2022-11-15 07:58:53,153 - INFO: global_step=381065, episodic_return=203.73269653320312
2022-11-15 07:58:53,542 - INFO: global_step=381455, episodic_return=214.79879760742188
2022-11-15 07:58:54,499 - INFO: global_step=382366, episodic_return=164.28720092773438
2022-11-15 07:58:55,198 - INFO: global_step=382915, episodic_return=258.40521240234375
2022-11-15 07:58:55,606 - INFO: global_step=383298, episodic_return=262.7000732421875
2022-11-15 07:58:56,268 - INFO: global_step=383846, episodic_return=253.4156494140625
2022-11-15 07:58:56,698 - INFO: global_step=384346, episodic_return=246.65139770507812
2022-11-15 07:58:57,583 - INFO: global_step=385009, episodic_return=195.55252075195312
2022-11-15 07:58:57,913 - INFO: global_step=385411, episodic_return=204.2268524169922
2022-11-15 07:58:58,382 - INFO: global_step=385883, episodic_return=222.8867950439453
2022-11-15 07:58:58,968 - INFO: global_step=386403, episodic_return=194.02352905273438
2022-11-15 07:58:59,367 - INFO: global_step=386791, episodic_return=215.76361083984375
2022-11-15 07:58:59,673 - INFO: global_step=387155, episodic_return=258.6872253417969
2022-11-15 07:58:59,926 - INFO: global_step=387489, episodic_return=212.680419921875
2022-11-15 07:59:00,136 - INFO: global_step=387772, episodic_return=-40.826656341552734
2022-11-15 07:59:00,447 - INFO: global_step=388158, episodic_return=243.63528442382812
2022-11-15 07:59:00,846 - INFO: global_step=388603, episodic_return=192.43569946289062
2022-11-15 07:59:01,201 - INFO: global_step=388994, episodic_return=226.3280029296875
2022-11-15 07:59:01,460 - INFO: global_step=389340, episodic_return=225.52464294433594
2022-11-15 07:59:01,775 - INFO: global_step=389737, episodic_return=-62.76831817626953
2022-11-15 07:59:02,400 - INFO: global_step=390279, episodic_return=194.499267578125
2022-11-15 07:59:03,046 - INFO: global_step=390800, episodic_return=182.43235778808594
2022-11-15 07:59:04,013 - INFO: global_step=391268, episodic_return=-16.828445434570312
2022-11-15 07:59:05,394 - INFO: global_step=391974, episodic_return=130.2077178955078
2022-11-15 07:59:06,404 - INFO: global_step=392623, episodic_return=196.16909790039062
2022-11-15 07:59:07,123 - INFO: global_step=393202, episodic_return=174.05453491210938
2022-11-15 07:59:07,839 - INFO: global_step=393770, episodic_return=193.7445068359375
2022-11-15 07:59:08,563 - INFO: global_step=394413, episodic_return=180.05291748046875
2022-11-15 07:59:09,368 - INFO: global_step=394995, episodic_return=210.02545166015625
2022-11-15 07:59:11,016 - INFO: global_step=395855, episodic_return=182.26419067382812
2022-11-15 07:59:12,296 - INFO: global_step=396624, episodic_return=207.66860961914062
2022-11-15 07:59:12,947 - INFO: global_step=397221, episodic_return=239.59396362304688
2022-11-15 07:59:13,710 - INFO: global_step=397730, episodic_return=170.9062042236328
2022-11-15 07:59:14,147 - INFO: global_step=398080, episodic_return=-75.51181030273438
2022-11-15 07:59:14,277 - INFO: global_step=398226, episodic_return=-280.16802978515625
2022-11-15 07:59:14,368 - INFO: global_step=398354, episodic_return=-105.250732421875
2022-11-15 07:59:15,502 - INFO: global_step=399133, episodic_return=178.05947875976562
2022-11-15 07:59:15,898 - INFO: global_step=399540, episodic_return=229.83758544921875
2022-11-15 07:59:16,476 - INFO: global_step=400127, episodic_return=169.13641357421875
2022-11-15 07:59:17,371 - INFO: global_step=400866, episodic_return=135.0059356689453
2022-11-15 07:59:18,303 - INFO: global_step=401489, episodic_return=210.09918212890625
2022-11-15 07:59:18,555 - INFO: global_step=401790, episodic_return=293.1665344238281
2022-11-15 07:59:20,170 - INFO: global_step=402790, episodic_return=-16.676902770996094
2022-11-15 07:59:20,552 - INFO: global_step=403165, episodic_return=256.6563415527344
2022-11-15 07:59:20,819 - INFO: global_step=403447, episodic_return=-7.704811096191406
2022-11-15 07:59:21,100 - INFO: global_step=403776, episodic_return=229.1175079345703
2022-11-15 07:59:21,440 - INFO: global_step=404186, episodic_return=221.83474731445312
2022-11-15 07:59:22,133 - INFO: global_step=404708, episodic_return=-293.15576171875
2022-11-15 07:59:23,779 - INFO: global_step=405708, episodic_return=-1550.6429443359375
2022-11-15 07:59:24,174 - INFO: global_step=406104, episodic_return=171.83038330078125
2022-11-15 07:59:24,486 - INFO: global_step=406479, episodic_return=172.48394775390625
2022-11-15 07:59:24,596 - INFO: global_step=406632, episodic_return=-92.7763900756836
2022-11-15 07:59:24,654 - INFO: global_step=406702, episodic_return=-59.95197677612305
2022-11-15 07:59:24,732 - INFO: global_step=406800, episodic_return=-15.385528564453125
2022-11-15 07:59:26,287 - INFO: global_step=407800, episodic_return=-30.68254280090332
2022-11-15 07:59:27,745 - INFO: global_step=408800, episodic_return=2.3805150985717773
2022-11-15 07:59:29,005 - INFO: global_step=409800, episodic_return=140.18479919433594
2022-11-15 07:59:29,623 - INFO: global_step=410266, episodic_return=222.8799591064453
2022-11-15 07:59:30,044 - INFO: global_step=410560, episodic_return=273.0718688964844
2022-11-15 07:59:30,251 - INFO: global_step=410830, episodic_return=267.484375
2022-11-15 07:59:31,687 - INFO: global_step=411830, episodic_return=30.983699798583984
2022-11-15 07:59:32,090 - INFO: global_step=412172, episodic_return=243.28868103027344
2022-11-15 07:59:32,837 - INFO: global_step=412690, episodic_return=179.86187744140625
2022-11-15 07:59:33,434 - INFO: global_step=413239, episodic_return=197.78138732910156
2022-11-15 07:59:33,646 - INFO: global_step=413483, episodic_return=245.29942321777344
2022-11-15 07:59:33,852 - INFO: global_step=413754, episodic_return=245.34796142578125
2022-11-15 07:59:34,042 - INFO: global_step=414020, episodic_return=279.35699462890625
2022-11-15 07:59:34,243 - INFO: global_step=414316, episodic_return=277.4248962402344
2022-11-15 07:59:34,444 - INFO: global_step=414598, episodic_return=229.0159149169922
2022-11-15 07:59:34,614 - INFO: global_step=414831, episodic_return=194.990478515625
2022-11-15 07:59:35,167 - INFO: global_step=415358, episodic_return=227.465087890625
2022-11-15 07:59:35,306 - INFO: global_step=415578, episodic_return=264.4771728515625
2022-11-15 07:59:35,453 - INFO: global_step=415803, episodic_return=246.0020751953125
2022-11-15 07:59:35,672 - INFO: global_step=416086, episodic_return=224.84413146972656
2022-11-15 07:59:35,801 - INFO: global_step=416257, episodic_return=-32.186744689941406
2022-11-15 07:59:36,046 - INFO: global_step=416573, episodic_return=218.31411743164062
2022-11-15 07:59:36,263 - INFO: global_step=416836, episodic_return=272.5721130371094
2022-11-15 07:59:36,475 - INFO: global_step=417112, episodic_return=256.6979064941406
2022-11-15 07:59:36,765 - INFO: global_step=417448, episodic_return=264.95977783203125
2022-11-15 07:59:37,126 - INFO: global_step=417836, episodic_return=277.486572265625
2022-11-15 07:59:37,719 - INFO: global_step=418411, episodic_return=233.04879760742188
2022-11-15 07:59:38,259 - INFO: global_step=418884, episodic_return=257.8258056640625
2022-11-15 07:59:38,553 - INFO: global_step=419208, episodic_return=287.10504150390625
2022-11-15 07:59:38,816 - INFO: global_step=419553, episodic_return=286.73504638671875
2022-11-15 07:59:39,083 - INFO: global_step=419853, episodic_return=268.38934326171875
2022-11-15 07:59:39,685 - INFO: global_step=420404, episodic_return=206.15817260742188
2022-11-15 07:59:40,223 - INFO: global_step=420842, episodic_return=201.00662231445312
2022-11-15 07:59:40,525 - INFO: global_step=421109, episodic_return=178.7789306640625
2022-11-15 07:59:41,082 - INFO: global_step=421595, episodic_return=219.04449462890625
2022-11-15 07:59:41,715 - INFO: global_step=422181, episodic_return=183.87237548828125
2022-11-15 07:59:42,119 - INFO: global_step=422629, episodic_return=220.95465087890625
2022-11-15 07:59:42,522 - INFO: global_step=423029, episodic_return=244.51541137695312
2022-11-15 07:59:42,825 - INFO: global_step=423372, episodic_return=254.15554809570312
2022-11-15 07:59:43,643 - INFO: global_step=424047, episodic_return=225.22279357910156
2022-11-15 07:59:44,134 - INFO: global_step=424547, episodic_return=175.89285278320312
2022-11-15 07:59:44,383 - INFO: global_step=424851, episodic_return=197.93655395507812
2022-11-15 07:59:44,766 - INFO: global_step=425211, episodic_return=255.3340606689453
2022-11-15 07:59:45,168 - INFO: global_step=425649, episodic_return=183.40689086914062
2022-11-15 07:59:45,551 - INFO: global_step=426081, episodic_return=211.55621337890625
2022-11-15 07:59:45,852 - INFO: global_step=426438, episodic_return=-42.84149169921875
2022-11-15 07:59:46,201 - INFO: global_step=426850, episodic_return=231.97100830078125
2022-11-15 07:59:46,469 - INFO: global_step=427139, episodic_return=239.53546142578125
2022-11-15 07:59:46,980 - INFO: global_step=427622, episodic_return=152.19110107421875
2022-11-15 07:59:48,709 - INFO: global_step=428622, episodic_return=67.1360092163086
2022-11-15 07:59:49,320 - INFO: global_step=429150, episodic_return=168.06219482421875
2022-11-15 07:59:49,807 - INFO: global_step=429650, episodic_return=184.23904418945312
2022-11-15 07:59:50,407 - INFO: global_step=430187, episodic_return=155.1392059326172
2022-11-15 07:59:51,431 - INFO: global_step=430989, episodic_return=199.27603149414062
2022-11-15 07:59:52,043 - INFO: global_step=431664, episodic_return=257.74517822265625
2022-11-15 07:59:52,781 - INFO: global_step=432325, episodic_return=181.6168212890625
2022-11-15 07:59:53,198 - INFO: global_step=432635, episodic_return=-4.062782287597656
2022-11-15 07:59:53,869 - INFO: global_step=433237, episodic_return=176.60659790039062
2022-11-15 07:59:54,555 - INFO: global_step=433813, episodic_return=219.63949584960938
2022-11-15 07:59:55,205 - INFO: global_step=434463, episodic_return=274.45452880859375
2022-11-15 07:59:55,559 - INFO: global_step=434852, episodic_return=192.90676879882812
2022-11-15 07:59:55,879 - INFO: global_step=435222, episodic_return=195.27099609375
2022-11-15 07:59:56,154 - INFO: global_step=435575, episodic_return=210.54718017578125
2022-11-15 07:59:56,393 - INFO: global_step=435886, episodic_return=231.21817016601562
2022-11-15 07:59:56,733 - INFO: global_step=436231, episodic_return=193.32012939453125
2022-11-15 07:59:57,270 - INFO: global_step=436640, episodic_return=195.9208984375
2022-11-15 07:59:58,054 - INFO: global_step=437286, episodic_return=240.36572265625
2022-11-15 07:59:58,417 - INFO: global_step=437586, episodic_return=292.8544616699219
2022-11-15 07:59:59,276 - INFO: global_step=438411, episodic_return=199.20570373535156
2022-11-15 07:59:59,757 - INFO: global_step=438851, episodic_return=255.83560180664062
2022-11-15 08:00:00,138 - INFO: global_step=439284, episodic_return=293.35205078125
2022-11-15 08:00:00,401 - INFO: global_step=439582, episodic_return=206.86941528320312
2022-11-15 08:00:00,515 - INFO: global_step=439759, episodic_return=-9.629417419433594
2022-11-15 08:00:00,606 - INFO: global_step=439898, episodic_return=-8.035774230957031
2022-11-15 08:00:00,858 - INFO: global_step=440200, episodic_return=241.41294860839844
2022-11-15 08:00:01,014 - INFO: global_step=440394, episodic_return=32.38420104980469
2022-11-15 08:00:01,204 - INFO: global_step=440628, episodic_return=-2.1364364624023438
2022-11-15 08:00:01,687 - INFO: global_step=441081, episodic_return=206.05836486816406
2022-11-15 08:00:01,911 - INFO: global_step=441349, episodic_return=219.79971313476562
2022-11-15 08:00:02,279 - INFO: global_step=441732, episodic_return=222.14564514160156
2022-11-15 08:00:02,477 - INFO: global_step=442005, episodic_return=264.44146728515625
2022-11-15 08:00:02,779 - INFO: global_step=442350, episodic_return=216.57962036132812
2022-11-15 08:00:03,275 - INFO: global_step=442807, episodic_return=258.24395751953125
2022-11-15 08:00:03,472 - INFO: global_step=443062, episodic_return=200.37503051757812
2022-11-15 08:00:04,111 - INFO: global_step=443580, episodic_return=258.529296875
2022-11-15 08:00:04,390 - INFO: global_step=443919, episodic_return=240.88075256347656
2022-11-15 08:00:04,586 - INFO: global_step=444177, episodic_return=218.84112548828125
2022-11-15 08:00:04,832 - INFO: global_step=444470, episodic_return=234.24618530273438
2022-11-15 08:00:05,054 - INFO: global_step=444767, episodic_return=211.2232208251953
2022-11-15 08:00:05,400 - INFO: global_step=445092, episodic_return=177.40921020507812
2022-11-15 08:00:05,774 - INFO: global_step=445496, episodic_return=159.5518035888672
2022-11-15 08:00:06,424 - INFO: global_step=446103, episodic_return=184.35589599609375
2022-11-15 08:00:06,683 - INFO: global_step=446408, episodic_return=177.7769012451172
2022-11-15 08:00:07,054 - INFO: global_step=446730, episodic_return=201.44654846191406
2022-11-15 08:00:07,689 - INFO: global_step=447246, episodic_return=201.77035522460938
2022-11-15 08:00:08,005 - INFO: global_step=447560, episodic_return=215.77804565429688
2022-11-15 08:00:08,699 - INFO: global_step=448162, episodic_return=115.3536605834961
2022-11-15 08:00:09,079 - INFO: global_step=448573, episodic_return=170.659912109375
2022-11-15 08:00:09,187 - INFO: global_step=448722, episodic_return=-19.136627197265625
2022-11-15 08:00:09,303 - INFO: global_step=448879, episodic_return=-104.26676940917969
2022-11-15 08:00:09,402 - INFO: global_step=449034, episodic_return=-86.56719970703125
2022-11-15 08:00:09,451 - INFO: global_step=449121, episodic_return=-104.85614776611328
2022-11-15 08:00:09,509 - INFO: global_step=449215, episodic_return=-3.0160064697265625
2022-11-15 08:00:10,229 - INFO: global_step=449865, episodic_return=175.37893676757812
2022-11-15 08:00:10,781 - INFO: global_step=450333, episodic_return=186.1133270263672
2022-11-15 08:00:10,898 - INFO: global_step=450480, episodic_return=7.7653961181640625
2022-11-15 08:00:12,455 - INFO: global_step=451480, episodic_return=-27.649545669555664
2022-11-15 08:00:12,579 - INFO: global_step=451620, episodic_return=-65.16194915771484
2022-11-15 08:00:13,317 - INFO: global_step=452280, episodic_return=141.6914520263672
2022-11-15 08:00:14,532 - INFO: global_step=453280, episodic_return=6.552919387817383
2022-11-15 08:00:15,433 - INFO: global_step=453989, episodic_return=151.44358825683594
2022-11-15 08:00:16,905 - INFO: global_step=454989, episodic_return=-40.652854919433594
2022-11-15 08:00:17,607 - INFO: global_step=455549, episodic_return=169.82952880859375
2022-11-15 08:00:18,535 - INFO: global_step=456151, episodic_return=160.7925262451172
2022-11-15 08:00:19,433 - INFO: global_step=456856, episodic_return=111.6934814453125
2022-11-15 08:00:20,223 - INFO: global_step=457512, episodic_return=187.43907165527344
2022-11-15 08:00:21,286 - INFO: global_step=458269, episodic_return=208.81561279296875
2022-11-15 08:00:22,874 - INFO: global_step=459115, episodic_return=145.1984100341797
2022-11-15 08:00:24,170 - INFO: global_step=460115, episodic_return=-29.669858932495117
2022-11-15 08:00:25,410 - INFO: global_step=460884, episodic_return=172.55856323242188
2022-11-15 08:00:26,002 - INFO: global_step=461423, episodic_return=-58.68516540527344
2022-11-15 08:00:27,553 - INFO: global_step=462331, episodic_return=143.4805908203125
2022-11-15 08:00:27,987 - INFO: global_step=462790, episodic_return=239.38934326171875
2022-11-15 08:00:29,204 - INFO: global_step=463743, episodic_return=205.44326782226562
2022-11-15 08:00:29,969 - INFO: global_step=464370, episodic_return=200.6048583984375
2022-11-15 08:00:30,659 - INFO: global_step=464985, episodic_return=163.29238891601562
2022-11-15 08:00:31,095 - INFO: global_step=465445, episodic_return=249.44912719726562
2022-11-15 08:00:31,521 - INFO: global_step=465875, episodic_return=258.99078369140625
2022-11-15 08:00:31,594 - INFO: global_step=465995, episodic_return=-87.4380874633789
2022-11-15 08:00:32,030 - INFO: global_step=466442, episodic_return=209.62945556640625
2022-11-15 08:00:32,665 - INFO: global_step=466963, episodic_return=222.21835327148438
2022-11-15 08:00:33,999 - INFO: global_step=467703, episodic_return=214.9476776123047
2022-11-15 08:00:35,189 - INFO: global_step=468222, episodic_return=234.94573974609375
2022-11-15 08:00:35,736 - INFO: global_step=468688, episodic_return=156.68638610839844
2022-11-15 08:00:36,491 - INFO: global_step=469329, episodic_return=-51.424102783203125
2022-11-15 08:00:37,070 - INFO: global_step=469844, episodic_return=-56.19879913330078
2022-11-15 08:00:38,771 - INFO: global_step=470844, episodic_return=-45.05177307128906
2022-11-15 08:00:39,316 - INFO: global_step=471305, episodic_return=-98.53120422363281
2022-11-15 08:00:39,603 - INFO: global_step=471643, episodic_return=217.8408203125
2022-11-15 08:00:39,819 - INFO: global_step=471929, episodic_return=-46.52851104736328
2022-11-15 08:00:40,152 - INFO: global_step=472289, episodic_return=230.2124481201172
2022-11-15 08:00:41,308 - INFO: global_step=473289, episodic_return=-40.559383392333984
2022-11-15 08:00:42,048 - INFO: global_step=473856, episodic_return=186.2196044921875
2022-11-15 08:00:42,381 - INFO: global_step=474200, episodic_return=208.62400817871094
2022-11-15 08:00:43,901 - INFO: global_step=475200, episodic_return=-75.91637420654297
2022-11-15 08:00:44,171 - INFO: global_step=475525, episodic_return=-58.90807342529297
2022-11-15 08:00:45,515 - INFO: global_step=476525, episodic_return=-44.904296875
2022-11-15 08:00:45,903 - INFO: global_step=476953, episodic_return=157.57623291015625
2022-11-15 08:00:47,061 - INFO: global_step=477953, episodic_return=-62.9986457824707
2022-11-15 08:00:47,723 - INFO: global_step=478429, episodic_return=183.8418731689453
2022-11-15 08:00:48,363 - INFO: global_step=478903, episodic_return=-69.41755676269531
2022-11-15 08:00:49,467 - INFO: global_step=479707, episodic_return=176.0648956298828
2022-11-15 08:00:50,511 - INFO: global_step=480400, episodic_return=153.11412048339844
2022-11-15 08:00:52,610 - INFO: global_step=481385, episodic_return=82.03607177734375
2022-11-15 08:00:54,366 - INFO: global_step=482385, episodic_return=-50.888580322265625
2022-11-15 08:00:54,982 - INFO: global_step=482894, episodic_return=117.56845092773438
2022-11-15 08:00:55,607 - INFO: global_step=483405, episodic_return=157.98565673828125
2022-11-15 08:00:56,130 - INFO: global_step=483970, episodic_return=280.249267578125
2022-11-15 08:00:56,953 - INFO: global_step=484601, episodic_return=200.79193115234375
2022-11-15 08:00:58,505 - INFO: global_step=485601, episodic_return=-9.062518119812012
2022-11-15 08:00:59,484 - INFO: global_step=486218, episodic_return=140.99537658691406
2022-11-15 08:00:59,823 - INFO: global_step=486577, episodic_return=213.55587768554688
2022-11-15 08:01:00,259 - INFO: global_step=487100, episodic_return=-31.321746826171875
2022-11-15 08:01:00,926 - INFO: global_step=487705, episodic_return=231.6304473876953
2022-11-15 08:01:01,292 - INFO: global_step=488079, episodic_return=175.24560546875
2022-11-15 08:01:01,550 - INFO: global_step=488379, episodic_return=268.06927490234375
2022-11-15 08:01:02,348 - INFO: global_step=489045, episodic_return=186.55947875976562
2022-11-15 08:01:02,630 - INFO: global_step=489395, episodic_return=260.2339172363281
2022-11-15 08:01:04,002 - INFO: global_step=490395, episodic_return=-73.0165786743164
2022-11-15 08:01:04,341 - INFO: global_step=490776, episodic_return=254.5845947265625
2022-11-15 08:01:06,205 - INFO: global_step=491776, episodic_return=-64.57637786865234
2022-11-15 08:01:06,664 - INFO: global_step=492133, episodic_return=256.9039001464844
2022-11-15 08:01:08,532 - INFO: global_step=493133, episodic_return=-48.03764724731445
2022-11-15 08:01:10,203 - INFO: global_step=494133, episodic_return=-74.97588348388672
2022-11-15 08:01:10,791 - INFO: global_step=494617, episodic_return=148.26797485351562
2022-11-15 08:01:11,379 - INFO: global_step=495098, episodic_return=244.9319305419922
2022-11-15 08:01:12,523 - INFO: global_step=495866, episodic_return=223.342529296875
2022-11-15 08:01:13,798 - INFO: global_step=496716, episodic_return=85.21436309814453
2022-11-15 08:01:14,675 - INFO: global_step=497337, episodic_return=211.3487091064453
2022-11-15 08:01:14,777 - INFO: global_step=497494, episodic_return=21.48736572265625
2022-11-15 08:01:15,100 - INFO: global_step=497874, episodic_return=-64.05970001220703
2022-11-15 08:01:15,203 - INFO: global_step=498040, episodic_return=5.842582702636719
2022-11-15 08:01:15,522 - INFO: global_step=498333, episodic_return=6.744316101074219
2022-11-15 08:01:15,694 - INFO: global_step=498554, episodic_return=-349.11798095703125
2022-11-15 08:01:15,810 - INFO: global_step=498703, episodic_return=-408.5238342285156
2022-11-15 08:01:16,328 - INFO: global_step=499171, episodic_return=267.38226318359375
2022-11-15 08:01:16,654 - INFO: global_step=499443, episodic_return=-31.50328826904297
2022-11-15 08:01:17,007 - INFO: global_step=499845, episodic_return=216.6638946533203
2022-11-15 08:01:17,082 - INFO: global_step=499962, episodic_return=-661.32373046875
2022-11-15 08:01:17,102 - INFO: The average reward of last 20 steps: 12.02979907989502
