2022-11-15 05:49:11,546 - INFO: +--------------------------+----------------+
| Parameter                | Value          |
+--------------------------+----------------+
| exp_name                 | dqn            |
+--------------------------+----------------+
| seed                     | 42             |
+--------------------------+----------------+
| total_timesteps          | 500000         |
+--------------------------+----------------+
| learning_rate            | 0.001          |
+--------------------------+----------------+
| buffer_size              | 2000           |
+--------------------------+----------------+
| gamma                    | 0.982          |
+--------------------------+----------------+
| target_network_frequency | 50             |
+--------------------------+----------------+
| batch_size               | 128            |
+--------------------------+----------------+
| start_e                  | 0.900          |
+--------------------------+----------------+
| end_e                    | 0.010          |
+--------------------------+----------------+
| exploration_fraction     | 0.200          |
+--------------------------+----------------+
| learning_starts          | 10000          |
+--------------------------+----------------+
| train_frequency          | 10             |
+--------------------------+----------------+
| env_id                   | LunarLander-v2 |
+--------------------------+----------------+
2022-11-15 05:49:14,373 - INFO: global_step=112, episodic_return=-339.75921630859375
2022-11-15 05:49:14,416 - INFO: global_step=233, episodic_return=-152.68775939941406
2022-11-15 05:49:14,445 - INFO: global_step=299, episodic_return=-109.94239807128906
2022-11-15 05:49:14,485 - INFO: global_step=416, episodic_return=-203.19461059570312
2022-11-15 05:49:14,516 - INFO: global_step=527, episodic_return=-443.8146057128906
2022-11-15 05:49:14,550 - INFO: global_step=645, episodic_return=-16.002593994140625
2022-11-15 05:49:14,570 - INFO: global_step=707, episodic_return=-80.40404510498047
2022-11-15 05:49:14,592 - INFO: global_step=772, episodic_return=-328.1663818359375
2022-11-15 05:49:14,623 - INFO: global_step=865, episodic_return=-308.7459411621094
2022-11-15 05:49:14,657 - INFO: global_step=967, episodic_return=-176.49862670898438
2022-11-15 05:49:14,676 - INFO: global_step=1039, episodic_return=-86.45096588134766
2022-11-15 05:49:14,713 - INFO: global_step=1168, episodic_return=-100.63036346435547
2022-11-15 05:49:14,731 - INFO: global_step=1243, episodic_return=-93.68302154541016
2022-11-15 05:49:14,773 - INFO: global_step=1357, episodic_return=-179.7889404296875
2022-11-15 05:49:14,810 - INFO: global_step=1477, episodic_return=-148.72283935546875
2022-11-15 05:49:14,828 - INFO: global_step=1543, episodic_return=-135.9311981201172
2022-11-15 05:49:14,851 - INFO: global_step=1627, episodic_return=-235.9106903076172
2022-11-15 05:49:14,872 - INFO: global_step=1709, episodic_return=-146.7440948486328
2022-11-15 05:49:14,906 - INFO: global_step=1802, episodic_return=-269.2724609375
2022-11-15 05:49:14,975 - INFO: global_step=1977, episodic_return=-153.07801818847656
2022-11-15 05:49:14,998 - INFO: global_step=2058, episodic_return=-92.08556365966797
2022-11-15 05:49:15,034 - INFO: global_step=2183, episodic_return=-198.345458984375
2022-11-15 05:49:15,052 - INFO: global_step=2253, episodic_return=-118.945068359375
2022-11-15 05:49:15,088 - INFO: global_step=2372, episodic_return=-471.9376220703125
2022-11-15 05:49:15,128 - INFO: global_step=2518, episodic_return=-165.21875
2022-11-15 05:49:15,153 - INFO: global_step=2622, episodic_return=-326.96661376953125
2022-11-15 05:49:15,187 - INFO: global_step=2754, episodic_return=-90.74867248535156
2022-11-15 05:49:15,211 - INFO: global_step=2838, episodic_return=-139.91246032714844
2022-11-15 05:49:15,236 - INFO: global_step=2921, episodic_return=-166.60935974121094
2022-11-15 05:49:15,262 - INFO: global_step=3001, episodic_return=-144.57115173339844
2022-11-15 05:49:15,289 - INFO: global_step=3096, episodic_return=-368.6451721191406
2022-11-15 05:49:15,306 - INFO: global_step=3154, episodic_return=-220.05966186523438
2022-11-15 05:49:15,324 - INFO: global_step=3218, episodic_return=-108.5665054321289
2022-11-15 05:49:15,348 - INFO: global_step=3311, episodic_return=-418.865234375
2022-11-15 05:49:15,370 - INFO: global_step=3405, episodic_return=-87.0354232788086
2022-11-15 05:49:15,395 - INFO: global_step=3505, episodic_return=-290.7889404296875
2022-11-15 05:49:15,419 - INFO: global_step=3595, episodic_return=-366.2431335449219
2022-11-15 05:49:15,456 - INFO: global_step=3729, episodic_return=-147.59121704101562
2022-11-15 05:49:15,480 - INFO: global_step=3822, episodic_return=-126.75637817382812
2022-11-15 05:49:15,503 - INFO: global_step=3909, episodic_return=-97.88013458251953
2022-11-15 05:49:15,519 - INFO: global_step=3973, episodic_return=-92.5807113647461
2022-11-15 05:49:15,538 - INFO: global_step=4066, episodic_return=-70.51806640625
2022-11-15 05:49:15,571 - INFO: global_step=4169, episodic_return=-416.4515380859375
2022-11-15 05:49:15,588 - INFO: global_step=4231, episodic_return=-103.96234130859375
2022-11-15 05:49:15,603 - INFO: global_step=4299, episodic_return=-100.55206298828125
2022-11-15 05:49:15,639 - INFO: global_step=4405, episodic_return=-106.29425811767578
2022-11-15 05:49:15,664 - INFO: global_step=4478, episodic_return=-310.41204833984375
2022-11-15 05:49:15,692 - INFO: global_step=4555, episodic_return=-143.80056762695312
2022-11-15 05:49:15,725 - INFO: global_step=4644, episodic_return=-256.50750732421875
2022-11-15 05:49:15,767 - INFO: global_step=4766, episodic_return=-386.17010498046875
2022-11-15 05:49:15,800 - INFO: global_step=4842, episodic_return=-132.87429809570312
2022-11-15 05:49:15,820 - INFO: global_step=4903, episodic_return=-226.46075439453125
2022-11-15 05:49:15,845 - INFO: global_step=4970, episodic_return=-110.00067901611328
2022-11-15 05:49:15,871 - INFO: global_step=5043, episodic_return=18.831207275390625
2022-11-15 05:49:15,899 - INFO: global_step=5105, episodic_return=-123.51087951660156
2022-11-15 05:49:15,922 - INFO: global_step=5175, episodic_return=-198.46511840820312
2022-11-15 05:49:15,962 - INFO: global_step=5291, episodic_return=-105.95549774169922
2022-11-15 05:49:15,987 - INFO: global_step=5361, episodic_return=-326.16986083984375
2022-11-15 05:49:16,021 - INFO: global_step=5446, episodic_return=-335.39300537109375
2022-11-15 05:49:16,048 - INFO: global_step=5512, episodic_return=-134.17955017089844
2022-11-15 05:49:16,089 - INFO: global_step=5614, episodic_return=-351.66357421875
2022-11-15 05:49:16,136 - INFO: global_step=5692, episodic_return=-534.6214599609375
2022-11-15 05:49:16,209 - INFO: global_step=5775, episodic_return=-115.09584045410156
2022-11-15 05:49:16,241 - INFO: global_step=5847, episodic_return=-72.95881652832031
2022-11-15 05:49:16,302 - INFO: global_step=5983, episodic_return=-138.4239501953125
2022-11-15 05:49:16,330 - INFO: global_step=6061, episodic_return=-337.83502197265625
2022-11-15 05:49:16,362 - INFO: global_step=6141, episodic_return=-155.94509887695312
2022-11-15 05:49:16,398 - INFO: global_step=6242, episodic_return=-266.935546875
2022-11-15 05:49:16,434 - INFO: global_step=6349, episodic_return=-405.892333984375
2022-11-15 05:49:16,498 - INFO: global_step=6489, episodic_return=-467.5487976074219
2022-11-15 05:49:16,523 - INFO: global_step=6558, episodic_return=-123.87452697753906
2022-11-15 05:49:16,565 - INFO: global_step=6667, episodic_return=-375.85107421875
2022-11-15 05:49:16,627 - INFO: global_step=6828, episodic_return=-413.5804748535156
2022-11-15 05:49:16,648 - INFO: global_step=6890, episodic_return=-93.03401184082031
2022-11-15 05:49:16,681 - INFO: global_step=6985, episodic_return=-145.29800415039062
2022-11-15 05:49:16,710 - INFO: global_step=7062, episodic_return=-254.19493103027344
2022-11-15 05:49:16,737 - INFO: global_step=7144, episodic_return=-104.11012268066406
2022-11-15 05:49:16,758 - INFO: global_step=7206, episodic_return=-72.34683227539062
2022-11-15 05:49:16,777 - INFO: global_step=7269, episodic_return=-87.9131088256836
2022-11-15 05:49:16,804 - INFO: global_step=7350, episodic_return=-101.86428833007812
2022-11-15 05:49:16,839 - INFO: global_step=7449, episodic_return=-139.51834106445312
2022-11-15 05:49:16,858 - INFO: global_step=7504, episodic_return=-86.95800018310547
2022-11-15 05:49:16,881 - INFO: global_step=7577, episodic_return=-111.5194091796875
2022-11-15 05:49:16,915 - INFO: global_step=7673, episodic_return=-372.8388366699219
2022-11-15 05:49:16,960 - INFO: global_step=7753, episodic_return=-103.01583862304688
2022-11-15 05:49:16,983 - INFO: global_step=7818, episodic_return=-89.74956512451172
2022-11-15 05:49:17,011 - INFO: global_step=7901, episodic_return=-279.34698486328125
2022-11-15 05:49:17,041 - INFO: global_step=7986, episodic_return=-364.8056640625
2022-11-15 05:49:17,113 - INFO: global_step=8153, episodic_return=-540.6892700195312
2022-11-15 05:49:17,151 - INFO: global_step=8247, episodic_return=-238.316162109375
2022-11-15 05:49:17,190 - INFO: global_step=8363, episodic_return=-152.1744842529297
2022-11-15 05:49:17,207 - INFO: global_step=8428, episodic_return=-106.77436065673828
2022-11-15 05:49:17,232 - INFO: global_step=8524, episodic_return=-149.30172729492188
2022-11-15 05:49:17,250 - INFO: global_step=8600, episodic_return=-266.46307373046875
2022-11-15 05:49:17,267 - INFO: global_step=8665, episodic_return=-96.38627624511719
2022-11-15 05:49:17,283 - INFO: global_step=8724, episodic_return=-95.28845977783203
2022-11-15 05:49:17,310 - INFO: global_step=8826, episodic_return=-254.7458953857422
2022-11-15 05:49:17,333 - INFO: global_step=8904, episodic_return=-190.76043701171875
2022-11-15 05:49:17,349 - INFO: global_step=8967, episodic_return=-117.52287292480469
2022-11-15 05:49:17,383 - INFO: global_step=9065, episodic_return=-328.37811279296875
2022-11-15 05:49:17,407 - INFO: global_step=9158, episodic_return=-134.7471923828125
2022-11-15 05:49:17,424 - INFO: global_step=9219, episodic_return=-59.73193359375
2022-11-15 05:49:17,443 - INFO: global_step=9295, episodic_return=-257.73486328125
2022-11-15 05:49:17,461 - INFO: global_step=9363, episodic_return=-89.34221649169922
2022-11-15 05:49:17,500 - INFO: global_step=9494, episodic_return=-157.07647705078125
2022-11-15 05:49:17,545 - INFO: global_step=9634, episodic_return=-245.04208374023438
2022-11-15 05:49:17,577 - INFO: global_step=9745, episodic_return=-127.59414672851562
2022-11-15 05:49:17,617 - INFO: global_step=9868, episodic_return=-80.56024932861328
2022-11-15 05:49:17,642 - INFO: global_step=9950, episodic_return=-343.9342956542969
2022-11-15 05:49:17,698 - INFO: global_step=10062, episodic_return=-527.0570068359375
2022-11-15 05:49:17,747 - INFO: global_step=10153, episodic_return=-411.92138671875
2022-11-15 05:49:17,834 - INFO: global_step=10285, episodic_return=-96.62462615966797
2022-11-15 05:49:17,908 - INFO: global_step=10390, episodic_return=-328.58868408203125
2022-11-15 05:49:17,966 - INFO: global_step=10484, episodic_return=-123.40924072265625
2022-11-15 05:49:18,009 - INFO: global_step=10583, episodic_return=-304.9569396972656
2022-11-15 05:49:18,050 - INFO: global_step=10676, episodic_return=-92.63314819335938
2022-11-15 05:49:18,144 - INFO: global_step=10854, episodic_return=-84.04624938964844
2022-11-15 05:49:18,177 - INFO: global_step=10931, episodic_return=-126.60094451904297
2022-11-15 05:49:18,228 - INFO: global_step=11041, episodic_return=-399.34625244140625
2022-11-15 05:49:18,274 - INFO: global_step=11150, episodic_return=-328.8362731933594
2022-11-15 05:49:18,319 - INFO: global_step=11244, episodic_return=-284.22113037109375
2022-11-15 05:49:18,359 - INFO: global_step=11320, episodic_return=-152.73635864257812
2022-11-15 05:49:18,389 - INFO: global_step=11388, episodic_return=-86.04736328125
2022-11-15 05:49:18,449 - INFO: global_step=11502, episodic_return=-380.9925842285156
2022-11-15 05:49:18,498 - INFO: global_step=11602, episodic_return=-83.56505584716797
2022-11-15 05:49:18,535 - INFO: global_step=11683, episodic_return=-214.2225341796875
2022-11-15 05:49:18,592 - INFO: global_step=11801, episodic_return=-344.9685974121094
2022-11-15 05:49:18,626 - INFO: global_step=11883, episodic_return=-76.15475463867188
2022-11-15 05:49:18,665 - INFO: global_step=11968, episodic_return=-413.90777587890625
2022-11-15 05:49:18,736 - INFO: global_step=12116, episodic_return=-226.36196899414062
2022-11-15 05:49:18,801 - INFO: global_step=12225, episodic_return=-270.99102783203125
2022-11-15 05:49:18,860 - INFO: global_step=12313, episodic_return=-153.75193786621094
2022-11-15 05:49:18,923 - INFO: global_step=12411, episodic_return=-176.29063415527344
2022-11-15 05:49:18,982 - INFO: global_step=12505, episodic_return=-186.0105438232422
2022-11-15 05:49:19,045 - INFO: global_step=12611, episodic_return=-84.26493835449219
2022-11-15 05:49:19,123 - INFO: global_step=12720, episodic_return=-238.7277069091797
2022-11-15 05:49:19,183 - INFO: global_step=12823, episodic_return=-144.16259765625
2022-11-15 05:49:19,225 - INFO: global_step=12894, episodic_return=-94.095703125
2022-11-15 05:49:19,290 - INFO: global_step=13012, episodic_return=-159.2225341796875
2022-11-15 05:49:19,355 - INFO: global_step=13116, episodic_return=-129.53558349609375
2022-11-15 05:49:19,563 - INFO: global_step=13341, episodic_return=-131.76780700683594
2022-11-15 05:49:19,618 - INFO: global_step=13444, episodic_return=-55.41056823730469
2022-11-15 05:49:19,660 - INFO: global_step=13529, episodic_return=-401.3822326660156
2022-11-15 05:49:20,571 - INFO: global_step=13648, episodic_return=-494.052001953125
2022-11-15 05:49:20,634 - INFO: global_step=13762, episodic_return=-331.5660400390625
2022-11-15 05:49:20,727 - INFO: global_step=13854, episodic_return=-208.64630126953125
2022-11-15 05:49:21,591 - INFO: global_step=13948, episodic_return=-194.51132202148438
2022-11-15 05:49:21,647 - INFO: global_step=14040, episodic_return=-128.7349395751953
2022-11-15 05:49:21,741 - INFO: global_step=14179, episodic_return=-214.2409210205078
2022-11-15 05:49:21,796 - INFO: global_step=14273, episodic_return=-132.4986572265625
2022-11-15 05:49:21,837 - INFO: global_step=14359, episodic_return=-85.06053161621094
2022-11-15 05:49:21,905 - INFO: global_step=14477, episodic_return=-303.53369140625
2022-11-15 05:49:21,940 - INFO: global_step=14549, episodic_return=-120.42264556884766
2022-11-15 05:49:22,017 - INFO: global_step=14699, episodic_return=-217.19302368164062
2022-11-15 05:49:22,089 - INFO: global_step=14835, episodic_return=-217.72003173828125
2022-11-15 05:49:22,149 - INFO: global_step=14939, episodic_return=-244.66049194335938
2022-11-15 05:49:22,202 - INFO: global_step=15033, episodic_return=-150.79103088378906
2022-11-15 05:49:22,315 - INFO: global_step=15215, episodic_return=-70.79571533203125
2022-11-15 05:49:22,363 - INFO: global_step=15314, episodic_return=-179.83248901367188
2022-11-15 05:49:22,416 - INFO: global_step=15424, episodic_return=-183.3096923828125
2022-11-15 05:49:22,478 - INFO: global_step=15558, episodic_return=-209.09059143066406
2022-11-15 05:49:22,526 - INFO: global_step=15658, episodic_return=-89.29104614257812
2022-11-15 05:49:22,579 - INFO: global_step=15765, episodic_return=-13.057449340820312
2022-11-15 05:49:22,609 - INFO: global_step=15835, episodic_return=-108.97271728515625
2022-11-15 05:49:22,654 - INFO: global_step=15919, episodic_return=-92.8395767211914
2022-11-15 05:49:22,691 - INFO: global_step=15999, episodic_return=-48.007843017578125
2022-11-15 05:49:22,783 - INFO: global_step=16164, episodic_return=-141.78968811035156
2022-11-15 05:49:22,845 - INFO: global_step=16282, episodic_return=-230.232666015625
2022-11-15 05:49:22,885 - INFO: global_step=16366, episodic_return=-184.8372802734375
2022-11-15 05:49:23,006 - INFO: global_step=16559, episodic_return=-81.05075073242188
2022-11-15 05:49:23,083 - INFO: global_step=16697, episodic_return=-243.67843627929688
2022-11-15 05:49:23,208 - INFO: global_step=16892, episodic_return=-78.09925842285156
2022-11-15 05:49:23,261 - INFO: global_step=16993, episodic_return=-528.56787109375
2022-11-15 05:49:23,324 - INFO: global_step=17114, episodic_return=-329.2386169433594
2022-11-15 05:49:23,379 - INFO: global_step=17229, episodic_return=-172.61619567871094
2022-11-15 05:49:23,465 - INFO: global_step=17356, episodic_return=-167.9200439453125
2022-11-15 05:49:23,551 - INFO: global_step=17503, episodic_return=-48.01492691040039
2022-11-15 05:49:23,612 - INFO: global_step=17612, episodic_return=-221.81845092773438
2022-11-15 05:49:23,708 - INFO: global_step=17759, episodic_return=-89.614990234375
2022-11-15 05:49:23,786 - INFO: global_step=17892, episodic_return=-188.4008331298828
2022-11-15 05:49:23,837 - INFO: global_step=17983, episodic_return=-123.08779907226562
2022-11-15 05:49:23,912 - INFO: global_step=18103, episodic_return=-184.17723083496094
2022-11-15 05:49:24,005 - INFO: global_step=18268, episodic_return=-95.15384674072266
2022-11-15 05:49:24,067 - INFO: global_step=18361, episodic_return=-241.84339904785156
2022-11-15 05:49:24,141 - INFO: global_step=18469, episodic_return=-121.23219299316406
2022-11-15 05:49:24,231 - INFO: global_step=18616, episodic_return=-169.18565368652344
2022-11-15 05:49:24,296 - INFO: global_step=18716, episodic_return=-97.81941223144531
2022-11-15 05:49:24,354 - INFO: global_step=18814, episodic_return=-190.79022216796875
2022-11-15 05:49:24,436 - INFO: global_step=18921, episodic_return=-117.44374084472656
2022-11-15 05:49:24,506 - INFO: global_step=19028, episodic_return=-38.43486022949219
2022-11-15 05:49:24,571 - INFO: global_step=19123, episodic_return=-41.34090042114258
2022-11-15 05:49:24,641 - INFO: global_step=19230, episodic_return=-63.24766540527344
2022-11-15 05:49:24,770 - INFO: global_step=19364, episodic_return=-250.85972595214844
2022-11-15 05:49:24,872 - INFO: global_step=19499, episodic_return=-67.08732604980469
2022-11-15 05:49:24,923 - INFO: global_step=19599, episodic_return=-158.50511169433594
2022-11-15 05:49:24,980 - INFO: global_step=19666, episodic_return=-104.99835968017578
2022-11-15 05:49:25,030 - INFO: global_step=19746, episodic_return=-64.76395416259766
2022-11-15 05:49:25,210 - INFO: global_step=19940, episodic_return=-134.96939086914062
2022-11-15 05:49:25,280 - INFO: global_step=20055, episodic_return=-85.4124755859375
2022-11-15 05:49:25,393 - INFO: global_step=20173, episodic_return=-95.45130157470703
2022-11-15 05:49:25,466 - INFO: global_step=20252, episodic_return=-212.08213806152344
2022-11-15 05:49:25,556 - INFO: global_step=20376, episodic_return=-162.33956909179688
2022-11-15 05:49:25,596 - INFO: global_step=20441, episodic_return=-135.68124389648438
2022-11-15 05:49:25,677 - INFO: global_step=20582, episodic_return=-109.08358001708984
2022-11-15 05:49:25,744 - INFO: global_step=20707, episodic_return=-95.66598510742188
2022-11-15 05:49:25,814 - INFO: global_step=20837, episodic_return=-109.09638977050781
2022-11-15 05:49:25,908 - INFO: global_step=20979, episodic_return=-130.63197326660156
2022-11-15 05:49:25,966 - INFO: global_step=21066, episodic_return=-145.04840087890625
2022-11-15 05:49:26,041 - INFO: global_step=21180, episodic_return=-425.5727233886719
2022-11-15 05:49:26,096 - INFO: global_step=21257, episodic_return=-79.37103271484375
2022-11-15 05:49:26,192 - INFO: global_step=21406, episodic_return=-68.69459533691406
2022-11-15 05:49:26,276 - INFO: global_step=21550, episodic_return=-145.30960083007812
2022-11-15 05:49:26,341 - INFO: global_step=21657, episodic_return=-357.8170166015625
2022-11-15 05:49:26,422 - INFO: global_step=21806, episodic_return=-222.4112548828125
2022-11-15 05:49:26,464 - INFO: global_step=21889, episodic_return=-100.15126037597656
2022-11-15 05:49:26,540 - INFO: global_step=22013, episodic_return=-44.26293182373047
2022-11-15 05:49:26,606 - INFO: global_step=22138, episodic_return=-132.3248291015625
2022-11-15 05:49:26,671 - INFO: global_step=22247, episodic_return=-39.4087028503418
2022-11-15 05:49:26,740 - INFO: global_step=22366, episodic_return=20.637306213378906
2022-11-15 05:49:26,805 - INFO: global_step=22477, episodic_return=-224.12335205078125
2022-11-15 05:49:26,870 - INFO: global_step=22567, episodic_return=-94.00885009765625
2022-11-15 05:49:26,968 - INFO: global_step=22713, episodic_return=-148.11965942382812
2022-11-15 05:49:27,017 - INFO: global_step=22800, episodic_return=-89.76948547363281
2022-11-15 05:49:27,100 - INFO: global_step=22921, episodic_return=-89.89533996582031
2022-11-15 05:49:27,182 - INFO: global_step=23046, episodic_return=-112.74335479736328
2022-11-15 05:49:27,248 - INFO: global_step=23165, episodic_return=-132.44915771484375
2022-11-15 05:49:27,331 - INFO: global_step=23291, episodic_return=-122.61893463134766
2022-11-15 05:49:27,389 - INFO: global_step=23393, episodic_return=-152.44285583496094
2022-11-15 05:49:27,454 - INFO: global_step=23503, episodic_return=-227.77987670898438
2022-11-15 05:49:27,525 - INFO: global_step=23617, episodic_return=-95.5348129272461
2022-11-15 05:49:27,637 - INFO: global_step=23789, episodic_return=-275.78814697265625
2022-11-15 05:49:27,715 - INFO: global_step=23897, episodic_return=-127.54609680175781
2022-11-15 05:49:27,832 - INFO: global_step=24046, episodic_return=-165.894287109375
2022-11-15 05:49:27,903 - INFO: global_step=24157, episodic_return=-83.50807189941406
2022-11-15 05:49:27,978 - INFO: global_step=24287, episodic_return=-251.24813842773438
2022-11-15 05:49:28,074 - INFO: global_step=24431, episodic_return=-122.04572296142578
2022-11-15 05:49:28,128 - INFO: global_step=24518, episodic_return=-91.14666748046875
2022-11-15 05:49:28,191 - INFO: global_step=24621, episodic_return=-100.87151336669922
2022-11-15 05:49:28,304 - INFO: global_step=24773, episodic_return=-112.35881042480469
2022-11-15 05:49:28,345 - INFO: global_step=24850, episodic_return=-122.73313903808594
2022-11-15 05:49:28,418 - INFO: global_step=24980, episodic_return=-89.96218872070312
2022-11-15 05:49:28,460 - INFO: global_step=25065, episodic_return=-49.4675178527832
2022-11-15 05:49:28,596 - INFO: global_step=25260, episodic_return=-41.758052825927734
2022-11-15 05:49:28,696 - INFO: global_step=25406, episodic_return=-25.30040740966797
2022-11-15 05:49:28,753 - INFO: global_step=25518, episodic_return=-171.0828857421875
2022-11-15 05:49:28,796 - INFO: global_step=25610, episodic_return=-76.24586486816406
2022-11-15 05:49:28,877 - INFO: global_step=25764, episodic_return=-452.92938232421875
2022-11-15 05:49:28,947 - INFO: global_step=25891, episodic_return=-116.89851379394531
2022-11-15 05:49:29,000 - INFO: global_step=25985, episodic_return=-26.58325958251953
2022-11-15 05:49:29,076 - INFO: global_step=26107, episodic_return=-114.05265045166016
2022-11-15 05:49:29,137 - INFO: global_step=26221, episodic_return=-88.20246887207031
2022-11-15 05:49:29,188 - INFO: global_step=26309, episodic_return=-76.0809555053711
2022-11-15 05:49:29,296 - INFO: global_step=26463, episodic_return=-131.5740509033203
2022-11-15 05:49:29,387 - INFO: global_step=26595, episodic_return=-150.95962524414062
2022-11-15 05:49:29,487 - INFO: global_step=26743, episodic_return=-129.18740844726562
2022-11-15 05:49:29,568 - INFO: global_step=26877, episodic_return=-162.16427612304688
2022-11-15 05:49:29,645 - INFO: global_step=27018, episodic_return=-126.0343246459961
2022-11-15 05:49:29,738 - INFO: global_step=27180, episodic_return=-78.01158142089844
2022-11-15 05:49:29,788 - INFO: global_step=27258, episodic_return=-115.27762603759766
2022-11-15 05:49:29,879 - INFO: global_step=27400, episodic_return=-119.25173950195312
2022-11-15 05:49:29,945 - INFO: global_step=27511, episodic_return=-55.0468864440918
2022-11-15 05:49:29,999 - INFO: global_step=27604, episodic_return=-77.1357192993164
2022-11-15 05:49:30,107 - INFO: global_step=27755, episodic_return=-13.165542602539062
2022-11-15 05:49:30,173 - INFO: global_step=27847, episodic_return=-137.48667907714844
2022-11-15 05:49:30,299 - INFO: global_step=28016, episodic_return=-78.67311096191406
2022-11-15 05:49:30,379 - INFO: global_step=28155, episodic_return=-286.1017150878906
2022-11-15 05:49:30,479 - INFO: global_step=28311, episodic_return=-108.2734375
2022-11-15 05:49:30,584 - INFO: global_step=28476, episodic_return=-17.02130126953125
2022-11-15 05:49:30,692 - INFO: global_step=28632, episodic_return=-68.95344543457031
2022-11-15 05:49:30,747 - INFO: global_step=28734, episodic_return=-64.26249694824219
2022-11-15 05:49:30,843 - INFO: global_step=28899, episodic_return=-25.85657501220703
2022-11-15 05:49:30,888 - INFO: global_step=28982, episodic_return=-117.2173080444336
2022-11-15 05:49:30,965 - INFO: global_step=29111, episodic_return=-44.53678894042969
2022-11-15 05:49:31,071 - INFO: global_step=29264, episodic_return=-62.61771011352539
2022-11-15 05:49:31,132 - INFO: global_step=29370, episodic_return=-49.09308624267578
2022-11-15 05:49:31,212 - INFO: global_step=29501, episodic_return=-109.32405853271484
2022-11-15 05:49:31,315 - INFO: global_step=29636, episodic_return=-165.95681762695312
2022-11-15 05:49:31,371 - INFO: global_step=29727, episodic_return=-158.14752197265625
2022-11-15 05:49:31,450 - INFO: global_step=29870, episodic_return=-73.77716064453125
2022-11-15 05:49:31,498 - INFO: global_step=29947, episodic_return=-118.26335906982422
2022-11-15 05:49:31,590 - INFO: global_step=30076, episodic_return=-63.41329574584961
2022-11-15 05:49:31,701 - INFO: global_step=30240, episodic_return=-62.8690185546875
2022-11-15 05:49:31,769 - INFO: global_step=30358, episodic_return=-210.76956176757812
2022-11-15 05:49:31,824 - INFO: global_step=30431, episodic_return=-93.05654907226562
2022-11-15 05:49:31,907 - INFO: global_step=30551, episodic_return=-112.86099243164062
2022-11-15 05:49:31,966 - INFO: global_step=30634, episodic_return=-80.79363250732422
2022-11-15 05:49:32,073 - INFO: global_step=30766, episodic_return=-88.44119262695312
2022-11-15 05:49:32,231 - INFO: global_step=30940, episodic_return=-47.826759338378906
2022-11-15 05:49:32,314 - INFO: global_step=31072, episodic_return=-94.66844940185547
2022-11-15 05:49:32,377 - INFO: global_step=31181, episodic_return=-65.65565490722656
2022-11-15 05:49:32,446 - INFO: global_step=31308, episodic_return=-37.17262268066406
2022-11-15 05:49:32,532 - INFO: global_step=31441, episodic_return=-203.6346435546875
2022-11-15 05:49:32,587 - INFO: global_step=31540, episodic_return=-74.43238067626953
2022-11-15 05:49:32,652 - INFO: global_step=31658, episodic_return=-71.9339599609375
2022-11-15 05:49:32,750 - INFO: global_step=31824, episodic_return=-60.16990280151367
2022-11-15 05:49:32,850 - INFO: global_step=31980, episodic_return=-63.05159378051758
2022-11-15 05:49:32,935 - INFO: global_step=32117, episodic_return=-21.197158813476562
2022-11-15 05:49:33,023 - INFO: global_step=32241, episodic_return=-93.16754150390625
2022-11-15 05:49:34,563 - INFO: global_step=33241, episodic_return=76.21788024902344
2022-11-15 05:49:34,671 - INFO: global_step=33400, episodic_return=-62.51019287109375
2022-11-15 05:49:34,751 - INFO: global_step=33514, episodic_return=-117.48434448242188
2022-11-15 05:49:34,839 - INFO: global_step=33651, episodic_return=-102.54117584228516
2022-11-15 05:49:34,965 - INFO: global_step=33847, episodic_return=-135.44515991210938
2022-11-15 05:49:35,047 - INFO: global_step=33980, episodic_return=-77.56293487548828
2022-11-15 05:49:35,086 - INFO: global_step=34060, episodic_return=-74.51573181152344
2022-11-15 05:49:35,129 - INFO: global_step=34126, episodic_return=-52.77345275878906
2022-11-15 05:49:35,208 - INFO: global_step=34272, episodic_return=-74.2069320678711
2022-11-15 05:49:35,284 - INFO: global_step=34416, episodic_return=-126.34727478027344
2022-11-15 05:49:35,359 - INFO: global_step=34557, episodic_return=-49.47684860229492
2022-11-15 05:49:35,468 - INFO: global_step=34735, episodic_return=-141.31158447265625
2022-11-15 05:49:35,566 - INFO: global_step=34878, episodic_return=-77.1142578125
2022-11-15 05:49:35,629 - INFO: global_step=34968, episodic_return=-75.60301208496094
2022-11-15 05:49:35,697 - INFO: global_step=35074, episodic_return=-105.8319320678711
2022-11-15 05:49:35,748 - INFO: global_step=35167, episodic_return=-48.865116119384766
2022-11-15 05:49:35,878 - INFO: global_step=35373, episodic_return=-85.67939758300781
2022-11-15 05:49:35,949 - INFO: global_step=35494, episodic_return=-112.15213775634766
2022-11-15 05:49:36,046 - INFO: global_step=35667, episodic_return=-57.0754280090332
2022-11-15 05:49:36,220 - INFO: global_step=35922, episodic_return=-226.31405639648438
2022-11-15 05:49:36,290 - INFO: global_step=36027, episodic_return=-117.39585876464844
2022-11-15 05:49:36,444 - INFO: global_step=36179, episodic_return=-114.04447937011719
2022-11-15 05:49:36,554 - INFO: global_step=36346, episodic_return=0.0262908935546875
2022-11-15 05:49:36,633 - INFO: global_step=36473, episodic_return=-159.28109741210938
2022-11-15 05:49:36,765 - INFO: global_step=36685, episodic_return=-219.57240295410156
2022-11-15 05:49:36,816 - INFO: global_step=36797, episodic_return=-73.49022674560547
2022-11-15 05:49:36,890 - INFO: global_step=36930, episodic_return=-32.94483184814453
2022-11-15 05:49:36,977 - INFO: global_step=37074, episodic_return=-150.49142456054688
2022-11-15 05:49:37,163 - INFO: global_step=37294, episodic_return=-23.945205688476562
2022-11-15 05:49:37,249 - INFO: global_step=37423, episodic_return=-100.92103576660156
2022-11-15 05:49:37,337 - INFO: global_step=37544, episodic_return=-219.20765686035156
2022-11-15 05:49:37,425 - INFO: global_step=37677, episodic_return=-40.82493591308594
2022-11-15 05:49:37,544 - INFO: global_step=37847, episodic_return=-66.16673278808594
2022-11-15 05:49:37,683 - INFO: global_step=38029, episodic_return=-271.33642578125
2022-11-15 05:49:37,824 - INFO: global_step=38217, episodic_return=-297.9289245605469
2022-11-15 05:49:37,930 - INFO: global_step=38365, episodic_return=-9.725852966308594
2022-11-15 05:49:38,023 - INFO: global_step=38494, episodic_return=-172.96023559570312
2022-11-15 05:49:38,165 - INFO: global_step=38667, episodic_return=-106.97537231445312
2022-11-15 05:49:38,270 - INFO: global_step=38801, episodic_return=-119.28897094726562
2022-11-15 05:49:38,374 - INFO: global_step=38933, episodic_return=-87.21485137939453
2022-11-15 05:49:38,513 - INFO: global_step=39086, episodic_return=-53.23025894165039
2022-11-15 05:49:38,578 - INFO: global_step=39165, episodic_return=-62.39476013183594
2022-11-15 05:49:39,596 - INFO: global_step=39813, episodic_return=-266.3366394042969
2022-11-15 05:49:39,793 - INFO: global_step=40020, episodic_return=-60.177066802978516
2022-11-15 05:49:39,930 - INFO: global_step=40167, episodic_return=-23.001144409179688
2022-11-15 05:49:40,087 - INFO: global_step=40378, episodic_return=-88.85177612304688
2022-11-15 05:49:40,189 - INFO: global_step=40518, episodic_return=-100.01578521728516
2022-11-15 05:49:40,321 - INFO: global_step=40659, episodic_return=-28.0155029296875
2022-11-15 05:49:40,435 - INFO: global_step=40782, episodic_return=-77.71359252929688
2022-11-15 05:49:40,607 - INFO: global_step=40925, episodic_return=-29.91509246826172
2022-11-15 05:49:40,771 - INFO: global_step=41092, episodic_return=-106.16326141357422
2022-11-15 05:49:40,893 - INFO: global_step=41179, episodic_return=-99.58924102783203
2022-11-15 05:49:41,103 - INFO: global_step=41337, episodic_return=-78.23226165771484
2022-11-15 05:49:41,222 - INFO: global_step=41487, episodic_return=30.811080932617188
2022-11-15 05:49:41,650 - INFO: global_step=41865, episodic_return=-187.3965606689453
2022-11-15 05:49:41,816 - INFO: global_step=42099, episodic_return=-35.1026611328125
2022-11-15 05:49:41,921 - INFO: global_step=42244, episodic_return=-56.09492492675781
2022-11-15 05:49:41,994 - INFO: global_step=42355, episodic_return=-103.54124450683594
2022-11-15 05:49:42,156 - INFO: global_step=42546, episodic_return=-3.185089111328125
2022-11-15 05:49:42,289 - INFO: global_step=42742, episodic_return=-63.903480529785156
2022-11-15 05:49:42,398 - INFO: global_step=42862, episodic_return=22.88042449951172
2022-11-15 05:49:42,910 - INFO: global_step=43300, episodic_return=13.362091064453125
2022-11-15 05:49:42,975 - INFO: global_step=43402, episodic_return=-89.70045471191406
2022-11-15 05:49:43,150 - INFO: global_step=43638, episodic_return=-2.8886260986328125
2022-11-15 05:49:43,215 - INFO: global_step=43749, episodic_return=-37.20528030395508
2022-11-15 05:49:43,328 - INFO: global_step=43898, episodic_return=-35.27751159667969
2022-11-15 05:49:43,379 - INFO: global_step=43987, episodic_return=-92.59933471679688
2022-11-15 05:49:43,542 - INFO: global_step=44200, episodic_return=-36.371826171875
2022-11-15 05:49:43,727 - INFO: global_step=44444, episodic_return=-5.7882537841796875
2022-11-15 05:49:43,813 - INFO: global_step=44588, episodic_return=-88.33335876464844
2022-11-15 05:49:45,118 - INFO: global_step=45560, episodic_return=-57.87532424926758
2022-11-15 05:49:45,323 - INFO: global_step=45792, episodic_return=0.088714599609375
2022-11-15 05:49:45,561 - INFO: global_step=46078, episodic_return=-126.17279052734375
2022-11-15 05:49:45,646 - INFO: global_step=46207, episodic_return=-78.54598236083984
2022-11-15 05:49:45,730 - INFO: global_step=46321, episodic_return=-89.26191711425781
2022-11-15 05:49:45,877 - INFO: global_step=46508, episodic_return=-156.8546142578125
2022-11-15 05:49:45,947 - INFO: global_step=46624, episodic_return=-74.99427795410156
2022-11-15 05:49:46,059 - INFO: global_step=46783, episodic_return=-114.28156280517578
2022-11-15 05:49:46,192 - INFO: global_step=46964, episodic_return=-22.749061584472656
2022-11-15 05:49:46,290 - INFO: global_step=47113, episodic_return=-49.96434783935547
2022-11-15 05:49:48,028 - INFO: global_step=48113, episodic_return=46.27277755737305
2022-11-15 05:49:48,164 - INFO: global_step=48258, episodic_return=4.91485595703125
2022-11-15 05:49:49,977 - INFO: global_step=49258, episodic_return=77.19063568115234
2022-11-15 05:49:52,257 - INFO: global_step=50258, episodic_return=66.73193359375
2022-11-15 05:49:52,753 - INFO: global_step=50685, episodic_return=-373.6239318847656
2022-11-15 05:49:52,881 - INFO: global_step=50832, episodic_return=-167.45431518554688
2022-11-15 05:49:53,724 - INFO: global_step=51407, episodic_return=-102.60786437988281
2022-11-15 05:49:53,970 - INFO: global_step=51643, episodic_return=-264.0215759277344
2022-11-15 05:49:55,818 - INFO: global_step=52643, episodic_return=-1.4798437356948853
2022-11-15 05:49:55,989 - INFO: global_step=52835, episodic_return=3.972900390625
2022-11-15 05:49:57,807 - INFO: global_step=53835, episodic_return=41.58895492553711
2022-11-15 05:49:59,658 - INFO: global_step=54835, episodic_return=102.35608673095703
2022-11-15 05:49:59,786 - INFO: global_step=55001, episodic_return=-167.37490844726562
2022-11-15 05:50:00,141 - INFO: global_step=55357, episodic_return=-71.41748046875
2022-11-15 05:50:01,884 - INFO: global_step=56357, episodic_return=63.44295120239258
2022-11-15 05:50:02,140 - INFO: global_step=56641, episodic_return=-53.1746940612793
2022-11-15 05:50:02,708 - INFO: global_step=57090, episodic_return=-81.14418029785156
2022-11-15 05:50:02,839 - INFO: global_step=57259, episodic_return=-29.042015075683594
2022-11-15 05:50:04,428 - INFO: global_step=58259, episodic_return=-0.3107260465621948
2022-11-15 05:50:06,214 - INFO: global_step=59259, episodic_return=84.28604888916016
2022-11-15 05:50:06,476 - INFO: global_step=59571, episodic_return=-12.639289855957031
2022-11-15 05:50:08,125 - INFO: global_step=60571, episodic_return=142.55706787109375
2022-11-15 05:50:08,382 - INFO: global_step=60823, episodic_return=4.107536315917969
2022-11-15 05:50:10,384 - INFO: global_step=61823, episodic_return=92.93917083740234
2022-11-15 05:50:10,595 - INFO: global_step=62024, episodic_return=44.70918273925781
2022-11-15 05:50:11,989 - INFO: global_step=63024, episodic_return=77.4627914428711
2022-11-15 05:50:12,282 - INFO: global_step=63324, episodic_return=-31.590187072753906
2022-11-15 05:50:12,442 - INFO: global_step=63524, episodic_return=-18.003997802734375
2022-11-15 05:50:12,608 - INFO: global_step=63716, episodic_return=-16.805076599121094
2022-11-15 05:50:14,266 - INFO: global_step=64716, episodic_return=80.23820495605469
2022-11-15 05:50:16,290 - INFO: global_step=65716, episodic_return=116.92132568359375
2022-11-15 05:50:16,504 - INFO: global_step=65928, episodic_return=14.469306945800781
2022-11-15 05:50:18,029 - INFO: global_step=66928, episodic_return=96.16209411621094
2022-11-15 05:50:19,529 - INFO: global_step=67928, episodic_return=147.05215454101562
2022-11-15 05:50:21,390 - INFO: global_step=68928, episodic_return=16.49066734313965
2022-11-15 05:50:22,960 - INFO: global_step=69928, episodic_return=73.25608825683594
2022-11-15 05:50:23,093 - INFO: global_step=70095, episodic_return=68.50222778320312
2022-11-15 05:50:24,611 - INFO: global_step=71095, episodic_return=54.80583953857422
2022-11-15 05:50:26,392 - INFO: global_step=72095, episodic_return=102.32579803466797
2022-11-15 05:50:28,708 - INFO: global_step=73095, episodic_return=36.54850387573242
2022-11-15 05:50:30,413 - INFO: global_step=74095, episodic_return=9.00341510772705
2022-11-15 05:50:32,385 - INFO: global_step=75095, episodic_return=-0.7359663248062134
2022-11-15 05:50:32,969 - INFO: global_step=75511, episodic_return=233.11334228515625
2022-11-15 05:50:34,056 - INFO: global_step=76180, episodic_return=220.99411010742188
2022-11-15 05:50:35,727 - INFO: global_step=77180, episodic_return=146.2164764404297
2022-11-15 05:50:36,898 - INFO: global_step=77867, episodic_return=216.26116943359375
2022-11-15 05:50:38,476 - INFO: global_step=78867, episodic_return=153.16934204101562
2022-11-15 05:50:38,637 - INFO: global_step=79044, episodic_return=-15.362571716308594
2022-11-15 05:50:39,992 - INFO: global_step=80044, episodic_return=162.09906005859375
2022-11-15 05:50:42,134 - INFO: global_step=81044, episodic_return=138.92164611816406
2022-11-15 05:50:42,589 - INFO: global_step=81426, episodic_return=259.7233581542969
2022-11-15 05:50:43,505 - INFO: global_step=81963, episodic_return=254.42996215820312
2022-11-15 05:50:45,065 - INFO: global_step=82963, episodic_return=113.40884399414062
2022-11-15 05:50:46,774 - INFO: global_step=83849, episodic_return=137.93338012695312
2022-11-15 05:50:48,998 - INFO: global_step=84786, episodic_return=169.89303588867188
2022-11-15 05:50:49,467 - INFO: global_step=85170, episodic_return=-14.77362060546875
2022-11-15 05:50:52,233 - INFO: global_step=85914, episodic_return=221.97366333007812
2022-11-15 05:50:52,753 - INFO: global_step=86282, episodic_return=185.64686584472656
2022-11-15 05:50:54,887 - INFO: global_step=87282, episodic_return=60.43342590332031
2022-11-15 05:50:55,092 - INFO: global_step=87440, episodic_return=-172.3402099609375
2022-11-15 05:50:55,274 - INFO: global_step=87604, episodic_return=-138.41531372070312
2022-11-15 05:50:56,869 - INFO: global_step=88330, episodic_return=183.2110595703125
2022-11-15 05:50:57,538 - INFO: global_step=88750, episodic_return=248.71807861328125
2022-11-15 05:50:58,112 - INFO: global_step=89164, episodic_return=280.1689453125
2022-11-15 05:50:58,405 - INFO: global_step=89420, episodic_return=34.97869873046875
2022-11-15 05:50:59,303 - INFO: global_step=89957, episodic_return=204.881591796875
2022-11-15 05:50:59,813 - INFO: global_step=90410, episodic_return=185.03048706054688
2022-11-15 05:50:59,862 - INFO: global_step=90479, episodic_return=-145.36273193359375
2022-11-15 05:50:59,913 - INFO: global_step=90560, episodic_return=-108.14291381835938
2022-11-15 05:50:59,999 - INFO: global_step=90678, episodic_return=-17.611732482910156
2022-11-15 05:51:00,115 - INFO: global_step=90815, episodic_return=-68.51144409179688
2022-11-15 05:51:00,230 - INFO: global_step=90924, episodic_return=7.986335754394531
2022-11-15 05:51:00,746 - INFO: global_step=91357, episodic_return=-67.69425964355469
2022-11-15 05:51:01,894 - INFO: global_step=92039, episodic_return=121.74971008300781
2022-11-15 05:51:02,314 - INFO: global_step=92428, episodic_return=-74.61022186279297
2022-11-15 05:51:02,488 - INFO: global_step=92599, episodic_return=-29.748855590820312
2022-11-15 05:51:02,961 - INFO: global_step=93026, episodic_return=6.6863861083984375
2022-11-15 05:51:03,243 - INFO: global_step=93255, episodic_return=-28.53558349609375
2022-11-15 05:51:03,401 - INFO: global_step=93438, episodic_return=15.423049926757812
2022-11-15 05:51:03,744 - INFO: global_step=93754, episodic_return=-193.0096435546875
2022-11-15 05:51:04,076 - INFO: global_step=94055, episodic_return=-116.88227844238281
2022-11-15 05:51:05,313 - INFO: global_step=94793, episodic_return=-416.5328674316406
2022-11-15 05:51:06,393 - INFO: global_step=95505, episodic_return=112.3514175415039
2022-11-15 05:51:08,859 - INFO: global_step=96505, episodic_return=-0.34549272060394287
2022-11-15 05:51:10,821 - INFO: global_step=97505, episodic_return=5.40244197845459
2022-11-15 05:51:12,502 - INFO: global_step=98505, episodic_return=-2.6670284271240234
2022-11-15 05:51:13,576 - INFO: global_step=99230, episodic_return=189.82229614257812
2022-11-15 05:51:15,626 - INFO: global_step=100230, episodic_return=-24.61821746826172
2022-11-15 05:51:17,916 - INFO: global_step=101230, episodic_return=-60.72500991821289
2022-11-15 05:51:20,003 - INFO: global_step=102230, episodic_return=-67.5423355102539
2022-11-15 05:51:22,645 - INFO: global_step=103230, episodic_return=-74.61393737792969
2022-11-15 05:51:24,065 - INFO: global_step=103904, episodic_return=246.8098602294922
2022-11-15 05:51:25,961 - INFO: global_step=104904, episodic_return=-27.709983825683594
2022-11-15 05:51:28,493 - INFO: global_step=105904, episodic_return=4.737596035003662
2022-11-15 05:51:29,929 - INFO: global_step=106904, episodic_return=-38.9676399230957
2022-11-15 05:51:32,237 - INFO: global_step=107904, episodic_return=-74.3276138305664
2022-11-15 05:51:34,055 - INFO: global_step=108904, episodic_return=-67.89942932128906
2022-11-15 05:51:35,633 - INFO: global_step=109904, episodic_return=-33.42082214355469
2022-11-15 05:51:37,234 - INFO: global_step=110904, episodic_return=-29.034698486328125
2022-11-15 05:51:40,256 - INFO: global_step=111904, episodic_return=-69.04972076416016
2022-11-15 05:51:43,206 - INFO: global_step=112904, episodic_return=-79.90597534179688
2022-11-15 05:51:43,502 - INFO: global_step=113217, episodic_return=287.85986328125
2022-11-15 05:51:44,359 - INFO: global_step=113980, episodic_return=148.82199096679688
2022-11-15 05:51:45,427 - INFO: global_step=114674, episodic_return=177.91281127929688
2022-11-15 05:51:46,072 - INFO: global_step=115150, episodic_return=247.77867126464844
2022-11-15 05:51:46,548 - INFO: global_step=115566, episodic_return=3.9833450317382812
2022-11-15 05:51:48,124 - INFO: global_step=116377, episodic_return=83.58082580566406
2022-11-15 05:51:48,930 - INFO: global_step=116797, episodic_return=-13.532096862792969
2022-11-15 05:51:49,572 - INFO: global_step=117228, episodic_return=208.5043182373047
2022-11-15 05:51:50,037 - INFO: global_step=117544, episodic_return=-58.54267501831055
2022-11-15 05:51:50,414 - INFO: global_step=117857, episodic_return=239.74664306640625
2022-11-15 05:51:51,504 - INFO: global_step=118452, episodic_return=204.75674438476562
2022-11-15 05:51:51,688 - INFO: global_step=118611, episodic_return=-161.0873565673828
2022-11-15 05:51:52,179 - INFO: global_step=118977, episodic_return=-14.073959350585938
2022-11-15 05:51:52,370 - INFO: global_step=119166, episodic_return=14.844902038574219
2022-11-15 05:51:52,531 - INFO: global_step=119349, episodic_return=-135.6129608154297
2022-11-15 05:51:52,993 - INFO: global_step=119706, episodic_return=-98.2677230834961
2022-11-15 05:51:53,244 - INFO: global_step=119939, episodic_return=-150.7204132080078
2022-11-15 05:51:53,537 - INFO: global_step=120262, episodic_return=31.769546508789062
2022-11-15 05:51:54,830 - INFO: global_step=121028, episodic_return=135.9616241455078
2022-11-15 05:51:55,016 - INFO: global_step=121191, episodic_return=71.29676818847656
2022-11-15 05:51:55,350 - INFO: global_step=121484, episodic_return=250.56607055664062
2022-11-15 05:51:57,115 - INFO: global_step=122484, episodic_return=-16.138416290283203
2022-11-15 05:51:58,894 - INFO: global_step=123484, episodic_return=35.125343322753906
2022-11-15 05:51:59,400 - INFO: global_step=123897, episodic_return=270.76171875
2022-11-15 05:52:01,065 - INFO: global_step=124839, episodic_return=117.07020568847656
2022-11-15 05:52:02,526 - INFO: global_step=125657, episodic_return=200.1247100830078
2022-11-15 05:52:04,702 - INFO: global_step=126657, episodic_return=-5.396271705627441
2022-11-15 05:52:07,426 - INFO: global_step=127657, episodic_return=-40.766117095947266
2022-11-15 05:52:09,156 - INFO: global_step=128657, episodic_return=-40.603797912597656
2022-11-15 05:52:11,674 - INFO: global_step=129657, episodic_return=19.649513244628906
2022-11-15 05:52:13,863 - INFO: global_step=130657, episodic_return=-21.96084976196289
2022-11-15 05:52:15,756 - INFO: global_step=131657, episodic_return=-20.598159790039062
2022-11-15 05:52:18,491 - INFO: global_step=132657, episodic_return=-54.96674346923828
2022-11-15 05:52:20,757 - INFO: global_step=133657, episodic_return=-94.14517974853516
2022-11-15 05:52:23,750 - INFO: global_step=134657, episodic_return=6.815358638763428
2022-11-15 05:52:25,435 - INFO: global_step=135657, episodic_return=16.14704704284668
2022-11-15 05:52:27,398 - INFO: global_step=136657, episodic_return=-55.876869201660156
2022-11-15 05:52:28,233 - INFO: global_step=137265, episodic_return=220.93447875976562
2022-11-15 05:52:30,689 - INFO: global_step=138265, episodic_return=-34.344608306884766
2022-11-15 05:52:32,552 - INFO: global_step=139177, episodic_return=165.197021484375
2022-11-15 05:52:34,826 - INFO: global_step=140177, episodic_return=-57.71586990356445
2022-11-15 05:52:37,577 - INFO: global_step=141177, episodic_return=-15.417741775512695
2022-11-15 05:52:40,101 - INFO: global_step=142177, episodic_return=-36.9990119934082
2022-11-15 05:52:42,212 - INFO: global_step=143177, episodic_return=-103.7728500366211
2022-11-15 05:52:44,325 - INFO: global_step=144177, episodic_return=-100.5460205078125
2022-11-15 05:52:47,233 - INFO: global_step=145177, episodic_return=-91.59141540527344
2022-11-15 05:52:50,077 - INFO: global_step=146177, episodic_return=-43.16645431518555
2022-11-15 05:52:52,139 - INFO: global_step=147177, episodic_return=-99.18309020996094
2022-11-15 05:52:54,716 - INFO: global_step=148177, episodic_return=-42.57041931152344
2022-11-15 05:52:57,267 - INFO: global_step=149177, episodic_return=-69.08243560791016
2022-11-15 05:52:59,991 - INFO: global_step=150177, episodic_return=-80.99210357666016
2022-11-15 05:53:00,281 - INFO: global_step=150364, episodic_return=10.096702575683594
2022-11-15 05:53:02,603 - INFO: global_step=151364, episodic_return=-50.86943435668945
2022-11-15 05:53:02,762 - INFO: global_step=151539, episodic_return=4.124427795410156
2022-11-15 05:53:04,506 - INFO: global_step=152476, episodic_return=165.78933715820312
2022-11-15 05:53:06,714 - INFO: global_step=153476, episodic_return=-69.02826690673828
2022-11-15 05:53:08,730 - INFO: global_step=154476, episodic_return=-98.84518432617188
2022-11-15 05:53:10,493 - INFO: global_step=155476, episodic_return=-110.60726165771484
2022-11-15 05:53:10,813 - INFO: global_step=155777, episodic_return=3.1010360717773438
2022-11-15 05:53:11,482 - INFO: global_step=156307, episodic_return=209.84503173828125
2022-11-15 05:53:13,771 - INFO: global_step=157307, episodic_return=-57.4803581237793
2022-11-15 05:53:15,666 - INFO: global_step=158307, episodic_return=-94.34615325927734
2022-11-15 05:53:17,835 - INFO: global_step=159307, episodic_return=-56.42923355102539
2022-11-15 05:53:18,379 - INFO: global_step=159705, episodic_return=-17.237464904785156
2022-11-15 05:53:18,862 - INFO: global_step=160175, episodic_return=255.778564453125
2022-11-15 05:53:19,436 - INFO: global_step=160630, episodic_return=224.59988403320312
2022-11-15 05:53:19,647 - INFO: global_step=160808, episodic_return=-32.200401306152344
2022-11-15 05:53:20,186 - INFO: global_step=161248, episodic_return=258.2464599609375
2022-11-15 05:53:22,492 - INFO: global_step=162248, episodic_return=-105.1187973022461
2022-11-15 05:53:22,686 - INFO: global_step=162415, episodic_return=-175.0550079345703
2022-11-15 05:53:22,993 - INFO: global_step=162647, episodic_return=-5.7951202392578125
2022-11-15 05:53:23,863 - INFO: global_step=163187, episodic_return=231.40682983398438
2022-11-15 05:53:24,129 - INFO: global_step=163493, episodic_return=-52.485740661621094
2022-11-15 05:53:26,346 - INFO: global_step=164493, episodic_return=-14.161163330078125
2022-11-15 05:53:28,381 - INFO: global_step=165493, episodic_return=-85.39471435546875
2022-11-15 05:53:30,415 - INFO: global_step=166493, episodic_return=144.61227416992188
2022-11-15 05:53:32,528 - INFO: global_step=167493, episodic_return=-83.45614624023438
2022-11-15 05:53:34,811 - INFO: global_step=168493, episodic_return=-47.071964263916016
2022-11-15 05:53:35,549 - INFO: global_step=168974, episodic_return=247.37059020996094
2022-11-15 05:53:36,304 - INFO: global_step=169534, episodic_return=206.9672393798828
2022-11-15 05:53:36,948 - INFO: global_step=170050, episodic_return=190.88967895507812
2022-11-15 05:53:40,040 - INFO: global_step=171050, episodic_return=-52.80397033691406
2022-11-15 05:53:42,016 - INFO: global_step=172050, episodic_return=-21.208703994750977
2022-11-15 05:53:42,270 - INFO: global_step=172283, episodic_return=-13.851425170898438
2022-11-15 05:53:43,861 - INFO: global_step=173283, episodic_return=20.99051284790039
2022-11-15 05:53:46,345 - INFO: global_step=174283, episodic_return=-110.06188201904297
2022-11-15 05:53:48,527 - INFO: global_step=175283, episodic_return=-87.3670654296875
2022-11-15 05:53:50,663 - INFO: global_step=176283, episodic_return=-76.32307434082031
2022-11-15 05:53:53,429 - INFO: global_step=177283, episodic_return=-148.88523864746094
2022-11-15 05:53:56,587 - INFO: global_step=178283, episodic_return=-137.74021911621094
2022-11-15 05:53:58,337 - INFO: global_step=179283, episodic_return=-100.38298797607422
2022-11-15 05:54:00,866 - INFO: global_step=180283, episodic_return=-36.76979064941406
2022-11-15 05:54:03,449 - INFO: global_step=181283, episodic_return=-36.747806549072266
2022-11-15 05:54:05,370 - INFO: global_step=182283, episodic_return=-114.7931137084961
2022-11-15 05:54:05,541 - INFO: global_step=182508, episodic_return=-193.87619018554688
2022-11-15 05:54:05,792 - INFO: global_step=182754, episodic_return=-278.64251708984375
2022-11-15 05:54:08,151 - INFO: global_step=183584, episodic_return=-299.131103515625
2022-11-15 05:54:09,162 - INFO: global_step=184262, episodic_return=-98.98578643798828
2022-11-15 05:54:11,331 - INFO: global_step=185262, episodic_return=-105.11453247070312
2022-11-15 05:54:12,197 - INFO: global_step=185835, episodic_return=240.43359375
2022-11-15 05:54:12,625 - INFO: global_step=186169, episodic_return=-49.92828369140625
2022-11-15 05:54:14,492 - INFO: global_step=187169, episodic_return=-79.94251251220703
2022-11-15 05:54:17,106 - INFO: global_step=188169, episodic_return=-109.96932220458984
2022-11-15 05:54:19,702 - INFO: global_step=189169, episodic_return=-91.90453338623047
2022-11-15 05:54:21,675 - INFO: global_step=190169, episodic_return=-65.33299255371094
2022-11-15 05:54:24,522 - INFO: global_step=191169, episodic_return=-73.46771240234375
2022-11-15 05:54:26,573 - INFO: global_step=192169, episodic_return=-94.9588623046875
2022-11-15 05:54:28,460 - INFO: global_step=193169, episodic_return=-109.08183288574219
2022-11-15 05:54:30,446 - INFO: global_step=194169, episodic_return=-99.47504425048828
2022-11-15 05:54:32,551 - INFO: global_step=195169, episodic_return=-120.01356506347656
2022-11-15 05:54:34,843 - INFO: global_step=196169, episodic_return=-22.36576271057129
2022-11-15 05:54:35,588 - INFO: global_step=196670, episodic_return=224.50167846679688
2022-11-15 05:54:37,336 - INFO: global_step=197670, episodic_return=-92.4418716430664
2022-11-15 05:54:39,481 - INFO: global_step=198670, episodic_return=-131.53379821777344
2022-11-15 05:54:41,257 - INFO: global_step=199670, episodic_return=-133.7924041748047
2022-11-15 05:54:43,085 - INFO: global_step=200670, episodic_return=-42.6252326965332
2022-11-15 05:54:45,386 - INFO: global_step=201670, episodic_return=-89.36903381347656
2022-11-15 05:54:47,165 - INFO: global_step=202670, episodic_return=-88.50292205810547
2022-11-15 05:54:49,067 - INFO: global_step=203670, episodic_return=-36.54342269897461
2022-11-15 05:54:51,097 - INFO: global_step=204670, episodic_return=-60.42204666137695
2022-11-15 05:54:53,345 - INFO: global_step=205670, episodic_return=-138.04188537597656
2022-11-15 05:54:54,905 - INFO: global_step=206670, episodic_return=-122.42144012451172
2022-11-15 05:54:56,781 - INFO: global_step=207670, episodic_return=-152.2506866455078
2022-11-15 05:54:59,015 - INFO: global_step=208670, episodic_return=-67.47856903076172
2022-11-15 05:55:00,704 - INFO: global_step=209670, episodic_return=-146.83718872070312
2022-11-15 05:55:03,137 - INFO: global_step=210670, episodic_return=-39.971771240234375
2022-11-15 05:55:04,945 - INFO: global_step=211670, episodic_return=-127.7696533203125
2022-11-15 05:55:07,094 - INFO: global_step=212670, episodic_return=-59.89691925048828
2022-11-15 05:55:09,926 - INFO: global_step=213670, episodic_return=-118.84198760986328
2022-11-15 05:55:12,250 - INFO: global_step=214670, episodic_return=-125.81135559082031
2022-11-15 05:55:14,949 - INFO: global_step=215670, episodic_return=-51.71157455444336
2022-11-15 05:55:17,039 - INFO: global_step=216670, episodic_return=-92.28107452392578
2022-11-15 05:55:18,792 - INFO: global_step=217670, episodic_return=-26.64711570739746
2022-11-15 05:55:21,447 - INFO: global_step=218670, episodic_return=-138.50201416015625
2022-11-15 05:55:24,317 - INFO: global_step=219670, episodic_return=-115.186279296875
2022-11-15 05:55:26,511 - INFO: global_step=220670, episodic_return=-90.17813110351562
2022-11-15 05:55:28,670 - INFO: global_step=221670, episodic_return=-70.22232818603516
2022-11-15 05:55:30,838 - INFO: global_step=222670, episodic_return=-31.820293426513672
2022-11-15 05:55:32,739 - INFO: global_step=223670, episodic_return=-130.62503051757812
2022-11-15 05:55:34,470 - INFO: global_step=224670, episodic_return=-91.49810791015625
2022-11-15 05:55:36,960 - INFO: global_step=225670, episodic_return=-122.4128189086914
2022-11-15 05:55:39,185 - INFO: global_step=226670, episodic_return=-80.96974182128906
2022-11-15 05:55:41,312 - INFO: global_step=227670, episodic_return=-66.72051239013672
2022-11-15 05:55:43,498 - INFO: global_step=228670, episodic_return=-124.33026123046875
2022-11-15 05:55:44,828 - INFO: global_step=229606, episodic_return=-224.68182373046875
2022-11-15 05:55:44,969 - INFO: global_step=229765, episodic_return=-106.06705474853516
2022-11-15 05:55:46,388 - INFO: global_step=230765, episodic_return=-31.10186767578125
2022-11-15 05:55:48,880 - INFO: global_step=231765, episodic_return=-116.57237243652344
2022-11-15 05:55:51,552 - INFO: global_step=232765, episodic_return=-148.89834594726562
2022-11-15 05:55:53,732 - INFO: global_step=233765, episodic_return=-164.81411743164062
2022-11-15 05:55:55,640 - INFO: global_step=234765, episodic_return=-103.66668701171875
2022-11-15 05:55:58,034 - INFO: global_step=235765, episodic_return=-101.39199829101562
2022-11-15 05:56:00,472 - INFO: global_step=236765, episodic_return=-125.47258758544922
2022-11-15 05:56:03,370 - INFO: global_step=237765, episodic_return=-122.0765380859375
2022-11-15 05:56:05,662 - INFO: global_step=238765, episodic_return=-116.59674835205078
2022-11-15 05:56:06,564 - INFO: global_step=239474, episodic_return=248.5508270263672
2022-11-15 05:56:08,951 - INFO: global_step=240474, episodic_return=-88.66219329833984
2022-11-15 05:56:10,379 - INFO: global_step=241474, episodic_return=-57.453407287597656
2022-11-15 05:56:12,149 - INFO: global_step=242474, episodic_return=-75.0421142578125
2022-11-15 05:56:14,684 - INFO: global_step=243474, episodic_return=-77.26909637451172
2022-11-15 05:56:16,465 - INFO: global_step=244474, episodic_return=-141.56784057617188
2022-11-15 05:56:18,190 - INFO: global_step=245474, episodic_return=-47.62533950805664
2022-11-15 05:56:19,923 - INFO: global_step=246474, episodic_return=-81.8078842163086
2022-11-15 05:56:21,449 - INFO: global_step=247474, episodic_return=-32.55551528930664
2022-11-15 05:56:23,072 - INFO: global_step=248474, episodic_return=-143.5849151611328
2022-11-15 05:56:25,120 - INFO: global_step=249474, episodic_return=-117.27305603027344
2022-11-15 05:56:25,384 - INFO: global_step=249731, episodic_return=-101.75594329833984
2022-11-15 05:56:26,883 - INFO: global_step=250731, episodic_return=-89.38610076904297
2022-11-15 05:56:29,048 - INFO: global_step=251731, episodic_return=-148.23077392578125
2022-11-15 05:56:30,931 - INFO: global_step=252731, episodic_return=-139.74789428710938
2022-11-15 05:56:33,019 - INFO: global_step=253731, episodic_return=-144.89695739746094
2022-11-15 05:56:34,526 - INFO: global_step=254731, episodic_return=-111.67328643798828
2022-11-15 05:56:36,695 - INFO: global_step=255731, episodic_return=-144.52679443359375
2022-11-15 05:56:38,195 - INFO: global_step=256731, episodic_return=-56.69834518432617
2022-11-15 05:56:39,530 - INFO: global_step=257731, episodic_return=-6.835517883300781
2022-11-15 05:56:41,227 - INFO: global_step=258731, episodic_return=-84.49955749511719
2022-11-15 05:56:42,496 - INFO: global_step=259731, episodic_return=-75.28781127929688
2022-11-15 05:56:44,732 - INFO: global_step=260731, episodic_return=-71.26185607910156
2022-11-15 05:56:46,748 - INFO: global_step=261731, episodic_return=-37.31139373779297
2022-11-15 05:56:48,545 - INFO: global_step=262731, episodic_return=-99.58273315429688
2022-11-15 05:56:48,924 - INFO: global_step=263085, episodic_return=228.32110595703125
2022-11-15 05:56:50,365 - INFO: global_step=264085, episodic_return=-47.41992950439453
2022-11-15 05:56:52,281 - INFO: global_step=265085, episodic_return=-31.606531143188477
2022-11-15 05:56:54,624 - INFO: global_step=266085, episodic_return=16.419797897338867
2022-11-15 05:56:56,428 - INFO: global_step=267085, episodic_return=115.30889129638672
2022-11-15 05:56:58,007 - INFO: global_step=267950, episodic_return=108.37107849121094
2022-11-15 05:57:00,432 - INFO: global_step=268950, episodic_return=-76.38677215576172
2022-11-15 05:57:00,872 - INFO: global_step=269289, episodic_return=233.20152282714844
2022-11-15 05:57:02,647 - INFO: global_step=270289, episodic_return=-38.71099853515625
2022-11-15 05:57:04,742 - INFO: global_step=271289, episodic_return=-29.44974708557129
2022-11-15 05:57:05,150 - INFO: global_step=271655, episodic_return=250.8055419921875
2022-11-15 05:57:07,253 - INFO: global_step=272655, episodic_return=99.50215911865234
2022-11-15 05:57:08,812 - INFO: global_step=273530, episodic_return=85.03694915771484
2022-11-15 05:57:09,860 - INFO: global_step=274232, episodic_return=261.6065673828125
2022-11-15 05:57:10,288 - INFO: global_step=274598, episodic_return=188.57760620117188
2022-11-15 05:57:10,576 - INFO: global_step=274896, episodic_return=-52.508052825927734
2022-11-15 05:57:12,625 - INFO: global_step=275896, episodic_return=-102.58554077148438
2022-11-15 05:57:13,926 - INFO: global_step=276597, episodic_return=109.46517944335938
2022-11-15 05:57:16,116 - INFO: global_step=277597, episodic_return=-11.951677322387695
2022-11-15 05:57:17,505 - INFO: global_step=278597, episodic_return=-51.81502914428711
2022-11-15 05:57:19,732 - INFO: global_step=279556, episodic_return=66.65777587890625
2022-11-15 05:57:20,711 - INFO: global_step=280207, episodic_return=142.09500122070312
2022-11-15 05:57:22,441 - INFO: global_step=281207, episodic_return=0.7000114917755127
2022-11-15 05:57:24,636 - INFO: global_step=282165, episodic_return=174.22213745117188
2022-11-15 05:57:25,138 - INFO: global_step=282595, episodic_return=196.02613830566406
2022-11-15 05:57:25,665 - INFO: global_step=283144, episodic_return=181.04315185546875
2022-11-15 05:57:26,077 - INFO: global_step=283506, episodic_return=241.29461669921875
2022-11-15 05:57:26,827 - INFO: global_step=284118, episodic_return=188.853271484375
2022-11-15 05:57:27,359 - INFO: global_step=284545, episodic_return=225.61949157714844
2022-11-15 05:57:29,256 - INFO: global_step=285545, episodic_return=141.48751831054688
2022-11-15 05:57:29,833 - INFO: global_step=286004, episodic_return=247.53408813476562
2022-11-15 05:57:30,288 - INFO: global_step=286390, episodic_return=250.8163604736328
2022-11-15 05:57:30,502 - INFO: global_step=286574, episodic_return=24.271461486816406
2022-11-15 05:57:31,053 - INFO: global_step=287007, episodic_return=242.69256591796875
2022-11-15 05:57:31,230 - INFO: global_step=287171, episodic_return=-188.27285766601562
2022-11-15 05:57:31,598 - INFO: global_step=287531, episodic_return=233.73916625976562
2022-11-15 05:57:32,212 - INFO: global_step=288039, episodic_return=197.42335510253906
2022-11-15 05:57:32,531 - INFO: global_step=288324, episodic_return=262.2264709472656
2022-11-15 05:57:33,119 - INFO: global_step=288802, episodic_return=262.7162170410156
2022-11-15 05:57:34,555 - INFO: global_step=289606, episodic_return=170.9747772216797
2022-11-15 05:57:34,924 - INFO: global_step=289938, episodic_return=286.259765625
2022-11-15 05:57:35,600 - INFO: global_step=290462, episodic_return=199.5305633544922
2022-11-15 05:57:36,556 - INFO: global_step=291138, episodic_return=176.00225830078125
2022-11-15 05:57:37,556 - INFO: global_step=291709, episodic_return=-132.05303955078125
2022-11-15 05:57:38,431 - INFO: global_step=292268, episodic_return=172.149169921875
2022-11-15 05:57:40,216 - INFO: global_step=293268, episodic_return=-14.789854049682617
2022-11-15 05:57:41,176 - INFO: global_step=293839, episodic_return=188.73312377929688
2022-11-15 05:57:41,705 - INFO: global_step=294211, episodic_return=195.83587646484375
2022-11-15 05:57:42,194 - INFO: global_step=294572, episodic_return=-111.13874816894531
2022-11-15 05:57:42,391 - INFO: global_step=294814, episodic_return=-68.4511947631836
2022-11-15 05:57:43,383 - INFO: global_step=295483, episodic_return=137.93301391601562
2022-11-15 05:57:44,412 - INFO: global_step=296133, episodic_return=134.5248565673828
2022-11-15 05:57:45,873 - INFO: global_step=297133, episodic_return=-101.79253387451172
2022-11-15 05:57:47,690 - INFO: global_step=298133, episodic_return=-52.380615234375
2022-11-15 05:57:49,876 - INFO: global_step=299133, episodic_return=-19.225797653198242
2022-11-15 05:57:51,636 - INFO: global_step=300133, episodic_return=-17.251251220703125
2022-11-15 05:57:52,680 - INFO: global_step=300903, episodic_return=-156.58668518066406
2022-11-15 05:57:54,161 - INFO: global_step=301699, episodic_return=162.54275512695312
2022-11-15 05:57:56,398 - INFO: global_step=302699, episodic_return=-70.17613220214844
2022-11-15 05:57:58,818 - INFO: global_step=303699, episodic_return=-34.64094543457031
2022-11-15 05:58:00,584 - INFO: global_step=304699, episodic_return=-22.117610931396484
2022-11-15 05:58:03,934 - INFO: global_step=305699, episodic_return=-39.81243896484375
2022-11-15 05:58:05,955 - INFO: global_step=306699, episodic_return=-34.117515563964844
2022-11-15 05:58:08,258 - INFO: global_step=307699, episodic_return=21.09983253479004
2022-11-15 05:58:10,761 - INFO: global_step=308699, episodic_return=-20.953508377075195
2022-11-15 05:58:12,537 - INFO: global_step=309699, episodic_return=-27.4634952545166
2022-11-15 05:58:14,610 - INFO: global_step=310699, episodic_return=-13.837440490722656
2022-11-15 05:58:18,322 - INFO: global_step=311699, episodic_return=-85.6961898803711
2022-11-15 05:58:20,242 - INFO: global_step=312699, episodic_return=-66.00120544433594
2022-11-15 05:58:22,262 - INFO: global_step=313699, episodic_return=-49.837066650390625
2022-11-15 05:58:23,931 - INFO: global_step=314699, episodic_return=-61.226966857910156
2022-11-15 05:58:26,203 - INFO: global_step=315699, episodic_return=-90.2413101196289
2022-11-15 05:58:28,713 - INFO: global_step=316699, episodic_return=-65.05561065673828
2022-11-15 05:58:29,793 - INFO: global_step=317383, episodic_return=174.21737670898438
2022-11-15 05:58:32,394 - INFO: global_step=318383, episodic_return=-29.097572326660156
2022-11-15 05:58:32,467 - INFO: global_step=318469, episodic_return=-193.96127319335938
2022-11-15 05:58:33,386 - INFO: global_step=319080, episodic_return=-23.74639129638672
2022-11-15 05:58:34,788 - INFO: global_step=319881, episodic_return=193.07919311523438
2022-11-15 05:58:36,450 - INFO: global_step=320881, episodic_return=-45.12664031982422
2022-11-15 05:58:37,415 - INFO: global_step=321601, episodic_return=187.5298309326172
2022-11-15 05:58:39,393 - INFO: global_step=322601, episodic_return=-25.5063533782959
2022-11-15 05:58:40,501 - INFO: global_step=323357, episodic_return=141.60589599609375
2022-11-15 05:58:41,627 - INFO: global_step=324104, episodic_return=182.66937255859375
2022-11-15 05:58:43,231 - INFO: global_step=325104, episodic_return=-27.64715576171875
2022-11-15 05:58:43,457 - INFO: global_step=325310, episodic_return=-156.893310546875
2022-11-15 05:58:44,324 - INFO: global_step=325929, episodic_return=159.0723876953125
2022-11-15 05:58:45,945 - INFO: global_step=326926, episodic_return=180.48583984375
2022-11-15 05:58:46,232 - INFO: global_step=327200, episodic_return=-5.4290618896484375
2022-11-15 05:58:47,230 - INFO: global_step=327827, episodic_return=216.23306274414062
2022-11-15 05:58:47,549 - INFO: global_step=328154, episodic_return=-60.96576690673828
2022-11-15 05:58:48,749 - INFO: global_step=328827, episodic_return=123.5800552368164
2022-11-15 05:58:50,398 - INFO: global_step=329827, episodic_return=-69.87377166748047
2022-11-15 05:58:52,290 - INFO: global_step=330827, episodic_return=-65.30522918701172
2022-11-15 05:58:54,246 - INFO: global_step=331827, episodic_return=-41.2177734375
2022-11-15 05:58:56,224 - INFO: global_step=332827, episodic_return=-54.61799240112305
2022-11-15 05:58:58,116 - INFO: global_step=333827, episodic_return=-13.542231559753418
2022-11-15 05:58:59,768 - INFO: global_step=334827, episodic_return=-87.47814178466797
2022-11-15 05:59:01,135 - INFO: global_step=335787, episodic_return=159.113525390625
2022-11-15 05:59:01,346 - INFO: global_step=336089, episodic_return=-58.14209747314453
2022-11-15 05:59:03,214 - INFO: global_step=337089, episodic_return=-83.005126953125
2022-11-15 05:59:04,658 - INFO: global_step=337988, episodic_return=-248.97042846679688
2022-11-15 05:59:05,350 - INFO: global_step=338449, episodic_return=232.44488525390625
2022-11-15 05:59:07,630 - INFO: global_step=339449, episodic_return=-86.93779754638672
2022-11-15 05:59:09,113 - INFO: global_step=340449, episodic_return=-38.6251106262207
2022-11-15 05:59:10,610 - INFO: global_step=341449, episodic_return=-98.43109130859375
2022-11-15 05:59:12,072 - INFO: global_step=342449, episodic_return=-15.386880874633789
2022-11-15 05:59:13,834 - INFO: global_step=343345, episodic_return=162.92184448242188
2022-11-15 05:59:14,373 - INFO: global_step=343826, episodic_return=254.09786987304688
2022-11-15 05:59:15,105 - INFO: global_step=344323, episodic_return=238.2163543701172
2022-11-15 05:59:17,692 - INFO: global_step=345323, episodic_return=-14.299053192138672
2022-11-15 05:59:20,185 - INFO: global_step=346323, episodic_return=-102.69622039794922
2022-11-15 05:59:22,179 - INFO: global_step=347323, episodic_return=-109.47151184082031
2022-11-15 05:59:24,378 - INFO: global_step=348323, episodic_return=-5.619555473327637
2022-11-15 05:59:26,406 - INFO: global_step=349323, episodic_return=-117.3161849975586
2022-11-15 05:59:28,718 - INFO: global_step=350323, episodic_return=-36.655601501464844
2022-11-15 05:59:31,119 - INFO: global_step=351323, episodic_return=-53.77792739868164
2022-11-15 05:59:33,520 - INFO: global_step=352323, episodic_return=-101.05174255371094
2022-11-15 05:59:35,735 - INFO: global_step=353323, episodic_return=-89.53998565673828
2022-11-15 05:59:38,146 - INFO: global_step=354323, episodic_return=-53.48026657104492
2022-11-15 05:59:40,300 - INFO: global_step=355323, episodic_return=-117.82001495361328
2022-11-15 05:59:42,340 - INFO: global_step=356323, episodic_return=-63.4083251953125
2022-11-15 05:59:44,164 - INFO: global_step=357323, episodic_return=-89.18257141113281
2022-11-15 05:59:45,932 - INFO: global_step=358294, episodic_return=167.32028198242188
2022-11-15 05:59:47,743 - INFO: global_step=359294, episodic_return=46.580772399902344
2022-11-15 05:59:49,169 - INFO: global_step=360294, episodic_return=-17.5816593170166
2022-11-15 05:59:50,621 - INFO: global_step=361294, episodic_return=-79.76910400390625
2022-11-15 05:59:52,351 - INFO: global_step=362294, episodic_return=-107.50064849853516
2022-11-15 05:59:54,359 - INFO: global_step=363294, episodic_return=0.546174168586731
2022-11-15 05:59:56,700 - INFO: global_step=364294, episodic_return=-100.28414916992188
2022-11-15 05:59:58,782 - INFO: global_step=365294, episodic_return=17.44611930847168
2022-11-15 06:00:01,375 - INFO: global_step=366294, episodic_return=-68.49501037597656
2022-11-15 06:00:03,947 - INFO: global_step=367294, episodic_return=-93.9301528930664
2022-11-15 06:00:05,929 - INFO: global_step=368294, episodic_return=-7.625601291656494
2022-11-15 06:00:07,658 - INFO: global_step=369294, episodic_return=-18.164554595947266
2022-11-15 06:00:10,344 - INFO: global_step=370294, episodic_return=-108.78601837158203
2022-11-15 06:00:12,587 - INFO: global_step=371294, episodic_return=-75.87648010253906
2022-11-15 06:00:14,510 - INFO: global_step=372294, episodic_return=-52.77348327636719
2022-11-15 06:00:15,493 - INFO: global_step=372956, episodic_return=196.1893768310547
2022-11-15 06:00:17,802 - INFO: global_step=373956, episodic_return=-95.37369537353516
2022-11-15 06:00:19,211 - INFO: global_step=374742, episodic_return=168.55166625976562
2022-11-15 06:00:20,176 - INFO: global_step=375414, episodic_return=194.649169921875
2022-11-15 06:00:20,912 - INFO: global_step=375938, episodic_return=220.40545654296875
2022-11-15 06:00:22,489 - INFO: global_step=376938, episodic_return=-61.712501525878906
2022-11-15 06:00:24,298 - INFO: global_step=377938, episodic_return=-12.622163772583008
2022-11-15 06:00:25,990 - INFO: global_step=378832, episodic_return=147.76016235351562
2022-11-15 06:00:27,826 - INFO: global_step=379832, episodic_return=-111.59819030761719
2022-11-15 06:00:29,204 - INFO: global_step=380832, episodic_return=-76.15975189208984
2022-11-15 06:00:29,596 - INFO: global_step=381252, episodic_return=259.56256103515625
2022-11-15 06:00:30,161 - INFO: global_step=381673, episodic_return=250.36224365234375
2022-11-15 06:00:31,082 - INFO: global_step=382234, episodic_return=177.28997802734375
2022-11-15 06:00:32,481 - INFO: global_step=383034, episodic_return=134.78720092773438
2022-11-15 06:00:33,951 - INFO: global_step=383865, episodic_return=81.12220001220703
2022-11-15 06:00:36,140 - INFO: global_step=384865, episodic_return=-101.57979583740234
2022-11-15 06:00:36,883 - INFO: global_step=385398, episodic_return=234.0986785888672
2022-11-15 06:00:38,566 - INFO: global_step=386297, episodic_return=-156.18338012695312
2022-11-15 06:00:40,142 - INFO: global_step=387111, episodic_return=103.56825256347656
2022-11-15 06:00:41,830 - INFO: global_step=387938, episodic_return=178.08792114257812
2022-11-15 06:00:43,406 - INFO: global_step=388938, episodic_return=40.11708068847656
2022-11-15 06:00:45,688 - INFO: global_step=389938, episodic_return=-66.88050079345703
2022-11-15 06:00:47,468 - INFO: global_step=390938, episodic_return=-53.999794006347656
2022-11-15 06:00:49,821 - INFO: global_step=391938, episodic_return=-78.41590118408203
2022-11-15 06:00:51,513 - INFO: global_step=392787, episodic_return=131.32469177246094
2022-11-15 06:00:53,934 - INFO: global_step=393787, episodic_return=-45.036590576171875
2022-11-15 06:00:55,829 - INFO: global_step=394758, episodic_return=89.6562728881836
2022-11-15 06:00:57,671 - INFO: global_step=395758, episodic_return=-66.88194274902344
2022-11-15 06:00:57,947 - INFO: global_step=396040, episodic_return=293.64178466796875
2022-11-15 06:00:59,196 - INFO: global_step=396894, episodic_return=-198.33523559570312
2022-11-15 06:00:59,989 - INFO: global_step=397536, episodic_return=158.33065795898438
2022-11-15 06:01:00,081 - INFO: global_step=397657, episodic_return=-197.8139190673828
2022-11-15 06:01:02,494 - INFO: global_step=398646, episodic_return=125.83934020996094
2022-11-15 06:01:02,650 - INFO: global_step=398837, episodic_return=-56.91537094116211
2022-11-15 06:01:03,163 - INFO: global_step=399290, episodic_return=198.2490997314453
2022-11-15 06:01:05,575 - INFO: global_step=400208, episodic_return=154.56480407714844
2022-11-15 06:01:06,555 - INFO: global_step=400808, episodic_return=240.23048400878906
2022-11-15 06:01:07,582 - INFO: global_step=401380, episodic_return=178.7479705810547
2022-11-15 06:01:08,237 - INFO: global_step=401880, episodic_return=212.27139282226562
2022-11-15 06:01:10,693 - INFO: global_step=402880, episodic_return=21.707849502563477
2022-11-15 06:01:11,295 - INFO: global_step=403449, episodic_return=160.6468505859375
2022-11-15 06:01:12,180 - INFO: global_step=404023, episodic_return=190.63478088378906
2022-11-15 06:01:12,403 - INFO: global_step=404275, episodic_return=296.34637451171875
2022-11-15 06:01:12,640 - INFO: global_step=404555, episodic_return=299.69476318359375
2022-11-15 06:01:13,428 - INFO: global_step=405139, episodic_return=227.00401306152344
2022-11-15 06:01:13,772 - INFO: global_step=405487, episodic_return=239.19728088378906
2022-11-15 06:01:14,174 - INFO: global_step=405879, episodic_return=233.6259765625
2022-11-15 06:01:14,540 - INFO: global_step=406233, episodic_return=210.4293212890625
2022-11-15 06:01:14,756 - INFO: global_step=406490, episodic_return=6.8828277587890625
2022-11-15 06:01:15,381 - INFO: global_step=406949, episodic_return=199.17129516601562
2022-11-15 06:01:15,851 - INFO: global_step=407401, episodic_return=209.57574462890625
2022-11-15 06:01:17,420 - INFO: global_step=408299, episodic_return=209.29733276367188
2022-11-15 06:01:17,924 - INFO: global_step=408748, episodic_return=-4.989524841308594
2022-11-15 06:01:19,163 - INFO: global_step=409492, episodic_return=212.7252197265625
2022-11-15 06:01:20,558 - INFO: global_step=410268, episodic_return=223.57403564453125
2022-11-15 06:01:20,816 - INFO: global_step=410603, episodic_return=11.18218994140625
2022-11-15 06:01:22,642 - INFO: global_step=411603, episodic_return=105.15673828125
2022-11-15 06:01:22,944 - INFO: global_step=411865, episodic_return=-148.1375274658203
2022-11-15 06:01:23,494 - INFO: global_step=412298, episodic_return=-106.87454986572266
2022-11-15 06:01:25,318 - INFO: global_step=413067, episodic_return=-172.878662109375
2022-11-15 06:01:26,117 - INFO: global_step=413533, episodic_return=252.599365234375
2022-11-15 06:01:27,148 - INFO: global_step=414188, episodic_return=217.51417541503906
2022-11-15 06:01:28,298 - INFO: global_step=414933, episodic_return=160.10691833496094
2022-11-15 06:01:30,611 - INFO: global_step=415933, episodic_return=-112.63453674316406
2022-11-15 06:01:32,755 - INFO: global_step=416933, episodic_return=-75.43445587158203
2022-11-15 06:01:34,682 - INFO: global_step=417933, episodic_return=-109.78923034667969
2022-11-15 06:01:35,351 - INFO: global_step=418405, episodic_return=201.30752563476562
2022-11-15 06:01:37,345 - INFO: global_step=419405, episodic_return=-74.37718963623047
2022-11-15 06:01:39,465 - INFO: global_step=420405, episodic_return=-81.15419006347656
2022-11-15 06:01:42,149 - INFO: global_step=421405, episodic_return=-137.64013671875
2022-11-15 06:01:43,204 - INFO: global_step=422187, episodic_return=138.5219268798828
2022-11-15 06:01:44,370 - INFO: global_step=422975, episodic_return=149.054443359375
2022-11-15 06:01:44,889 - INFO: global_step=423424, episodic_return=201.89511108398438
2022-11-15 06:01:46,460 - INFO: global_step=424424, episodic_return=-70.03675079345703
2022-11-15 06:01:48,688 - INFO: global_step=425424, episodic_return=-139.08119201660156
2022-11-15 06:01:50,503 - INFO: global_step=426424, episodic_return=-85.43281555175781
2022-11-15 06:01:50,872 - INFO: global_step=426849, episodic_return=254.64694213867188
2022-11-15 06:01:53,407 - INFO: global_step=427849, episodic_return=-96.255615234375
2022-11-15 06:01:53,913 - INFO: global_step=428277, episodic_return=-50.932403564453125
2022-11-15 06:01:55,302 - INFO: global_step=429079, episodic_return=85.92851257324219
2022-11-15 06:01:56,084 - INFO: global_step=429663, episodic_return=221.55877685546875
2022-11-15 06:01:56,502 - INFO: global_step=430053, episodic_return=215.64971923828125
2022-11-15 06:01:58,139 - INFO: global_step=430875, episodic_return=126.12551879882812
2022-11-15 06:01:59,782 - INFO: global_step=431875, episodic_return=-66.3792953491211
2022-11-15 06:02:01,492 - INFO: global_step=432861, episodic_return=72.25245666503906
2022-11-15 06:02:02,890 - INFO: global_step=433861, episodic_return=-94.09679412841797
2022-11-15 06:02:04,445 - INFO: global_step=434800, episodic_return=54.291561126708984
2022-11-15 06:02:07,224 - INFO: global_step=435800, episodic_return=-88.01703643798828
2022-11-15 06:02:08,727 - INFO: global_step=436800, episodic_return=-67.59349822998047
2022-11-15 06:02:11,197 - INFO: global_step=437800, episodic_return=-86.08832550048828
2022-11-15 06:02:13,468 - INFO: global_step=438800, episodic_return=-27.149980545043945
2022-11-15 06:02:16,104 - INFO: global_step=439800, episodic_return=-55.863426208496094
2022-11-15 06:02:18,221 - INFO: global_step=440800, episodic_return=-62.200077056884766
2022-11-15 06:02:20,236 - INFO: global_step=441800, episodic_return=-28.923280715942383
2022-11-15 06:02:22,360 - INFO: global_step=442800, episodic_return=-64.95038604736328
2022-11-15 06:02:24,292 - INFO: global_step=443800, episodic_return=31.078596115112305
2022-11-15 06:02:26,004 - INFO: global_step=444800, episodic_return=-77.17598724365234
2022-11-15 06:02:28,200 - INFO: global_step=445800, episodic_return=-154.07864379882812
2022-11-15 06:02:30,384 - INFO: global_step=446800, episodic_return=-141.82232666015625
2022-11-15 06:02:30,964 - INFO: global_step=447187, episodic_return=173.23756408691406
2022-11-15 06:02:32,956 - INFO: global_step=448187, episodic_return=-118.99268341064453
2022-11-15 06:02:33,227 - INFO: global_step=448435, episodic_return=-267.68463134765625
2022-11-15 06:02:35,203 - INFO: global_step=449388, episodic_return=178.0128173828125
2022-11-15 06:02:37,485 - INFO: global_step=450388, episodic_return=-62.8807487487793
2022-11-15 06:02:38,817 - INFO: global_step=451150, episodic_return=198.93284606933594
2022-11-15 06:02:40,551 - INFO: global_step=452150, episodic_return=-114.05745697021484
2022-11-15 06:02:42,172 - INFO: global_step=453150, episodic_return=31.835771560668945
2022-11-15 06:02:43,655 - INFO: global_step=454150, episodic_return=-85.64259338378906
2022-11-15 06:02:45,461 - INFO: global_step=455150, episodic_return=-107.5860595703125
2022-11-15 06:02:46,455 - INFO: global_step=455921, episodic_return=165.85430908203125
2022-11-15 06:02:47,646 - INFO: global_step=456740, episodic_return=144.563232421875
2022-11-15 06:02:49,437 - INFO: global_step=457740, episodic_return=-91.68587493896484
2022-11-15 06:02:49,707 - INFO: global_step=457983, episodic_return=-89.6127700805664
2022-11-15 06:02:50,074 - INFO: global_step=458288, episodic_return=-126.83892822265625
2022-11-15 06:02:50,376 - INFO: global_step=458564, episodic_return=-148.71121215820312
2022-11-15 06:02:50,493 - INFO: global_step=458720, episodic_return=-130.0334014892578
2022-11-15 06:02:51,750 - INFO: global_step=459599, episodic_return=150.7615509033203
2022-11-15 06:02:52,579 - INFO: global_step=460228, episodic_return=231.30430603027344
2022-11-15 06:02:54,554 - INFO: global_step=461228, episodic_return=-77.22169494628906
2022-11-15 06:02:56,905 - INFO: global_step=462126, episodic_return=158.0406494140625
2022-11-15 06:02:58,373 - INFO: global_step=463126, episodic_return=-46.37887954711914
2022-11-15 06:03:00,040 - INFO: global_step=464126, episodic_return=-34.032493591308594
2022-11-15 06:03:00,431 - INFO: global_step=464474, episodic_return=249.604248046875
2022-11-15 06:03:01,710 - INFO: global_step=465145, episodic_return=191.72032165527344
2022-11-15 06:03:01,859 - INFO: global_step=465317, episodic_return=-185.83932495117188
2022-11-15 06:03:02,013 - INFO: global_step=465483, episodic_return=-132.6971435546875
2022-11-15 06:03:02,109 - INFO: global_step=465634, episodic_return=-211.64263916015625
2022-11-15 06:03:02,196 - INFO: global_step=465777, episodic_return=-343.06707763671875
2022-11-15 06:03:02,322 - INFO: global_step=465923, episodic_return=-178.31533813476562
2022-11-15 06:03:02,447 - INFO: global_step=466069, episodic_return=-294.24505615234375
2022-11-15 06:03:02,546 - INFO: global_step=466197, episodic_return=-279.7923889160156
2022-11-15 06:03:02,612 - INFO: global_step=466286, episodic_return=-228.78265380859375
2022-11-15 06:03:03,880 - INFO: global_step=467124, episodic_return=114.37960815429688
2022-11-15 06:03:05,959 - INFO: global_step=468124, episodic_return=-90.556640625
2022-11-15 06:03:08,001 - INFO: global_step=469124, episodic_return=-88.94852447509766
2022-11-15 06:03:09,560 - INFO: global_step=470124, episodic_return=-108.68811798095703
2022-11-15 06:03:11,020 - INFO: global_step=471124, episodic_return=-130.15660095214844
2022-11-15 06:03:12,628 - INFO: global_step=472124, episodic_return=-122.71875762939453
2022-11-15 06:03:14,073 - INFO: global_step=473124, episodic_return=-104.10367584228516
2022-11-15 06:03:16,615 - INFO: global_step=474124, episodic_return=-144.51251220703125
2022-11-15 06:03:16,786 - INFO: global_step=474275, episodic_return=-100.05303955078125
2022-11-15 06:03:18,956 - INFO: global_step=475275, episodic_return=-168.0887451171875
2022-11-15 06:03:20,898 - INFO: global_step=476275, episodic_return=-140.67581176757812
2022-11-15 06:03:22,656 - INFO: global_step=477275, episodic_return=-149.89756774902344
2022-11-15 06:03:24,588 - INFO: global_step=478275, episodic_return=-89.21197509765625
2022-11-15 06:03:26,525 - INFO: global_step=479275, episodic_return=-105.370361328125
2022-11-15 06:03:28,493 - INFO: global_step=480275, episodic_return=-120.2343978881836
2022-11-15 06:03:30,314 - INFO: global_step=481275, episodic_return=-127.91187286376953
2022-11-15 06:03:32,773 - INFO: global_step=482275, episodic_return=-132.0348358154297
2022-11-15 06:03:34,611 - INFO: global_step=483275, episodic_return=-123.11865997314453
2022-11-15 06:03:36,800 - INFO: global_step=484275, episodic_return=-10.793824195861816
2022-11-15 06:03:39,112 - INFO: global_step=485275, episodic_return=-129.46188354492188
2022-11-15 06:03:41,321 - INFO: global_step=486275, episodic_return=-94.52616119384766
2022-11-15 06:03:42,996 - INFO: global_step=487275, episodic_return=-65.49241638183594
2022-11-15 06:03:43,397 - INFO: global_step=487598, episodic_return=-152.21583557128906
2022-11-15 06:03:46,500 - INFO: global_step=488598, episodic_return=-122.33811950683594
2022-11-15 06:03:46,726 - INFO: global_step=488791, episodic_return=-91.85542297363281
2022-11-15 06:03:48,412 - INFO: global_step=489791, episodic_return=-118.02833557128906
2022-11-15 06:03:48,660 - INFO: global_step=490086, episodic_return=-130.5615997314453
2022-11-15 06:03:48,721 - INFO: global_step=490181, episodic_return=-221.57952880859375
2022-11-15 06:03:51,052 - INFO: global_step=491181, episodic_return=-79.53834533691406
2022-11-15 06:03:53,193 - INFO: global_step=492181, episodic_return=-105.41593170166016
2022-11-15 06:03:55,427 - INFO: global_step=493181, episodic_return=-136.5259552001953
2022-11-15 06:03:57,525 - INFO: global_step=494181, episodic_return=-98.96446990966797
2022-11-15 06:03:59,443 - INFO: global_step=495181, episodic_return=-121.28549194335938
2022-11-15 06:04:02,181 - INFO: global_step=496181, episodic_return=-161.15708923339844
2022-11-15 06:04:03,922 - INFO: global_step=497181, episodic_return=-83.00213623046875
2022-11-15 06:04:05,799 - INFO: global_step=498181, episodic_return=-63.66244125366211
2022-11-15 06:04:07,665 - INFO: global_step=499181, episodic_return=-30.123199462890625
2022-11-15 06:04:08,031 - INFO: global_step=499548, episodic_return=-117.02325439453125
2022-11-15 06:04:08,593 - INFO: The average reward of last 20 steps: -106.67757210731506
