2022-11-15 06:32:27,129 - INFO: +--------------------------+----------------+
| Parameter                | Value          |
+--------------------------+----------------+
| exp_name                 | dqn            |
+--------------------------+----------------+
| seed                     | 42             |
+--------------------------+----------------+
| total_timesteps          | 500000         |
+--------------------------+----------------+
| learning_rate            | 0.001          |
+--------------------------+----------------+
| buffer_size              | 2000           |
+--------------------------+----------------+
| gamma                    | 0.982          |
+--------------------------+----------------+
| target_network_frequency | 50             |
+--------------------------+----------------+
| batch_size               | 128            |
+--------------------------+----------------+
| start_e                  | 1              |
+--------------------------+----------------+
| end_e                    | 0.010          |
+--------------------------+----------------+
| exploration_fraction     | 0.100          |
+--------------------------+----------------+
| learning_starts          | 10000          |
+--------------------------+----------------+
| train_frequency          | 10             |
+--------------------------+----------------+
| env_id                   | LunarLander-v2 |
+--------------------------+----------------+
2022-11-15 06:32:28,312 - INFO: global_step=122, episodic_return=-351.156494140625
2022-11-15 06:32:29,159 - INFO: global_step=213, episodic_return=-123.88553619384766
2022-11-15 06:32:29,171 - INFO: global_step=280, episodic_return=-206.61187744140625
2022-11-15 06:32:29,184 - INFO: global_step=369, episodic_return=-146.66458129882812
2022-11-15 06:32:29,195 - INFO: global_step=448, episodic_return=-134.07046508789062
2022-11-15 06:32:29,212 - INFO: global_step=560, episodic_return=-209.50868225097656
2022-11-15 06:32:29,231 - INFO: global_step=675, episodic_return=-323.1044921875
2022-11-15 06:32:29,258 - INFO: global_step=825, episodic_return=-517.4085693359375
2022-11-15 06:32:29,271 - INFO: global_step=920, episodic_return=-227.89337158203125
2022-11-15 06:32:29,286 - INFO: global_step=1018, episodic_return=-108.97444915771484
2022-11-15 06:32:29,299 - INFO: global_step=1110, episodic_return=-221.5886688232422
2022-11-15 06:32:29,320 - INFO: global_step=1245, episodic_return=-51.37635040283203
2022-11-15 06:32:29,328 - INFO: global_step=1302, episodic_return=-138.7189483642578
2022-11-15 06:32:29,339 - INFO: global_step=1380, episodic_return=-102.9498519897461
2022-11-15 06:32:29,349 - INFO: global_step=1442, episodic_return=-126.42334747314453
2022-11-15 06:32:29,360 - INFO: global_step=1515, episodic_return=-117.82674407958984
2022-11-15 06:32:29,370 - INFO: global_step=1587, episodic_return=-85.06668090820312
2022-11-15 06:32:29,390 - INFO: global_step=1707, episodic_return=-219.26608276367188
2022-11-15 06:32:29,406 - INFO: global_step=1806, episodic_return=-332.89569091796875
2022-11-15 06:32:29,420 - INFO: global_step=1904, episodic_return=-379.4852294921875
2022-11-15 06:32:29,431 - INFO: global_step=1982, episodic_return=-52.8227653503418
2022-11-15 06:32:29,449 - INFO: global_step=2090, episodic_return=-64.3173828125
2022-11-15 06:32:29,461 - INFO: global_step=2167, episodic_return=-99.67619323730469
2022-11-15 06:32:29,479 - INFO: global_step=2271, episodic_return=-136.26307678222656
2022-11-15 06:32:29,492 - INFO: global_step=2351, episodic_return=-315.52490234375
2022-11-15 06:32:29,507 - INFO: global_step=2448, episodic_return=-91.98405456542969
2022-11-15 06:32:29,530 - INFO: global_step=2576, episodic_return=-158.29550170898438
2022-11-15 06:32:29,542 - INFO: global_step=2651, episodic_return=-139.57223510742188
2022-11-15 06:32:29,555 - INFO: global_step=2735, episodic_return=-139.74240112304688
2022-11-15 06:32:29,571 - INFO: global_step=2832, episodic_return=-119.69009399414062
2022-11-15 06:32:29,587 - INFO: global_step=2931, episodic_return=-164.49429321289062
2022-11-15 06:32:29,602 - INFO: global_step=3009, episodic_return=-353.2328796386719
2022-11-15 06:32:29,626 - INFO: global_step=3146, episodic_return=-133.02178955078125
2022-11-15 06:32:29,637 - INFO: global_step=3210, episodic_return=-111.07067108154297
2022-11-15 06:32:29,656 - INFO: global_step=3309, episodic_return=-235.29347229003906
2022-11-15 06:32:29,672 - INFO: global_step=3392, episodic_return=-252.41278076171875
2022-11-15 06:32:29,683 - INFO: global_step=3453, episodic_return=-73.19584655761719
2022-11-15 06:32:29,714 - INFO: global_step=3587, episodic_return=-346.2174377441406
2022-11-15 06:32:29,734 - INFO: global_step=3690, episodic_return=-174.04876708984375
2022-11-15 06:32:29,750 - INFO: global_step=3780, episodic_return=-106.15137481689453
2022-11-15 06:32:29,762 - INFO: global_step=3851, episodic_return=-57.69123077392578
2022-11-15 06:32:29,774 - INFO: global_step=3929, episodic_return=-161.63778686523438
2022-11-15 06:32:29,787 - INFO: global_step=4015, episodic_return=-69.35623168945312
2022-11-15 06:32:29,802 - INFO: global_step=4111, episodic_return=-152.7514190673828
2022-11-15 06:32:29,815 - INFO: global_step=4177, episodic_return=-79.86604309082031
2022-11-15 06:32:29,827 - INFO: global_step=4257, episodic_return=-141.86459350585938
2022-11-15 06:32:29,842 - INFO: global_step=4349, episodic_return=-150.29576110839844
2022-11-15 06:32:29,855 - INFO: global_step=4431, episodic_return=-201.72312927246094
2022-11-15 06:32:29,866 - INFO: global_step=4504, episodic_return=-120.88175964355469
2022-11-15 06:32:29,876 - INFO: global_step=4565, episodic_return=-90.26007843017578
2022-11-15 06:32:29,886 - INFO: global_step=4623, episodic_return=-93.04244232177734
2022-11-15 06:32:29,896 - INFO: global_step=4689, episodic_return=-113.1588363647461
2022-11-15 06:32:29,913 - INFO: global_step=4786, episodic_return=-83.37178802490234
2022-11-15 06:32:29,940 - INFO: global_step=4928, episodic_return=-325.10919189453125
2022-11-15 06:32:29,953 - INFO: global_step=5005, episodic_return=-103.6052474975586
2022-11-15 06:32:29,962 - INFO: global_step=5065, episodic_return=-68.27308654785156
2022-11-15 06:32:29,974 - INFO: global_step=5138, episodic_return=-334.01641845703125
2022-11-15 06:32:29,986 - INFO: global_step=5211, episodic_return=-76.09588623046875
2022-11-15 06:32:30,002 - INFO: global_step=5306, episodic_return=-408.78363037109375
2022-11-15 06:32:30,021 - INFO: global_step=5409, episodic_return=-401.0025634765625
2022-11-15 06:32:30,035 - INFO: global_step=5483, episodic_return=-131.90542602539062
2022-11-15 06:32:30,047 - INFO: global_step=5547, episodic_return=-172.80337524414062
2022-11-15 06:32:30,061 - INFO: global_step=5628, episodic_return=-120.70295715332031
2022-11-15 06:32:30,087 - INFO: global_step=5755, episodic_return=-453.12646484375
2022-11-15 06:32:30,104 - INFO: global_step=5838, episodic_return=-134.7730712890625
2022-11-15 06:32:30,119 - INFO: global_step=5901, episodic_return=-302.0372314453125
2022-11-15 06:32:30,138 - INFO: global_step=5986, episodic_return=-295.01715087890625
2022-11-15 06:32:30,158 - INFO: global_step=6091, episodic_return=-272.5890808105469
2022-11-15 06:32:30,176 - INFO: global_step=6191, episodic_return=-342.46282958984375
2022-11-15 06:32:30,191 - INFO: global_step=6275, episodic_return=-123.3620376586914
2022-11-15 06:32:30,202 - INFO: global_step=6343, episodic_return=-99.95781707763672
2022-11-15 06:32:30,218 - INFO: global_step=6423, episodic_return=-441.58642578125
2022-11-15 06:32:30,245 - INFO: global_step=6551, episodic_return=-97.5301513671875
2022-11-15 06:32:30,257 - INFO: global_step=6614, episodic_return=-101.30792236328125
2022-11-15 06:32:30,267 - INFO: global_step=6672, episodic_return=-87.26091766357422
2022-11-15 06:32:30,286 - INFO: global_step=6775, episodic_return=-298.40625
2022-11-15 06:32:30,301 - INFO: global_step=6861, episodic_return=-307.4879150390625
2022-11-15 06:32:30,321 - INFO: global_step=6974, episodic_return=-381.8272705078125
2022-11-15 06:32:30,333 - INFO: global_step=7042, episodic_return=-85.109619140625
2022-11-15 06:32:30,358 - INFO: global_step=7171, episodic_return=-125.97891235351562
2022-11-15 06:32:30,370 - INFO: global_step=7241, episodic_return=-91.70991516113281
2022-11-15 06:32:30,383 - INFO: global_step=7310, episodic_return=-111.25437927246094
2022-11-15 06:32:30,397 - INFO: global_step=7392, episodic_return=-104.3938980102539
2022-11-15 06:32:30,414 - INFO: global_step=7474, episodic_return=-263.2205810546875
2022-11-15 06:32:30,429 - INFO: global_step=7556, episodic_return=-128.54188537597656
2022-11-15 06:32:30,460 - INFO: global_step=7696, episodic_return=-507.9062194824219
2022-11-15 06:32:30,471 - INFO: global_step=7759, episodic_return=-79.893798828125
2022-11-15 06:32:30,495 - INFO: global_step=7870, episodic_return=-268.47802734375
2022-11-15 06:32:30,506 - INFO: global_step=7936, episodic_return=-100.37627410888672
2022-11-15 06:32:30,517 - INFO: global_step=7999, episodic_return=-90.19143676757812
2022-11-15 06:32:30,529 - INFO: global_step=8064, episodic_return=-155.3421630859375
2022-11-15 06:32:30,554 - INFO: global_step=8181, episodic_return=-329.2588195800781
2022-11-15 06:32:30,574 - INFO: global_step=8283, episodic_return=-196.69351196289062
2022-11-15 06:32:30,586 - INFO: global_step=8347, episodic_return=-273.344970703125
2022-11-15 06:32:30,602 - INFO: global_step=8424, episodic_return=-151.23980712890625
2022-11-15 06:32:30,620 - INFO: global_step=8517, episodic_return=-93.97550964355469
2022-11-15 06:32:30,634 - INFO: global_step=8597, episodic_return=-65.66130065917969
2022-11-15 06:32:30,645 - INFO: global_step=8651, episodic_return=-120.82817077636719
2022-11-15 06:32:30,664 - INFO: global_step=8759, episodic_return=-122.1899642944336
2022-11-15 06:32:30,677 - INFO: global_step=8831, episodic_return=-77.81227111816406
2022-11-15 06:32:30,694 - INFO: global_step=8912, episodic_return=-136.64315795898438
2022-11-15 06:32:30,722 - INFO: global_step=9044, episodic_return=-102.6734619140625
2022-11-15 06:32:30,742 - INFO: global_step=9138, episodic_return=-367.98040771484375
2022-11-15 06:32:30,759 - INFO: global_step=9222, episodic_return=-103.62724304199219
2022-11-15 06:32:30,775 - INFO: global_step=9303, episodic_return=-464.06134033203125
2022-11-15 06:32:30,794 - INFO: global_step=9396, episodic_return=-457.8784484863281
2022-11-15 06:32:30,837 - INFO: global_step=9573, episodic_return=-461.8065185546875
2022-11-15 06:32:30,851 - INFO: global_step=9647, episodic_return=-59.41581344604492
2022-11-15 06:32:30,884 - INFO: global_step=9798, episodic_return=-487.8279113769531
2022-11-15 06:32:30,895 - INFO: global_step=9855, episodic_return=-77.16908264160156
2022-11-15 06:32:30,918 - INFO: global_step=9959, episodic_return=-486.0353698730469
2022-11-15 06:32:30,983 - INFO: global_step=10102, episodic_return=-264.2381591796875
2022-11-15 06:32:31,029 - INFO: global_step=10227, episodic_return=-161.9794464111328
2022-11-15 06:32:31,078 - INFO: global_step=10354, episodic_return=-367.62432861328125
2022-11-15 06:32:31,105 - INFO: global_step=10425, episodic_return=-53.724700927734375
2022-11-15 06:32:31,141 - INFO: global_step=10530, episodic_return=-108.0743637084961
2022-11-15 06:32:31,170 - INFO: global_step=10620, episodic_return=-393.2967224121094
2022-11-15 06:32:31,213 - INFO: global_step=10724, episodic_return=-228.39492797851562
2022-11-15 06:32:31,242 - INFO: global_step=10792, episodic_return=-87.29737854003906
2022-11-15 06:32:31,273 - INFO: global_step=10877, episodic_return=-202.98806762695312
2022-11-15 06:32:31,315 - INFO: global_step=10976, episodic_return=-218.70843505859375
2022-11-15 06:32:31,382 - INFO: global_step=11106, episodic_return=-83.85458374023438
2022-11-15 06:32:31,441 - INFO: global_step=11219, episodic_return=-255.39939880371094
2022-11-15 06:32:31,509 - INFO: global_step=11334, episodic_return=-417.8260803222656
2022-11-15 06:32:31,564 - INFO: global_step=11435, episodic_return=-91.60804748535156
2022-11-15 06:32:31,600 - INFO: global_step=11501, episodic_return=-74.7440414428711
2022-11-15 06:32:31,643 - INFO: global_step=11588, episodic_return=-189.0504150390625
2022-11-15 06:32:31,716 - INFO: global_step=11695, episodic_return=-244.57205200195312
2022-11-15 06:32:31,774 - INFO: global_step=11808, episodic_return=-55.03525924682617
2022-11-15 06:32:31,812 - INFO: global_step=11892, episodic_return=-279.96240234375
2022-11-15 06:32:31,913 - INFO: global_step=12068, episodic_return=-418.1149597167969
2022-11-15 06:32:31,970 - INFO: global_step=12173, episodic_return=-529.6265258789062
2022-11-15 06:32:32,078 - INFO: global_step=12360, episodic_return=-207.95867919921875
2022-11-15 06:32:32,124 - INFO: global_step=12470, episodic_return=-54.89392852783203
2022-11-15 06:32:32,172 - INFO: global_step=12570, episodic_return=-335.7179870605469
2022-11-15 06:32:32,214 - INFO: global_step=12660, episodic_return=-186.39962768554688
2022-11-15 06:32:32,269 - INFO: global_step=12774, episodic_return=-109.2494125366211
2022-11-15 06:32:32,317 - INFO: global_step=12878, episodic_return=-369.51593017578125
2022-11-15 06:32:32,484 - INFO: global_step=13134, episodic_return=-235.4395751953125
2022-11-15 06:32:32,581 - INFO: global_step=13270, episodic_return=-241.4955291748047
2022-11-15 06:32:32,629 - INFO: global_step=13360, episodic_return=-63.064090728759766
2022-11-15 06:32:32,685 - INFO: global_step=13462, episodic_return=-313.77679443359375
2022-11-15 06:32:32,731 - INFO: global_step=13580, episodic_return=-123.26301574707031
2022-11-15 06:32:32,770 - INFO: global_step=13665, episodic_return=-65.17997741699219
2022-11-15 06:32:32,866 - INFO: global_step=13879, episodic_return=-88.58348846435547
2022-11-15 06:32:32,915 - INFO: global_step=14005, episodic_return=-172.52081298828125
2022-11-15 06:32:32,945 - INFO: global_step=14083, episodic_return=-95.27599334716797
2022-11-15 06:32:32,992 - INFO: global_step=14195, episodic_return=-28.888137817382812
2022-11-15 06:32:33,038 - INFO: global_step=14312, episodic_return=-182.81619262695312
2022-11-15 06:32:34,152 - INFO: global_step=15312, episodic_return=-3.156831979751587
2022-11-15 06:32:34,201 - INFO: global_step=15430, episodic_return=-115.63330841064453
2022-11-15 06:32:34,261 - INFO: global_step=15563, episodic_return=-141.03683471679688
2022-11-15 06:32:34,342 - INFO: global_step=15696, episodic_return=-127.04815673828125
2022-11-15 06:32:34,385 - INFO: global_step=15783, episodic_return=-62.82067108154297
2022-11-15 06:32:34,443 - INFO: global_step=15901, episodic_return=-97.84441375732422
2022-11-15 06:32:34,518 - INFO: global_step=16060, episodic_return=-91.29263305664062
2022-11-15 06:32:34,579 - INFO: global_step=16181, episodic_return=-82.06501007080078
2022-11-15 06:32:34,695 - INFO: global_step=16404, episodic_return=-102.29166412353516
2022-11-15 06:32:34,738 - INFO: global_step=16510, episodic_return=-24.753944396972656
2022-11-15 06:32:34,801 - INFO: global_step=16657, episodic_return=-73.62338256835938
2022-11-15 06:32:34,847 - INFO: global_step=16770, episodic_return=-24.470626831054688
2022-11-15 06:32:34,904 - INFO: global_step=16899, episodic_return=-171.25250244140625
2022-11-15 06:32:34,943 - INFO: global_step=16995, episodic_return=-7.191192626953125
2022-11-15 06:32:34,984 - INFO: global_step=17094, episodic_return=-141.38525390625
2022-11-15 06:32:35,018 - INFO: global_step=17179, episodic_return=-121.88516235351562
2022-11-15 06:32:35,099 - INFO: global_step=17333, episodic_return=-92.05554962158203
2022-11-15 06:32:35,141 - INFO: global_step=17411, episodic_return=-152.97584533691406
2022-11-15 06:32:35,213 - INFO: global_step=17526, episodic_return=-199.50961303710938
2022-11-15 06:32:35,336 - INFO: global_step=17761, episodic_return=-310.6015625
2022-11-15 06:32:35,386 - INFO: global_step=17876, episodic_return=-151.62106323242188
2022-11-15 06:32:35,433 - INFO: global_step=17985, episodic_return=-155.1743621826172
2022-11-15 06:32:35,489 - INFO: global_step=18093, episodic_return=-129.64059448242188
2022-11-15 06:32:35,640 - INFO: global_step=18346, episodic_return=-250.52658081054688
2022-11-15 06:32:35,701 - INFO: global_step=18465, episodic_return=-116.38674926757812
2022-11-15 06:32:35,764 - INFO: global_step=18597, episodic_return=-157.22598266601562
2022-11-15 06:32:35,815 - INFO: global_step=18700, episodic_return=-239.4646759033203
2022-11-15 06:32:35,925 - INFO: global_step=18897, episodic_return=-33.160186767578125
2022-11-15 06:32:35,971 - INFO: global_step=18985, episodic_return=-131.967041015625
2022-11-15 06:32:36,052 - INFO: global_step=19133, episodic_return=-35.913047790527344
2022-11-15 06:32:36,113 - INFO: global_step=19254, episodic_return=-65.31291961669922
2022-11-15 06:32:36,171 - INFO: global_step=19371, episodic_return=-76.2086181640625
2022-11-15 06:32:36,265 - INFO: global_step=19536, episodic_return=-55.878143310546875
2022-11-15 06:32:36,363 - INFO: global_step=19703, episodic_return=-106.08920288085938
2022-11-15 06:32:36,410 - INFO: global_step=19792, episodic_return=-160.98452758789062
2022-11-15 06:32:36,499 - INFO: global_step=19951, episodic_return=-244.19300842285156
2022-11-15 06:32:36,551 - INFO: global_step=20026, episodic_return=-169.67657470703125
2022-11-15 06:32:36,682 - INFO: global_step=20214, episodic_return=-210.43014526367188
2022-11-15 06:32:36,765 - INFO: global_step=20335, episodic_return=-115.1654052734375
2022-11-15 06:32:36,813 - INFO: global_step=20435, episodic_return=-213.3014373779297
2022-11-15 06:32:36,892 - INFO: global_step=20587, episodic_return=-178.15869140625
2022-11-15 06:32:37,000 - INFO: global_step=20736, episodic_return=-79.13468933105469
2022-11-15 06:32:37,053 - INFO: global_step=20831, episodic_return=-49.360782623291016
2022-11-15 06:32:37,146 - INFO: global_step=20991, episodic_return=-180.91989135742188
2022-11-15 06:32:37,227 - INFO: global_step=21137, episodic_return=-149.97402954101562
2022-11-15 06:32:37,388 - INFO: global_step=21361, episodic_return=-316.3795471191406
2022-11-15 06:32:37,475 - INFO: global_step=21511, episodic_return=-213.91311645507812
2022-11-15 06:32:37,672 - INFO: global_step=21735, episodic_return=-236.4994354248047
2022-11-15 06:32:37,746 - INFO: global_step=21861, episodic_return=-15.882247924804688
2022-11-15 06:32:37,806 - INFO: global_step=21970, episodic_return=-89.7215576171875
2022-11-15 06:32:37,895 - INFO: global_step=22116, episodic_return=-99.9673080444336
2022-11-15 06:32:37,949 - INFO: global_step=22211, episodic_return=-185.74319458007812
2022-11-15 06:32:38,020 - INFO: global_step=22344, episodic_return=-151.18101501464844
2022-11-15 06:32:38,083 - INFO: global_step=22461, episodic_return=-304.2935791015625
2022-11-15 06:32:38,173 - INFO: global_step=22616, episodic_return=-89.9322280883789
2022-11-15 06:32:38,302 - INFO: global_step=22823, episodic_return=-246.8792266845703
2022-11-15 06:32:38,363 - INFO: global_step=22927, episodic_return=-111.53417205810547
2022-11-15 06:32:38,411 - INFO: global_step=23037, episodic_return=-52.2182502746582
2022-11-15 06:32:38,469 - INFO: global_step=23159, episodic_return=-166.61788940429688
2022-11-15 06:32:38,595 - INFO: global_step=23362, episodic_return=-178.54849243164062
2022-11-15 06:32:38,661 - INFO: global_step=23506, episodic_return=-114.78343200683594
2022-11-15 06:32:38,755 - INFO: global_step=23689, episodic_return=-105.6737060546875
2022-11-15 06:32:38,936 - INFO: global_step=23963, episodic_return=-78.31031799316406
2022-11-15 06:32:38,998 - INFO: global_step=24084, episodic_return=-160.47679138183594
2022-11-15 06:32:39,055 - INFO: global_step=24196, episodic_return=-197.53721618652344
2022-11-15 06:32:39,117 - INFO: global_step=24318, episodic_return=-66.5790023803711
2022-11-15 06:32:39,179 - INFO: global_step=24431, episodic_return=-216.98329162597656
2022-11-15 06:32:39,276 - INFO: global_step=24588, episodic_return=-269.6123962402344
2022-11-15 06:32:40,960 - INFO: global_step=25588, episodic_return=-50.28611373901367
2022-11-15 06:32:41,027 - INFO: global_step=25720, episodic_return=-58.094154357910156
2022-11-15 06:32:41,079 - INFO: global_step=25814, episodic_return=-70.71669006347656
2022-11-15 06:32:41,178 - INFO: global_step=25976, episodic_return=-60.033546447753906
2022-11-15 06:32:41,291 - INFO: global_step=26163, episodic_return=-162.44981384277344
2022-11-15 06:32:41,417 - INFO: global_step=26356, episodic_return=-132.39430236816406
2022-11-15 06:32:41,511 - INFO: global_step=26510, episodic_return=-121.25927734375
2022-11-15 06:32:42,061 - INFO: global_step=27013, episodic_return=-118.60167694091797
2022-11-15 06:32:42,114 - INFO: global_step=27119, episodic_return=-80.95999145507812
2022-11-15 06:32:42,204 - INFO: global_step=27281, episodic_return=-62.5718994140625
2022-11-15 06:32:42,411 - INFO: global_step=27555, episodic_return=-80.39685821533203
2022-11-15 06:32:42,657 - INFO: global_step=27859, episodic_return=-113.9715805053711
2022-11-15 06:32:42,767 - INFO: global_step=28031, episodic_return=-41.00812530517578
2022-11-15 06:32:42,961 - INFO: global_step=28310, episodic_return=-46.64451599121094
2022-11-15 06:32:43,141 - INFO: global_step=28575, episodic_return=-99.41697692871094
2022-11-15 06:32:43,227 - INFO: global_step=28721, episodic_return=-201.52499389648438
2022-11-15 06:32:43,370 - INFO: global_step=28936, episodic_return=-7.746589660644531
2022-11-15 06:32:44,820 - INFO: global_step=29859, episodic_return=-224.08596801757812
2022-11-15 06:32:44,909 - INFO: global_step=30019, episodic_return=-151.52020263671875
2022-11-15 06:32:45,376 - INFO: global_step=30533, episodic_return=-156.95150756835938
2022-11-15 06:32:45,453 - INFO: global_step=30667, episodic_return=-59.894954681396484
2022-11-15 06:32:46,347 - INFO: global_step=31298, episodic_return=-131.54530334472656
2022-11-15 06:32:46,416 - INFO: global_step=31419, episodic_return=-195.77293395996094
2022-11-15 06:32:46,478 - INFO: global_step=31517, episodic_return=-73.85646057128906
2022-11-15 06:32:46,893 - INFO: global_step=31957, episodic_return=-45.962806701660156
2022-11-15 06:32:46,978 - INFO: global_step=32096, episodic_return=-198.79522705078125
2022-11-15 06:32:47,031 - INFO: global_step=32190, episodic_return=-95.89514923095703
2022-11-15 06:32:47,119 - INFO: global_step=32328, episodic_return=-105.26950073242188
2022-11-15 06:32:47,652 - INFO: global_step=32831, episodic_return=-145.32281494140625
2022-11-15 06:32:47,734 - INFO: global_step=32966, episodic_return=-243.69708251953125
2022-11-15 06:32:48,222 - INFO: global_step=33405, episodic_return=-222.09103393554688
2022-11-15 06:32:48,454 - INFO: global_step=33676, episodic_return=-208.7357177734375
2022-11-15 06:32:48,566 - INFO: global_step=33842, episodic_return=-342.218994140625
2022-11-15 06:32:48,706 - INFO: global_step=34051, episodic_return=-248.53302001953125
2022-11-15 06:32:49,041 - INFO: global_step=34427, episodic_return=-24.144569396972656
2022-11-15 06:32:49,206 - INFO: global_step=34689, episodic_return=-226.53237915039062
2022-11-15 06:32:49,310 - INFO: global_step=34874, episodic_return=-273.7573547363281
2022-11-15 06:32:49,431 - INFO: global_step=35071, episodic_return=-169.28939819335938
2022-11-15 06:32:49,653 - INFO: global_step=35357, episodic_return=-108.30824279785156
2022-11-15 06:32:49,714 - INFO: global_step=35451, episodic_return=-176.3978271484375
2022-11-15 06:32:51,237 - INFO: global_step=36451, episodic_return=-122.92345428466797
2022-11-15 06:32:53,041 - INFO: global_step=37451, episodic_return=-71.55027770996094
2022-11-15 06:32:55,231 - INFO: global_step=38451, episodic_return=-126.8348617553711
2022-11-15 06:32:56,702 - INFO: global_step=39451, episodic_return=-123.3062744140625
2022-11-15 06:32:58,491 - INFO: global_step=40451, episodic_return=-69.5676498413086
2022-11-15 06:33:00,057 - INFO: global_step=41451, episodic_return=-118.95160675048828
2022-11-15 06:33:01,152 - INFO: global_step=42212, episodic_return=-192.96017456054688
2022-11-15 06:33:02,886 - INFO: global_step=43212, episodic_return=-79.67291259765625
2022-11-15 06:33:03,377 - INFO: global_step=43647, episodic_return=-127.04867553710938
2022-11-15 06:33:05,177 - INFO: global_step=44647, episodic_return=-96.68412017822266
2022-11-15 06:33:06,532 - INFO: global_step=45370, episodic_return=-198.88494873046875
2022-11-15 06:33:08,786 - INFO: global_step=46370, episodic_return=-50.91771697998047
2022-11-15 06:33:10,543 - INFO: global_step=47370, episodic_return=-89.49542999267578
2022-11-15 06:33:12,373 - INFO: global_step=48370, episodic_return=-132.79173278808594
2022-11-15 06:33:13,090 - INFO: global_step=48954, episodic_return=-148.0396270751953
2022-11-15 06:33:14,503 - INFO: global_step=49954, episodic_return=-85.14323425292969
2022-11-15 06:33:16,662 - INFO: global_step=50954, episodic_return=-87.11803436279297
2022-11-15 06:33:18,427 - INFO: global_step=51954, episodic_return=-126.58106231689453
2022-11-15 06:33:20,663 - INFO: global_step=52954, episodic_return=-124.64239501953125
2022-11-15 06:33:22,378 - INFO: global_step=53899, episodic_return=-295.22003173828125
2022-11-15 06:33:23,034 - INFO: global_step=54436, episodic_return=-194.23553466796875
2022-11-15 06:33:23,629 - INFO: global_step=54931, episodic_return=-150.82089233398438
2022-11-15 06:33:23,849 - INFO: global_step=55215, episodic_return=-232.93556213378906
2022-11-15 06:33:24,008 - INFO: global_step=55443, episodic_return=-85.20710754394531
2022-11-15 06:33:24,190 - INFO: global_step=55681, episodic_return=11.971488952636719
2022-11-15 06:33:24,318 - INFO: global_step=55844, episodic_return=-255.41180419921875
2022-11-15 06:33:24,463 - INFO: global_step=56026, episodic_return=0.7622756958007812
2022-11-15 06:33:24,588 - INFO: global_step=56181, episodic_return=-158.64878845214844
2022-11-15 06:33:24,786 - INFO: global_step=56408, episodic_return=-48.01433563232422
2022-11-15 06:33:24,898 - INFO: global_step=56559, episodic_return=-190.57577514648438
2022-11-15 06:33:25,022 - INFO: global_step=56717, episodic_return=-250.1456298828125
2022-11-15 06:33:25,176 - INFO: global_step=56908, episodic_return=16.14092254638672
2022-11-15 06:33:26,775 - INFO: global_step=57908, episodic_return=-34.679588317871094
2022-11-15 06:33:28,566 - INFO: global_step=58908, episodic_return=-37.98014831542969
2022-11-15 06:33:30,741 - INFO: global_step=59908, episodic_return=-53.86004638671875
2022-11-15 06:33:33,004 - INFO: global_step=60908, episodic_return=-60.19243240356445
2022-11-15 06:33:34,787 - INFO: global_step=61908, episodic_return=-2.819800853729248
2022-11-15 06:33:36,328 - INFO: global_step=62908, episodic_return=-17.414627075195312
2022-11-15 06:33:38,294 - INFO: global_step=63908, episodic_return=-48.108787536621094
2022-11-15 06:33:39,144 - INFO: global_step=64445, episodic_return=-86.0947036743164
2022-11-15 06:33:41,027 - INFO: global_step=65445, episodic_return=-87.12664031982422
2022-11-15 06:33:42,902 - INFO: global_step=66445, episodic_return=-9.21216106414795
2022-11-15 06:33:44,506 - INFO: global_step=67445, episodic_return=-58.84292984008789
2022-11-15 06:33:46,129 - INFO: global_step=68445, episodic_return=-43.99892044067383
2022-11-15 06:33:47,680 - INFO: global_step=69445, episodic_return=-2.9836654663085938
2022-11-15 06:33:48,935 - INFO: global_step=70445, episodic_return=-68.28209686279297
2022-11-15 06:33:50,237 - INFO: global_step=71305, episodic_return=-140.01573181152344
2022-11-15 06:33:51,795 - INFO: global_step=72287, episodic_return=164.24154663085938
2022-11-15 06:33:53,103 - INFO: global_step=73166, episodic_return=172.4384765625
2022-11-15 06:33:53,985 - INFO: global_step=73827, episodic_return=-150.81689453125
2022-11-15 06:33:54,518 - INFO: global_step=74281, episodic_return=-148.883544921875
2022-11-15 06:33:54,671 - INFO: global_step=74458, episodic_return=-166.19256591796875
2022-11-15 06:33:55,457 - INFO: global_step=75091, episodic_return=170.646240234375
2022-11-15 06:33:56,122 - INFO: global_step=75671, episodic_return=183.63609313964844
2022-11-15 06:33:56,463 - INFO: global_step=76001, episodic_return=-95.52459716796875
2022-11-15 06:33:56,846 - INFO: global_step=76365, episodic_return=-89.0511703491211
2022-11-15 06:33:57,087 - INFO: global_step=76594, episodic_return=-22.89360809326172
2022-11-15 06:33:57,273 - INFO: global_step=76839, episodic_return=213.565185546875
2022-11-15 06:33:57,442 - INFO: global_step=77055, episodic_return=-60.9131965637207
2022-11-15 06:33:57,934 - INFO: global_step=77492, episodic_return=250.9398956298828
2022-11-15 06:33:58,084 - INFO: global_step=77704, episodic_return=-231.22999572753906
2022-11-15 06:33:58,285 - INFO: global_step=77940, episodic_return=-105.05057525634766
2022-11-15 06:33:58,530 - INFO: global_step=78210, episodic_return=-41.78007125854492
2022-11-15 06:33:58,989 - INFO: global_step=78611, episodic_return=-341.11749267578125
2022-11-15 06:33:59,148 - INFO: global_step=78797, episodic_return=-217.4411163330078
2022-11-15 06:33:59,266 - INFO: global_step=78979, episodic_return=-137.4267578125
2022-11-15 06:33:59,439 - INFO: global_step=79202, episodic_return=-283.4881591796875
2022-11-15 06:33:59,599 - INFO: global_step=79418, episodic_return=-285.4202575683594
2022-11-15 06:33:59,701 - INFO: global_step=79573, episodic_return=-198.2483673095703
2022-11-15 06:33:59,852 - INFO: global_step=79783, episodic_return=-165.22506713867188
2022-11-15 06:33:59,969 - INFO: global_step=79971, episodic_return=-291.13323974609375
2022-11-15 06:34:00,670 - INFO: global_step=80511, episodic_return=273.72900390625
2022-11-15 06:34:02,094 - INFO: global_step=81433, episodic_return=-217.53480529785156
2022-11-15 06:34:02,480 - INFO: global_step=81816, episodic_return=-112.90955352783203
2022-11-15 06:34:02,974 - INFO: global_step=82299, episodic_return=-139.85560607910156
2022-11-15 06:34:03,240 - INFO: global_step=82582, episodic_return=-113.4647445678711
2022-11-15 06:34:04,425 - INFO: global_step=83325, episodic_return=-146.37339782714844
2022-11-15 06:34:04,814 - INFO: global_step=83712, episodic_return=-135.42506408691406
2022-11-15 06:34:04,960 - INFO: global_step=83908, episodic_return=-86.44046020507812
2022-11-15 06:34:06,527 - INFO: global_step=84908, episodic_return=-95.67263793945312
2022-11-15 06:34:07,116 - INFO: global_step=85450, episodic_return=-109.60397338867188
2022-11-15 06:34:07,428 - INFO: global_step=85740, episodic_return=-137.5180206298828
2022-11-15 06:34:08,463 - INFO: global_step=86631, episodic_return=-179.82923889160156
2022-11-15 06:34:09,160 - INFO: global_step=87259, episodic_return=-159.18502807617188
2022-11-15 06:34:09,464 - INFO: global_step=87623, episodic_return=-133.36392211914062
2022-11-15 06:34:09,719 - INFO: global_step=87951, episodic_return=-126.40058135986328
2022-11-15 06:34:09,853 - INFO: global_step=88165, episodic_return=-102.1253662109375
2022-11-15 06:34:10,541 - INFO: global_step=88875, episodic_return=-163.8272247314453
2022-11-15 06:34:11,576 - INFO: global_step=89875, episodic_return=-116.86054992675781
2022-11-15 06:34:11,996 - INFO: global_step=90227, episodic_return=-70.72831726074219
2022-11-15 06:34:12,213 - INFO: global_step=90473, episodic_return=-80.28010559082031
2022-11-15 06:34:12,374 - INFO: global_step=90703, episodic_return=-123.9002914428711
2022-11-15 06:34:12,505 - INFO: global_step=90875, episodic_return=-92.47358703613281
2022-11-15 06:34:12,640 - INFO: global_step=91058, episodic_return=-147.70111083984375
2022-11-15 06:34:12,782 - INFO: global_step=91254, episodic_return=-108.60956573486328
2022-11-15 06:34:13,814 - INFO: global_step=91935, episodic_return=-127.51782989501953
2022-11-15 06:34:14,121 - INFO: global_step=92280, episodic_return=-135.1927490234375
2022-11-15 06:34:14,350 - INFO: global_step=92579, episodic_return=-89.79854583740234
2022-11-15 06:34:14,585 - INFO: global_step=92898, episodic_return=-124.71727752685547
2022-11-15 06:34:16,204 - INFO: global_step=93898, episodic_return=-76.7093276977539
2022-11-15 06:34:16,794 - INFO: global_step=94478, episodic_return=-182.26318359375
2022-11-15 06:34:18,208 - INFO: global_step=95478, episodic_return=-134.82144165039062
2022-11-15 06:34:19,805 - INFO: global_step=96478, episodic_return=-56.99277114868164
2022-11-15 06:34:20,966 - INFO: global_step=97478, episodic_return=-80.86779022216797
2022-11-15 06:34:22,322 - INFO: global_step=98478, episodic_return=-111.6980972290039
2022-11-15 06:34:23,477 - INFO: global_step=99478, episodic_return=-95.45703125
2022-11-15 06:34:25,036 - INFO: global_step=100478, episodic_return=-86.83577728271484
2022-11-15 06:34:26,906 - INFO: global_step=101478, episodic_return=-118.24506378173828
2022-11-15 06:34:28,395 - INFO: global_step=102478, episodic_return=-65.82416534423828
2022-11-15 06:34:30,183 - INFO: global_step=103478, episodic_return=-79.45520782470703
2022-11-15 06:34:31,605 - INFO: global_step=104478, episodic_return=-89.76036071777344
2022-11-15 06:34:32,193 - INFO: global_step=104978, episodic_return=-120.62853240966797
2022-11-15 06:34:33,127 - INFO: global_step=105746, episodic_return=-214.83343505859375
2022-11-15 06:34:33,900 - INFO: global_step=106362, episodic_return=-172.95669555664062
2022-11-15 06:34:34,712 - INFO: global_step=107074, episodic_return=-164.84930419921875
2022-11-15 06:34:36,747 - INFO: global_step=108074, episodic_return=-64.8853530883789
2022-11-15 06:34:38,991 - INFO: global_step=109074, episodic_return=-130.2670440673828
2022-11-15 06:34:40,789 - INFO: global_step=110074, episodic_return=-87.54580688476562
2022-11-15 06:34:42,482 - INFO: global_step=111074, episodic_return=-144.8360137939453
2022-11-15 06:34:44,650 - INFO: global_step=112074, episodic_return=-121.40206909179688
2022-11-15 06:34:46,468 - INFO: global_step=113074, episodic_return=-102.1805419921875
2022-11-15 06:34:48,096 - INFO: global_step=114074, episodic_return=-106.92900085449219
2022-11-15 06:34:49,886 - INFO: global_step=115074, episodic_return=-142.098876953125
2022-11-15 06:34:52,424 - INFO: global_step=116074, episodic_return=-108.40625
2022-11-15 06:34:53,857 - INFO: global_step=117074, episodic_return=-97.45884704589844
2022-11-15 06:34:55,408 - INFO: global_step=118074, episodic_return=-126.5758056640625
2022-11-15 06:34:57,040 - INFO: global_step=119074, episodic_return=-108.22430419921875
2022-11-15 06:34:58,410 - INFO: global_step=120074, episodic_return=-119.19648742675781
2022-11-15 06:34:59,506 - INFO: global_step=121074, episodic_return=-97.18620300292969
2022-11-15 06:35:00,660 - INFO: global_step=122074, episodic_return=-109.05384826660156
2022-11-15 06:35:02,201 - INFO: global_step=123074, episodic_return=-98.5344009399414
2022-11-15 06:35:03,749 - INFO: global_step=124074, episodic_return=-122.39228057861328
2022-11-15 06:35:05,322 - INFO: global_step=125074, episodic_return=-152.5105743408203
2022-11-15 06:35:06,642 - INFO: global_step=126074, episodic_return=-91.75863647460938
2022-11-15 06:35:07,959 - INFO: global_step=127074, episodic_return=-108.83626556396484
2022-11-15 06:35:09,382 - INFO: global_step=128074, episodic_return=-151.33514404296875
2022-11-15 06:35:10,960 - INFO: global_step=129074, episodic_return=-96.6282958984375
2022-11-15 06:35:12,247 - INFO: global_step=130074, episodic_return=-99.02302551269531
2022-11-15 06:35:13,922 - INFO: global_step=131074, episodic_return=-134.0329132080078
2022-11-15 06:35:15,044 - INFO: global_step=132074, episodic_return=-105.57696533203125
2022-11-15 06:35:15,503 - INFO: global_step=132582, episodic_return=-168.31240844726562
2022-11-15 06:35:16,610 - INFO: global_step=133582, episodic_return=-105.7252426147461
2022-11-15 06:35:18,171 - INFO: global_step=134582, episodic_return=-179.00550842285156
2022-11-15 06:35:18,667 - INFO: global_step=135050, episodic_return=-197.66143798828125
2022-11-15 06:35:19,247 - INFO: global_step=135655, episodic_return=-228.737060546875
2022-11-15 06:35:20,422 - INFO: global_step=136560, episodic_return=-240.40663146972656
2022-11-15 06:35:21,497 - INFO: global_step=137459, episodic_return=-280.2840270996094
2022-11-15 06:35:23,123 - INFO: global_step=138459, episodic_return=-183.51466369628906
2022-11-15 06:35:24,664 - INFO: global_step=139459, episodic_return=-58.59586715698242
2022-11-15 06:35:25,882 - INFO: global_step=140459, episodic_return=-95.2275390625
2022-11-15 06:35:27,483 - INFO: global_step=141459, episodic_return=-73.69775390625
2022-11-15 06:35:28,498 - INFO: global_step=142459, episodic_return=-109.30621337890625
2022-11-15 06:35:30,171 - INFO: global_step=143459, episodic_return=-70.26222229003906
2022-11-15 06:35:32,636 - INFO: global_step=144459, episodic_return=-122.52200317382812
2022-11-15 06:35:33,897 - INFO: global_step=145459, episodic_return=-140.3981475830078
2022-11-15 06:35:35,633 - INFO: global_step=146459, episodic_return=-116.00543975830078
2022-11-15 06:35:37,057 - INFO: global_step=147459, episodic_return=-155.24185180664062
2022-11-15 06:35:38,641 - INFO: global_step=148459, episodic_return=-107.33771514892578
2022-11-15 06:35:40,326 - INFO: global_step=149459, episodic_return=-114.87488555908203
2022-11-15 06:35:42,374 - INFO: global_step=150459, episodic_return=-104.17606353759766
2022-11-15 06:35:43,922 - INFO: global_step=151459, episodic_return=-121.19474792480469
2022-11-15 06:35:45,503 - INFO: global_step=152459, episodic_return=-121.293212890625
2022-11-15 06:35:47,442 - INFO: global_step=153459, episodic_return=-115.42320251464844
2022-11-15 06:35:48,925 - INFO: global_step=154459, episodic_return=-80.36235809326172
2022-11-15 06:35:50,449 - INFO: global_step=155459, episodic_return=-94.496826171875
2022-11-15 06:35:52,300 - INFO: global_step=156459, episodic_return=-109.32621002197266
2022-11-15 06:35:54,098 - INFO: global_step=157459, episodic_return=-135.973876953125
2022-11-15 06:35:55,561 - INFO: global_step=158459, episodic_return=-138.147705078125
2022-11-15 06:35:57,551 - INFO: global_step=159459, episodic_return=-135.62828063964844
2022-11-15 06:35:59,806 - INFO: global_step=160459, episodic_return=-129.2360382080078
2022-11-15 06:36:01,639 - INFO: global_step=161459, episodic_return=-90.8492202758789
2022-11-15 06:36:04,124 - INFO: global_step=162459, episodic_return=-104.60826873779297
2022-11-15 06:36:05,721 - INFO: global_step=163459, episodic_return=-72.60134887695312
2022-11-15 06:36:07,673 - INFO: global_step=164459, episodic_return=-55.00790786743164
2022-11-15 06:36:09,783 - INFO: global_step=165459, episodic_return=-41.50977325439453
2022-11-15 06:36:11,795 - INFO: global_step=166459, episodic_return=-123.37030029296875
2022-11-15 06:36:14,120 - INFO: global_step=167459, episodic_return=-111.01529693603516
2022-11-15 06:36:16,674 - INFO: global_step=168459, episodic_return=-125.55918884277344
2022-11-15 06:36:18,312 - INFO: global_step=169459, episodic_return=-65.33712005615234
2022-11-15 06:36:19,828 - INFO: global_step=170459, episodic_return=-57.02584457397461
2022-11-15 06:36:21,442 - INFO: global_step=171459, episodic_return=-104.61138916015625
2022-11-15 06:36:23,581 - INFO: global_step=172459, episodic_return=-117.20525360107422
2022-11-15 06:36:24,908 - INFO: global_step=173459, episodic_return=-104.62456512451172
2022-11-15 06:36:27,420 - INFO: global_step=174459, episodic_return=-54.35720443725586
2022-11-15 06:36:27,541 - INFO: global_step=174584, episodic_return=-124.62788391113281
2022-11-15 06:36:29,707 - INFO: global_step=175584, episodic_return=-104.66177368164062
2022-11-15 06:36:31,753 - INFO: global_step=176584, episodic_return=-142.7544403076172
2022-11-15 06:36:33,645 - INFO: global_step=177584, episodic_return=-121.44251251220703
2022-11-15 06:36:35,143 - INFO: global_step=178584, episodic_return=-116.74855041503906
2022-11-15 06:36:37,035 - INFO: global_step=179584, episodic_return=-56.82978820800781
2022-11-15 06:36:39,399 - INFO: global_step=180584, episodic_return=-78.44517517089844
2022-11-15 06:36:41,329 - INFO: global_step=181584, episodic_return=-99.2095947265625
2022-11-15 06:36:43,853 - INFO: global_step=182584, episodic_return=-98.79033660888672
2022-11-15 06:36:45,599 - INFO: global_step=183584, episodic_return=-75.87603759765625
2022-11-15 06:36:47,202 - INFO: global_step=184584, episodic_return=-89.23582458496094
2022-11-15 06:36:49,523 - INFO: global_step=185584, episodic_return=-60.473960876464844
2022-11-15 06:36:51,687 - INFO: global_step=186584, episodic_return=-74.52330780029297
2022-11-15 06:36:53,550 - INFO: global_step=187584, episodic_return=-67.62904357910156
2022-11-15 06:36:55,486 - INFO: global_step=188584, episodic_return=-99.83880615234375
2022-11-15 06:36:56,966 - INFO: global_step=189584, episodic_return=-83.59257507324219
2022-11-15 06:36:58,833 - INFO: global_step=190584, episodic_return=-49.145606994628906
2022-11-15 06:36:59,624 - INFO: global_step=191224, episodic_return=-140.08114624023438
2022-11-15 06:37:01,094 - INFO: global_step=192101, episodic_return=-454.6710510253906
2022-11-15 06:37:02,733 - INFO: global_step=193101, episodic_return=-93.45195770263672
2022-11-15 06:37:04,592 - INFO: global_step=194101, episodic_return=-80.18095397949219
2022-11-15 06:37:06,735 - INFO: global_step=195101, episodic_return=-84.98519134521484
2022-11-15 06:37:08,859 - INFO: global_step=196101, episodic_return=-75.01132202148438
2022-11-15 06:37:10,532 - INFO: global_step=197101, episodic_return=-55.01814651489258
2022-11-15 06:37:12,804 - INFO: global_step=198101, episodic_return=-75.94813537597656
2022-11-15 06:37:14,187 - INFO: global_step=199101, episodic_return=-21.058788299560547
2022-11-15 06:37:15,779 - INFO: global_step=200101, episodic_return=-90.32764434814453
2022-11-15 06:37:17,619 - INFO: global_step=201101, episodic_return=-49.94694137573242
2022-11-15 06:37:19,624 - INFO: global_step=202101, episodic_return=-90.83666229248047
2022-11-15 06:37:21,142 - INFO: global_step=203101, episodic_return=-50.58281707763672
2022-11-15 06:37:22,728 - INFO: global_step=204101, episodic_return=-70.8419418334961
2022-11-15 06:37:24,490 - INFO: global_step=205101, episodic_return=-81.79496765136719
2022-11-15 06:37:26,692 - INFO: global_step=206101, episodic_return=-68.53545379638672
2022-11-15 06:37:28,978 - INFO: global_step=207101, episodic_return=-102.86434173583984
2022-11-15 06:37:30,620 - INFO: global_step=208101, episodic_return=-57.86151123046875
2022-11-15 06:37:32,786 - INFO: global_step=209101, episodic_return=-76.04776763916016
2022-11-15 06:37:34,726 - INFO: global_step=210101, episodic_return=-40.21624755859375
2022-11-15 06:37:35,866 - INFO: global_step=211101, episodic_return=-53.20014572143555
2022-11-15 06:37:38,258 - INFO: global_step=212101, episodic_return=-83.78592681884766
2022-11-15 06:37:39,976 - INFO: global_step=213101, episodic_return=-102.46736145019531
2022-11-15 06:37:42,095 - INFO: global_step=214101, episodic_return=-50.40744400024414
2022-11-15 06:37:44,055 - INFO: global_step=215101, episodic_return=-40.90855026245117
2022-11-15 06:37:45,397 - INFO: global_step=216101, episodic_return=-86.60086822509766
2022-11-15 06:37:46,932 - INFO: global_step=217101, episodic_return=-34.2978630065918
2022-11-15 06:37:48,983 - INFO: global_step=218101, episodic_return=-87.8904037475586
2022-11-15 06:37:50,613 - INFO: global_step=219101, episodic_return=-105.33700561523438
2022-11-15 06:37:52,278 - INFO: global_step=220101, episodic_return=-35.9078369140625
2022-11-15 06:37:54,140 - INFO: global_step=221101, episodic_return=-92.92142486572266
2022-11-15 06:37:55,767 - INFO: global_step=222101, episodic_return=-50.747352600097656
2022-11-15 06:37:57,314 - INFO: global_step=223101, episodic_return=-112.26847076416016
2022-11-15 06:37:57,405 - INFO: global_step=223241, episodic_return=-284.11175537109375
2022-11-15 06:37:59,440 - INFO: global_step=224241, episodic_return=-99.13922882080078
2022-11-15 06:38:01,587 - INFO: global_step=225241, episodic_return=-73.1158676147461
2022-11-15 06:38:03,344 - INFO: global_step=226241, episodic_return=-72.70764923095703
2022-11-15 06:38:05,558 - INFO: global_step=227241, episodic_return=-73.0364990234375
2022-11-15 06:38:07,198 - INFO: global_step=228241, episodic_return=-101.8241958618164
2022-11-15 06:38:08,866 - INFO: global_step=229241, episodic_return=-68.12325286865234
2022-11-15 06:38:11,418 - INFO: global_step=230241, episodic_return=-86.59562683105469
2022-11-15 06:38:13,113 - INFO: global_step=231241, episodic_return=-57.32014465332031
2022-11-15 06:38:15,076 - INFO: global_step=232241, episodic_return=-94.83399963378906
2022-11-15 06:38:17,043 - INFO: global_step=233241, episodic_return=-74.72755432128906
2022-11-15 06:38:19,147 - INFO: global_step=234241, episodic_return=-72.21694946289062
2022-11-15 06:38:20,601 - INFO: global_step=235241, episodic_return=-48.62432098388672
2022-11-15 06:38:22,122 - INFO: global_step=236241, episodic_return=-76.38609313964844
2022-11-15 06:38:23,700 - INFO: global_step=237241, episodic_return=-3.758885145187378
2022-11-15 06:38:25,247 - INFO: global_step=238241, episodic_return=-58.095672607421875
2022-11-15 06:38:26,959 - INFO: global_step=239241, episodic_return=-18.705673217773438
2022-11-15 06:38:28,599 - INFO: global_step=240241, episodic_return=-8.196200370788574
2022-11-15 06:38:30,663 - INFO: global_step=241241, episodic_return=-38.75817108154297
2022-11-15 06:38:32,332 - INFO: global_step=242241, episodic_return=-69.78877258300781
2022-11-15 06:38:33,881 - INFO: global_step=243098, episodic_return=140.86085510253906
2022-11-15 06:38:35,737 - INFO: global_step=244098, episodic_return=-11.211421012878418
2022-11-15 06:38:37,556 - INFO: global_step=245098, episodic_return=45.52362060546875
2022-11-15 06:38:38,996 - INFO: global_step=246098, episodic_return=-38.909053802490234
2022-11-15 06:38:41,666 - INFO: global_step=247098, episodic_return=-27.013578414916992
2022-11-15 06:38:44,249 - INFO: global_step=248098, episodic_return=-46.80222702026367
2022-11-15 06:38:46,094 - INFO: global_step=249098, episodic_return=-59.27326202392578
2022-11-15 06:38:48,505 - INFO: global_step=250098, episodic_return=10.8380126953125
2022-11-15 06:38:51,297 - INFO: global_step=251098, episodic_return=-29.920005798339844
2022-11-15 06:38:53,806 - INFO: global_step=252098, episodic_return=-69.13145446777344
2022-11-15 06:38:55,914 - INFO: global_step=253098, episodic_return=-63.025611877441406
2022-11-15 06:38:57,898 - INFO: global_step=254098, episodic_return=-47.24167251586914
2022-11-15 06:38:59,357 - INFO: global_step=255098, episodic_return=5.11492919921875
2022-11-15 06:38:59,646 - INFO: global_step=255421, episodic_return=285.22210693359375
2022-11-15 06:39:01,088 - INFO: global_step=256421, episodic_return=-82.63628387451172
2022-11-15 06:39:03,053 - INFO: global_step=257421, episodic_return=-68.97650146484375
2022-11-15 06:39:05,174 - INFO: global_step=258421, episodic_return=-34.03187942504883
2022-11-15 06:39:05,943 - INFO: global_step=259019, episodic_return=175.0226593017578
2022-11-15 06:39:07,989 - INFO: global_step=260019, episodic_return=-74.22832489013672
2022-11-15 06:39:10,335 - INFO: global_step=261019, episodic_return=-43.325294494628906
2022-11-15 06:39:12,540 - INFO: global_step=262019, episodic_return=-13.204617500305176
2022-11-15 06:39:14,053 - INFO: global_step=263019, episodic_return=-95.87297058105469
2022-11-15 06:39:15,573 - INFO: global_step=264019, episodic_return=-44.88766098022461
2022-11-15 06:39:17,867 - INFO: global_step=265019, episodic_return=-40.45876693725586
2022-11-15 06:39:19,938 - INFO: global_step=266019, episodic_return=-116.61019134521484
2022-11-15 06:39:21,890 - INFO: global_step=267019, episodic_return=-126.7542724609375
2022-11-15 06:39:23,774 - INFO: global_step=268019, episodic_return=-90.67127990722656
2022-11-15 06:39:25,550 - INFO: global_step=269019, episodic_return=-53.260459899902344
2022-11-15 06:39:27,049 - INFO: global_step=270019, episodic_return=-130.90145874023438
2022-11-15 06:39:28,302 - INFO: global_step=271019, episodic_return=-80.732177734375
2022-11-15 06:39:29,941 - INFO: global_step=272019, episodic_return=-24.938262939453125
2022-11-15 06:39:31,882 - INFO: global_step=273019, episodic_return=-72.7882080078125
2022-11-15 06:39:34,241 - INFO: global_step=274019, episodic_return=-69.069091796875
2022-11-15 06:39:35,690 - INFO: global_step=275019, episodic_return=-83.37740325927734
2022-11-15 06:39:37,307 - INFO: global_step=276019, episodic_return=1.443385362625122
2022-11-15 06:39:39,284 - INFO: global_step=277019, episodic_return=-78.07350158691406
2022-11-15 06:39:41,495 - INFO: global_step=278019, episodic_return=-101.1689453125
2022-11-15 06:39:43,367 - INFO: global_step=279019, episodic_return=-19.79604721069336
2022-11-15 06:39:45,534 - INFO: global_step=280019, episodic_return=-52.56098937988281
2022-11-15 06:39:48,005 - INFO: global_step=281019, episodic_return=-22.474369049072266
2022-11-15 06:39:49,927 - INFO: global_step=282019, episodic_return=-89.95762634277344
2022-11-15 06:39:51,465 - INFO: global_step=283019, episodic_return=-92.09677124023438
2022-11-15 06:39:53,249 - INFO: global_step=284019, episodic_return=-99.59573364257812
2022-11-15 06:39:54,883 - INFO: global_step=285019, episodic_return=-50.18560791015625
2022-11-15 06:39:56,559 - INFO: global_step=286019, episodic_return=-52.406280517578125
2022-11-15 06:39:57,839 - INFO: global_step=287019, episodic_return=-18.099946975708008
2022-11-15 06:39:59,614 - INFO: global_step=288019, episodic_return=-84.00362396240234
2022-11-15 06:40:00,869 - INFO: global_step=288832, episodic_return=-103.12136840820312
2022-11-15 06:40:02,864 - INFO: global_step=289832, episodic_return=-23.855697631835938
2022-11-15 06:40:04,972 - INFO: global_step=290832, episodic_return=-67.59574127197266
2022-11-15 06:40:05,665 - INFO: global_step=291344, episodic_return=237.44935607910156
2022-11-15 06:40:07,478 - INFO: global_step=292344, episodic_return=-86.61043548583984
2022-11-15 06:40:09,264 - INFO: global_step=293344, episodic_return=-63.460472106933594
2022-11-15 06:40:10,676 - INFO: global_step=294344, episodic_return=-49.47450637817383
2022-11-15 06:40:11,410 - INFO: global_step=295015, episodic_return=227.45968627929688
2022-11-15 06:40:13,567 - INFO: global_step=296015, episodic_return=-45.07761764526367
2022-11-15 06:40:15,174 - INFO: global_step=297015, episodic_return=-2.615823984146118
2022-11-15 06:40:17,426 - INFO: global_step=298015, episodic_return=-55.94696044921875
2022-11-15 06:40:19,396 - INFO: global_step=299015, episodic_return=-72.06459045410156
2022-11-15 06:40:21,156 - INFO: global_step=300015, episodic_return=-66.34039306640625
2022-11-15 06:40:23,405 - INFO: global_step=301015, episodic_return=-30.507938385009766
2022-11-15 06:40:24,822 - INFO: global_step=302015, episodic_return=18.92028045654297
2022-11-15 06:40:25,946 - INFO: global_step=302798, episodic_return=-82.06071472167969
2022-11-15 06:40:27,899 - INFO: global_step=303798, episodic_return=-69.8954849243164
2022-11-15 06:40:28,601 - INFO: global_step=304382, episodic_return=-111.56916809082031
2022-11-15 06:40:30,102 - INFO: global_step=305382, episodic_return=-59.00776672363281
2022-11-15 06:40:30,153 - INFO: global_step=305462, episodic_return=-167.19830322265625
2022-11-15 06:40:32,380 - INFO: global_step=306462, episodic_return=-69.21302795410156
2022-11-15 06:40:33,729 - INFO: global_step=307462, episodic_return=-66.52757263183594
2022-11-15 06:40:35,211 - INFO: global_step=308462, episodic_return=-70.22904968261719
2022-11-15 06:40:36,417 - INFO: global_step=309256, episodic_return=197.2144775390625
2022-11-15 06:40:38,623 - INFO: global_step=310256, episodic_return=-48.89512252807617
2022-11-15 06:40:40,012 - INFO: global_step=311256, episodic_return=-49.1337776184082
2022-11-15 06:40:41,495 - INFO: global_step=312256, episodic_return=-67.04105377197266
2022-11-15 06:40:43,593 - INFO: global_step=313256, episodic_return=-30.379146575927734
2022-11-15 06:40:44,318 - INFO: global_step=313847, episodic_return=-103.16702270507812
2022-11-15 06:40:45,613 - INFO: global_step=314847, episodic_return=-82.30278778076172
2022-11-15 06:40:46,737 - INFO: global_step=315847, episodic_return=-21.4537353515625
2022-11-15 06:40:48,413 - INFO: global_step=316847, episodic_return=9.597360610961914
2022-11-15 06:40:49,650 - INFO: global_step=317847, episodic_return=-23.644493103027344
2022-11-15 06:40:51,080 - INFO: global_step=318847, episodic_return=-29.940631866455078
2022-11-15 06:40:53,030 - INFO: global_step=319847, episodic_return=-34.89204406738281
2022-11-15 06:40:54,675 - INFO: global_step=320847, episodic_return=-67.06604766845703
2022-11-15 06:40:56,436 - INFO: global_step=321847, episodic_return=-45.34627914428711
2022-11-15 06:40:58,018 - INFO: global_step=322847, episodic_return=4.118618011474609
2022-11-15 06:40:59,751 - INFO: global_step=323847, episodic_return=-31.250965118408203
2022-11-15 06:41:01,229 - INFO: global_step=324847, episodic_return=-47.19575881958008
2022-11-15 06:41:02,464 - INFO: global_step=325847, episodic_return=-23.29461669921875
2022-11-15 06:41:03,825 - INFO: global_step=326847, episodic_return=-47.47709655761719
2022-11-15 06:41:04,923 - INFO: global_step=327847, episodic_return=-51.961181640625
2022-11-15 06:41:06,671 - INFO: global_step=328847, episodic_return=-51.24293518066406
2022-11-15 06:41:08,142 - INFO: global_step=329847, episodic_return=-27.653234481811523
2022-11-15 06:41:09,954 - INFO: global_step=330847, episodic_return=-64.69762420654297
2022-11-15 06:41:11,914 - INFO: global_step=331847, episodic_return=-35.23905944824219
2022-11-15 06:41:13,614 - INFO: global_step=332847, episodic_return=-43.81386947631836
2022-11-15 06:41:15,435 - INFO: global_step=333847, episodic_return=-82.42784118652344
2022-11-15 06:41:16,958 - INFO: global_step=334847, episodic_return=-33.347984313964844
2022-11-15 06:41:18,423 - INFO: global_step=335847, episodic_return=-27.295337677001953
2022-11-15 06:41:20,280 - INFO: global_step=336847, episodic_return=-33.89823532104492
2022-11-15 06:41:21,745 - INFO: global_step=337847, episodic_return=-44.926063537597656
2022-11-15 06:41:23,746 - INFO: global_step=338847, episodic_return=-55.788578033447266
2022-11-15 06:41:25,553 - INFO: global_step=339847, episodic_return=-32.97042465209961
2022-11-15 06:41:27,176 - INFO: global_step=340847, episodic_return=-50.2577018737793
2022-11-15 06:41:29,591 - INFO: global_step=341847, episodic_return=24.47882080078125
2022-11-15 06:41:31,732 - INFO: global_step=342847, episodic_return=-29.753568649291992
2022-11-15 06:41:33,557 - INFO: global_step=343847, episodic_return=-27.800216674804688
2022-11-15 06:41:35,672 - INFO: global_step=344847, episodic_return=-35.61789321899414
2022-11-15 06:41:38,102 - INFO: global_step=345847, episodic_return=-81.90349578857422
2022-11-15 06:41:40,226 - INFO: global_step=346847, episodic_return=-85.84654998779297
2022-11-15 06:41:41,517 - INFO: global_step=347758, episodic_return=168.02291870117188
2022-11-15 06:41:43,399 - INFO: global_step=348758, episodic_return=-63.75288009643555
2022-11-15 06:41:45,517 - INFO: global_step=349758, episodic_return=-36.337158203125
2022-11-15 06:41:46,957 - INFO: global_step=350758, episodic_return=-80.90998077392578
2022-11-15 06:41:49,034 - INFO: global_step=351758, episodic_return=-25.560338973999023
2022-11-15 06:41:50,995 - INFO: global_step=352758, episodic_return=-57.77467727661133
2022-11-15 06:41:52,583 - INFO: global_step=353758, episodic_return=-12.811114311218262
2022-11-15 06:41:54,160 - INFO: global_step=354758, episodic_return=-69.3639144897461
2022-11-15 06:41:54,525 - INFO: global_step=355144, episodic_return=270.57489013671875
2022-11-15 06:41:55,951 - INFO: global_step=356114, episodic_return=139.5795440673828
2022-11-15 06:41:56,969 - INFO: global_step=356959, episodic_return=71.36917114257812
2022-11-15 06:41:57,483 - INFO: global_step=357425, episodic_return=-59.026180267333984
2022-11-15 06:41:57,940 - INFO: global_step=357837, episodic_return=215.83924865722656
2022-11-15 06:41:58,496 - INFO: global_step=358292, episodic_return=115.17374420166016
2022-11-15 06:41:59,879 - INFO: global_step=359292, episodic_return=-45.89926528930664
2022-11-15 06:42:00,660 - INFO: global_step=359976, episodic_return=-149.80465698242188
2022-11-15 06:42:02,164 - INFO: global_step=360976, episodic_return=-74.93925476074219
2022-11-15 06:42:03,931 - INFO: global_step=361976, episodic_return=-64.29423522949219
2022-11-15 06:42:06,176 - INFO: global_step=362976, episodic_return=-1.858038067817688
2022-11-15 06:42:06,966 - INFO: global_step=363619, episodic_return=202.79583740234375
2022-11-15 06:42:09,243 - INFO: global_step=364440, episodic_return=131.71661376953125
2022-11-15 06:42:09,391 - INFO: global_step=364639, episodic_return=91.07644653320312
2022-11-15 06:42:09,732 - INFO: global_step=365018, episodic_return=245.78579711914062
2022-11-15 06:42:10,152 - INFO: global_step=365405, episodic_return=206.25482177734375
2022-11-15 06:42:10,608 - INFO: global_step=365813, episodic_return=228.3995361328125
2022-11-15 06:42:10,840 - INFO: global_step=366043, episodic_return=-21.975387573242188
2022-11-15 06:42:11,163 - INFO: global_step=366404, episodic_return=246.71527099609375
2022-11-15 06:42:11,313 - INFO: global_step=366589, episodic_return=-347.2301025390625
2022-11-15 06:42:11,434 - INFO: global_step=366776, episodic_return=-206.053466796875
2022-11-15 06:42:12,047 - INFO: global_step=367290, episodic_return=191.38034057617188
2022-11-15 06:42:12,246 - INFO: global_step=367548, episodic_return=-34.86529541015625
2022-11-15 06:42:12,465 - INFO: global_step=367824, episodic_return=-34.166587829589844
2022-11-15 06:42:13,653 - INFO: global_step=368570, episodic_return=77.4941177368164
2022-11-15 06:42:13,950 - INFO: global_step=368927, episodic_return=248.08895874023438
2022-11-15 06:42:14,377 - INFO: global_step=369328, episodic_return=227.73147583007812
2022-11-15 06:42:15,960 - INFO: global_step=370328, episodic_return=-76.9510269165039
2022-11-15 06:42:16,903 - INFO: global_step=371027, episodic_return=115.82928466796875
2022-11-15 06:42:18,827 - INFO: global_step=372027, episodic_return=-22.29707908630371
2022-11-15 06:42:19,780 - INFO: global_step=372905, episodic_return=173.14547729492188
2022-11-15 06:42:21,805 - INFO: global_step=373905, episodic_return=-37.390254974365234
2022-11-15 06:42:23,871 - INFO: global_step=374905, episodic_return=-6.436700820922852
2022-11-15 06:42:25,648 - INFO: global_step=375905, episodic_return=5.471338272094727
2022-11-15 06:42:27,640 - INFO: global_step=376905, episodic_return=-3.5239784717559814
2022-11-15 06:42:29,035 - INFO: global_step=377756, episodic_return=118.000732421875
2022-11-15 06:42:30,677 - INFO: global_step=378756, episodic_return=-14.57937240600586
2022-11-15 06:42:32,395 - INFO: global_step=379756, episodic_return=-26.305583953857422
2022-11-15 06:42:33,945 - INFO: global_step=380756, episodic_return=-34.078834533691406
2022-11-15 06:42:35,216 - INFO: global_step=381756, episodic_return=-50.843780517578125
2022-11-15 06:42:36,682 - INFO: global_step=382756, episodic_return=-16.235124588012695
2022-11-15 06:42:39,047 - INFO: global_step=383756, episodic_return=-34.859310150146484
2022-11-15 06:42:41,123 - INFO: global_step=384756, episodic_return=-47.81027603149414
2022-11-15 06:42:41,353 - INFO: global_step=385013, episodic_return=-55.14768981933594
2022-11-15 06:42:42,631 - INFO: global_step=386013, episodic_return=-12.59316349029541
2022-11-15 06:42:44,229 - INFO: global_step=387013, episodic_return=-36.20803451538086
2022-11-15 06:42:45,688 - INFO: global_step=388013, episodic_return=-46.07380676269531
2022-11-15 06:42:47,969 - INFO: global_step=389013, episodic_return=-50.67772674560547
2022-11-15 06:42:49,132 - INFO: global_step=389726, episodic_return=129.0609130859375
2022-11-15 06:42:50,814 - INFO: global_step=390726, episodic_return=-39.7971076965332
2022-11-15 06:42:52,850 - INFO: global_step=391726, episodic_return=-17.93802261352539
2022-11-15 06:42:54,024 - INFO: global_step=392726, episodic_return=-14.07099723815918
2022-11-15 06:42:54,461 - INFO: global_step=393192, episodic_return=180.99563598632812
2022-11-15 06:42:56,701 - INFO: global_step=394192, episodic_return=-31.46274757385254
2022-11-15 06:42:58,148 - INFO: global_step=395119, episodic_return=124.48249053955078
2022-11-15 06:42:59,419 - INFO: global_step=395913, episodic_return=160.08448791503906
2022-11-15 06:43:00,838 - INFO: global_step=396913, episodic_return=-18.542312622070312
2022-11-15 06:43:02,510 - INFO: global_step=397913, episodic_return=-9.865949630737305
2022-11-15 06:43:03,204 - INFO: global_step=398405, episodic_return=146.2284393310547
2022-11-15 06:43:04,925 - INFO: global_step=399405, episodic_return=-6.059223175048828
2022-11-15 06:43:06,340 - INFO: global_step=400405, episodic_return=-22.263404846191406
2022-11-15 06:43:08,182 - INFO: global_step=401354, episodic_return=104.57290649414062
2022-11-15 06:43:09,721 - INFO: global_step=402354, episodic_return=-39.06612014770508
2022-11-15 06:43:11,244 - INFO: global_step=403354, episodic_return=-35.83244323730469
2022-11-15 06:43:11,465 - INFO: global_step=403647, episodic_return=-0.3008575439453125
2022-11-15 06:43:12,100 - INFO: global_step=404185, episodic_return=202.65869140625
2022-11-15 06:43:12,598 - INFO: global_step=404599, episodic_return=205.45184326171875
2022-11-15 06:43:13,779 - INFO: global_step=405393, episodic_return=155.1808624267578
2022-11-15 06:43:14,745 - INFO: global_step=406088, episodic_return=226.02783203125
2022-11-15 06:43:15,642 - INFO: global_step=406822, episodic_return=183.25148010253906
2022-11-15 06:43:16,982 - INFO: global_step=407624, episodic_return=127.73058319091797
2022-11-15 06:43:18,497 - INFO: global_step=408624, episodic_return=27.405908584594727
2022-11-15 06:43:19,748 - INFO: global_step=409455, episodic_return=120.93537902832031
2022-11-15 06:43:20,915 - INFO: global_step=410455, episodic_return=-21.595046997070312
2022-11-15 06:43:22,330 - INFO: global_step=411455, episodic_return=-81.10452270507812
2022-11-15 06:43:24,170 - INFO: global_step=412455, episodic_return=-40.84583282470703
2022-11-15 06:43:26,038 - INFO: global_step=413455, episodic_return=-51.287689208984375
2022-11-15 06:43:27,696 - INFO: global_step=414455, episodic_return=-70.23519134521484
2022-11-15 06:43:29,768 - INFO: global_step=415455, episodic_return=-69.07243347167969
2022-11-15 06:43:31,253 - INFO: global_step=416455, episodic_return=-54.896507263183594
2022-11-15 06:43:32,705 - INFO: global_step=417311, episodic_return=107.14271545410156
2022-11-15 06:43:34,428 - INFO: global_step=418311, episodic_return=-69.80179595947266
2022-11-15 06:43:35,862 - INFO: global_step=419311, episodic_return=-29.155908584594727
2022-11-15 06:43:37,452 - INFO: global_step=420311, episodic_return=-33.40315246582031
2022-11-15 06:43:39,457 - INFO: global_step=421311, episodic_return=-38.70533752441406
2022-11-15 06:43:41,019 - INFO: global_step=422311, episodic_return=-59.873233795166016
2022-11-15 06:43:41,344 - INFO: global_step=422658, episodic_return=274.53411865234375
2022-11-15 06:43:43,567 - INFO: global_step=423658, episodic_return=-28.830591201782227
2022-11-15 06:43:44,889 - INFO: global_step=424658, episodic_return=-44.54303741455078
2022-11-15 06:43:45,876 - INFO: global_step=425502, episodic_return=200.41995239257812
2022-11-15 06:43:46,768 - INFO: global_step=426194, episodic_return=114.64250183105469
2022-11-15 06:43:47,707 - INFO: global_step=427064, episodic_return=196.57827758789062
2022-11-15 06:43:48,716 - INFO: global_step=427766, episodic_return=134.18385314941406
2022-11-15 06:43:49,753 - INFO: global_step=428520, episodic_return=170.5733642578125
2022-11-15 06:43:51,270 - INFO: global_step=429420, episodic_return=121.33800506591797
2022-11-15 06:43:52,653 - INFO: global_step=430420, episodic_return=60.227989196777344
2022-11-15 06:43:53,484 - INFO: global_step=431011, episodic_return=185.88748168945312
2022-11-15 06:43:54,190 - INFO: global_step=431541, episodic_return=224.44973754882812
2022-11-15 06:43:54,669 - INFO: global_step=431941, episodic_return=191.0885467529297
2022-11-15 06:43:55,320 - INFO: global_step=432414, episodic_return=282.6636657714844
2022-11-15 06:43:55,663 - INFO: global_step=432750, episodic_return=227.02365112304688
2022-11-15 06:43:56,056 - INFO: global_step=433113, episodic_return=-32.09198760986328
2022-11-15 06:43:56,596 - INFO: global_step=433568, episodic_return=176.6770782470703
2022-11-15 06:43:57,253 - INFO: global_step=434126, episodic_return=-111.66514587402344
2022-11-15 06:43:57,445 - INFO: global_step=434333, episodic_return=63.3284912109375
2022-11-15 06:43:59,211 - INFO: global_step=435333, episodic_return=-24.200868606567383
2022-11-15 06:44:00,528 - INFO: global_step=436333, episodic_return=-97.82085418701172
2022-11-15 06:44:01,461 - INFO: global_step=437087, episodic_return=129.13278198242188
2022-11-15 06:44:02,135 - INFO: global_step=437724, episodic_return=216.37286376953125
2022-11-15 06:44:04,097 - INFO: global_step=438724, episodic_return=-42.14170837402344
2022-11-15 06:44:05,120 - INFO: global_step=439456, episodic_return=198.74627685546875
2022-11-15 06:44:06,559 - INFO: global_step=440456, episodic_return=-87.59825134277344
2022-11-15 06:44:08,205 - INFO: global_step=441456, episodic_return=19.257705688476562
2022-11-15 06:44:10,193 - INFO: global_step=442456, episodic_return=-35.03837585449219
2022-11-15 06:44:11,017 - INFO: global_step=443180, episodic_return=217.11512756347656
2022-11-15 06:44:12,886 - INFO: global_step=444180, episodic_return=-41.792640686035156
2022-11-15 06:44:15,065 - INFO: global_step=445180, episodic_return=-47.19804763793945
2022-11-15 06:44:16,189 - INFO: global_step=445839, episodic_return=220.4337158203125
2022-11-15 06:44:18,382 - INFO: global_step=446839, episodic_return=-63.665992736816406
2022-11-15 06:44:19,542 - INFO: global_step=447839, episodic_return=-70.80255889892578
2022-11-15 06:44:21,501 - INFO: global_step=448779, episodic_return=-171.10601806640625
2022-11-15 06:44:23,141 - INFO: global_step=449779, episodic_return=-89.3681869506836
2022-11-15 06:44:24,088 - INFO: global_step=450447, episodic_return=197.15914916992188
2022-11-15 06:44:25,430 - INFO: global_step=451447, episodic_return=-29.96738052368164
2022-11-15 06:44:27,749 - INFO: global_step=452447, episodic_return=-153.91233825683594
2022-11-15 06:44:29,230 - INFO: global_step=453447, episodic_return=-51.422096252441406
2022-11-15 06:44:31,489 - INFO: global_step=454447, episodic_return=-111.7719955444336
2022-11-15 06:44:33,182 - INFO: global_step=455447, episodic_return=-120.2659912109375
2022-11-15 06:44:33,610 - INFO: global_step=455878, episodic_return=-1.8623580932617188
2022-11-15 06:44:35,289 - INFO: global_step=456785, episodic_return=-111.1208267211914
2022-11-15 06:44:36,728 - INFO: global_step=457785, episodic_return=-73.36128234863281
2022-11-15 06:44:38,078 - INFO: global_step=458785, episodic_return=-93.96466827392578
2022-11-15 06:44:40,017 - INFO: global_step=459785, episodic_return=-118.68058013916016
2022-11-15 06:44:42,204 - INFO: global_step=460785, episodic_return=-136.4757537841797
2022-11-15 06:44:44,272 - INFO: global_step=461785, episodic_return=-14.666450500488281
2022-11-15 06:44:45,538 - INFO: global_step=462785, episodic_return=-28.860563278198242
2022-11-15 06:44:46,852 - INFO: global_step=463785, episodic_return=-9.805058479309082
2022-11-15 06:44:48,194 - INFO: global_step=464556, episodic_return=182.363525390625
2022-11-15 06:44:50,252 - INFO: global_step=465556, episodic_return=-30.628026962280273
2022-11-15 06:44:51,806 - INFO: global_step=466556, episodic_return=-11.741297721862793
2022-11-15 06:44:53,258 - INFO: global_step=467556, episodic_return=-32.35078430175781
2022-11-15 06:44:55,349 - INFO: global_step=468556, episodic_return=-47.750953674316406
2022-11-15 06:44:56,674 - INFO: global_step=469556, episodic_return=-41.73831558227539
2022-11-15 06:44:58,313 - INFO: global_step=470556, episodic_return=-59.735477447509766
2022-11-15 06:45:00,058 - INFO: global_step=471556, episodic_return=-19.11840057373047
2022-11-15 06:45:02,051 - INFO: global_step=472556, episodic_return=-83.9305419921875
2022-11-15 06:45:03,775 - INFO: global_step=473556, episodic_return=-31.22623062133789
2022-11-15 06:45:05,755 - INFO: global_step=474556, episodic_return=-7.778608798980713
2022-11-15 06:45:07,872 - INFO: global_step=475556, episodic_return=-25.902748107910156
2022-11-15 06:45:09,988 - INFO: global_step=476556, episodic_return=-27.70993423461914
2022-11-15 06:45:11,833 - INFO: global_step=477556, episodic_return=2.2415027618408203
2022-11-15 06:45:13,763 - INFO: global_step=478556, episodic_return=-19.136186599731445
2022-11-15 06:45:14,744 - INFO: global_step=479204, episodic_return=226.8763427734375
2022-11-15 06:45:17,204 - INFO: global_step=480204, episodic_return=-38.98401641845703
2022-11-15 06:45:18,711 - INFO: global_step=481204, episodic_return=-55.36314010620117
2022-11-15 06:45:19,779 - INFO: global_step=482021, episodic_return=-119.77547454833984
2022-11-15 06:45:21,036 - INFO: global_step=483021, episodic_return=4.231263637542725
2022-11-15 06:45:22,415 - INFO: global_step=483704, episodic_return=139.78707885742188
2022-11-15 06:45:23,862 - INFO: global_step=484704, episodic_return=-7.028168678283691
2022-11-15 06:45:25,075 - INFO: global_step=485700, episodic_return=87.56851959228516
2022-11-15 06:45:26,010 - INFO: global_step=486417, episodic_return=151.635009765625
2022-11-15 06:45:26,452 - INFO: global_step=486877, episodic_return=252.8950653076172
2022-11-15 06:45:27,151 - INFO: global_step=487531, episodic_return=169.978271484375
2022-11-15 06:45:27,565 - INFO: global_step=487955, episodic_return=287.23638916015625
2022-11-15 06:45:28,310 - INFO: global_step=488555, episodic_return=210.05508422851562
2022-11-15 06:45:29,701 - INFO: global_step=489503, episodic_return=123.06169128417969
2022-11-15 06:45:29,990 - INFO: global_step=489839, episodic_return=254.46517944335938
2022-11-15 06:45:30,402 - INFO: global_step=490277, episodic_return=201.80593872070312
2022-11-15 06:45:30,846 - INFO: global_step=490716, episodic_return=193.71630859375
2022-11-15 06:45:31,484 - INFO: global_step=491258, episodic_return=202.275634765625
2022-11-15 06:45:31,946 - INFO: global_step=491688, episodic_return=219.80609130859375
2022-11-15 06:45:32,273 - INFO: global_step=491997, episodic_return=237.48968505859375
2022-11-15 06:45:32,428 - INFO: global_step=492217, episodic_return=75.82066345214844
2022-11-15 06:45:32,700 - INFO: global_step=492557, episodic_return=286.63543701171875
2022-11-15 06:45:33,013 - INFO: global_step=492916, episodic_return=227.44570922851562
2022-11-15 06:45:33,297 - INFO: global_step=493249, episodic_return=263.0626220703125
2022-11-15 06:45:33,574 - INFO: global_step=493563, episodic_return=223.18751525878906
2022-11-15 06:45:34,082 - INFO: global_step=494044, episodic_return=249.2903289794922
2022-11-15 06:45:34,391 - INFO: global_step=494402, episodic_return=261.8575134277344
2022-11-15 06:45:34,730 - INFO: global_step=494770, episodic_return=236.59226989746094
2022-11-15 06:45:35,190 - INFO: global_step=495207, episodic_return=223.79861450195312
2022-11-15 06:45:35,577 - INFO: global_step=495644, episodic_return=258.22601318359375
2022-11-15 06:45:35,936 - INFO: global_step=496073, episodic_return=278.376708984375
2022-11-15 06:45:36,366 - INFO: global_step=496496, episodic_return=225.62872314453125
2022-11-15 06:45:36,596 - INFO: global_step=496798, episodic_return=265.59185791015625
2022-11-15 06:45:36,951 - INFO: global_step=497164, episodic_return=239.20156860351562
2022-11-15 06:45:37,585 - INFO: global_step=497712, episodic_return=156.30044555664062
2022-11-15 06:45:38,016 - INFO: global_step=498115, episodic_return=234.34228515625
2022-11-15 06:45:38,424 - INFO: global_step=498532, episodic_return=192.26153564453125
2022-11-15 06:45:38,781 - INFO: global_step=498917, episodic_return=258.9732666015625
2022-11-15 06:45:39,218 - INFO: global_step=499364, episodic_return=188.5318603515625
2022-11-15 06:45:39,442 - INFO: global_step=499640, episodic_return=272.6209716796875
2022-11-15 06:45:39,701 - INFO: global_step=499941, episodic_return=253.93917846679688
2022-11-15 06:45:39,734 - INFO: The average reward of last 20 steps: 239.793221282959
