2022-11-15 04:05:24,042 - INFO: +--------------------------+----------------+
| Parameter                | Value          |
+--------------------------+----------------+
| exp_name                 | dqn            |
+--------------------------+----------------+
| seed                     | 42             |
+--------------------------+----------------+
| total_timesteps          | 500000         |
+--------------------------+----------------+
| learning_rate            | 0.001          |
+--------------------------+----------------+
| buffer_size              | 2000           |
+--------------------------+----------------+
| gamma                    | 0.982          |
+--------------------------+----------------+
| target_network_frequency | 50             |
+--------------------------+----------------+
| batch_size               | 128            |
+--------------------------+----------------+
| start_e                  | 0.500          |
+--------------------------+----------------+
| end_e                    | 0.010          |
+--------------------------+----------------+
| exploration_fraction     | 0.300          |
+--------------------------+----------------+
| learning_starts          | 10000          |
+--------------------------+----------------+
| train_frequency          | 10             |
+--------------------------+----------------+
| env_id                   | LunarLander-v2 |
+--------------------------+----------------+
2022-11-15 04:05:26,400 - INFO: global_step=117, episodic_return=-522.0361938476562
2022-11-15 04:05:26,423 - INFO: global_step=177, episodic_return=-309.25958251953125
2022-11-15 04:05:26,550 - INFO: global_step=410, episodic_return=-668.8887939453125
2022-11-15 04:05:26,572 - INFO: global_step=480, episodic_return=-446.4344482421875
2022-11-15 04:05:26,592 - INFO: global_step=545, episodic_return=-105.6734390258789
2022-11-15 04:05:26,636 - INFO: global_step=634, episodic_return=-514.1392822265625
2022-11-15 04:05:26,662 - INFO: global_step=709, episodic_return=-484.79461669921875
2022-11-15 04:05:26,690 - INFO: global_step=778, episodic_return=-123.82054901123047
2022-11-15 04:05:26,722 - INFO: global_step=850, episodic_return=-434.1261901855469
2022-11-15 04:05:26,748 - INFO: global_step=916, episodic_return=-106.8246841430664
2022-11-15 04:05:26,774 - INFO: global_step=976, episodic_return=-114.56391906738281
2022-11-15 04:05:26,818 - INFO: global_step=1083, episodic_return=-413.4031982421875
2022-11-15 04:05:26,843 - INFO: global_step=1147, episodic_return=-92.74120330810547
2022-11-15 04:05:26,862 - INFO: global_step=1210, episodic_return=-131.74380493164062
2022-11-15 04:05:26,888 - INFO: global_step=1292, episodic_return=-102.245849609375
2022-11-15 04:05:26,906 - INFO: global_step=1348, episodic_return=-92.99283599853516
2022-11-15 04:05:26,928 - INFO: global_step=1421, episodic_return=-90.43213653564453
2022-11-15 04:05:26,971 - INFO: global_step=1534, episodic_return=-632.935546875
2022-11-15 04:05:26,994 - INFO: global_step=1587, episodic_return=-209.20358276367188
2022-11-15 04:05:27,023 - INFO: global_step=1662, episodic_return=-450.0569763183594
2022-11-15 04:05:27,046 - INFO: global_step=1721, episodic_return=-336.20770263671875
2022-11-15 04:05:27,071 - INFO: global_step=1791, episodic_return=-153.2931671142578
2022-11-15 04:05:27,094 - INFO: global_step=1852, episodic_return=-469.94476318359375
2022-11-15 04:05:27,140 - INFO: global_step=1965, episodic_return=-663.3648071289062
2022-11-15 04:05:27,180 - INFO: global_step=2064, episodic_return=-485.8841857910156
2022-11-15 04:05:27,203 - INFO: global_step=2137, episodic_return=-543.8050537109375
2022-11-15 04:05:27,228 - INFO: global_step=2205, episodic_return=-111.35188293457031
2022-11-15 04:05:27,275 - INFO: global_step=2310, episodic_return=-477.849609375
2022-11-15 04:05:27,294 - INFO: global_step=2366, episodic_return=-94.2856216430664
2022-11-15 04:05:27,318 - INFO: global_step=2432, episodic_return=-108.71544647216797
2022-11-15 04:05:27,361 - INFO: global_step=2539, episodic_return=-437.7162780761719
2022-11-15 04:05:27,395 - INFO: global_step=2625, episodic_return=-475.8817138671875
2022-11-15 04:05:27,432 - INFO: global_step=2712, episodic_return=-610.8805541992188
2022-11-15 04:05:27,458 - INFO: global_step=2777, episodic_return=-408.0087585449219
2022-11-15 04:05:27,500 - INFO: global_step=2889, episodic_return=-442.46124267578125
2022-11-15 04:05:27,522 - INFO: global_step=2954, episodic_return=-450.3022155761719
2022-11-15 04:05:27,562 - INFO: global_step=3077, episodic_return=-399.68463134765625
2022-11-15 04:05:27,587 - INFO: global_step=3154, episodic_return=-449.6628112792969
2022-11-15 04:05:27,637 - INFO: global_step=3285, episodic_return=-461.270751953125
2022-11-15 04:05:27,684 - INFO: global_step=3402, episodic_return=-321.03619384765625
2022-11-15 04:05:27,805 - INFO: global_step=3628, episodic_return=-723.8112182617188
2022-11-15 04:05:27,832 - INFO: global_step=3704, episodic_return=-126.88240814208984
2022-11-15 04:05:27,859 - INFO: global_step=3784, episodic_return=-506.3384704589844
2022-11-15 04:05:27,878 - INFO: global_step=3841, episodic_return=-121.30339813232422
2022-11-15 04:05:27,897 - INFO: global_step=3904, episodic_return=-133.10366821289062
2022-11-15 04:05:27,934 - INFO: global_step=4027, episodic_return=-499.408447265625
2022-11-15 04:05:27,959 - INFO: global_step=4107, episodic_return=-578.716552734375
2022-11-15 04:05:27,996 - INFO: global_step=4196, episodic_return=-530.172119140625
2022-11-15 04:05:28,032 - INFO: global_step=4285, episodic_return=-475.2192077636719
2022-11-15 04:05:28,063 - INFO: global_step=4375, episodic_return=-480.0230407714844
2022-11-15 04:05:28,103 - INFO: global_step=4474, episodic_return=-535.50732421875
2022-11-15 04:05:28,159 - INFO: global_step=4616, episodic_return=-348.7138366699219
2022-11-15 04:05:28,205 - INFO: global_step=4720, episodic_return=-467.1315002441406
2022-11-15 04:05:28,242 - INFO: global_step=4795, episodic_return=-452.5729064941406
2022-11-15 04:05:28,282 - INFO: global_step=4863, episodic_return=-125.32843780517578
2022-11-15 04:05:28,309 - INFO: global_step=4930, episodic_return=-172.16217041015625
2022-11-15 04:05:28,349 - INFO: global_step=5019, episodic_return=-370.97430419921875
2022-11-15 04:05:28,377 - INFO: global_step=5082, episodic_return=-80.46885681152344
2022-11-15 04:05:28,402 - INFO: global_step=5149, episodic_return=-345.3555908203125
2022-11-15 04:05:28,432 - INFO: global_step=5216, episodic_return=-123.11181640625
2022-11-15 04:05:28,460 - INFO: global_step=5287, episodic_return=-472.46466064453125
2022-11-15 04:05:28,528 - INFO: global_step=5414, episodic_return=-92.48892211914062
2022-11-15 04:05:28,696 - INFO: global_step=5661, episodic_return=-937.5880126953125
2022-11-15 04:05:28,726 - INFO: global_step=5728, episodic_return=-400.69793701171875
2022-11-15 04:05:28,777 - INFO: global_step=5847, episodic_return=-581.649169921875
2022-11-15 04:05:28,801 - INFO: global_step=5916, episodic_return=-113.02912902832031
2022-11-15 04:05:28,850 - INFO: global_step=6015, episodic_return=-523.686767578125
2022-11-15 04:05:29,058 - INFO: global_step=6289, episodic_return=-751.062744140625
2022-11-15 04:05:29,084 - INFO: global_step=6346, episodic_return=-101.00089263916016
2022-11-15 04:05:29,121 - INFO: global_step=6422, episodic_return=-530.5370483398438
2022-11-15 04:05:29,156 - INFO: global_step=6503, episodic_return=-471.041015625
2022-11-15 04:05:29,190 - INFO: global_step=6592, episodic_return=-529.4627685546875
2022-11-15 04:05:29,221 - INFO: global_step=6677, episodic_return=-404.65380859375
2022-11-15 04:05:29,333 - INFO: global_step=6934, episodic_return=-890.6071166992188
2022-11-15 04:05:29,363 - INFO: global_step=7022, episodic_return=-484.4010314941406
2022-11-15 04:05:29,382 - INFO: global_step=7082, episodic_return=-98.64643859863281
2022-11-15 04:05:29,434 - INFO: global_step=7234, episodic_return=-365.74774169921875
2022-11-15 04:05:29,453 - INFO: global_step=7298, episodic_return=-133.99868774414062
2022-11-15 04:05:29,512 - INFO: global_step=7466, episodic_return=-359.6279296875
2022-11-15 04:05:29,535 - INFO: global_step=7543, episodic_return=-546.826904296875
2022-11-15 04:05:29,558 - INFO: global_step=7614, episodic_return=-572.25048828125
2022-11-15 04:05:29,575 - INFO: global_step=7672, episodic_return=-103.74049377441406
2022-11-15 04:05:29,601 - INFO: global_step=7753, episodic_return=-439.26702880859375
2022-11-15 04:05:29,621 - INFO: global_step=7825, episodic_return=-142.16744995117188
2022-11-15 04:05:29,640 - INFO: global_step=7892, episodic_return=-421.70184326171875
2022-11-15 04:05:29,665 - INFO: global_step=7969, episodic_return=-555.59521484375
2022-11-15 04:05:29,684 - INFO: global_step=8033, episodic_return=-130.43873596191406
2022-11-15 04:05:29,715 - INFO: global_step=8127, episodic_return=-627.02294921875
2022-11-15 04:05:29,743 - INFO: global_step=8210, episodic_return=-580.4359130859375
2022-11-15 04:05:29,774 - INFO: global_step=8295, episodic_return=-498.6138916015625
2022-11-15 04:05:29,792 - INFO: global_step=8355, episodic_return=-246.66734313964844
2022-11-15 04:05:29,813 - INFO: global_step=8424, episodic_return=-80.34037780761719
2022-11-15 04:05:29,916 - INFO: global_step=8642, episodic_return=-611.503662109375
2022-11-15 04:05:29,941 - INFO: global_step=8698, episodic_return=-89.45980834960938
2022-11-15 04:05:29,974 - INFO: global_step=8765, episodic_return=-311.3959655761719
2022-11-15 04:05:30,030 - INFO: global_step=8881, episodic_return=-155.30963134765625
2022-11-15 04:05:30,071 - INFO: global_step=8968, episodic_return=-631.3257446289062
2022-11-15 04:05:30,132 - INFO: global_step=9129, episodic_return=-595.3212890625
2022-11-15 04:05:30,161 - INFO: global_step=9221, episodic_return=-631.6253051757812
2022-11-15 04:05:30,182 - INFO: global_step=9283, episodic_return=-130.75779724121094
2022-11-15 04:05:30,217 - INFO: global_step=9375, episodic_return=-527.7605590820312
2022-11-15 04:05:30,255 - INFO: global_step=9473, episodic_return=-553.49267578125
2022-11-15 04:05:30,313 - INFO: global_step=9615, episodic_return=-578.2022705078125
2022-11-15 04:05:30,350 - INFO: global_step=9702, episodic_return=-463.358642578125
2022-11-15 04:05:30,571 - INFO: global_step=10054, episodic_return=-643.0113525390625
2022-11-15 04:05:30,608 - INFO: global_step=10114, episodic_return=-200.15823364257812
2022-11-15 04:05:30,664 - INFO: global_step=10202, episodic_return=-159.86709594726562
2022-11-15 04:05:30,714 - INFO: global_step=10279, episodic_return=-380.15960693359375
2022-11-15 04:05:30,743 - INFO: global_step=10332, episodic_return=-191.98455810546875
2022-11-15 04:05:30,780 - INFO: global_step=10410, episodic_return=-120.40979766845703
2022-11-15 04:05:30,814 - INFO: global_step=10472, episodic_return=-87.7345962524414
2022-11-15 04:05:30,864 - INFO: global_step=10560, episodic_return=-221.33648681640625
2022-11-15 04:05:30,911 - INFO: global_step=10648, episodic_return=-183.92645263671875
2022-11-15 04:05:30,949 - INFO: global_step=10711, episodic_return=-125.50982666015625
2022-11-15 04:05:30,998 - INFO: global_step=10792, episodic_return=-119.53234100341797
2022-11-15 04:05:31,039 - INFO: global_step=10870, episodic_return=-110.37852478027344
2022-11-15 04:05:31,085 - INFO: global_step=10931, episodic_return=-215.64773559570312
2022-11-15 04:05:31,151 - INFO: global_step=11026, episodic_return=-86.81048583984375
2022-11-15 04:05:31,191 - INFO: global_step=11092, episodic_return=-211.94171142578125
2022-11-15 04:05:31,235 - INFO: global_step=11164, episodic_return=-112.03466033935547
2022-11-15 04:05:31,279 - INFO: global_step=11235, episodic_return=-135.336669921875
2022-11-15 04:05:31,338 - INFO: global_step=11327, episodic_return=-275.2854919433594
2022-11-15 04:05:31,370 - INFO: global_step=11391, episodic_return=-293.9970703125
2022-11-15 04:05:31,398 - INFO: global_step=11447, episodic_return=-290.1636962890625
2022-11-15 04:05:31,458 - INFO: global_step=11552, episodic_return=-304.05560302734375
2022-11-15 04:05:31,499 - INFO: global_step=11625, episodic_return=-62.634727478027344
2022-11-15 04:05:31,561 - INFO: global_step=11724, episodic_return=-533.207763671875
2022-11-15 04:05:31,672 - INFO: global_step=11834, episodic_return=-141.94097900390625
2022-11-15 04:05:31,737 - INFO: global_step=11931, episodic_return=-59.5252799987793
2022-11-15 04:05:31,835 - INFO: global_step=12041, episodic_return=-358.8642578125
2022-11-15 04:05:32,087 - INFO: global_step=12298, episodic_return=-139.2620849609375
2022-11-15 04:05:32,145 - INFO: global_step=12376, episodic_return=-197.53628540039062
2022-11-15 04:05:32,249 - INFO: global_step=12512, episodic_return=-349.2688293457031
2022-11-15 04:05:32,310 - INFO: global_step=12621, episodic_return=-117.58811950683594
2022-11-15 04:05:32,364 - INFO: global_step=12719, episodic_return=-450.4027404785156
2022-11-15 04:05:32,437 - INFO: global_step=12816, episodic_return=-184.47975158691406
2022-11-15 04:05:32,718 - INFO: global_step=13011, episodic_return=-51.557151794433594
2022-11-15 04:05:32,765 - INFO: global_step=13086, episodic_return=-128.51123046875
2022-11-15 04:05:32,821 - INFO: global_step=13171, episodic_return=-181.94461059570312
2022-11-15 04:05:32,870 - INFO: global_step=13241, episodic_return=-138.38296508789062
2022-11-15 04:05:32,979 - INFO: global_step=13415, episodic_return=-394.7773132324219
2022-11-15 04:05:33,120 - INFO: global_step=13539, episodic_return=-124.33936309814453
2022-11-15 04:05:33,217 - INFO: global_step=13655, episodic_return=-63.663352966308594
2022-11-15 04:05:34,132 - INFO: global_step=14242, episodic_return=-176.87579345703125
2022-11-15 04:05:34,625 - INFO: global_step=14691, episodic_return=-172.20309448242188
2022-11-15 04:05:34,828 - INFO: global_step=14940, episodic_return=-140.1600799560547
2022-11-15 04:05:35,010 - INFO: global_step=15106, episodic_return=-81.56362915039062
2022-11-15 04:05:36,360 - INFO: global_step=15952, episodic_return=-123.96775817871094
2022-11-15 04:05:36,538 - INFO: global_step=16196, episodic_return=-102.20049285888672
2022-11-15 04:05:36,649 - INFO: global_step=16339, episodic_return=-188.60031127929688
2022-11-15 04:05:36,754 - INFO: global_step=16496, episodic_return=-166.46873474121094
2022-11-15 04:05:37,659 - INFO: global_step=16982, episodic_return=-163.64613342285156
2022-11-15 04:05:37,739 - INFO: global_step=17107, episodic_return=-218.01243591308594
2022-11-15 04:05:37,845 - INFO: global_step=17241, episodic_return=-158.79876708984375
2022-11-15 04:05:37,956 - INFO: global_step=17389, episodic_return=-226.60101318359375
2022-11-15 04:05:38,178 - INFO: global_step=17629, episodic_return=-349.0658874511719
2022-11-15 04:05:38,430 - INFO: global_step=17873, episodic_return=-286.2303466796875
2022-11-15 04:05:38,560 - INFO: global_step=18044, episodic_return=-204.65087890625
2022-11-15 04:05:38,835 - INFO: global_step=18333, episodic_return=-48.92897033691406
2022-11-15 04:05:39,194 - INFO: global_step=18679, episodic_return=-180.86550903320312
2022-11-15 04:05:39,280 - INFO: global_step=18796, episodic_return=-3.2265853881835938
2022-11-15 04:05:40,549 - INFO: global_step=19695, episodic_return=-173.51596069335938
2022-11-15 04:05:40,605 - INFO: global_step=19798, episodic_return=-177.28219604492188
2022-11-15 04:05:40,700 - INFO: global_step=19928, episodic_return=-152.34442138671875
2022-11-15 04:05:40,776 - INFO: global_step=20032, episodic_return=-219.27200317382812
2022-11-15 04:05:40,821 - INFO: global_step=20103, episodic_return=-127.08460235595703
2022-11-15 04:05:40,857 - INFO: global_step=20182, episodic_return=-51.43306350708008
2022-11-15 04:05:40,929 - INFO: global_step=20315, episodic_return=-16.168853759765625
2022-11-15 04:05:40,991 - INFO: global_step=20410, episodic_return=-71.96728515625
2022-11-15 04:05:41,124 - INFO: global_step=20593, episodic_return=-234.9779052734375
2022-11-15 04:05:41,693 - INFO: global_step=21205, episodic_return=-264.547607421875
2022-11-15 04:05:41,908 - INFO: global_step=21488, episodic_return=-131.59825134277344
2022-11-15 04:05:43,448 - INFO: global_step=22488, episodic_return=7.345937728881836
2022-11-15 04:05:43,528 - INFO: global_step=22604, episodic_return=15.729866027832031
2022-11-15 04:05:43,590 - INFO: global_step=22699, episodic_return=-158.26345825195312
2022-11-15 04:05:43,830 - INFO: global_step=22985, episodic_return=-82.27397155761719
2022-11-15 04:05:43,862 - INFO: global_step=23054, episodic_return=-43.91844940185547
2022-11-15 04:05:43,936 - INFO: global_step=23183, episodic_return=-151.89930725097656
2022-11-15 04:05:44,144 - INFO: global_step=23465, episodic_return=-307.4471435546875
2022-11-15 04:05:44,248 - INFO: global_step=23614, episodic_return=-158.80111694335938
2022-11-15 04:05:44,342 - INFO: global_step=23771, episodic_return=-177.32546997070312
2022-11-15 04:05:44,423 - INFO: global_step=23910, episodic_return=-161.10256958007812
2022-11-15 04:05:44,503 - INFO: global_step=24035, episodic_return=-84.62168884277344
2022-11-15 04:05:44,621 - INFO: global_step=24165, episodic_return=-117.2657241821289
2022-11-15 04:05:44,728 - INFO: global_step=24302, episodic_return=-88.07975769042969
2022-11-15 04:05:44,974 - INFO: global_step=24583, episodic_return=24.95720672607422
2022-11-15 04:05:45,159 - INFO: global_step=24781, episodic_return=-299.7247314453125
2022-11-15 04:05:45,355 - INFO: global_step=25038, episodic_return=-298.80584716796875
2022-11-15 04:05:45,451 - INFO: global_step=25176, episodic_return=-194.93734741210938
2022-11-15 04:05:45,512 - INFO: global_step=25286, episodic_return=-269.37408447265625
2022-11-15 04:05:45,655 - INFO: global_step=25534, episodic_return=-176.36083984375
2022-11-15 04:05:45,897 - INFO: global_step=25846, episodic_return=-305.7501220703125
2022-11-15 04:05:45,962 - INFO: global_step=25974, episodic_return=6.002372741699219
2022-11-15 04:05:46,020 - INFO: global_step=26089, episodic_return=-71.58055114746094
2022-11-15 04:05:47,943 - INFO: global_step=27089, episodic_return=-12.123046875
2022-11-15 04:05:47,994 - INFO: global_step=27185, episodic_return=-151.11575317382812
2022-11-15 04:05:48,094 - INFO: global_step=27333, episodic_return=-66.5308609008789
2022-11-15 04:05:48,152 - INFO: global_step=27427, episodic_return=-220.0602569580078
2022-11-15 04:05:48,254 - INFO: global_step=27586, episodic_return=-166.93524169921875
2022-11-15 04:05:48,566 - INFO: global_step=27913, episodic_return=-62.21102523803711
2022-11-15 04:05:48,740 - INFO: global_step=28164, episodic_return=-101.11558532714844
2022-11-15 04:05:50,407 - INFO: global_step=29164, episodic_return=110.00169372558594
2022-11-15 04:05:50,604 - INFO: global_step=29440, episodic_return=-86.24690246582031
2022-11-15 04:05:50,953 - INFO: global_step=29843, episodic_return=-117.71794891357422
2022-11-15 04:05:51,088 - INFO: global_step=30012, episodic_return=-187.994384765625
2022-11-15 04:05:51,294 - INFO: global_step=30237, episodic_return=-34.80304718017578
2022-11-15 04:05:51,648 - INFO: global_step=30566, episodic_return=-236.15176391601562
2022-11-15 04:05:51,815 - INFO: global_step=30709, episodic_return=-23.640716552734375
2022-11-15 04:05:52,629 - INFO: global_step=31204, episodic_return=-68.9792709350586
2022-11-15 04:05:52,780 - INFO: global_step=31414, episodic_return=-73.90687561035156
2022-11-15 04:05:52,928 - INFO: global_step=31607, episodic_return=-263.57232666015625
2022-11-15 04:05:53,097 - INFO: global_step=31848, episodic_return=-51.78205490112305
2022-11-15 04:05:53,417 - INFO: global_step=32167, episodic_return=-261.63153076171875
2022-11-15 04:05:55,276 - INFO: global_step=33167, episodic_return=35.782752990722656
2022-11-15 04:05:55,748 - INFO: global_step=33600, episodic_return=-151.5517578125
2022-11-15 04:05:55,911 - INFO: global_step=33860, episodic_return=-8.869125366210938
2022-11-15 04:05:56,158 - INFO: global_step=34159, episodic_return=-17.288681030273438
2022-11-15 04:05:56,844 - INFO: global_step=34661, episodic_return=-82.78384399414062
2022-11-15 04:05:57,088 - INFO: global_step=34947, episodic_return=-22.449539184570312
2022-11-15 04:05:58,574 - INFO: global_step=35947, episodic_return=71.24715423583984
2022-11-15 04:05:58,789 - INFO: global_step=36195, episodic_return=-74.84385681152344
2022-11-15 04:06:00,631 - INFO: global_step=37195, episodic_return=121.87086486816406
2022-11-15 04:06:00,747 - INFO: global_step=37351, episodic_return=-89.53483581542969
2022-11-15 04:06:00,870 - INFO: global_step=37532, episodic_return=-184.96372985839844
2022-11-15 04:06:00,937 - INFO: global_step=37655, episodic_return=-55.13135528564453
2022-11-15 04:06:01,239 - INFO: global_step=37966, episodic_return=-66.6480941772461
2022-11-15 04:06:02,081 - INFO: global_step=38658, episodic_return=-135.5826873779297
2022-11-15 04:06:03,532 - INFO: global_step=39658, episodic_return=-29.297210693359375
2022-11-15 04:06:03,708 - INFO: global_step=39874, episodic_return=-128.22073364257812
2022-11-15 04:06:03,959 - INFO: global_step=40182, episodic_return=-52.92863082885742
2022-11-15 04:06:06,052 - INFO: global_step=41182, episodic_return=-15.602568626403809
2022-11-15 04:06:07,611 - INFO: global_step=41985, episodic_return=-157.52508544921875
2022-11-15 04:06:07,859 - INFO: global_step=42232, episodic_return=-14.196983337402344
2022-11-15 04:06:08,224 - INFO: global_step=42431, episodic_return=32.48638916015625
2022-11-15 04:06:10,312 - INFO: global_step=43431, episodic_return=-6.975882053375244
2022-11-15 04:06:12,262 - INFO: global_step=44431, episodic_return=-5.857794761657715
2022-11-15 04:06:12,472 - INFO: global_step=44702, episodic_return=-52.39593505859375
2022-11-15 04:06:13,514 - INFO: global_step=45702, episodic_return=73.58013153076172
2022-11-15 04:06:14,127 - INFO: global_step=46209, episodic_return=151.80612182617188
2022-11-15 04:06:15,886 - INFO: global_step=47209, episodic_return=53.02390670776367
2022-11-15 04:06:17,199 - INFO: global_step=48120, episodic_return=-148.62356567382812
2022-11-15 04:06:19,027 - INFO: global_step=49120, episodic_return=97.56117248535156
2022-11-15 04:06:19,414 - INFO: global_step=49499, episodic_return=-75.36235046386719
2022-11-15 04:06:20,917 - INFO: global_step=50499, episodic_return=166.72010803222656
2022-11-15 04:06:22,918 - INFO: global_step=51499, episodic_return=92.65897369384766
2022-11-15 04:06:24,749 - INFO: global_step=52499, episodic_return=1.2738085985183716
2022-11-15 04:06:25,214 - INFO: global_step=52909, episodic_return=-67.88934326171875
2022-11-15 04:06:26,887 - INFO: global_step=53909, episodic_return=57.21889114379883
2022-11-15 04:06:28,467 - INFO: global_step=54909, episodic_return=104.27635955810547
2022-11-15 04:06:30,331 - INFO: global_step=55909, episodic_return=-39.252044677734375
2022-11-15 04:06:31,317 - INFO: global_step=56592, episodic_return=-135.7101287841797
2022-11-15 04:06:33,391 - INFO: global_step=57592, episodic_return=33.52821731567383
2022-11-15 04:06:33,527 - INFO: global_step=57757, episodic_return=-163.18836975097656
2022-11-15 04:06:33,811 - INFO: global_step=58040, episodic_return=-65.57000732421875
2022-11-15 04:06:35,540 - INFO: global_step=59015, episodic_return=-139.48558044433594
2022-11-15 04:06:35,689 - INFO: global_step=59200, episodic_return=-178.13909912109375
2022-11-15 04:06:37,522 - INFO: global_step=60200, episodic_return=-14.75342082977295
2022-11-15 04:06:39,525 - INFO: global_step=61200, episodic_return=-1.5190539360046387
2022-11-15 04:06:41,370 - INFO: global_step=62200, episodic_return=18.985864639282227
2022-11-15 04:06:42,055 - INFO: global_step=62757, episodic_return=-55.12764358520508
2022-11-15 04:06:44,083 - INFO: global_step=63757, episodic_return=-63.444610595703125
2022-11-15 04:06:45,950 - INFO: global_step=64757, episodic_return=-17.398887634277344
2022-11-15 04:06:46,523 - INFO: global_step=64940, episodic_return=-234.47686767578125
2022-11-15 04:06:47,945 - INFO: global_step=65608, episodic_return=-122.53726959228516
2022-11-15 04:06:48,434 - INFO: global_step=65944, episodic_return=-65.73161315917969
2022-11-15 04:06:48,940 - INFO: global_step=66393, episodic_return=-46.70633316040039
2022-11-15 04:06:49,114 - INFO: global_step=66613, episodic_return=-162.85366821289062
2022-11-15 04:06:50,633 - INFO: global_step=67613, episodic_return=101.98200225830078
2022-11-15 04:06:53,518 - INFO: global_step=68613, episodic_return=121.92420959472656
2022-11-15 04:06:53,862 - INFO: global_step=68891, episodic_return=-19.976516723632812
2022-11-15 04:06:54,065 - INFO: global_step=69108, episodic_return=-49.32254409790039
2022-11-15 04:06:54,198 - INFO: global_step=69256, episodic_return=-72.63562774658203
2022-11-15 04:06:54,452 - INFO: global_step=69494, episodic_return=-0.9520339965820312
2022-11-15 04:06:54,769 - INFO: global_step=69799, episodic_return=-52.77381134033203
2022-11-15 04:06:55,355 - INFO: global_step=70294, episodic_return=-57.65212631225586
2022-11-15 04:06:56,837 - INFO: global_step=71219, episodic_return=-150.02301025390625
2022-11-15 04:06:57,062 - INFO: global_step=71477, episodic_return=-50.38296890258789
2022-11-15 04:06:57,238 - INFO: global_step=71694, episodic_return=-54.197513580322266
2022-11-15 04:06:58,631 - INFO: global_step=72694, episodic_return=85.25484466552734
2022-11-15 04:07:00,075 - INFO: global_step=73694, episodic_return=49.402191162109375
2022-11-15 04:07:01,927 - INFO: global_step=74694, episodic_return=96.36611938476562
2022-11-15 04:07:02,082 - INFO: global_step=74864, episodic_return=-164.41049194335938
2022-11-15 04:07:02,351 - INFO: global_step=75141, episodic_return=-95.81600952148438
2022-11-15 04:07:02,530 - INFO: global_step=75360, episodic_return=-97.21036529541016
2022-11-15 04:07:02,766 - INFO: global_step=75590, episodic_return=-151.94525146484375
2022-11-15 04:07:03,053 - INFO: global_step=75881, episodic_return=-4.356910705566406
2022-11-15 04:07:04,726 - INFO: global_step=76881, episodic_return=39.878013610839844
2022-11-15 04:07:05,897 - INFO: global_step=77654, episodic_return=-240.69622802734375
2022-11-15 04:07:06,528 - INFO: global_step=78136, episodic_return=-123.11328125
2022-11-15 04:07:08,208 - INFO: global_step=79136, episodic_return=-101.55960083007812
2022-11-15 04:07:09,679 - INFO: global_step=80136, episodic_return=50.65570068359375
2022-11-15 04:07:11,101 - INFO: global_step=81136, episodic_return=-28.692296981811523
2022-11-15 04:07:12,465 - INFO: global_step=82136, episodic_return=-22.924753189086914
2022-11-15 04:07:12,624 - INFO: global_step=82365, episodic_return=-163.06381225585938
2022-11-15 04:07:14,148 - INFO: global_step=83365, episodic_return=72.76238250732422
2022-11-15 04:07:15,620 - INFO: global_step=84365, episodic_return=-66.4110336303711
2022-11-15 04:07:17,036 - INFO: global_step=85365, episodic_return=-57.84654235839844
2022-11-15 04:07:18,502 - INFO: global_step=86365, episodic_return=-16.9145565032959
2022-11-15 04:07:20,116 - INFO: global_step=87365, episodic_return=-56.664794921875
2022-11-15 04:07:22,147 - INFO: global_step=88365, episodic_return=8.533348083496094
2022-11-15 04:07:23,707 - INFO: global_step=89365, episodic_return=-39.83258056640625
2022-11-15 04:07:25,635 - INFO: global_step=90365, episodic_return=31.13320541381836
2022-11-15 04:07:27,310 - INFO: global_step=91365, episodic_return=0.2246972620487213
2022-11-15 04:07:29,026 - INFO: global_step=92365, episodic_return=74.66925811767578
2022-11-15 04:07:30,474 - INFO: global_step=93365, episodic_return=-31.413429260253906
2022-11-15 04:07:32,276 - INFO: global_step=94365, episodic_return=-33.35908889770508
2022-11-15 04:07:34,080 - INFO: global_step=95365, episodic_return=-69.45236206054688
2022-11-15 04:07:35,865 - INFO: global_step=96365, episodic_return=-80.2463607788086
2022-11-15 04:07:38,224 - INFO: global_step=97365, episodic_return=6.329766273498535
2022-11-15 04:07:39,714 - INFO: global_step=98365, episodic_return=126.4349365234375
2022-11-15 04:07:42,560 - INFO: global_step=99365, episodic_return=-3.5281455516815186
2022-11-15 04:07:45,001 - INFO: global_step=100365, episodic_return=-36.0617790222168
2022-11-15 04:07:45,720 - INFO: global_step=100834, episodic_return=158.2669219970703
2022-11-15 04:07:47,840 - INFO: global_step=101834, episodic_return=-6.684703350067139
2022-11-15 04:07:49,441 - INFO: global_step=102834, episodic_return=14.83940601348877
2022-11-15 04:07:51,499 - INFO: global_step=103834, episodic_return=-53.03984832763672
2022-11-15 04:07:53,572 - INFO: global_step=104834, episodic_return=75.2163314819336
2022-11-15 04:07:54,953 - INFO: global_step=105834, episodic_return=39.99740982055664
2022-11-15 04:07:56,940 - INFO: global_step=106833, episodic_return=90.48146057128906
2022-11-15 04:07:58,105 - INFO: global_step=107613, episodic_return=212.410400390625
2022-11-15 04:07:58,752 - INFO: global_step=108210, episodic_return=256.6452941894531
2022-11-15 04:07:59,959 - INFO: global_step=109210, episodic_return=139.5490264892578
2022-11-15 04:08:00,091 - INFO: global_step=109375, episodic_return=-14.646743774414062
2022-11-15 04:08:00,191 - INFO: global_step=109511, episodic_return=3.11383056640625
2022-11-15 04:08:00,560 - INFO: global_step=109882, episodic_return=249.61611938476562
2022-11-15 04:08:00,628 - INFO: global_step=109973, episodic_return=-33.444862365722656
2022-11-15 04:08:00,837 - INFO: global_step=110228, episodic_return=-46.24309158325195
2022-11-15 04:08:00,982 - INFO: global_step=110395, episodic_return=-134.83444213867188
2022-11-15 04:08:01,062 - INFO: global_step=110492, episodic_return=51.356658935546875
2022-11-15 04:08:01,269 - INFO: global_step=110737, episodic_return=-101.23271942138672
2022-11-15 04:08:01,512 - INFO: global_step=110984, episodic_return=14.628410339355469
2022-11-15 04:08:01,627 - INFO: global_step=111120, episodic_return=-89.28763580322266
2022-11-15 04:08:01,805 - INFO: global_step=111313, episodic_return=-51.8360710144043
2022-11-15 04:08:02,251 - INFO: global_step=111760, episodic_return=224.38595581054688
2022-11-15 04:08:03,364 - INFO: global_step=112381, episodic_return=173.2227325439453
2022-11-15 04:08:03,844 - INFO: global_step=112813, episodic_return=-63.29645538330078
2022-11-15 04:08:04,009 - INFO: global_step=113030, episodic_return=-50.445926666259766
2022-11-15 04:08:04,180 - INFO: global_step=113234, episodic_return=-71.36968994140625
2022-11-15 04:08:04,714 - INFO: global_step=113687, episodic_return=-128.29739379882812
2022-11-15 04:08:05,207 - INFO: global_step=114097, episodic_return=-90.99787902832031
2022-11-15 04:08:06,158 - INFO: global_step=114791, episodic_return=234.0759735107422
2022-11-15 04:08:06,463 - INFO: global_step=115133, episodic_return=6.1249237060546875
2022-11-15 04:08:06,773 - INFO: global_step=115466, episodic_return=243.02735900878906
2022-11-15 04:08:07,966 - INFO: global_step=116293, episodic_return=99.60967254638672
2022-11-15 04:08:08,081 - INFO: global_step=116444, episodic_return=-147.48098754882812
2022-11-15 04:08:08,730 - INFO: global_step=116981, episodic_return=-184.88107299804688
2022-11-15 04:08:10,636 - INFO: global_step=117981, episodic_return=16.50312614440918
2022-11-15 04:08:11,971 - INFO: global_step=118700, episodic_return=139.99331665039062
2022-11-15 04:08:13,761 - INFO: global_step=119700, episodic_return=-59.96519088745117
2022-11-15 04:08:16,016 - INFO: global_step=120700, episodic_return=-34.1890983581543
2022-11-15 04:08:18,551 - INFO: global_step=121700, episodic_return=-40.983787536621094
2022-11-15 04:08:20,364 - INFO: global_step=122700, episodic_return=-38.800724029541016
2022-11-15 04:08:22,072 - INFO: global_step=123700, episodic_return=-37.703636169433594
2022-11-15 04:08:23,940 - INFO: global_step=124700, episodic_return=-58.712345123291016
2022-11-15 04:08:25,399 - INFO: global_step=125700, episodic_return=-79.31043243408203
2022-11-15 04:08:27,170 - INFO: global_step=126700, episodic_return=-108.19293975830078
2022-11-15 04:08:29,127 - INFO: global_step=127700, episodic_return=-46.38079071044922
2022-11-15 04:08:29,867 - INFO: global_step=128194, episodic_return=250.21836853027344
2022-11-15 04:08:31,327 - INFO: global_step=129194, episodic_return=-55.633419036865234
2022-11-15 04:08:31,977 - INFO: global_step=129823, episodic_return=129.35922241210938
2022-11-15 04:08:33,688 - INFO: global_step=130823, episodic_return=14.799445152282715
2022-11-15 04:08:34,787 - INFO: global_step=131631, episodic_return=96.0461654663086
2022-11-15 04:08:36,279 - INFO: global_step=132631, episodic_return=-30.083589553833008
2022-11-15 04:08:38,494 - INFO: global_step=133631, episodic_return=-48.20100402832031
2022-11-15 04:08:40,675 - INFO: global_step=134631, episodic_return=-75.19369506835938
2022-11-15 04:08:41,249 - INFO: global_step=135029, episodic_return=223.28671264648438
2022-11-15 04:08:42,320 - INFO: global_step=135678, episodic_return=-133.4490203857422
2022-11-15 04:08:42,865 - INFO: global_step=136156, episodic_return=145.74896240234375
2022-11-15 04:08:44,005 - INFO: global_step=136931, episodic_return=-125.09442901611328
2022-11-15 04:08:44,225 - INFO: global_step=137206, episodic_return=200.2402801513672
2022-11-15 04:08:44,377 - INFO: global_step=137394, episodic_return=-53.2308349609375
2022-11-15 04:08:44,990 - INFO: global_step=137920, episodic_return=195.3863983154297
2022-11-15 04:08:45,233 - INFO: global_step=138175, episodic_return=-25.24176788330078
2022-11-15 04:08:46,397 - INFO: global_step=138925, episodic_return=-168.35159301757812
2022-11-15 04:08:46,659 - INFO: global_step=139141, episodic_return=-134.33856201171875
2022-11-15 04:08:46,905 - INFO: global_step=139356, episodic_return=-10.486114501953125
2022-11-15 04:08:47,539 - INFO: global_step=139758, episodic_return=-60.72064208984375
2022-11-15 04:08:47,731 - INFO: global_step=139965, episodic_return=8.033180236816406
2022-11-15 04:08:48,470 - INFO: global_step=140482, episodic_return=-94.78076934814453
2022-11-15 04:08:49,933 - INFO: global_step=141226, episodic_return=216.26947021484375
2022-11-15 04:08:50,647 - INFO: global_step=141751, episodic_return=171.71224975585938
2022-11-15 04:08:50,777 - INFO: global_step=141907, episodic_return=-153.69961547851562
2022-11-15 04:08:52,850 - INFO: global_step=142907, episodic_return=-58.63889694213867
2022-11-15 04:08:54,554 - INFO: global_step=143907, episodic_return=-78.11778259277344
2022-11-15 04:08:56,915 - INFO: global_step=144907, episodic_return=32.43899917602539
2022-11-15 04:08:58,724 - INFO: global_step=145907, episodic_return=-54.02324676513672
2022-11-15 04:09:00,594 - INFO: global_step=146907, episodic_return=-126.26470184326172
2022-11-15 04:09:03,030 - INFO: global_step=147907, episodic_return=-115.4701919555664
2022-11-15 04:09:05,532 - INFO: global_step=148907, episodic_return=-31.675355911254883
2022-11-15 04:09:07,881 - INFO: global_step=149907, episodic_return=5.220587730407715
2022-11-15 04:09:09,799 - INFO: global_step=150907, episodic_return=-105.91515350341797
2022-11-15 04:09:12,053 - INFO: global_step=151907, episodic_return=-38.846405029296875
2022-11-15 04:09:13,349 - INFO: global_step=152907, episodic_return=-89.39717102050781
2022-11-15 04:09:14,636 - INFO: global_step=153907, episodic_return=-85.77437591552734
2022-11-15 04:09:16,399 - INFO: global_step=154907, episodic_return=-84.36549377441406
2022-11-15 04:09:18,026 - INFO: global_step=155907, episodic_return=-36.60274887084961
2022-11-15 04:09:19,591 - INFO: global_step=156907, episodic_return=-60.37611770629883
2022-11-15 04:09:22,036 - INFO: global_step=157907, episodic_return=-26.997915267944336
2022-11-15 04:09:24,189 - INFO: global_step=158907, episodic_return=-128.83616638183594
2022-11-15 04:09:25,611 - INFO: global_step=159901, episodic_return=-165.00851440429688
2022-11-15 04:09:27,712 - INFO: global_step=160901, episodic_return=-82.46327209472656
2022-11-15 04:09:29,406 - INFO: global_step=161901, episodic_return=-87.14723205566406
2022-11-15 04:09:31,265 - INFO: global_step=162901, episodic_return=-73.74879455566406
2022-11-15 04:09:33,165 - INFO: global_step=163901, episodic_return=-74.19461822509766
2022-11-15 04:09:34,481 - INFO: global_step=164901, episodic_return=-92.50415802001953
2022-11-15 04:09:36,281 - INFO: global_step=165901, episodic_return=-82.9649887084961
2022-11-15 04:09:38,326 - INFO: global_step=166901, episodic_return=-55.32765579223633
2022-11-15 04:09:40,273 - INFO: global_step=167901, episodic_return=-134.35247802734375
2022-11-15 04:09:41,944 - INFO: global_step=168901, episodic_return=-56.892311096191406
2022-11-15 04:09:43,684 - INFO: global_step=169901, episodic_return=-133.158203125
2022-11-15 04:09:46,129 - INFO: global_step=170901, episodic_return=-40.6010627746582
2022-11-15 04:09:48,664 - INFO: global_step=171901, episodic_return=-161.304443359375
2022-11-15 04:09:50,505 - INFO: global_step=172901, episodic_return=-38.79144287109375
2022-11-15 04:09:51,930 - INFO: global_step=173901, episodic_return=-64.19483184814453
2022-11-15 04:09:53,152 - INFO: global_step=174901, episodic_return=-65.1256103515625
2022-11-15 04:09:54,907 - INFO: global_step=175901, episodic_return=-98.62383270263672
2022-11-15 04:09:56,904 - INFO: global_step=176901, episodic_return=-90.92721557617188
2022-11-15 04:09:59,279 - INFO: global_step=177901, episodic_return=-93.9304428100586
2022-11-15 04:10:01,687 - INFO: global_step=178901, episodic_return=-115.63243865966797
2022-11-15 04:10:03,403 - INFO: global_step=179901, episodic_return=-60.4545783996582
2022-11-15 04:10:05,855 - INFO: global_step=180901, episodic_return=-112.9866943359375
2022-11-15 04:10:07,426 - INFO: global_step=181901, episodic_return=-48.80449676513672
2022-11-15 04:10:08,805 - INFO: global_step=182901, episodic_return=-119.15848541259766
2022-11-15 04:10:10,608 - INFO: global_step=183901, episodic_return=-64.56822967529297
2022-11-15 04:10:12,592 - INFO: global_step=184901, episodic_return=-91.1800537109375
2022-11-15 04:10:15,164 - INFO: global_step=185901, episodic_return=-116.44773864746094
2022-11-15 04:10:17,145 - INFO: global_step=186901, episodic_return=-127.78311920166016
2022-11-15 04:10:19,039 - INFO: global_step=187901, episodic_return=-129.9473419189453
2022-11-15 04:10:21,448 - INFO: global_step=188901, episodic_return=-122.66700744628906
2022-11-15 04:10:22,892 - INFO: global_step=189901, episodic_return=-46.07307815551758
2022-11-15 04:10:24,274 - INFO: global_step=190901, episodic_return=-121.06980895996094
2022-11-15 04:10:25,142 - INFO: global_step=191682, episodic_return=-158.5421905517578
2022-11-15 04:10:25,335 - INFO: global_step=191938, episodic_return=-82.42964172363281
2022-11-15 04:10:26,574 - INFO: global_step=192938, episodic_return=-89.41429138183594
2022-11-15 04:10:28,160 - INFO: global_step=193938, episodic_return=-106.77316284179688
2022-11-15 04:10:29,972 - INFO: global_step=194938, episodic_return=-63.48413848876953
2022-11-15 04:10:31,443 - INFO: global_step=195938, episodic_return=-99.27763366699219
2022-11-15 04:10:32,833 - INFO: global_step=196938, episodic_return=-20.51362419128418
2022-11-15 04:10:34,883 - INFO: global_step=197938, episodic_return=-88.45790100097656
2022-11-15 04:10:36,446 - INFO: global_step=198938, episodic_return=-78.09776306152344
2022-11-15 04:10:38,625 - INFO: global_step=199938, episodic_return=-101.67216491699219
2022-11-15 04:10:40,879 - INFO: global_step=200938, episodic_return=-106.21644592285156
2022-11-15 04:10:42,683 - INFO: global_step=201938, episodic_return=-119.12144470214844
2022-11-15 04:10:44,656 - INFO: global_step=202938, episodic_return=-68.18599700927734
2022-11-15 04:10:46,267 - INFO: global_step=203938, episodic_return=-50.35011291503906
2022-11-15 04:10:47,958 - INFO: global_step=204938, episodic_return=-119.34854888916016
2022-11-15 04:10:49,713 - INFO: global_step=205938, episodic_return=-98.90699768066406
2022-11-15 04:10:51,524 - INFO: global_step=206938, episodic_return=-152.64956665039062
2022-11-15 04:10:53,136 - INFO: global_step=207938, episodic_return=-108.50453186035156
2022-11-15 04:10:54,778 - INFO: global_step=208938, episodic_return=-154.02658081054688
2022-11-15 04:10:56,555 - INFO: global_step=209938, episodic_return=-47.5710563659668
2022-11-15 04:10:58,591 - INFO: global_step=210938, episodic_return=-93.61277770996094
2022-11-15 04:10:59,975 - INFO: global_step=211938, episodic_return=-72.84526062011719
2022-11-15 04:11:00,118 - INFO: global_step=212104, episodic_return=-94.3589096069336
2022-11-15 04:11:01,653 - INFO: global_step=213104, episodic_return=-29.846675872802734
2022-11-15 04:11:03,181 - INFO: global_step=214104, episodic_return=-78.23330688476562
2022-11-15 04:11:05,064 - INFO: global_step=215104, episodic_return=-83.38285827636719
2022-11-15 04:11:06,817 - INFO: global_step=216104, episodic_return=-29.84450340270996
2022-11-15 04:11:09,086 - INFO: global_step=217104, episodic_return=-74.05459594726562
2022-11-15 04:11:10,459 - INFO: global_step=218104, episodic_return=-113.7282485961914
2022-11-15 04:11:12,592 - INFO: global_step=219104, episodic_return=-141.8124542236328
2022-11-15 04:11:14,549 - INFO: global_step=220104, episodic_return=-51.090660095214844
2022-11-15 04:11:16,497 - INFO: global_step=221104, episodic_return=-44.40501403808594
2022-11-15 04:11:18,027 - INFO: global_step=222104, episodic_return=-78.12684631347656
2022-11-15 04:11:20,872 - INFO: global_step=223104, episodic_return=-119.49392700195312
2022-11-15 04:11:22,744 - INFO: global_step=224104, episodic_return=-144.55381774902344
2022-11-15 04:11:24,360 - INFO: global_step=225104, episodic_return=-132.57797241210938
2022-11-15 04:11:26,875 - INFO: global_step=226104, episodic_return=-146.0415496826172
2022-11-15 04:11:29,405 - INFO: global_step=227104, episodic_return=-155.77027893066406
2022-11-15 04:11:31,259 - INFO: global_step=228104, episodic_return=-113.25298309326172
2022-11-15 04:11:32,887 - INFO: global_step=229104, episodic_return=-134.3009796142578
2022-11-15 04:11:35,057 - INFO: global_step=230104, episodic_return=-110.70652770996094
2022-11-15 04:11:37,140 - INFO: global_step=231104, episodic_return=-112.45706939697266
2022-11-15 04:11:39,017 - INFO: global_step=232104, episodic_return=-105.45904541015625
2022-11-15 04:11:41,194 - INFO: global_step=233104, episodic_return=-54.21261215209961
2022-11-15 04:11:43,325 - INFO: global_step=234104, episodic_return=-72.7880859375
2022-11-15 04:11:44,937 - INFO: global_step=235104, episodic_return=-67.11561584472656
2022-11-15 04:11:46,576 - INFO: global_step=236104, episodic_return=-62.57546615600586
2022-11-15 04:11:48,191 - INFO: global_step=237104, episodic_return=-82.35797882080078
2022-11-15 04:11:50,828 - INFO: global_step=238104, episodic_return=-102.99624633789062
2022-11-15 04:11:52,922 - INFO: global_step=239104, episodic_return=-95.99520874023438
2022-11-15 04:11:54,691 - INFO: global_step=240104, episodic_return=-113.7776107788086
2022-11-15 04:11:56,556 - INFO: global_step=241104, episodic_return=-70.75479888916016
2022-11-15 04:11:58,346 - INFO: global_step=242104, episodic_return=-98.17976379394531
2022-11-15 04:11:59,614 - INFO: global_step=243104, episodic_return=-138.65335083007812
2022-11-15 04:12:02,049 - INFO: global_step=244104, episodic_return=-57.216712951660156
2022-11-15 04:12:03,684 - INFO: global_step=245104, episodic_return=-102.0156478881836
2022-11-15 04:12:05,085 - INFO: global_step=246104, episodic_return=-52.99331283569336
2022-11-15 04:12:06,736 - INFO: global_step=247104, episodic_return=-88.46224975585938
2022-11-15 04:12:08,311 - INFO: global_step=248104, episodic_return=-114.26826477050781
2022-11-15 04:12:10,382 - INFO: global_step=249104, episodic_return=-98.87824249267578
2022-11-15 04:12:11,653 - INFO: global_step=250104, episodic_return=-88.2122573852539
2022-11-15 04:12:13,183 - INFO: global_step=251104, episodic_return=-102.6541748046875
2022-11-15 04:12:14,770 - INFO: global_step=252104, episodic_return=-112.20053100585938
2022-11-15 04:12:17,103 - INFO: global_step=253104, episodic_return=-46.0736083984375
2022-11-15 04:12:18,681 - INFO: global_step=254104, episodic_return=-145.25135803222656
2022-11-15 04:12:20,706 - INFO: global_step=255104, episodic_return=-134.69439697265625
2022-11-15 04:12:22,723 - INFO: global_step=256104, episodic_return=-78.26513671875
2022-11-15 04:12:24,949 - INFO: global_step=257104, episodic_return=-118.12976837158203
2022-11-15 04:12:26,992 - INFO: global_step=258104, episodic_return=-142.7011260986328
2022-11-15 04:12:28,881 - INFO: global_step=259104, episodic_return=-49.58021926879883
2022-11-15 04:12:30,627 - INFO: global_step=260104, episodic_return=-60.45737838745117
2022-11-15 04:12:32,348 - INFO: global_step=261104, episodic_return=-22.790077209472656
2022-11-15 04:12:34,073 - INFO: global_step=262104, episodic_return=-107.46345520019531
2022-11-15 04:12:34,523 - INFO: global_step=262526, episodic_return=-134.72177124023438
2022-11-15 04:12:36,185 - INFO: global_step=263526, episodic_return=-102.13394165039062
2022-11-15 04:12:38,160 - INFO: global_step=264526, episodic_return=-75.79010772705078
2022-11-15 04:12:40,534 - INFO: global_step=265526, episodic_return=-97.73384094238281
2022-11-15 04:12:42,134 - INFO: global_step=266526, episodic_return=-97.15233612060547
2022-11-15 04:12:43,866 - INFO: global_step=267526, episodic_return=-47.95504379272461
2022-11-15 04:12:45,480 - INFO: global_step=268526, episodic_return=-51.1075439453125
2022-11-15 04:12:46,652 - INFO: global_step=269368, episodic_return=-180.5228729248047
2022-11-15 04:12:49,791 - INFO: global_step=270368, episodic_return=-72.05870056152344
2022-11-15 04:12:52,212 - INFO: global_step=271368, episodic_return=-85.12518310546875
2022-11-15 04:12:53,983 - INFO: global_step=272368, episodic_return=-90.28839874267578
2022-11-15 04:12:55,695 - INFO: global_step=273368, episodic_return=-94.59629821777344
2022-11-15 04:12:57,665 - INFO: global_step=274368, episodic_return=-55.031314849853516
2022-11-15 04:13:00,385 - INFO: global_step=275368, episodic_return=-143.81800842285156
2022-11-15 04:13:01,816 - INFO: global_step=276368, episodic_return=-45.66189956665039
2022-11-15 04:13:03,818 - INFO: global_step=277368, episodic_return=-94.4590072631836
2022-11-15 04:13:06,169 - INFO: global_step=278368, episodic_return=-112.09033966064453
2022-11-15 04:13:07,945 - INFO: global_step=279368, episodic_return=-51.68107604980469
2022-11-15 04:13:09,873 - INFO: global_step=280368, episodic_return=-98.46708679199219
2022-11-15 04:13:09,945 - INFO: global_step=280457, episodic_return=-207.72653198242188
2022-11-15 04:13:11,478 - INFO: global_step=281457, episodic_return=-40.982906341552734
2022-11-15 04:13:13,551 - INFO: global_step=282457, episodic_return=-94.60147094726562
2022-11-15 04:13:13,650 - INFO: global_step=282580, episodic_return=-184.47012329101562
2022-11-15 04:13:15,331 - INFO: global_step=283580, episodic_return=-73.2999038696289
2022-11-15 04:13:16,843 - INFO: global_step=284580, episodic_return=-40.710941314697266
2022-11-15 04:13:19,067 - INFO: global_step=285580, episodic_return=-142.14718627929688
2022-11-15 04:13:20,921 - INFO: global_step=286580, episodic_return=-49.04874038696289
2022-11-15 04:13:22,359 - INFO: global_step=287580, episodic_return=-32.35544967651367
2022-11-15 04:13:22,489 - INFO: global_step=287770, episodic_return=-74.4122314453125
2022-11-15 04:13:23,881 - INFO: global_step=288770, episodic_return=-72.4615478515625
2022-11-15 04:13:25,581 - INFO: global_step=289770, episodic_return=-57.762359619140625
2022-11-15 04:13:27,189 - INFO: global_step=290770, episodic_return=-74.69390869140625
2022-11-15 04:13:28,697 - INFO: global_step=291770, episodic_return=-54.33912658691406
2022-11-15 04:13:30,070 - INFO: global_step=292770, episodic_return=-69.42284393310547
2022-11-15 04:13:32,581 - INFO: global_step=293770, episodic_return=-83.39625549316406
2022-11-15 04:13:34,173 - INFO: global_step=294770, episodic_return=-119.27169799804688
2022-11-15 04:13:35,807 - INFO: global_step=295770, episodic_return=-116.20614624023438
2022-11-15 04:13:37,597 - INFO: global_step=296770, episodic_return=-68.20191192626953
2022-11-15 04:13:39,234 - INFO: global_step=297770, episodic_return=-80.47578430175781
2022-11-15 04:13:41,481 - INFO: global_step=298770, episodic_return=-28.041217803955078
2022-11-15 04:13:43,003 - INFO: global_step=299770, episodic_return=-81.42848205566406
2022-11-15 04:13:44,923 - INFO: global_step=300770, episodic_return=-49.304012298583984
2022-11-15 04:13:45,129 - INFO: global_step=300943, episodic_return=-164.67922973632812
2022-11-15 04:13:46,557 - INFO: global_step=301943, episodic_return=-97.00727081298828
2022-11-15 04:13:48,358 - INFO: global_step=302943, episodic_return=-46.440338134765625
2022-11-15 04:13:49,702 - INFO: global_step=303943, episodic_return=-63.947349548339844
2022-11-15 04:13:51,882 - INFO: global_step=304943, episodic_return=-39.956817626953125
2022-11-15 04:13:53,620 - INFO: global_step=305943, episodic_return=-52.811920166015625
2022-11-15 04:13:55,147 - INFO: global_step=306943, episodic_return=-67.34428405761719
2022-11-15 04:13:57,155 - INFO: global_step=307943, episodic_return=-112.87933349609375
2022-11-15 04:13:59,036 - INFO: global_step=308943, episodic_return=-50.78878402709961
2022-11-15 04:13:59,171 - INFO: global_step=309098, episodic_return=-90.00479888916016
2022-11-15 04:14:00,269 - INFO: global_step=309746, episodic_return=83.2339859008789
2022-11-15 04:14:00,830 - INFO: global_step=310205, episodic_return=-131.3973388671875
2022-11-15 04:14:00,964 - INFO: global_step=310352, episodic_return=-93.92840576171875
2022-11-15 04:14:01,973 - INFO: global_step=311130, episodic_return=-121.89015197753906
2022-11-15 04:14:04,169 - INFO: global_step=312130, episodic_return=-23.306102752685547
2022-11-15 04:14:05,567 - INFO: global_step=312996, episodic_return=102.8670425415039
2022-11-15 04:14:06,058 - INFO: global_step=313406, episodic_return=191.94610595703125
2022-11-15 04:14:07,121 - INFO: global_step=314105, episodic_return=140.28781127929688
2022-11-15 04:14:08,543 - INFO: global_step=315105, episodic_return=-71.10279083251953
2022-11-15 04:14:10,401 - INFO: global_step=316105, episodic_return=-66.1593246459961
2022-11-15 04:14:11,994 - INFO: global_step=317105, episodic_return=-19.45065689086914
2022-11-15 04:14:12,539 - INFO: global_step=317575, episodic_return=-95.37816619873047
2022-11-15 04:14:14,430 - INFO: global_step=318575, episodic_return=-45.486534118652344
2022-11-15 04:14:16,269 - INFO: global_step=319575, episodic_return=-55.36451721191406
2022-11-15 04:14:17,380 - INFO: global_step=320172, episodic_return=161.5967559814453
2022-11-15 04:14:19,068 - INFO: global_step=321172, episodic_return=-87.6628189086914
2022-11-15 04:14:21,655 - INFO: global_step=322172, episodic_return=3.373466968536377
2022-11-15 04:14:23,588 - INFO: global_step=323172, episodic_return=-19.330249786376953
2022-11-15 04:14:25,035 - INFO: global_step=324172, episodic_return=-35.085426330566406
2022-11-15 04:14:27,017 - INFO: global_step=325172, episodic_return=-21.435956954956055
2022-11-15 04:14:29,212 - INFO: global_step=326172, episodic_return=-116.22709655761719
2022-11-15 04:14:30,749 - INFO: global_step=327172, episodic_return=-25.084857940673828
2022-11-15 04:14:32,653 - INFO: global_step=328172, episodic_return=-124.16094970703125
2022-11-15 04:14:34,864 - INFO: global_step=329172, episodic_return=-107.91804504394531
2022-11-15 04:14:36,878 - INFO: global_step=330172, episodic_return=-89.01285552978516
2022-11-15 04:14:39,145 - INFO: global_step=331172, episodic_return=-102.94255065917969
2022-11-15 04:14:41,215 - INFO: global_step=332172, episodic_return=-101.54778289794922
2022-11-15 04:14:42,867 - INFO: global_step=333172, episodic_return=-41.27845764160156
2022-11-15 04:14:44,806 - INFO: global_step=334172, episodic_return=-49.228023529052734
2022-11-15 04:14:46,763 - INFO: global_step=335172, episodic_return=-44.5575065612793
2022-11-15 04:14:48,156 - INFO: global_step=336172, episodic_return=-116.1828384399414
2022-11-15 04:14:50,626 - INFO: global_step=337172, episodic_return=-103.48483276367188
2022-11-15 04:14:53,265 - INFO: global_step=338172, episodic_return=-55.72344207763672
2022-11-15 04:14:54,899 - INFO: global_step=339172, episodic_return=-52.5413932800293
2022-11-15 04:14:56,791 - INFO: global_step=340172, episodic_return=-17.799264907836914
2022-11-15 04:14:58,854 - INFO: global_step=341172, episodic_return=15.478736877441406
2022-11-15 04:15:00,643 - INFO: global_step=342172, episodic_return=-63.284603118896484
2022-11-15 04:15:02,362 - INFO: global_step=343172, episodic_return=-105.97715759277344
2022-11-15 04:15:04,899 - INFO: global_step=344172, episodic_return=4.201205730438232
2022-11-15 04:15:06,910 - INFO: global_step=345172, episodic_return=-35.12603759765625
2022-11-15 04:15:09,042 - INFO: global_step=346172, episodic_return=-101.13590240478516
2022-11-15 04:15:11,060 - INFO: global_step=347172, episodic_return=-15.44034194946289
2022-11-15 04:15:11,293 - INFO: global_step=347414, episodic_return=29.138275146484375
2022-11-15 04:15:12,861 - INFO: global_step=348414, episodic_return=-70.96586608886719
2022-11-15 04:15:14,865 - INFO: global_step=349414, episodic_return=-97.34707641601562
2022-11-15 04:15:17,612 - INFO: global_step=350414, episodic_return=-58.77481460571289
2022-11-15 04:15:18,049 - INFO: global_step=350778, episodic_return=18.47675323486328
2022-11-15 04:15:19,844 - INFO: global_step=351778, episodic_return=-128.23814392089844
2022-11-15 04:15:21,351 - INFO: global_step=352778, episodic_return=-69.31353759765625
2022-11-15 04:15:24,011 - INFO: global_step=353778, episodic_return=-99.52335357666016
2022-11-15 04:15:25,826 - INFO: global_step=354778, episodic_return=-108.00328063964844
2022-11-15 04:15:27,624 - INFO: global_step=355778, episodic_return=-111.41220092773438
2022-11-15 04:15:29,228 - INFO: global_step=356778, episodic_return=-86.60338592529297
2022-11-15 04:15:31,131 - INFO: global_step=357778, episodic_return=-129.47572326660156
2022-11-15 04:15:33,524 - INFO: global_step=358778, episodic_return=-139.15960693359375
2022-11-15 04:15:35,838 - INFO: global_step=359778, episodic_return=-126.10448455810547
2022-11-15 04:15:37,154 - INFO: global_step=360778, episodic_return=-85.08622741699219
2022-11-15 04:15:39,111 - INFO: global_step=361778, episodic_return=-134.13304138183594
2022-11-15 04:15:41,266 - INFO: global_step=362778, episodic_return=-137.1380157470703
2022-11-15 04:15:43,531 - INFO: global_step=363778, episodic_return=-46.076568603515625
2022-11-15 04:15:45,002 - INFO: global_step=364778, episodic_return=-68.89312744140625
2022-11-15 04:15:47,015 - INFO: global_step=365778, episodic_return=-92.86891174316406
2022-11-15 04:15:49,075 - INFO: global_step=366778, episodic_return=-142.468994140625
2022-11-15 04:15:51,088 - INFO: global_step=367778, episodic_return=-89.23493194580078
2022-11-15 04:15:53,455 - INFO: global_step=368778, episodic_return=-60.09516525268555
2022-11-15 04:15:55,516 - INFO: global_step=369778, episodic_return=-83.35712432861328
2022-11-15 04:15:57,593 - INFO: global_step=370778, episodic_return=-74.42168426513672
2022-11-15 04:15:59,563 - INFO: global_step=371778, episodic_return=-37.56475067138672
2022-11-15 04:16:02,195 - INFO: global_step=372778, episodic_return=-118.04010009765625
2022-11-15 04:16:04,156 - INFO: global_step=373778, episodic_return=-47.66098403930664
2022-11-15 04:16:06,128 - INFO: global_step=374778, episodic_return=-70.16543579101562
2022-11-15 04:16:08,589 - INFO: global_step=375778, episodic_return=-84.96025848388672
2022-11-15 04:16:10,142 - INFO: global_step=376778, episodic_return=-77.312255859375
2022-11-15 04:16:12,488 - INFO: global_step=377778, episodic_return=-64.89319610595703
2022-11-15 04:16:14,691 - INFO: global_step=378778, episodic_return=-28.66914939880371
2022-11-15 04:16:16,887 - INFO: global_step=379778, episodic_return=-62.33391189575195
2022-11-15 04:16:18,665 - INFO: global_step=380778, episodic_return=-98.1004638671875
2022-11-15 04:16:20,898 - INFO: global_step=381778, episodic_return=-91.73271942138672
2022-11-15 04:16:22,429 - INFO: global_step=382778, episodic_return=-101.43240356445312
2022-11-15 04:16:23,849 - INFO: global_step=383778, episodic_return=-20.09050750732422
2022-11-15 04:16:25,672 - INFO: global_step=384778, episodic_return=-3.413985252380371
2022-11-15 04:16:27,770 - INFO: global_step=385778, episodic_return=-51.040382385253906
2022-11-15 04:16:29,905 - INFO: global_step=386778, episodic_return=-54.15498733520508
2022-11-15 04:16:31,732 - INFO: global_step=387778, episodic_return=-20.5998592376709
2022-11-15 04:16:34,100 - INFO: global_step=388778, episodic_return=-51.807525634765625
2022-11-15 04:16:37,089 - INFO: global_step=389778, episodic_return=-32.71198654174805
2022-11-15 04:16:39,173 - INFO: global_step=390778, episodic_return=-59.03925704956055
2022-11-15 04:16:41,463 - INFO: global_step=391778, episodic_return=-35.12331771850586
2022-11-15 04:16:44,116 - INFO: global_step=392778, episodic_return=-81.8929443359375
2022-11-15 04:16:46,675 - INFO: global_step=393778, episodic_return=-82.28988647460938
2022-11-15 04:16:49,104 - INFO: global_step=394778, episodic_return=-36.237125396728516
2022-11-15 04:16:50,908 - INFO: global_step=395778, episodic_return=-32.82670593261719
2022-11-15 04:16:52,631 - INFO: global_step=396778, episodic_return=-10.422579765319824
2022-11-15 04:16:55,233 - INFO: global_step=397778, episodic_return=-45.47426986694336
2022-11-15 04:16:57,196 - INFO: global_step=398778, episodic_return=-35.500526428222656
2022-11-15 04:16:59,727 - INFO: global_step=399778, episodic_return=-57.95485305786133
2022-11-15 04:17:01,244 - INFO: global_step=400778, episodic_return=-16.470623016357422
2022-11-15 04:17:02,960 - INFO: global_step=401778, episodic_return=4.7257890701293945
2022-11-15 04:17:04,141 - INFO: global_step=402462, episodic_return=200.2727508544922
2022-11-15 04:17:05,819 - INFO: global_step=403427, episodic_return=-178.5205078125
2022-11-15 04:17:07,566 - INFO: global_step=404366, episodic_return=-290.07427978515625
2022-11-15 04:17:09,839 - INFO: global_step=405366, episodic_return=-32.06073760986328
2022-11-15 04:17:12,084 - INFO: global_step=406239, episodic_return=98.74678802490234
2022-11-15 04:17:13,585 - INFO: global_step=407063, episodic_return=163.16993713378906
2022-11-15 04:17:14,635 - INFO: global_step=407720, episodic_return=180.09161376953125
2022-11-15 04:17:15,872 - INFO: global_step=408383, episodic_return=-234.21481323242188
2022-11-15 04:17:17,471 - INFO: global_step=409238, episodic_return=145.9369354248047
2022-11-15 04:17:18,145 - INFO: global_step=409724, episodic_return=215.51235961914062
2022-11-15 04:17:18,935 - INFO: global_step=410334, episodic_return=170.90237426757812
2022-11-15 04:17:19,631 - INFO: global_step=410729, episodic_return=-207.0017547607422
2022-11-15 04:17:21,986 - INFO: global_step=411660, episodic_return=155.65301513671875
2022-11-15 04:17:23,335 - INFO: global_step=412616, episodic_return=-230.26780700683594
2022-11-15 04:17:24,509 - INFO: global_step=413326, episodic_return=162.9826202392578
2022-11-15 04:17:25,880 - INFO: global_step=414164, episodic_return=144.6191864013672
2022-11-15 04:17:27,756 - INFO: global_step=415164, episodic_return=39.44483947753906
2022-11-15 04:17:29,726 - INFO: global_step=416164, episodic_return=-9.014650344848633
2022-11-15 04:17:31,750 - INFO: global_step=417164, episodic_return=-32.29494857788086
2022-11-15 04:17:33,510 - INFO: global_step=418164, episodic_return=-21.9597225189209
2022-11-15 04:17:35,239 - INFO: global_step=419164, episodic_return=4.132302284240723
2022-11-15 04:17:37,105 - INFO: global_step=420164, episodic_return=-50.19916915893555
2022-11-15 04:17:39,565 - INFO: global_step=421164, episodic_return=-36.24774169921875
2022-11-15 04:17:41,872 - INFO: global_step=422164, episodic_return=-89.74639892578125
2022-11-15 04:17:43,894 - INFO: global_step=423164, episodic_return=5.82749080657959
2022-11-15 04:17:45,733 - INFO: global_step=424164, episodic_return=9.427677154541016
2022-11-15 04:17:47,575 - INFO: global_step=425164, episodic_return=-45.57313919067383
2022-11-15 04:17:49,588 - INFO: global_step=426164, episodic_return=-54.681026458740234
2022-11-15 04:17:51,609 - INFO: global_step=427164, episodic_return=-59.004451751708984
2022-11-15 04:17:54,058 - INFO: global_step=428164, episodic_return=-80.22650909423828
2022-11-15 04:17:56,407 - INFO: global_step=429164, episodic_return=-76.123779296875
2022-11-15 04:17:58,232 - INFO: global_step=430164, episodic_return=-39.172142028808594
2022-11-15 04:18:00,327 - INFO: global_step=431164, episodic_return=-83.45441436767578
2022-11-15 04:18:01,866 - INFO: global_step=432164, episodic_return=-74.89749145507812
2022-11-15 04:18:03,659 - INFO: global_step=433164, episodic_return=15.549969673156738
2022-11-15 04:18:05,647 - INFO: global_step=434164, episodic_return=-69.42665100097656
2022-11-15 04:18:07,114 - INFO: global_step=435164, episodic_return=-47.40408706665039
2022-11-15 04:18:08,463 - INFO: global_step=436164, episodic_return=-67.54424285888672
2022-11-15 04:18:10,840 - INFO: global_step=437164, episodic_return=-36.275352478027344
2022-11-15 04:18:12,567 - INFO: global_step=438164, episodic_return=-24.228809356689453
2022-11-15 04:18:14,806 - INFO: global_step=439164, episodic_return=-49.90171432495117
2022-11-15 04:18:16,688 - INFO: global_step=440164, episodic_return=-38.851558685302734
2022-11-15 04:18:18,992 - INFO: global_step=441164, episodic_return=-29.030540466308594
2022-11-15 04:18:20,860 - INFO: global_step=442164, episodic_return=-68.44266510009766
2022-11-15 04:18:22,657 - INFO: global_step=443164, episodic_return=-72.01031494140625
2022-11-15 04:18:24,426 - INFO: global_step=444164, episodic_return=-79.73995208740234
2022-11-15 04:18:26,198 - INFO: global_step=445164, episodic_return=-77.5029067993164
2022-11-15 04:18:27,964 - INFO: global_step=446164, episodic_return=-57.80477523803711
2022-11-15 04:18:30,269 - INFO: global_step=447164, episodic_return=-74.81366729736328
2022-11-15 04:18:32,103 - INFO: global_step=448164, episodic_return=-70.2828598022461
2022-11-15 04:18:33,536 - INFO: global_step=449164, episodic_return=-49.00359344482422
2022-11-15 04:18:35,142 - INFO: global_step=450164, episodic_return=-56.918907165527344
2022-11-15 04:18:37,261 - INFO: global_step=451164, episodic_return=-44.144371032714844
2022-11-15 04:18:39,000 - INFO: global_step=452016, episodic_return=124.72520446777344
2022-11-15 04:18:40,909 - INFO: global_step=453016, episodic_return=-41.103660583496094
2022-11-15 04:18:43,638 - INFO: global_step=454016, episodic_return=32.34696960449219
2022-11-15 04:18:45,903 - INFO: global_step=455016, episodic_return=-35.260005950927734
2022-11-15 04:18:47,680 - INFO: global_step=456016, episodic_return=27.997516632080078
2022-11-15 04:18:49,243 - INFO: global_step=457016, episodic_return=-44.90991973876953
2022-11-15 04:18:51,236 - INFO: global_step=458016, episodic_return=-18.49274444580078
2022-11-15 04:18:52,951 - INFO: global_step=459016, episodic_return=-53.794776916503906
2022-11-15 04:18:54,813 - INFO: global_step=460016, episodic_return=-58.63957595825195
2022-11-15 04:18:57,757 - INFO: global_step=461016, episodic_return=-50.578826904296875
2022-11-15 04:18:59,801 - INFO: global_step=462016, episodic_return=-40.41825485229492
2022-11-15 04:19:01,298 - INFO: global_step=463016, episodic_return=-52.26339340209961
2022-11-15 04:19:03,574 - INFO: global_step=464016, episodic_return=-25.428281784057617
2022-11-15 04:19:05,264 - INFO: global_step=465016, episodic_return=14.850929260253906
2022-11-15 04:19:07,281 - INFO: global_step=466016, episodic_return=-46.57652282714844
2022-11-15 04:19:09,383 - INFO: global_step=467016, episodic_return=12.873719215393066
2022-11-15 04:19:11,559 - INFO: global_step=468016, episodic_return=-56.903350830078125
2022-11-15 04:19:14,293 - INFO: global_step=469016, episodic_return=-23.943387985229492
2022-11-15 04:19:16,566 - INFO: global_step=470016, episodic_return=-46.36204528808594
2022-11-15 04:19:16,668 - INFO: global_step=470135, episodic_return=-93.02625274658203
2022-11-15 04:19:17,037 - INFO: global_step=470448, episodic_return=-17.22119903564453
2022-11-15 04:19:19,272 - INFO: global_step=471448, episodic_return=-69.38475036621094
2022-11-15 04:19:21,185 - INFO: global_step=472448, episodic_return=-27.290586471557617
2022-11-15 04:19:23,581 - INFO: global_step=473448, episodic_return=-41.86509704589844
2022-11-15 04:19:25,364 - INFO: global_step=474448, episodic_return=-41.70626449584961
2022-11-15 04:19:27,570 - INFO: global_step=475448, episodic_return=-25.669708251953125
2022-11-15 04:19:28,974 - INFO: global_step=476448, episodic_return=-69.45500183105469
2022-11-15 04:19:30,798 - INFO: global_step=477448, episodic_return=-83.25980377197266
2022-11-15 04:19:32,871 - INFO: global_step=478448, episodic_return=-74.19908905029297
2022-11-15 04:19:35,284 - INFO: global_step=479448, episodic_return=-88.20818328857422
2022-11-15 04:19:36,993 - INFO: global_step=480448, episodic_return=-78.40901184082031
2022-11-15 04:19:37,133 - INFO: global_step=480618, episodic_return=75.75765991210938
2022-11-15 04:19:38,691 - INFO: global_step=481618, episodic_return=-50.388404846191406
2022-11-15 04:19:40,217 - INFO: global_step=482618, episodic_return=-30.307830810546875
2022-11-15 04:19:41,982 - INFO: global_step=483618, episodic_return=-102.81109619140625
2022-11-15 04:19:43,530 - INFO: global_step=484618, episodic_return=-36.6434440612793
2022-11-15 04:19:45,694 - INFO: global_step=485618, episodic_return=-44.84442901611328
2022-11-15 04:19:47,372 - INFO: global_step=486618, episodic_return=-27.83867645263672
2022-11-15 04:19:49,652 - INFO: global_step=487618, episodic_return=-53.66828918457031
2022-11-15 04:19:51,501 - INFO: global_step=488566, episodic_return=188.88461303710938
2022-11-15 04:19:53,658 - INFO: global_step=489566, episodic_return=-35.87846374511719
2022-11-15 04:19:55,592 - INFO: global_step=490504, episodic_return=137.750244140625
2022-11-15 04:19:57,883 - INFO: global_step=491504, episodic_return=53.035884857177734
2022-11-15 04:19:59,362 - INFO: global_step=492504, episodic_return=2.100574016571045
2022-11-15 04:20:00,499 - INFO: global_step=493178, episodic_return=184.4248046875
2022-11-15 04:20:02,533 - INFO: global_step=494178, episodic_return=-46.93813705444336
2022-11-15 04:20:04,436 - INFO: global_step=495178, episodic_return=-47.343875885009766
2022-11-15 04:20:06,850 - INFO: global_step=496178, episodic_return=-27.232093811035156
2022-11-15 04:20:09,492 - INFO: global_step=497178, episodic_return=-39.73733139038086
2022-11-15 04:20:11,539 - INFO: global_step=498178, episodic_return=-81.7990951538086
2022-11-15 04:20:13,440 - INFO: global_step=499178, episodic_return=-53.967750549316406
2022-11-15 04:20:15,120 - INFO: The average reward of last 20 steps: -1.872256875038147
