2022-11-16 17:30:13,903 - INFO: +--------------------------+----------------+
| Parameter                | Value          |
+--------------------------+----------------+
| exp_name                 | dqn            |
+--------------------------+----------------+
| seed                     | 42             |
+--------------------------+----------------+
| total_timesteps          | 500000         |
+--------------------------+----------------+
| learning_rate            | 0.001          |
+--------------------------+----------------+
| buffer_size              | 5000           |
+--------------------------+----------------+
| gamma                    | 0.990          |
+--------------------------+----------------+
| target_network_frequency | 100            |
+--------------------------+----------------+
| batch_size               | 256            |
+--------------------------+----------------+
| start_e                  | 0.300          |
+--------------------------+----------------+
| end_e                    | 0.050          |
+--------------------------+----------------+
| exploration_fraction     | 0.100          |
+--------------------------+----------------+
| learning_starts          | 10000          |
+--------------------------+----------------+
| train_frequency          | 10             |
+--------------------------+----------------+
| env_id                   | LunarLander-v2 |
+--------------------------+----------------+
2022-11-16 17:30:28,365 - INFO: global_step=111, episodic_return=-611.77490234375
2022-11-16 17:30:28,387 - INFO: global_step=172, episodic_return=-122.97918701171875
2022-11-16 17:30:28,407 - INFO: global_step=228, episodic_return=-94.93672180175781
2022-11-16 17:30:28,437 - INFO: global_step=311, episodic_return=-406.9200134277344
2022-11-16 17:30:28,462 - INFO: global_step=380, episodic_return=-112.57621765136719
2022-11-16 17:30:28,508 - INFO: global_step=495, episodic_return=-479.4324645996094
2022-11-16 17:30:28,537 - INFO: global_step=573, episodic_return=-398.597900390625
2022-11-16 17:30:28,590 - INFO: global_step=713, episodic_return=-640.2501220703125
2022-11-16 17:30:28,630 - INFO: global_step=814, episodic_return=-671.2049560546875
2022-11-16 17:30:28,680 - INFO: global_step=934, episodic_return=-627.7997436523438
2022-11-16 17:30:28,749 - INFO: global_step=1101, episodic_return=-776.7139282226562
2022-11-16 17:30:28,768 - INFO: global_step=1154, episodic_return=-118.8988037109375
2022-11-16 17:30:28,900 - INFO: global_step=1421, episodic_return=-1337.0836181640625
2022-11-16 17:30:28,946 - INFO: global_step=1533, episodic_return=-607.4620361328125
2022-11-16 17:30:28,967 - INFO: global_step=1587, episodic_return=-106.96476745605469
2022-11-16 17:30:28,996 - INFO: global_step=1662, episodic_return=-501.8840026855469
2022-11-16 17:30:29,029 - INFO: global_step=1744, episodic_return=-493.2634582519531
2022-11-16 17:30:29,053 - INFO: global_step=1810, episodic_return=-482.505859375
2022-11-16 17:30:29,196 - INFO: global_step=2082, episodic_return=-1533.2449951171875
2022-11-16 17:30:29,216 - INFO: global_step=2138, episodic_return=-440.23358154296875
2022-11-16 17:30:29,239 - INFO: global_step=2202, episodic_return=-500.1899719238281
2022-11-16 17:30:29,269 - INFO: global_step=2282, episodic_return=-595.8942260742188
2022-11-16 17:30:29,300 - INFO: global_step=2357, episodic_return=-572.2611083984375
2022-11-16 17:30:29,330 - INFO: global_step=2439, episodic_return=-581.3500366210938
2022-11-16 17:30:29,373 - INFO: global_step=2550, episodic_return=-620.091064453125
2022-11-16 17:30:29,414 - INFO: global_step=2655, episodic_return=-494.74847412109375
2022-11-16 17:30:29,444 - INFO: global_step=2736, episodic_return=-512.0510864257812
2022-11-16 17:30:29,466 - INFO: global_step=2799, episodic_return=-494.1636657714844
2022-11-16 17:30:29,491 - INFO: global_step=2874, episodic_return=-506.3654479980469
2022-11-16 17:30:29,533 - INFO: global_step=2937, episodic_return=-129.6429901123047
2022-11-16 17:30:29,572 - INFO: global_step=3046, episodic_return=-635.1983642578125
2022-11-16 17:30:29,595 - INFO: global_step=3105, episodic_return=-87.34154510498047
2022-11-16 17:30:29,625 - INFO: global_step=3185, episodic_return=-449.6429748535156
2022-11-16 17:30:29,669 - INFO: global_step=3294, episodic_return=-523.788818359375
2022-11-16 17:30:29,723 - INFO: global_step=3433, episodic_return=-650.43603515625
2022-11-16 17:30:29,757 - INFO: global_step=3517, episodic_return=-543.8724365234375
2022-11-16 17:30:29,776 - INFO: global_step=3570, episodic_return=-119.3675308227539
2022-11-16 17:30:29,819 - INFO: global_step=3672, episodic_return=-605.9207763671875
2022-11-16 17:30:29,917 - INFO: global_step=3831, episodic_return=-967.9526977539062
2022-11-16 17:30:29,949 - INFO: global_step=3916, episodic_return=-648.0430908203125
2022-11-16 17:30:29,966 - INFO: global_step=3966, episodic_return=-372.108642578125
2022-11-16 17:30:30,017 - INFO: global_step=4091, episodic_return=-654.6156005859375
2022-11-16 17:30:30,093 - INFO: global_step=4267, episodic_return=-807.7493896484375
2022-11-16 17:30:30,149 - INFO: global_step=4404, episodic_return=-628.9154052734375
2022-11-16 17:30:30,186 - INFO: global_step=4461, episodic_return=-109.63798522949219
2022-11-16 17:30:30,220 - INFO: global_step=4518, episodic_return=-118.64838409423828
2022-11-16 17:30:30,246 - INFO: global_step=4589, episodic_return=-122.46153259277344
2022-11-16 17:30:30,281 - INFO: global_step=4644, episodic_return=-97.1098861694336
2022-11-16 17:30:30,335 - INFO: global_step=4782, episodic_return=-715.6444091796875
2022-11-16 17:30:30,419 - INFO: global_step=4963, episodic_return=-906.9117431640625
2022-11-16 17:30:30,461 - INFO: global_step=5035, episodic_return=-513.4266357421875
2022-11-16 17:30:30,498 - INFO: global_step=5124, episodic_return=-510.9911804199219
2022-11-16 17:30:30,530 - INFO: global_step=5206, episodic_return=-465.0610656738281
2022-11-16 17:30:30,563 - INFO: global_step=5287, episodic_return=-420.6327209472656
2022-11-16 17:30:30,584 - INFO: global_step=5342, episodic_return=-117.23162841796875
2022-11-16 17:30:30,614 - INFO: global_step=5422, episodic_return=-541.1781616210938
2022-11-16 17:30:30,647 - INFO: global_step=5510, episodic_return=-574.783447265625
2022-11-16 17:30:30,684 - INFO: global_step=5608, episodic_return=-330.36505126953125
2022-11-16 17:30:30,715 - INFO: global_step=5689, episodic_return=-553.8807373046875
2022-11-16 17:30:30,757 - INFO: global_step=5784, episodic_return=-377.23455810546875
2022-11-16 17:30:30,789 - INFO: global_step=5868, episodic_return=-481.3851623535156
2022-11-16 17:30:30,817 - INFO: global_step=5938, episodic_return=-590.724609375
2022-11-16 17:30:30,927 - INFO: global_step=6168, episodic_return=-1279.790283203125
2022-11-16 17:30:30,947 - INFO: global_step=6224, episodic_return=-117.72599029541016
2022-11-16 17:30:30,971 - INFO: global_step=6283, episodic_return=-107.51309204101562
2022-11-16 17:30:31,006 - INFO: global_step=6378, episodic_return=-594.9005126953125
2022-11-16 17:30:31,057 - INFO: global_step=6500, episodic_return=-779.9468994140625
2022-11-16 17:30:31,088 - INFO: global_step=6580, episodic_return=-354.79522705078125
2022-11-16 17:30:31,108 - INFO: global_step=6636, episodic_return=-95.98240661621094
2022-11-16 17:30:31,136 - INFO: global_step=6710, episodic_return=-571.7278442382812
2022-11-16 17:30:31,172 - INFO: global_step=6803, episodic_return=-542.212646484375
2022-11-16 17:30:31,218 - INFO: global_step=6921, episodic_return=-622.4850463867188
2022-11-16 17:30:31,261 - INFO: global_step=7024, episodic_return=-681.2368774414062
2022-11-16 17:30:31,309 - INFO: global_step=7144, episodic_return=-746.771484375
2022-11-16 17:30:31,349 - INFO: global_step=7240, episodic_return=-443.1026916503906
2022-11-16 17:30:31,376 - INFO: global_step=7313, episodic_return=-447.9568786621094
2022-11-16 17:30:31,397 - INFO: global_step=7369, episodic_return=-407.1733703613281
2022-11-16 17:30:31,418 - INFO: global_step=7429, episodic_return=-78.60733795166016
2022-11-16 17:30:31,455 - INFO: global_step=7522, episodic_return=-655.0348510742188
2022-11-16 17:30:31,571 - INFO: global_step=7756, episodic_return=-1237.7242431640625
2022-11-16 17:30:31,593 - INFO: global_step=7814, episodic_return=-85.60189056396484
2022-11-16 17:30:31,613 - INFO: global_step=7869, episodic_return=-452.6052551269531
2022-11-16 17:30:31,634 - INFO: global_step=7928, episodic_return=-422.017822265625
2022-11-16 17:30:31,688 - INFO: global_step=8054, episodic_return=-723.143310546875
2022-11-16 17:30:31,730 - INFO: global_step=8157, episodic_return=-387.7869567871094
2022-11-16 17:30:31,759 - INFO: global_step=8230, episodic_return=-626.0068359375
2022-11-16 17:30:31,837 - INFO: global_step=8410, episodic_return=-898.3088989257812
2022-11-16 17:30:31,875 - INFO: global_step=8500, episodic_return=-354.755615234375
2022-11-16 17:30:31,916 - INFO: global_step=8572, episodic_return=-474.1864929199219
2022-11-16 17:30:31,995 - INFO: global_step=8756, episodic_return=-1012.58837890625
2022-11-16 17:30:32,019 - INFO: global_step=8826, episodic_return=-434.4115905761719
2022-11-16 17:30:32,040 - INFO: global_step=8880, episodic_return=-499.20263671875
2022-11-16 17:30:32,069 - INFO: global_step=8957, episodic_return=-412.25244140625
2022-11-16 17:30:32,093 - INFO: global_step=9020, episodic_return=-141.4454345703125
2022-11-16 17:30:32,115 - INFO: global_step=9076, episodic_return=-183.70745849609375
2022-11-16 17:30:32,141 - INFO: global_step=9144, episodic_return=-122.87476348876953
2022-11-16 17:30:32,165 - INFO: global_step=9209, episodic_return=-128.53309631347656
2022-11-16 17:30:32,198 - INFO: global_step=9292, episodic_return=-616.1891479492188
2022-11-16 17:30:32,226 - INFO: global_step=9367, episodic_return=-165.28114318847656
2022-11-16 17:30:32,250 - INFO: global_step=9427, episodic_return=-131.99935913085938
2022-11-16 17:30:32,272 - INFO: global_step=9483, episodic_return=-297.69659423828125
2022-11-16 17:30:32,297 - INFO: global_step=9548, episodic_return=-555.04638671875
2022-11-16 17:30:32,318 - INFO: global_step=9606, episodic_return=-108.23965454101562
2022-11-16 17:30:32,343 - INFO: global_step=9674, episodic_return=-112.14659118652344
2022-11-16 17:30:32,375 - INFO: global_step=9754, episodic_return=-566.844970703125
2022-11-16 17:30:32,404 - INFO: global_step=9828, episodic_return=-571.7906494140625
2022-11-16 17:30:32,431 - INFO: global_step=9893, episodic_return=-113.8738021850586
2022-11-16 17:30:32,452 - INFO: global_step=9950, episodic_return=-449.604736328125
2022-11-16 17:30:32,667 - INFO: global_step=10031, episodic_return=-531.6607666015625
2022-11-16 17:30:32,715 - INFO: global_step=10103, episodic_return=-111.06938171386719
2022-11-16 17:30:32,776 - INFO: global_step=10168, episodic_return=-298.878173828125
2022-11-16 17:30:32,825 - INFO: global_step=10240, episodic_return=-273.630126953125
2022-11-16 17:30:32,862 - INFO: global_step=10296, episodic_return=-258.9674987792969
2022-11-16 17:30:32,916 - INFO: global_step=10374, episodic_return=-469.4759521484375
2022-11-16 17:30:32,965 - INFO: global_step=10445, episodic_return=-389.55474853515625
2022-11-16 17:30:33,010 - INFO: global_step=10517, episodic_return=-325.60595703125
2022-11-16 17:30:33,052 - INFO: global_step=10592, episodic_return=-155.5463104248047
2022-11-16 17:30:33,128 - INFO: global_step=10685, episodic_return=-207.0107421875
2022-11-16 17:30:33,185 - INFO: global_step=10768, episodic_return=-440.30072021484375
2022-11-16 17:30:33,237 - INFO: global_step=10831, episodic_return=-162.92532348632812
2022-11-16 17:30:33,281 - INFO: global_step=10903, episodic_return=-168.19781494140625
2022-11-16 17:30:33,343 - INFO: global_step=10974, episodic_return=29.286727905273438
2022-11-16 17:30:33,405 - INFO: global_step=11068, episodic_return=-154.338134765625
2022-11-16 17:30:33,466 - INFO: global_step=11158, episodic_return=-123.27713012695312
2022-11-16 17:30:33,534 - INFO: global_step=11257, episodic_return=-50.43826675415039
2022-11-16 17:30:33,618 - INFO: global_step=11374, episodic_return=-288.8439025878906
2022-11-16 17:30:33,659 - INFO: global_step=11437, episodic_return=-173.81149291992188
2022-11-16 17:30:33,696 - INFO: global_step=11492, episodic_return=-97.45820617675781
2022-11-16 17:30:33,738 - INFO: global_step=11556, episodic_return=-131.0595703125
2022-11-16 17:30:33,773 - INFO: global_step=11608, episodic_return=-146.00599670410156
2022-11-16 17:30:33,846 - INFO: global_step=11709, episodic_return=-430.6183166503906
2022-11-16 17:30:33,887 - INFO: global_step=11771, episodic_return=-103.77873229980469
2022-11-16 17:30:33,933 - INFO: global_step=11844, episodic_return=-180.37754821777344
2022-11-16 17:30:33,988 - INFO: global_step=11929, episodic_return=-154.09725952148438
2022-11-16 17:30:34,036 - INFO: global_step=11994, episodic_return=-124.32356262207031
2022-11-16 17:30:34,098 - INFO: global_step=12085, episodic_return=-138.80926513671875
2022-11-16 17:30:34,156 - INFO: global_step=12153, episodic_return=-205.676513671875
2022-11-16 17:30:34,217 - INFO: global_step=12219, episodic_return=-109.44291687011719
2022-11-16 17:30:34,277 - INFO: global_step=12285, episodic_return=-155.75271606445312
2022-11-16 17:30:34,337 - INFO: global_step=12372, episodic_return=-52.10090637207031
2022-11-16 17:30:34,398 - INFO: global_step=12479, episodic_return=-337.0592041015625
2022-11-16 17:30:34,467 - INFO: global_step=12555, episodic_return=-63.646968841552734
2022-11-16 17:30:34,512 - INFO: global_step=12625, episodic_return=-130.11001586914062
2022-11-16 17:30:34,583 - INFO: global_step=12732, episodic_return=-49.87907028198242
2022-11-16 17:30:34,653 - INFO: global_step=12835, episodic_return=-220.64700317382812
2022-11-16 17:30:34,707 - INFO: global_step=12914, episodic_return=-584.3450927734375
2022-11-16 17:30:34,799 - INFO: global_step=13050, episodic_return=8.942985534667969
2022-11-16 17:30:34,870 - INFO: global_step=13153, episodic_return=-305.757568359375
2022-11-16 17:30:34,936 - INFO: global_step=13250, episodic_return=-68.41993713378906
2022-11-16 17:30:35,033 - INFO: global_step=13392, episodic_return=33.23777770996094
2022-11-16 17:30:35,144 - INFO: global_step=13537, episodic_return=-427.8464660644531
2022-11-16 17:30:35,199 - INFO: global_step=13627, episodic_return=-268.939453125
2022-11-16 17:30:35,706 - INFO: global_step=14079, episodic_return=-301.32879638671875
2022-11-16 17:30:35,907 - INFO: global_step=14334, episodic_return=-190.99569702148438
2022-11-16 17:30:36,145 - INFO: global_step=14598, episodic_return=-20.16313934326172
2022-11-16 17:30:37,825 - INFO: global_step=15598, episodic_return=-255.0656280517578
2022-11-16 17:30:37,892 - INFO: global_step=15695, episodic_return=-192.2101593017578
2022-11-16 17:30:38,551 - INFO: global_step=16203, episodic_return=-455.82257080078125
2022-11-16 17:30:39,242 - INFO: global_step=16789, episodic_return=-138.9764862060547
2022-11-16 17:30:39,354 - INFO: global_step=16915, episodic_return=-122.89029693603516
2022-11-16 17:30:41,340 - INFO: global_step=17915, episodic_return=28.766908645629883
2022-11-16 17:30:42,896 - INFO: global_step=18915, episodic_return=-127.79212951660156
2022-11-16 17:30:44,603 - INFO: global_step=19851, episodic_return=-241.6229705810547
2022-11-16 17:30:45,876 - INFO: global_step=20650, episodic_return=-218.51345825195312
2022-11-16 17:30:48,391 - INFO: global_step=21650, episodic_return=-108.14633178710938
2022-11-16 17:30:49,606 - INFO: global_step=22650, episodic_return=-169.87132263183594
2022-11-16 17:30:50,884 - INFO: global_step=23650, episodic_return=-118.06598663330078
2022-11-16 17:30:52,484 - INFO: global_step=24624, episodic_return=-276.319580078125
2022-11-16 17:30:52,683 - INFO: global_step=24856, episodic_return=-295.1243896484375
2022-11-16 17:30:54,167 - INFO: global_step=25856, episodic_return=-124.02035522460938
2022-11-16 17:30:54,413 - INFO: global_step=26155, episodic_return=-110.08898162841797
2022-11-16 17:30:55,960 - INFO: global_step=27155, episodic_return=-21.252269744873047
2022-11-16 17:30:56,229 - INFO: global_step=27404, episodic_return=-47.3946533203125
2022-11-16 17:30:57,861 - INFO: global_step=28404, episodic_return=-134.18923950195312
2022-11-16 17:30:58,031 - INFO: global_step=28567, episodic_return=-208.95626831054688
2022-11-16 17:30:58,122 - INFO: global_step=28675, episodic_return=-242.79702758789062
2022-11-16 17:30:58,233 - INFO: global_step=28837, episodic_return=-294.5196838378906
2022-11-16 17:31:00,472 - INFO: global_step=29837, episodic_return=-116.145263671875
2022-11-16 17:31:03,001 - INFO: global_step=30837, episodic_return=-108.7234878540039
2022-11-16 17:31:04,963 - INFO: global_step=31837, episodic_return=-100.72941589355469
2022-11-16 17:31:07,395 - INFO: global_step=32837, episodic_return=-99.2933349609375
2022-11-16 17:31:09,013 - INFO: global_step=33837, episodic_return=-113.88288116455078
2022-11-16 17:31:10,723 - INFO: global_step=34837, episodic_return=-75.21290588378906
2022-11-16 17:31:12,482 - INFO: global_step=35837, episodic_return=-93.84796905517578
2022-11-16 17:31:14,213 - INFO: global_step=36837, episodic_return=74.8986587524414
2022-11-16 17:31:14,927 - INFO: global_step=37374, episodic_return=-39.1099853515625
2022-11-16 17:31:15,197 - INFO: global_step=37663, episodic_return=-197.84793090820312
2022-11-16 17:31:15,624 - INFO: global_step=38045, episodic_return=-15.407958984375
2022-11-16 17:31:16,178 - INFO: global_step=38534, episodic_return=-107.9327621459961
2022-11-16 17:31:16,429 - INFO: global_step=38811, episodic_return=-233.853515625
2022-11-16 17:31:17,298 - INFO: global_step=39447, episodic_return=224.063232421875
2022-11-16 17:31:18,247 - INFO: global_step=40038, episodic_return=171.9416046142578
2022-11-16 17:31:19,978 - INFO: global_step=41038, episodic_return=-79.14745330810547
2022-11-16 17:31:21,426 - INFO: global_step=42005, episodic_return=-269.74920654296875
2022-11-16 17:31:21,581 - INFO: global_step=42206, episodic_return=-106.55371856689453
2022-11-16 17:31:22,365 - INFO: global_step=42804, episodic_return=-202.36343383789062
2022-11-16 17:31:22,572 - INFO: global_step=43057, episodic_return=-157.13671875
2022-11-16 17:31:23,930 - INFO: global_step=43908, episodic_return=54.93754959106445
2022-11-16 17:31:24,199 - INFO: global_step=44208, episodic_return=-149.2399444580078
2022-11-16 17:31:24,690 - INFO: global_step=44676, episodic_return=-187.27732849121094
2022-11-16 17:31:25,445 - INFO: global_step=45245, episodic_return=-201.0523223876953
2022-11-16 17:31:26,434 - INFO: global_step=45909, episodic_return=-175.7072296142578
2022-11-16 17:31:28,211 - INFO: global_step=46909, episodic_return=-107.13591766357422
2022-11-16 17:31:30,133 - INFO: global_step=47909, episodic_return=-65.36235046386719
2022-11-16 17:31:31,909 - INFO: global_step=48909, episodic_return=-112.68167114257812
2022-11-16 17:31:33,229 - INFO: global_step=49909, episodic_return=-105.15233612060547
2022-11-16 17:31:34,799 - INFO: global_step=50866, episodic_return=-260.619140625
2022-11-16 17:31:34,921 - INFO: global_step=51027, episodic_return=-154.3534698486328
2022-11-16 17:31:36,284 - INFO: global_step=52027, episodic_return=-139.39657592773438
2022-11-16 17:31:37,716 - INFO: global_step=53027, episodic_return=-35.728851318359375
2022-11-16 17:31:39,858 - INFO: global_step=54027, episodic_return=-129.5818328857422
2022-11-16 17:31:41,800 - INFO: global_step=55027, episodic_return=-85.18124389648438
2022-11-16 17:31:43,270 - INFO: global_step=56027, episodic_return=-86.70038604736328
2022-11-16 17:31:44,384 - INFO: global_step=56948, episodic_return=-167.162109375
2022-11-16 17:31:46,462 - INFO: global_step=57948, episodic_return=-50.895469665527344
2022-11-16 17:31:48,283 - INFO: global_step=58948, episodic_return=-117.46993255615234
2022-11-16 17:31:50,479 - INFO: global_step=59948, episodic_return=-107.78592681884766
2022-11-16 17:31:52,502 - INFO: global_step=60948, episodic_return=-126.75164031982422
2022-11-16 17:31:54,003 - INFO: global_step=61948, episodic_return=-112.1070785522461
2022-11-16 17:31:55,729 - INFO: global_step=62948, episodic_return=-107.2724609375
2022-11-16 17:31:57,780 - INFO: global_step=63948, episodic_return=-125.19805908203125
2022-11-16 17:31:58,516 - INFO: global_step=64495, episodic_return=140.80181884765625
2022-11-16 17:31:59,096 - INFO: global_step=64974, episodic_return=-29.766746520996094
2022-11-16 17:32:00,300 - INFO: global_step=65818, episodic_return=-103.6323471069336
2022-11-16 17:32:02,783 - INFO: global_step=66818, episodic_return=-90.28509521484375
2022-11-16 17:32:04,912 - INFO: global_step=67818, episodic_return=-107.76783752441406
2022-11-16 17:32:06,469 - INFO: global_step=68818, episodic_return=-141.31948852539062
2022-11-16 17:32:07,793 - INFO: global_step=69818, episodic_return=-105.82713317871094
2022-11-16 17:32:09,779 - INFO: global_step=70818, episodic_return=-125.44422912597656
2022-11-16 17:32:11,303 - INFO: global_step=71818, episodic_return=17.331724166870117
2022-11-16 17:32:12,616 - INFO: global_step=72818, episodic_return=15.73701000213623
2022-11-16 17:32:12,870 - INFO: global_step=73093, episodic_return=-29.644256591796875
2022-11-16 17:32:14,013 - INFO: global_step=73791, episodic_return=235.1694793701172
2022-11-16 17:32:15,383 - INFO: global_step=74704, episodic_return=-171.68438720703125
2022-11-16 17:32:15,674 - INFO: global_step=75008, episodic_return=-262.7527160644531
2022-11-16 17:32:16,809 - INFO: global_step=75723, episodic_return=-93.90797424316406
2022-11-16 17:32:17,398 - INFO: global_step=76165, episodic_return=272.83465576171875
2022-11-16 17:32:17,736 - INFO: global_step=76469, episodic_return=5.6790008544921875
2022-11-16 17:32:17,934 - INFO: global_step=76700, episodic_return=-214.62303161621094
2022-11-16 17:32:18,358 - INFO: global_step=77062, episodic_return=1.3096923828125
2022-11-16 17:32:19,128 - INFO: global_step=77605, episodic_return=219.76339721679688
2022-11-16 17:32:19,457 - INFO: global_step=77929, episodic_return=-13.484161376953125
2022-11-16 17:32:19,779 - INFO: global_step=78229, episodic_return=-57.38269805908203
2022-11-16 17:32:20,086 - INFO: global_step=78552, episodic_return=-45.83035659790039
2022-11-16 17:32:21,932 - INFO: global_step=79552, episodic_return=-56.04535675048828
2022-11-16 17:32:22,571 - INFO: global_step=80054, episodic_return=156.86354064941406
2022-11-16 17:32:24,459 - INFO: global_step=81054, episodic_return=-93.02425384521484
2022-11-16 17:32:24,669 - INFO: global_step=81300, episodic_return=-148.10543823242188
2022-11-16 17:32:26,472 - INFO: global_step=82300, episodic_return=-72.22044372558594
2022-11-16 17:32:28,191 - INFO: global_step=83300, episodic_return=-32.33715057373047
2022-11-16 17:32:30,532 - INFO: global_step=84300, episodic_return=-53.527870178222656
2022-11-16 17:32:32,101 - INFO: global_step=85300, episodic_return=-0.22689270973205566
2022-11-16 17:32:33,918 - INFO: global_step=86300, episodic_return=-42.82756042480469
2022-11-16 17:32:36,297 - INFO: global_step=87300, episodic_return=-105.31963348388672
2022-11-16 17:32:38,810 - INFO: global_step=88300, episodic_return=-63.556434631347656
2022-11-16 17:32:39,090 - INFO: global_step=88591, episodic_return=-241.10267639160156
2022-11-16 17:32:40,545 - INFO: global_step=89591, episodic_return=-38.53746032714844
2022-11-16 17:32:42,375 - INFO: global_step=90591, episodic_return=-100.48114776611328
2022-11-16 17:32:43,890 - INFO: global_step=91591, episodic_return=-56.79556655883789
2022-11-16 17:32:45,438 - INFO: global_step=92591, episodic_return=-113.2105712890625
2022-11-16 17:32:46,646 - INFO: global_step=93591, episodic_return=-51.008453369140625
2022-11-16 17:32:48,743 - INFO: global_step=94591, episodic_return=-92.58112335205078
2022-11-16 17:32:50,824 - INFO: global_step=95591, episodic_return=-56.80015563964844
2022-11-16 17:32:52,751 - INFO: global_step=96591, episodic_return=-76.85437774658203
2022-11-16 17:32:54,753 - INFO: global_step=97591, episodic_return=-104.08984375
2022-11-16 17:32:56,582 - INFO: global_step=98591, episodic_return=-78.73202514648438
2022-11-16 17:32:58,726 - INFO: global_step=99591, episodic_return=-45.53726577758789
2022-11-16 17:33:00,472 - INFO: global_step=100591, episodic_return=-91.44377136230469
2022-11-16 17:33:02,255 - INFO: global_step=101591, episodic_return=-45.89236068725586
2022-11-16 17:33:04,187 - INFO: global_step=102591, episodic_return=-56.291690826416016
2022-11-16 17:33:06,110 - INFO: global_step=103591, episodic_return=-20.499616622924805
2022-11-16 17:33:07,946 - INFO: global_step=104591, episodic_return=-77.70732879638672
2022-11-16 17:33:10,391 - INFO: global_step=105591, episodic_return=-69.32212829589844
2022-11-16 17:33:11,975 - INFO: global_step=106591, episodic_return=-26.390975952148438
2022-11-16 17:33:14,102 - INFO: global_step=107591, episodic_return=-59.81505584716797
2022-11-16 17:33:15,917 - INFO: global_step=108591, episodic_return=-71.18295288085938
2022-11-16 17:33:17,217 - INFO: global_step=109591, episodic_return=-48.64295959472656
2022-11-16 17:33:18,919 - INFO: global_step=110591, episodic_return=-44.56666946411133
2022-11-16 17:33:20,898 - INFO: global_step=111591, episodic_return=-105.2283935546875
2022-11-16 17:33:22,721 - INFO: global_step=112591, episodic_return=-42.54391860961914
2022-11-16 17:33:24,624 - INFO: global_step=113591, episodic_return=-82.2723388671875
2022-11-16 17:33:26,488 - INFO: global_step=114591, episodic_return=-29.71468162536621
2022-11-16 17:33:28,008 - INFO: global_step=115591, episodic_return=-44.31898498535156
2022-11-16 17:33:29,488 - INFO: global_step=116591, episodic_return=-23.654369354248047
2022-11-16 17:33:31,156 - INFO: global_step=117591, episodic_return=-50.636558532714844
2022-11-16 17:33:33,397 - INFO: global_step=118591, episodic_return=-52.315773010253906
2022-11-16 17:33:35,040 - INFO: global_step=119591, episodic_return=-43.38237762451172
2022-11-16 17:33:36,947 - INFO: global_step=120591, episodic_return=-69.7471923828125
2022-11-16 17:33:38,355 - INFO: global_step=121591, episodic_return=-88.95525360107422
2022-11-16 17:33:39,756 - INFO: global_step=122504, episodic_return=-131.05838012695312
2022-11-16 17:33:41,533 - INFO: global_step=123504, episodic_return=-64.78300476074219
2022-11-16 17:33:43,389 - INFO: global_step=124504, episodic_return=-4.813317775726318
2022-11-16 17:33:45,238 - INFO: global_step=125504, episodic_return=-26.395048141479492
2022-11-16 17:33:46,983 - INFO: global_step=126504, episodic_return=-69.89149475097656
2022-11-16 17:33:49,001 - INFO: global_step=127504, episodic_return=-44.371395111083984
2022-11-16 17:33:50,565 - INFO: global_step=128380, episodic_return=183.47634887695312
2022-11-16 17:33:51,995 - INFO: global_step=129380, episodic_return=-67.25135803222656
2022-11-16 17:33:53,424 - INFO: global_step=130205, episodic_return=214.7969207763672
2022-11-16 17:33:55,596 - INFO: global_step=131205, episodic_return=-39.631378173828125
2022-11-16 17:33:57,748 - INFO: global_step=132205, episodic_return=43.710594177246094
2022-11-16 17:33:59,596 - INFO: global_step=133079, episodic_return=190.58001708984375
2022-11-16 17:34:00,949 - INFO: global_step=134079, episodic_return=19.731372833251953
2022-11-16 17:34:02,687 - INFO: global_step=135079, episodic_return=47.936058044433594
2022-11-16 17:34:03,784 - INFO: global_step=135831, episodic_return=170.72471618652344
2022-11-16 17:34:05,167 - INFO: global_step=136617, episodic_return=171.71533203125
2022-11-16 17:34:06,878 - INFO: global_step=137498, episodic_return=162.1639862060547
2022-11-16 17:34:08,551 - INFO: global_step=138424, episodic_return=141.40103149414062
2022-11-16 17:34:09,339 - INFO: global_step=139122, episodic_return=208.39535522460938
2022-11-16 17:34:11,147 - INFO: global_step=140122, episodic_return=92.10413360595703
2022-11-16 17:34:12,640 - INFO: global_step=141085, episodic_return=161.8656463623047
2022-11-16 17:34:13,898 - INFO: global_step=142042, episodic_return=190.48580932617188
2022-11-16 17:34:16,350 - INFO: global_step=143042, episodic_return=-65.3125991821289
2022-11-16 17:34:17,386 - INFO: global_step=143750, episodic_return=172.47946166992188
2022-11-16 17:34:19,009 - INFO: global_step=144731, episodic_return=68.78630065917969
2022-11-16 17:34:20,506 - INFO: global_step=145731, episodic_return=-65.28531646728516
2022-11-16 17:34:22,391 - INFO: global_step=146731, episodic_return=-81.39270782470703
2022-11-16 17:34:24,237 - INFO: global_step=147731, episodic_return=-32.01322937011719
2022-11-16 17:34:25,378 - INFO: global_step=148731, episodic_return=-6.448987007141113
2022-11-16 17:34:26,693 - INFO: global_step=149731, episodic_return=-2.963210105895996
2022-11-16 17:34:28,365 - INFO: global_step=150731, episodic_return=-59.101654052734375
2022-11-16 17:34:30,369 - INFO: global_step=151731, episodic_return=-2.517108917236328
2022-11-16 17:34:31,781 - INFO: global_step=152731, episodic_return=48.598106384277344
2022-11-16 17:34:34,260 - INFO: global_step=153731, episodic_return=-18.767868041992188
2022-11-16 17:34:35,906 - INFO: global_step=154622, episodic_return=139.1591033935547
2022-11-16 17:34:37,992 - INFO: global_step=155622, episodic_return=-19.67616844177246
2022-11-16 17:34:40,410 - INFO: global_step=156622, episodic_return=51.70637512207031
2022-11-16 17:34:42,512 - INFO: global_step=157622, episodic_return=-57.20609664916992
2022-11-16 17:34:42,887 - INFO: global_step=157949, episodic_return=250.84263610839844
2022-11-16 17:34:45,034 - INFO: global_step=158949, episodic_return=67.84795379638672
2022-11-16 17:34:45,743 - INFO: global_step=159511, episodic_return=-85.03295135498047
2022-11-16 17:34:46,183 - INFO: global_step=159971, episodic_return=-34.429595947265625
2022-11-16 17:34:46,743 - INFO: global_step=160436, episodic_return=-54.01277160644531
2022-11-16 17:34:48,792 - INFO: global_step=161436, episodic_return=-2.362624168395996
2022-11-16 17:34:51,245 - INFO: global_step=162436, episodic_return=32.34552001953125
2022-11-16 17:34:51,379 - INFO: global_step=162609, episodic_return=-110.67481231689453
2022-11-16 17:34:51,572 - INFO: global_step=162815, episodic_return=-63.35721206665039
2022-11-16 17:34:51,843 - INFO: global_step=163101, episodic_return=-146.49969482421875
2022-11-16 17:34:51,980 - INFO: global_step=163274, episodic_return=-110.21798706054688
2022-11-16 17:34:52,563 - INFO: global_step=163809, episodic_return=-83.78450012207031
2022-11-16 17:34:53,551 - INFO: global_step=164581, episodic_return=211.24237060546875
2022-11-16 17:34:54,941 - INFO: global_step=165517, episodic_return=78.32914733886719
2022-11-16 17:34:56,851 - INFO: global_step=166517, episodic_return=-22.428173065185547
2022-11-16 17:34:57,427 - INFO: global_step=166956, episodic_return=253.6603546142578
2022-11-16 17:34:59,264 - INFO: global_step=167956, episodic_return=-29.13388442993164
2022-11-16 17:35:01,063 - INFO: global_step=168875, episodic_return=111.13542175292969
2022-11-16 17:35:01,742 - INFO: global_step=169385, episodic_return=254.78759765625
2022-11-16 17:35:01,884 - INFO: global_step=169560, episodic_return=-140.88938903808594
2022-11-16 17:35:02,210 - INFO: global_step=169853, episodic_return=230.5841064453125
2022-11-16 17:35:03,569 - INFO: global_step=170685, episodic_return=173.48678588867188
2022-11-16 17:35:05,533 - INFO: global_step=171685, episodic_return=84.40835571289062
2022-11-16 17:35:06,364 - INFO: global_step=172334, episodic_return=189.88818359375
2022-11-16 17:35:07,620 - INFO: global_step=173179, episodic_return=-145.735595703125
2022-11-16 17:35:07,746 - INFO: global_step=173311, episodic_return=37.4102783203125
2022-11-16 17:35:08,052 - INFO: global_step=173640, episodic_return=238.81884765625
2022-11-16 17:35:09,303 - INFO: global_step=174432, episodic_return=109.63569641113281
2022-11-16 17:35:11,154 - INFO: global_step=175432, episodic_return=-27.103853225708008
2022-11-16 17:35:12,490 - INFO: global_step=176208, episodic_return=71.57642364501953
2022-11-16 17:35:14,158 - INFO: global_step=177208, episodic_return=-5.1503520011901855
2022-11-16 17:35:16,119 - INFO: global_step=178208, episodic_return=-53.81508255004883
2022-11-16 17:35:17,859 - INFO: global_step=179208, episodic_return=-2.690927267074585
2022-11-16 17:35:18,917 - INFO: global_step=180091, episodic_return=73.15119171142578
2022-11-16 17:35:20,919 - INFO: global_step=181004, episodic_return=177.6354522705078
2022-11-16 17:35:21,566 - INFO: global_step=181523, episodic_return=214.88531494140625
2022-11-16 17:35:23,359 - INFO: global_step=182523, episodic_return=117.73054504394531
2022-11-16 17:35:24,466 - INFO: global_step=183245, episodic_return=186.01150512695312
2022-11-16 17:35:25,056 - INFO: global_step=183782, episodic_return=-58.098175048828125
2022-11-16 17:35:26,302 - INFO: global_step=184535, episodic_return=218.99176025390625
2022-11-16 17:35:27,290 - INFO: global_step=185143, episodic_return=178.84481811523438
2022-11-16 17:35:27,990 - INFO: global_step=185595, episodic_return=182.81341552734375
2022-11-16 17:35:28,852 - INFO: global_step=186160, episodic_return=239.8273468017578
2022-11-16 17:35:29,240 - INFO: global_step=186514, episodic_return=247.67047119140625
2022-11-16 17:35:30,075 - INFO: global_step=187278, episodic_return=188.6876220703125
2022-11-16 17:35:30,860 - INFO: global_step=187831, episodic_return=231.16232299804688
2022-11-16 17:35:32,451 - INFO: global_step=188763, episodic_return=153.9492950439453
2022-11-16 17:35:34,959 - INFO: global_step=189763, episodic_return=109.52812957763672
2022-11-16 17:35:36,297 - INFO: global_step=190539, episodic_return=195.26004028320312
2022-11-16 17:35:37,937 - INFO: global_step=191539, episodic_return=-35.26340866088867
2022-11-16 17:35:39,783 - INFO: global_step=192539, episodic_return=-18.207523345947266
2022-11-16 17:35:40,976 - INFO: global_step=193438, episodic_return=147.23802185058594
2022-11-16 17:35:41,819 - INFO: global_step=194089, episodic_return=198.5718231201172
2022-11-16 17:35:42,427 - INFO: global_step=194604, episodic_return=249.81594848632812
2022-11-16 17:35:44,146 - INFO: global_step=195457, episodic_return=157.0240936279297
2022-11-16 17:35:44,524 - INFO: global_step=195840, episodic_return=234.9152374267578
2022-11-16 17:35:45,359 - INFO: global_step=196544, episodic_return=205.2646942138672
2022-11-16 17:35:45,815 - INFO: global_step=196975, episodic_return=258.93359375
2022-11-16 17:35:47,138 - INFO: global_step=197822, episodic_return=138.15771484375
2022-11-16 17:35:47,836 - INFO: global_step=198405, episodic_return=236.2088165283203
2022-11-16 17:35:48,397 - INFO: global_step=198854, episodic_return=185.34042358398438
2022-11-16 17:35:48,650 - INFO: global_step=199123, episodic_return=284.5323486328125
2022-11-16 17:35:49,499 - INFO: global_step=199725, episodic_return=179.85079956054688
2022-11-16 17:35:50,057 - INFO: global_step=200199, episodic_return=229.83566284179688
2022-11-16 17:35:50,162 - INFO: global_step=200338, episodic_return=38.65769958496094
2022-11-16 17:35:51,340 - INFO: global_step=201156, episodic_return=170.08995056152344
2022-11-16 17:35:52,109 - INFO: global_step=201698, episodic_return=226.45944213867188
2022-11-16 17:35:52,197 - INFO: global_step=201806, episodic_return=62.67523193359375
2022-11-16 17:35:52,875 - INFO: global_step=202383, episodic_return=212.30828857421875
2022-11-16 17:35:53,464 - INFO: global_step=202856, episodic_return=142.96998596191406
2022-11-16 17:35:53,648 - INFO: global_step=203078, episodic_return=282.741455078125
2022-11-16 17:35:53,982 - INFO: global_step=203438, episodic_return=238.43357849121094
2022-11-16 17:35:54,349 - INFO: global_step=203772, episodic_return=283.87945556640625
2022-11-16 17:35:54,737 - INFO: global_step=204150, episodic_return=261.69732666015625
2022-11-16 17:35:55,442 - INFO: global_step=204642, episodic_return=210.86013793945312
2022-11-16 17:35:55,768 - INFO: global_step=204980, episodic_return=229.2097625732422
2022-11-16 17:35:55,923 - INFO: global_step=205173, episodic_return=-2.2543716430664062
2022-11-16 17:35:56,110 - INFO: global_step=205391, episodic_return=-23.763687133789062
2022-11-16 17:35:57,135 - INFO: global_step=206111, episodic_return=121.28376770019531
2022-11-16 17:35:57,553 - INFO: global_step=206530, episodic_return=-84.83368682861328
2022-11-16 17:35:58,351 - INFO: global_step=207182, episodic_return=221.82379150390625
2022-11-16 17:35:59,069 - INFO: global_step=207685, episodic_return=154.55880737304688
2022-11-16 17:36:00,188 - INFO: global_step=208336, episodic_return=214.16305541992188
2022-11-16 17:36:02,376 - INFO: global_step=208838, episodic_return=211.04852294921875
2022-11-16 17:36:03,123 - INFO: global_step=209405, episodic_return=216.89810180664062
2022-11-16 17:36:03,706 - INFO: global_step=209953, episodic_return=254.41796875
2022-11-16 17:36:03,774 - INFO: global_step=210041, episodic_return=-45.89731979370117
2022-11-16 17:36:04,875 - INFO: global_step=210705, episodic_return=183.77764892578125
2022-11-16 17:36:04,982 - INFO: global_step=210850, episodic_return=-220.35293579101562
2022-11-16 17:36:05,789 - INFO: global_step=211495, episodic_return=232.0135498046875
2022-11-16 17:36:07,478 - INFO: global_step=212495, episodic_return=-26.22021484375
2022-11-16 17:36:09,258 - INFO: global_step=213495, episodic_return=-70.21314239501953
2022-11-16 17:36:10,106 - INFO: global_step=214160, episodic_return=195.22705078125
2022-11-16 17:36:10,697 - INFO: global_step=214740, episodic_return=181.3161163330078
2022-11-16 17:36:12,160 - INFO: global_step=215740, episodic_return=-24.597454071044922
2022-11-16 17:36:13,187 - INFO: global_step=216497, episodic_return=174.99307250976562
2022-11-16 17:36:14,032 - INFO: global_step=217085, episodic_return=-156.3950653076172
2022-11-16 17:36:14,442 - INFO: global_step=217469, episodic_return=249.06028747558594
2022-11-16 17:36:16,562 - INFO: global_step=218410, episodic_return=139.4014129638672
2022-11-16 17:36:18,359 - INFO: global_step=219410, episodic_return=-37.37272262573242
2022-11-16 17:36:19,805 - INFO: global_step=220410, episodic_return=-53.620731353759766
2022-11-16 17:36:21,473 - INFO: global_step=221410, episodic_return=-7.671586513519287
2022-11-16 17:36:23,075 - INFO: global_step=222410, episodic_return=-13.324938774108887
2022-11-16 17:36:25,018 - INFO: global_step=223325, episodic_return=162.6069793701172
2022-11-16 17:36:26,662 - INFO: global_step=224325, episodic_return=-63.96074676513672
2022-11-16 17:36:28,299 - INFO: global_step=225325, episodic_return=-27.408527374267578
2022-11-16 17:36:30,619 - INFO: global_step=226325, episodic_return=18.55997085571289
2022-11-16 17:36:32,751 - INFO: global_step=227325, episodic_return=33.060550689697266
2022-11-16 17:36:34,249 - INFO: global_step=228325, episodic_return=32.5196418762207
2022-11-16 17:36:36,789 - INFO: global_step=229325, episodic_return=-67.6082534790039
2022-11-16 17:36:38,596 - INFO: global_step=230325, episodic_return=-13.731337547302246
2022-11-16 17:36:39,966 - INFO: global_step=231325, episodic_return=-72.3069839477539
2022-11-16 17:36:41,821 - INFO: global_step=232325, episodic_return=-47.36753463745117
2022-11-16 17:36:43,240 - INFO: global_step=233325, episodic_return=26.880416870117188
2022-11-16 17:36:44,863 - INFO: global_step=234325, episodic_return=-1.1869672536849976
2022-11-16 17:36:46,453 - INFO: global_step=235325, episodic_return=-29.314050674438477
2022-11-16 17:36:48,119 - INFO: global_step=236325, episodic_return=-5.284597396850586
2022-11-16 17:36:50,502 - INFO: global_step=237325, episodic_return=23.923019409179688
2022-11-16 17:36:52,026 - INFO: global_step=238325, episodic_return=-12.560603141784668
2022-11-16 17:36:54,580 - INFO: global_step=239325, episodic_return=23.348358154296875
2022-11-16 17:36:56,022 - INFO: global_step=240104, episodic_return=205.52520751953125
2022-11-16 17:36:58,044 - INFO: global_step=241104, episodic_return=-41.67177963256836
2022-11-16 17:37:00,224 - INFO: global_step=242104, episodic_return=21.243209838867188
2022-11-16 17:37:01,730 - INFO: global_step=243104, episodic_return=18.230091094970703
2022-11-16 17:37:02,816 - INFO: global_step=243760, episodic_return=195.40887451171875
2022-11-16 17:37:02,897 - INFO: global_step=243870, episodic_return=-49.26825714111328
2022-11-16 17:37:04,233 - INFO: global_step=244576, episodic_return=185.87855529785156
2022-11-16 17:37:04,298 - INFO: global_step=244659, episodic_return=-165.95668029785156
2022-11-16 17:37:05,108 - INFO: global_step=245203, episodic_return=178.00909423828125
2022-11-16 17:37:05,427 - INFO: global_step=245516, episodic_return=285.7334289550781
2022-11-16 17:37:07,098 - INFO: global_step=246516, episodic_return=-35.864044189453125
2022-11-16 17:37:08,623 - INFO: global_step=247516, episodic_return=13.748973846435547
2022-11-16 17:37:10,611 - INFO: global_step=248516, episodic_return=-19.846389770507812
2022-11-16 17:37:12,374 - INFO: global_step=249516, episodic_return=46.52252960205078
2022-11-16 17:37:13,767 - INFO: global_step=250516, episodic_return=-27.603107452392578
2022-11-16 17:37:15,111 - INFO: global_step=251328, episodic_return=188.79849243164062
2022-11-16 17:37:16,476 - INFO: global_step=252175, episodic_return=199.15277099609375
2022-11-16 17:37:17,941 - INFO: global_step=253129, episodic_return=169.17141723632812
2022-11-16 17:37:18,390 - INFO: global_step=253530, episodic_return=248.2939910888672
2022-11-16 17:37:20,028 - INFO: global_step=254530, episodic_return=-65.72482299804688
2022-11-16 17:37:21,614 - INFO: global_step=255530, episodic_return=-64.69205474853516
2022-11-16 17:37:23,048 - INFO: global_step=256530, episodic_return=19.926172256469727
2022-11-16 17:37:25,449 - INFO: global_step=257530, episodic_return=16.00057601928711
2022-11-16 17:37:25,547 - INFO: global_step=257650, episodic_return=69.77032470703125
2022-11-16 17:37:27,457 - INFO: global_step=258650, episodic_return=114.52527618408203
2022-11-16 17:37:29,519 - INFO: global_step=259650, episodic_return=56.621910095214844
2022-11-16 17:37:31,465 - INFO: global_step=260650, episodic_return=55.817745208740234
2022-11-16 17:37:33,091 - INFO: global_step=261650, episodic_return=134.9137420654297
2022-11-16 17:37:33,270 - INFO: global_step=261860, episodic_return=-2.3203506469726562
2022-11-16 17:37:35,146 - INFO: global_step=262860, episodic_return=102.5698013305664
2022-11-16 17:37:36,190 - INFO: global_step=263655, episodic_return=235.63870239257812
2022-11-16 17:37:36,572 - INFO: global_step=264017, episodic_return=230.32662963867188
2022-11-16 17:37:37,300 - INFO: global_step=264601, episodic_return=208.7972412109375
2022-11-16 17:37:38,215 - INFO: global_step=265262, episodic_return=159.04690551757812
2022-11-16 17:37:38,836 - INFO: global_step=265789, episodic_return=275.3240661621094
2022-11-16 17:37:40,373 - INFO: global_step=266520, episodic_return=211.26376342773438
2022-11-16 17:37:40,740 - INFO: global_step=266850, episodic_return=212.18905639648438
2022-11-16 17:37:41,132 - INFO: global_step=267200, episodic_return=-5.100013732910156
2022-11-16 17:37:41,716 - INFO: global_step=267663, episodic_return=233.1946258544922
2022-11-16 17:37:42,233 - INFO: global_step=268138, episodic_return=251.28585815429688
2022-11-16 17:37:42,452 - INFO: global_step=268394, episodic_return=-383.2703552246094
2022-11-16 17:37:43,262 - INFO: global_step=268988, episodic_return=165.27230834960938
2022-11-16 17:37:44,055 - INFO: global_step=269552, episodic_return=238.0175018310547
2022-11-16 17:37:44,236 - INFO: global_step=269755, episodic_return=-98.30436706542969
2022-11-16 17:37:45,173 - INFO: global_step=270447, episodic_return=219.1055908203125
2022-11-16 17:37:45,342 - INFO: global_step=270628, episodic_return=-79.64227294921875
2022-11-16 17:37:46,187 - INFO: global_step=271277, episodic_return=144.20883178710938
2022-11-16 17:37:47,712 - INFO: global_step=272277, episodic_return=-53.2305908203125
2022-11-16 17:37:48,059 - INFO: global_step=272615, episodic_return=-285.92413330078125
2022-11-16 17:37:49,433 - INFO: global_step=273615, episodic_return=-5.721993923187256
2022-11-16 17:37:51,195 - INFO: global_step=274615, episodic_return=20.722896575927734
2022-11-16 17:37:53,525 - INFO: global_step=275615, episodic_return=3.4966952800750732
2022-11-16 17:37:55,839 - INFO: global_step=276615, episodic_return=-22.54398536682129
2022-11-16 17:37:57,757 - INFO: global_step=277494, episodic_return=186.01617431640625
2022-11-16 17:37:59,158 - INFO: global_step=278416, episodic_return=158.3936004638672
2022-11-16 17:38:01,039 - INFO: global_step=279416, episodic_return=-33.49995040893555
2022-11-16 17:38:02,616 - INFO: global_step=280416, episodic_return=-35.389564514160156
2022-11-16 17:38:03,552 - INFO: global_step=281107, episodic_return=182.18545532226562
2022-11-16 17:38:05,164 - INFO: global_step=282107, episodic_return=-56.74895095825195
2022-11-16 17:38:07,244 - INFO: global_step=283107, episodic_return=-10.66305923461914
2022-11-16 17:38:09,577 - INFO: global_step=284086, episodic_return=180.12966918945312
2022-11-16 17:38:09,829 - INFO: global_step=284317, episodic_return=-215.94656372070312
2022-11-16 17:38:11,181 - INFO: global_step=285277, episodic_return=175.48414611816406
2022-11-16 17:38:13,230 - INFO: global_step=286277, episodic_return=90.96039581298828
2022-11-16 17:38:15,400 - INFO: global_step=287214, episodic_return=179.6588134765625
2022-11-16 17:38:16,204 - INFO: global_step=287774, episodic_return=182.74844360351562
2022-11-16 17:38:17,545 - INFO: global_step=288527, episodic_return=178.08555603027344
2022-11-16 17:38:19,042 - INFO: global_step=289402, episodic_return=149.46237182617188
2022-11-16 17:38:20,357 - INFO: global_step=290118, episodic_return=164.0036163330078
2022-11-16 17:38:21,518 - INFO: global_step=290781, episodic_return=176.04473876953125
2022-11-16 17:38:22,605 - INFO: global_step=291424, episodic_return=236.463134765625
2022-11-16 17:38:24,697 - INFO: global_step=292424, episodic_return=6.045541286468506
2022-11-16 17:38:25,329 - INFO: global_step=292904, episodic_return=238.2523956298828
2022-11-16 17:38:25,949 - INFO: global_step=293365, episodic_return=247.8062286376953
2022-11-16 17:38:27,429 - INFO: global_step=294365, episodic_return=41.24489212036133
2022-11-16 17:38:27,766 - INFO: global_step=294688, episodic_return=268.7772521972656
2022-11-16 17:38:29,305 - INFO: global_step=295416, episodic_return=156.0556182861328
2022-11-16 17:38:29,672 - INFO: global_step=295746, episodic_return=259.6856689453125
2022-11-16 17:38:29,890 - INFO: global_step=295987, episodic_return=275.03387451171875
2022-11-16 17:38:30,833 - INFO: global_step=296568, episodic_return=211.021484375
2022-11-16 17:38:31,739 - INFO: global_step=297171, episodic_return=233.13925170898438
2022-11-16 17:38:32,193 - INFO: global_step=297581, episodic_return=238.21795654296875
2022-11-16 17:38:32,964 - INFO: global_step=298052, episodic_return=213.6524658203125
2022-11-16 17:38:33,647 - INFO: global_step=298550, episodic_return=202.8523712158203
2022-11-16 17:38:34,369 - INFO: global_step=299048, episodic_return=225.36260986328125
2022-11-16 17:38:34,514 - INFO: global_step=299202, episodic_return=66.74256896972656
2022-11-16 17:38:35,085 - INFO: global_step=299704, episodic_return=259.38995361328125
2022-11-16 17:38:35,908 - INFO: global_step=300387, episodic_return=141.24256896972656
2022-11-16 17:38:36,096 - INFO: global_step=300608, episodic_return=12.464469909667969
2022-11-16 17:38:36,984 - INFO: global_step=301289, episodic_return=190.7362060546875
2022-11-16 17:38:37,333 - INFO: global_step=301660, episodic_return=236.34011840820312
2022-11-16 17:38:37,826 - INFO: global_step=302080, episodic_return=222.08563232421875
2022-11-16 17:38:39,321 - INFO: global_step=302948, episodic_return=142.59030151367188
2022-11-16 17:38:39,517 - INFO: global_step=303155, episodic_return=8.604568481445312
2022-11-16 17:38:40,248 - INFO: global_step=303704, episodic_return=236.81494140625
2022-11-16 17:38:40,698 - INFO: global_step=304088, episodic_return=249.47425842285156
2022-11-16 17:38:41,234 - INFO: global_step=304582, episodic_return=213.95152282714844
2022-11-16 17:38:41,769 - INFO: global_step=305013, episodic_return=211.67254638671875
2022-11-16 17:38:42,482 - INFO: global_step=305565, episodic_return=207.32901000976562
2022-11-16 17:38:43,340 - INFO: global_step=306164, episodic_return=206.93637084960938
2022-11-16 17:38:44,055 - INFO: global_step=306802, episodic_return=215.19276428222656
2022-11-16 17:38:44,710 - INFO: global_step=307343, episodic_return=213.48570251464844
2022-11-16 17:38:45,799 - INFO: global_step=308072, episodic_return=161.5093994140625
2022-11-16 17:38:46,446 - INFO: global_step=308622, episodic_return=228.75196838378906
2022-11-16 17:38:47,492 - INFO: global_step=309333, episodic_return=181.6348876953125
2022-11-16 17:38:48,453 - INFO: global_step=309992, episodic_return=187.1497039794922
2022-11-16 17:38:50,018 - INFO: global_step=310816, episodic_return=191.61553955078125
2022-11-16 17:38:50,618 - INFO: global_step=311254, episodic_return=215.19363403320312
2022-11-16 17:38:51,393 - INFO: global_step=311782, episodic_return=219.01190185546875
2022-11-16 17:38:51,946 - INFO: global_step=312216, episodic_return=275.2830810546875
2022-11-16 17:38:52,513 - INFO: global_step=312656, episodic_return=226.5992889404297
2022-11-16 17:38:53,169 - INFO: global_step=313135, episodic_return=252.83267211914062
2022-11-16 17:38:53,561 - INFO: global_step=313538, episodic_return=225.58367919921875
2022-11-16 17:38:53,972 - INFO: global_step=313901, episodic_return=259.17559814453125
2022-11-16 17:38:54,258 - INFO: global_step=314201, episodic_return=286.44036865234375
2022-11-16 17:38:54,391 - INFO: global_step=314346, episodic_return=62.01948547363281
2022-11-16 17:38:54,826 - INFO: global_step=314725, episodic_return=256.41082763671875
2022-11-16 17:38:55,321 - INFO: global_step=315160, episodic_return=179.06919860839844
2022-11-16 17:38:55,724 - INFO: global_step=315516, episodic_return=-38.16534423828125
2022-11-16 17:38:56,001 - INFO: global_step=315786, episodic_return=-68.77576446533203
2022-11-16 17:38:56,380 - INFO: global_step=316142, episodic_return=190.47738647460938
2022-11-16 17:38:56,988 - INFO: global_step=316594, episodic_return=184.47463989257812
2022-11-16 17:38:57,268 - INFO: global_step=316884, episodic_return=-20.460769653320312
2022-11-16 17:38:57,538 - INFO: global_step=317186, episodic_return=11.849288940429688
2022-11-16 17:38:58,268 - INFO: global_step=317783, episodic_return=104.68175506591797
2022-11-16 17:38:59,168 - INFO: global_step=318426, episodic_return=237.67129516601562
2022-11-16 17:39:00,176 - INFO: global_step=319078, episodic_return=229.47085571289062
2022-11-16 17:39:01,075 - INFO: global_step=319538, episodic_return=224.09408569335938
2022-11-16 17:39:02,019 - INFO: global_step=319937, episodic_return=218.293701171875
2022-11-16 17:39:02,380 - INFO: global_step=320257, episodic_return=-41.59260559082031
2022-11-16 17:39:02,773 - INFO: global_step=320626, episodic_return=287.760009765625
2022-11-16 17:39:03,221 - INFO: global_step=321073, episodic_return=234.54371643066406
2022-11-16 17:39:03,550 - INFO: global_step=321415, episodic_return=-47.50716018676758
2022-11-16 17:39:03,946 - INFO: global_step=321800, episodic_return=269.43017578125
2022-11-16 17:39:04,932 - INFO: global_step=322533, episodic_return=109.59481048583984
2022-11-16 17:39:06,500 - INFO: global_step=323395, episodic_return=234.16421508789062
2022-11-16 17:39:08,238 - INFO: global_step=324395, episodic_return=45.1329460144043
2022-11-16 17:39:09,054 - INFO: global_step=324997, episodic_return=217.739013671875
2022-11-16 17:39:09,761 - INFO: global_step=325558, episodic_return=206.0757598876953
2022-11-16 17:39:10,404 - INFO: global_step=326051, episodic_return=217.73385620117188
2022-11-16 17:39:11,382 - INFO: global_step=326637, episodic_return=215.9913330078125
2022-11-16 17:39:12,582 - INFO: global_step=327354, episodic_return=191.7003173828125
2022-11-16 17:39:13,231 - INFO: global_step=327866, episodic_return=226.31475830078125
2022-11-16 17:39:13,697 - INFO: global_step=328280, episodic_return=259.40997314453125
2022-11-16 17:39:14,242 - INFO: global_step=328723, episodic_return=241.5074005126953
2022-11-16 17:39:15,033 - INFO: global_step=329308, episodic_return=168.70816040039062
2022-11-16 17:39:15,730 - INFO: global_step=329853, episodic_return=195.58999633789062
2022-11-16 17:39:16,318 - INFO: global_step=330348, episodic_return=218.30569458007812
2022-11-16 17:39:16,993 - INFO: global_step=330812, episodic_return=209.64157104492188
2022-11-16 17:39:17,895 - INFO: global_step=331357, episodic_return=203.2537384033203
2022-11-16 17:39:18,234 - INFO: global_step=331684, episodic_return=269.8228759765625
2022-11-16 17:39:18,708 - INFO: global_step=332157, episodic_return=220.8904571533203
2022-11-16 17:39:19,254 - INFO: global_step=332604, episodic_return=215.54762268066406
2022-11-16 17:39:19,626 - INFO: global_step=332961, episodic_return=274.58758544921875
2022-11-16 17:39:20,292 - INFO: global_step=333413, episodic_return=242.0830078125
2022-11-16 17:39:20,762 - INFO: global_step=333779, episodic_return=243.26126098632812
2022-11-16 17:39:21,368 - INFO: global_step=334261, episodic_return=224.38967895507812
2022-11-16 17:39:21,883 - INFO: global_step=334697, episodic_return=224.1579132080078
2022-11-16 17:39:22,273 - INFO: global_step=335072, episodic_return=271.0590515136719
2022-11-16 17:39:22,454 - INFO: global_step=335262, episodic_return=0.7757644653320312
2022-11-16 17:39:22,974 - INFO: global_step=335708, episodic_return=233.42510986328125
2022-11-16 17:39:23,301 - INFO: global_step=336016, episodic_return=275.73785400390625
2022-11-16 17:39:24,190 - INFO: global_step=336611, episodic_return=187.1703338623047
2022-11-16 17:39:24,616 - INFO: global_step=337003, episodic_return=237.1171875
2022-11-16 17:39:25,004 - INFO: global_step=337380, episodic_return=172.14727783203125
2022-11-16 17:39:25,261 - INFO: global_step=337641, episodic_return=269.3988037109375
2022-11-16 17:39:25,590 - INFO: global_step=337993, episodic_return=264.97808837890625
2022-11-16 17:39:26,009 - INFO: global_step=338364, episodic_return=225.76223754882812
2022-11-16 17:39:26,724 - INFO: global_step=338923, episodic_return=210.40264892578125
2022-11-16 17:39:26,996 - INFO: global_step=339198, episodic_return=253.79519653320312
2022-11-16 17:39:27,555 - INFO: global_step=339623, episodic_return=277.94207763671875
2022-11-16 17:39:28,037 - INFO: global_step=340014, episodic_return=230.11178588867188
2022-11-16 17:39:28,572 - INFO: global_step=340412, episodic_return=206.3878173828125
2022-11-16 17:39:29,074 - INFO: global_step=340836, episodic_return=261.8404541015625
2022-11-16 17:39:29,431 - INFO: global_step=341174, episodic_return=220.964111328125
2022-11-16 17:39:29,826 - INFO: global_step=341550, episodic_return=235.64869689941406
2022-11-16 17:39:30,217 - INFO: global_step=341923, episodic_return=265.803466796875
2022-11-16 17:39:30,570 - INFO: global_step=342280, episodic_return=263.1546936035156
2022-11-16 17:39:30,852 - INFO: global_step=342575, episodic_return=269.00506591796875
2022-11-16 17:39:31,335 - INFO: global_step=342989, episodic_return=248.64154052734375
2022-11-16 17:39:31,802 - INFO: global_step=343363, episodic_return=289.056396484375
2022-11-16 17:39:32,227 - INFO: global_step=343724, episodic_return=246.64849853515625
2022-11-16 17:39:32,576 - INFO: global_step=344040, episodic_return=250.04702758789062
2022-11-16 17:39:32,942 - INFO: global_step=344382, episodic_return=226.7930908203125
2022-11-16 17:39:33,256 - INFO: global_step=344699, episodic_return=256.5458068847656
2022-11-16 17:39:33,574 - INFO: global_step=345016, episodic_return=247.44741821289062
2022-11-16 17:39:33,989 - INFO: global_step=345394, episodic_return=252.18324279785156
2022-11-16 17:39:34,452 - INFO: global_step=345789, episodic_return=278.1080322265625
2022-11-16 17:39:34,912 - INFO: global_step=346171, episodic_return=260.8380126953125
2022-11-16 17:39:35,247 - INFO: global_step=346518, episodic_return=263.60296630859375
2022-11-16 17:39:35,533 - INFO: global_step=346801, episodic_return=216.81137084960938
2022-11-16 17:39:35,972 - INFO: global_step=347225, episodic_return=226.13723754882812
2022-11-16 17:39:36,462 - INFO: global_step=347624, episodic_return=230.40988159179688
2022-11-16 17:39:36,919 - INFO: global_step=348036, episodic_return=260.0869445800781
2022-11-16 17:39:37,533 - INFO: global_step=348588, episodic_return=230.29019165039062
2022-11-16 17:39:38,279 - INFO: global_step=349194, episodic_return=126.18412780761719
2022-11-16 17:39:38,508 - INFO: global_step=349451, episodic_return=-220.37734985351562
2022-11-16 17:39:39,471 - INFO: global_step=350130, episodic_return=182.62234497070312
2022-11-16 17:39:39,856 - INFO: global_step=350482, episodic_return=247.9394989013672
2022-11-16 17:39:40,110 - INFO: global_step=350750, episodic_return=227.13516235351562
2022-11-16 17:39:40,832 - INFO: global_step=351313, episodic_return=206.0775146484375
2022-11-16 17:39:41,287 - INFO: global_step=351717, episodic_return=213.16046142578125
2022-11-16 17:39:41,950 - INFO: global_step=352205, episodic_return=257.5626220703125
2022-11-16 17:39:42,407 - INFO: global_step=352583, episodic_return=209.3776092529297
2022-11-16 17:39:42,881 - INFO: global_step=352989, episodic_return=185.9740753173828
2022-11-16 17:39:43,651 - INFO: global_step=353596, episodic_return=243.34677124023438
2022-11-16 17:39:45,697 - INFO: global_step=354596, episodic_return=135.50070190429688
2022-11-16 17:39:46,849 - INFO: global_step=355315, episodic_return=238.98403930664062
2022-11-16 17:39:48,149 - INFO: global_step=356095, episodic_return=229.15382385253906
2022-11-16 17:39:48,668 - INFO: global_step=356497, episodic_return=270.99249267578125
2022-11-16 17:39:49,086 - INFO: global_step=356824, episodic_return=281.4112548828125
2022-11-16 17:39:49,475 - INFO: global_step=357173, episodic_return=280.4858093261719
2022-11-16 17:39:50,665 - INFO: global_step=358052, episodic_return=229.78826904296875
2022-11-16 17:39:50,806 - INFO: global_step=358227, episodic_return=-24.534500122070312
2022-11-16 17:39:51,345 - INFO: global_step=358693, episodic_return=233.9158935546875
2022-11-16 17:39:51,843 - INFO: global_step=359162, episodic_return=206.752197265625
2022-11-16 17:39:51,995 - INFO: global_step=359365, episodic_return=-50.46940612792969
2022-11-16 17:39:52,579 - INFO: global_step=359820, episodic_return=241.61468505859375
2022-11-16 17:39:53,026 - INFO: global_step=360223, episodic_return=220.50404357910156
2022-11-16 17:39:53,463 - INFO: global_step=360613, episodic_return=240.60264587402344
2022-11-16 17:39:53,842 - INFO: global_step=360957, episodic_return=250.35675048828125
2022-11-16 17:39:54,414 - INFO: global_step=361431, episodic_return=276.5009765625
2022-11-16 17:39:54,724 - INFO: global_step=361763, episodic_return=203.40225219726562
2022-11-16 17:39:55,102 - INFO: global_step=362119, episodic_return=272.010498046875
2022-11-16 17:39:55,938 - INFO: global_step=362690, episodic_return=190.2353515625
2022-11-16 17:39:56,224 - INFO: global_step=363004, episodic_return=239.5039825439453
2022-11-16 17:39:56,479 - INFO: global_step=363231, episodic_return=9.210174560546875
2022-11-16 17:39:57,048 - INFO: global_step=363684, episodic_return=259.0478515625
2022-11-16 17:39:58,950 - INFO: global_step=364684, episodic_return=63.22515869140625
2022-11-16 17:39:59,270 - INFO: global_step=365007, episodic_return=247.35147094726562
2022-11-16 17:39:59,925 - INFO: global_step=365552, episodic_return=215.82138061523438
2022-11-16 17:40:00,252 - INFO: global_step=365858, episodic_return=287.0622863769531
2022-11-16 17:40:00,546 - INFO: global_step=366158, episodic_return=274.9289855957031
2022-11-16 17:40:01,006 - INFO: global_step=366521, episodic_return=285.800537109375
2022-11-16 17:40:01,379 - INFO: global_step=366874, episodic_return=253.38714599609375
2022-11-16 17:40:01,772 - INFO: global_step=367204, episodic_return=257.31903076171875
2022-11-16 17:40:02,054 - INFO: global_step=367475, episodic_return=235.60659790039062
2022-11-16 17:40:02,371 - INFO: global_step=367766, episodic_return=283.0057067871094
2022-11-16 17:40:02,931 - INFO: global_step=368261, episodic_return=218.07089233398438
2022-11-16 17:40:03,247 - INFO: global_step=368582, episodic_return=184.23098754882812
2022-11-16 17:40:03,680 - INFO: global_step=368983, episodic_return=245.3293914794922
2022-11-16 17:40:04,334 - INFO: global_step=369443, episodic_return=219.14891052246094
2022-11-16 17:40:04,900 - INFO: global_step=369960, episodic_return=219.98165893554688
2022-11-16 17:40:05,688 - INFO: global_step=370459, episodic_return=153.72560119628906
2022-11-16 17:40:05,935 - INFO: global_step=370720, episodic_return=-70.20121002197266
2022-11-16 17:40:07,217 - INFO: global_step=371660, episodic_return=150.05181884765625
2022-11-16 17:40:07,693 - INFO: global_step=372065, episodic_return=228.0447235107422
2022-11-16 17:40:09,076 - INFO: global_step=373065, episodic_return=91.84133911132812
2022-11-16 17:40:09,487 - INFO: global_step=373440, episodic_return=205.80828857421875
2022-11-16 17:40:09,978 - INFO: global_step=373915, episodic_return=223.5467987060547
2022-11-16 17:40:10,888 - INFO: global_step=374506, episodic_return=238.9007568359375
2022-11-16 17:40:11,562 - INFO: global_step=374975, episodic_return=193.71946716308594
2022-11-16 17:40:12,151 - INFO: global_step=375461, episodic_return=231.55006408691406
2022-11-16 17:40:12,944 - INFO: global_step=376074, episodic_return=186.85523986816406
2022-11-16 17:40:13,754 - INFO: global_step=376619, episodic_return=240.60191345214844
2022-11-16 17:40:14,192 - INFO: global_step=377053, episodic_return=229.07054138183594
2022-11-16 17:40:14,761 - INFO: global_step=377545, episodic_return=219.2379150390625
2022-11-16 17:40:15,311 - INFO: global_step=378020, episodic_return=206.4849395751953
2022-11-16 17:40:15,702 - INFO: global_step=378396, episodic_return=228.06785583496094
2022-11-16 17:40:16,711 - INFO: global_step=379135, episodic_return=135.90380859375
2022-11-16 17:40:17,682 - INFO: global_step=379852, episodic_return=194.79611206054688
2022-11-16 17:40:18,343 - INFO: global_step=380417, episodic_return=-151.03396606445312
2022-11-16 17:40:19,170 - INFO: global_step=381040, episodic_return=-162.94883728027344
2022-11-16 17:40:20,697 - INFO: global_step=382040, episodic_return=-68.6310043334961
2022-11-16 17:40:22,398 - INFO: global_step=383040, episodic_return=-52.79524230957031
2022-11-16 17:40:22,978 - INFO: global_step=383494, episodic_return=-19.983993530273438
2022-11-16 17:40:24,438 - INFO: global_step=384419, episodic_return=123.81927490234375
2022-11-16 17:40:25,931 - INFO: global_step=385336, episodic_return=197.17361450195312
2022-11-16 17:40:27,588 - INFO: global_step=386336, episodic_return=53.26336669921875
2022-11-16 17:40:28,486 - INFO: global_step=386988, episodic_return=138.34283447265625
2022-11-16 17:40:28,845 - INFO: global_step=387350, episodic_return=-149.5319061279297
2022-11-16 17:40:30,673 - INFO: global_step=388350, episodic_return=-21.449682235717773
2022-11-16 17:40:31,266 - INFO: global_step=388614, episodic_return=305.1644592285156
2022-11-16 17:40:32,760 - INFO: global_step=389437, episodic_return=122.53358459472656
2022-11-16 17:40:33,001 - INFO: global_step=389635, episodic_return=28.717041015625
2022-11-16 17:40:33,558 - INFO: global_step=390092, episodic_return=-239.91552734375
2022-11-16 17:40:35,015 - INFO: global_step=391092, episodic_return=-25.310482025146484
2022-11-16 17:40:35,770 - INFO: global_step=391661, episodic_return=-192.5457000732422
2022-11-16 17:40:36,521 - INFO: global_step=392302, episodic_return=-238.42506408691406
2022-11-16 17:40:36,735 - INFO: global_step=392571, episodic_return=-71.35034942626953
2022-11-16 17:40:37,495 - INFO: global_step=393189, episodic_return=252.63914489746094
2022-11-16 17:40:37,779 - INFO: global_step=393499, episodic_return=-107.93562316894531
2022-11-16 17:40:38,025 - INFO: global_step=393759, episodic_return=-141.64820861816406
2022-11-16 17:40:38,279 - INFO: global_step=393999, episodic_return=-70.76557159423828
2022-11-16 17:40:39,083 - INFO: global_step=394632, episodic_return=209.99884033203125
2022-11-16 17:40:40,087 - INFO: global_step=395327, episodic_return=169.59149169921875
2022-11-16 17:40:42,255 - INFO: global_step=396327, episodic_return=-34.09684371948242
2022-11-16 17:40:42,777 - INFO: global_step=396736, episodic_return=211.50082397460938
2022-11-16 17:40:43,067 - INFO: global_step=397049, episodic_return=215.30984497070312
2022-11-16 17:40:43,657 - INFO: global_step=397566, episodic_return=256.8470458984375
2022-11-16 17:40:44,059 - INFO: global_step=397965, episodic_return=244.90147399902344
2022-11-16 17:40:44,561 - INFO: global_step=398403, episodic_return=169.17803955078125
2022-11-16 17:40:44,834 - INFO: global_step=398694, episodic_return=-116.31916046142578
2022-11-16 17:40:45,297 - INFO: global_step=399102, episodic_return=-146.01589965820312
2022-11-16 17:40:45,958 - INFO: global_step=399604, episodic_return=224.7652587890625
2022-11-16 17:40:46,690 - INFO: global_step=400191, episodic_return=186.38040161132812
2022-11-16 17:40:47,471 - INFO: global_step=400837, episodic_return=182.6192169189453
2022-11-16 17:40:47,945 - INFO: global_step=401252, episodic_return=219.9444580078125
2022-11-16 17:40:49,761 - INFO: global_step=402252, episodic_return=-107.18278503417969
2022-11-16 17:40:51,148 - INFO: global_step=403252, episodic_return=-67.35520935058594
2022-11-16 17:40:51,557 - INFO: global_step=403663, episodic_return=-128.0409698486328
2022-11-16 17:40:52,868 - INFO: global_step=404663, episodic_return=-73.30970764160156
2022-11-16 17:40:54,821 - INFO: global_step=405663, episodic_return=-48.34150695800781
2022-11-16 17:40:55,401 - INFO: global_step=406157, episodic_return=262.70294189453125
2022-11-16 17:40:57,085 - INFO: global_step=407157, episodic_return=-88.32247924804688
2022-11-16 17:40:57,527 - INFO: global_step=407570, episodic_return=177.5230255126953
2022-11-16 17:40:59,160 - INFO: global_step=408570, episodic_return=30.097990036010742
2022-11-16 17:41:00,907 - INFO: global_step=409455, episodic_return=193.88229370117188
2022-11-16 17:41:02,710 - INFO: global_step=410455, episodic_return=16.65793800354004
2022-11-16 17:41:03,575 - INFO: global_step=411076, episodic_return=138.88467407226562
2022-11-16 17:41:04,011 - INFO: global_step=411440, episodic_return=271.11419677734375
2022-11-16 17:41:04,610 - INFO: global_step=411942, episodic_return=197.46873474121094
2022-11-16 17:41:05,276 - INFO: global_step=412416, episodic_return=148.25965881347656
2022-11-16 17:41:05,703 - INFO: global_step=412786, episodic_return=216.57794189453125
2022-11-16 17:41:06,127 - INFO: global_step=413173, episodic_return=239.18472290039062
2022-11-16 17:41:06,599 - INFO: global_step=413601, episodic_return=279.087646484375
2022-11-16 17:41:08,057 - INFO: global_step=414518, episodic_return=176.2587890625
2022-11-16 17:41:08,184 - INFO: global_step=414657, episodic_return=-115.0683364868164
2022-11-16 17:41:08,901 - INFO: global_step=415221, episodic_return=218.4246368408203
2022-11-16 17:41:09,466 - INFO: global_step=415702, episodic_return=226.95223999023438
2022-11-16 17:41:10,079 - INFO: global_step=416197, episodic_return=211.72103881835938
2022-11-16 17:41:10,462 - INFO: global_step=416581, episodic_return=238.2417755126953
2022-11-16 17:41:10,934 - INFO: global_step=417001, episodic_return=227.40237426757812
2022-11-16 17:41:11,413 - INFO: global_step=417433, episodic_return=223.66822814941406
2022-11-16 17:41:11,755 - INFO: global_step=417772, episodic_return=183.45785522460938
2022-11-16 17:41:13,301 - INFO: global_step=418641, episodic_return=174.90731811523438
2022-11-16 17:41:15,311 - INFO: global_step=419641, episodic_return=56.192508697509766
2022-11-16 17:41:16,181 - INFO: global_step=420283, episodic_return=209.57928466796875
2022-11-16 17:41:17,836 - INFO: global_step=421283, episodic_return=32.68641662597656
2022-11-16 17:41:18,416 - INFO: global_step=421797, episodic_return=237.0777130126953
2022-11-16 17:41:18,841 - INFO: global_step=422161, episodic_return=180.67491149902344
2022-11-16 17:41:19,419 - INFO: global_step=422630, episodic_return=182.274658203125
2022-11-16 17:41:20,383 - INFO: global_step=423418, episodic_return=168.1306915283203
2022-11-16 17:41:21,536 - INFO: global_step=424245, episodic_return=164.21835327148438
2022-11-16 17:41:22,254 - INFO: global_step=424733, episodic_return=189.53005981445312
2022-11-16 17:41:22,878 - INFO: global_step=425208, episodic_return=204.12765502929688
2022-11-16 17:41:23,564 - INFO: global_step=425679, episodic_return=230.15750122070312
2022-11-16 17:41:24,224 - INFO: global_step=426269, episodic_return=200.44705200195312
2022-11-16 17:41:24,793 - INFO: global_step=426757, episodic_return=239.52374267578125
2022-11-16 17:41:25,083 - INFO: global_step=427050, episodic_return=224.2001953125
2022-11-16 17:41:25,767 - INFO: global_step=427584, episodic_return=256.531982421875
2022-11-16 17:41:26,183 - INFO: global_step=427943, episodic_return=224.95590209960938
2022-11-16 17:41:26,400 - INFO: global_step=428180, episodic_return=-20.566017150878906
2022-11-16 17:41:26,811 - INFO: global_step=428531, episodic_return=225.54238891601562
2022-11-16 17:41:27,258 - INFO: global_step=428906, episodic_return=223.84634399414062
2022-11-16 17:41:27,874 - INFO: global_step=429395, episodic_return=220.77618408203125
2022-11-16 17:41:28,431 - INFO: global_step=429843, episodic_return=261.07879638671875
2022-11-16 17:41:28,925 - INFO: global_step=430231, episodic_return=232.26153564453125
2022-11-16 17:41:29,538 - INFO: global_step=430684, episodic_return=262.7459411621094
2022-11-16 17:41:30,077 - INFO: global_step=431140, episodic_return=218.6685028076172
2022-11-16 17:41:30,638 - INFO: global_step=431594, episodic_return=223.25816345214844
2022-11-16 17:41:31,021 - INFO: global_step=431953, episodic_return=234.88099670410156
2022-11-16 17:41:31,460 - INFO: global_step=432380, episodic_return=244.4054718017578
2022-11-16 17:41:32,256 - INFO: global_step=432905, episodic_return=238.68505859375
2022-11-16 17:41:32,679 - INFO: global_step=433231, episodic_return=256.1852111816406
2022-11-16 17:41:33,014 - INFO: global_step=433564, episodic_return=283.58160400390625
2022-11-16 17:41:33,364 - INFO: global_step=433922, episodic_return=289.114990234375
2022-11-16 17:41:33,941 - INFO: global_step=434389, episodic_return=262.86505126953125
2022-11-16 17:41:34,394 - INFO: global_step=434827, episodic_return=243.2664337158203
2022-11-16 17:41:34,925 - INFO: global_step=435279, episodic_return=262.57373046875
2022-11-16 17:41:35,106 - INFO: global_step=435482, episodic_return=1.7308883666992188
2022-11-16 17:41:35,423 - INFO: global_step=435801, episodic_return=239.01734924316406
2022-11-16 17:41:35,822 - INFO: global_step=436190, episodic_return=255.42726135253906
2022-11-16 17:41:36,118 - INFO: global_step=436486, episodic_return=287.75469970703125
2022-11-16 17:41:36,393 - INFO: global_step=436775, episodic_return=258.3923645019531
2022-11-16 17:41:36,741 - INFO: global_step=437104, episodic_return=259.51715087890625
2022-11-16 17:41:37,055 - INFO: global_step=437448, episodic_return=279.879638671875
2022-11-16 17:41:37,396 - INFO: global_step=437779, episodic_return=288.9037780761719
2022-11-16 17:41:37,682 - INFO: global_step=438069, episodic_return=267.089111328125
2022-11-16 17:41:38,091 - INFO: global_step=438457, episodic_return=289.82183837890625
2022-11-16 17:41:38,384 - INFO: global_step=438749, episodic_return=239.5564422607422
2022-11-16 17:41:38,664 - INFO: global_step=439036, episodic_return=289.5435791015625
2022-11-16 17:41:38,741 - INFO: global_step=439142, episodic_return=-195.1044158935547
2022-11-16 17:41:38,859 - INFO: global_step=439296, episodic_return=-65.56764221191406
2022-11-16 17:41:39,246 - INFO: global_step=439643, episodic_return=215.51144409179688
2022-11-16 17:41:39,720 - INFO: global_step=440026, episodic_return=241.4952850341797
2022-11-16 17:41:39,804 - INFO: global_step=440137, episodic_return=-203.81576538085938
2022-11-16 17:41:40,136 - INFO: global_step=440489, episodic_return=213.0946044921875
2022-11-16 17:41:40,520 - INFO: global_step=440870, episodic_return=256.3864440917969
2022-11-16 17:41:40,876 - INFO: global_step=441224, episodic_return=208.40463256835938
2022-11-16 17:41:41,282 - INFO: global_step=441589, episodic_return=232.31796264648438
2022-11-16 17:41:41,385 - INFO: global_step=441723, episodic_return=-202.04141235351562
2022-11-16 17:41:41,748 - INFO: global_step=442092, episodic_return=269.48675537109375
2022-11-16 17:41:42,265 - INFO: global_step=442565, episodic_return=249.12818908691406
2022-11-16 17:41:43,008 - INFO: global_step=443140, episodic_return=239.10206604003906
2022-11-16 17:41:43,552 - INFO: global_step=443579, episodic_return=217.13787841796875
2022-11-16 17:41:43,908 - INFO: global_step=443931, episodic_return=233.5235595703125
2022-11-16 17:41:44,301 - INFO: global_step=444342, episodic_return=213.9635009765625
2022-11-16 17:41:44,687 - INFO: global_step=444704, episodic_return=260.6183166503906
2022-11-16 17:41:45,058 - INFO: global_step=445062, episodic_return=-46.14530944824219
2022-11-16 17:41:45,625 - INFO: global_step=445554, episodic_return=223.06280517578125
2022-11-16 17:41:46,672 - INFO: global_step=446313, episodic_return=190.65585327148438
2022-11-16 17:41:47,434 - INFO: global_step=447041, episodic_return=175.39004516601562
2022-11-16 17:41:47,809 - INFO: global_step=447389, episodic_return=196.35182189941406
2022-11-16 17:41:48,241 - INFO: global_step=447783, episodic_return=223.2295684814453
2022-11-16 17:41:48,643 - INFO: global_step=448227, episodic_return=273.6376953125
2022-11-16 17:41:49,174 - INFO: global_step=448688, episodic_return=219.24838256835938
2022-11-16 17:41:49,553 - INFO: global_step=449060, episodic_return=-4.806861877441406
2022-11-16 17:41:49,946 - INFO: global_step=449444, episodic_return=-15.664558410644531
2022-11-16 17:41:50,322 - INFO: global_step=449806, episodic_return=230.43136596679688
2022-11-16 17:41:50,795 - INFO: global_step=450215, episodic_return=242.76930236816406
2022-11-16 17:41:51,233 - INFO: global_step=450628, episodic_return=233.93869018554688
2022-11-16 17:41:51,653 - INFO: global_step=451031, episodic_return=236.348388671875
2022-11-16 17:41:52,105 - INFO: global_step=451451, episodic_return=262.15576171875
2022-11-16 17:41:52,596 - INFO: global_step=451905, episodic_return=243.2467041015625
2022-11-16 17:41:52,854 - INFO: global_step=452183, episodic_return=14.919357299804688
2022-11-16 17:41:53,132 - INFO: global_step=452502, episodic_return=-48.64183807373047
2022-11-16 17:41:53,401 - INFO: global_step=452793, episodic_return=24.520477294921875
2022-11-16 17:41:53,643 - INFO: global_step=453079, episodic_return=-52.830467224121094
2022-11-16 17:41:53,929 - INFO: global_step=453399, episodic_return=-52.56231689453125
2022-11-16 17:41:54,049 - INFO: global_step=453560, episodic_return=-283.84112548828125
2022-11-16 17:41:54,503 - INFO: global_step=453970, episodic_return=212.46588134765625
2022-11-16 17:41:54,634 - INFO: global_step=454133, episodic_return=-294.85791015625
2022-11-16 17:41:55,064 - INFO: global_step=454549, episodic_return=231.43701171875
2022-11-16 17:41:55,491 - INFO: global_step=454959, episodic_return=247.72242736816406
2022-11-16 17:41:55,939 - INFO: global_step=455370, episodic_return=261.72637939453125
2022-11-16 17:41:56,565 - INFO: global_step=455851, episodic_return=197.40296936035156
2022-11-16 17:41:57,168 - INFO: global_step=456309, episodic_return=242.7755126953125
2022-11-16 17:41:57,640 - INFO: global_step=456697, episodic_return=245.66436767578125
2022-11-16 17:41:58,376 - INFO: global_step=457291, episodic_return=220.26333618164062
2022-11-16 17:41:59,010 - INFO: global_step=457866, episodic_return=198.71279907226562
2022-11-16 17:41:59,749 - INFO: global_step=458529, episodic_return=186.01771545410156
2022-11-16 17:42:00,988 - INFO: global_step=459450, episodic_return=200.23321533203125
2022-11-16 17:42:02,246 - INFO: global_step=460030, episodic_return=223.15988159179688
2022-11-16 17:42:03,590 - INFO: global_step=460727, episodic_return=197.0529327392578
2022-11-16 17:42:04,520 - INFO: global_step=461374, episodic_return=183.50418090820312
2022-11-16 17:42:05,745 - INFO: global_step=462111, episodic_return=158.07797241210938
2022-11-16 17:42:05,997 - INFO: global_step=462370, episodic_return=-165.29641723632812
2022-11-16 17:42:07,106 - INFO: global_step=463097, episodic_return=-128.64654541015625
2022-11-16 17:42:08,556 - INFO: global_step=463861, episodic_return=-100.15011596679688
2022-11-16 17:42:10,456 - INFO: global_step=464833, episodic_return=-165.21556091308594
2022-11-16 17:42:12,473 - INFO: global_step=465833, episodic_return=-7.375912666320801
2022-11-16 17:42:12,763 - INFO: global_step=466144, episodic_return=-264.30120849609375
2022-11-16 17:42:13,870 - INFO: global_step=466904, episodic_return=167.356201171875
2022-11-16 17:42:15,313 - INFO: global_step=467904, episodic_return=-21.927257537841797
2022-11-16 17:42:17,171 - INFO: global_step=468904, episodic_return=-3.368683099746704
2022-11-16 17:42:17,597 - INFO: global_step=469313, episodic_return=-24.317352294921875
2022-11-16 17:42:19,417 - INFO: global_step=470313, episodic_return=-5.136905670166016
2022-11-16 17:42:21,184 - INFO: global_step=471313, episodic_return=4.888766288757324
2022-11-16 17:42:22,925 - INFO: global_step=472313, episodic_return=-6.209708213806152
2022-11-16 17:42:24,706 - INFO: global_step=473313, episodic_return=-62.26075744628906
2022-11-16 17:42:24,961 - INFO: global_step=473610, episodic_return=-55.50493240356445
2022-11-16 17:42:26,499 - INFO: global_step=474610, episodic_return=-35.06843948364258
2022-11-16 17:42:28,600 - INFO: global_step=475610, episodic_return=-38.9885368347168
2022-11-16 17:42:28,686 - INFO: global_step=475721, episodic_return=-334.80987548828125
2022-11-16 17:42:30,785 - INFO: global_step=476721, episodic_return=-11.149271011352539
2022-11-16 17:42:32,592 - INFO: global_step=477721, episodic_return=-104.78646850585938
2022-11-16 17:42:33,795 - INFO: global_step=478398, episodic_return=-411.6424865722656
2022-11-16 17:42:35,494 - INFO: global_step=479398, episodic_return=-39.66949462890625
2022-11-16 17:42:37,187 - INFO: global_step=480398, episodic_return=-106.57245635986328
2022-11-16 17:42:38,716 - INFO: global_step=481398, episodic_return=-47.1298828125
2022-11-16 17:42:40,744 - INFO: global_step=482398, episodic_return=-96.24986267089844
2022-11-16 17:42:42,350 - INFO: global_step=483398, episodic_return=-40.947261810302734
2022-11-16 17:42:44,209 - INFO: global_step=484398, episodic_return=-27.489471435546875
2022-11-16 17:42:45,879 - INFO: global_step=485398, episodic_return=-5.064591407775879
2022-11-16 17:42:47,941 - INFO: global_step=486398, episodic_return=-179.25802612304688
2022-11-16 17:42:49,679 - INFO: global_step=487398, episodic_return=-13.78400707244873
2022-11-16 17:42:51,447 - INFO: global_step=488398, episodic_return=7.935114860534668
2022-11-16 17:42:52,914 - INFO: global_step=489398, episodic_return=-0.2885277271270752
2022-11-16 17:42:55,276 - INFO: global_step=490398, episodic_return=-87.21561431884766
2022-11-16 17:42:57,210 - INFO: global_step=491398, episodic_return=-141.498779296875
2022-11-16 17:42:59,087 - INFO: global_step=492398, episodic_return=-87.7665786743164
2022-11-16 17:43:01,382 - INFO: global_step=493398, episodic_return=-87.59750366210938
2022-11-16 17:43:03,674 - INFO: global_step=494398, episodic_return=-8.417481422424316
2022-11-16 17:43:05,788 - INFO: global_step=495398, episodic_return=-103.5160140991211
2022-11-16 17:43:07,283 - INFO: global_step=496398, episodic_return=-36.55692672729492
2022-11-16 17:43:08,802 - INFO: global_step=497398, episodic_return=-64.81689453125
2022-11-16 17:43:10,767 - INFO: global_step=498398, episodic_return=-97.64942169189453
2022-11-16 17:43:13,021 - INFO: global_step=499398, episodic_return=-20.79097557067871
2022-11-16 17:43:13,712 - INFO: The average reward of last 20 steps: -62.23375812768936
