2022-11-15 02:47:43,059 - INFO: +--------------------------+----------------+
| Parameter                | Value          |
+--------------------------+----------------+
| exp_name                 | dqn            |
+--------------------------+----------------+
| seed                     | 42             |
+--------------------------+----------------+
| total_timesteps          | 500000         |
+--------------------------+----------------+
| learning_rate            | 0.001          |
+--------------------------+----------------+
| buffer_size              | 2000           |
+--------------------------+----------------+
| gamma                    | 0.982          |
+--------------------------+----------------+
| target_network_frequency | 50             |
+--------------------------+----------------+
| batch_size               | 128            |
+--------------------------+----------------+
| start_e                  | 0.300          |
+--------------------------+----------------+
| end_e                    | 0.010          |
+--------------------------+----------------+
| exploration_fraction     | 0.200          |
+--------------------------+----------------+
| learning_starts          | 10000          |
+--------------------------+----------------+
| train_frequency          | 10             |
+--------------------------+----------------+
| env_id                   | LunarLander-v2 |
+--------------------------+----------------+
2022-11-15 02:47:46,544 - INFO: global_step=111, episodic_return=-611.77490234375
2022-11-15 02:47:46,574 - INFO: global_step=172, episodic_return=-122.97918701171875
2022-11-15 02:47:46,602 - INFO: global_step=228, episodic_return=-94.93672180175781
2022-11-15 02:47:46,644 - INFO: global_step=311, episodic_return=-406.9200134277344
2022-11-15 02:47:46,680 - INFO: global_step=380, episodic_return=-112.57621765136719
2022-11-15 02:47:46,773 - INFO: global_step=495, episodic_return=-479.4324645996094
2022-11-15 02:47:46,826 - INFO: global_step=573, episodic_return=-398.597900390625
2022-11-15 02:47:46,904 - INFO: global_step=713, episodic_return=-640.2501220703125
2022-11-15 02:47:46,954 - INFO: global_step=814, episodic_return=-671.2049560546875
2022-11-15 02:47:47,018 - INFO: global_step=934, episodic_return=-627.7997436523438
2022-11-15 02:47:47,132 - INFO: global_step=1101, episodic_return=-776.7139282226562
2022-11-15 02:47:47,166 - INFO: global_step=1154, episodic_return=-118.8988037109375
2022-11-15 02:47:47,377 - INFO: global_step=1421, episodic_return=-1337.0836181640625
2022-11-15 02:47:47,455 - INFO: global_step=1532, episodic_return=-613.1895751953125
2022-11-15 02:47:47,558 - INFO: global_step=1678, episodic_return=-853.3927001953125
2022-11-15 02:47:47,595 - INFO: global_step=1742, episodic_return=-155.0596466064453
2022-11-15 02:47:47,626 - INFO: global_step=1806, episodic_return=-137.14515686035156
2022-11-15 02:47:47,650 - INFO: global_step=1864, episodic_return=-124.25537109375
2022-11-15 02:47:47,678 - INFO: global_step=1931, episodic_return=-129.83447265625
2022-11-15 02:47:47,705 - INFO: global_step=1991, episodic_return=-193.01339721679688
2022-11-15 02:47:47,739 - INFO: global_step=2065, episodic_return=-496.3747863769531
2022-11-15 02:47:47,793 - INFO: global_step=2174, episodic_return=-679.8509521484375
2022-11-15 02:47:47,832 - INFO: global_step=2233, episodic_return=-140.8144073486328
2022-11-15 02:47:47,910 - INFO: global_step=2337, episodic_return=-462.46435546875
2022-11-15 02:47:47,981 - INFO: global_step=2432, episodic_return=-674.734619140625
2022-11-15 02:47:48,130 - INFO: global_step=2664, episodic_return=-1324.064208984375
2022-11-15 02:47:48,156 - INFO: global_step=2720, episodic_return=-89.37974548339844
2022-11-15 02:47:48,185 - INFO: global_step=2779, episodic_return=-82.32417297363281
2022-11-15 02:47:48,218 - INFO: global_step=2855, episodic_return=-482.829345703125
2022-11-15 02:47:48,264 - INFO: global_step=2942, episodic_return=-587.6375732421875
2022-11-15 02:47:48,336 - INFO: global_step=3073, episodic_return=-682.526611328125
2022-11-15 02:47:48,441 - INFO: global_step=3262, episodic_return=-1166.7939453125
2022-11-15 02:47:48,473 - INFO: global_step=3322, episodic_return=-508.67401123046875
2022-11-15 02:47:48,518 - INFO: global_step=3386, episodic_return=-120.72566223144531
2022-11-15 02:47:48,578 - INFO: global_step=3481, episodic_return=-551.1428833007812
2022-11-15 02:47:48,662 - INFO: global_step=3623, episodic_return=-820.4492797851562
2022-11-15 02:47:48,718 - INFO: global_step=3736, episodic_return=-550.885009765625
2022-11-15 02:47:48,756 - INFO: global_step=3809, episodic_return=-529.0955810546875
2022-11-15 02:47:48,797 - INFO: global_step=3886, episodic_return=-515.1787109375
2022-11-15 02:47:48,837 - INFO: global_step=3967, episodic_return=-609.7744140625
2022-11-15 02:47:48,919 - INFO: global_step=4092, episodic_return=-581.4742431640625
2022-11-15 02:47:48,957 - INFO: global_step=4152, episodic_return=-140.94268798828125
2022-11-15 02:47:48,997 - INFO: global_step=4213, episodic_return=-520.27099609375
2022-11-15 02:47:49,093 - INFO: global_step=4342, episodic_return=-517.038818359375
2022-11-15 02:47:49,139 - INFO: global_step=4435, episodic_return=-650.3419799804688
2022-11-15 02:47:49,191 - INFO: global_step=4530, episodic_return=-514.7613525390625
2022-11-15 02:47:49,228 - INFO: global_step=4599, episodic_return=-115.54460144042969
2022-11-15 02:47:49,261 - INFO: global_step=4667, episodic_return=-122.74327087402344
2022-11-15 02:47:49,298 - INFO: global_step=4743, episodic_return=-575.5055541992188
2022-11-15 02:47:49,330 - INFO: global_step=4804, episodic_return=-112.92514038085938
2022-11-15 02:47:49,366 - INFO: global_step=4865, episodic_return=-134.40301513671875
2022-11-15 02:47:49,480 - INFO: global_step=5034, episodic_return=-764.2307739257812
2022-11-15 02:47:49,539 - INFO: global_step=5116, episodic_return=-569.4281616210938
2022-11-15 02:47:49,595 - INFO: global_step=5189, episodic_return=-522.8533935546875
2022-11-15 02:47:49,657 - INFO: global_step=5262, episodic_return=-124.77098083496094
2022-11-15 02:47:49,760 - INFO: global_step=5388, episodic_return=-569.584716796875
2022-11-15 02:47:49,809 - INFO: global_step=5452, episodic_return=-128.2885284423828
2022-11-15 02:47:49,860 - INFO: global_step=5516, episodic_return=-129.66897583007812
2022-11-15 02:47:49,909 - INFO: global_step=5584, episodic_return=-126.02179718017578
2022-11-15 02:47:50,089 - INFO: global_step=5809, episodic_return=-1249.71630859375
2022-11-15 02:47:50,144 - INFO: global_step=5881, episodic_return=-560.4283447265625
2022-11-15 02:47:50,192 - INFO: global_step=5938, episodic_return=-118.17266082763672
2022-11-15 02:47:50,301 - INFO: global_step=6076, episodic_return=-582.3721923828125
2022-11-15 02:47:50,330 - INFO: global_step=6136, episodic_return=-106.93416595458984
2022-11-15 02:47:50,404 - INFO: global_step=6263, episodic_return=-532.0775146484375
2022-11-15 02:47:50,431 - INFO: global_step=6325, episodic_return=-130.9300994873047
2022-11-15 02:47:50,458 - INFO: global_step=6387, episodic_return=-90.87806701660156
2022-11-15 02:47:50,533 - INFO: global_step=6534, episodic_return=-1042.7689208984375
2022-11-15 02:47:50,563 - INFO: global_step=6593, episodic_return=-444.53289794921875
2022-11-15 02:47:50,603 - INFO: global_step=6665, episodic_return=-591.9186401367188
2022-11-15 02:47:50,653 - INFO: global_step=6753, episodic_return=-460.3149108886719
2022-11-15 02:47:50,691 - INFO: global_step=6822, episodic_return=-616.6719360351562
2022-11-15 02:47:50,717 - INFO: global_step=6884, episodic_return=-502.0381774902344
2022-11-15 02:47:50,753 - INFO: global_step=6965, episodic_return=-500.2480163574219
2022-11-15 02:47:50,814 - INFO: global_step=7088, episodic_return=-470.5223388671875
2022-11-15 02:47:50,842 - INFO: global_step=7158, episodic_return=-123.62944030761719
2022-11-15 02:47:50,895 - INFO: global_step=7234, episodic_return=-571.8683471679688
2022-11-15 02:47:50,934 - INFO: global_step=7299, episodic_return=-154.2982940673828
2022-11-15 02:47:50,980 - INFO: global_step=7394, episodic_return=-625.4151000976562
2022-11-15 02:47:51,069 - INFO: global_step=7536, episodic_return=-580.16650390625
2022-11-15 02:47:51,124 - INFO: global_step=7635, episodic_return=-626.1162109375
2022-11-15 02:47:51,158 - INFO: global_step=7720, episodic_return=-548.6082153320312
2022-11-15 02:47:51,192 - INFO: global_step=7805, episodic_return=-512.4901733398438
2022-11-15 02:47:51,225 - INFO: global_step=7882, episodic_return=-494.23785400390625
2022-11-15 02:47:51,304 - INFO: global_step=8023, episodic_return=-878.6768798828125
2022-11-15 02:47:51,362 - INFO: global_step=8122, episodic_return=-668.4290771484375
2022-11-15 02:47:51,396 - INFO: global_step=8185, episodic_return=-499.5351867675781
2022-11-15 02:47:51,432 - INFO: global_step=8252, episodic_return=-486.73260498046875
2022-11-15 02:47:51,492 - INFO: global_step=8380, episodic_return=-759.0267944335938
2022-11-15 02:47:51,531 - INFO: global_step=8437, episodic_return=-260.3924560546875
2022-11-15 02:47:51,562 - INFO: global_step=8499, episodic_return=-117.4522705078125
2022-11-15 02:47:51,594 - INFO: global_step=8571, episodic_return=-523.124755859375
2022-11-15 02:47:51,638 - INFO: global_step=8655, episodic_return=-538.0559692382812
2022-11-15 02:47:51,665 - INFO: global_step=8708, episodic_return=-400.51129150390625
2022-11-15 02:47:51,711 - INFO: global_step=8799, episodic_return=-426.32867431640625
2022-11-15 02:47:51,753 - INFO: global_step=8879, episodic_return=-600.0850830078125
2022-11-15 02:47:51,805 - INFO: global_step=8980, episodic_return=-536.92431640625
2022-11-15 02:47:51,858 - INFO: global_step=9079, episodic_return=-508.7939147949219
2022-11-15 02:47:51,931 - INFO: global_step=9211, episodic_return=-840.0250854492188
2022-11-15 02:47:51,973 - INFO: global_step=9286, episodic_return=-620.1245727539062
2022-11-15 02:47:52,029 - INFO: global_step=9379, episodic_return=-414.92041015625
2022-11-15 02:47:52,099 - INFO: global_step=9488, episodic_return=-602.6777954101562
2022-11-15 02:47:52,155 - INFO: global_step=9588, episodic_return=-567.4053955078125
2022-11-15 02:47:52,200 - INFO: global_step=9671, episodic_return=-537.708740234375
2022-11-15 02:47:52,441 - INFO: global_step=9973, episodic_return=-2064.3212890625
2022-11-15 02:47:52,481 - INFO: global_step=10037, episodic_return=-454.078125
2022-11-15 02:47:52,572 - INFO: global_step=10127, episodic_return=-235.11062622070312
2022-11-15 02:47:52,646 - INFO: global_step=10196, episodic_return=-327.617431640625
2022-11-15 02:47:52,711 - INFO: global_step=10254, episodic_return=-273.9083251953125
2022-11-15 02:47:52,768 - INFO: global_step=10313, episodic_return=-336.635498046875
2022-11-15 02:47:52,826 - INFO: global_step=10383, episodic_return=-480.1621398925781
2022-11-15 02:47:52,916 - INFO: global_step=10469, episodic_return=-491.1579895019531
2022-11-15 02:47:52,992 - INFO: global_step=10539, episodic_return=-356.02471923828125
2022-11-15 02:47:53,046 - INFO: global_step=10601, episodic_return=-160.6563262939453
2022-11-15 02:47:53,105 - INFO: global_step=10670, episodic_return=-146.24740600585938
2022-11-15 02:47:53,160 - INFO: global_step=10727, episodic_return=-96.40132904052734
2022-11-15 02:47:53,204 - INFO: global_step=10795, episodic_return=-136.99655151367188
2022-11-15 02:47:53,247 - INFO: global_step=10857, episodic_return=-95.41873931884766
2022-11-15 02:47:53,315 - INFO: global_step=10949, episodic_return=-153.08251953125
2022-11-15 02:47:53,363 - INFO: global_step=11013, episodic_return=-121.31868743896484
2022-11-15 02:47:53,420 - INFO: global_step=11101, episodic_return=16.820350646972656
2022-11-15 02:47:53,468 - INFO: global_step=11189, episodic_return=-197.53746032714844
2022-11-15 02:47:53,508 - INFO: global_step=11257, episodic_return=-129.24929809570312
2022-11-15 02:47:53,557 - INFO: global_step=11316, episodic_return=-109.74909973144531
2022-11-15 02:47:53,651 - INFO: global_step=11406, episodic_return=-110.92866516113281
2022-11-15 02:47:53,723 - INFO: global_step=11471, episodic_return=-108.0643310546875
2022-11-15 02:47:53,769 - INFO: global_step=11533, episodic_return=-162.69064331054688
2022-11-15 02:47:53,837 - INFO: global_step=11615, episodic_return=-103.48249816894531
2022-11-15 02:47:53,921 - INFO: global_step=11696, episodic_return=-123.60482788085938
2022-11-15 02:47:53,970 - INFO: global_step=11763, episodic_return=-117.60145568847656
2022-11-15 02:47:54,014 - INFO: global_step=11838, episodic_return=-165.24142456054688
2022-11-15 02:47:54,049 - INFO: global_step=11896, episodic_return=-141.8541259765625
2022-11-15 02:47:54,118 - INFO: global_step=11994, episodic_return=-135.43499755859375
2022-11-15 02:47:54,223 - INFO: global_step=12102, episodic_return=-596.7616577148438
2022-11-15 02:47:54,455 - INFO: global_step=12203, episodic_return=-649.8236694335938
2022-11-15 02:47:54,534 - INFO: global_step=12291, episodic_return=-581.0471801757812
2022-11-15 02:47:54,610 - INFO: global_step=12370, episodic_return=-114.30370330810547
2022-11-15 02:47:54,679 - INFO: global_step=12448, episodic_return=-120.90113830566406
2022-11-15 02:47:54,755 - INFO: global_step=12532, episodic_return=-428.9678039550781
2022-11-15 02:47:54,805 - INFO: global_step=12602, episodic_return=-516.3909912109375
2022-11-15 02:47:54,873 - INFO: global_step=12673, episodic_return=-131.29698181152344
2022-11-15 02:47:54,940 - INFO: global_step=12726, episodic_return=-360.4818420410156
2022-11-15 02:47:55,025 - INFO: global_step=12798, episodic_return=-549.3851318359375
2022-11-15 02:47:55,100 - INFO: global_step=12868, episodic_return=-1.73846435546875
2022-11-15 02:47:55,150 - INFO: global_step=12931, episodic_return=-47.75654983520508
2022-11-15 02:47:55,309 - INFO: global_step=13088, episodic_return=35.52082824707031
2022-11-15 02:47:55,381 - INFO: global_step=13159, episodic_return=-455.54327392578125
2022-11-15 02:47:55,458 - INFO: global_step=13236, episodic_return=-523.1279296875
2022-11-15 02:47:55,538 - INFO: global_step=13343, episodic_return=-155.89566040039062
2022-11-15 02:47:55,601 - INFO: global_step=13431, episodic_return=-128.866943359375
2022-11-15 02:47:55,647 - INFO: global_step=13495, episodic_return=-64.45584869384766
2022-11-15 02:47:55,692 - INFO: global_step=13565, episodic_return=-178.8212890625
2022-11-15 02:47:55,750 - INFO: global_step=13657, episodic_return=-292.90655517578125
2022-11-15 02:47:55,809 - INFO: global_step=13729, episodic_return=-534.1171875
2022-11-15 02:47:56,190 - INFO: global_step=13909, episodic_return=-272.73907470703125
2022-11-15 02:47:56,275 - INFO: global_step=13990, episodic_return=-87.03587341308594
2022-11-15 02:47:56,381 - INFO: global_step=14085, episodic_return=-60.170894622802734
2022-11-15 02:47:56,478 - INFO: global_step=14170, episodic_return=-264.6384582519531
2022-11-15 02:47:56,693 - INFO: global_step=14280, episodic_return=-34.640411376953125
2022-11-15 02:47:56,791 - INFO: global_step=14370, episodic_return=-44.310001373291016
2022-11-15 02:47:56,868 - INFO: global_step=14442, episodic_return=-55.041160583496094
2022-11-15 02:47:57,008 - INFO: global_step=14556, episodic_return=-0.9081802368164062
2022-11-15 02:47:57,127 - INFO: global_step=14687, episodic_return=-7.765449523925781
2022-11-15 02:47:57,246 - INFO: global_step=14808, episodic_return=2.1490097045898438
2022-11-15 02:47:57,662 - INFO: global_step=15094, episodic_return=-176.09561157226562
2022-11-15 02:47:57,848 - INFO: global_step=15200, episodic_return=-362.6922912597656
2022-11-15 02:47:57,950 - INFO: global_step=15283, episodic_return=-349.24652099609375
2022-11-15 02:47:58,053 - INFO: global_step=15374, episodic_return=-234.47027587890625
2022-11-15 02:47:58,163 - INFO: global_step=15492, episodic_return=-15.785865783691406
2022-11-15 02:47:58,234 - INFO: global_step=15577, episodic_return=-293.54327392578125
2022-11-15 02:47:58,479 - INFO: global_step=15667, episodic_return=-201.02529907226562
2022-11-15 02:47:58,664 - INFO: global_step=15788, episodic_return=-81.00502014160156
2022-11-15 02:47:59,204 - INFO: global_step=16120, episodic_return=-317.75927734375
2022-11-15 02:47:59,570 - INFO: global_step=16387, episodic_return=-309.51104736328125
2022-11-15 02:47:59,807 - INFO: global_step=16585, episodic_return=-193.21192932128906
2022-11-15 02:48:01,154 - INFO: global_step=17324, episodic_return=-152.32595825195312
2022-11-15 02:48:01,859 - INFO: global_step=17803, episodic_return=-264.76287841796875
2022-11-15 02:48:02,255 - INFO: global_step=18135, episodic_return=-178.06460571289062
2022-11-15 02:48:02,339 - INFO: global_step=18222, episodic_return=-253.30319213867188
2022-11-15 02:48:02,403 - INFO: global_step=18316, episodic_return=-259.62249755859375
2022-11-15 02:48:02,704 - INFO: global_step=18582, episodic_return=-166.46096801757812
2022-11-15 02:48:02,998 - INFO: global_step=18806, episodic_return=-102.08709716796875
2022-11-15 02:48:03,850 - INFO: global_step=19369, episodic_return=-239.73800659179688
2022-11-15 02:48:04,887 - INFO: global_step=20032, episodic_return=-168.23455810546875
2022-11-15 02:48:05,220 - INFO: global_step=20332, episodic_return=1.9829788208007812
2022-11-15 02:48:05,775 - INFO: global_step=20744, episodic_return=-241.06947326660156
2022-11-15 02:48:06,139 - INFO: global_step=21042, episodic_return=-200.005615234375
2022-11-15 02:48:06,586 - INFO: global_step=21410, episodic_return=-130.7659454345703
2022-11-15 02:48:07,009 - INFO: global_step=21729, episodic_return=-285.0614013671875
2022-11-15 02:48:07,225 - INFO: global_step=21957, episodic_return=-426.1630554199219
2022-11-15 02:48:07,311 - INFO: global_step=22050, episodic_return=-332.26837158203125
2022-11-15 02:48:07,831 - INFO: global_step=22446, episodic_return=-328.6057434082031
2022-11-15 02:48:09,932 - INFO: global_step=23446, episodic_return=-93.80619812011719
2022-11-15 02:48:10,796 - INFO: global_step=23967, episodic_return=-214.620849609375
2022-11-15 02:48:11,089 - INFO: global_step=24205, episodic_return=-18.13512420654297
2022-11-15 02:48:13,630 - INFO: global_step=25205, episodic_return=-103.7422103881836
2022-11-15 02:48:15,701 - INFO: global_step=26205, episodic_return=-95.10454559326172
2022-11-15 02:48:18,153 - INFO: global_step=27205, episodic_return=-88.29691314697266
2022-11-15 02:48:18,702 - INFO: global_step=27609, episodic_return=-249.81695556640625
2022-11-15 02:48:19,044 - INFO: global_step=27789, episodic_return=-198.72535705566406
2022-11-15 02:48:22,068 - INFO: global_step=28789, episodic_return=-97.82068634033203
2022-11-15 02:48:24,294 - INFO: global_step=29789, episodic_return=-128.43487548828125
2022-11-15 02:48:24,615 - INFO: global_step=30051, episodic_return=-236.1974639892578
2022-11-15 02:48:26,580 - INFO: global_step=31051, episodic_return=-70.13937377929688
2022-11-15 02:48:29,305 - INFO: global_step=32051, episodic_return=-48.149356842041016
2022-11-15 02:48:30,374 - INFO: global_step=32660, episodic_return=-68.06244659423828
2022-11-15 02:48:32,339 - INFO: global_step=33660, episodic_return=-70.51976776123047
2022-11-15 02:48:34,159 - INFO: global_step=34531, episodic_return=-362.14862060546875
2022-11-15 02:48:34,833 - INFO: global_step=34965, episodic_return=-98.86997985839844
2022-11-15 02:48:35,958 - INFO: global_step=35530, episodic_return=-297.93670654296875
2022-11-15 02:48:37,791 - INFO: global_step=36530, episodic_return=71.69104766845703
2022-11-15 02:48:38,076 - INFO: global_step=36781, episodic_return=-94.90182495117188
2022-11-15 02:48:38,795 - INFO: global_step=37253, episodic_return=-33.1917724609375
2022-11-15 02:48:40,556 - INFO: global_step=38240, episodic_return=100.62003326416016
2022-11-15 02:48:43,632 - INFO: global_step=39240, episodic_return=-12.100306510925293
2022-11-15 02:48:45,053 - INFO: global_step=40101, episodic_return=219.87640380859375
2022-11-15 02:48:47,092 - INFO: global_step=41101, episodic_return=-68.59574127197266
2022-11-15 02:48:48,825 - INFO: global_step=42101, episodic_return=-25.58604621887207
2022-11-15 02:48:51,276 - INFO: global_step=43101, episodic_return=-40.63487243652344
2022-11-15 02:48:52,636 - INFO: global_step=43816, episodic_return=-98.26439666748047
2022-11-15 02:48:54,519 - INFO: global_step=44816, episodic_return=-45.7867317199707
2022-11-15 02:48:56,455 - INFO: global_step=45816, episodic_return=93.02049255371094
2022-11-15 02:48:56,699 - INFO: global_step=46062, episodic_return=-76.59408569335938
2022-11-15 02:48:58,789 - INFO: global_step=47062, episodic_return=-58.95323944091797
2022-11-15 02:49:02,178 - INFO: global_step=48062, episodic_return=-62.193817138671875
2022-11-15 02:49:03,911 - INFO: global_step=49062, episodic_return=79.47466278076172
2022-11-15 02:49:05,943 - INFO: global_step=50062, episodic_return=-32.397483825683594
2022-11-15 02:49:08,814 - INFO: global_step=51062, episodic_return=-62.281951904296875
2022-11-15 02:49:09,760 - INFO: global_step=51705, episodic_return=231.8430938720703
2022-11-15 02:49:12,100 - INFO: global_step=52705, episodic_return=-52.75726318359375
2022-11-15 02:49:13,961 - INFO: global_step=53705, episodic_return=-4.692800998687744
2022-11-15 02:49:16,533 - INFO: global_step=54705, episodic_return=-83.73857879638672
2022-11-15 02:49:18,572 - INFO: global_step=55705, episodic_return=-42.689674377441406
2022-11-15 02:49:21,150 - INFO: global_step=56705, episodic_return=23.092632293701172
2022-11-15 02:49:23,050 - INFO: global_step=57705, episodic_return=-26.823673248291016
2022-11-15 02:49:25,441 - INFO: global_step=58705, episodic_return=-79.7243881225586
2022-11-15 02:49:27,742 - INFO: global_step=59705, episodic_return=-27.400272369384766
2022-11-15 02:49:29,462 - INFO: global_step=60705, episodic_return=-76.89280700683594
2022-11-15 02:49:31,821 - INFO: global_step=61705, episodic_return=-65.03871154785156
2022-11-15 02:49:32,051 - INFO: global_step=61921, episodic_return=-35.68659210205078
2022-11-15 02:49:35,154 - INFO: global_step=62921, episodic_return=-25.261924743652344
2022-11-15 02:49:37,334 - INFO: global_step=63921, episodic_return=1.104655385017395
2022-11-15 02:49:39,531 - INFO: global_step=64806, episodic_return=188.567138671875
2022-11-15 02:49:39,728 - INFO: global_step=65019, episodic_return=-138.94439697265625
2022-11-15 02:49:42,059 - INFO: global_step=66019, episodic_return=-10.523717880249023
2022-11-15 02:49:44,444 - INFO: global_step=67019, episodic_return=40.681419372558594
2022-11-15 02:49:46,278 - INFO: global_step=67915, episodic_return=155.97579956054688
2022-11-15 02:49:48,678 - INFO: global_step=68915, episodic_return=-57.058021545410156
2022-11-15 02:49:50,574 - INFO: global_step=69915, episodic_return=22.440093994140625
2022-11-15 02:49:53,680 - INFO: global_step=70915, episodic_return=-37.50328063964844
2022-11-15 02:49:55,564 - INFO: global_step=71915, episodic_return=-65.78858184814453
2022-11-15 02:49:57,594 - INFO: global_step=72915, episodic_return=-63.79838180541992
2022-11-15 02:49:59,639 - INFO: global_step=73915, episodic_return=-69.45346069335938
2022-11-15 02:50:01,590 - INFO: global_step=74760, episodic_return=171.3328857421875
2022-11-15 02:50:03,960 - INFO: global_step=75760, episodic_return=-2.7568154335021973
2022-11-15 02:50:06,139 - INFO: global_step=76760, episodic_return=35.97925567626953
2022-11-15 02:50:08,715 - INFO: global_step=77760, episodic_return=-33.760005950927734
2022-11-15 02:50:11,179 - INFO: global_step=78760, episodic_return=-29.47737693786621
2022-11-15 02:50:13,487 - INFO: global_step=79760, episodic_return=-64.00601196289062
2022-11-15 02:50:15,428 - INFO: global_step=80760, episodic_return=-39.82658004760742
2022-11-15 02:50:17,134 - INFO: global_step=81760, episodic_return=66.37336730957031
2022-11-15 02:50:19,166 - INFO: global_step=82760, episodic_return=33.47880554199219
2022-11-15 02:50:21,650 - INFO: global_step=83760, episodic_return=-11.077528953552246
2022-11-15 02:50:23,554 - INFO: global_step=84760, episodic_return=-12.372901916503906
2022-11-15 02:50:25,452 - INFO: global_step=85760, episodic_return=-79.19673156738281
2022-11-15 02:50:27,070 - INFO: global_step=86760, episodic_return=-30.668134689331055
2022-11-15 02:50:28,754 - INFO: global_step=87760, episodic_return=-24.430601119995117
2022-11-15 02:50:31,540 - INFO: global_step=88760, episodic_return=-52.31134033203125
2022-11-15 02:50:33,257 - INFO: global_step=89760, episodic_return=22.121095657348633
2022-11-15 02:50:34,913 - INFO: global_step=90734, episodic_return=57.1085205078125
2022-11-15 02:50:35,566 - INFO: global_step=91217, episodic_return=-100.81432342529297
2022-11-15 02:50:38,535 - INFO: global_step=92217, episodic_return=-47.37324142456055
2022-11-15 02:50:40,761 - INFO: global_step=93217, episodic_return=-14.90653133392334
2022-11-15 02:50:42,064 - INFO: global_step=93912, episodic_return=-164.60299682617188
2022-11-15 02:50:43,558 - INFO: global_step=94649, episodic_return=-122.79652404785156
2022-11-15 02:50:44,321 - INFO: global_step=95171, episodic_return=-6.550079345703125
2022-11-15 02:50:45,231 - INFO: global_step=95644, episodic_return=-94.58257293701172
2022-11-15 02:50:46,009 - INFO: global_step=96160, episodic_return=190.98715209960938
2022-11-15 02:50:48,521 - INFO: global_step=97160, episodic_return=-71.71753692626953
2022-11-15 02:50:50,587 - INFO: global_step=98160, episodic_return=-52.864410400390625
2022-11-15 02:50:52,743 - INFO: global_step=99149, episodic_return=188.6036376953125
2022-11-15 02:50:53,512 - INFO: global_step=99596, episodic_return=203.24620056152344
2022-11-15 02:50:54,693 - INFO: global_step=100419, episodic_return=-179.43338012695312
2022-11-15 02:50:56,853 - INFO: global_step=101419, episodic_return=-68.29263305664062
2022-11-15 02:51:00,068 - INFO: global_step=102419, episodic_return=-21.889408111572266
2022-11-15 02:51:01,601 - INFO: global_step=103252, episodic_return=50.63367462158203
2022-11-15 02:51:03,850 - INFO: global_step=104252, episodic_return=15.089004516601562
2022-11-15 02:51:05,133 - INFO: global_step=104976, episodic_return=-134.2720489501953
2022-11-15 02:51:06,913 - INFO: global_step=105976, episodic_return=-13.5763521194458
2022-11-15 02:51:09,357 - INFO: global_step=106976, episodic_return=-93.04207611083984
2022-11-15 02:51:11,299 - INFO: global_step=107976, episodic_return=-40.02043533325195
2022-11-15 02:51:13,244 - INFO: global_step=108976, episodic_return=-57.718746185302734
2022-11-15 02:51:14,987 - INFO: global_step=109976, episodic_return=-47.08335494995117
2022-11-15 02:51:17,282 - INFO: global_step=110976, episodic_return=-45.81892776489258
2022-11-15 02:51:19,903 - INFO: global_step=111976, episodic_return=-40.58940887451172
2022-11-15 02:51:23,174 - INFO: global_step=112976, episodic_return=-37.32179641723633
2022-11-15 02:51:25,177 - INFO: global_step=113976, episodic_return=-57.67588806152344
2022-11-15 02:51:27,537 - INFO: global_step=114976, episodic_return=-100.70696258544922
2022-11-15 02:51:29,978 - INFO: global_step=115976, episodic_return=-47.736793518066406
2022-11-15 02:51:32,679 - INFO: global_step=116976, episodic_return=-53.13800811767578
2022-11-15 02:51:34,562 - INFO: global_step=117976, episodic_return=-30.909284591674805
2022-11-15 02:51:36,303 - INFO: global_step=118976, episodic_return=-54.98052978515625
2022-11-15 02:51:38,756 - INFO: global_step=119976, episodic_return=-75.48278045654297
2022-11-15 02:51:40,750 - INFO: global_step=120976, episodic_return=-35.10902404785156
2022-11-15 02:51:42,765 - INFO: global_step=121976, episodic_return=-0.7031766772270203
2022-11-15 02:51:44,863 - INFO: global_step=122976, episodic_return=-40.763282775878906
2022-11-15 02:51:47,431 - INFO: global_step=123976, episodic_return=-44.87733840942383
2022-11-15 02:51:49,171 - INFO: global_step=124976, episodic_return=-124.5827407836914
2022-11-15 02:51:50,990 - INFO: global_step=125976, episodic_return=1.4835765361785889
2022-11-15 02:51:53,172 - INFO: global_step=126976, episodic_return=-59.86979293823242
2022-11-15 02:51:55,454 - INFO: global_step=127976, episodic_return=-71.11782836914062
2022-11-15 02:51:58,077 - INFO: global_step=128976, episodic_return=45.62166213989258
2022-11-15 02:51:58,400 - INFO: global_step=129229, episodic_return=-191.95907592773438
2022-11-15 02:51:58,746 - INFO: global_step=129494, episodic_return=-202.19444274902344
2022-11-15 02:51:59,390 - INFO: global_step=129933, episodic_return=-86.00283813476562
2022-11-15 02:51:59,624 - INFO: global_step=130160, episodic_return=-158.51531982421875
2022-11-15 02:52:00,682 - INFO: global_step=130855, episodic_return=-289.37554931640625
2022-11-15 02:52:02,317 - INFO: global_step=131700, episodic_return=78.53004455566406
2022-11-15 02:52:03,205 - INFO: global_step=132239, episodic_return=-60.79484558105469
2022-11-15 02:52:03,449 - INFO: global_step=132476, episodic_return=-5.6754608154296875
2022-11-15 02:52:05,373 - INFO: global_step=133476, episodic_return=-44.74125671386719
2022-11-15 02:52:07,745 - INFO: global_step=134476, episodic_return=-67.4972915649414
2022-11-15 02:52:09,807 - INFO: global_step=135476, episodic_return=-98.9206314086914
2022-11-15 02:52:12,835 - INFO: global_step=136476, episodic_return=-134.0291748046875
2022-11-15 02:52:14,998 - INFO: global_step=137476, episodic_return=-114.46434783935547
2022-11-15 02:52:17,018 - INFO: global_step=138476, episodic_return=-112.95155334472656
2022-11-15 02:52:18,583 - INFO: global_step=139476, episodic_return=-89.52352905273438
2022-11-15 02:52:20,318 - INFO: global_step=140476, episodic_return=-70.02214050292969
2022-11-15 02:52:22,757 - INFO: global_step=141476, episodic_return=-80.79611206054688
2022-11-15 02:52:25,519 - INFO: global_step=142476, episodic_return=-139.43235778808594
2022-11-15 02:52:27,320 - INFO: global_step=143476, episodic_return=-94.67682647705078
2022-11-15 02:52:29,311 - INFO: global_step=144476, episodic_return=-62.438087463378906
2022-11-15 02:52:31,350 - INFO: global_step=145476, episodic_return=-79.31784057617188
2022-11-15 02:52:33,852 - INFO: global_step=146476, episodic_return=-107.48402404785156
2022-11-15 02:52:35,746 - INFO: global_step=147476, episodic_return=-94.22333526611328
2022-11-15 02:52:38,035 - INFO: global_step=148476, episodic_return=-55.52084732055664
2022-11-15 02:52:39,563 - INFO: global_step=149476, episodic_return=-92.77399444580078
2022-11-15 02:52:41,829 - INFO: global_step=150476, episodic_return=-101.4924545288086
2022-11-15 02:52:43,520 - INFO: global_step=151476, episodic_return=-96.53722381591797
2022-11-15 02:52:45,739 - INFO: global_step=152476, episodic_return=-31.68975830078125
2022-11-15 02:52:47,606 - INFO: global_step=153476, episodic_return=-110.04460144042969
2022-11-15 02:52:49,973 - INFO: global_step=154476, episodic_return=-133.897216796875
2022-11-15 02:52:52,180 - INFO: global_step=155476, episodic_return=-65.30799102783203
2022-11-15 02:52:55,952 - INFO: global_step=156476, episodic_return=-20.67055320739746
2022-11-15 02:52:57,672 - INFO: global_step=157476, episodic_return=-41.720558166503906
2022-11-15 02:52:59,866 - INFO: global_step=158476, episodic_return=-99.16710662841797
2022-11-15 02:53:01,756 - INFO: global_step=159476, episodic_return=-19.960323333740234
2022-11-15 02:53:03,607 - INFO: global_step=160476, episodic_return=-37.204811096191406
2022-11-15 02:53:05,920 - INFO: global_step=161476, episodic_return=-112.98007202148438
2022-11-15 02:53:07,731 - INFO: global_step=162476, episodic_return=-80.03569793701172
2022-11-15 02:53:09,737 - INFO: global_step=163476, episodic_return=-80.01713562011719
2022-11-15 02:53:12,191 - INFO: global_step=164476, episodic_return=8.248861312866211
2022-11-15 02:53:12,505 - INFO: global_step=164754, episodic_return=-27.549118041992188
2022-11-15 02:53:14,718 - INFO: global_step=165754, episodic_return=-84.84612274169922
2022-11-15 02:53:16,868 - INFO: global_step=166754, episodic_return=-48.89499282836914
2022-11-15 02:53:18,748 - INFO: global_step=167754, episodic_return=-46.1348876953125
2022-11-15 02:53:21,307 - INFO: global_step=168754, episodic_return=-75.9561538696289
2022-11-15 02:53:22,992 - INFO: global_step=169754, episodic_return=-11.165353775024414
2022-11-15 02:53:23,256 - INFO: global_step=170034, episodic_return=44.06550598144531
2022-11-15 02:53:25,355 - INFO: global_step=171034, episodic_return=-50.181331634521484
2022-11-15 02:53:25,684 - INFO: global_step=171308, episodic_return=196.6809844970703
2022-11-15 02:53:27,019 - INFO: global_step=172075, episodic_return=195.00015258789062
2022-11-15 02:53:28,595 - INFO: global_step=173075, episodic_return=-64.08375549316406
2022-11-15 02:53:28,933 - INFO: global_step=173252, episodic_return=9.985160827636719
2022-11-15 02:53:29,185 - INFO: global_step=173428, episodic_return=67.78340148925781
2022-11-15 02:53:31,662 - INFO: global_step=174428, episodic_return=-106.2158203125
2022-11-15 02:53:33,466 - INFO: global_step=175428, episodic_return=-75.8553466796875
2022-11-15 02:53:35,447 - INFO: global_step=176428, episodic_return=-44.065895080566406
2022-11-15 02:53:37,355 - INFO: global_step=177428, episodic_return=-127.08358001708984
2022-11-15 02:53:39,085 - INFO: global_step=178428, episodic_return=-66.59368133544922
2022-11-15 02:53:41,861 - INFO: global_step=179428, episodic_return=-106.99429321289062
2022-11-15 02:53:42,089 - INFO: global_step=179612, episodic_return=-50.068077087402344
2022-11-15 02:53:45,042 - INFO: global_step=180612, episodic_return=-77.1235580444336
2022-11-15 02:53:47,128 - INFO: global_step=181612, episodic_return=-102.11515808105469
2022-11-15 02:53:49,175 - INFO: global_step=182612, episodic_return=-34.04490280151367
2022-11-15 02:53:51,222 - INFO: global_step=183612, episodic_return=-56.55852127075195
2022-11-15 02:53:53,445 - INFO: global_step=184612, episodic_return=-128.19189453125
2022-11-15 02:53:55,829 - INFO: global_step=185612, episodic_return=-55.3774528503418
2022-11-15 02:53:57,494 - INFO: global_step=186612, episodic_return=-123.84370422363281
2022-11-15 02:53:59,378 - INFO: global_step=187612, episodic_return=-27.918245315551758
2022-11-15 02:54:01,253 - INFO: global_step=188612, episodic_return=-69.71839141845703
2022-11-15 02:54:03,308 - INFO: global_step=189612, episodic_return=-105.39543151855469
2022-11-15 02:54:05,177 - INFO: global_step=190612, episodic_return=-39.734344482421875
2022-11-15 02:54:07,968 - INFO: global_step=191612, episodic_return=-74.218017578125
2022-11-15 02:54:08,264 - INFO: global_step=191910, episodic_return=2.9769821166992188
2022-11-15 02:54:08,770 - INFO: global_step=192306, episodic_return=217.8647918701172
2022-11-15 02:54:10,553 - INFO: global_step=193306, episodic_return=-80.7464370727539
2022-11-15 02:54:12,657 - INFO: global_step=194306, episodic_return=-60.122154235839844
2022-11-15 02:54:14,636 - INFO: global_step=195247, episodic_return=105.30008697509766
2022-11-15 02:54:16,247 - INFO: global_step=196247, episodic_return=-78.68852996826172
2022-11-15 02:54:18,158 - INFO: global_step=197247, episodic_return=-69.45085906982422
2022-11-15 02:54:19,969 - INFO: global_step=198155, episodic_return=147.52561950683594
2022-11-15 02:54:22,605 - INFO: global_step=199155, episodic_return=-63.39787673950195
2022-11-15 02:54:24,659 - INFO: global_step=200155, episodic_return=-29.137298583984375
2022-11-15 02:54:26,346 - INFO: global_step=201155, episodic_return=-106.9498519897461
2022-11-15 02:54:27,732 - INFO: global_step=202155, episodic_return=-15.95272445678711
2022-11-15 02:54:29,728 - INFO: global_step=203155, episodic_return=-42.70757293701172
2022-11-15 02:54:31,805 - INFO: global_step=204155, episodic_return=-24.41893768310547
2022-11-15 02:54:32,795 - INFO: global_step=204830, episodic_return=251.3616943359375
2022-11-15 02:54:35,131 - INFO: global_step=205830, episodic_return=-25.485685348510742
2022-11-15 02:54:37,744 - INFO: global_step=206830, episodic_return=-48.66395568847656
2022-11-15 02:54:39,734 - INFO: global_step=207830, episodic_return=-23.252126693725586
2022-11-15 02:54:40,534 - INFO: global_step=208403, episodic_return=175.42941284179688
2022-11-15 02:54:42,306 - INFO: global_step=209403, episodic_return=-69.00409698486328
2022-11-15 02:54:42,694 - INFO: global_step=209743, episodic_return=-78.40103149414062
2022-11-15 02:54:45,143 - INFO: global_step=210743, episodic_return=-54.203346252441406
2022-11-15 02:54:46,916 - INFO: global_step=211743, episodic_return=-62.85026931762695
2022-11-15 02:54:47,290 - INFO: global_step=212073, episodic_return=11.870628356933594
2022-11-15 02:54:47,525 - INFO: global_step=212296, episodic_return=-133.89114379882812
2022-11-15 02:54:48,497 - INFO: global_step=212876, episodic_return=219.25888061523438
2022-11-15 02:54:48,789 - INFO: global_step=213136, episodic_return=-175.4540252685547
2022-11-15 02:54:49,375 - INFO: global_step=213569, episodic_return=148.42877197265625
2022-11-15 02:54:49,747 - INFO: global_step=213886, episodic_return=8.91229248046875
2022-11-15 02:54:51,900 - INFO: global_step=214886, episodic_return=-10.266244888305664
2022-11-15 02:54:52,344 - INFO: global_step=215257, episodic_return=-113.76998138427734
2022-11-15 02:54:52,780 - INFO: global_step=215661, episodic_return=-43.556922912597656
2022-11-15 02:54:53,565 - INFO: global_step=216227, episodic_return=-135.6604766845703
2022-11-15 02:54:54,952 - INFO: global_step=217080, episodic_return=-218.575927734375
2022-11-15 02:54:57,192 - INFO: global_step=218080, episodic_return=-85.49295043945312
2022-11-15 02:54:59,003 - INFO: global_step=219080, episodic_return=-89.68296813964844
2022-11-15 02:55:00,519 - INFO: global_step=220080, episodic_return=-65.58296966552734
2022-11-15 02:55:02,077 - INFO: global_step=221080, episodic_return=-61.566532135009766
2022-11-15 02:55:03,826 - INFO: global_step=222080, episodic_return=-98.02064514160156
2022-11-15 02:55:05,527 - INFO: global_step=223080, episodic_return=-103.98224639892578
2022-11-15 02:55:07,243 - INFO: global_step=224080, episodic_return=-76.89702606201172
2022-11-15 02:55:08,729 - INFO: global_step=225080, episodic_return=-68.7605972290039
2022-11-15 02:55:10,519 - INFO: global_step=226080, episodic_return=-111.11631774902344
2022-11-15 02:55:12,418 - INFO: global_step=227080, episodic_return=-128.69281005859375
2022-11-15 02:55:14,184 - INFO: global_step=228080, episodic_return=-111.64372253417969
2022-11-15 02:55:16,268 - INFO: global_step=229080, episodic_return=-124.68480682373047
2022-11-15 02:55:18,014 - INFO: global_step=230080, episodic_return=-122.0073471069336
2022-11-15 02:55:19,549 - INFO: global_step=231080, episodic_return=-127.49299621582031
2022-11-15 02:55:21,543 - INFO: global_step=232080, episodic_return=-75.86784362792969
2022-11-15 02:55:23,336 - INFO: global_step=233080, episodic_return=-41.98776626586914
2022-11-15 02:55:24,870 - INFO: global_step=234080, episodic_return=-91.2500991821289
2022-11-15 02:55:26,564 - INFO: global_step=235080, episodic_return=-116.50823211669922
2022-11-15 02:55:28,701 - INFO: global_step=236080, episodic_return=-100.61376953125
2022-11-15 02:55:30,100 - INFO: global_step=237080, episodic_return=-108.19762420654297
2022-11-15 02:55:32,376 - INFO: global_step=238080, episodic_return=-52.6539192199707
2022-11-15 02:55:34,120 - INFO: global_step=239080, episodic_return=-27.28748893737793
2022-11-15 02:55:35,752 - INFO: global_step=240080, episodic_return=-57.79893112182617
2022-11-15 02:55:37,470 - INFO: global_step=241080, episodic_return=-12.89879035949707
2022-11-15 02:55:39,035 - INFO: global_step=242080, episodic_return=-52.1094856262207
2022-11-15 02:55:40,596 - INFO: global_step=243080, episodic_return=-65.62598419189453
2022-11-15 02:55:42,262 - INFO: global_step=244080, episodic_return=-113.16699981689453
2022-11-15 02:55:44,379 - INFO: global_step=245080, episodic_return=-106.45509338378906
2022-11-15 02:55:45,815 - INFO: global_step=246080, episodic_return=-110.4134750366211
2022-11-15 02:55:47,106 - INFO: global_step=247080, episodic_return=-61.56779479980469
2022-11-15 02:55:48,702 - INFO: global_step=248080, episodic_return=-86.7329330444336
2022-11-15 02:55:51,105 - INFO: global_step=249080, episodic_return=-62.80724334716797
2022-11-15 02:55:53,142 - INFO: global_step=250080, episodic_return=-112.57366943359375
2022-11-15 02:55:56,032 - INFO: global_step=251080, episodic_return=-84.74773406982422
2022-11-15 02:55:57,956 - INFO: global_step=252080, episodic_return=-45.030677795410156
2022-11-15 02:56:00,308 - INFO: global_step=253080, episodic_return=-83.63713073730469
2022-11-15 02:56:02,198 - INFO: global_step=254080, episodic_return=-88.59524536132812
2022-11-15 02:56:04,164 - INFO: global_step=255080, episodic_return=-57.512001037597656
2022-11-15 02:56:05,674 - INFO: global_step=256080, episodic_return=-53.681365966796875
2022-11-15 02:56:07,716 - INFO: global_step=257080, episodic_return=-110.14019775390625
2022-11-15 02:56:09,808 - INFO: global_step=258080, episodic_return=-26.567150115966797
2022-11-15 02:56:12,376 - INFO: global_step=259080, episodic_return=-49.259681701660156
2022-11-15 02:56:14,326 - INFO: global_step=260080, episodic_return=112.1356430053711
2022-11-15 02:56:16,273 - INFO: global_step=261080, episodic_return=-93.8670883178711
2022-11-15 02:56:18,147 - INFO: global_step=262080, episodic_return=-68.33981323242188
2022-11-15 02:56:19,746 - INFO: global_step=263080, episodic_return=-90.32405090332031
2022-11-15 02:56:21,310 - INFO: global_step=264080, episodic_return=-72.55531311035156
2022-11-15 02:56:22,743 - INFO: global_step=265080, episodic_return=-78.09249877929688
2022-11-15 02:56:24,557 - INFO: global_step=266080, episodic_return=-59.288291931152344
2022-11-15 02:56:27,060 - INFO: global_step=267080, episodic_return=-111.9269027709961
2022-11-15 02:56:28,056 - INFO: global_step=267708, episodic_return=-144.02984619140625
2022-11-15 02:56:29,695 - INFO: global_step=268708, episodic_return=-47.79047393798828
2022-11-15 02:56:31,032 - INFO: global_step=269708, episodic_return=-198.4254608154297
2022-11-15 02:56:33,519 - INFO: global_step=270708, episodic_return=-37.478023529052734
2022-11-15 02:56:34,208 - INFO: global_step=271245, episodic_return=223.11087036132812
2022-11-15 02:56:34,798 - INFO: global_step=271664, episodic_return=-96.77840423583984
2022-11-15 02:56:37,265 - INFO: global_step=272657, episodic_return=-160.1110382080078
2022-11-15 02:56:38,656 - INFO: global_step=273657, episodic_return=-27.77625274658203
2022-11-15 02:56:40,179 - INFO: global_step=274657, episodic_return=-45.409889221191406
2022-11-15 02:56:42,307 - INFO: global_step=275657, episodic_return=-41.690250396728516
2022-11-15 02:56:44,179 - INFO: global_step=276657, episodic_return=-73.50199127197266
2022-11-15 02:56:45,857 - INFO: global_step=277657, episodic_return=-122.9178695678711
2022-11-15 02:56:47,851 - INFO: global_step=278657, episodic_return=-105.35879516601562
2022-11-15 02:56:49,421 - INFO: global_step=279657, episodic_return=-72.74028015136719
2022-11-15 02:56:50,997 - INFO: global_step=280657, episodic_return=-45.794517517089844
2022-11-15 02:56:53,204 - INFO: global_step=281657, episodic_return=-103.84444427490234
2022-11-15 02:56:54,715 - INFO: global_step=282657, episodic_return=-84.83918762207031
2022-11-15 02:56:56,091 - INFO: global_step=283657, episodic_return=-72.3364028930664
2022-11-15 02:56:58,862 - INFO: global_step=284657, episodic_return=-77.82418823242188
2022-11-15 02:57:00,679 - INFO: global_step=285657, episodic_return=-83.04613494873047
2022-11-15 02:57:03,035 - INFO: global_step=286657, episodic_return=-78.98043823242188
2022-11-15 02:57:05,878 - INFO: global_step=287657, episodic_return=-66.02883911132812
2022-11-15 02:57:07,840 - INFO: global_step=288657, episodic_return=-57.56914138793945
2022-11-15 02:57:09,483 - INFO: global_step=289657, episodic_return=-68.60366821289062
2022-11-15 02:57:11,547 - INFO: global_step=290657, episodic_return=-121.65355682373047
2022-11-15 02:57:13,640 - INFO: global_step=291657, episodic_return=-126.95716857910156
2022-11-15 02:57:15,733 - INFO: global_step=292657, episodic_return=-68.43299102783203
2022-11-15 02:57:17,539 - INFO: global_step=293657, episodic_return=-86.35871124267578
2022-11-15 02:57:19,995 - INFO: global_step=294657, episodic_return=-57.389984130859375
2022-11-15 02:57:21,917 - INFO: global_step=295657, episodic_return=-111.33354949951172
2022-11-15 02:57:23,686 - INFO: global_step=296657, episodic_return=-44.35130310058594
2022-11-15 02:57:26,533 - INFO: global_step=297657, episodic_return=-83.51451110839844
2022-11-15 02:57:26,881 - INFO: global_step=297974, episodic_return=-58.748722076416016
2022-11-15 02:57:28,702 - INFO: global_step=298974, episodic_return=-83.89888763427734
2022-11-15 02:57:30,497 - INFO: global_step=299974, episodic_return=-115.38797760009766
2022-11-15 02:57:32,497 - INFO: global_step=300974, episodic_return=-70.21205139160156
2022-11-15 02:57:34,250 - INFO: global_step=301974, episodic_return=-73.12640380859375
2022-11-15 02:57:36,210 - INFO: global_step=302974, episodic_return=-59.066650390625
2022-11-15 02:57:37,939 - INFO: global_step=303974, episodic_return=-100.32550811767578
2022-11-15 02:57:40,207 - INFO: global_step=304974, episodic_return=-86.90160369873047
2022-11-15 02:57:42,123 - INFO: global_step=305974, episodic_return=-41.24718475341797
2022-11-15 02:57:43,963 - INFO: global_step=306974, episodic_return=-75.11743927001953
2022-11-15 02:57:45,844 - INFO: global_step=307974, episodic_return=-74.19244384765625
2022-11-15 02:57:47,634 - INFO: global_step=308974, episodic_return=-49.94454574584961
2022-11-15 02:57:49,526 - INFO: global_step=309974, episodic_return=-76.89154052734375
2022-11-15 02:57:51,899 - INFO: global_step=310974, episodic_return=-24.10320281982422
2022-11-15 02:57:53,873 - INFO: global_step=311974, episodic_return=-75.84629821777344
2022-11-15 02:57:55,553 - INFO: global_step=312974, episodic_return=-50.27885818481445
2022-11-15 02:57:57,492 - INFO: global_step=313974, episodic_return=-84.29428100585938
2022-11-15 02:57:59,793 - INFO: global_step=314974, episodic_return=-45.34091567993164
2022-11-15 02:58:01,693 - INFO: global_step=315974, episodic_return=-46.640289306640625
2022-11-15 02:58:03,509 - INFO: global_step=316974, episodic_return=-81.35773468017578
2022-11-15 02:58:05,544 - INFO: global_step=317974, episodic_return=-92.49801635742188
2022-11-15 02:58:06,992 - INFO: global_step=318974, episodic_return=-64.21212005615234
2022-11-15 02:58:09,257 - INFO: global_step=319974, episodic_return=-51.23330307006836
2022-11-15 02:58:11,485 - INFO: global_step=320974, episodic_return=-94.25419616699219
2022-11-15 02:58:13,414 - INFO: global_step=321974, episodic_return=-87.31462097167969
2022-11-15 02:58:15,239 - INFO: global_step=322974, episodic_return=-74.72061157226562
2022-11-15 02:58:17,416 - INFO: global_step=323974, episodic_return=-85.50022888183594
2022-11-15 02:58:18,772 - INFO: global_step=324974, episodic_return=-52.51322937011719
2022-11-15 02:58:20,479 - INFO: global_step=325974, episodic_return=-57.25770568847656
2022-11-15 02:58:22,366 - INFO: global_step=326974, episodic_return=-63.48760986328125
2022-11-15 02:58:24,725 - INFO: global_step=327974, episodic_return=-23.289716720581055
2022-11-15 02:58:26,714 - INFO: global_step=328974, episodic_return=-65.44534301757812
2022-11-15 02:58:28,852 - INFO: global_step=329974, episodic_return=-41.54364776611328
2022-11-15 02:58:30,945 - INFO: global_step=330974, episodic_return=-12.743368148803711
2022-11-15 02:58:32,701 - INFO: global_step=331974, episodic_return=-105.22688293457031
2022-11-15 02:58:34,824 - INFO: global_step=332974, episodic_return=-79.44574737548828
2022-11-15 02:58:37,261 - INFO: global_step=333974, episodic_return=-16.391050338745117
2022-11-15 02:58:38,873 - INFO: global_step=334974, episodic_return=-51.82610321044922
2022-11-15 02:58:40,841 - INFO: global_step=335974, episodic_return=-28.662567138671875
2022-11-15 02:58:42,284 - INFO: global_step=336974, episodic_return=-71.16323852539062
2022-11-15 02:58:43,942 - INFO: global_step=337974, episodic_return=-107.84004974365234
2022-11-15 02:58:46,066 - INFO: global_step=338974, episodic_return=-55.415550231933594
2022-11-15 02:58:48,200 - INFO: global_step=339974, episodic_return=-40.31998825073242
2022-11-15 02:58:50,090 - INFO: global_step=340974, episodic_return=-69.96389770507812
2022-11-15 02:58:51,902 - INFO: global_step=341974, episodic_return=-92.70825958251953
2022-11-15 02:58:55,212 - INFO: global_step=342974, episodic_return=-86.52511596679688
2022-11-15 02:58:57,585 - INFO: global_step=343974, episodic_return=-10.912700653076172
2022-11-15 02:58:59,711 - INFO: global_step=344974, episodic_return=-88.57974243164062
2022-11-15 02:59:02,406 - INFO: global_step=345974, episodic_return=-25.4887638092041
2022-11-15 02:59:04,200 - INFO: global_step=346974, episodic_return=-72.60836029052734
2022-11-15 02:59:05,939 - INFO: global_step=347974, episodic_return=-77.1138916015625
2022-11-15 02:59:08,061 - INFO: global_step=348974, episodic_return=-68.41862487792969
2022-11-15 02:59:10,426 - INFO: global_step=349974, episodic_return=-81.45967864990234
2022-11-15 02:59:13,442 - INFO: global_step=350974, episodic_return=-85.84806060791016
2022-11-15 02:59:15,129 - INFO: global_step=351974, episodic_return=-63.212547302246094
2022-11-15 02:59:17,006 - INFO: global_step=352974, episodic_return=-47.868797302246094
2022-11-15 02:59:18,891 - INFO: global_step=353974, episodic_return=-63.953025817871094
2022-11-15 02:59:20,807 - INFO: global_step=354974, episodic_return=-68.48055267333984
2022-11-15 02:59:23,294 - INFO: global_step=355974, episodic_return=-91.52803039550781
2022-11-15 02:59:25,503 - INFO: global_step=356974, episodic_return=-33.16933059692383
2022-11-15 02:59:27,198 - INFO: global_step=357974, episodic_return=-24.017980575561523
2022-11-15 02:59:28,986 - INFO: global_step=358974, episodic_return=-56.148643493652344
2022-11-15 02:59:31,468 - INFO: global_step=359974, episodic_return=-65.38847351074219
2022-11-15 02:59:33,067 - INFO: global_step=360974, episodic_return=-60.413299560546875
2022-11-15 02:59:35,263 - INFO: global_step=361974, episodic_return=-46.89774703979492
2022-11-15 02:59:37,018 - INFO: global_step=362974, episodic_return=-10.303388595581055
2022-11-15 02:59:39,134 - INFO: global_step=363905, episodic_return=139.78475952148438
2022-11-15 02:59:39,968 - INFO: global_step=364456, episodic_return=-123.75009155273438
2022-11-15 02:59:41,853 - INFO: global_step=365456, episodic_return=-71.74453735351562
2022-11-15 02:59:42,132 - INFO: global_step=365743, episodic_return=-24.2965087890625
2022-11-15 02:59:43,996 - INFO: global_step=366743, episodic_return=-87.18924713134766
2022-11-15 02:59:44,291 - INFO: global_step=367049, episodic_return=-111.10505676269531
2022-11-15 02:59:45,956 - INFO: global_step=368049, episodic_return=-63.32421875
2022-11-15 02:59:48,683 - INFO: global_step=369049, episodic_return=-79.74124908447266
2022-11-15 02:59:50,886 - INFO: global_step=370049, episodic_return=-63.65059280395508
2022-11-15 02:59:53,464 - INFO: global_step=370979, episodic_return=-302.7977294921875
2022-11-15 02:59:55,363 - INFO: global_step=371979, episodic_return=-39.22512435913086
2022-11-15 02:59:55,545 - INFO: global_step=372171, episodic_return=-117.5393295288086
2022-11-15 02:59:55,665 - INFO: global_step=372297, episodic_return=-82.290283203125
2022-11-15 02:59:57,494 - INFO: global_step=373297, episodic_return=-91.7216796875
2022-11-15 02:59:59,422 - INFO: global_step=374297, episodic_return=-88.84415435791016
2022-11-15 03:00:00,963 - INFO: global_step=375297, episodic_return=-45.163692474365234
2022-11-15 03:00:02,531 - INFO: global_step=376297, episodic_return=-58.72712707519531
2022-11-15 03:00:04,654 - INFO: global_step=377263, episodic_return=82.90898132324219
2022-11-15 03:00:06,130 - INFO: global_step=378263, episodic_return=-43.1485710144043
2022-11-15 03:00:07,996 - INFO: global_step=379263, episodic_return=138.69241333007812
2022-11-15 03:00:10,703 - INFO: global_step=380263, episodic_return=-35.39176940917969
2022-11-15 03:00:12,468 - INFO: global_step=381263, episodic_return=-48.27913284301758
2022-11-15 03:00:14,040 - INFO: global_step=382263, episodic_return=-57.2352294921875
2022-11-15 03:00:15,780 - INFO: global_step=383263, episodic_return=-19.764039993286133
2022-11-15 03:00:16,359 - INFO: global_step=383710, episodic_return=182.3730010986328
2022-11-15 03:00:17,453 - INFO: global_step=384489, episodic_return=-115.5849380493164
2022-11-15 03:00:19,324 - INFO: global_step=385489, episodic_return=6.020715713500977
2022-11-15 03:00:21,040 - INFO: global_step=386489, episodic_return=14.2826509475708
2022-11-15 03:00:22,430 - INFO: global_step=387489, episodic_return=-54.2053108215332
2022-11-15 03:00:24,131 - INFO: global_step=388489, episodic_return=23.213977813720703
2022-11-15 03:00:27,253 - INFO: global_step=389489, episodic_return=-51.56340026855469
2022-11-15 03:00:29,345 - INFO: global_step=390489, episodic_return=-7.356660842895508
2022-11-15 03:00:31,725 - INFO: global_step=391489, episodic_return=-34.044132232666016
2022-11-15 03:00:33,310 - INFO: global_step=392489, episodic_return=-12.6864013671875
2022-11-15 03:00:35,054 - INFO: global_step=393489, episodic_return=-10.393135070800781
2022-11-15 03:00:36,386 - INFO: global_step=394489, episodic_return=-24.301515579223633
2022-11-15 03:00:38,530 - INFO: global_step=395489, episodic_return=-34.14870071411133
2022-11-15 03:00:40,497 - INFO: global_step=396489, episodic_return=-38.335147857666016
2022-11-15 03:00:42,650 - INFO: global_step=397489, episodic_return=-8.41237735748291
2022-11-15 03:00:44,477 - INFO: global_step=398489, episodic_return=-57.437469482421875
2022-11-15 03:00:46,251 - INFO: global_step=399489, episodic_return=-6.358181476593018
2022-11-15 03:00:48,277 - INFO: global_step=400489, episodic_return=-43.25508499145508
2022-11-15 03:00:50,112 - INFO: global_step=401489, episodic_return=-20.04637908935547
2022-11-15 03:00:52,962 - INFO: global_step=402489, episodic_return=-14.018775939941406
2022-11-15 03:00:55,489 - INFO: global_step=403489, episodic_return=-48.070594787597656
2022-11-15 03:00:57,558 - INFO: global_step=404489, episodic_return=-50.34940719604492
2022-11-15 03:00:59,881 - INFO: global_step=405489, episodic_return=-32.652835845947266
2022-11-15 03:01:01,967 - INFO: global_step=406489, episodic_return=-47.961997985839844
2022-11-15 03:01:03,571 - INFO: global_step=407489, episodic_return=-15.792584419250488
2022-11-15 03:01:05,738 - INFO: global_step=408489, episodic_return=4.9511027336120605
2022-11-15 03:01:07,632 - INFO: global_step=409489, episodic_return=-15.456300735473633
2022-11-15 03:01:09,605 - INFO: global_step=410489, episodic_return=-1.3275437355041504
2022-11-15 03:01:11,333 - INFO: global_step=411489, episodic_return=-20.96703338623047
2022-11-15 03:01:13,426 - INFO: global_step=412489, episodic_return=-50.16844177246094
2022-11-15 03:01:15,557 - INFO: global_step=413489, episodic_return=16.165746688842773
2022-11-15 03:01:17,860 - INFO: global_step=414489, episodic_return=-24.989200592041016
2022-11-15 03:01:19,623 - INFO: global_step=415489, episodic_return=-26.620410919189453
2022-11-15 03:01:21,553 - INFO: global_step=416489, episodic_return=-8.131524085998535
2022-11-15 03:01:23,385 - INFO: global_step=417489, episodic_return=7.93351411819458
2022-11-15 03:01:25,381 - INFO: global_step=418489, episodic_return=-64.26714324951172
2022-11-15 03:01:27,885 - INFO: global_step=419489, episodic_return=0.11202707886695862
2022-11-15 03:01:29,989 - INFO: global_step=420489, episodic_return=-57.113826751708984
2022-11-15 03:01:31,470 - INFO: global_step=421489, episodic_return=-19.934282302856445
2022-11-15 03:01:33,399 - INFO: global_step=422489, episodic_return=33.72297668457031
2022-11-15 03:01:35,160 - INFO: global_step=423467, episodic_return=-169.74331665039062
2022-11-15 03:01:36,996 - INFO: global_step=424467, episodic_return=-13.160529136657715
2022-11-15 03:01:39,254 - INFO: global_step=425467, episodic_return=-61.90205383300781
2022-11-15 03:01:41,421 - INFO: global_step=426467, episodic_return=-40.44740676879883
2022-11-15 03:01:43,225 - INFO: global_step=427467, episodic_return=-31.234848022460938
2022-11-15 03:01:44,795 - INFO: global_step=428467, episodic_return=-31.166135787963867
2022-11-15 03:01:47,065 - INFO: global_step=429467, episodic_return=-56.29026412963867
2022-11-15 03:01:49,554 - INFO: global_step=430467, episodic_return=-78.0737533569336
2022-11-15 03:01:51,356 - INFO: global_step=431467, episodic_return=-69.60391235351562
2022-11-15 03:01:53,602 - INFO: global_step=432467, episodic_return=-117.23036193847656
2022-11-15 03:01:56,141 - INFO: global_step=433467, episodic_return=-67.45011901855469
2022-11-15 03:01:58,248 - INFO: global_step=434467, episodic_return=-19.719009399414062
2022-11-15 03:02:00,465 - INFO: global_step=435467, episodic_return=-90.50605010986328
2022-11-15 03:02:02,486 - INFO: global_step=436467, episodic_return=-67.0680923461914
2022-11-15 03:02:03,905 - INFO: global_step=437467, episodic_return=-45.129695892333984
2022-11-15 03:02:06,168 - INFO: global_step=438467, episodic_return=-65.69854736328125
2022-11-15 03:02:07,979 - INFO: global_step=439467, episodic_return=-107.1248550415039
2022-11-15 03:02:09,470 - INFO: global_step=440467, episodic_return=-67.22586822509766
2022-11-15 03:02:11,842 - INFO: global_step=441467, episodic_return=-99.54573059082031
2022-11-15 03:02:14,375 - INFO: global_step=442467, episodic_return=-21.414363861083984
2022-11-15 03:02:16,451 - INFO: global_step=443467, episodic_return=-55.21726608276367
2022-11-15 03:02:18,109 - INFO: global_step=444467, episodic_return=-40.33970642089844
2022-11-15 03:02:20,900 - INFO: global_step=445467, episodic_return=-35.62540054321289
2022-11-15 03:02:23,000 - INFO: global_step=446467, episodic_return=26.07603645324707
2022-11-15 03:02:24,740 - INFO: global_step=447467, episodic_return=-46.22677230834961
2022-11-15 03:02:26,776 - INFO: global_step=448467, episodic_return=-65.74349975585938
2022-11-15 03:02:28,980 - INFO: global_step=449467, episodic_return=-27.193037033081055
2022-11-15 03:02:31,617 - INFO: global_step=450467, episodic_return=-46.878726959228516
2022-11-15 03:02:33,786 - INFO: global_step=451467, episodic_return=-83.78524017333984
2022-11-15 03:02:35,691 - INFO: global_step=452467, episodic_return=-59.64190673828125
2022-11-15 03:02:37,598 - INFO: global_step=453467, episodic_return=-53.37751388549805
2022-11-15 03:02:39,922 - INFO: global_step=454467, episodic_return=-43.83440017700195
2022-11-15 03:02:41,614 - INFO: global_step=455467, episodic_return=-59.858516693115234
2022-11-15 03:02:43,202 - INFO: global_step=456467, episodic_return=-76.37135314941406
2022-11-15 03:02:45,056 - INFO: global_step=457467, episodic_return=-59.14577865600586
2022-11-15 03:02:47,171 - INFO: global_step=458467, episodic_return=-60.42810821533203
2022-11-15 03:02:49,283 - INFO: global_step=459467, episodic_return=-39.47115707397461
2022-11-15 03:02:51,856 - INFO: global_step=460467, episodic_return=-58.13660430908203
2022-11-15 03:02:54,526 - INFO: global_step=461467, episodic_return=-39.557350158691406
2022-11-15 03:02:56,928 - INFO: global_step=462467, episodic_return=-90.07467651367188
2022-11-15 03:02:59,040 - INFO: global_step=463467, episodic_return=-37.08649826049805
2022-11-15 03:03:00,722 - INFO: global_step=464467, episodic_return=-17.10744857788086
2022-11-15 03:03:02,652 - INFO: global_step=465467, episodic_return=-65.4032211303711
2022-11-15 03:03:04,669 - INFO: global_step=466467, episodic_return=-51.872249603271484
2022-11-15 03:03:06,575 - INFO: global_step=467467, episodic_return=-12.732339859008789
2022-11-15 03:03:08,165 - INFO: global_step=468467, episodic_return=-77.2730941772461
2022-11-15 03:03:09,620 - INFO: global_step=469467, episodic_return=-51.573856353759766
2022-11-15 03:03:11,398 - INFO: global_step=470467, episodic_return=-67.4169921875
2022-11-15 03:03:13,599 - INFO: global_step=471467, episodic_return=-28.980356216430664
2022-11-15 03:03:16,132 - INFO: global_step=472467, episodic_return=-62.594329833984375
2022-11-15 03:03:17,654 - INFO: global_step=473467, episodic_return=-19.19243621826172
2022-11-15 03:03:20,267 - INFO: global_step=474467, episodic_return=-20.649486541748047
2022-11-15 03:03:21,869 - INFO: global_step=475276, episodic_return=195.11196899414062
2022-11-15 03:03:23,223 - INFO: global_step=476276, episodic_return=-35.89961242675781
2022-11-15 03:03:24,152 - INFO: global_step=476841, episodic_return=171.15188598632812
2022-11-15 03:03:26,133 - INFO: global_step=477809, episodic_return=73.83332824707031
2022-11-15 03:03:27,196 - INFO: global_step=478431, episodic_return=-58.761802673339844
2022-11-15 03:03:29,229 - INFO: global_step=479431, episodic_return=-52.074398040771484
2022-11-15 03:03:31,786 - INFO: global_step=480431, episodic_return=-58.28584671020508
2022-11-15 03:03:34,384 - INFO: global_step=481431, episodic_return=-69.45845031738281
2022-11-15 03:03:36,248 - INFO: global_step=482431, episodic_return=-62.31352615356445
2022-11-15 03:03:38,524 - INFO: global_step=483431, episodic_return=-81.93994903564453
2022-11-15 03:03:39,986 - INFO: global_step=484431, episodic_return=-59.9848747253418
2022-11-15 03:03:41,571 - INFO: global_step=485431, episodic_return=-53.55448532104492
2022-11-15 03:03:44,004 - INFO: global_step=486431, episodic_return=-54.36112976074219
2022-11-15 03:03:46,111 - INFO: global_step=487431, episodic_return=-62.40987777709961
2022-11-15 03:03:48,151 - INFO: global_step=488431, episodic_return=-51.0809326171875
2022-11-15 03:03:49,928 - INFO: global_step=489431, episodic_return=-23.12739372253418
2022-11-15 03:03:52,073 - INFO: global_step=490431, episodic_return=-44.317142486572266
2022-11-15 03:03:53,873 - INFO: global_step=491431, episodic_return=-35.59171676635742
2022-11-15 03:03:56,058 - INFO: global_step=492431, episodic_return=9.078136444091797
2022-11-15 03:03:57,724 - INFO: global_step=493431, episodic_return=108.20490264892578
2022-11-15 03:03:59,759 - INFO: global_step=494431, episodic_return=33.483734130859375
2022-11-15 03:04:02,574 - INFO: global_step=495431, episodic_return=-35.25339889526367
2022-11-15 03:04:04,554 - INFO: global_step=496431, episodic_return=14.482002258300781
2022-11-15 03:04:06,905 - INFO: global_step=497431, episodic_return=-20.516868591308594
2022-11-15 03:04:09,508 - INFO: global_step=498431, episodic_return=19.0236759185791
2022-11-15 03:04:11,807 - INFO: global_step=499431, episodic_return=-38.48482131958008
2022-11-15 03:04:12,722 - INFO: The average reward of last 20 steps: -28.320398139953614
