2022-11-15 03:20:04,770 - INFO: +--------------------------+----------------+
| Parameter                | Value          |
+--------------------------+----------------+
| exp_name                 | dqn            |
+--------------------------+----------------+
| seed                     | 42             |
+--------------------------+----------------+
| total_timesteps          | 500000         |
+--------------------------+----------------+
| learning_rate            | 0.001          |
+--------------------------+----------------+
| buffer_size              | 2000           |
+--------------------------+----------------+
| gamma                    | 0.982          |
+--------------------------+----------------+
| target_network_frequency | 50             |
+--------------------------+----------------+
| batch_size               | 128            |
+--------------------------+----------------+
| start_e                  | 0.500          |
+--------------------------+----------------+
| end_e                    | 0.010          |
+--------------------------+----------------+
| exploration_fraction     | 0.050          |
+--------------------------+----------------+
| learning_starts          | 10000          |
+--------------------------+----------------+
| train_frequency          | 10             |
+--------------------------+----------------+
| env_id                   | LunarLander-v2 |
+--------------------------+----------------+
2022-11-15 03:20:07,447 - INFO: global_step=117, episodic_return=-522.0361938476562
2022-11-15 03:20:07,468 - INFO: global_step=177, episodic_return=-309.25958251953125
2022-11-15 03:20:07,598 - INFO: global_step=410, episodic_return=-668.8887939453125
2022-11-15 03:20:07,631 - INFO: global_step=480, episodic_return=-481.5799560546875
2022-11-15 03:20:07,660 - INFO: global_step=543, episodic_return=-113.24115753173828
2022-11-15 03:20:07,684 - INFO: global_step=599, episodic_return=-122.83190155029297
2022-11-15 03:20:07,716 - INFO: global_step=679, episodic_return=-441.2730407714844
2022-11-15 03:20:07,740 - INFO: global_step=736, episodic_return=-82.58345031738281
2022-11-15 03:20:07,761 - INFO: global_step=797, episodic_return=-439.63690185546875
2022-11-15 03:20:07,793 - INFO: global_step=877, episodic_return=-440.10760498046875
2022-11-15 03:20:07,832 - INFO: global_step=966, episodic_return=-287.92529296875
2022-11-15 03:20:07,854 - INFO: global_step=1031, episodic_return=-94.28186798095703
2022-11-15 03:20:07,900 - INFO: global_step=1140, episodic_return=-523.9339599609375
2022-11-15 03:20:07,928 - INFO: global_step=1219, episodic_return=-437.5093688964844
2022-11-15 03:20:07,980 - INFO: global_step=1348, episodic_return=-592.226318359375
2022-11-15 03:20:08,022 - INFO: global_step=1450, episodic_return=-397.9261474609375
2022-11-15 03:20:08,052 - INFO: global_step=1520, episodic_return=-511.88604736328125
2022-11-15 03:20:08,122 - INFO: global_step=1671, episodic_return=-548.33447265625
2022-11-15 03:20:08,155 - INFO: global_step=1750, episodic_return=-465.33544921875
2022-11-15 03:20:08,222 - INFO: global_step=1852, episodic_return=-602.123779296875
2022-11-15 03:20:08,318 - INFO: global_step=2034, episodic_return=-686.9317016601562
2022-11-15 03:20:08,352 - INFO: global_step=2111, episodic_return=-397.99407958984375
2022-11-15 03:20:08,447 - INFO: global_step=2312, episodic_return=-651.3096313476562
2022-11-15 03:20:08,490 - INFO: global_step=2396, episodic_return=-515.6007080078125
2022-11-15 03:20:08,534 - INFO: global_step=2487, episodic_return=-605.8453369140625
2022-11-15 03:20:08,747 - INFO: global_step=2803, episodic_return=-1488.2049560546875
2022-11-15 03:20:08,775 - INFO: global_step=2873, episodic_return=-499.3952941894531
2022-11-15 03:20:08,823 - INFO: global_step=2968, episodic_return=-406.0610046386719
2022-11-15 03:20:09,258 - INFO: global_step=3428, episodic_return=-1306.3974609375
2022-11-15 03:20:09,308 - INFO: global_step=3560, episodic_return=-534.6263427734375
2022-11-15 03:20:09,356 - INFO: global_step=3680, episodic_return=-653.423095703125
2022-11-15 03:20:09,378 - INFO: global_step=3739, episodic_return=-109.20951843261719
2022-11-15 03:20:09,416 - INFO: global_step=3819, episodic_return=-523.9237060546875
2022-11-15 03:20:09,502 - INFO: global_step=3989, episodic_return=-657.545654296875
2022-11-15 03:20:09,536 - INFO: global_step=4070, episodic_return=-485.3131408691406
2022-11-15 03:20:09,556 - INFO: global_step=4128, episodic_return=-101.79676818847656
2022-11-15 03:20:09,590 - INFO: global_step=4211, episodic_return=-594.6451416015625
2022-11-15 03:20:09,617 - INFO: global_step=4275, episodic_return=-127.65121459960938
2022-11-15 03:20:09,635 - INFO: global_step=4339, episodic_return=-116.7144775390625
2022-11-15 03:20:09,659 - INFO: global_step=4409, episodic_return=-528.8417358398438
2022-11-15 03:20:09,690 - INFO: global_step=4489, episodic_return=-102.86367797851562
2022-11-15 03:20:09,737 - INFO: global_step=4591, episodic_return=-440.09112548828125
2022-11-15 03:20:09,774 - INFO: global_step=4675, episodic_return=-513.9305419921875
2022-11-15 03:20:09,801 - INFO: global_step=4743, episodic_return=-422.3035583496094
2022-11-15 03:20:09,839 - INFO: global_step=4820, episodic_return=-513.3800659179688
2022-11-15 03:20:09,884 - INFO: global_step=4916, episodic_return=-458.60382080078125
2022-11-15 03:20:09,916 - INFO: global_step=5005, episodic_return=-607.3206176757812
2022-11-15 03:20:09,944 - INFO: global_step=5082, episodic_return=-627.0155639648438
2022-11-15 03:20:09,980 - INFO: global_step=5161, episodic_return=-415.4231262207031
2022-11-15 03:20:10,018 - INFO: global_step=5239, episodic_return=-593.491455078125
2022-11-15 03:20:10,065 - INFO: global_step=5338, episodic_return=-186.88253784179688
2022-11-15 03:20:10,087 - INFO: global_step=5391, episodic_return=-120.1802978515625
2022-11-15 03:20:10,192 - INFO: global_step=5562, episodic_return=-684.7042846679688
2022-11-15 03:20:10,226 - INFO: global_step=5631, episodic_return=-110.11578369140625
2022-11-15 03:20:10,282 - INFO: global_step=5730, episodic_return=-136.6980743408203
2022-11-15 03:20:10,314 - INFO: global_step=5798, episodic_return=-122.94222259521484
2022-11-15 03:20:10,349 - INFO: global_step=5872, episodic_return=-512.1624755859375
2022-11-15 03:20:10,412 - INFO: global_step=5985, episodic_return=-558.98681640625
2022-11-15 03:20:10,509 - INFO: global_step=6165, episodic_return=-808.4400634765625
2022-11-15 03:20:10,599 - INFO: global_step=6316, episodic_return=-630.0503540039062
2022-11-15 03:20:10,634 - INFO: global_step=6400, episodic_return=-437.29937744140625
2022-11-15 03:20:10,729 - INFO: global_step=6581, episodic_return=-1010.58251953125
2022-11-15 03:20:10,828 - INFO: global_step=6778, episodic_return=-822.5347900390625
2022-11-15 03:20:10,861 - INFO: global_step=6861, episodic_return=-399.6197204589844
2022-11-15 03:20:10,992 - INFO: global_step=7086, episodic_return=-857.5484008789062
2022-11-15 03:20:11,032 - INFO: global_step=7184, episodic_return=-570.9784545898438
2022-11-15 03:20:11,068 - INFO: global_step=7261, episodic_return=-564.381591796875
2022-11-15 03:20:11,106 - INFO: global_step=7354, episodic_return=-520.4140625
2022-11-15 03:20:11,140 - INFO: global_step=7444, episodic_return=-505.6288757324219
2022-11-15 03:20:11,165 - INFO: global_step=7510, episodic_return=-523.6217041015625
2022-11-15 03:20:11,227 - INFO: global_step=7654, episodic_return=-812.8238525390625
2022-11-15 03:20:11,257 - INFO: global_step=7723, episodic_return=-560.0435180664062
2022-11-15 03:20:11,293 - INFO: global_step=7805, episodic_return=-468.2185363769531
2022-11-15 03:20:11,339 - INFO: global_step=7911, episodic_return=-486.8232727050781
2022-11-15 03:20:11,372 - INFO: global_step=7965, episodic_return=-104.85017395019531
2022-11-15 03:20:11,438 - INFO: global_step=8070, episodic_return=-672.8319702148438
2022-11-15 03:20:11,501 - INFO: global_step=8166, episodic_return=-667.3442993164062
2022-11-15 03:20:11,551 - INFO: global_step=8235, episodic_return=-494.3276062011719
2022-11-15 03:20:11,587 - INFO: global_step=8289, episodic_return=-407.3420104980469
2022-11-15 03:20:11,645 - INFO: global_step=8381, episodic_return=-553.3970947265625
2022-11-15 03:20:11,712 - INFO: global_step=8470, episodic_return=-399.3973083496094
2022-11-15 03:20:11,750 - INFO: global_step=8532, episodic_return=-90.64640808105469
2022-11-15 03:20:11,780 - INFO: global_step=8609, episodic_return=-161.60362243652344
2022-11-15 03:20:11,843 - INFO: global_step=8736, episodic_return=-599.807373046875
2022-11-15 03:20:11,877 - INFO: global_step=8816, episodic_return=-442.2270202636719
2022-11-15 03:20:11,911 - INFO: global_step=8890, episodic_return=-578.2586059570312
2022-11-15 03:20:11,946 - INFO: global_step=8970, episodic_return=-569.9022216796875
2022-11-15 03:20:11,972 - INFO: global_step=9027, episodic_return=-118.74710083007812
2022-11-15 03:20:12,003 - INFO: global_step=9104, episodic_return=-561.0086669921875
2022-11-15 03:20:12,030 - INFO: global_step=9175, episodic_return=-591.1544189453125
2022-11-15 03:20:12,063 - INFO: global_step=9258, episodic_return=-505.52606201171875
2022-11-15 03:20:12,094 - INFO: global_step=9336, episodic_return=-539.6089477539062
2022-11-15 03:20:12,181 - INFO: global_step=9491, episodic_return=-702.094482421875
2022-11-15 03:20:12,223 - INFO: global_step=9586, episodic_return=-525.5953369140625
2022-11-15 03:20:12,249 - INFO: global_step=9643, episodic_return=-402.309326171875
2022-11-15 03:20:12,280 - INFO: global_step=9700, episodic_return=-124.88188934326172
2022-11-15 03:20:12,310 - INFO: global_step=9769, episodic_return=-510.916748046875
2022-11-15 03:20:12,334 - INFO: global_step=9830, episodic_return=-227.5594482421875
2022-11-15 03:20:12,390 - INFO: global_step=9957, episodic_return=-653.3469848632812
2022-11-15 03:20:12,421 - INFO: global_step=10015, episodic_return=-347.0264892578125
2022-11-15 03:20:12,476 - INFO: global_step=10083, episodic_return=-539.832763671875
2022-11-15 03:20:12,543 - INFO: global_step=10165, episodic_return=-492.09375
2022-11-15 03:20:12,580 - INFO: global_step=10224, episodic_return=-233.81178283691406
2022-11-15 03:20:12,627 - INFO: global_step=10302, episodic_return=-398.8912658691406
2022-11-15 03:20:12,666 - INFO: global_step=10377, episodic_return=-366.11468505859375
2022-11-15 03:20:12,718 - INFO: global_step=10463, episodic_return=-346.41827392578125
2022-11-15 03:20:12,770 - INFO: global_step=10534, episodic_return=-234.24417114257812
2022-11-15 03:20:12,803 - INFO: global_step=10593, episodic_return=-135.65509033203125
2022-11-15 03:20:12,843 - INFO: global_step=10668, episodic_return=-139.02713012695312
2022-11-15 03:20:12,899 - INFO: global_step=10766, episodic_return=-187.19822692871094
2022-11-15 03:20:12,940 - INFO: global_step=10841, episodic_return=-145.41494750976562
2022-11-15 03:20:12,995 - INFO: global_step=10931, episodic_return=-109.6218490600586
2022-11-15 03:20:13,032 - INFO: global_step=10992, episodic_return=-139.73153686523438
2022-11-15 03:20:13,074 - INFO: global_step=11056, episodic_return=-234.64674377441406
2022-11-15 03:20:13,122 - INFO: global_step=11114, episodic_return=-136.5679931640625
2022-11-15 03:20:13,161 - INFO: global_step=11166, episodic_return=-179.88082885742188
2022-11-15 03:20:13,201 - INFO: global_step=11221, episodic_return=-194.07601928710938
2022-11-15 03:20:13,253 - INFO: global_step=11299, episodic_return=-141.6667022705078
2022-11-15 03:20:13,302 - INFO: global_step=11379, episodic_return=-330.998291015625
2022-11-15 03:20:13,357 - INFO: global_step=11464, episodic_return=-191.35186767578125
2022-11-15 03:20:13,412 - INFO: global_step=11543, episodic_return=-147.10488891601562
2022-11-15 03:20:13,487 - INFO: global_step=11642, episodic_return=-40.34861373901367
2022-11-15 03:20:13,534 - INFO: global_step=11719, episodic_return=-165.6284637451172
2022-11-15 03:20:13,592 - INFO: global_step=11810, episodic_return=-274.733154296875
2022-11-15 03:20:13,634 - INFO: global_step=11874, episodic_return=-64.64759826660156
2022-11-15 03:20:13,908 - INFO: global_step=12118, episodic_return=-539.3709716796875
2022-11-15 03:20:15,955 - INFO: global_step=13118, episodic_return=77.75582122802734
2022-11-15 03:20:16,025 - INFO: global_step=13176, episodic_return=-152.73727416992188
2022-11-15 03:20:16,067 - INFO: global_step=13230, episodic_return=-110.47996520996094
2022-11-15 03:20:16,136 - INFO: global_step=13308, episodic_return=-32.95875549316406
2022-11-15 03:20:16,320 - INFO: global_step=13450, episodic_return=-219.40884399414062
2022-11-15 03:20:16,408 - INFO: global_step=13569, episodic_return=-421.7227478027344
2022-11-15 03:20:16,592 - INFO: global_step=13756, episodic_return=-397.5274353027344
2022-11-15 03:20:16,681 - INFO: global_step=13885, episodic_return=-185.5586700439453
2022-11-15 03:20:16,742 - INFO: global_step=13984, episodic_return=-292.740966796875
2022-11-15 03:20:16,844 - INFO: global_step=14119, episodic_return=-292.89208984375
2022-11-15 03:20:16,892 - INFO: global_step=14187, episodic_return=-463.92431640625
2022-11-15 03:20:16,944 - INFO: global_step=14254, episodic_return=-537.4449462890625
2022-11-15 03:20:17,103 - INFO: global_step=14476, episodic_return=-476.26422119140625
2022-11-15 03:20:17,252 - INFO: global_step=14644, episodic_return=-163.67047119140625
2022-11-15 03:20:17,460 - INFO: global_step=14861, episodic_return=-304.95867919921875
2022-11-15 03:20:17,634 - INFO: global_step=15081, episodic_return=-217.40045166015625
2022-11-15 03:20:17,842 - INFO: global_step=15328, episodic_return=-435.5174560546875
2022-11-15 03:20:17,920 - INFO: global_step=15444, episodic_return=-296.8115539550781
2022-11-15 03:20:17,965 - INFO: global_step=15524, episodic_return=-239.82485961914062
2022-11-15 03:20:18,008 - INFO: global_step=15603, episodic_return=-130.7303466796875
2022-11-15 03:20:18,175 - INFO: global_step=15814, episodic_return=-50.951499938964844
2022-11-15 03:20:18,232 - INFO: global_step=15902, episodic_return=-121.32295227050781
2022-11-15 03:20:18,364 - INFO: global_step=16113, episodic_return=-354.79937744140625
2022-11-15 03:20:18,742 - INFO: global_step=16488, episodic_return=-345.8988952636719
2022-11-15 03:20:18,894 - INFO: global_step=16671, episodic_return=-261.868896484375
2022-11-15 03:20:19,079 - INFO: global_step=16868, episodic_return=-250.93136596679688
2022-11-15 03:20:19,179 - INFO: global_step=16987, episodic_return=-294.20318603515625
2022-11-15 03:20:20,801 - INFO: global_step=17987, episodic_return=-155.06031799316406
2022-11-15 03:20:22,382 - INFO: global_step=18987, episodic_return=-90.9493637084961
2022-11-15 03:20:22,533 - INFO: global_step=19157, episodic_return=-39.935089111328125
2022-11-15 03:20:24,250 - INFO: global_step=20157, episodic_return=-133.27127075195312
2022-11-15 03:20:26,314 - INFO: global_step=21157, episodic_return=-85.19673919677734
2022-11-15 03:20:26,382 - INFO: global_step=21260, episodic_return=-419.759765625
2022-11-15 03:20:27,997 - INFO: global_step=22260, episodic_return=-99.42013549804688
2022-11-15 03:20:28,357 - INFO: global_step=22525, episodic_return=-192.36593627929688
2022-11-15 03:20:28,510 - INFO: global_step=22675, episodic_return=-71.12193298339844
2022-11-15 03:20:28,799 - INFO: global_step=22950, episodic_return=-193.07034301757812
2022-11-15 03:20:31,048 - INFO: global_step=23950, episodic_return=-207.05877685546875
2022-11-15 03:20:31,151 - INFO: global_step=24052, episodic_return=-453.3417053222656
2022-11-15 03:20:31,385 - INFO: global_step=24297, episodic_return=-521.1219482421875
2022-11-15 03:20:31,453 - INFO: global_step=24404, episodic_return=-552.031982421875
2022-11-15 03:20:31,541 - INFO: global_step=24531, episodic_return=-307.13189697265625
2022-11-15 03:20:31,712 - INFO: global_step=24738, episodic_return=-327.2913513183594
2022-11-15 03:20:31,828 - INFO: global_step=24875, episodic_return=-301.7406005859375
2022-11-15 03:20:32,063 - INFO: global_step=25131, episodic_return=-288.18865966796875
2022-11-15 03:20:32,241 - INFO: global_step=25333, episodic_return=-137.346435546875
2022-11-15 03:20:34,219 - INFO: global_step=26249, episodic_return=-223.82986450195312
2022-11-15 03:20:35,298 - INFO: global_step=26893, episodic_return=-175.7972869873047
2022-11-15 03:20:36,923 - INFO: global_step=27893, episodic_return=-144.69410705566406
2022-11-15 03:20:39,643 - INFO: global_step=28893, episodic_return=-114.31732940673828
2022-11-15 03:20:42,248 - INFO: global_step=29893, episodic_return=-87.32894134521484
2022-11-15 03:20:42,495 - INFO: global_step=30124, episodic_return=-164.01904296875
2022-11-15 03:20:44,245 - INFO: global_step=31124, episodic_return=-108.4798812866211
2022-11-15 03:20:46,110 - INFO: global_step=32124, episodic_return=-91.30973815917969
2022-11-15 03:20:46,941 - INFO: global_step=32635, episodic_return=-176.70126342773438
2022-11-15 03:20:48,742 - INFO: global_step=33521, episodic_return=-203.39337158203125
2022-11-15 03:20:50,727 - INFO: global_step=34521, episodic_return=-94.27227020263672
2022-11-15 03:20:52,428 - INFO: global_step=35521, episodic_return=-107.79400634765625
2022-11-15 03:20:54,179 - INFO: global_step=36521, episodic_return=-142.80340576171875
2022-11-15 03:20:55,792 - INFO: global_step=37521, episodic_return=-143.0944061279297
2022-11-15 03:20:58,157 - INFO: global_step=38521, episodic_return=-92.19622802734375
2022-11-15 03:21:00,221 - INFO: global_step=39521, episodic_return=-73.48617553710938
2022-11-15 03:21:02,397 - INFO: global_step=40521, episodic_return=-117.4920883178711
2022-11-15 03:21:04,738 - INFO: global_step=41521, episodic_return=-98.19325256347656
2022-11-15 03:21:06,782 - INFO: global_step=42521, episodic_return=-150.3754119873047
2022-11-15 03:21:08,597 - INFO: global_step=43521, episodic_return=-90.32379913330078
2022-11-15 03:21:08,914 - INFO: global_step=43831, episodic_return=-134.41653442382812
2022-11-15 03:21:10,425 - INFO: global_step=44831, episodic_return=-51.10890579223633
2022-11-15 03:21:12,179 - INFO: global_step=45831, episodic_return=-66.29193115234375
2022-11-15 03:21:13,758 - INFO: global_step=46831, episodic_return=-62.83932113647461
2022-11-15 03:21:15,740 - INFO: global_step=47831, episodic_return=-65.06065368652344
2022-11-15 03:21:17,630 - INFO: global_step=48831, episodic_return=-71.85469818115234
2022-11-15 03:21:19,878 - INFO: global_step=49831, episodic_return=-87.67035675048828
2022-11-15 03:21:21,188 - INFO: global_step=50831, episodic_return=-62.69553756713867
2022-11-15 03:21:22,893 - INFO: global_step=51831, episodic_return=-49.20581817626953
2022-11-15 03:21:25,447 - INFO: global_step=52831, episodic_return=-83.20848846435547
2022-11-15 03:21:26,965 - INFO: global_step=53831, episodic_return=-61.753665924072266
2022-11-15 03:21:28,996 - INFO: global_step=54831, episodic_return=-67.724853515625
2022-11-15 03:21:31,030 - INFO: global_step=55831, episodic_return=-52.17833709716797
2022-11-15 03:21:32,870 - INFO: global_step=56831, episodic_return=-93.02928161621094
2022-11-15 03:21:34,553 - INFO: global_step=57831, episodic_return=-103.06277465820312
2022-11-15 03:21:36,083 - INFO: global_step=58831, episodic_return=-122.28502655029297
2022-11-15 03:21:37,733 - INFO: global_step=59831, episodic_return=-74.09600067138672
2022-11-15 03:21:39,186 - INFO: global_step=60831, episodic_return=-118.17242431640625
2022-11-15 03:21:40,467 - INFO: global_step=61831, episodic_return=-77.44557189941406
2022-11-15 03:21:42,575 - INFO: global_step=62831, episodic_return=-120.5145034790039
2022-11-15 03:21:43,442 - INFO: global_step=63487, episodic_return=-167.14822387695312
2022-11-15 03:21:44,218 - INFO: global_step=64019, episodic_return=-152.98907470703125
2022-11-15 03:21:45,358 - INFO: global_step=64613, episodic_return=-173.18338012695312
2022-11-15 03:21:46,384 - INFO: global_step=65378, episodic_return=-147.23492431640625
2022-11-15 03:21:48,094 - INFO: global_step=66290, episodic_return=-210.2017059326172
2022-11-15 03:21:50,374 - INFO: global_step=67290, episodic_return=-68.6225357055664
2022-11-15 03:21:52,181 - INFO: global_step=68290, episodic_return=-108.19664764404297
2022-11-15 03:21:52,649 - INFO: global_step=68686, episodic_return=-141.4685821533203
2022-11-15 03:21:53,125 - INFO: global_step=69100, episodic_return=-137.80979919433594
2022-11-15 03:21:54,876 - INFO: global_step=70100, episodic_return=-94.70830535888672
2022-11-15 03:21:56,729 - INFO: global_step=71100, episodic_return=-143.90597534179688
2022-11-15 03:21:59,441 - INFO: global_step=72100, episodic_return=-123.179443359375
2022-11-15 03:22:01,303 - INFO: global_step=73100, episodic_return=-138.23028564453125
2022-11-15 03:22:02,983 - INFO: global_step=74100, episodic_return=-95.5521011352539
2022-11-15 03:22:04,851 - INFO: global_step=75100, episodic_return=-107.36309814453125
2022-11-15 03:22:07,334 - INFO: global_step=76100, episodic_return=-142.98043823242188
2022-11-15 03:22:08,028 - INFO: global_step=76652, episodic_return=-166.47984313964844
2022-11-15 03:22:09,660 - INFO: global_step=77652, episodic_return=-112.36320495605469
2022-11-15 03:22:10,718 - INFO: global_step=78449, episodic_return=-214.8013916015625
2022-11-15 03:22:12,562 - INFO: global_step=79449, episodic_return=-134.44195556640625
2022-11-15 03:22:14,176 - INFO: global_step=80449, episodic_return=-103.23424530029297
2022-11-15 03:22:16,024 - INFO: global_step=81449, episodic_return=-100.81559753417969
2022-11-15 03:22:17,818 - INFO: global_step=82449, episodic_return=-70.1292495727539
2022-11-15 03:22:19,700 - INFO: global_step=83449, episodic_return=-108.5212631225586
2022-11-15 03:22:20,990 - INFO: global_step=84449, episodic_return=-170.09791564941406
2022-11-15 03:22:22,900 - INFO: global_step=85449, episodic_return=-160.8420867919922
2022-11-15 03:22:24,181 - INFO: global_step=86449, episodic_return=-138.19198608398438
2022-11-15 03:22:25,963 - INFO: global_step=87371, episodic_return=-205.90240478515625
2022-11-15 03:22:27,395 - INFO: global_step=88371, episodic_return=-160.29173278808594
2022-11-15 03:22:28,749 - INFO: global_step=89371, episodic_return=-101.78507232666016
2022-11-15 03:22:30,164 - INFO: global_step=90371, episodic_return=-89.21597290039062
2022-11-15 03:22:31,773 - INFO: global_step=91371, episodic_return=-123.03582000732422
2022-11-15 03:22:33,574 - INFO: global_step=92371, episodic_return=-81.07893371582031
2022-11-15 03:22:36,538 - INFO: global_step=93371, episodic_return=-137.6345672607422
2022-11-15 03:22:39,396 - INFO: global_step=94371, episodic_return=-132.3045654296875
2022-11-15 03:22:41,037 - INFO: global_step=95371, episodic_return=-112.0668716430664
2022-11-15 03:22:43,538 - INFO: global_step=96371, episodic_return=-149.10995483398438
2022-11-15 03:22:45,086 - INFO: global_step=97371, episodic_return=-137.06788635253906
2022-11-15 03:22:46,740 - INFO: global_step=98243, episodic_return=-205.53106689453125
2022-11-15 03:22:49,192 - INFO: global_step=99243, episodic_return=-167.3837432861328
2022-11-15 03:22:50,593 - INFO: global_step=100243, episodic_return=-195.82557678222656
2022-11-15 03:22:52,437 - INFO: global_step=101243, episodic_return=-130.635986328125
2022-11-15 03:22:54,325 - INFO: global_step=102243, episodic_return=-105.83289337158203
2022-11-15 03:22:56,155 - INFO: global_step=103243, episodic_return=-78.75175476074219
2022-11-15 03:22:58,330 - INFO: global_step=104243, episodic_return=-144.05007934570312
2022-11-15 03:23:00,236 - INFO: global_step=105243, episodic_return=-176.93934631347656
2022-11-15 03:23:02,447 - INFO: global_step=106243, episodic_return=-156.07456970214844
2022-11-15 03:23:05,222 - INFO: global_step=107243, episodic_return=-187.17140197753906
2022-11-15 03:23:07,217 - INFO: global_step=108243, episodic_return=-94.59838104248047
2022-11-15 03:23:08,872 - INFO: global_step=109243, episodic_return=-99.04459381103516
2022-11-15 03:23:11,375 - INFO: global_step=110243, episodic_return=-130.29551696777344
2022-11-15 03:23:12,961 - INFO: global_step=111243, episodic_return=-174.80374145507812
2022-11-15 03:23:14,658 - INFO: global_step=112243, episodic_return=-74.6539535522461
2022-11-15 03:23:16,786 - INFO: global_step=113243, episodic_return=-145.41903686523438
2022-11-15 03:23:18,504 - INFO: global_step=114243, episodic_return=-126.560302734375
2022-11-15 03:23:20,521 - INFO: global_step=115243, episodic_return=-157.09446716308594
2022-11-15 03:23:22,235 - INFO: global_step=116243, episodic_return=-152.1965789794922
2022-11-15 03:23:25,153 - INFO: global_step=117243, episodic_return=-102.69842529296875
2022-11-15 03:23:28,069 - INFO: global_step=118243, episodic_return=-186.79904174804688
2022-11-15 03:23:30,088 - INFO: global_step=119243, episodic_return=-104.46173858642578
2022-11-15 03:23:31,828 - INFO: global_step=120243, episodic_return=-139.5288543701172
2022-11-15 03:23:33,426 - INFO: global_step=121243, episodic_return=-102.37262725830078
2022-11-15 03:23:35,575 - INFO: global_step=122243, episodic_return=-147.54611206054688
2022-11-15 03:23:37,419 - INFO: global_step=123243, episodic_return=-170.3507537841797
2022-11-15 03:23:39,414 - INFO: global_step=124243, episodic_return=-162.00433349609375
2022-11-15 03:23:41,682 - INFO: global_step=125243, episodic_return=-121.96692657470703
2022-11-15 03:23:43,701 - INFO: global_step=126243, episodic_return=-134.3707275390625
2022-11-15 03:23:45,438 - INFO: global_step=127243, episodic_return=-156.39297485351562
2022-11-15 03:23:47,161 - INFO: global_step=128243, episodic_return=-88.26461791992188
2022-11-15 03:23:49,698 - INFO: global_step=129243, episodic_return=-128.78765869140625
2022-11-15 03:23:51,876 - INFO: global_step=130243, episodic_return=-49.31421661376953
2022-11-15 03:23:54,319 - INFO: global_step=131243, episodic_return=-98.72029113769531
2022-11-15 03:23:56,431 - INFO: global_step=132243, episodic_return=-94.0594253540039
2022-11-15 03:23:58,105 - INFO: global_step=133243, episodic_return=-79.13223266601562
2022-11-15 03:23:59,598 - INFO: global_step=134243, episodic_return=-73.67294311523438
2022-11-15 03:24:01,468 - INFO: global_step=135243, episodic_return=-93.90677642822266
2022-11-15 03:24:02,940 - INFO: global_step=136243, episodic_return=-56.7827033996582
2022-11-15 03:24:05,789 - INFO: global_step=137243, episodic_return=-72.98336791992188
2022-11-15 03:24:07,672 - INFO: global_step=138243, episodic_return=-34.96883010864258
2022-11-15 03:24:10,077 - INFO: global_step=139243, episodic_return=-63.610225677490234
2022-11-15 03:24:11,690 - INFO: global_step=140243, episodic_return=-122.44268035888672
2022-11-15 03:24:13,659 - INFO: global_step=141243, episodic_return=-74.65518188476562
2022-11-15 03:24:15,431 - INFO: global_step=142243, episodic_return=-90.64447021484375
2022-11-15 03:24:17,165 - INFO: global_step=143243, episodic_return=-106.33518981933594
2022-11-15 03:24:18,907 - INFO: global_step=144243, episodic_return=-22.51433563232422
2022-11-15 03:24:21,176 - INFO: global_step=145243, episodic_return=-50.04715347290039
2022-11-15 03:24:22,584 - INFO: global_step=146243, episodic_return=-24.55045509338379
2022-11-15 03:24:24,806 - INFO: global_step=147243, episodic_return=-123.91798400878906
2022-11-15 03:24:26,970 - INFO: global_step=148243, episodic_return=-113.08084106445312
2022-11-15 03:24:28,965 - INFO: global_step=149243, episodic_return=-84.4377212524414
2022-11-15 03:24:30,390 - INFO: global_step=150243, episodic_return=-55.74476623535156
2022-11-15 03:24:32,103 - INFO: global_step=151243, episodic_return=-89.18274688720703
2022-11-15 03:24:35,119 - INFO: global_step=152243, episodic_return=-85.79437255859375
2022-11-15 03:24:36,563 - INFO: global_step=153243, episodic_return=-82.56822967529297
2022-11-15 03:24:38,609 - INFO: global_step=154243, episodic_return=-103.83960723876953
2022-11-15 03:24:40,725 - INFO: global_step=155243, episodic_return=-111.20691680908203
2022-11-15 03:24:42,858 - INFO: global_step=156243, episodic_return=-52.76543045043945
2022-11-15 03:24:44,195 - INFO: global_step=157243, episodic_return=-65.17961120605469
2022-11-15 03:24:46,033 - INFO: global_step=158243, episodic_return=-84.28214263916016
2022-11-15 03:24:46,693 - INFO: global_step=158776, episodic_return=-142.1841583251953
2022-11-15 03:24:48,552 - INFO: global_step=159776, episodic_return=-59.68687057495117
2022-11-15 03:24:50,709 - INFO: global_step=160776, episodic_return=-94.23025512695312
2022-11-15 03:24:52,662 - INFO: global_step=161776, episodic_return=-94.64091491699219
2022-11-15 03:24:53,322 - INFO: global_step=162279, episodic_return=-164.62576293945312
2022-11-15 03:24:53,548 - INFO: global_step=162521, episodic_return=-255.72299194335938
2022-11-15 03:24:53,699 - INFO: global_step=162699, episodic_return=-274.78826904296875
2022-11-15 03:24:53,806 - INFO: global_step=162841, episodic_return=-220.70672607421875
2022-11-15 03:24:54,058 - INFO: global_step=163073, episodic_return=-276.9832763671875
2022-11-15 03:24:54,135 - INFO: global_step=163173, episodic_return=-227.6404266357422
2022-11-15 03:24:55,867 - INFO: global_step=164173, episodic_return=-111.8267822265625
2022-11-15 03:24:57,420 - INFO: global_step=165173, episodic_return=-114.0398178100586
2022-11-15 03:24:59,106 - INFO: global_step=166173, episodic_return=-144.88372802734375
2022-11-15 03:25:00,065 - INFO: global_step=166905, episodic_return=-165.53976440429688
2022-11-15 03:25:00,562 - INFO: global_step=167321, episodic_return=-165.39578247070312
2022-11-15 03:25:01,803 - INFO: global_step=168161, episodic_return=-199.33218383789062
2022-11-15 03:25:01,890 - INFO: global_step=168287, episodic_return=-120.90337371826172
2022-11-15 03:25:02,786 - INFO: global_step=168923, episodic_return=-186.90090942382812
2022-11-15 03:25:04,537 - INFO: global_step=169793, episodic_return=-236.823974609375
2022-11-15 03:25:05,131 - INFO: global_step=170235, episodic_return=-182.73495483398438
2022-11-15 03:25:05,300 - INFO: global_step=170375, episodic_return=-143.2039031982422
2022-11-15 03:25:05,543 - INFO: global_step=170602, episodic_return=-113.49948120117188
2022-11-15 03:25:05,699 - INFO: global_step=170779, episodic_return=-175.8702392578125
2022-11-15 03:25:07,499 - INFO: global_step=171779, episodic_return=-133.42843627929688
2022-11-15 03:25:08,608 - INFO: global_step=172388, episodic_return=-261.91741943359375
2022-11-15 03:25:08,858 - INFO: global_step=172619, episodic_return=-157.41726684570312
2022-11-15 03:25:09,318 - INFO: global_step=172999, episodic_return=-190.06036376953125
2022-11-15 03:25:09,689 - INFO: global_step=173332, episodic_return=-164.6488037109375
2022-11-15 03:25:09,838 - INFO: global_step=173477, episodic_return=-96.62654876708984
2022-11-15 03:25:11,360 - INFO: global_step=174477, episodic_return=-106.43697357177734
2022-11-15 03:25:13,771 - INFO: global_step=175477, episodic_return=-126.63195037841797
2022-11-15 03:25:14,221 - INFO: global_step=175831, episodic_return=-155.36538696289062
2022-11-15 03:25:14,344 - INFO: global_step=175966, episodic_return=-98.05903625488281
2022-11-15 03:25:15,847 - INFO: global_step=176966, episodic_return=-115.10980224609375
2022-11-15 03:25:16,450 - INFO: global_step=177384, episodic_return=-156.973388671875
2022-11-15 03:25:19,017 - INFO: global_step=178384, episodic_return=-89.0182876586914
2022-11-15 03:25:21,594 - INFO: global_step=179384, episodic_return=-99.65816497802734
2022-11-15 03:25:21,699 - INFO: global_step=179502, episodic_return=-149.26319885253906
2022-11-15 03:25:21,789 - INFO: global_step=179619, episodic_return=-162.74098205566406
2022-11-15 03:25:23,661 - INFO: global_step=180619, episodic_return=-88.3383560180664
2022-11-15 03:25:24,079 - INFO: global_step=180955, episodic_return=-243.3446502685547
2022-11-15 03:25:25,328 - INFO: global_step=181656, episodic_return=-305.278564453125
2022-11-15 03:25:25,706 - INFO: global_step=182010, episodic_return=-114.0506591796875
2022-11-15 03:25:26,722 - INFO: global_step=182757, episodic_return=-180.2276611328125
2022-11-15 03:25:28,946 - INFO: global_step=183757, episodic_return=-114.78404235839844
2022-11-15 03:25:30,786 - INFO: global_step=184757, episodic_return=-105.16273498535156
2022-11-15 03:25:32,552 - INFO: global_step=185757, episodic_return=-59.55306625366211
2022-11-15 03:25:34,957 - INFO: global_step=186757, episodic_return=-126.69749450683594
2022-11-15 03:25:35,105 - INFO: global_step=186929, episodic_return=-123.94451141357422
2022-11-15 03:25:37,179 - INFO: global_step=187929, episodic_return=-108.10235595703125
2022-11-15 03:25:39,220 - INFO: global_step=188929, episodic_return=-98.91805267333984
2022-11-15 03:25:41,583 - INFO: global_step=189929, episodic_return=-135.89695739746094
2022-11-15 03:25:42,952 - INFO: global_step=190929, episodic_return=-68.01996612548828
2022-11-15 03:25:45,059 - INFO: global_step=191929, episodic_return=-59.44915771484375
2022-11-15 03:25:46,705 - INFO: global_step=192929, episodic_return=-38.51614761352539
2022-11-15 03:25:48,560 - INFO: global_step=193929, episodic_return=-64.48760986328125
2022-11-15 03:25:50,220 - INFO: global_step=194929, episodic_return=-87.22528076171875
2022-11-15 03:25:52,071 - INFO: global_step=195929, episodic_return=-94.11055755615234
2022-11-15 03:25:53,720 - INFO: global_step=196929, episodic_return=-55.851009368896484
2022-11-15 03:25:55,938 - INFO: global_step=197929, episodic_return=-106.42337036132812
2022-11-15 03:25:57,919 - INFO: global_step=198929, episodic_return=-73.81328582763672
2022-11-15 03:26:00,064 - INFO: global_step=199929, episodic_return=-104.24746704101562
2022-11-15 03:26:01,895 - INFO: global_step=200929, episodic_return=-103.52857208251953
2022-11-15 03:26:04,253 - INFO: global_step=201929, episodic_return=-61.57993698120117
2022-11-15 03:26:05,967 - INFO: global_step=202929, episodic_return=-132.1804962158203
2022-11-15 03:26:07,580 - INFO: global_step=203929, episodic_return=-101.3418960571289
2022-11-15 03:26:09,200 - INFO: global_step=204680, episodic_return=-210.05014038085938
2022-11-15 03:26:11,453 - INFO: global_step=205680, episodic_return=-56.3889274597168
2022-11-15 03:26:13,727 - INFO: global_step=206680, episodic_return=-103.37919616699219
2022-11-15 03:26:16,062 - INFO: global_step=207680, episodic_return=-112.52547454833984
2022-11-15 03:26:16,463 - INFO: global_step=208034, episodic_return=-67.47859191894531
2022-11-15 03:26:18,279 - INFO: global_step=209034, episodic_return=-151.24034118652344
2022-11-15 03:26:19,859 - INFO: global_step=209920, episodic_return=-287.94085693359375
2022-11-15 03:26:22,424 - INFO: global_step=210920, episodic_return=-87.5215072631836
2022-11-15 03:26:24,425 - INFO: global_step=211920, episodic_return=-91.75261688232422
2022-11-15 03:26:26,711 - INFO: global_step=212920, episodic_return=-56.83509063720703
2022-11-15 03:26:29,224 - INFO: global_step=213920, episodic_return=-46.68996047973633
2022-11-15 03:26:30,920 - INFO: global_step=214920, episodic_return=-43.46870422363281
2022-11-15 03:26:33,146 - INFO: global_step=215920, episodic_return=-88.17906188964844
2022-11-15 03:26:34,797 - INFO: global_step=216920, episodic_return=-46.533607482910156
2022-11-15 03:26:36,372 - INFO: global_step=217920, episodic_return=-89.19647216796875
2022-11-15 03:26:37,922 - INFO: global_step=218920, episodic_return=-59.07048797607422
2022-11-15 03:26:39,782 - INFO: global_step=219920, episodic_return=-64.94563293457031
2022-11-15 03:26:41,452 - INFO: global_step=220920, episodic_return=-88.24137878417969
2022-11-15 03:26:43,387 - INFO: global_step=221920, episodic_return=-132.38980102539062
2022-11-15 03:26:45,244 - INFO: global_step=222920, episodic_return=-104.28292846679688
2022-11-15 03:26:46,904 - INFO: global_step=223920, episodic_return=-53.49213409423828
2022-11-15 03:26:48,873 - INFO: global_step=224920, episodic_return=-128.2386932373047
2022-11-15 03:26:51,542 - INFO: global_step=225920, episodic_return=-59.73360824584961
2022-11-15 03:26:53,234 - INFO: global_step=226920, episodic_return=-85.09711456298828
2022-11-15 03:26:55,417 - INFO: global_step=227920, episodic_return=-122.29244995117188
2022-11-15 03:26:57,394 - INFO: global_step=228920, episodic_return=-110.82841491699219
2022-11-15 03:26:58,967 - INFO: global_step=229920, episodic_return=-136.21343994140625
2022-11-15 03:27:01,345 - INFO: global_step=230920, episodic_return=-78.30255126953125
2022-11-15 03:27:03,177 - INFO: global_step=231920, episodic_return=-64.23527526855469
2022-11-15 03:27:05,195 - INFO: global_step=232920, episodic_return=-81.96453094482422
2022-11-15 03:27:07,115 - INFO: global_step=233920, episodic_return=-21.376182556152344
2022-11-15 03:27:08,631 - INFO: global_step=234920, episodic_return=-96.1142807006836
2022-11-15 03:27:11,291 - INFO: global_step=235920, episodic_return=-95.3127212524414
2022-11-15 03:27:12,701 - INFO: global_step=236920, episodic_return=-69.86558532714844
2022-11-15 03:27:13,036 - INFO: global_step=237296, episodic_return=-120.60301208496094
2022-11-15 03:27:15,573 - INFO: global_step=238296, episodic_return=-53.07218933105469
2022-11-15 03:27:17,527 - INFO: global_step=239296, episodic_return=-9.860223770141602
2022-11-15 03:27:19,013 - INFO: global_step=240296, episodic_return=-33.51457595825195
2022-11-15 03:27:20,942 - INFO: global_step=241296, episodic_return=-94.59249114990234
2022-11-15 03:27:22,331 - INFO: global_step=242296, episodic_return=-35.714508056640625
2022-11-15 03:27:24,482 - INFO: global_step=243296, episodic_return=-108.24185943603516
2022-11-15 03:27:26,012 - INFO: global_step=244296, episodic_return=-104.44739532470703
2022-11-15 03:27:28,238 - INFO: global_step=245296, episodic_return=-22.086181640625
2022-11-15 03:27:29,851 - INFO: global_step=246296, episodic_return=-41.51592254638672
2022-11-15 03:27:32,314 - INFO: global_step=247296, episodic_return=-97.52788543701172
2022-11-15 03:27:34,246 - INFO: global_step=248296, episodic_return=-115.63851165771484
2022-11-15 03:27:37,009 - INFO: global_step=249296, episodic_return=-109.68067932128906
2022-11-15 03:27:38,713 - INFO: global_step=250296, episodic_return=-103.8198471069336
2022-11-15 03:27:40,238 - INFO: global_step=251296, episodic_return=-89.50997161865234
2022-11-15 03:27:42,332 - INFO: global_step=252296, episodic_return=-78.70283508300781
2022-11-15 03:27:44,267 - INFO: global_step=253296, episodic_return=-107.53934478759766
2022-11-15 03:27:45,972 - INFO: global_step=254296, episodic_return=8.727063179016113
2022-11-15 03:27:47,951 - INFO: global_step=255296, episodic_return=-76.15528869628906
2022-11-15 03:27:50,375 - INFO: global_step=256296, episodic_return=-115.34413146972656
2022-11-15 03:27:52,611 - INFO: global_step=257296, episodic_return=-78.70950317382812
2022-11-15 03:27:54,514 - INFO: global_step=258296, episodic_return=-28.594335556030273
2022-11-15 03:27:56,748 - INFO: global_step=259296, episodic_return=-58.89204788208008
2022-11-15 03:27:58,183 - INFO: global_step=260296, episodic_return=-76.73120880126953
2022-11-15 03:28:00,035 - INFO: global_step=261296, episodic_return=-75.44486236572266
2022-11-15 03:28:02,055 - INFO: global_step=262296, episodic_return=-29.133464813232422
2022-11-15 03:28:03,829 - INFO: global_step=263296, episodic_return=-126.3167495727539
2022-11-15 03:28:05,989 - INFO: global_step=264296, episodic_return=-89.80059814453125
2022-11-15 03:28:07,909 - INFO: global_step=265296, episodic_return=-93.6072006225586
2022-11-15 03:28:09,606 - INFO: global_step=266296, episodic_return=-103.77204895019531
2022-11-15 03:28:11,372 - INFO: global_step=267296, episodic_return=-119.34204864501953
2022-11-15 03:28:13,227 - INFO: global_step=268296, episodic_return=-100.86630249023438
2022-11-15 03:28:14,970 - INFO: global_step=269296, episodic_return=-110.9610366821289
2022-11-15 03:28:15,281 - INFO: global_step=269600, episodic_return=-120.00492858886719
2022-11-15 03:28:17,119 - INFO: global_step=270600, episodic_return=-87.91603088378906
2022-11-15 03:28:17,346 - INFO: global_step=270787, episodic_return=-71.44176483154297
2022-11-15 03:28:18,285 - INFO: global_step=271320, episodic_return=-180.71066284179688
2022-11-15 03:28:18,643 - INFO: global_step=271589, episodic_return=-145.81329345703125
2022-11-15 03:28:20,769 - INFO: global_step=272589, episodic_return=-34.70014190673828
2022-11-15 03:28:22,754 - INFO: global_step=273589, episodic_return=12.023067474365234
2022-11-15 03:28:24,631 - INFO: global_step=274589, episodic_return=-88.58968353271484
2022-11-15 03:28:26,692 - INFO: global_step=275589, episodic_return=-49.07963180541992
2022-11-15 03:28:28,145 - INFO: global_step=276589, episodic_return=-60.17181396484375
2022-11-15 03:28:29,600 - INFO: global_step=277589, episodic_return=-42.26586151123047
2022-11-15 03:28:31,423 - INFO: global_step=278589, episodic_return=-106.01213836669922
2022-11-15 03:28:33,341 - INFO: global_step=279589, episodic_return=-68.50042724609375
2022-11-15 03:28:35,225 - INFO: global_step=280589, episodic_return=-115.67984008789062
2022-11-15 03:28:37,676 - INFO: global_step=281589, episodic_return=-48.39101028442383
2022-11-15 03:28:39,046 - INFO: global_step=282589, episodic_return=-94.36331939697266
2022-11-15 03:28:41,269 - INFO: global_step=283589, episodic_return=-148.21792602539062
2022-11-15 03:28:42,898 - INFO: global_step=284589, episodic_return=-42.08527374267578
2022-11-15 03:28:44,702 - INFO: global_step=285589, episodic_return=-105.96218872070312
2022-11-15 03:28:46,337 - INFO: global_step=286589, episodic_return=-118.1559066772461
2022-11-15 03:28:48,036 - INFO: global_step=287589, episodic_return=-79.74907684326172
2022-11-15 03:28:50,459 - INFO: global_step=288589, episodic_return=-48.96477508544922
2022-11-15 03:28:52,205 - INFO: global_step=289589, episodic_return=-16.2777099609375
2022-11-15 03:28:53,942 - INFO: global_step=290589, episodic_return=-67.46233367919922
2022-11-15 03:28:55,793 - INFO: global_step=291589, episodic_return=-108.34077453613281
2022-11-15 03:28:57,464 - INFO: global_step=292589, episodic_return=-51.1396598815918
2022-11-15 03:28:59,139 - INFO: global_step=293589, episodic_return=9.364388465881348
2022-11-15 03:29:00,902 - INFO: global_step=294589, episodic_return=-148.82627868652344
2022-11-15 03:29:02,981 - INFO: global_step=295589, episodic_return=-138.33718872070312
2022-11-15 03:29:05,250 - INFO: global_step=296589, episodic_return=6.770516395568848
2022-11-15 03:29:06,641 - INFO: global_step=297589, episodic_return=-60.71697235107422
2022-11-15 03:29:08,371 - INFO: global_step=298589, episodic_return=-25.20354652404785
2022-11-15 03:29:10,180 - INFO: global_step=299589, episodic_return=-78.17082977294922
2022-11-15 03:29:12,675 - INFO: global_step=300589, episodic_return=-146.21595764160156
2022-11-15 03:29:14,568 - INFO: global_step=301589, episodic_return=-74.74431610107422
2022-11-15 03:29:16,279 - INFO: global_step=302589, episodic_return=-63.19670104980469
2022-11-15 03:29:16,457 - INFO: global_step=302773, episodic_return=-86.3478012084961
2022-11-15 03:29:18,085 - INFO: global_step=303717, episodic_return=-244.65298461914062
2022-11-15 03:29:20,487 - INFO: global_step=304717, episodic_return=-40.15666961669922
2022-11-15 03:29:20,602 - INFO: global_step=304840, episodic_return=-112.78441619873047
2022-11-15 03:29:22,590 - INFO: global_step=305840, episodic_return=-49.24394226074219
2022-11-15 03:29:25,342 - INFO: global_step=306840, episodic_return=-63.28855895996094
2022-11-15 03:29:27,045 - INFO: global_step=307840, episodic_return=-47.04102325439453
2022-11-15 03:29:29,348 - INFO: global_step=308840, episodic_return=-36.2245979309082
2022-11-15 03:29:30,869 - INFO: global_step=309840, episodic_return=-46.40586471557617
2022-11-15 03:29:32,817 - INFO: global_step=310840, episodic_return=-116.43721008300781
2022-11-15 03:29:33,469 - INFO: global_step=311372, episodic_return=-156.044921875
2022-11-15 03:29:33,638 - INFO: global_step=311563, episodic_return=-102.19380950927734
2022-11-15 03:29:35,438 - INFO: global_step=312563, episodic_return=-33.6725959777832
2022-11-15 03:29:38,046 - INFO: global_step=313563, episodic_return=-32.28211975097656
2022-11-15 03:29:39,759 - INFO: global_step=314563, episodic_return=-27.916240692138672
2022-11-15 03:29:41,408 - INFO: global_step=315563, episodic_return=-52.70347595214844
2022-11-15 03:29:42,994 - INFO: global_step=316563, episodic_return=-50.801517486572266
2022-11-15 03:29:45,519 - INFO: global_step=317563, episodic_return=-92.0213623046875
2022-11-15 03:29:45,946 - INFO: global_step=317897, episodic_return=-138.72116088867188
2022-11-15 03:29:46,147 - INFO: global_step=318113, episodic_return=-130.8061065673828
2022-11-15 03:29:48,140 - INFO: global_step=319113, episodic_return=-38.257938385009766
2022-11-15 03:29:50,087 - INFO: global_step=320113, episodic_return=-41.98811340332031
2022-11-15 03:29:50,480 - INFO: global_step=320472, episodic_return=-199.05355834960938
2022-11-15 03:29:52,866 - INFO: global_step=321472, episodic_return=-91.7450180053711
2022-11-15 03:29:53,410 - INFO: global_step=321884, episodic_return=-148.08050537109375
2022-11-15 03:29:55,065 - INFO: global_step=322884, episodic_return=-93.30165100097656
2022-11-15 03:29:56,969 - INFO: global_step=323884, episodic_return=-53.46406173706055
2022-11-15 03:29:58,744 - INFO: global_step=324884, episodic_return=-80.60858154296875
2022-11-15 03:30:00,163 - INFO: global_step=325884, episodic_return=-75.42485809326172
2022-11-15 03:30:00,298 - INFO: global_step=326038, episodic_return=-96.42285919189453
2022-11-15 03:30:02,691 - INFO: global_step=327038, episodic_return=-93.25672912597656
2022-11-15 03:30:04,519 - INFO: global_step=328038, episodic_return=-86.08399963378906
2022-11-15 03:30:06,583 - INFO: global_step=329038, episodic_return=-87.56935119628906
2022-11-15 03:30:08,398 - INFO: global_step=330038, episodic_return=-43.49736785888672
2022-11-15 03:30:10,332 - INFO: global_step=331038, episodic_return=-1.9472439289093018
2022-11-15 03:30:12,670 - INFO: global_step=332038, episodic_return=-28.419612884521484
2022-11-15 03:30:14,606 - INFO: global_step=333038, episodic_return=-70.0467300415039
2022-11-15 03:30:16,468 - INFO: global_step=334038, episodic_return=-63.02084732055664
2022-11-15 03:30:18,135 - INFO: global_step=335038, episodic_return=-83.56619262695312
2022-11-15 03:30:19,611 - INFO: global_step=336038, episodic_return=-61.18337631225586
2022-11-15 03:30:21,208 - INFO: global_step=337038, episodic_return=-87.0502700805664
2022-11-15 03:30:22,740 - INFO: global_step=338038, episodic_return=-107.76205444335938
2022-11-15 03:30:24,255 - INFO: global_step=339038, episodic_return=-28.66274070739746
2022-11-15 03:30:24,539 - INFO: global_step=339310, episodic_return=-109.4404296875
2022-11-15 03:30:26,253 - INFO: global_step=340310, episodic_return=-32.69264602661133
2022-11-15 03:30:27,845 - INFO: global_step=341310, episodic_return=-33.8095817565918
2022-11-15 03:30:28,912 - INFO: global_step=342002, episodic_return=148.60134887695312
2022-11-15 03:30:29,054 - INFO: global_step=342180, episodic_return=-86.40251159667969
2022-11-15 03:30:29,179 - INFO: global_step=342321, episodic_return=-98.96468353271484
2022-11-15 03:30:31,244 - INFO: global_step=343321, episodic_return=-11.745699882507324
2022-11-15 03:30:32,802 - INFO: global_step=344321, episodic_return=-20.121950149536133
2022-11-15 03:30:35,656 - INFO: global_step=345321, episodic_return=-53.02288055419922
2022-11-15 03:30:38,070 - INFO: global_step=346321, episodic_return=-80.70540618896484
2022-11-15 03:30:39,630 - INFO: global_step=347321, episodic_return=-95.92903137207031
2022-11-15 03:30:42,154 - INFO: global_step=348301, episodic_return=-181.84103393554688
2022-11-15 03:30:44,905 - INFO: global_step=349301, episodic_return=-53.29704284667969
2022-11-15 03:30:45,657 - INFO: global_step=349855, episodic_return=-145.37704467773438
2022-11-15 03:30:45,796 - INFO: global_step=350006, episodic_return=-118.73834228515625
2022-11-15 03:30:47,859 - INFO: global_step=351006, episodic_return=-43.215614318847656
2022-11-15 03:30:49,287 - INFO: global_step=352006, episodic_return=-39.428314208984375
2022-11-15 03:30:52,003 - INFO: global_step=353006, episodic_return=-6.496827125549316
2022-11-15 03:30:53,156 - INFO: global_step=353769, episodic_return=-95.75578308105469
2022-11-15 03:30:54,673 - INFO: global_step=354769, episodic_return=-27.4614200592041
2022-11-15 03:30:56,382 - INFO: global_step=355769, episodic_return=-36.851741790771484
2022-11-15 03:30:58,326 - INFO: global_step=356769, episodic_return=-61.498741149902344
2022-11-15 03:30:59,986 - INFO: global_step=357769, episodic_return=-61.81466293334961
2022-11-15 03:31:00,189 - INFO: global_step=357993, episodic_return=-64.71087646484375
2022-11-15 03:31:01,897 - INFO: global_step=358993, episodic_return=-87.89486694335938
2022-11-15 03:31:03,699 - INFO: global_step=359993, episodic_return=-83.35370635986328
2022-11-15 03:31:05,459 - INFO: global_step=360993, episodic_return=-92.4609146118164
2022-11-15 03:31:06,850 - INFO: global_step=361993, episodic_return=-56.33518981933594
2022-11-15 03:31:08,363 - INFO: global_step=362993, episodic_return=-78.1598892211914
2022-11-15 03:31:10,026 - INFO: global_step=363993, episodic_return=-50.20974349975586
2022-11-15 03:31:10,866 - INFO: global_step=364586, episodic_return=-162.26670837402344
2022-11-15 03:31:12,866 - INFO: global_step=365586, episodic_return=-99.88333129882812
2022-11-15 03:31:15,212 - INFO: global_step=366586, episodic_return=-22.564590454101562
2022-11-15 03:31:17,287 - INFO: global_step=367586, episodic_return=-63.80777359008789
2022-11-15 03:31:19,051 - INFO: global_step=368586, episodic_return=-70.26190948486328
2022-11-15 03:31:20,628 - INFO: global_step=369586, episodic_return=-20.337772369384766
2022-11-15 03:31:22,898 - INFO: global_step=370586, episodic_return=-44.25764083862305
2022-11-15 03:31:24,311 - INFO: global_step=371586, episodic_return=-30.44791030883789
2022-11-15 03:31:24,555 - INFO: global_step=371762, episodic_return=-88.68860626220703
2022-11-15 03:31:26,155 - INFO: global_step=372762, episodic_return=-12.411213874816895
2022-11-15 03:31:28,654 - INFO: global_step=373762, episodic_return=-15.082098960876465
2022-11-15 03:31:30,615 - INFO: global_step=374762, episodic_return=16.260095596313477
2022-11-15 03:31:32,938 - INFO: global_step=375762, episodic_return=-80.13777160644531
2022-11-15 03:31:33,229 - INFO: global_step=375989, episodic_return=-96.3716812133789
2022-11-15 03:31:34,848 - INFO: global_step=376989, episodic_return=-21.96402359008789
2022-11-15 03:31:35,796 - INFO: global_step=377533, episodic_return=-90.55455780029297
2022-11-15 03:31:38,409 - INFO: global_step=378533, episodic_return=-47.02646255493164
2022-11-15 03:31:40,309 - INFO: global_step=379533, episodic_return=-36.36238479614258
2022-11-15 03:31:42,540 - INFO: global_step=380491, episodic_return=168.22650146484375
2022-11-15 03:31:44,489 - INFO: global_step=381491, episodic_return=-11.528865814208984
2022-11-15 03:31:46,176 - INFO: global_step=382491, episodic_return=-101.12395477294922
2022-11-15 03:31:48,351 - INFO: global_step=383491, episodic_return=-55.11861038208008
2022-11-15 03:31:48,532 - INFO: global_step=383685, episodic_return=-80.04438781738281
2022-11-15 03:31:51,288 - INFO: global_step=384685, episodic_return=-7.742368698120117
2022-11-15 03:31:53,753 - INFO: global_step=385685, episodic_return=54.7689323425293
2022-11-15 03:31:56,235 - INFO: global_step=386685, episodic_return=-79.599609375
2022-11-15 03:31:57,528 - INFO: global_step=387444, episodic_return=-175.72647094726562
2022-11-15 03:31:59,448 - INFO: global_step=388444, episodic_return=-70.22643280029297
2022-11-15 03:32:01,124 - INFO: global_step=389444, episodic_return=-83.81367492675781
2022-11-15 03:32:01,296 - INFO: global_step=389649, episodic_return=-117.12469482421875
2022-11-15 03:32:03,431 - INFO: global_step=390649, episodic_return=-82.47335815429688
2022-11-15 03:32:05,530 - INFO: global_step=391649, episodic_return=-37.20851516723633
2022-11-15 03:32:08,037 - INFO: global_step=392649, episodic_return=-47.05860137939453
2022-11-15 03:32:08,385 - INFO: global_step=392903, episodic_return=-93.1094970703125
2022-11-15 03:32:10,217 - INFO: global_step=393828, episodic_return=-177.92715454101562
2022-11-15 03:32:12,457 - INFO: global_step=394828, episodic_return=-63.71345138549805
2022-11-15 03:32:13,785 - INFO: global_step=395828, episodic_return=-66.04352569580078
2022-11-15 03:32:14,393 - INFO: global_step=396281, episodic_return=-119.3673324584961
2022-11-15 03:32:15,319 - INFO: global_step=396839, episodic_return=-86.57243347167969
2022-11-15 03:32:17,178 - INFO: global_step=397838, episodic_return=-163.9750213623047
2022-11-15 03:32:18,187 - INFO: global_step=398502, episodic_return=-130.80459594726562
2022-11-15 03:32:20,016 - INFO: global_step=399502, episodic_return=-132.45115661621094
2022-11-15 03:32:21,979 - INFO: global_step=400502, episodic_return=-150.514892578125
2022-11-15 03:32:23,583 - INFO: global_step=401502, episodic_return=-129.47718811035156
2022-11-15 03:32:26,012 - INFO: global_step=402502, episodic_return=-168.3022003173828
2022-11-15 03:32:27,513 - INFO: global_step=403502, episodic_return=-144.50987243652344
2022-11-15 03:32:29,819 - INFO: global_step=404502, episodic_return=-127.054931640625
2022-11-15 03:32:31,478 - INFO: global_step=405405, episodic_return=-254.860107421875
2022-11-15 03:32:32,978 - INFO: global_step=406405, episodic_return=-128.80880737304688
2022-11-15 03:32:34,047 - INFO: global_step=407198, episodic_return=-237.00181579589844
2022-11-15 03:32:35,807 - INFO: global_step=408198, episodic_return=-115.71424102783203
2022-11-15 03:32:36,265 - INFO: global_step=408584, episodic_return=-114.06205749511719
2022-11-15 03:32:38,524 - INFO: global_step=409584, episodic_return=-96.14698791503906
2022-11-15 03:32:40,898 - INFO: global_step=410584, episodic_return=-105.55262756347656
2022-11-15 03:32:42,779 - INFO: global_step=411584, episodic_return=-71.2683334350586
2022-11-15 03:32:44,421 - INFO: global_step=412584, episodic_return=-81.66576385498047
2022-11-15 03:32:46,106 - INFO: global_step=413584, episodic_return=-72.61981201171875
2022-11-15 03:32:48,217 - INFO: global_step=414584, episodic_return=-64.71297454833984
2022-11-15 03:32:50,219 - INFO: global_step=415584, episodic_return=-134.46812438964844
2022-11-15 03:32:52,032 - INFO: global_step=416584, episodic_return=-72.69001770019531
2022-11-15 03:32:53,947 - INFO: global_step=417584, episodic_return=-99.98925018310547
2022-11-15 03:32:55,989 - INFO: global_step=418584, episodic_return=-110.9122085571289
2022-11-15 03:32:57,404 - INFO: global_step=419584, episodic_return=-50.477203369140625
2022-11-15 03:32:59,818 - INFO: global_step=420584, episodic_return=-96.43059539794922
2022-11-15 03:33:01,656 - INFO: global_step=421584, episodic_return=-62.28707504272461
2022-11-15 03:33:03,084 - INFO: global_step=422584, episodic_return=-89.06355285644531
2022-11-15 03:33:04,921 - INFO: global_step=423584, episodic_return=-108.73936462402344
2022-11-15 03:33:07,223 - INFO: global_step=424584, episodic_return=-90.41490173339844
2022-11-15 03:33:09,086 - INFO: global_step=425584, episodic_return=-120.55661010742188
2022-11-15 03:33:09,412 - INFO: global_step=425908, episodic_return=-99.9004898071289
2022-11-15 03:33:10,875 - INFO: global_step=426908, episodic_return=-77.62886810302734
2022-11-15 03:33:13,021 - INFO: global_step=427908, episodic_return=-131.21229553222656
2022-11-15 03:33:13,206 - INFO: global_step=428092, episodic_return=-125.39517211914062
2022-11-15 03:33:14,855 - INFO: global_step=429092, episodic_return=-68.1773452758789
2022-11-15 03:33:16,680 - INFO: global_step=430092, episodic_return=-116.56979370117188
2022-11-15 03:33:18,249 - INFO: global_step=431092, episodic_return=-45.740291595458984
2022-11-15 03:33:20,243 - INFO: global_step=432092, episodic_return=-124.31726837158203
2022-11-15 03:33:21,787 - INFO: global_step=433092, episodic_return=-34.49272537231445
2022-11-15 03:33:23,660 - INFO: global_step=434092, episodic_return=-57.6806526184082
2022-11-15 03:33:25,341 - INFO: global_step=435092, episodic_return=-95.43473052978516
2022-11-15 03:33:25,464 - INFO: global_step=435251, episodic_return=-100.6061782836914
2022-11-15 03:33:26,787 - INFO: global_step=436251, episodic_return=-58.16986083984375
2022-11-15 03:33:28,619 - INFO: global_step=437251, episodic_return=-96.23027038574219
2022-11-15 03:33:30,412 - INFO: global_step=438251, episodic_return=-97.33875274658203
2022-11-15 03:33:32,246 - INFO: global_step=439251, episodic_return=-107.66439819335938
2022-11-15 03:33:34,168 - INFO: global_step=440251, episodic_return=-64.0377197265625
2022-11-15 03:33:37,673 - INFO: global_step=441251, episodic_return=-70.1991195678711
2022-11-15 03:33:39,350 - INFO: global_step=442251, episodic_return=-34.55320739746094
2022-11-15 03:33:41,142 - INFO: global_step=443251, episodic_return=-72.48657989501953
2022-11-15 03:33:42,738 - INFO: global_step=444251, episodic_return=-67.3231430053711
2022-11-15 03:33:44,446 - INFO: global_step=445251, episodic_return=-57.21601104736328
2022-11-15 03:33:46,509 - INFO: global_step=446251, episodic_return=-70.24078369140625
2022-11-15 03:33:46,715 - INFO: global_step=446453, episodic_return=-76.03666687011719
2022-11-15 03:33:46,875 - INFO: global_step=446638, episodic_return=-99.69760131835938
2022-11-15 03:33:49,716 - INFO: global_step=447638, episodic_return=-113.87686920166016
2022-11-15 03:33:51,116 - INFO: global_step=448638, episodic_return=-66.80602264404297
2022-11-15 03:33:53,072 - INFO: global_step=449638, episodic_return=-75.61121368408203
2022-11-15 03:33:55,461 - INFO: global_step=450638, episodic_return=-33.04804229736328
2022-11-15 03:33:57,898 - INFO: global_step=451638, episodic_return=-43.7396125793457
2022-11-15 03:34:00,274 - INFO: global_step=452638, episodic_return=-64.47520446777344
2022-11-15 03:34:02,321 - INFO: global_step=453638, episodic_return=-43.9549674987793
2022-11-15 03:34:03,812 - INFO: global_step=454638, episodic_return=-20.49721908569336
2022-11-15 03:34:05,900 - INFO: global_step=455638, episodic_return=-45.85376739501953
2022-11-15 03:34:07,969 - INFO: global_step=456638, episodic_return=-39.776634216308594
2022-11-15 03:34:09,724 - INFO: global_step=457638, episodic_return=1.4474226236343384
2022-11-15 03:34:11,876 - INFO: global_step=458638, episodic_return=-42.222450256347656
2022-11-15 03:34:12,063 - INFO: global_step=458840, episodic_return=-82.22185516357422
2022-11-15 03:34:13,909 - INFO: global_step=459840, episodic_return=-38.98020553588867
2022-11-15 03:34:16,492 - INFO: global_step=460840, episodic_return=-75.45146942138672
2022-11-15 03:34:18,148 - INFO: global_step=461840, episodic_return=-107.66465759277344
2022-11-15 03:34:20,634 - INFO: global_step=462840, episodic_return=-111.82169342041016
2022-11-15 03:34:23,170 - INFO: global_step=463840, episodic_return=-1.96615731716156
2022-11-15 03:34:25,174 - INFO: global_step=464840, episodic_return=-42.69460678100586
2022-11-15 03:34:27,033 - INFO: global_step=465840, episodic_return=-2.9978654384613037
2022-11-15 03:34:29,276 - INFO: global_step=466840, episodic_return=-72.49158477783203
2022-11-15 03:34:31,169 - INFO: global_step=467840, episodic_return=-64.80719757080078
2022-11-15 03:34:32,942 - INFO: global_step=468840, episodic_return=-124.67176818847656
2022-11-15 03:34:34,828 - INFO: global_step=469840, episodic_return=-87.6589584350586
2022-11-15 03:34:36,827 - INFO: global_step=470840, episodic_return=-106.63371276855469
2022-11-15 03:34:37,049 - INFO: global_step=471063, episodic_return=-66.47737884521484
2022-11-15 03:34:37,219 - INFO: global_step=471247, episodic_return=-88.58169555664062
2022-11-15 03:34:39,164 - INFO: global_step=472247, episodic_return=-102.4603500366211
2022-11-15 03:34:40,476 - INFO: global_step=473247, episodic_return=-131.9618682861328
2022-11-15 03:34:40,662 - INFO: global_step=473424, episodic_return=-97.15695190429688
2022-11-15 03:34:42,432 - INFO: global_step=474424, episodic_return=-79.08051300048828
2022-11-15 03:34:42,630 - INFO: global_step=474628, episodic_return=-73.2771987915039
2022-11-15 03:34:42,883 - INFO: global_step=474879, episodic_return=-91.50581359863281
2022-11-15 03:34:44,427 - INFO: global_step=475879, episodic_return=-56.28636169433594
2022-11-15 03:34:46,206 - INFO: global_step=476879, episodic_return=-106.66185760498047
2022-11-15 03:34:48,523 - INFO: global_step=477879, episodic_return=-96.58692932128906
2022-11-15 03:34:50,850 - INFO: global_step=478879, episodic_return=-74.4496078491211
2022-11-15 03:34:52,879 - INFO: global_step=479879, episodic_return=-84.59406280517578
2022-11-15 03:34:54,774 - INFO: global_step=480879, episodic_return=-61.97513198852539
2022-11-15 03:34:54,900 - INFO: global_step=481018, episodic_return=-87.58139038085938
2022-11-15 03:34:56,557 - INFO: global_step=482018, episodic_return=-7.371829986572266
2022-11-15 03:34:58,489 - INFO: global_step=483018, episodic_return=-11.226764678955078
2022-11-15 03:35:00,018 - INFO: global_step=484018, episodic_return=-89.43802642822266
2022-11-15 03:35:02,107 - INFO: global_step=485018, episodic_return=-59.06014633178711
2022-11-15 03:35:02,311 - INFO: global_step=485238, episodic_return=-81.62995910644531
2022-11-15 03:35:02,477 - INFO: global_step=485432, episodic_return=-96.63008880615234
2022-11-15 03:35:04,387 - INFO: global_step=486432, episodic_return=-80.13289642333984
2022-11-15 03:35:06,244 - INFO: global_step=487432, episodic_return=-106.475830078125
2022-11-15 03:35:09,065 - INFO: global_step=488432, episodic_return=-119.84246063232422
2022-11-15 03:35:10,755 - INFO: global_step=489432, episodic_return=-8.807921409606934
2022-11-15 03:35:12,632 - INFO: global_step=490432, episodic_return=-69.5377426147461
2022-11-15 03:35:14,348 - INFO: global_step=491432, episodic_return=-61.789119720458984
2022-11-15 03:35:15,890 - INFO: global_step=492432, episodic_return=-78.5546646118164
2022-11-15 03:35:17,457 - INFO: global_step=493432, episodic_return=-38.38853454589844
2022-11-15 03:35:17,571 - INFO: global_step=493575, episodic_return=-112.23259735107422
2022-11-15 03:35:19,218 - INFO: global_step=494575, episodic_return=-76.78587341308594
2022-11-15 03:35:20,970 - INFO: global_step=495575, episodic_return=-8.170422554016113
2022-11-15 03:35:22,401 - INFO: global_step=496436, episodic_return=-213.72344970703125
2022-11-15 03:35:23,866 - INFO: global_step=497436, episodic_return=-74.584228515625
2022-11-15 03:35:25,689 - INFO: global_step=498342, episodic_return=-177.3675994873047
2022-11-15 03:35:26,818 - INFO: global_step=499126, episodic_return=-205.63949584960938
2022-11-15 03:35:27,189 - INFO: global_step=499497, episodic_return=-121.70724487304688
2022-11-15 03:35:27,338 - INFO: global_step=499661, episodic_return=-118.51912689208984
2022-11-15 03:35:27,720 - INFO: The average reward of last 20 steps: -95.4789701461792
