2022-11-15 09:36:13,907 - INFO: +--------------------------+----------------+
| Parameter                | Value          |
+--------------------------+----------------+
| exp_name                 | dqn            |
+--------------------------+----------------+
| seed                     | 42             |
+--------------------------+----------------+
| total_timesteps          | 500000         |
+--------------------------+----------------+
| learning_rate            | 0.001          |
+--------------------------+----------------+
| buffer_size              | 2000           |
+--------------------------+----------------+
| gamma                    | 0.982          |
+--------------------------+----------------+
| target_network_frequency | 50             |
+--------------------------+----------------+
| batch_size               | 128            |
+--------------------------+----------------+
| start_e                  | 0.900          |
+--------------------------+----------------+
| end_e                    | 0.050          |
+--------------------------+----------------+
| exploration_fraction     | 0.050          |
+--------------------------+----------------+
| learning_starts          | 10000          |
+--------------------------+----------------+
| train_frequency          | 10             |
+--------------------------+----------------+
| env_id                   | LunarLander-v2 |
+--------------------------+----------------+
2022-11-15 09:36:15,889 - INFO: global_step=113, episodic_return=-330.0570373535156
2022-11-15 09:36:15,905 - INFO: global_step=182, episodic_return=-176.13406372070312
2022-11-15 09:36:15,928 - INFO: global_step=280, episodic_return=-101.77953338623047
2022-11-15 09:36:15,949 - INFO: global_step=389, episodic_return=-254.87844848632812
2022-11-15 09:36:15,966 - INFO: global_step=486, episodic_return=-306.7859802246094
2022-11-15 09:36:15,983 - INFO: global_step=586, episodic_return=-112.69541931152344
2022-11-15 09:36:15,999 - INFO: global_step=680, episodic_return=-121.21115112304688
2022-11-15 09:36:16,019 - INFO: global_step=780, episodic_return=-494.6514587402344
2022-11-15 09:36:16,044 - INFO: global_step=901, episodic_return=-127.33988952636719
2022-11-15 09:36:16,059 - INFO: global_step=977, episodic_return=-228.6932373046875
2022-11-15 09:36:16,072 - INFO: global_step=1051, episodic_return=-53.29574203491211
2022-11-15 09:36:16,086 - INFO: global_step=1130, episodic_return=-115.67056274414062
2022-11-15 09:36:16,103 - INFO: global_step=1229, episodic_return=-351.40771484375
2022-11-15 09:36:16,122 - INFO: global_step=1334, episodic_return=-291.6427001953125
2022-11-15 09:36:16,134 - INFO: global_step=1400, episodic_return=-244.49609375
2022-11-15 09:36:16,148 - INFO: global_step=1474, episodic_return=-240.63890075683594
2022-11-15 09:36:16,163 - INFO: global_step=1556, episodic_return=-137.4027099609375
2022-11-15 09:36:16,180 - INFO: global_step=1639, episodic_return=-372.0845031738281
2022-11-15 09:36:16,198 - INFO: global_step=1728, episodic_return=-222.35562133789062
2022-11-15 09:36:16,213 - INFO: global_step=1804, episodic_return=-310.3388977050781
2022-11-15 09:36:16,249 - INFO: global_step=1947, episodic_return=-221.765380859375
2022-11-15 09:36:16,263 - INFO: global_step=2017, episodic_return=-277.15325927734375
2022-11-15 09:36:16,286 - INFO: global_step=2111, episodic_return=-196.00247192382812
2022-11-15 09:36:16,305 - INFO: global_step=2184, episodic_return=-97.81526947021484
2022-11-15 09:36:16,326 - INFO: global_step=2280, episodic_return=-305.41546630859375
2022-11-15 09:36:16,342 - INFO: global_step=2364, episodic_return=-132.0672607421875
2022-11-15 09:36:16,356 - INFO: global_step=2440, episodic_return=-152.4324951171875
2022-11-15 09:36:16,407 - INFO: global_step=2636, episodic_return=-296.02032470703125
2022-11-15 09:36:16,428 - INFO: global_step=2745, episodic_return=-155.1552734375
2022-11-15 09:36:16,455 - INFO: global_step=2866, episodic_return=-280.0423583984375
2022-11-15 09:36:16,470 - INFO: global_step=2932, episodic_return=-143.88870239257812
2022-11-15 09:36:16,484 - INFO: global_step=2993, episodic_return=-94.644287109375
2022-11-15 09:36:16,510 - INFO: global_step=3110, episodic_return=-269.8375244140625
2022-11-15 09:36:16,529 - INFO: global_step=3200, episodic_return=-590.4026489257812
2022-11-15 09:36:16,557 - INFO: global_step=3330, episodic_return=-310.99169921875
2022-11-15 09:36:16,585 - INFO: global_step=3458, episodic_return=-398.41387939453125
2022-11-15 09:36:16,602 - INFO: global_step=3545, episodic_return=-442.9559020996094
2022-11-15 09:36:16,633 - INFO: global_step=3674, episodic_return=-374.3494567871094
2022-11-15 09:36:16,646 - INFO: global_step=3737, episodic_return=-108.31998443603516
2022-11-15 09:36:16,666 - INFO: global_step=3831, episodic_return=-497.8542785644531
2022-11-15 09:36:16,686 - INFO: global_step=3925, episodic_return=-392.97894287109375
2022-11-15 09:36:16,698 - INFO: global_step=3995, episodic_return=-137.4791717529297
2022-11-15 09:36:16,715 - INFO: global_step=4084, episodic_return=-518.0849609375
2022-11-15 09:36:16,752 - INFO: global_step=4228, episodic_return=-502.762451171875
2022-11-15 09:36:16,773 - INFO: global_step=4332, episodic_return=-400.111572265625
2022-11-15 09:36:16,799 - INFO: global_step=4426, episodic_return=-435.139892578125
2022-11-15 09:36:16,824 - INFO: global_step=4500, episodic_return=-241.64170837402344
2022-11-15 09:36:16,871 - INFO: global_step=4606, episodic_return=-152.9181365966797
2022-11-15 09:36:16,892 - INFO: global_step=4692, episodic_return=-89.24527740478516
2022-11-15 09:36:16,905 - INFO: global_step=4753, episodic_return=-74.35514068603516
2022-11-15 09:36:16,925 - INFO: global_step=4834, episodic_return=-498.8944091796875
2022-11-15 09:36:16,955 - INFO: global_step=4961, episodic_return=-200.35067749023438
2022-11-15 09:36:16,973 - INFO: global_step=5052, episodic_return=-401.9880676269531
2022-11-15 09:36:17,006 - INFO: global_step=5190, episodic_return=-202.48251342773438
2022-11-15 09:36:17,021 - INFO: global_step=5256, episodic_return=-124.227294921875
2022-11-15 09:36:17,037 - INFO: global_step=5326, episodic_return=-108.26464080810547
2022-11-15 09:36:17,052 - INFO: global_step=5390, episodic_return=-121.3900146484375
2022-11-15 09:36:17,066 - INFO: global_step=5450, episodic_return=-115.40145874023438
2022-11-15 09:36:17,086 - INFO: global_step=5533, episodic_return=-241.6261444091797
2022-11-15 09:36:17,105 - INFO: global_step=5618, episodic_return=-506.2763366699219
2022-11-15 09:36:17,120 - INFO: global_step=5681, episodic_return=-139.5343017578125
2022-11-15 09:36:17,143 - INFO: global_step=5770, episodic_return=-145.3103485107422
2022-11-15 09:36:17,159 - INFO: global_step=5841, episodic_return=-379.6512451171875
2022-11-15 09:36:17,186 - INFO: global_step=5954, episodic_return=-122.37651062011719
2022-11-15 09:36:17,208 - INFO: global_step=6049, episodic_return=-148.47879028320312
2022-11-15 09:36:17,256 - INFO: global_step=6224, episodic_return=-429.15179443359375
2022-11-15 09:36:17,281 - INFO: global_step=6323, episodic_return=-399.6213073730469
2022-11-15 09:36:17,319 - INFO: global_step=6453, episodic_return=-505.300537109375
2022-11-15 09:36:17,342 - INFO: global_step=6537, episodic_return=-482.7650451660156
2022-11-15 09:36:17,379 - INFO: global_step=6664, episodic_return=-412.02386474609375
2022-11-15 09:36:17,392 - INFO: global_step=6729, episodic_return=-247.39048767089844
2022-11-15 09:36:17,459 - INFO: global_step=6943, episodic_return=-243.52645874023438
2022-11-15 09:36:17,484 - INFO: global_step=7026, episodic_return=-467.625244140625
2022-11-15 09:36:17,523 - INFO: global_step=7124, episodic_return=-296.80120849609375
2022-11-15 09:36:17,543 - INFO: global_step=7209, episodic_return=-270.271240234375
2022-11-15 09:36:17,569 - INFO: global_step=7312, episodic_return=-459.7956848144531
2022-11-15 09:36:17,593 - INFO: global_step=7415, episodic_return=-412.9979553222656
2022-11-15 09:36:17,612 - INFO: global_step=7487, episodic_return=-131.25648498535156
2022-11-15 09:36:17,630 - INFO: global_step=7568, episodic_return=-464.018310546875
2022-11-15 09:36:17,654 - INFO: global_step=7666, episodic_return=-517.6685791015625
2022-11-15 09:36:17,712 - INFO: global_step=7845, episodic_return=-397.47296142578125
2022-11-15 09:36:17,727 - INFO: global_step=7909, episodic_return=-71.47413635253906
2022-11-15 09:36:17,787 - INFO: global_step=8098, episodic_return=-575.7769775390625
2022-11-15 09:36:17,871 - INFO: global_step=8319, episodic_return=-475.75970458984375
2022-11-15 09:36:17,896 - INFO: global_step=8414, episodic_return=-508.3363952636719
2022-11-15 09:36:17,913 - INFO: global_step=8473, episodic_return=-84.2733383178711
2022-11-15 09:36:17,937 - INFO: global_step=8572, episodic_return=-123.5997543334961
2022-11-15 09:36:17,954 - INFO: global_step=8641, episodic_return=-140.10247802734375
2022-11-15 09:36:17,978 - INFO: global_step=8727, episodic_return=-457.1086730957031
2022-11-15 09:36:17,994 - INFO: global_step=8788, episodic_return=13.490371704101562
2022-11-15 09:36:18,022 - INFO: global_step=8887, episodic_return=-595.3624267578125
2022-11-15 09:36:18,039 - INFO: global_step=8946, episodic_return=-75.97608184814453
2022-11-15 09:36:18,090 - INFO: global_step=9104, episodic_return=-435.53021240234375
2022-11-15 09:36:18,106 - INFO: global_step=9160, episodic_return=-94.5721206665039
2022-11-15 09:36:18,123 - INFO: global_step=9228, episodic_return=-138.76095581054688
2022-11-15 09:36:18,139 - INFO: global_step=9283, episodic_return=-103.91197204589844
2022-11-15 09:36:18,153 - INFO: global_step=9338, episodic_return=-103.0012435913086
2022-11-15 09:36:18,175 - INFO: global_step=9417, episodic_return=-425.7504577636719
2022-11-15 09:36:18,203 - INFO: global_step=9514, episodic_return=-461.0735778808594
2022-11-15 09:36:18,227 - INFO: global_step=9606, episodic_return=-421.5243835449219
2022-11-15 09:36:18,257 - INFO: global_step=9703, episodic_return=-451.4385986328125
2022-11-15 09:36:18,290 - INFO: global_step=9828, episodic_return=-430.0538024902344
2022-11-15 09:36:18,374 - INFO: global_step=10032, episodic_return=-695.7702026367188
2022-11-15 09:36:18,413 - INFO: global_step=10128, episodic_return=-382.4901123046875
2022-11-15 09:36:18,453 - INFO: global_step=10217, episodic_return=-282.9468078613281
2022-11-15 09:36:18,501 - INFO: global_step=10315, episodic_return=-120.53826904296875
2022-11-15 09:36:18,560 - INFO: global_step=10400, episodic_return=-402.0589599609375
2022-11-15 09:36:18,624 - INFO: global_step=10504, episodic_return=-306.00921630859375
2022-11-15 09:36:18,662 - INFO: global_step=10593, episodic_return=-163.19552612304688
2022-11-15 09:36:18,693 - INFO: global_step=10665, episodic_return=-282.78350830078125
2022-11-15 09:36:18,726 - INFO: global_step=10741, episodic_return=-485.53131103515625
2022-11-15 09:36:18,764 - INFO: global_step=10824, episodic_return=-467.61334228515625
2022-11-15 09:36:18,796 - INFO: global_step=10898, episodic_return=-389.49041748046875
2022-11-15 09:36:18,834 - INFO: global_step=10982, episodic_return=-404.12396240234375
2022-11-15 09:36:18,862 - INFO: global_step=11056, episodic_return=-112.01878356933594
2022-11-15 09:36:18,894 - INFO: global_step=11138, episodic_return=-136.30206298828125
2022-11-15 09:36:18,926 - INFO: global_step=11217, episodic_return=-139.42037963867188
2022-11-15 09:36:18,957 - INFO: global_step=11291, episodic_return=-108.59783935546875
2022-11-15 09:36:18,986 - INFO: global_step=11362, episodic_return=-139.8988037109375
2022-11-15 09:36:19,026 - INFO: global_step=11450, episodic_return=-120.1481704711914
2022-11-15 09:36:19,059 - INFO: global_step=11533, episodic_return=-313.4078369140625
2022-11-15 09:36:19,082 - INFO: global_step=11594, episodic_return=-61.853187561035156
2022-11-15 09:36:19,115 - INFO: global_step=11667, episodic_return=-182.71881103515625
2022-11-15 09:36:19,145 - INFO: global_step=11736, episodic_return=-248.88290405273438
2022-11-15 09:36:19,179 - INFO: global_step=11812, episodic_return=-253.9281463623047
2022-11-15 09:36:19,237 - INFO: global_step=11936, episodic_return=-199.2032928466797
2022-11-15 09:36:19,272 - INFO: global_step=12014, episodic_return=-210.91989135742188
2022-11-15 09:36:19,322 - INFO: global_step=12117, episodic_return=-237.44781494140625
2022-11-15 09:36:19,363 - INFO: global_step=12194, episodic_return=-387.17333984375
2022-11-15 09:36:19,430 - INFO: global_step=12331, episodic_return=-191.26832580566406
2022-11-15 09:36:19,496 - INFO: global_step=12440, episodic_return=-59.16812515258789
2022-11-15 09:36:19,579 - INFO: global_step=12568, episodic_return=-262.39031982421875
2022-11-15 09:36:19,653 - INFO: global_step=12688, episodic_return=37.34771728515625
2022-11-15 09:36:19,705 - INFO: global_step=12791, episodic_return=-256.70855712890625
2022-11-15 09:36:19,931 - INFO: global_step=13061, episodic_return=-106.2500228881836
2022-11-15 09:36:20,036 - INFO: global_step=13261, episodic_return=-424.91192626953125
2022-11-15 09:36:20,130 - INFO: global_step=13440, episodic_return=-164.38446044921875
2022-11-15 09:36:20,210 - INFO: global_step=13586, episodic_return=-152.3607177734375
2022-11-15 09:36:21,148 - INFO: global_step=14406, episodic_return=-134.72415161132812
2022-11-15 09:36:21,295 - INFO: global_step=14646, episodic_return=-150.29754638671875
2022-11-15 09:36:21,376 - INFO: global_step=14800, episodic_return=-143.5029296875
2022-11-15 09:36:22,840 - INFO: global_step=15800, episodic_return=-243.3477783203125
2022-11-15 09:36:23,042 - INFO: global_step=16081, episodic_return=-231.2772979736328
2022-11-15 09:36:23,170 - INFO: global_step=16268, episodic_return=-406.67913818359375
2022-11-15 09:36:23,238 - INFO: global_step=16383, episodic_return=-457.0085144042969
2022-11-15 09:36:23,295 - INFO: global_step=16469, episodic_return=-246.6176300048828
2022-11-15 09:36:24,369 - INFO: global_step=17469, episodic_return=-139.42100524902344
2022-11-15 09:36:24,866 - INFO: global_step=17962, episodic_return=-147.92620849609375
2022-11-15 09:36:26,063 - INFO: global_step=18962, episodic_return=-160.6043243408203
2022-11-15 09:36:27,213 - INFO: global_step=19962, episodic_return=-119.91780090332031
2022-11-15 09:36:28,367 - INFO: global_step=20962, episodic_return=-80.73124694824219
2022-11-15 09:36:29,369 - INFO: global_step=21756, episodic_return=-354.62945556640625
2022-11-15 09:36:29,592 - INFO: global_step=22031, episodic_return=-233.656982421875
2022-11-15 09:36:30,371 - INFO: global_step=22573, episodic_return=-269.2137451171875
2022-11-15 09:36:30,532 - INFO: global_step=22719, episodic_return=-339.58416748046875
2022-11-15 09:36:30,824 - INFO: global_step=22980, episodic_return=-282.1669006347656
2022-11-15 09:36:31,204 - INFO: global_step=23164, episodic_return=-791.0436401367188
2022-11-15 09:36:31,456 - INFO: global_step=23372, episodic_return=-388.78369140625
2022-11-15 09:36:31,547 - INFO: global_step=23471, episodic_return=-722.6349487304688
2022-11-15 09:36:31,724 - INFO: global_step=23665, episodic_return=-349.63482666015625
2022-11-15 09:36:31,798 - INFO: global_step=23760, episodic_return=-297.54888916015625
2022-11-15 09:36:33,761 - INFO: global_step=24760, episodic_return=-81.39241790771484
2022-11-15 09:36:34,029 - INFO: global_step=25084, episodic_return=-83.4336166381836
2022-11-15 09:36:34,948 - INFO: global_step=25789, episodic_return=-215.63465881347656
2022-11-15 09:36:36,146 - INFO: global_step=26564, episodic_return=-195.33712768554688
2022-11-15 09:36:36,880 - INFO: global_step=27109, episodic_return=-181.04794311523438
2022-11-15 09:36:37,364 - INFO: global_step=27534, episodic_return=-126.20985412597656
2022-11-15 09:36:39,112 - INFO: global_step=28534, episodic_return=-135.7167205810547
2022-11-15 09:36:40,393 - INFO: global_step=29534, episodic_return=-138.75994873046875
2022-11-15 09:36:42,240 - INFO: global_step=30534, episodic_return=-135.32797241210938
2022-11-15 09:36:43,735 - INFO: global_step=31534, episodic_return=-109.63575744628906
2022-11-15 09:36:45,314 - INFO: global_step=32534, episodic_return=-158.240966796875
2022-11-15 09:36:46,770 - INFO: global_step=33534, episodic_return=-102.40376281738281
2022-11-15 09:36:48,127 - INFO: global_step=34534, episodic_return=-77.73040771484375
2022-11-15 09:36:49,417 - INFO: global_step=35534, episodic_return=-113.87174987792969
2022-11-15 09:36:50,945 - INFO: global_step=36534, episodic_return=-123.86724090576172
2022-11-15 09:36:52,179 - INFO: global_step=37534, episodic_return=-124.16946411132812
2022-11-15 09:36:53,764 - INFO: global_step=38534, episodic_return=-127.9705581665039
2022-11-15 09:36:55,296 - INFO: global_step=39534, episodic_return=-139.5655059814453
2022-11-15 09:36:56,785 - INFO: global_step=40534, episodic_return=-123.30819702148438
2022-11-15 09:36:57,916 - INFO: global_step=41534, episodic_return=-129.66549682617188
2022-11-15 09:36:59,201 - INFO: global_step=42534, episodic_return=-131.7080078125
2022-11-15 09:37:00,455 - INFO: global_step=43534, episodic_return=-156.06167602539062
2022-11-15 09:37:01,947 - INFO: global_step=44534, episodic_return=-85.39431762695312
2022-11-15 09:37:04,404 - INFO: global_step=45534, episodic_return=-120.11349487304688
2022-11-15 09:37:05,916 - INFO: global_step=46534, episodic_return=-99.17530822753906
2022-11-15 09:37:07,776 - INFO: global_step=47534, episodic_return=-107.49724578857422
2022-11-15 09:37:09,052 - INFO: global_step=48534, episodic_return=-119.94506072998047
2022-11-15 09:37:10,697 - INFO: global_step=49534, episodic_return=-117.96307373046875
2022-11-15 09:37:12,700 - INFO: global_step=50534, episodic_return=-112.42711639404297
2022-11-15 09:37:14,284 - INFO: global_step=51534, episodic_return=-131.57138061523438
2022-11-15 09:37:15,591 - INFO: global_step=52534, episodic_return=-150.15843200683594
2022-11-15 09:37:17,571 - INFO: global_step=53534, episodic_return=-100.46885681152344
2022-11-15 09:37:19,181 - INFO: global_step=54534, episodic_return=-168.45091247558594
2022-11-15 09:37:20,871 - INFO: global_step=55534, episodic_return=-135.28945922851562
2022-11-15 09:37:22,113 - INFO: global_step=56534, episodic_return=-148.6881561279297
2022-11-15 09:37:22,975 - INFO: global_step=57287, episodic_return=-159.138427734375
2022-11-15 09:37:24,497 - INFO: global_step=58287, episodic_return=-88.94352722167969
2022-11-15 09:37:26,107 - INFO: global_step=59287, episodic_return=-110.10090637207031
2022-11-15 09:37:27,683 - INFO: global_step=60287, episodic_return=-114.49224090576172
2022-11-15 09:37:29,438 - INFO: global_step=61287, episodic_return=-90.97958374023438
2022-11-15 09:37:31,291 - INFO: global_step=62287, episodic_return=-97.62786102294922
2022-11-15 09:37:33,124 - INFO: global_step=63287, episodic_return=-111.11647033691406
2022-11-15 09:37:33,189 - INFO: global_step=63388, episodic_return=-147.01821899414062
2022-11-15 09:37:34,598 - INFO: global_step=64388, episodic_return=-117.33991241455078
2022-11-15 09:37:35,677 - INFO: global_step=65388, episodic_return=-105.89204406738281
2022-11-15 09:37:35,953 - INFO: global_step=65718, episodic_return=-112.74897003173828
2022-11-15 09:37:37,346 - INFO: global_step=66718, episodic_return=-123.90159606933594
2022-11-15 09:37:38,959 - INFO: global_step=67718, episodic_return=-92.98035430908203
2022-11-15 09:37:40,606 - INFO: global_step=68718, episodic_return=-78.1801986694336
2022-11-15 09:37:42,119 - INFO: global_step=69718, episodic_return=-132.3379669189453
2022-11-15 09:37:42,228 - INFO: global_step=69848, episodic_return=-119.4057388305664
2022-11-15 09:37:44,007 - INFO: global_step=70790, episodic_return=-237.0552978515625
2022-11-15 09:37:44,080 - INFO: global_step=70910, episodic_return=-127.75558471679688
2022-11-15 09:37:44,283 - INFO: global_step=71170, episodic_return=-143.06143188476562
2022-11-15 09:37:44,564 - INFO: global_step=71452, episodic_return=-112.39306640625
2022-11-15 09:37:44,736 - INFO: global_step=71637, episodic_return=-159.79115295410156
2022-11-15 09:37:44,854 - INFO: global_step=71762, episodic_return=-136.8788604736328
2022-11-15 09:37:45,060 - INFO: global_step=71981, episodic_return=-176.69088745117188
2022-11-15 09:37:45,290 - INFO: global_step=72277, episodic_return=-179.19044494628906
2022-11-15 09:37:46,613 - INFO: global_step=73208, episodic_return=-237.8035125732422
2022-11-15 09:37:46,885 - INFO: global_step=73463, episodic_return=-142.89439392089844
2022-11-15 09:37:48,726 - INFO: global_step=74463, episodic_return=-100.73690795898438
2022-11-15 09:37:50,353 - INFO: global_step=75463, episodic_return=-92.08194732666016
2022-11-15 09:37:52,164 - INFO: global_step=76463, episodic_return=-108.65023040771484
2022-11-15 09:37:53,344 - INFO: global_step=77463, episodic_return=-128.53663635253906
2022-11-15 09:37:55,417 - INFO: global_step=78463, episodic_return=-114.48277282714844
2022-11-15 09:37:57,044 - INFO: global_step=79463, episodic_return=-143.4424591064453
2022-11-15 09:37:58,636 - INFO: global_step=80463, episodic_return=-62.508934020996094
2022-11-15 09:37:59,988 - INFO: global_step=81463, episodic_return=-98.59996032714844
2022-11-15 09:38:01,289 - INFO: global_step=82463, episodic_return=-141.2922821044922
2022-11-15 09:38:03,260 - INFO: global_step=83463, episodic_return=-172.8950653076172
2022-11-15 09:38:04,261 - INFO: global_step=84236, episodic_return=-215.40682983398438
2022-11-15 09:38:05,646 - INFO: global_step=85236, episodic_return=-82.24640655517578
2022-11-15 09:38:07,042 - INFO: global_step=86236, episodic_return=-122.18256378173828
2022-11-15 09:38:08,414 - INFO: global_step=87236, episodic_return=-153.27886962890625
2022-11-15 09:38:09,435 - INFO: global_step=88236, episodic_return=-134.23565673828125
2022-11-15 09:38:09,533 - INFO: global_step=88391, episodic_return=-136.06790161132812
2022-11-15 09:38:09,627 - INFO: global_step=88544, episodic_return=-140.11749267578125
2022-11-15 09:38:11,051 - INFO: global_step=89544, episodic_return=-143.6124725341797
2022-11-15 09:38:11,177 - INFO: global_step=89734, episodic_return=-119.6478500366211
2022-11-15 09:38:12,297 - INFO: global_step=90734, episodic_return=-112.58160400390625
2022-11-15 09:38:13,897 - INFO: global_step=91734, episodic_return=-63.72492218017578
2022-11-15 09:38:15,874 - INFO: global_step=92734, episodic_return=-78.14312744140625
2022-11-15 09:38:17,269 - INFO: global_step=93734, episodic_return=-91.4570541381836
2022-11-15 09:38:18,945 - INFO: global_step=94734, episodic_return=-82.49606323242188
2022-11-15 09:38:20,464 - INFO: global_step=95734, episodic_return=-91.13450622558594
2022-11-15 09:38:22,131 - INFO: global_step=96734, episodic_return=-117.58787536621094
2022-11-15 09:38:23,722 - INFO: global_step=97734, episodic_return=-5.526569366455078
2022-11-15 09:38:25,366 - INFO: global_step=98734, episodic_return=-121.20802307128906
2022-11-15 09:38:26,560 - INFO: global_step=99734, episodic_return=-51.804534912109375
2022-11-15 09:38:26,657 - INFO: global_step=99878, episodic_return=-130.9154815673828
2022-11-15 09:38:26,779 - INFO: global_step=100010, episodic_return=-138.7078857421875
2022-11-15 09:38:28,592 - INFO: global_step=101010, episodic_return=-86.16480255126953
2022-11-15 09:38:30,152 - INFO: global_step=102010, episodic_return=-71.24011993408203
2022-11-15 09:38:31,818 - INFO: global_step=103010, episodic_return=-74.781005859375
2022-11-15 09:38:31,923 - INFO: global_step=103147, episodic_return=-110.24922943115234
2022-11-15 09:38:33,213 - INFO: global_step=104147, episodic_return=-50.53970718383789
2022-11-15 09:38:34,925 - INFO: global_step=105147, episodic_return=-96.58871459960938
2022-11-15 09:38:36,664 - INFO: global_step=106147, episodic_return=-145.1903076171875
2022-11-15 09:38:38,614 - INFO: global_step=107147, episodic_return=-143.57518005371094
2022-11-15 09:38:40,307 - INFO: global_step=108147, episodic_return=-66.9114761352539
2022-11-15 09:38:41,407 - INFO: global_step=109147, episodic_return=-68.61241912841797
2022-11-15 09:38:42,584 - INFO: global_step=110147, episodic_return=-94.00830841064453
2022-11-15 09:38:44,427 - INFO: global_step=111147, episodic_return=-60.26461410522461
2022-11-15 09:38:44,575 - INFO: global_step=111304, episodic_return=-104.787109375
2022-11-15 09:38:46,060 - INFO: global_step=112304, episodic_return=-75.6592025756836
2022-11-15 09:38:47,870 - INFO: global_step=113304, episodic_return=-22.79340362548828
2022-11-15 09:38:49,512 - INFO: global_step=114304, episodic_return=-68.15391540527344
2022-11-15 09:38:50,819 - INFO: global_step=115304, episodic_return=-69.38025665283203
2022-11-15 09:38:53,201 - INFO: global_step=116304, episodic_return=-62.992431640625
2022-11-15 09:38:54,943 - INFO: global_step=117304, episodic_return=-12.488186836242676
2022-11-15 09:38:56,987 - INFO: global_step=118304, episodic_return=-67.866455078125
2022-11-15 09:38:58,797 - INFO: global_step=119304, episodic_return=-87.7467269897461
2022-11-15 09:39:00,546 - INFO: global_step=120304, episodic_return=-69.50223541259766
2022-11-15 09:39:01,874 - INFO: global_step=121304, episodic_return=-59.20076370239258
2022-11-15 09:39:03,557 - INFO: global_step=122304, episodic_return=39.350799560546875
2022-11-15 09:39:04,805 - INFO: global_step=123304, episodic_return=-48.66044235229492
2022-11-15 09:39:06,271 - INFO: global_step=124304, episodic_return=-82.89971923828125
2022-11-15 09:39:07,407 - INFO: global_step=125304, episodic_return=-76.32952117919922
2022-11-15 09:39:09,165 - INFO: global_step=126304, episodic_return=51.859764099121094
2022-11-15 09:39:10,398 - INFO: global_step=127304, episodic_return=11.845107078552246
2022-11-15 09:39:12,107 - INFO: global_step=128304, episodic_return=-59.268959045410156
2022-11-15 09:39:12,609 - INFO: global_step=128801, episodic_return=267.064208984375
2022-11-15 09:39:13,207 - INFO: global_step=129354, episodic_return=249.3477020263672
2022-11-15 09:39:13,299 - INFO: global_step=129505, episodic_return=-83.3585205078125
2022-11-15 09:39:13,359 - INFO: global_step=129603, episodic_return=-58.26323318481445
2022-11-15 09:39:13,490 - INFO: global_step=129798, episodic_return=-80.63429260253906
2022-11-15 09:39:13,618 - INFO: global_step=129986, episodic_return=-25.30194091796875
2022-11-15 09:39:13,683 - INFO: global_step=130082, episodic_return=-44.774681091308594
2022-11-15 09:39:14,097 - INFO: global_step=130422, episodic_return=-41.441036224365234
2022-11-15 09:39:14,203 - INFO: global_step=130568, episodic_return=-88.32176208496094
2022-11-15 09:39:14,343 - INFO: global_step=130763, episodic_return=-126.26155090332031
2022-11-15 09:39:14,479 - INFO: global_step=130908, episodic_return=24.07555389404297
2022-11-15 09:39:14,603 - INFO: global_step=131056, episodic_return=-69.95140075683594
2022-11-15 09:39:14,680 - INFO: global_step=131185, episodic_return=-185.62738037109375
2022-11-15 09:39:14,751 - INFO: global_step=131305, episodic_return=-14.775802612304688
2022-11-15 09:39:14,828 - INFO: global_step=131438, episodic_return=-182.00213623046875
2022-11-15 09:39:15,269 - INFO: global_step=131927, episodic_return=199.9361114501953
2022-11-15 09:39:15,522 - INFO: global_step=132238, episodic_return=-99.7306137084961
2022-11-15 09:39:15,737 - INFO: global_step=132533, episodic_return=-59.08207321166992
2022-11-15 09:39:15,866 - INFO: global_step=132746, episodic_return=-144.96524047851562
2022-11-15 09:39:15,962 - INFO: global_step=132903, episodic_return=-30.187652587890625
2022-11-15 09:39:16,643 - INFO: global_step=133504, episodic_return=130.0733184814453
2022-11-15 09:39:17,026 - INFO: global_step=133897, episodic_return=135.6217041015625
2022-11-15 09:39:18,865 - INFO: global_step=134885, episodic_return=-264.6083068847656
2022-11-15 09:39:20,649 - INFO: global_step=135885, episodic_return=71.23524475097656
2022-11-15 09:39:21,908 - INFO: global_step=136701, episodic_return=109.08380126953125
2022-11-15 09:39:24,362 - INFO: global_step=137701, episodic_return=-167.33961486816406
2022-11-15 09:39:26,439 - INFO: global_step=138701, episodic_return=-145.33006286621094
2022-11-15 09:39:28,281 - INFO: global_step=139701, episodic_return=-141.27084350585938
2022-11-15 09:39:30,062 - INFO: global_step=140701, episodic_return=-108.67804718017578
2022-11-15 09:39:31,737 - INFO: global_step=141701, episodic_return=-120.01676940917969
2022-11-15 09:39:33,731 - INFO: global_step=142701, episodic_return=-87.68760681152344
2022-11-15 09:39:35,101 - INFO: global_step=143701, episodic_return=-72.90972137451172
2022-11-15 09:39:37,339 - INFO: global_step=144701, episodic_return=-108.76412963867188
2022-11-15 09:39:38,511 - INFO: global_step=145701, episodic_return=-53.9775505065918
2022-11-15 09:39:39,961 - INFO: global_step=146701, episodic_return=-125.0080337524414
2022-11-15 09:39:41,574 - INFO: global_step=147701, episodic_return=-79.93793487548828
2022-11-15 09:39:43,188 - INFO: global_step=148701, episodic_return=-101.07254028320312
2022-11-15 09:39:45,003 - INFO: global_step=149701, episodic_return=-50.974403381347656
2022-11-15 09:39:47,063 - INFO: global_step=150701, episodic_return=-74.31642150878906
2022-11-15 09:39:48,623 - INFO: global_step=151701, episodic_return=-88.62506103515625
2022-11-15 09:39:50,304 - INFO: global_step=152701, episodic_return=-74.14171600341797
2022-11-15 09:39:51,398 - INFO: global_step=153701, episodic_return=-25.826200485229492
2022-11-15 09:39:52,890 - INFO: global_step=154701, episodic_return=-77.11466217041016
2022-11-15 09:39:55,127 - INFO: global_step=155701, episodic_return=-40.76266098022461
2022-11-15 09:39:56,716 - INFO: global_step=156701, episodic_return=-30.031465530395508
2022-11-15 09:39:58,600 - INFO: global_step=157701, episodic_return=-64.04168701171875
2022-11-15 09:39:59,988 - INFO: global_step=158701, episodic_return=-33.97130584716797
2022-11-15 09:40:01,261 - INFO: global_step=159701, episodic_return=-53.42137145996094
2022-11-15 09:40:02,833 - INFO: global_step=160701, episodic_return=-80.05912780761719
2022-11-15 09:40:04,738 - INFO: global_step=161701, episodic_return=-56.373878479003906
2022-11-15 09:40:06,421 - INFO: global_step=162701, episodic_return=-68.26467895507812
2022-11-15 09:40:08,427 - INFO: global_step=163701, episodic_return=-110.0442886352539
2022-11-15 09:40:10,044 - INFO: global_step=164701, episodic_return=-48.225093841552734
2022-11-15 09:40:12,203 - INFO: global_step=165701, episodic_return=-87.31561279296875
2022-11-15 09:40:13,753 - INFO: global_step=166701, episodic_return=-24.833477020263672
2022-11-15 09:40:15,604 - INFO: global_step=167701, episodic_return=-48.63368225097656
2022-11-15 09:40:15,874 - INFO: global_step=167967, episodic_return=34.0830078125
2022-11-15 09:40:17,777 - INFO: global_step=168967, episodic_return=-48.283714294433594
2022-11-15 09:40:17,994 - INFO: global_step=169260, episodic_return=-14.488388061523438
2022-11-15 09:40:20,409 - INFO: global_step=170235, episodic_return=66.9804458618164
2022-11-15 09:40:21,781 - INFO: global_step=171235, episodic_return=-2.2842512130737305
2022-11-15 09:40:23,190 - INFO: global_step=172235, episodic_return=-30.38282585144043
2022-11-15 09:40:23,511 - INFO: global_step=172591, episodic_return=272.9976501464844
2022-11-15 09:40:24,737 - INFO: global_step=173591, episodic_return=9.75348949432373
2022-11-15 09:40:26,890 - INFO: global_step=174591, episodic_return=-60.84172439575195
2022-11-15 09:40:28,304 - INFO: global_step=175591, episodic_return=-42.775108337402344
2022-11-15 09:40:29,846 - INFO: global_step=176591, episodic_return=-69.16329193115234
2022-11-15 09:40:31,021 - INFO: global_step=177591, episodic_return=-43.395633697509766
2022-11-15 09:40:32,279 - INFO: global_step=178591, episodic_return=-18.623109817504883
2022-11-15 09:40:33,826 - INFO: global_step=179591, episodic_return=-67.86416625976562
2022-11-15 09:40:35,156 - INFO: global_step=180591, episodic_return=-37.30052947998047
2022-11-15 09:40:37,285 - INFO: global_step=181591, episodic_return=-51.48987579345703
2022-11-15 09:40:38,825 - INFO: global_step=182591, episodic_return=-29.77798080444336
2022-11-15 09:40:40,200 - INFO: global_step=183591, episodic_return=-36.36306381225586
2022-11-15 09:40:42,012 - INFO: global_step=184591, episodic_return=-88.3360595703125
2022-11-15 09:40:44,069 - INFO: global_step=185591, episodic_return=-67.60169982910156
2022-11-15 09:40:46,003 - INFO: global_step=186591, episodic_return=-31.25200843811035
2022-11-15 09:40:46,120 - INFO: global_step=186769, episodic_return=33.872589111328125
2022-11-15 09:40:47,721 - INFO: global_step=187769, episodic_return=-77.17958068847656
2022-11-15 09:40:48,533 - INFO: global_step=188484, episodic_return=-155.406982421875
2022-11-15 09:40:50,326 - INFO: global_step=189484, episodic_return=-71.3712158203125
2022-11-15 09:40:52,234 - INFO: global_step=190484, episodic_return=-78.43224334716797
2022-11-15 09:40:53,788 - INFO: global_step=191484, episodic_return=-122.08888244628906
2022-11-15 09:40:56,063 - INFO: global_step=192484, episodic_return=-100.867919921875
2022-11-15 09:40:57,844 - INFO: global_step=193484, episodic_return=-98.2748794555664
2022-11-15 09:40:59,597 - INFO: global_step=194484, episodic_return=-84.12458801269531
2022-11-15 09:41:01,207 - INFO: global_step=195484, episodic_return=-84.53425598144531
2022-11-15 09:41:03,261 - INFO: global_step=196484, episodic_return=-77.45791625976562
2022-11-15 09:41:04,596 - INFO: global_step=197484, episodic_return=-6.761737823486328
2022-11-15 09:41:05,957 - INFO: global_step=198484, episodic_return=-48.14174270629883
2022-11-15 09:41:06,961 - INFO: global_step=199484, episodic_return=11.648959159851074
2022-11-15 09:41:07,063 - INFO: global_step=199650, episodic_return=-35.02485656738281
2022-11-15 09:41:08,507 - INFO: global_step=200650, episodic_return=-12.398466110229492
2022-11-15 09:41:09,940 - INFO: global_step=201650, episodic_return=-14.492521286010742
2022-11-15 09:41:11,203 - INFO: global_step=202650, episodic_return=-35.06732940673828
2022-11-15 09:41:12,725 - INFO: global_step=203650, episodic_return=-7.140068054199219
2022-11-15 09:41:14,137 - INFO: global_step=204650, episodic_return=-7.883186340332031
2022-11-15 09:41:15,470 - INFO: global_step=205650, episodic_return=-45.768829345703125
2022-11-15 09:41:16,819 - INFO: global_step=206650, episodic_return=-35.12034225463867
2022-11-15 09:41:18,306 - INFO: global_step=207650, episodic_return=15.777632713317871
2022-11-15 09:41:19,894 - INFO: global_step=208650, episodic_return=-47.77830123901367
2022-11-15 09:41:21,537 - INFO: global_step=209650, episodic_return=6.817291736602783
2022-11-15 09:41:23,276 - INFO: global_step=210650, episodic_return=-4.320413112640381
2022-11-15 09:41:24,993 - INFO: global_step=211650, episodic_return=-27.411317825317383
2022-11-15 09:41:26,900 - INFO: global_step=212650, episodic_return=-70.70052337646484
2022-11-15 09:41:28,660 - INFO: global_step=213650, episodic_return=-38.110591888427734
2022-11-15 09:41:30,461 - INFO: global_step=214650, episodic_return=-35.19483184814453
2022-11-15 09:41:31,949 - INFO: global_step=215650, episodic_return=-83.45084381103516
2022-11-15 09:41:33,460 - INFO: global_step=216650, episodic_return=-34.69876480102539
2022-11-15 09:41:34,541 - INFO: global_step=217634, episodic_return=-140.61358642578125
2022-11-15 09:41:36,570 - INFO: global_step=218634, episodic_return=-124.90687561035156
2022-11-15 09:41:39,130 - INFO: global_step=219634, episodic_return=-99.99872589111328
2022-11-15 09:41:40,665 - INFO: global_step=220634, episodic_return=-106.66099548339844
2022-11-15 09:41:42,063 - INFO: global_step=221634, episodic_return=-71.6291732788086
2022-11-15 09:41:43,352 - INFO: global_step=222634, episodic_return=-123.00929260253906
2022-11-15 09:41:43,941 - INFO: global_step=223204, episodic_return=-179.12887573242188
2022-11-15 09:41:44,365 - INFO: global_step=223627, episodic_return=216.47723388671875
2022-11-15 09:41:45,828 - INFO: global_step=224627, episodic_return=-105.92677307128906
2022-11-15 09:41:47,185 - INFO: global_step=225627, episodic_return=-19.90796661376953
2022-11-15 09:41:48,704 - INFO: global_step=226627, episodic_return=-21.3145694732666
2022-11-15 09:41:50,460 - INFO: global_step=227627, episodic_return=-58.79595184326172
2022-11-15 09:41:51,866 - INFO: global_step=228627, episodic_return=-36.60308837890625
2022-11-15 09:41:53,404 - INFO: global_step=229627, episodic_return=-52.5493278503418
2022-11-15 09:41:55,111 - INFO: global_step=230505, episodic_return=109.06143951416016
2022-11-15 09:41:56,872 - INFO: global_step=231505, episodic_return=-36.54193878173828
2022-11-15 09:41:58,534 - INFO: global_step=232505, episodic_return=-28.981225967407227
2022-11-15 09:42:00,538 - INFO: global_step=233505, episodic_return=-73.22444152832031
2022-11-15 09:42:02,324 - INFO: global_step=234505, episodic_return=-2.6569948196411133
2022-11-15 09:42:02,415 - INFO: global_step=234643, episodic_return=20.680618286132812
2022-11-15 09:42:02,783 - INFO: global_step=235027, episodic_return=209.8267822265625
2022-11-15 09:42:02,839 - INFO: global_step=235123, episodic_return=-365.4410095214844
2022-11-15 09:42:02,897 - INFO: global_step=235206, episodic_return=-236.58193969726562
2022-11-15 09:42:03,037 - INFO: global_step=235389, episodic_return=-191.5723876953125
2022-11-15 09:42:03,082 - INFO: global_step=235463, episodic_return=-264.4638671875
2022-11-15 09:42:03,183 - INFO: global_step=235599, episodic_return=-206.62234497070312
2022-11-15 09:42:03,230 - INFO: global_step=235680, episodic_return=-243.4599151611328
2022-11-15 09:42:03,394 - INFO: global_step=235894, episodic_return=-309.6282958984375
2022-11-15 09:42:03,668 - INFO: global_step=236195, episodic_return=-116.92449951171875
2022-11-15 09:42:03,782 - INFO: global_step=236355, episodic_return=-144.1133575439453
2022-11-15 09:42:03,927 - INFO: global_step=236556, episodic_return=10.368171691894531
2022-11-15 09:42:04,032 - INFO: global_step=236668, episodic_return=-256.31494140625
2022-11-15 09:42:04,160 - INFO: global_step=236837, episodic_return=-24.57843780517578
2022-11-15 09:42:04,241 - INFO: global_step=236972, episodic_return=-6.601470947265625
2022-11-15 09:42:04,633 - INFO: global_step=237394, episodic_return=204.89915466308594
2022-11-15 09:42:05,942 - INFO: global_step=238394, episodic_return=-23.854110717773438
2022-11-15 09:42:06,042 - INFO: global_step=238517, episodic_return=-39.38191604614258
2022-11-15 09:42:06,158 - INFO: global_step=238692, episodic_return=53.59138488769531
2022-11-15 09:42:07,555 - INFO: global_step=239692, episodic_return=-82.83015441894531
2022-11-15 09:42:09,199 - INFO: global_step=240692, episodic_return=-66.39238739013672
2022-11-15 09:42:09,371 - INFO: global_step=240881, episodic_return=34.44429016113281
2022-11-15 09:42:11,265 - INFO: global_step=241881, episodic_return=-51.7703857421875
2022-11-15 09:42:11,426 - INFO: global_step=242099, episodic_return=-11.35394287109375
2022-11-15 09:42:12,759 - INFO: global_step=243099, episodic_return=-72.76558685302734
2022-11-15 09:42:14,402 - INFO: global_step=244099, episodic_return=-59.59516143798828
2022-11-15 09:42:15,758 - INFO: global_step=245099, episodic_return=-51.41996765136719
2022-11-15 09:42:17,313 - INFO: global_step=246099, episodic_return=-78.08108520507812
2022-11-15 09:42:18,670 - INFO: global_step=247099, episodic_return=-42.40379333496094
2022-11-15 09:42:20,303 - INFO: global_step=248099, episodic_return=-44.542327880859375
2022-11-15 09:42:21,774 - INFO: global_step=249012, episodic_return=152.5848388671875
2022-11-15 09:42:23,408 - INFO: global_step=250012, episodic_return=-48.514610290527344
2022-11-15 09:42:25,298 - INFO: global_step=251012, episodic_return=-94.58495330810547
2022-11-15 09:42:26,644 - INFO: global_step=252012, episodic_return=1.9835855960845947
2022-11-15 09:42:27,931 - INFO: global_step=253012, episodic_return=-62.57046890258789
2022-11-15 09:42:29,377 - INFO: global_step=254012, episodic_return=-103.62490844726562
2022-11-15 09:42:30,359 - INFO: global_step=254725, episodic_return=227.13795471191406
2022-11-15 09:42:30,640 - INFO: global_step=255076, episodic_return=-90.45906829833984
2022-11-15 09:42:31,257 - INFO: global_step=255573, episodic_return=233.04995727539062
2022-11-15 09:42:32,638 - INFO: global_step=256573, episodic_return=-54.9873046875
2022-11-15 09:42:34,609 - INFO: global_step=257573, episodic_return=-70.38215637207031
2022-11-15 09:42:35,980 - INFO: global_step=258573, episodic_return=-53.86132049560547
2022-11-15 09:42:37,594 - INFO: global_step=259573, episodic_return=-59.76969909667969
2022-11-15 09:42:39,451 - INFO: global_step=260573, episodic_return=-20.411584854125977
2022-11-15 09:42:39,842 - INFO: global_step=260976, episodic_return=183.09576416015625
2022-11-15 09:42:42,012 - INFO: global_step=261976, episodic_return=-49.569671630859375
2022-11-15 09:42:44,616 - INFO: global_step=262976, episodic_return=-10.870150566101074
2022-11-15 09:42:45,612 - INFO: global_step=263758, episodic_return=116.51397705078125
2022-11-15 09:42:46,421 - INFO: global_step=264332, episodic_return=108.82565307617188
2022-11-15 09:42:48,094 - INFO: global_step=265332, episodic_return=-36.54827117919922
2022-11-15 09:42:49,929 - INFO: global_step=266332, episodic_return=-64.17269134521484
2022-11-15 09:42:51,620 - INFO: global_step=267332, episodic_return=69.63188934326172
2022-11-15 09:42:53,506 - INFO: global_step=268332, episodic_return=-65.19197845458984
2022-11-15 09:42:54,190 - INFO: global_step=268964, episodic_return=203.7901153564453
2022-11-15 09:42:54,704 - INFO: global_step=269451, episodic_return=177.70098876953125
2022-11-15 09:42:55,484 - INFO: global_step=270074, episodic_return=251.45504760742188
2022-11-15 09:42:56,800 - INFO: global_step=271074, episodic_return=-6.757310390472412
2022-11-15 09:42:56,928 - INFO: global_step=271273, episodic_return=-73.3702163696289
2022-11-15 09:42:57,509 - INFO: global_step=271756, episodic_return=209.827880859375
2022-11-15 09:42:57,614 - INFO: global_step=271892, episodic_return=0.8489990234375
2022-11-15 09:42:58,254 - INFO: global_step=272402, episodic_return=167.9754638671875
2022-11-15 09:42:58,340 - INFO: global_step=272546, episodic_return=-105.63720703125
2022-11-15 09:42:58,634 - INFO: global_step=272880, episodic_return=-13.640228271484375
2022-11-15 09:43:00,671 - INFO: global_step=273880, episodic_return=-16.71278953552246
2022-11-15 09:43:01,503 - INFO: global_step=274573, episodic_return=165.17030334472656
2022-11-15 09:43:01,750 - INFO: global_step=274898, episodic_return=-123.44699096679688
2022-11-15 09:43:01,800 - INFO: global_step=274988, episodic_return=-191.8948211669922
2022-11-15 09:43:02,951 - INFO: global_step=275988, episodic_return=-92.13444519042969
2022-11-15 09:43:04,606 - INFO: global_step=276988, episodic_return=-65.62690734863281
2022-11-15 09:43:04,757 - INFO: global_step=277164, episodic_return=46.346832275390625
2022-11-15 09:43:06,887 - INFO: global_step=278164, episodic_return=-102.71855926513672
2022-11-15 09:43:08,561 - INFO: global_step=279164, episodic_return=-79.33395385742188
2022-11-15 09:43:10,502 - INFO: global_step=280164, episodic_return=-86.9690933227539
2022-11-15 09:43:11,850 - INFO: global_step=281164, episodic_return=-105.14156341552734
2022-11-15 09:43:13,208 - INFO: global_step=282164, episodic_return=-68.62958526611328
2022-11-15 09:43:13,313 - INFO: global_step=282306, episodic_return=-95.03736114501953
2022-11-15 09:43:15,307 - INFO: global_step=283306, episodic_return=-57.311790466308594
2022-11-15 09:43:16,482 - INFO: global_step=284306, episodic_return=-45.779720306396484
2022-11-15 09:43:17,538 - INFO: global_step=285306, episodic_return=-34.288658142089844
2022-11-15 09:43:19,034 - INFO: global_step=286306, episodic_return=-88.32854461669922
2022-11-15 09:43:20,406 - INFO: global_step=287306, episodic_return=-77.95758819580078
2022-11-15 09:43:20,492 - INFO: global_step=287445, episodic_return=-90.64678192138672
2022-11-15 09:43:21,771 - INFO: global_step=288445, episodic_return=-97.09359741210938
2022-11-15 09:43:23,677 - INFO: global_step=289445, episodic_return=-90.69957733154297
2022-11-15 09:43:25,577 - INFO: global_step=290445, episodic_return=-66.20528411865234
2022-11-15 09:43:27,230 - INFO: global_step=291445, episodic_return=-69.78790283203125
2022-11-15 09:43:29,216 - INFO: global_step=292445, episodic_return=-65.08798217773438
2022-11-15 09:43:29,532 - INFO: global_step=292710, episodic_return=-28.544754028320312
2022-11-15 09:43:31,045 - INFO: global_step=293710, episodic_return=-31.59303092956543
2022-11-15 09:43:32,439 - INFO: global_step=294710, episodic_return=-58.339481353759766
2022-11-15 09:43:34,067 - INFO: global_step=295710, episodic_return=-62.22505569458008
2022-11-15 09:43:35,872 - INFO: global_step=296710, episodic_return=-59.705745697021484
2022-11-15 09:43:37,414 - INFO: global_step=297710, episodic_return=-73.9646987915039
2022-11-15 09:43:39,397 - INFO: global_step=298710, episodic_return=-50.800968170166016
2022-11-15 09:43:40,646 - INFO: global_step=299710, episodic_return=-85.69011688232422
2022-11-15 09:43:42,166 - INFO: global_step=300710, episodic_return=-71.49456787109375
2022-11-15 09:43:43,878 - INFO: global_step=301710, episodic_return=-88.03517150878906
2022-11-15 09:43:45,352 - INFO: global_step=302710, episodic_return=-59.56153869628906
2022-11-15 09:43:47,207 - INFO: global_step=303710, episodic_return=-77.46903228759766
2022-11-15 09:43:48,873 - INFO: global_step=304710, episodic_return=-62.72594451904297
2022-11-15 09:43:50,535 - INFO: global_step=305710, episodic_return=-65.34396362304688
2022-11-15 09:43:52,103 - INFO: global_step=306710, episodic_return=-67.99488830566406
2022-11-15 09:43:53,624 - INFO: global_step=307710, episodic_return=-22.093273162841797
2022-11-15 09:43:55,162 - INFO: global_step=308710, episodic_return=-44.219669342041016
2022-11-15 09:43:56,486 - INFO: global_step=309710, episodic_return=-54.70200729370117
2022-11-15 09:43:58,063 - INFO: global_step=310710, episodic_return=-24.86692237854004
2022-11-15 09:43:59,431 - INFO: global_step=311710, episodic_return=-23.872228622436523
2022-11-15 09:44:00,997 - INFO: global_step=312710, episodic_return=-38.198341369628906
2022-11-15 09:44:02,366 - INFO: global_step=313710, episodic_return=-39.2147331237793
2022-11-15 09:44:03,804 - INFO: global_step=314710, episodic_return=-80.0809097290039
2022-11-15 09:44:05,648 - INFO: global_step=315710, episodic_return=-48.08449172973633
2022-11-15 09:44:07,053 - INFO: global_step=316710, episodic_return=-37.63768005371094
2022-11-15 09:44:08,685 - INFO: global_step=317710, episodic_return=-2.7394988536834717
2022-11-15 09:44:11,003 - INFO: global_step=318710, episodic_return=-21.635723114013672
2022-11-15 09:44:12,580 - INFO: global_step=319710, episodic_return=-6.014415740966797
2022-11-15 09:44:14,039 - INFO: global_step=320710, episodic_return=-24.590913772583008
2022-11-15 09:44:15,651 - INFO: global_step=321710, episodic_return=-35.57018280029297
2022-11-15 09:44:17,270 - INFO: global_step=322710, episodic_return=-4.659672260284424
2022-11-15 09:44:18,898 - INFO: global_step=323710, episodic_return=-31.393577575683594
2022-11-15 09:44:20,585 - INFO: global_step=324710, episodic_return=-38.542503356933594
2022-11-15 09:44:22,298 - INFO: global_step=325710, episodic_return=-38.75795364379883
2022-11-15 09:44:23,932 - INFO: global_step=326710, episodic_return=-22.117412567138672
2022-11-15 09:44:26,002 - INFO: global_step=327710, episodic_return=-23.709186553955078
2022-11-15 09:44:26,051 - INFO: global_step=327782, episodic_return=-134.57272338867188
2022-11-15 09:44:27,805 - INFO: global_step=328782, episodic_return=-45.396968841552734
2022-11-15 09:44:29,727 - INFO: global_step=329782, episodic_return=-42.041019439697266
2022-11-15 09:44:31,217 - INFO: global_step=330782, episodic_return=-28.32391357421875
2022-11-15 09:44:32,508 - INFO: global_step=331782, episodic_return=-59.07502746582031
2022-11-15 09:44:33,608 - INFO: global_step=332782, episodic_return=-20.962158203125
2022-11-15 09:44:34,723 - INFO: global_step=333782, episodic_return=-60.5382194519043
2022-11-15 09:44:36,123 - INFO: global_step=334782, episodic_return=-32.56475067138672
2022-11-15 09:44:37,547 - INFO: global_step=335782, episodic_return=-43.85422897338867
2022-11-15 09:44:40,166 - INFO: global_step=336782, episodic_return=-80.34074401855469
2022-11-15 09:44:41,910 - INFO: global_step=337782, episodic_return=-36.81068801879883
2022-11-15 09:44:42,953 - INFO: global_step=338782, episodic_return=2.3198211193084717
2022-11-15 09:44:44,468 - INFO: global_step=339782, episodic_return=-34.29396438598633
2022-11-15 09:44:45,757 - INFO: global_step=340782, episodic_return=-53.40121841430664
2022-11-15 09:44:46,858 - INFO: global_step=341782, episodic_return=-35.46794891357422
2022-11-15 09:44:48,226 - INFO: global_step=342782, episodic_return=-42.58311462402344
2022-11-15 09:44:50,648 - INFO: global_step=343782, episodic_return=-68.75337982177734
2022-11-15 09:44:53,320 - INFO: global_step=344782, episodic_return=-21.956012725830078
2022-11-15 09:44:54,741 - INFO: global_step=345782, episodic_return=-21.92055892944336
2022-11-15 09:44:56,640 - INFO: global_step=346782, episodic_return=-30.704336166381836
2022-11-15 09:44:58,910 - INFO: global_step=347782, episodic_return=-6.864692687988281
2022-11-15 09:45:00,258 - INFO: global_step=348782, episodic_return=-59.66965866088867
2022-11-15 09:45:01,828 - INFO: global_step=349782, episodic_return=10.751152038574219
2022-11-15 09:45:03,339 - INFO: global_step=350782, episodic_return=18.575820922851562
2022-11-15 09:45:04,686 - INFO: global_step=351782, episodic_return=3.739797353744507
2022-11-15 09:45:06,216 - INFO: global_step=352782, episodic_return=-1.47146475315094
2022-11-15 09:45:08,088 - INFO: global_step=353782, episodic_return=-19.06669044494629
2022-11-15 09:45:09,604 - INFO: global_step=354782, episodic_return=-54.76036834716797
2022-11-15 09:45:11,098 - INFO: global_step=355782, episodic_return=-17.335845947265625
2022-11-15 09:45:12,386 - INFO: global_step=356782, episodic_return=0.3021728992462158
2022-11-15 09:45:13,887 - INFO: global_step=357782, episodic_return=-9.706348419189453
2022-11-15 09:45:15,257 - INFO: global_step=358782, episodic_return=11.028236389160156
2022-11-15 09:45:15,759 - INFO: global_step=359239, episodic_return=203.29971313476562
2022-11-15 09:45:17,707 - INFO: global_step=360239, episodic_return=-14.07204818725586
2022-11-15 09:45:18,494 - INFO: global_step=360902, episodic_return=134.72763061523438
2022-11-15 09:45:19,622 - INFO: global_step=361902, episodic_return=-70.27467346191406
2022-11-15 09:45:19,737 - INFO: global_step=362078, episodic_return=-68.70771026611328
2022-11-15 09:45:20,896 - INFO: global_step=362678, episodic_return=218.6565399169922
2022-11-15 09:45:21,104 - INFO: global_step=362937, episodic_return=-37.130027770996094
2022-11-15 09:45:21,622 - INFO: global_step=363364, episodic_return=231.255859375
2022-11-15 09:45:22,282 - INFO: global_step=363869, episodic_return=215.47738647460938
2022-11-15 09:45:23,817 - INFO: global_step=364869, episodic_return=113.2842788696289
2022-11-15 09:45:24,212 - INFO: global_step=365228, episodic_return=-64.12615966796875
2022-11-15 09:45:24,699 - INFO: global_step=365667, episodic_return=-94.96142578125
2022-11-15 09:45:25,460 - INFO: global_step=366230, episodic_return=-69.94605255126953
2022-11-15 09:45:25,715 - INFO: global_step=366528, episodic_return=-425.5163269042969
2022-11-15 09:45:26,246 - INFO: global_step=367004, episodic_return=-143.363037109375
2022-11-15 09:45:26,354 - INFO: global_step=367154, episodic_return=27.444664001464844
2022-11-15 09:45:26,862 - INFO: global_step=367536, episodic_return=-274.57611083984375
2022-11-15 09:45:27,194 - INFO: global_step=367885, episodic_return=-113.81719970703125
2022-11-15 09:45:27,861 - INFO: global_step=368428, episodic_return=-195.6297149658203
2022-11-15 09:45:28,324 - INFO: global_step=368881, episodic_return=-104.02098083496094
2022-11-15 09:45:29,652 - INFO: global_step=369881, episodic_return=-87.90001678466797
2022-11-15 09:45:30,752 - INFO: global_step=370881, episodic_return=-52.03371047973633
2022-11-15 09:45:30,943 - INFO: global_step=371144, episodic_return=28.67938232421875
2022-11-15 09:45:32,509 - INFO: global_step=372144, episodic_return=-119.1943359375
2022-11-15 09:45:34,531 - INFO: global_step=373144, episodic_return=-85.84614562988281
2022-11-15 09:45:36,171 - INFO: global_step=374144, episodic_return=-50.54884338378906
2022-11-15 09:45:37,277 - INFO: global_step=375144, episodic_return=-39.94493865966797
2022-11-15 09:45:38,893 - INFO: global_step=376144, episodic_return=-91.88375854492188
2022-11-15 09:45:40,386 - INFO: global_step=377144, episodic_return=-68.49454498291016
2022-11-15 09:45:41,686 - INFO: global_step=378144, episodic_return=-43.23628616333008
2022-11-15 09:45:43,490 - INFO: global_step=379144, episodic_return=-51.77889633178711
2022-11-15 09:45:45,307 - INFO: global_step=380144, episodic_return=-61.82320785522461
2022-11-15 09:45:46,310 - INFO: global_step=381144, episodic_return=-24.458209991455078
2022-11-15 09:45:47,924 - INFO: global_step=382144, episodic_return=-25.690860748291016
2022-11-15 09:45:49,286 - INFO: global_step=383144, episodic_return=-49.97898483276367
2022-11-15 09:45:50,434 - INFO: global_step=384144, episodic_return=-47.063045501708984
2022-11-15 09:45:51,799 - INFO: global_step=385144, episodic_return=-67.466552734375
2022-11-15 09:45:53,037 - INFO: global_step=386144, episodic_return=-59.3272819519043
2022-11-15 09:45:54,769 - INFO: global_step=387144, episodic_return=-46.20039367675781
2022-11-15 09:45:56,065 - INFO: global_step=388144, episodic_return=-54.94973373413086
2022-11-15 09:45:57,454 - INFO: global_step=389144, episodic_return=-40.541019439697266
2022-11-15 09:45:58,790 - INFO: global_step=390144, episodic_return=-7.793757438659668
2022-11-15 09:46:00,229 - INFO: global_step=391144, episodic_return=-4.571835994720459
2022-11-15 09:46:01,669 - INFO: global_step=392144, episodic_return=-33.85329055786133
2022-11-15 09:46:03,286 - INFO: global_step=393144, episodic_return=-61.06484603881836
2022-11-15 09:46:04,469 - INFO: global_step=394144, episodic_return=-68.56242370605469
2022-11-15 09:46:06,136 - INFO: global_step=395144, episodic_return=-39.99189758300781
2022-11-15 09:46:07,967 - INFO: global_step=396144, episodic_return=-18.240571975708008
2022-11-15 09:46:10,721 - INFO: global_step=397144, episodic_return=-20.16357421875
2022-11-15 09:46:12,040 - INFO: global_step=398144, episodic_return=3.3464207649230957
2022-11-15 09:46:13,453 - INFO: global_step=399144, episodic_return=-52.8969841003418
2022-11-15 09:46:14,939 - INFO: global_step=400144, episodic_return=-53.720157623291016
2022-11-15 09:46:16,320 - INFO: global_step=401144, episodic_return=-40.7880859375
2022-11-15 09:46:17,596 - INFO: global_step=402144, episodic_return=-60.053688049316406
2022-11-15 09:46:19,215 - INFO: global_step=403144, episodic_return=-69.8708267211914
2022-11-15 09:46:20,666 - INFO: global_step=404144, episodic_return=-6.100569725036621
2022-11-15 09:46:22,676 - INFO: global_step=405144, episodic_return=-27.780330657958984
2022-11-15 09:46:22,763 - INFO: global_step=405291, episodic_return=-63.678863525390625
2022-11-15 09:46:24,576 - INFO: global_step=406291, episodic_return=-22.483074188232422
2022-11-15 09:46:26,307 - INFO: global_step=407291, episodic_return=-79.95146942138672
2022-11-15 09:46:28,311 - INFO: global_step=408291, episodic_return=-48.93373107910156
2022-11-15 09:46:30,059 - INFO: global_step=409291, episodic_return=-68.67259216308594
2022-11-15 09:46:32,641 - INFO: global_step=410291, episodic_return=-53.13802719116211
2022-11-15 09:46:33,882 - INFO: global_step=411291, episodic_return=-7.59981632232666
2022-11-15 09:46:35,359 - INFO: global_step=412291, episodic_return=-31.098703384399414
2022-11-15 09:46:36,641 - INFO: global_step=413291, episodic_return=-35.48632049560547
2022-11-15 09:46:38,758 - INFO: global_step=414291, episodic_return=-10.229333877563477
2022-11-15 09:46:40,055 - INFO: global_step=415291, episodic_return=26.311208724975586
2022-11-15 09:46:41,563 - INFO: global_step=416291, episodic_return=-37.92563247680664
2022-11-15 09:46:43,400 - INFO: global_step=417291, episodic_return=-10.630160331726074
2022-11-15 09:46:44,776 - INFO: global_step=418291, episodic_return=-6.558882713317871
2022-11-15 09:46:46,428 - INFO: global_step=419291, episodic_return=-21.52411460876465
2022-11-15 09:46:48,592 - INFO: global_step=420291, episodic_return=-41.84994888305664
2022-11-15 09:46:50,721 - INFO: global_step=421291, episodic_return=-8.125699996948242
2022-11-15 09:46:52,422 - INFO: global_step=422291, episodic_return=21.652009963989258
2022-11-15 09:46:53,483 - INFO: global_step=423291, episodic_return=-13.49701976776123
2022-11-15 09:46:54,792 - INFO: global_step=424291, episodic_return=-15.204553604125977
2022-11-15 09:46:56,721 - INFO: global_step=425291, episodic_return=-30.86687660217285
2022-11-15 09:46:58,151 - INFO: global_step=426291, episodic_return=26.194805145263672
2022-11-15 09:46:59,579 - INFO: global_step=427291, episodic_return=23.720468521118164
2022-11-15 09:47:01,541 - INFO: global_step=428291, episodic_return=-37.32236099243164
2022-11-15 09:47:03,434 - INFO: global_step=429291, episodic_return=14.30603313446045
2022-11-15 09:47:04,692 - INFO: global_step=430091, episodic_return=150.1563720703125
2022-11-15 09:47:05,558 - INFO: global_step=430654, episodic_return=-232.22976684570312
2022-11-15 09:47:06,841 - INFO: global_step=431654, episodic_return=-24.44539451599121
2022-11-15 09:47:08,648 - INFO: global_step=432654, episodic_return=-23.804576873779297
2022-11-15 09:47:10,498 - INFO: global_step=433654, episodic_return=-36.283935546875
2022-11-15 09:47:12,105 - INFO: global_step=434654, episodic_return=-12.46066665649414
2022-11-15 09:47:13,340 - INFO: global_step=435654, episodic_return=-22.272987365722656
2022-11-15 09:47:15,164 - INFO: global_step=436654, episodic_return=-41.50037384033203
2022-11-15 09:47:15,306 - INFO: global_step=436858, episodic_return=-81.87600708007812
2022-11-15 09:47:17,065 - INFO: global_step=437858, episodic_return=-31.116201400756836
2022-11-15 09:47:19,130 - INFO: global_step=438858, episodic_return=-26.22060203552246
2022-11-15 09:47:20,735 - INFO: global_step=439858, episodic_return=-8.829900741577148
2022-11-15 09:47:21,805 - INFO: global_step=440858, episodic_return=-33.490089416503906
2022-11-15 09:47:22,027 - INFO: global_step=441117, episodic_return=-65.00810241699219
2022-11-15 09:47:22,527 - INFO: global_step=441543, episodic_return=-113.06575012207031
2022-11-15 09:47:23,703 - INFO: global_step=442543, episodic_return=28.79072380065918
2022-11-15 09:47:25,040 - INFO: global_step=443543, episodic_return=-44.09473419189453
2022-11-15 09:47:26,549 - INFO: global_step=444543, episodic_return=-96.11959838867188
2022-11-15 09:47:28,106 - INFO: global_step=445543, episodic_return=-29.423690795898438
2022-11-15 09:47:29,789 - INFO: global_step=446543, episodic_return=-27.154891967773438
2022-11-15 09:47:31,403 - INFO: global_step=447543, episodic_return=-59.20870590209961
2022-11-15 09:47:33,124 - INFO: global_step=448543, episodic_return=-52.4358024597168
2022-11-15 09:47:34,916 - INFO: global_step=449543, episodic_return=-23.2359619140625
2022-11-15 09:47:36,115 - INFO: global_step=450543, episodic_return=-32.87066650390625
2022-11-15 09:47:37,737 - INFO: global_step=451543, episodic_return=-8.708868980407715
2022-11-15 09:47:39,735 - INFO: global_step=452543, episodic_return=-6.996364116668701
2022-11-15 09:47:41,530 - INFO: global_step=453543, episodic_return=29.182050704956055
2022-11-15 09:47:42,718 - INFO: global_step=454543, episodic_return=-54.38374328613281
2022-11-15 09:47:44,711 - INFO: global_step=455543, episodic_return=-47.678218841552734
2022-11-15 09:47:45,877 - INFO: global_step=456543, episodic_return=-56.58362579345703
2022-11-15 09:47:47,388 - INFO: global_step=457543, episodic_return=-4.309842586517334
2022-11-15 09:47:49,116 - INFO: global_step=458543, episodic_return=-107.94629669189453
2022-11-15 09:47:50,702 - INFO: global_step=459543, episodic_return=-59.859249114990234
2022-11-15 09:47:52,117 - INFO: global_step=460543, episodic_return=-10.293692588806152
2022-11-15 09:47:53,627 - INFO: global_step=461543, episodic_return=-9.901013374328613
2022-11-15 09:47:55,176 - INFO: global_step=462543, episodic_return=-20.217432022094727
2022-11-15 09:47:57,352 - INFO: global_step=463543, episodic_return=-24.565053939819336
2022-11-15 09:47:58,929 - INFO: global_step=464543, episodic_return=-26.844139099121094
2022-11-15 09:48:01,197 - INFO: global_step=465543, episodic_return=-27.609956741333008
2022-11-15 09:48:03,173 - INFO: global_step=466543, episodic_return=-32.97990036010742
2022-11-15 09:48:03,302 - INFO: global_step=466713, episodic_return=-97.451904296875
2022-11-15 09:48:04,795 - INFO: global_step=467713, episodic_return=-31.813488006591797
2022-11-15 09:48:06,603 - INFO: global_step=468713, episodic_return=-47.30786895751953
2022-11-15 09:48:08,810 - INFO: global_step=469713, episodic_return=-17.337785720825195
2022-11-15 09:48:10,163 - INFO: global_step=470713, episodic_return=-22.90215301513672
2022-11-15 09:48:11,669 - INFO: global_step=471713, episodic_return=-53.336334228515625
2022-11-15 09:48:13,608 - INFO: global_step=472713, episodic_return=-32.25096130371094
2022-11-15 09:48:15,166 - INFO: global_step=473713, episodic_return=-9.929698944091797
2022-11-15 09:48:16,430 - INFO: global_step=474713, episodic_return=14.372581481933594
2022-11-15 09:48:17,653 - INFO: global_step=475538, episodic_return=181.45574951171875
2022-11-15 09:48:18,331 - INFO: global_step=476060, episodic_return=216.56875610351562
2022-11-15 09:48:18,988 - INFO: global_step=476705, episodic_return=-145.181396484375
2022-11-15 09:48:19,780 - INFO: global_step=477297, episodic_return=197.97653198242188
2022-11-15 09:48:19,866 - INFO: global_step=477431, episodic_return=-93.11436462402344
2022-11-15 09:48:20,114 - INFO: global_step=477728, episodic_return=182.29721069335938
2022-11-15 09:48:20,688 - INFO: global_step=478232, episodic_return=138.03709411621094
2022-11-15 09:48:20,788 - INFO: global_step=478372, episodic_return=-36.54818344116211
2022-11-15 09:48:20,885 - INFO: global_step=478514, episodic_return=-27.854019165039062
2022-11-15 09:48:21,241 - INFO: global_step=478869, episodic_return=209.42431640625
2022-11-15 09:48:21,671 - INFO: global_step=479253, episodic_return=247.3318634033203
2022-11-15 09:48:22,030 - INFO: global_step=479580, episodic_return=239.60096740722656
2022-11-15 09:48:22,494 - INFO: global_step=479889, episodic_return=242.43125915527344
2022-11-15 09:48:22,688 - INFO: global_step=480061, episodic_return=-44.126888275146484
2022-11-15 09:48:23,231 - INFO: global_step=480402, episodic_return=-14.513771057128906
2022-11-15 09:48:23,651 - INFO: global_step=480794, episodic_return=195.92288208007812
2022-11-15 09:48:24,385 - INFO: global_step=481294, episodic_return=225.9677734375
2022-11-15 09:48:25,009 - INFO: global_step=481996, episodic_return=187.29449462890625
2022-11-15 09:48:25,141 - INFO: global_step=482193, episodic_return=-129.2156219482422
2022-11-15 09:48:26,652 - INFO: global_step=483193, episodic_return=-138.62884521484375
2022-11-15 09:48:27,169 - INFO: global_step=483649, episodic_return=271.2967834472656
2022-11-15 09:48:27,555 - INFO: global_step=483971, episodic_return=218.17079162597656
2022-11-15 09:48:28,352 - INFO: global_step=484488, episodic_return=231.8763885498047
2022-11-15 09:48:28,686 - INFO: global_step=484820, episodic_return=219.83432006835938
2022-11-15 09:48:28,879 - INFO: global_step=485080, episodic_return=-92.77732849121094
2022-11-15 09:48:29,336 - INFO: global_step=485552, episodic_return=216.93020629882812
2022-11-15 09:48:29,838 - INFO: global_step=486065, episodic_return=211.85528564453125
2022-11-15 09:48:30,038 - INFO: global_step=486305, episodic_return=-44.29826354980469
2022-11-15 09:48:30,792 - INFO: global_step=486914, episodic_return=230.46958923339844
2022-11-15 09:48:32,498 - INFO: global_step=487914, episodic_return=-38.91970443725586
2022-11-15 09:48:32,586 - INFO: global_step=488043, episodic_return=-102.73268127441406
2022-11-15 09:48:33,054 - INFO: global_step=488485, episodic_return=-29.360794067382812
2022-11-15 09:48:33,907 - INFO: global_step=489046, episodic_return=188.267822265625
2022-11-15 09:48:34,452 - INFO: global_step=489517, episodic_return=125.587646484375
2022-11-15 09:48:34,649 - INFO: global_step=489743, episodic_return=-144.36534118652344
2022-11-15 09:48:36,485 - INFO: global_step=490743, episodic_return=-55.38201904296875
2022-11-15 09:48:38,240 - INFO: global_step=491743, episodic_return=-46.871734619140625
2022-11-15 09:48:39,956 - INFO: global_step=492743, episodic_return=-51.08367156982422
2022-11-15 09:48:41,636 - INFO: global_step=493743, episodic_return=22.882347106933594
2022-11-15 09:48:43,223 - INFO: global_step=494743, episodic_return=3.4919755458831787
2022-11-15 09:48:44,992 - INFO: global_step=495743, episodic_return=-21.581527709960938
2022-11-15 09:48:46,748 - INFO: global_step=496743, episodic_return=27.668718338012695
2022-11-15 09:48:47,879 - INFO: global_step=497566, episodic_return=127.07896423339844
2022-11-15 09:48:49,301 - INFO: global_step=498566, episodic_return=43.492584228515625
2022-11-15 09:48:50,766 - INFO: global_step=499566, episodic_return=-55.19454574584961
2022-11-15 09:48:51,189 - INFO: The average reward of last 20 steps: 30.396742808818818
