2022-11-15 09:48:54,403 - INFO: +--------------------------+----------------+
| Parameter                | Value          |
+--------------------------+----------------+
| exp_name                 | dqn            |
+--------------------------+----------------+
| seed                     | 42             |
+--------------------------+----------------+
| total_timesteps          | 500000         |
+--------------------------+----------------+
| learning_rate            | 0.001          |
+--------------------------+----------------+
| buffer_size              | 2000           |
+--------------------------+----------------+
| gamma                    | 0.982          |
+--------------------------+----------------+
| target_network_frequency | 50             |
+--------------------------+----------------+
| batch_size               | 128            |
+--------------------------+----------------+
| start_e                  | 0.900          |
+--------------------------+----------------+
| end_e                    | 0.050          |
+--------------------------+----------------+
| exploration_fraction     | 0.100          |
+--------------------------+----------------+
| learning_starts          | 10000          |
+--------------------------+----------------+
| train_frequency          | 10             |
+--------------------------+----------------+
| env_id                   | LunarLander-v2 |
+--------------------------+----------------+
2022-11-15 09:48:56,374 - INFO: global_step=112, episodic_return=-339.75921630859375
2022-11-15 09:48:56,401 - INFO: global_step=233, episodic_return=-152.68775939941406
2022-11-15 09:48:56,414 - INFO: global_step=299, episodic_return=-109.94239807128906
2022-11-15 09:48:56,440 - INFO: global_step=416, episodic_return=-203.19461059570312
2022-11-15 09:48:56,462 - INFO: global_step=527, episodic_return=-443.8146057128906
2022-11-15 09:48:56,486 - INFO: global_step=645, episodic_return=-16.002593994140625
2022-11-15 09:48:56,498 - INFO: global_step=707, episodic_return=-80.40404510498047
2022-11-15 09:48:56,512 - INFO: global_step=772, episodic_return=-328.1663818359375
2022-11-15 09:48:56,532 - INFO: global_step=865, episodic_return=-308.7459411621094
2022-11-15 09:48:56,553 - INFO: global_step=967, episodic_return=-176.49862670898438
2022-11-15 09:48:56,566 - INFO: global_step=1037, episodic_return=-57.02763748168945
2022-11-15 09:48:56,578 - INFO: global_step=1105, episodic_return=-78.90031433105469
2022-11-15 09:48:56,597 - INFO: global_step=1214, episodic_return=-134.96469116210938
2022-11-15 09:48:56,608 - INFO: global_step=1283, episodic_return=-181.92494201660156
2022-11-15 09:48:56,630 - INFO: global_step=1378, episodic_return=-156.32958984375
2022-11-15 09:48:56,658 - INFO: global_step=1499, episodic_return=-169.55926513671875
2022-11-15 09:48:56,674 - INFO: global_step=1566, episodic_return=-150.14688110351562
2022-11-15 09:48:56,700 - INFO: global_step=1678, episodic_return=-242.79116821289062
2022-11-15 09:48:56,714 - INFO: global_step=1743, episodic_return=-145.66465759277344
2022-11-15 09:48:56,733 - INFO: global_step=1820, episodic_return=-116.97244262695312
2022-11-15 09:48:56,753 - INFO: global_step=1901, episodic_return=-73.95481872558594
2022-11-15 09:48:56,773 - INFO: global_step=1991, episodic_return=-110.77940368652344
2022-11-15 09:48:56,794 - INFO: global_step=2085, episodic_return=-42.084129333496094
2022-11-15 09:48:56,814 - INFO: global_step=2180, episodic_return=-293.1473693847656
2022-11-15 09:48:56,838 - INFO: global_step=2297, episodic_return=-145.54043579101562
2022-11-15 09:48:56,857 - INFO: global_step=2389, episodic_return=-193.301513671875
2022-11-15 09:48:56,874 - INFO: global_step=2463, episodic_return=-107.48269653320312
2022-11-15 09:48:56,897 - INFO: global_step=2552, episodic_return=-262.51092529296875
2022-11-15 09:48:56,911 - INFO: global_step=2615, episodic_return=-88.91683197021484
2022-11-15 09:48:56,937 - INFO: global_step=2719, episodic_return=-225.18045043945312
2022-11-15 09:48:56,953 - INFO: global_step=2788, episodic_return=-119.91450500488281
2022-11-15 09:48:56,965 - INFO: global_step=2851, episodic_return=-133.86529541015625
2022-11-15 09:48:56,982 - INFO: global_step=2924, episodic_return=-129.63772583007812
2022-11-15 09:48:57,004 - INFO: global_step=3009, episodic_return=-326.1303405761719
2022-11-15 09:48:57,023 - INFO: global_step=3104, episodic_return=-133.05931091308594
2022-11-15 09:48:57,034 - INFO: global_step=3164, episodic_return=-83.7896728515625
2022-11-15 09:48:57,056 - INFO: global_step=3256, episodic_return=-143.57980346679688
2022-11-15 09:48:57,086 - INFO: global_step=3383, episodic_return=-21.760391235351562
2022-11-15 09:48:57,104 - INFO: global_step=3455, episodic_return=-107.49842071533203
2022-11-15 09:48:57,116 - INFO: global_step=3517, episodic_return=-87.43033599853516
2022-11-15 09:48:57,132 - INFO: global_step=3585, episodic_return=-150.07908630371094
2022-11-15 09:48:57,152 - INFO: global_step=3657, episodic_return=-247.8050537109375
2022-11-15 09:48:57,208 - INFO: global_step=3772, episodic_return=-443.2756042480469
2022-11-15 09:48:57,220 - INFO: global_step=3828, episodic_return=-90.08319091796875
2022-11-15 09:48:57,237 - INFO: global_step=3916, episodic_return=-464.51324462890625
2022-11-15 09:48:57,252 - INFO: global_step=3999, episodic_return=-316.4339904785156
2022-11-15 09:48:57,266 - INFO: global_step=4082, episodic_return=-224.41876220703125
2022-11-15 09:48:57,280 - INFO: global_step=4150, episodic_return=-102.652587890625
2022-11-15 09:48:57,293 - INFO: global_step=4214, episodic_return=-83.02937316894531
2022-11-15 09:48:57,311 - INFO: global_step=4308, episodic_return=-343.3873291015625
2022-11-15 09:48:57,324 - INFO: global_step=4382, episodic_return=-99.10697174072266
2022-11-15 09:48:57,348 - INFO: global_step=4502, episodic_return=-240.08432006835938
2022-11-15 09:48:57,387 - INFO: global_step=4626, episodic_return=-154.87338256835938
2022-11-15 09:48:57,399 - INFO: global_step=4698, episodic_return=-367.406982421875
2022-11-15 09:48:57,412 - INFO: global_step=4759, episodic_return=-105.04427337646484
2022-11-15 09:48:57,435 - INFO: global_step=4852, episodic_return=-115.36454772949219
2022-11-15 09:48:57,452 - INFO: global_step=4930, episodic_return=-149.94931030273438
2022-11-15 09:48:57,468 - INFO: global_step=5003, episodic_return=-95.80775451660156
2022-11-15 09:48:57,482 - INFO: global_step=5073, episodic_return=-125.95718383789062
2022-11-15 09:48:57,500 - INFO: global_step=5134, episodic_return=-98.44469451904297
2022-11-15 09:48:57,530 - INFO: global_step=5228, episodic_return=-90.5157241821289
2022-11-15 09:48:57,547 - INFO: global_step=5304, episodic_return=-434.7483215332031
2022-11-15 09:48:57,563 - INFO: global_step=5378, episodic_return=-269.31549072265625
2022-11-15 09:48:57,590 - INFO: global_step=5492, episodic_return=-119.10111999511719
2022-11-15 09:48:57,602 - INFO: global_step=5548, episodic_return=-86.31359100341797
2022-11-15 09:48:57,623 - INFO: global_step=5642, episodic_return=-260.86578369140625
2022-11-15 09:48:57,642 - INFO: global_step=5728, episodic_return=-95.22505950927734
2022-11-15 09:48:57,661 - INFO: global_step=5818, episodic_return=-163.18287658691406
2022-11-15 09:48:57,692 - INFO: global_step=5939, episodic_return=-124.8515625
2022-11-15 09:48:57,711 - INFO: global_step=6017, episodic_return=-280.6094970703125
2022-11-15 09:48:57,725 - INFO: global_step=6081, episodic_return=-107.63654327392578
2022-11-15 09:48:57,748 - INFO: global_step=6187, episodic_return=-170.16390991210938
2022-11-15 09:48:57,771 - INFO: global_step=6289, episodic_return=-389.5715637207031
2022-11-15 09:48:57,794 - INFO: global_step=6383, episodic_return=-326.5821533203125
2022-11-15 09:48:57,829 - INFO: global_step=6492, episodic_return=-434.6008605957031
2022-11-15 09:48:57,849 - INFO: global_step=6582, episodic_return=-439.8955078125
2022-11-15 09:48:57,875 - INFO: global_step=6670, episodic_return=-370.76678466796875
2022-11-15 09:48:57,890 - INFO: global_step=6744, episodic_return=-122.76792907714844
2022-11-15 09:48:57,905 - INFO: global_step=6811, episodic_return=-102.6342544555664
2022-11-15 09:48:57,930 - INFO: global_step=6899, episodic_return=-509.42852783203125
2022-11-15 09:48:57,958 - INFO: global_step=7008, episodic_return=-313.6598205566406
2022-11-15 09:48:57,974 - INFO: global_step=7073, episodic_return=-61.676483154296875
2022-11-15 09:48:58,013 - INFO: global_step=7211, episodic_return=-251.5298309326172
2022-11-15 09:48:58,031 - INFO: global_step=7285, episodic_return=-85.87450408935547
2022-11-15 09:48:58,045 - INFO: global_step=7348, episodic_return=-92.39350891113281
2022-11-15 09:48:58,068 - INFO: global_step=7445, episodic_return=-277.69195556640625
2022-11-15 09:48:58,092 - INFO: global_step=7531, episodic_return=-403.9212341308594
2022-11-15 09:48:58,111 - INFO: global_step=7603, episodic_return=-80.53355407714844
2022-11-15 09:48:58,125 - INFO: global_step=7662, episodic_return=-99.62769317626953
2022-11-15 09:48:58,139 - INFO: global_step=7721, episodic_return=-86.70759582519531
2022-11-15 09:48:58,174 - INFO: global_step=7856, episodic_return=-336.5721435546875
2022-11-15 09:48:58,188 - INFO: global_step=7913, episodic_return=-88.85267639160156
2022-11-15 09:48:58,228 - INFO: global_step=8050, episodic_return=-202.9325714111328
2022-11-15 09:48:58,247 - INFO: global_step=8117, episodic_return=-87.53925323486328
2022-11-15 09:48:58,266 - INFO: global_step=8187, episodic_return=-335.238525390625
2022-11-15 09:48:58,300 - INFO: global_step=8309, episodic_return=-491.0234375
2022-11-15 09:48:58,326 - INFO: global_step=8408, episodic_return=-458.50140380859375
2022-11-15 09:48:58,363 - INFO: global_step=8533, episodic_return=-400.6333923339844
2022-11-15 09:48:58,379 - INFO: global_step=8599, episodic_return=-83.52008819580078
2022-11-15 09:48:58,395 - INFO: global_step=8668, episodic_return=-118.62468719482422
2022-11-15 09:48:58,416 - INFO: global_step=8745, episodic_return=-418.73565673828125
2022-11-15 09:48:58,431 - INFO: global_step=8810, episodic_return=-129.71438598632812
2022-11-15 09:48:58,452 - INFO: global_step=8886, episodic_return=-367.7944641113281
2022-11-15 09:48:58,478 - INFO: global_step=8977, episodic_return=-587.4482421875
2022-11-15 09:48:58,496 - INFO: global_step=9046, episodic_return=-97.21044158935547
2022-11-15 09:48:58,534 - INFO: global_step=9187, episodic_return=-169.53707885742188
2022-11-15 09:48:58,554 - INFO: global_step=9265, episodic_return=-413.9064636230469
2022-11-15 09:48:58,579 - INFO: global_step=9356, episodic_return=-441.3963317871094
2022-11-15 09:48:58,609 - INFO: global_step=9478, episodic_return=-226.18923950195312
2022-11-15 09:48:58,625 - INFO: global_step=9536, episodic_return=-157.2515869140625
2022-11-15 09:48:58,643 - INFO: global_step=9622, episodic_return=-272.53619384765625
2022-11-15 09:48:58,660 - INFO: global_step=9685, episodic_return=-70.51827239990234
2022-11-15 09:48:58,688 - INFO: global_step=9803, episodic_return=-165.55450439453125
2022-11-15 09:48:58,704 - INFO: global_step=9865, episodic_return=-229.9495391845703
2022-11-15 09:48:58,746 - INFO: global_step=10002, episodic_return=-301.59881591796875
2022-11-15 09:48:58,846 - INFO: global_step=10188, episodic_return=-373.806884765625
2022-11-15 09:48:58,901 - INFO: global_step=10262, episodic_return=-124.63975524902344
2022-11-15 09:48:58,960 - INFO: global_step=10366, episodic_return=-110.74568939208984
2022-11-15 09:48:59,021 - INFO: global_step=10434, episodic_return=-102.30477142333984
2022-11-15 09:48:59,062 - INFO: global_step=10511, episodic_return=-129.24655151367188
2022-11-15 09:48:59,093 - INFO: global_step=10574, episodic_return=-99.51835632324219
2022-11-15 09:48:59,129 - INFO: global_step=10643, episodic_return=-228.41275024414062
2022-11-15 09:48:59,176 - INFO: global_step=10740, episodic_return=-140.3056182861328
2022-11-15 09:48:59,232 - INFO: global_step=10843, episodic_return=-187.52880859375
2022-11-15 09:48:59,279 - INFO: global_step=10913, episodic_return=-217.29046630859375
2022-11-15 09:48:59,319 - INFO: global_step=10987, episodic_return=-335.84149169921875
2022-11-15 09:48:59,357 - INFO: global_step=11055, episodic_return=-301.6824951171875
2022-11-15 09:48:59,419 - INFO: global_step=11118, episodic_return=-124.36473083496094
2022-11-15 09:48:59,527 - INFO: global_step=11296, episodic_return=-79.37720489501953
2022-11-15 09:48:59,585 - INFO: global_step=11405, episodic_return=-148.82626342773438
2022-11-15 09:48:59,629 - INFO: global_step=11499, episodic_return=-410.30487060546875
2022-11-15 09:48:59,684 - INFO: global_step=11618, episodic_return=-141.84930419921875
2022-11-15 09:48:59,726 - INFO: global_step=11708, episodic_return=-495.1165771484375
2022-11-15 09:48:59,761 - INFO: global_step=11787, episodic_return=-355.77899169921875
2022-11-15 09:48:59,787 - INFO: global_step=11858, episodic_return=-173.02346801757812
2022-11-15 09:48:59,814 - INFO: global_step=11926, episodic_return=-106.76821899414062
2022-11-15 09:48:59,871 - INFO: global_step=12060, episodic_return=-174.14810180664062
2022-11-15 09:48:59,923 - INFO: global_step=12161, episodic_return=-39.05731964111328
2022-11-15 09:48:59,966 - INFO: global_step=12258, episodic_return=-75.72601318359375
2022-11-15 09:49:00,010 - INFO: global_step=12366, episodic_return=-233.29827880859375
2022-11-15 09:49:00,060 - INFO: global_step=12493, episodic_return=-343.88336181640625
2022-11-15 09:49:00,101 - INFO: global_step=12597, episodic_return=-88.06681060791016
2022-11-15 09:49:00,151 - INFO: global_step=12714, episodic_return=-189.0438690185547
2022-11-15 09:49:00,211 - INFO: global_step=12807, episodic_return=-263.0209045410156
2022-11-15 09:49:00,254 - INFO: global_step=12872, episodic_return=-76.32874298095703
2022-11-15 09:49:00,302 - INFO: global_step=12994, episodic_return=-244.90670776367188
2022-11-15 09:49:00,330 - INFO: global_step=13068, episodic_return=-99.26191711425781
2022-11-15 09:49:00,375 - INFO: global_step=13173, episodic_return=-184.07122802734375
2022-11-15 09:49:00,444 - INFO: global_step=13327, episodic_return=-197.12106323242188
2022-11-15 09:49:00,500 - INFO: global_step=13453, episodic_return=-261.31549072265625
2022-11-15 09:49:00,553 - INFO: global_step=13565, episodic_return=-228.89617919921875
2022-11-15 09:49:00,697 - INFO: global_step=13802, episodic_return=-291.5316162109375
2022-11-15 09:49:00,791 - INFO: global_step=13984, episodic_return=-190.2044677734375
2022-11-15 09:49:00,862 - INFO: global_step=14130, episodic_return=-254.73680114746094
2022-11-15 09:49:00,913 - INFO: global_step=14242, episodic_return=-188.20654296875
2022-11-15 09:49:00,989 - INFO: global_step=14393, episodic_return=-133.8090362548828
2022-11-15 09:49:01,168 - INFO: global_step=14652, episodic_return=-114.32962799072266
2022-11-15 09:49:01,274 - INFO: global_step=14822, episodic_return=-156.54942321777344
2022-11-15 09:49:01,345 - INFO: global_step=14956, episodic_return=-198.88528442382812
2022-11-15 09:49:01,423 - INFO: global_step=15099, episodic_return=-300.09552001953125
2022-11-15 09:49:01,505 - INFO: global_step=15245, episodic_return=-278.53729248046875
2022-11-15 09:49:01,547 - INFO: global_step=15328, episodic_return=-233.89874267578125
2022-11-15 09:49:01,619 - INFO: global_step=15455, episodic_return=-186.36720275878906
2022-11-15 09:49:01,688 - INFO: global_step=15586, episodic_return=-117.28492736816406
2022-11-15 09:49:01,798 - INFO: global_step=15719, episodic_return=-182.5943145751953
2022-11-15 09:49:01,898 - INFO: global_step=15866, episodic_return=-176.9739532470703
2022-11-15 09:49:01,956 - INFO: global_step=15986, episodic_return=-250.3754119873047
2022-11-15 09:49:02,086 - INFO: global_step=16180, episodic_return=-16.9942626953125
2022-11-15 09:49:02,144 - INFO: global_step=16293, episodic_return=-295.847412109375
2022-11-15 09:49:02,196 - INFO: global_step=16393, episodic_return=-139.93685913085938
2022-11-15 09:49:02,291 - INFO: global_step=16562, episodic_return=-155.5020294189453
2022-11-15 09:49:02,394 - INFO: global_step=16722, episodic_return=-251.40423583984375
2022-11-15 09:49:02,477 - INFO: global_step=16874, episodic_return=-202.09976196289062
2022-11-15 09:49:02,638 - INFO: global_step=17115, episodic_return=-369.10223388671875
2022-11-15 09:49:02,781 - INFO: global_step=17320, episodic_return=-240.76507568359375
2022-11-15 09:49:02,908 - INFO: global_step=17454, episodic_return=-162.57666015625
2022-11-15 09:49:03,064 - INFO: global_step=17680, episodic_return=-112.07469940185547
2022-11-15 09:49:03,145 - INFO: global_step=17809, episodic_return=-185.33291625976562
2022-11-15 09:49:03,276 - INFO: global_step=17978, episodic_return=-189.92147827148438
2022-11-15 09:49:03,352 - INFO: global_step=18088, episodic_return=-103.80538940429688
2022-11-15 09:49:03,438 - INFO: global_step=18217, episodic_return=-160.6154022216797
2022-11-15 09:49:03,497 - INFO: global_step=18312, episodic_return=-24.192886352539062
2022-11-15 09:49:03,604 - INFO: global_step=18469, episodic_return=-126.58809661865234
2022-11-15 09:49:03,742 - INFO: global_step=18662, episodic_return=-165.93124389648438
2022-11-15 09:49:03,871 - INFO: global_step=18799, episodic_return=-315.634033203125
2022-11-15 09:49:04,298 - INFO: global_step=19121, episodic_return=-131.22486877441406
2022-11-15 09:49:04,396 - INFO: global_step=19259, episodic_return=-109.11467742919922
2022-11-15 09:49:04,475 - INFO: global_step=19359, episodic_return=-109.8822250366211
2022-11-15 09:49:04,618 - INFO: global_step=19558, episodic_return=-172.59739685058594
2022-11-15 09:49:04,733 - INFO: global_step=19756, episodic_return=-311.28607177734375
2022-11-15 09:49:04,780 - INFO: global_step=19846, episodic_return=-241.74496459960938
2022-11-15 09:49:04,890 - INFO: global_step=20045, episodic_return=-70.22129821777344
2022-11-15 09:49:04,960 - INFO: global_step=20171, episodic_return=-163.34315490722656
2022-11-15 09:49:05,054 - INFO: global_step=20313, episodic_return=-245.74314880371094
2022-11-15 09:49:05,134 - INFO: global_step=20417, episodic_return=-134.82113647460938
2022-11-15 09:49:05,263 - INFO: global_step=20585, episodic_return=-115.36279296875
2022-11-15 09:49:05,336 - INFO: global_step=20700, episodic_return=-209.919189453125
2022-11-15 09:49:05,467 - INFO: global_step=20915, episodic_return=-205.48878479003906
2022-11-15 09:49:05,571 - INFO: global_step=21076, episodic_return=-114.73560333251953
2022-11-15 09:49:05,752 - INFO: global_step=21351, episodic_return=-42.553897857666016
2022-11-15 09:49:05,943 - INFO: global_step=21617, episodic_return=-148.2107696533203
2022-11-15 09:49:06,151 - INFO: global_step=21871, episodic_return=-176.12960815429688
2022-11-15 09:49:06,282 - INFO: global_step=22032, episodic_return=-201.4971923828125
2022-11-15 09:49:06,496 - INFO: global_step=22279, episodic_return=-98.78874969482422
2022-11-15 09:49:06,565 - INFO: global_step=22411, episodic_return=-174.57852172851562
2022-11-15 09:49:06,753 - INFO: global_step=22680, episodic_return=10.677970886230469
2022-11-15 09:49:06,980 - INFO: global_step=22950, episodic_return=-193.41885375976562
2022-11-15 09:49:07,023 - INFO: global_step=23030, episodic_return=-72.58904266357422
2022-11-15 09:49:07,160 - INFO: global_step=23213, episodic_return=-61.763526916503906
2022-11-15 09:49:07,246 - INFO: global_step=23360, episodic_return=-158.3350830078125
2022-11-15 09:49:07,302 - INFO: global_step=23468, episodic_return=-56.627967834472656
2022-11-15 09:49:07,449 - INFO: global_step=23707, episodic_return=-239.12905883789062
2022-11-15 09:49:07,744 - INFO: global_step=24031, episodic_return=-147.15362548828125
2022-11-15 09:49:07,793 - INFO: global_step=24128, episodic_return=-105.88394927978516
2022-11-15 09:49:07,918 - INFO: global_step=24306, episodic_return=-115.29182434082031
2022-11-15 09:49:07,984 - INFO: global_step=24418, episodic_return=-48.50469970703125
2022-11-15 09:49:08,058 - INFO: global_step=24538, episodic_return=-127.026611328125
2022-11-15 09:49:08,274 - INFO: global_step=24824, episodic_return=-99.74584197998047
2022-11-15 09:49:08,735 - INFO: global_step=25286, episodic_return=-277.9798889160156
2022-11-15 09:49:08,818 - INFO: global_step=25403, episodic_return=-63.46941375732422
2022-11-15 09:49:08,880 - INFO: global_step=25511, episodic_return=-97.64076232910156
2022-11-15 09:49:09,627 - INFO: global_step=26074, episodic_return=-71.57586669921875
2022-11-15 09:49:10,014 - INFO: global_step=26183, episodic_return=-47.1037483215332
2022-11-15 09:49:10,055 - INFO: global_step=26270, episodic_return=-142.66061401367188
2022-11-15 09:49:10,096 - INFO: global_step=26348, episodic_return=-132.96875
2022-11-15 09:49:10,994 - INFO: global_step=26456, episodic_return=-121.43075561523438
2022-11-15 09:49:11,074 - INFO: global_step=26587, episodic_return=-70.04768371582031
2022-11-15 09:49:11,405 - INFO: global_step=26958, episodic_return=-9.388236999511719
2022-11-15 09:49:11,637 - INFO: global_step=27284, episodic_return=-69.23785400390625
2022-11-15 09:49:11,805 - INFO: global_step=27508, episodic_return=-158.54888916015625
2022-11-15 09:49:11,860 - INFO: global_step=27602, episodic_return=-125.45469665527344
2022-11-15 09:49:12,032 - INFO: global_step=27826, episodic_return=-42.334136962890625
2022-11-15 09:49:12,169 - INFO: global_step=28033, episodic_return=-21.598777770996094
2022-11-15 09:49:13,000 - INFO: global_step=28626, episodic_return=-105.22616577148438
2022-11-15 09:49:13,232 - INFO: global_step=28916, episodic_return=-13.532852172851562
2022-11-15 09:49:13,372 - INFO: global_step=29108, episodic_return=-56.33987808227539
2022-11-15 09:49:13,539 - INFO: global_step=29339, episodic_return=-93.45156860351562
2022-11-15 09:49:15,008 - INFO: global_step=30339, episodic_return=77.9762954711914
2022-11-15 09:49:15,193 - INFO: global_step=30594, episodic_return=-227.76950073242188
2022-11-15 09:49:15,299 - INFO: global_step=30733, episodic_return=-131.38636779785156
2022-11-15 09:49:15,426 - INFO: global_step=30932, episodic_return=-62.81510543823242
2022-11-15 09:49:15,516 - INFO: global_step=31087, episodic_return=-262.6077880859375
2022-11-15 09:49:15,622 - INFO: global_step=31261, episodic_return=-95.88343811035156
2022-11-15 09:49:15,752 - INFO: global_step=31444, episodic_return=-174.28103637695312
2022-11-15 09:49:15,975 - INFO: global_step=31730, episodic_return=-78.73521423339844
2022-11-15 09:49:16,051 - INFO: global_step=31856, episodic_return=-164.94508361816406
2022-11-15 09:49:16,186 - INFO: global_step=32057, episodic_return=-81.3039321899414
2022-11-15 09:49:16,298 - INFO: global_step=32218, episodic_return=-1.9813690185546875
2022-11-15 09:49:16,427 - INFO: global_step=32394, episodic_return=-102.98287200927734
2022-11-15 09:49:16,570 - INFO: global_step=32557, episodic_return=-14.014030456542969
2022-11-15 09:49:17,057 - INFO: global_step=33018, episodic_return=-96.8187026977539
2022-11-15 09:49:17,332 - INFO: global_step=33312, episodic_return=-156.853759765625
2022-11-15 09:49:17,634 - INFO: global_step=33646, episodic_return=-161.89212036132812
2022-11-15 09:49:19,381 - INFO: global_step=34646, episodic_return=-48.45097732543945
2022-11-15 09:49:21,302 - INFO: global_step=35646, episodic_return=-121.54169464111328
2022-11-15 09:49:22,808 - INFO: global_step=36646, episodic_return=-26.618915557861328
2022-11-15 09:49:24,071 - INFO: global_step=37515, episodic_return=-282.60943603515625
2022-11-15 09:49:25,757 - INFO: global_step=38515, episodic_return=-73.96251678466797
2022-11-15 09:49:26,680 - INFO: global_step=39112, episodic_return=-189.6661376953125
2022-11-15 09:49:28,820 - INFO: global_step=40112, episodic_return=15.783025741577148
2022-11-15 09:49:30,222 - INFO: global_step=41112, episodic_return=-35.37935256958008
2022-11-15 09:49:31,723 - INFO: global_step=42112, episodic_return=-99.835205078125
2022-11-15 09:49:33,407 - INFO: global_step=43112, episodic_return=-80.20954132080078
2022-11-15 09:49:35,162 - INFO: global_step=44112, episodic_return=-85.82366943359375
2022-11-15 09:49:37,017 - INFO: global_step=45112, episodic_return=-61.49192428588867
2022-11-15 09:49:38,403 - INFO: global_step=46112, episodic_return=-72.3025894165039
2022-11-15 09:49:40,341 - INFO: global_step=47112, episodic_return=-65.46908569335938
2022-11-15 09:49:41,900 - INFO: global_step=48112, episodic_return=-93.0128173828125
2022-11-15 09:49:43,438 - INFO: global_step=49112, episodic_return=-70.18827056884766
2022-11-15 09:49:44,755 - INFO: global_step=50112, episodic_return=-73.01128387451172
2022-11-15 09:49:46,298 - INFO: global_step=51112, episodic_return=-85.48133087158203
2022-11-15 09:49:48,233 - INFO: global_step=52112, episodic_return=-49.87417221069336
2022-11-15 09:49:49,666 - INFO: global_step=53112, episodic_return=-32.24564743041992
2022-11-15 09:49:50,485 - INFO: global_step=53778, episodic_return=147.65834045410156
2022-11-15 09:49:52,178 - INFO: global_step=54778, episodic_return=-32.12151336669922
2022-11-15 09:49:54,040 - INFO: global_step=55778, episodic_return=1.9888160228729248
2022-11-15 09:49:56,179 - INFO: global_step=56778, episodic_return=-64.747314453125
2022-11-15 09:49:58,068 - INFO: global_step=57778, episodic_return=11.804593086242676
2022-11-15 09:50:00,304 - INFO: global_step=58778, episodic_return=-73.60506439208984
2022-11-15 09:50:01,922 - INFO: global_step=59778, episodic_return=-102.07801818847656
2022-11-15 09:50:04,027 - INFO: global_step=60778, episodic_return=-84.63028717041016
2022-11-15 09:50:05,487 - INFO: global_step=61778, episodic_return=-128.81524658203125
2022-11-15 09:50:07,339 - INFO: global_step=62778, episodic_return=-141.50721740722656
2022-11-15 09:50:08,808 - INFO: global_step=63778, episodic_return=60.24522018432617
2022-11-15 09:50:11,045 - INFO: global_step=64778, episodic_return=-57.968894958496094
2022-11-15 09:50:12,643 - INFO: global_step=65778, episodic_return=51.99867248535156
2022-11-15 09:50:13,093 - INFO: global_step=66210, episodic_return=217.53846740722656
2022-11-15 09:50:13,287 - INFO: global_step=66442, episodic_return=-115.45417785644531
2022-11-15 09:50:13,476 - INFO: global_step=66665, episodic_return=-28.11595916748047
2022-11-15 09:50:14,420 - INFO: global_step=67267, episodic_return=-127.00318908691406
2022-11-15 09:50:14,586 - INFO: global_step=67438, episodic_return=28.940292358398438
2022-11-15 09:50:14,905 - INFO: global_step=67749, episodic_return=262.0009765625
2022-11-15 09:50:15,006 - INFO: global_step=67905, episodic_return=-184.0272216796875
2022-11-15 09:50:15,111 - INFO: global_step=68072, episodic_return=-247.20899963378906
2022-11-15 09:50:15,355 - INFO: global_step=68352, episodic_return=20.105056762695312
2022-11-15 09:50:15,472 - INFO: global_step=68514, episodic_return=-28.185455322265625
2022-11-15 09:50:15,608 - INFO: global_step=68690, episodic_return=-3.5823287963867188
2022-11-15 09:50:15,749 - INFO: global_step=68870, episodic_return=-40.65355682373047
2022-11-15 09:50:17,297 - INFO: global_step=69870, episodic_return=6.130670070648193
2022-11-15 09:50:17,448 - INFO: global_step=70068, episodic_return=-269.5606689453125
2022-11-15 09:50:19,374 - INFO: global_step=71068, episodic_return=-96.47476959228516
2022-11-15 09:50:19,505 - INFO: global_step=71240, episodic_return=54.70045471191406
2022-11-15 09:50:20,199 - INFO: global_step=71771, episodic_return=194.65261840820312
2022-11-15 09:50:20,459 - INFO: global_step=72059, episodic_return=203.55010986328125
2022-11-15 09:50:21,191 - INFO: global_step=72616, episodic_return=247.8119354248047
2022-11-15 09:50:21,564 - INFO: global_step=73042, episodic_return=-72.41610717773438
2022-11-15 09:50:22,595 - INFO: global_step=73737, episodic_return=164.52389526367188
2022-11-15 09:50:23,292 - INFO: global_step=74280, episodic_return=165.0308074951172
2022-11-15 09:50:24,433 - INFO: global_step=75134, episodic_return=116.02384185791016
2022-11-15 09:50:25,087 - INFO: global_step=75847, episodic_return=168.42733764648438
2022-11-15 09:50:27,362 - INFO: global_step=76822, episodic_return=88.02632904052734
2022-11-15 09:50:29,126 - INFO: global_step=77724, episodic_return=184.5375518798828
2022-11-15 09:50:30,174 - INFO: global_step=78509, episodic_return=-121.03002166748047
2022-11-15 09:50:31,617 - INFO: global_step=79390, episodic_return=159.9456024169922
2022-11-15 09:50:33,253 - INFO: global_step=80390, episodic_return=-96.74018096923828
2022-11-15 09:50:34,973 - INFO: global_step=81390, episodic_return=-48.3939094543457
2022-11-15 09:50:36,818 - INFO: global_step=82390, episodic_return=-60.49937438964844
2022-11-15 09:50:38,694 - INFO: global_step=83390, episodic_return=-70.1401138305664
2022-11-15 09:50:38,880 - INFO: global_step=83598, episodic_return=28.64031982421875
2022-11-15 09:50:40,483 - INFO: global_step=84598, episodic_return=-53.283935546875
2022-11-15 09:50:41,993 - INFO: global_step=85439, episodic_return=92.87828063964844
2022-11-15 09:50:43,357 - INFO: global_step=86280, episodic_return=158.52670288085938
2022-11-15 09:50:43,466 - INFO: global_step=86429, episodic_return=-49.17875289916992
2022-11-15 09:50:43,722 - INFO: global_step=86736, episodic_return=6.130401611328125
2022-11-15 09:50:43,877 - INFO: global_step=86967, episodic_return=48.51715087890625
2022-11-15 09:50:44,735 - INFO: global_step=87686, episodic_return=185.25442504882812
2022-11-15 09:50:46,021 - INFO: global_step=88441, episodic_return=142.4033660888672
2022-11-15 09:50:47,278 - INFO: global_step=89277, episodic_return=198.56527709960938
2022-11-15 09:50:47,842 - INFO: global_step=89812, episodic_return=245.9336395263672
2022-11-15 09:50:49,756 - INFO: global_step=90812, episodic_return=-89.27381134033203
2022-11-15 09:50:51,763 - INFO: global_step=91812, episodic_return=10.464982986450195
2022-11-15 09:50:53,320 - INFO: global_step=92812, episodic_return=-61.646976470947266
2022-11-15 09:50:55,674 - INFO: global_step=93812, episodic_return=-23.388200759887695
2022-11-15 09:50:57,516 - INFO: global_step=94812, episodic_return=-86.77318572998047
2022-11-15 09:50:59,103 - INFO: global_step=95759, episodic_return=170.95504760742188
2022-11-15 09:50:59,291 - INFO: global_step=96002, episodic_return=16.20458221435547
2022-11-15 09:51:00,449 - INFO: global_step=96777, episodic_return=194.1492919921875
2022-11-15 09:51:02,059 - INFO: global_step=97777, episodic_return=-1.207453727722168
2022-11-15 09:51:03,693 - INFO: global_step=98612, episodic_return=183.84600830078125
2022-11-15 09:51:06,033 - INFO: global_step=99612, episodic_return=-38.17629623413086
2022-11-15 09:51:08,008 - INFO: global_step=100612, episodic_return=-55.92814636230469
2022-11-15 09:51:10,198 - INFO: global_step=101612, episodic_return=-70.64876556396484
2022-11-15 09:51:12,360 - INFO: global_step=102612, episodic_return=-85.75334930419922
2022-11-15 09:51:14,477 - INFO: global_step=103612, episodic_return=-117.69599914550781
2022-11-15 09:51:16,091 - INFO: global_step=104612, episodic_return=-20.501937866210938
2022-11-15 09:51:17,646 - INFO: global_step=105612, episodic_return=-79.40521240234375
2022-11-15 09:51:18,847 - INFO: global_step=106612, episodic_return=-12.606847763061523
2022-11-15 09:51:20,315 - INFO: global_step=107612, episodic_return=-83.73872375488281
2022-11-15 09:51:21,998 - INFO: global_step=108612, episodic_return=-96.5309829711914
2022-11-15 09:51:23,992 - INFO: global_step=109612, episodic_return=-41.36112594604492
2022-11-15 09:51:24,208 - INFO: global_step=109886, episodic_return=-10.596343994140625
2022-11-15 09:51:26,145 - INFO: global_step=110886, episodic_return=-73.80458068847656
2022-11-15 09:51:26,261 - INFO: global_step=111059, episodic_return=13.48870849609375
2022-11-15 09:51:27,876 - INFO: global_step=112059, episodic_return=-78.8358154296875
2022-11-15 09:51:28,010 - INFO: global_step=112223, episodic_return=-194.6461944580078
2022-11-15 09:51:29,924 - INFO: global_step=113223, episodic_return=-90.16091918945312
2022-11-15 09:51:30,330 - INFO: global_step=113662, episodic_return=257.77349853515625
2022-11-15 09:51:30,610 - INFO: global_step=113994, episodic_return=260.263427734375
2022-11-15 09:51:32,782 - INFO: global_step=114994, episodic_return=3.9396731853485107
2022-11-15 09:51:34,086 - INFO: global_step=115885, episodic_return=-250.56787109375
2022-11-15 09:51:35,002 - INFO: global_step=116681, episodic_return=-281.7564697265625
2022-11-15 09:51:35,289 - INFO: global_step=117028, episodic_return=262.88177490234375
2022-11-15 09:51:36,512 - INFO: global_step=117987, episodic_return=133.18447875976562
2022-11-15 09:51:36,639 - INFO: global_step=118173, episodic_return=-104.19349670410156
2022-11-15 09:51:37,064 - INFO: global_step=118635, episodic_return=-162.84292602539062
2022-11-15 09:51:37,410 - INFO: global_step=118988, episodic_return=-25.68755340576172
2022-11-15 09:51:38,782 - INFO: global_step=119988, episodic_return=-74.24883270263672
2022-11-15 09:51:39,298 - INFO: global_step=120397, episodic_return=240.48391723632812
2022-11-15 09:51:40,760 - INFO: global_step=121397, episodic_return=-45.33366012573242
2022-11-15 09:51:42,606 - INFO: global_step=122397, episodic_return=-70.50245666503906
2022-11-15 09:51:44,533 - INFO: global_step=123397, episodic_return=-88.1606216430664
2022-11-15 09:51:46,137 - INFO: global_step=124397, episodic_return=-14.674701690673828
2022-11-15 09:51:48,323 - INFO: global_step=125397, episodic_return=-45.43577575683594
2022-11-15 09:51:50,385 - INFO: global_step=126397, episodic_return=-68.1854476928711
2022-11-15 09:51:52,421 - INFO: global_step=127397, episodic_return=-96.51968383789062
2022-11-15 09:51:53,704 - INFO: global_step=128397, episodic_return=-93.6021499633789
2022-11-15 09:51:54,995 - INFO: global_step=129397, episodic_return=-106.86514282226562
2022-11-15 09:51:55,189 - INFO: global_step=129622, episodic_return=-247.0731964111328
2022-11-15 09:51:57,003 - INFO: global_step=130605, episodic_return=110.2049789428711
2022-11-15 09:51:57,178 - INFO: global_step=130834, episodic_return=-41.2520866394043
2022-11-15 09:51:57,850 - INFO: global_step=131415, episodic_return=215.8252716064453
2022-11-15 09:51:59,018 - INFO: global_step=132415, episodic_return=-77.71448516845703
2022-11-15 09:51:59,249 - INFO: global_step=132700, episodic_return=-53.23878860473633
2022-11-15 09:51:59,480 - INFO: global_step=132976, episodic_return=-67.4425048828125
2022-11-15 09:52:00,985 - INFO: global_step=133976, episodic_return=-41.18296432495117
2022-11-15 09:52:02,179 - INFO: global_step=134738, episodic_return=-224.03805541992188
2022-11-15 09:52:02,316 - INFO: global_step=134938, episodic_return=-250.02186584472656
2022-11-15 09:52:02,631 - INFO: global_step=135283, episodic_return=-5.9878387451171875
2022-11-15 09:52:02,767 - INFO: global_step=135475, episodic_return=-186.54742431640625
2022-11-15 09:52:04,640 - INFO: global_step=136475, episodic_return=-172.33660888671875
2022-11-15 09:52:06,551 - INFO: global_step=137475, episodic_return=-51.440399169921875
2022-11-15 09:52:06,657 - INFO: global_step=137629, episodic_return=-328.171630859375
2022-11-15 09:52:06,776 - INFO: global_step=137797, episodic_return=-205.97840881347656
2022-11-15 09:52:06,950 - INFO: global_step=138033, episodic_return=-251.9308624267578
2022-11-15 09:52:08,909 - INFO: global_step=139033, episodic_return=-104.9107437133789
2022-11-15 09:52:11,285 - INFO: global_step=140033, episodic_return=-35.249351501464844
2022-11-15 09:52:13,801 - INFO: global_step=141033, episodic_return=-66.52064514160156
2022-11-15 09:52:14,053 - INFO: global_step=141261, episodic_return=-185.15060424804688
2022-11-15 09:52:14,489 - INFO: global_step=141615, episodic_return=-211.19699096679688
2022-11-15 09:52:16,419 - INFO: global_step=142615, episodic_return=-77.94454956054688
2022-11-15 09:52:18,742 - INFO: global_step=143615, episodic_return=-76.68358612060547
2022-11-15 09:52:21,093 - INFO: global_step=144615, episodic_return=-85.00247192382812
2022-11-15 09:52:23,502 - INFO: global_step=145615, episodic_return=-131.99659729003906
2022-11-15 09:52:24,720 - INFO: global_step=146615, episodic_return=-39.328285217285156
2022-11-15 09:52:26,424 - INFO: global_step=147615, episodic_return=-79.79496765136719
2022-11-15 09:52:28,246 - INFO: global_step=148615, episodic_return=-127.07249450683594
2022-11-15 09:52:30,538 - INFO: global_step=149615, episodic_return=-85.56170654296875
2022-11-15 09:52:32,455 - INFO: global_step=150615, episodic_return=-121.03345489501953
2022-11-15 09:52:33,920 - INFO: global_step=151615, episodic_return=-117.27596282958984
2022-11-15 09:52:35,679 - INFO: global_step=152615, episodic_return=-71.53333282470703
2022-11-15 09:52:37,063 - INFO: global_step=153615, episodic_return=-52.07965087890625
2022-11-15 09:52:38,700 - INFO: global_step=154615, episodic_return=-22.22154426574707
2022-11-15 09:52:40,208 - INFO: global_step=155615, episodic_return=-49.66876220703125
2022-11-15 09:52:41,816 - INFO: global_step=156615, episodic_return=-94.95845031738281
2022-11-15 09:52:43,661 - INFO: global_step=157615, episodic_return=-104.03374481201172
2022-11-15 09:52:44,938 - INFO: global_step=158615, episodic_return=-46.410308837890625
2022-11-15 09:52:46,520 - INFO: global_step=159615, episodic_return=-99.4665756225586
2022-11-15 09:52:48,375 - INFO: global_step=160615, episodic_return=-68.55232238769531
2022-11-15 09:52:50,157 - INFO: global_step=161615, episodic_return=-100.5970687866211
2022-11-15 09:52:52,066 - INFO: global_step=162615, episodic_return=-61.42666244506836
2022-11-15 09:52:53,739 - INFO: global_step=163615, episodic_return=-103.66148376464844
2022-11-15 09:52:55,662 - INFO: global_step=164615, episodic_return=-88.8499755859375
2022-11-15 09:52:57,299 - INFO: global_step=165615, episodic_return=-106.43869018554688
2022-11-15 09:52:59,123 - INFO: global_step=166615, episodic_return=-49.92061233520508
2022-11-15 09:53:00,522 - INFO: global_step=167615, episodic_return=-118.25985717773438
2022-11-15 09:53:02,519 - INFO: global_step=168615, episodic_return=-54.71929931640625
2022-11-15 09:53:04,019 - INFO: global_step=169615, episodic_return=-91.675537109375
2022-11-15 09:53:05,190 - INFO: global_step=170615, episodic_return=-60.34783935546875
2022-11-15 09:53:07,162 - INFO: global_step=171615, episodic_return=-50.975730895996094
2022-11-15 09:53:08,725 - INFO: global_step=172615, episodic_return=-11.218374252319336
2022-11-15 09:53:10,631 - INFO: global_step=173615, episodic_return=-19.441987991333008
2022-11-15 09:53:12,144 - INFO: global_step=174615, episodic_return=-18.253366470336914
2022-11-15 09:53:12,230 - INFO: global_step=174736, episodic_return=-125.17564392089844
2022-11-15 09:53:14,505 - INFO: global_step=175736, episodic_return=-25.09636688232422
2022-11-15 09:53:16,545 - INFO: global_step=176736, episodic_return=-97.22451782226562
2022-11-15 09:53:18,071 - INFO: global_step=177736, episodic_return=-58.45772933959961
2022-11-15 09:53:20,097 - INFO: global_step=178736, episodic_return=-22.616424560546875
2022-11-15 09:53:21,603 - INFO: global_step=179736, episodic_return=-55.58414840698242
2022-11-15 09:53:21,713 - INFO: global_step=179906, episodic_return=-89.23116302490234
2022-11-15 09:53:22,092 - INFO: global_step=180306, episodic_return=-142.59671020507812
2022-11-15 09:53:22,562 - INFO: global_step=180768, episodic_return=-156.7450408935547
2022-11-15 09:53:23,296 - INFO: global_step=181363, episodic_return=-200.211669921875
2022-11-15 09:53:23,648 - INFO: global_step=181803, episodic_return=-182.11883544921875
2022-11-15 09:53:25,048 - INFO: global_step=182803, episodic_return=-134.8312225341797
2022-11-15 09:53:26,394 - INFO: global_step=183803, episodic_return=-32.562721252441406
2022-11-15 09:53:27,811 - INFO: global_step=184803, episodic_return=-32.40039825439453
2022-11-15 09:53:29,636 - INFO: global_step=185803, episodic_return=-57.915138244628906
2022-11-15 09:53:31,204 - INFO: global_step=186803, episodic_return=-88.36970520019531
2022-11-15 09:53:32,731 - INFO: global_step=187803, episodic_return=-117.25827026367188
2022-11-15 09:53:34,005 - INFO: global_step=188803, episodic_return=-24.396032333374023
2022-11-15 09:53:35,382 - INFO: global_step=189803, episodic_return=-16.492637634277344
2022-11-15 09:53:37,187 - INFO: global_step=190803, episodic_return=-91.17931365966797
2022-11-15 09:53:38,539 - INFO: global_step=191803, episodic_return=-19.174657821655273
2022-11-15 09:53:40,116 - INFO: global_step=192803, episodic_return=-39.639713287353516
2022-11-15 09:53:41,784 - INFO: global_step=193803, episodic_return=-25.947093963623047
2022-11-15 09:53:43,861 - INFO: global_step=194803, episodic_return=-10.717729568481445
2022-11-15 09:53:45,323 - INFO: global_step=195803, episodic_return=-68.00624084472656
2022-11-15 09:53:47,049 - INFO: global_step=196803, episodic_return=-1.4819378852844238
2022-11-15 09:53:48,099 - INFO: global_step=197803, episodic_return=-72.67961120605469
2022-11-15 09:53:49,674 - INFO: global_step=198803, episodic_return=-115.63456726074219
2022-11-15 09:53:51,440 - INFO: global_step=199803, episodic_return=-110.85066986083984
2022-11-15 09:53:52,635 - INFO: global_step=200803, episodic_return=-59.31623458862305
2022-11-15 09:53:54,201 - INFO: global_step=201803, episodic_return=-90.30581665039062
2022-11-15 09:53:55,102 - INFO: global_step=202526, episodic_return=190.02944946289062
2022-11-15 09:53:56,556 - INFO: global_step=203526, episodic_return=-109.08270263671875
2022-11-15 09:53:57,843 - INFO: global_step=204526, episodic_return=-58.10303497314453
2022-11-15 09:54:00,035 - INFO: global_step=205526, episodic_return=-55.226539611816406
2022-11-15 09:54:01,765 - INFO: global_step=206526, episodic_return=-74.06745147705078
2022-11-15 09:54:03,360 - INFO: global_step=207526, episodic_return=-63.13081741333008
2022-11-15 09:54:05,019 - INFO: global_step=208526, episodic_return=-88.0639419555664
2022-11-15 09:54:06,323 - INFO: global_step=209526, episodic_return=-69.73401641845703
2022-11-15 09:54:07,917 - INFO: global_step=210526, episodic_return=-81.81201934814453
2022-11-15 09:54:09,457 - INFO: global_step=211526, episodic_return=-118.47442626953125
2022-11-15 09:54:11,073 - INFO: global_step=212526, episodic_return=-120.1427001953125
2022-11-15 09:54:12,216 - INFO: global_step=213526, episodic_return=-94.83052062988281
2022-11-15 09:54:13,422 - INFO: global_step=214526, episodic_return=-85.28760528564453
2022-11-15 09:54:15,236 - INFO: global_step=215526, episodic_return=-142.08030700683594
2022-11-15 09:54:17,054 - INFO: global_step=216526, episodic_return=-103.83293151855469
2022-11-15 09:54:18,228 - INFO: global_step=217526, episodic_return=-98.38558959960938
2022-11-15 09:54:19,910 - INFO: global_step=218526, episodic_return=-125.53424835205078
2022-11-15 09:54:20,247 - INFO: global_step=218902, episodic_return=-152.98806762695312
2022-11-15 09:54:21,497 - INFO: global_step=219902, episodic_return=-21.102970123291016
2022-11-15 09:54:22,720 - INFO: global_step=220902, episodic_return=-75.7448959350586
2022-11-15 09:54:24,396 - INFO: global_step=221902, episodic_return=-102.5073013305664
2022-11-15 09:54:25,683 - INFO: global_step=222902, episodic_return=-65.45181274414062
2022-11-15 09:54:27,392 - INFO: global_step=223902, episodic_return=-125.76371765136719
2022-11-15 09:54:28,838 - INFO: global_step=224902, episodic_return=-68.5657958984375
2022-11-15 09:54:29,997 - INFO: global_step=225902, episodic_return=-83.2583236694336
2022-11-15 09:54:31,303 - INFO: global_step=226902, episodic_return=-79.87535858154297
2022-11-15 09:54:33,121 - INFO: global_step=227902, episodic_return=-89.27393341064453
2022-11-15 09:54:34,849 - INFO: global_step=228902, episodic_return=-119.83782958984375
2022-11-15 09:54:36,581 - INFO: global_step=229902, episodic_return=-122.6689224243164
2022-11-15 09:54:37,173 - INFO: global_step=230440, episodic_return=-213.77989196777344
2022-11-15 09:54:37,774 - INFO: global_step=230963, episodic_return=-198.16357421875
2022-11-15 09:54:39,667 - INFO: global_step=231963, episodic_return=-39.435951232910156
2022-11-15 09:54:41,218 - INFO: global_step=232963, episodic_return=-65.78305053710938
2022-11-15 09:54:43,283 - INFO: global_step=233963, episodic_return=-32.89683151245117
2022-11-15 09:54:43,476 - INFO: global_step=234177, episodic_return=-135.52212524414062
2022-11-15 09:54:44,755 - INFO: global_step=235177, episodic_return=-49.063377380371094
2022-11-15 09:54:45,932 - INFO: global_step=236177, episodic_return=-73.31672668457031
2022-11-15 09:54:47,842 - INFO: global_step=237177, episodic_return=-79.61930847167969
2022-11-15 09:54:49,244 - INFO: global_step=238177, episodic_return=-72.40995025634766
2022-11-15 09:54:50,910 - INFO: global_step=239177, episodic_return=-52.710243225097656
2022-11-15 09:54:52,591 - INFO: global_step=240177, episodic_return=-105.07015228271484
2022-11-15 09:54:54,229 - INFO: global_step=241177, episodic_return=-54.8963737487793
2022-11-15 09:54:55,967 - INFO: global_step=242177, episodic_return=-61.772403717041016
2022-11-15 09:54:57,397 - INFO: global_step=243177, episodic_return=-85.36795043945312
2022-11-15 09:54:59,315 - INFO: global_step=244177, episodic_return=-110.71356964111328
2022-11-15 09:55:00,733 - INFO: global_step=245177, episodic_return=-49.64170837402344
2022-11-15 09:55:00,880 - INFO: global_step=245384, episodic_return=-33.38597869873047
2022-11-15 09:55:01,129 - INFO: global_step=245666, episodic_return=-281.74249267578125
2022-11-15 09:55:01,312 - INFO: global_step=245880, episodic_return=-294.724853515625
2022-11-15 09:55:02,634 - INFO: global_step=246859, episodic_return=-219.5940399169922
2022-11-15 09:55:04,246 - INFO: global_step=247859, episodic_return=-98.3939208984375
2022-11-15 09:55:05,622 - INFO: global_step=248859, episodic_return=50.0665283203125
2022-11-15 09:55:07,481 - INFO: global_step=249859, episodic_return=-123.10971069335938
2022-11-15 09:55:09,519 - INFO: global_step=250859, episodic_return=-61.55043029785156
2022-11-15 09:55:10,969 - INFO: global_step=251859, episodic_return=-112.30802917480469
2022-11-15 09:55:12,966 - INFO: global_step=252859, episodic_return=-79.07391357421875
2022-11-15 09:55:14,839 - INFO: global_step=253859, episodic_return=-103.73892211914062
2022-11-15 09:55:16,488 - INFO: global_step=254859, episodic_return=-98.58323669433594
2022-11-15 09:55:17,945 - INFO: global_step=255859, episodic_return=-92.45397186279297
2022-11-15 09:55:19,973 - INFO: global_step=256859, episodic_return=27.09513282775879
2022-11-15 09:55:21,118 - INFO: global_step=257859, episodic_return=-91.96762084960938
2022-11-15 09:55:22,862 - INFO: global_step=258859, episodic_return=-84.7547607421875
2022-11-15 09:55:24,423 - INFO: global_step=259859, episodic_return=-67.96077728271484
2022-11-15 09:55:26,084 - INFO: global_step=260859, episodic_return=-82.51950073242188
2022-11-15 09:55:27,469 - INFO: global_step=261859, episodic_return=-85.04463195800781
2022-11-15 09:55:28,649 - INFO: global_step=262844, episodic_return=198.50050354003906
2022-11-15 09:55:29,091 - INFO: global_step=263290, episodic_return=214.0141143798828
2022-11-15 09:55:30,984 - INFO: global_step=264290, episodic_return=-53.960506439208984
2022-11-15 09:55:31,911 - INFO: global_step=264947, episodic_return=186.81158447265625
2022-11-15 09:55:33,380 - INFO: global_step=265947, episodic_return=83.63079071044922
2022-11-15 09:55:34,623 - INFO: global_step=266947, episodic_return=-39.4626350402832
2022-11-15 09:55:35,018 - INFO: global_step=267384, episodic_return=221.84176635742188
2022-11-15 09:55:36,723 - INFO: global_step=268384, episodic_return=-59.687679290771484
2022-11-15 09:55:37,006 - INFO: global_step=268689, episodic_return=242.84869384765625
2022-11-15 09:55:38,291 - INFO: global_step=269689, episodic_return=-64.14432525634766
2022-11-15 09:55:40,105 - INFO: global_step=270689, episodic_return=-46.541263580322266
2022-11-15 09:55:41,214 - INFO: global_step=271689, episodic_return=-71.22941589355469
2022-11-15 09:55:42,782 - INFO: global_step=272689, episodic_return=-9.955544471740723
2022-11-15 09:55:44,085 - INFO: global_step=273689, episodic_return=-19.538558959960938
2022-11-15 09:55:45,832 - INFO: global_step=274666, episodic_return=-141.11473083496094
2022-11-15 09:55:47,009 - INFO: global_step=275506, episodic_return=218.6700439453125
2022-11-15 09:55:48,752 - INFO: global_step=276333, episodic_return=167.55926513671875
2022-11-15 09:55:49,123 - INFO: global_step=276609, episodic_return=257.4039306640625
2022-11-15 09:55:51,586 - INFO: global_step=277609, episodic_return=-91.67611694335938
2022-11-15 09:55:53,381 - INFO: global_step=278609, episodic_return=-14.9860258102417
2022-11-15 09:55:55,269 - INFO: global_step=279609, episodic_return=-97.0919189453125
2022-11-15 09:55:57,458 - INFO: global_step=280609, episodic_return=-112.1406021118164
2022-11-15 09:55:57,896 - INFO: global_step=280999, episodic_return=-83.66988372802734
2022-11-15 09:55:58,050 - INFO: global_step=281190, episodic_return=-13.163681030273438
2022-11-15 09:55:58,362 - INFO: global_step=281497, episodic_return=259.34442138671875
2022-11-15 09:56:00,234 - INFO: global_step=282497, episodic_return=-25.600263595581055
2022-11-15 09:56:02,207 - INFO: global_step=283497, episodic_return=-108.92188262939453
2022-11-15 09:56:04,080 - INFO: global_step=284497, episodic_return=-2.3767051696777344
2022-11-15 09:56:05,816 - INFO: global_step=285497, episodic_return=-79.39544677734375
2022-11-15 09:56:07,486 - INFO: global_step=286373, episodic_return=152.8353271484375
2022-11-15 09:56:09,579 - INFO: global_step=287373, episodic_return=-7.624059677124023
2022-11-15 09:56:10,253 - INFO: global_step=287893, episodic_return=241.2227020263672
2022-11-15 09:56:10,473 - INFO: global_step=288159, episodic_return=13.223976135253906
2022-11-15 09:56:12,662 - INFO: global_step=289159, episodic_return=33.70646667480469
2022-11-15 09:56:14,322 - INFO: global_step=290159, episodic_return=5.799798965454102
2022-11-15 09:56:16,210 - INFO: global_step=291159, episodic_return=62.740394592285156
2022-11-15 09:56:17,307 - INFO: global_step=292159, episodic_return=-77.9457015991211
2022-11-15 09:56:19,016 - INFO: global_step=293159, episodic_return=-46.70360565185547
2022-11-15 09:56:20,525 - INFO: global_step=294104, episodic_return=209.73922729492188
2022-11-15 09:56:22,558 - INFO: global_step=295104, episodic_return=-29.724445343017578
2022-11-15 09:56:24,502 - INFO: global_step=296104, episodic_return=-48.058895111083984
2022-11-15 09:56:26,014 - INFO: global_step=297104, episodic_return=-73.51891326904297
2022-11-15 09:56:27,636 - INFO: global_step=298104, episodic_return=-87.15766906738281
2022-11-15 09:56:29,210 - INFO: global_step=299104, episodic_return=-133.52891540527344
2022-11-15 09:56:30,781 - INFO: global_step=300104, episodic_return=-92.32085418701172
2022-11-15 09:56:32,509 - INFO: global_step=301104, episodic_return=-15.267526626586914
2022-11-15 09:56:34,186 - INFO: global_step=302104, episodic_return=4.757668972015381
2022-11-15 09:56:35,655 - INFO: global_step=303104, episodic_return=41.777076721191406
2022-11-15 09:56:37,542 - INFO: global_step=304104, episodic_return=-39.744930267333984
2022-11-15 09:56:38,959 - INFO: global_step=305104, episodic_return=-46.28186798095703
2022-11-15 09:56:39,515 - INFO: global_step=305632, episodic_return=232.3129425048828
2022-11-15 09:56:41,530 - INFO: global_step=306632, episodic_return=6.681351661682129
2022-11-15 09:56:44,117 - INFO: global_step=307632, episodic_return=-78.9337387084961
2022-11-15 09:56:45,721 - INFO: global_step=308632, episodic_return=-104.78694915771484
2022-11-15 09:56:47,313 - INFO: global_step=309632, episodic_return=-74.10747528076172
2022-11-15 09:56:48,896 - INFO: global_step=310632, episodic_return=-40.567867279052734
2022-11-15 09:56:50,948 - INFO: global_step=311632, episodic_return=-110.26046752929688
2022-11-15 09:56:52,882 - INFO: global_step=312632, episodic_return=-105.0959243774414
2022-11-15 09:56:55,049 - INFO: global_step=313632, episodic_return=-103.93678283691406
2022-11-15 09:56:56,597 - INFO: global_step=314632, episodic_return=-56.37117385864258
2022-11-15 09:56:58,468 - INFO: global_step=315632, episodic_return=-43.94350051879883
2022-11-15 09:57:00,214 - INFO: global_step=316632, episodic_return=-95.13810729980469
2022-11-15 09:57:01,999 - INFO: global_step=317632, episodic_return=-101.92705535888672
2022-11-15 09:57:02,135 - INFO: global_step=317824, episodic_return=-18.698890686035156
2022-11-15 09:57:03,331 - INFO: global_step=318824, episodic_return=-14.905438423156738
2022-11-15 09:57:04,719 - INFO: global_step=319824, episodic_return=-14.707879066467285
2022-11-15 09:57:06,610 - INFO: global_step=320824, episodic_return=-42.77880859375
2022-11-15 09:57:08,608 - INFO: global_step=321824, episodic_return=-50.278621673583984
2022-11-15 09:57:10,014 - INFO: global_step=322824, episodic_return=1.3491908311843872
2022-11-15 09:57:11,698 - INFO: global_step=323824, episodic_return=14.793697357177734
2022-11-15 09:57:13,733 - INFO: global_step=324798, episodic_return=141.63568115234375
2022-11-15 09:57:15,154 - INFO: global_step=325723, episodic_return=104.6307601928711
2022-11-15 09:57:15,484 - INFO: global_step=326067, episodic_return=25.20050811767578
2022-11-15 09:57:15,943 - INFO: global_step=326507, episodic_return=166.55787658691406
2022-11-15 09:57:16,545 - INFO: global_step=327088, episodic_return=201.144287109375
2022-11-15 09:57:18,096 - INFO: global_step=328088, episodic_return=79.6903305053711
2022-11-15 09:57:18,540 - INFO: global_step=328581, episodic_return=212.20599365234375
2022-11-15 09:57:19,717 - INFO: global_step=329442, episodic_return=125.27782440185547
2022-11-15 09:57:21,532 - INFO: global_step=330442, episodic_return=-7.958776473999023
2022-11-15 09:57:23,099 - INFO: global_step=331442, episodic_return=2.8318030834198
2022-11-15 09:57:24,751 - INFO: global_step=332442, episodic_return=-0.030989408493041992
2022-11-15 09:57:26,460 - INFO: global_step=333442, episodic_return=-6.821230411529541
2022-11-15 09:57:28,145 - INFO: global_step=334442, episodic_return=-54.32497787475586
2022-11-15 09:57:29,562 - INFO: global_step=335442, episodic_return=-12.678985595703125
2022-11-15 09:57:31,673 - INFO: global_step=336442, episodic_return=-56.66654968261719
2022-11-15 09:57:33,130 - INFO: global_step=337442, episodic_return=-75.88045501708984
2022-11-15 09:57:34,993 - INFO: global_step=338442, episodic_return=-47.1850700378418
2022-11-15 09:57:36,693 - INFO: global_step=339442, episodic_return=1.6425659656524658
2022-11-15 09:57:38,147 - INFO: global_step=340442, episodic_return=29.231443405151367
2022-11-15 09:57:38,225 - INFO: global_step=340552, episodic_return=-172.7408447265625
2022-11-15 09:57:39,285 - INFO: global_step=341295, episodic_return=-224.88925170898438
2022-11-15 09:57:39,777 - INFO: global_step=341764, episodic_return=238.48287963867188
2022-11-15 09:57:39,861 - INFO: global_step=341901, episodic_return=-151.4302978515625
2022-11-15 09:57:40,534 - INFO: global_step=342453, episodic_return=192.5873260498047
2022-11-15 09:57:42,157 - INFO: global_step=343453, episodic_return=-52.161224365234375
2022-11-15 09:57:43,829 - INFO: global_step=344453, episodic_return=-34.83030700683594
2022-11-15 09:57:45,297 - INFO: global_step=345453, episodic_return=-148.2146453857422
2022-11-15 09:57:46,324 - INFO: global_step=346167, episodic_return=217.2410888671875
2022-11-15 09:57:47,994 - INFO: global_step=347167, episodic_return=-1.4869524240493774
2022-11-15 09:57:49,547 - INFO: global_step=348167, episodic_return=-91.67074584960938
2022-11-15 09:57:51,061 - INFO: global_step=349167, episodic_return=-7.245243549346924
2022-11-15 09:57:52,338 - INFO: global_step=350167, episodic_return=-33.61250686645508
2022-11-15 09:57:54,171 - INFO: global_step=351167, episodic_return=-98.8222427368164
2022-11-15 09:57:56,049 - INFO: global_step=352167, episodic_return=-86.7156982421875
2022-11-15 09:57:56,716 - INFO: global_step=352737, episodic_return=232.45228576660156
2022-11-15 09:57:58,235 - INFO: global_step=353654, episodic_return=150.61412048339844
2022-11-15 09:57:58,979 - INFO: global_step=354205, episodic_return=231.367431640625
2022-11-15 09:58:00,369 - INFO: global_step=355205, episodic_return=-61.982635498046875
2022-11-15 09:58:02,404 - INFO: global_step=356205, episodic_return=40.175071716308594
2022-11-15 09:58:03,908 - INFO: global_step=357167, episodic_return=138.85362243652344
2022-11-15 09:58:04,615 - INFO: global_step=357782, episodic_return=196.75978088378906
2022-11-15 09:58:05,820 - INFO: global_step=358473, episodic_return=168.04347229003906
2022-11-15 09:58:06,674 - INFO: global_step=359087, episodic_return=184.24667358398438
2022-11-15 09:58:07,907 - INFO: global_step=360004, episodic_return=142.7613525390625
2022-11-15 09:58:09,503 - INFO: global_step=361004, episodic_return=-55.5622673034668
2022-11-15 09:58:10,450 - INFO: global_step=361686, episodic_return=158.6874237060547
2022-11-15 09:58:11,922 - INFO: global_step=362686, episodic_return=-28.599197387695312
2022-11-15 09:58:13,933 - INFO: global_step=363686, episodic_return=-18.54676628112793
2022-11-15 09:58:15,472 - INFO: global_step=364621, episodic_return=86.40604400634766
2022-11-15 09:58:15,884 - INFO: global_step=365077, episodic_return=269.79833984375
2022-11-15 09:58:16,091 - INFO: global_step=365367, episodic_return=-63.987510681152344
2022-11-15 09:58:17,156 - INFO: global_step=366221, episodic_return=112.61293029785156
2022-11-15 09:58:18,537 - INFO: global_step=367221, episodic_return=-21.593149185180664
2022-11-15 09:58:20,166 - INFO: global_step=368127, episodic_return=212.83349609375
2022-11-15 09:58:20,282 - INFO: global_step=368271, episodic_return=-259.8210144042969
2022-11-15 09:58:20,465 - INFO: global_step=368483, episodic_return=-25.700729370117188
2022-11-15 09:58:20,599 - INFO: global_step=368638, episodic_return=-253.0197296142578
2022-11-15 09:58:20,900 - INFO: global_step=368953, episodic_return=-97.64789581298828
2022-11-15 09:58:21,271 - INFO: global_step=369347, episodic_return=210.91262817382812
2022-11-15 09:58:21,364 - INFO: global_step=369480, episodic_return=-40.6686897277832
2022-11-15 09:58:21,904 - INFO: global_step=370004, episodic_return=169.17056274414062
2022-11-15 09:58:22,552 - INFO: global_step=370562, episodic_return=178.73419189453125
2022-11-15 09:58:24,571 - INFO: global_step=371562, episodic_return=-29.986831665039062
2022-11-15 09:58:26,628 - INFO: global_step=372562, episodic_return=-1.6011605262756348
2022-11-15 09:58:28,188 - INFO: global_step=373562, episodic_return=-60.01939010620117
2022-11-15 09:58:29,586 - INFO: global_step=374562, episodic_return=-45.846527099609375
2022-11-15 09:58:31,373 - INFO: global_step=375562, episodic_return=-48.00151443481445
2022-11-15 09:58:33,060 - INFO: global_step=376562, episodic_return=-58.240657806396484
2022-11-15 09:58:34,045 - INFO: global_step=377353, episodic_return=158.43002319335938
2022-11-15 09:58:35,956 - INFO: global_step=378353, episodic_return=-30.3558349609375
2022-11-15 09:58:37,596 - INFO: global_step=379353, episodic_return=32.7009391784668
2022-11-15 09:58:39,662 - INFO: global_step=380353, episodic_return=34.638999938964844
2022-11-15 09:58:41,624 - INFO: global_step=381353, episodic_return=-54.045658111572266
2022-11-15 09:58:43,291 - INFO: global_step=382353, episodic_return=-87.9002914428711
2022-11-15 09:58:45,069 - INFO: global_step=383353, episodic_return=-69.07830810546875
2022-11-15 09:58:46,515 - INFO: global_step=384353, episodic_return=-58.83156204223633
2022-11-15 09:58:47,284 - INFO: global_step=385014, episodic_return=197.25820922851562
2022-11-15 09:58:49,482 - INFO: global_step=386014, episodic_return=-38.35621643066406
2022-11-15 09:58:52,011 - INFO: global_step=387014, episodic_return=64.81694793701172
2022-11-15 09:58:53,903 - INFO: global_step=388014, episodic_return=-17.26885414123535
2022-11-15 09:58:55,574 - INFO: global_step=389014, episodic_return=-27.547929763793945
2022-11-15 09:58:57,193 - INFO: global_step=390014, episodic_return=114.95510864257812
2022-11-15 09:58:58,066 - INFO: global_step=390686, episodic_return=169.04425048828125
2022-11-15 09:58:58,921 - INFO: global_step=391293, episodic_return=230.86068725585938
2022-11-15 09:58:59,378 - INFO: global_step=391666, episodic_return=284.8343505859375
2022-11-15 09:58:59,550 - INFO: global_step=391850, episodic_return=18.473281860351562
2022-11-15 09:58:59,868 - INFO: global_step=392172, episodic_return=224.140869140625
2022-11-15 09:59:00,120 - INFO: global_step=392465, episodic_return=274.17523193359375
2022-11-15 09:59:00,438 - INFO: global_step=392778, episodic_return=262.58380126953125
2022-11-15 09:59:00,810 - INFO: global_step=393190, episodic_return=233.77781677246094
2022-11-15 09:59:01,113 - INFO: global_step=393452, episodic_return=205.73672485351562
2022-11-15 09:59:01,301 - INFO: global_step=393689, episodic_return=243.2236328125
2022-11-15 09:59:01,531 - INFO: global_step=393945, episodic_return=238.3166961669922
2022-11-15 09:59:01,748 - INFO: global_step=394207, episodic_return=254.11444091796875
2022-11-15 09:59:02,000 - INFO: global_step=394497, episodic_return=293.37664794921875
2022-11-15 09:59:02,113 - INFO: global_step=394686, episodic_return=244.50936889648438
2022-11-15 09:59:02,298 - INFO: global_step=394928, episodic_return=216.23013305664062
2022-11-15 09:59:02,470 - INFO: global_step=395185, episodic_return=244.98431396484375
2022-11-15 09:59:02,697 - INFO: global_step=395454, episodic_return=265.27618408203125
2022-11-15 09:59:03,574 - INFO: global_step=396101, episodic_return=150.49224853515625
2022-11-15 09:59:04,337 - INFO: global_step=396665, episodic_return=209.06349182128906
2022-11-15 09:59:04,620 - INFO: global_step=397020, episodic_return=206.43338012695312
2022-11-15 09:59:04,940 - INFO: global_step=397394, episodic_return=266.4329833984375
2022-11-15 09:59:05,188 - INFO: global_step=397687, episodic_return=278.4990234375
2022-11-15 09:59:05,551 - INFO: global_step=398076, episodic_return=269.6794128417969
2022-11-15 09:59:06,340 - INFO: global_step=398746, episodic_return=172.97625732421875
2022-11-15 09:59:06,608 - INFO: global_step=399039, episodic_return=271.2272033691406
2022-11-15 09:59:06,887 - INFO: global_step=399332, episodic_return=259.0346984863281
2022-11-15 09:59:07,279 - INFO: global_step=399699, episodic_return=238.25726318359375
2022-11-15 09:59:07,527 - INFO: global_step=399987, episodic_return=263.77667236328125
2022-11-15 09:59:07,945 - INFO: global_step=400454, episodic_return=257.58612060546875
2022-11-15 09:59:08,427 - INFO: global_step=400839, episodic_return=246.7602996826172
2022-11-15 09:59:08,806 - INFO: global_step=401204, episodic_return=237.0078582763672
2022-11-15 09:59:08,987 - INFO: global_step=401460, episodic_return=303.400634765625
2022-11-15 09:59:09,384 - INFO: global_step=401825, episodic_return=227.47775268554688
2022-11-15 09:59:09,577 - INFO: global_step=402032, episodic_return=251.65565490722656
2022-11-15 09:59:09,970 - INFO: global_step=402442, episodic_return=248.9445037841797
2022-11-15 09:59:10,220 - INFO: global_step=402725, episodic_return=287.22320556640625
2022-11-15 09:59:10,478 - INFO: global_step=403036, episodic_return=245.21253967285156
2022-11-15 09:59:11,235 - INFO: global_step=403626, episodic_return=282.1923828125
2022-11-15 09:59:11,531 - INFO: global_step=403906, episodic_return=278.1823425292969
2022-11-15 09:59:11,797 - INFO: global_step=404186, episodic_return=250.27040100097656
2022-11-15 09:59:11,959 - INFO: global_step=404398, episodic_return=249.9051055908203
2022-11-15 09:59:12,132 - INFO: global_step=404631, episodic_return=254.0250244140625
2022-11-15 09:59:12,380 - INFO: global_step=404934, episodic_return=277.580322265625
2022-11-15 09:59:12,618 - INFO: global_step=405253, episodic_return=272.7270812988281
2022-11-15 09:59:12,842 - INFO: global_step=405527, episodic_return=275.61474609375
2022-11-15 09:59:13,131 - INFO: global_step=405851, episodic_return=273.420654296875
2022-11-15 09:59:13,323 - INFO: global_step=406124, episodic_return=234.14306640625
2022-11-15 09:59:13,611 - INFO: global_step=406465, episodic_return=186.4114532470703
2022-11-15 09:59:13,861 - INFO: global_step=406735, episodic_return=264.0168151855469
2022-11-15 09:59:14,161 - INFO: global_step=407036, episodic_return=258.1337890625
2022-11-15 09:59:14,418 - INFO: global_step=407313, episodic_return=231.0047607421875
2022-11-15 09:59:14,703 - INFO: global_step=407611, episodic_return=243.3333282470703
2022-11-15 09:59:14,978 - INFO: global_step=407917, episodic_return=267.18890380859375
2022-11-15 09:59:15,786 - INFO: global_step=408567, episodic_return=233.51710510253906
2022-11-15 09:59:16,154 - INFO: global_step=408948, episodic_return=258.72393798828125
2022-11-15 09:59:16,648 - INFO: global_step=409373, episodic_return=284.55938720703125
2022-11-15 09:59:17,023 - INFO: global_step=409762, episodic_return=235.38607788085938
2022-11-15 09:59:17,820 - INFO: global_step=410348, episodic_return=177.47531127929688
2022-11-15 09:59:19,107 - INFO: global_step=411128, episodic_return=147.35140991210938
2022-11-15 09:59:20,091 - INFO: global_step=411758, episodic_return=205.54019165039062
2022-11-15 09:59:20,351 - INFO: global_step=412014, episodic_return=39.27996826171875
2022-11-15 09:59:20,572 - INFO: global_step=412303, episodic_return=285.39630126953125
2022-11-15 09:59:21,121 - INFO: global_step=412758, episodic_return=193.55963134765625
2022-11-15 09:59:22,958 - INFO: global_step=413758, episodic_return=82.88475036621094
2022-11-15 09:59:23,271 - INFO: global_step=414035, episodic_return=260.7933349609375
2022-11-15 09:59:23,554 - INFO: global_step=414331, episodic_return=249.95074462890625
2022-11-15 09:59:23,870 - INFO: global_step=414642, episodic_return=270.5615234375
2022-11-15 09:59:24,171 - INFO: global_step=414950, episodic_return=214.4016571044922
2022-11-15 09:59:24,522 - INFO: global_step=415267, episodic_return=299.7451171875
2022-11-15 09:59:24,761 - INFO: global_step=415521, episodic_return=282.59039306640625
2022-11-15 09:59:25,010 - INFO: global_step=415799, episodic_return=44.949859619140625
2022-11-15 09:59:25,311 - INFO: global_step=416123, episodic_return=281.5664367675781
2022-11-15 09:59:25,616 - INFO: global_step=416379, episodic_return=275.21099853515625
2022-11-15 09:59:26,290 - INFO: global_step=416939, episodic_return=216.79083251953125
2022-11-15 09:59:26,566 - INFO: global_step=417239, episodic_return=-92.5004653930664
2022-11-15 09:59:27,173 - INFO: global_step=417748, episodic_return=150.22384643554688
2022-11-15 09:59:27,797 - INFO: global_step=418285, episodic_return=147.5754852294922
2022-11-15 09:59:28,264 - INFO: global_step=418741, episodic_return=164.69140625
2022-11-15 09:59:28,800 - INFO: global_step=419267, episodic_return=238.4795379638672
2022-11-15 09:59:29,595 - INFO: global_step=419933, episodic_return=212.57643127441406
2022-11-15 09:59:29,996 - INFO: global_step=420357, episodic_return=209.611572265625
2022-11-15 09:59:30,583 - INFO: global_step=420848, episodic_return=206.71347045898438
2022-11-15 09:59:31,178 - INFO: global_step=421398, episodic_return=221.70614624023438
2022-11-15 09:59:31,490 - INFO: global_step=421775, episodic_return=247.11170959472656
2022-11-15 09:59:31,571 - INFO: global_step=421914, episodic_return=-124.91268920898438
2022-11-15 09:59:32,465 - INFO: global_step=422560, episodic_return=206.05380249023438
2022-11-15 09:59:34,126 - INFO: global_step=423560, episodic_return=-25.522274017333984
2022-11-15 09:59:35,154 - INFO: global_step=424230, episodic_return=220.56089782714844
2022-11-15 09:59:35,705 - INFO: global_step=424689, episodic_return=213.34376525878906
2022-11-15 09:59:36,966 - INFO: global_step=425596, episodic_return=227.1515350341797
2022-11-15 09:59:37,405 - INFO: global_step=426064, episodic_return=236.3308868408203
2022-11-15 09:59:38,243 - INFO: global_step=426670, episodic_return=251.04629516601562
2022-11-15 09:59:39,137 - INFO: global_step=427231, episodic_return=182.4256134033203
2022-11-15 09:59:39,492 - INFO: global_step=427584, episodic_return=259.6917724609375
2022-11-15 09:59:39,990 - INFO: global_step=428037, episodic_return=243.60899353027344
2022-11-15 09:59:40,357 - INFO: global_step=428423, episodic_return=259.27325439453125
2022-11-15 09:59:40,759 - INFO: global_step=428798, episodic_return=240.2381591796875
2022-11-15 09:59:41,115 - INFO: global_step=429165, episodic_return=262.6420593261719
2022-11-15 09:59:41,439 - INFO: global_step=429513, episodic_return=257.74407958984375
2022-11-15 09:59:41,876 - INFO: global_step=429943, episodic_return=265.2791442871094
2022-11-15 09:59:42,312 - INFO: global_step=430357, episodic_return=222.94927978515625
2022-11-15 09:59:42,545 - INFO: global_step=430645, episodic_return=240.94125366210938
2022-11-15 09:59:43,467 - INFO: global_step=430990, episodic_return=259.8801574707031
2022-11-15 09:59:43,973 - INFO: global_step=431361, episodic_return=251.9234161376953
2022-11-15 09:59:44,663 - INFO: global_step=431594, episodic_return=248.19894409179688
2022-11-15 09:59:44,941 - INFO: global_step=431920, episodic_return=259.9835205078125
2022-11-15 09:59:45,142 - INFO: global_step=432180, episodic_return=283.61065673828125
2022-11-15 09:59:45,536 - INFO: global_step=432560, episodic_return=284.36041259765625
2022-11-15 09:59:46,111 - INFO: global_step=433007, episodic_return=255.38526916503906
2022-11-15 09:59:46,310 - INFO: global_step=433229, episodic_return=275.232421875
2022-11-15 09:59:46,527 - INFO: global_step=433475, episodic_return=292.4713134765625
2022-11-15 09:59:46,661 - INFO: global_step=433662, episodic_return=271.2275695800781
2022-11-15 09:59:46,939 - INFO: global_step=434023, episodic_return=267.68499755859375
2022-11-15 09:59:47,260 - INFO: global_step=434326, episodic_return=257.93389892578125
2022-11-15 09:59:47,577 - INFO: global_step=434644, episodic_return=243.6969757080078
2022-11-15 09:59:47,818 - INFO: global_step=434867, episodic_return=277.19830322265625
2022-11-15 09:59:48,055 - INFO: global_step=435077, episodic_return=267.7998046875
2022-11-15 09:59:48,259 - INFO: global_step=435279, episodic_return=286.60430908203125
2022-11-15 09:59:48,796 - INFO: global_step=435692, episodic_return=290.5386962890625
2022-11-15 09:59:48,906 - INFO: global_step=435854, episodic_return=40.30908203125
2022-11-15 09:59:49,093 - INFO: global_step=436100, episodic_return=282.21051025390625
2022-11-15 09:59:49,741 - INFO: global_step=436605, episodic_return=255.16647338867188
2022-11-15 09:59:50,024 - INFO: global_step=436874, episodic_return=229.8634796142578
2022-11-15 09:59:50,115 - INFO: global_step=437008, episodic_return=60.31779479980469
2022-11-15 09:59:50,550 - INFO: global_step=437345, episodic_return=213.5462646484375
2022-11-15 09:59:50,878 - INFO: global_step=437611, episodic_return=265.97833251953125
2022-11-15 09:59:50,981 - INFO: global_step=437763, episodic_return=31.775344848632812
2022-11-15 09:59:51,174 - INFO: global_step=437991, episodic_return=-5.580169677734375
2022-11-15 09:59:51,544 - INFO: global_step=438347, episodic_return=235.85128784179688
2022-11-15 09:59:51,856 - INFO: global_step=438669, episodic_return=-44.36068344116211
2022-11-15 09:59:52,143 - INFO: global_step=438949, episodic_return=251.67724609375
2022-11-15 09:59:52,818 - INFO: global_step=439400, episodic_return=212.97607421875
2022-11-15 09:59:53,308 - INFO: global_step=439741, episodic_return=239.1699676513672
2022-11-15 09:59:53,635 - INFO: global_step=440049, episodic_return=249.11587524414062
2022-11-15 09:59:53,771 - INFO: global_step=440227, episodic_return=7.956153869628906
2022-11-15 09:59:54,068 - INFO: global_step=440562, episodic_return=256.03448486328125
2022-11-15 09:59:54,855 - INFO: global_step=441093, episodic_return=191.8714141845703
2022-11-15 09:59:55,694 - INFO: global_step=441712, episodic_return=-238.84231567382812
2022-11-15 09:59:55,814 - INFO: global_step=441845, episodic_return=-168.98373413085938
2022-11-15 09:59:56,758 - INFO: global_step=442452, episodic_return=-238.6417236328125
2022-11-15 09:59:58,684 - INFO: global_step=443452, episodic_return=-42.933311462402344
2022-11-15 10:00:00,403 - INFO: global_step=444452, episodic_return=-58.341026306152344
2022-11-15 10:00:01,681 - INFO: global_step=445216, episodic_return=142.609619140625
2022-11-15 10:00:03,810 - INFO: global_step=446216, episodic_return=-20.440086364746094
2022-11-15 10:00:05,259 - INFO: global_step=446970, episodic_return=191.87289428710938
2022-11-15 10:00:07,737 - INFO: global_step=447931, episodic_return=138.37342834472656
2022-11-15 10:00:08,940 - INFO: global_step=448346, episodic_return=274.97186279296875
2022-11-15 10:00:09,749 - INFO: global_step=448830, episodic_return=263.1945495605469
2022-11-15 10:00:10,899 - INFO: global_step=449473, episodic_return=171.28843688964844
2022-11-15 10:00:12,647 - INFO: global_step=450166, episodic_return=178.0960693359375
2022-11-15 10:00:14,126 - INFO: global_step=450829, episodic_return=189.26361083984375
2022-11-15 10:00:15,354 - INFO: global_step=451585, episodic_return=181.619384765625
2022-11-15 10:00:15,833 - INFO: global_step=452035, episodic_return=257.75482177734375
2022-11-15 10:00:16,925 - INFO: global_step=452431, episodic_return=248.19041442871094
2022-11-15 10:00:18,239 - INFO: global_step=453003, episodic_return=234.63241577148438
2022-11-15 10:00:19,233 - INFO: global_step=453410, episodic_return=238.51512145996094
2022-11-15 10:00:19,839 - INFO: global_step=453791, episodic_return=252.60704040527344
2022-11-15 10:00:20,508 - INFO: global_step=454100, episodic_return=236.75486755371094
2022-11-15 10:00:22,183 - INFO: global_step=454993, episodic_return=213.7274169921875
2022-11-15 10:00:22,654 - INFO: global_step=455362, episodic_return=230.7346954345703
2022-11-15 10:00:23,427 - INFO: global_step=455853, episodic_return=257.13824462890625
2022-11-15 10:00:24,639 - INFO: global_step=456282, episodic_return=266.7218017578125
2022-11-15 10:00:25,738 - INFO: global_step=456912, episodic_return=113.8420639038086
2022-11-15 10:00:28,612 - INFO: global_step=457873, episodic_return=104.63101196289062
2022-11-15 10:00:29,432 - INFO: global_step=458372, episodic_return=206.8561553955078
2022-11-15 10:00:30,668 - INFO: global_step=458994, episodic_return=132.66168212890625
2022-11-15 10:00:31,779 - INFO: global_step=459518, episodic_return=174.033447265625
2022-11-15 10:00:34,145 - INFO: global_step=460518, episodic_return=-23.825389862060547
2022-11-15 10:00:34,997 - INFO: global_step=460997, episodic_return=237.8740234375
2022-11-15 10:00:36,592 - INFO: global_step=461729, episodic_return=267.96356201171875
2022-11-15 10:00:37,382 - INFO: global_step=462110, episodic_return=235.04306030273438
2022-11-15 10:00:37,600 - INFO: global_step=462281, episodic_return=-110.96873474121094
2022-11-15 10:00:37,677 - INFO: global_step=462400, episodic_return=-166.73284912109375
2022-11-15 10:00:37,925 - INFO: global_step=462651, episodic_return=-119.0101318359375
2022-11-15 10:00:38,729 - INFO: global_step=463140, episodic_return=202.58956909179688
2022-11-15 10:00:39,507 - INFO: global_step=463580, episodic_return=235.2796173095703
2022-11-15 10:00:40,049 - INFO: global_step=463909, episodic_return=256.83453369140625
2022-11-15 10:00:42,269 - INFO: global_step=464909, episodic_return=-77.53352355957031
2022-11-15 10:00:43,613 - INFO: global_step=465695, episodic_return=216.82479858398438
2022-11-15 10:00:44,019 - INFO: global_step=466037, episodic_return=214.95460510253906
2022-11-15 10:00:45,770 - INFO: global_step=467037, episodic_return=-80.88644409179688
2022-11-15 10:00:46,384 - INFO: global_step=467517, episodic_return=200.8574981689453
2022-11-15 10:00:47,296 - INFO: global_step=467921, episodic_return=207.67645263671875
2022-11-15 10:00:48,905 - INFO: global_step=468488, episodic_return=199.07200622558594
2022-11-15 10:00:50,357 - INFO: global_step=469088, episodic_return=267.12457275390625
2022-11-15 10:00:51,717 - INFO: global_step=469795, episodic_return=209.0183563232422
2022-11-15 10:00:52,938 - INFO: global_step=470501, episodic_return=197.57119750976562
2022-11-15 10:00:53,128 - INFO: global_step=470756, episodic_return=232.9842071533203
2022-11-15 10:00:53,412 - INFO: global_step=471094, episodic_return=289.6365966796875
2022-11-15 10:00:54,197 - INFO: global_step=471630, episodic_return=223.70858764648438
2022-11-15 10:00:54,364 - INFO: global_step=471856, episodic_return=249.72830200195312
2022-11-15 10:00:54,854 - INFO: global_step=472154, episodic_return=239.35919189453125
2022-11-15 10:00:55,347 - INFO: global_step=472485, episodic_return=261.5408020019531
2022-11-15 10:00:55,632 - INFO: global_step=472667, episodic_return=6.7784881591796875
2022-11-15 10:00:55,866 - INFO: global_step=472971, episodic_return=265.573486328125
2022-11-15 10:00:56,252 - INFO: global_step=473198, episodic_return=280.51495361328125
2022-11-15 10:00:56,397 - INFO: global_step=473404, episodic_return=247.5322265625
2022-11-15 10:00:56,559 - INFO: global_step=473628, episodic_return=289.115966796875
2022-11-15 10:00:56,697 - INFO: global_step=473835, episodic_return=237.30032348632812
2022-11-15 10:00:57,867 - INFO: global_step=474663, episodic_return=115.1812515258789
2022-11-15 10:00:59,965 - INFO: global_step=475663, episodic_return=36.409324645996094
2022-11-15 10:01:00,467 - INFO: global_step=476184, episodic_return=205.71817016601562
2022-11-15 10:01:01,171 - INFO: global_step=476747, episodic_return=271.22454833984375
2022-11-15 10:01:02,457 - INFO: global_step=477439, episodic_return=239.1217041015625
2022-11-15 10:01:04,209 - INFO: global_step=478098, episodic_return=179.6134033203125
2022-11-15 10:01:04,598 - INFO: global_step=478483, episodic_return=266.1725769042969
2022-11-15 10:01:05,027 - INFO: global_step=478869, episodic_return=272.10247802734375
2022-11-15 10:01:07,305 - INFO: global_step=479579, episodic_return=186.69830322265625
2022-11-15 10:01:07,950 - INFO: global_step=479995, episodic_return=213.79452514648438
2022-11-15 10:01:08,120 - INFO: global_step=480222, episodic_return=275.90826416015625
2022-11-15 10:01:08,227 - INFO: global_step=480367, episodic_return=26.6865234375
2022-11-15 10:01:08,405 - INFO: global_step=480562, episodic_return=257.93798828125
2022-11-15 10:01:08,973 - INFO: global_step=480834, episodic_return=286.80419921875
2022-11-15 10:01:09,221 - INFO: global_step=481135, episodic_return=256.96746826171875
2022-11-15 10:01:09,515 - INFO: global_step=481420, episodic_return=274.10198974609375
2022-11-15 10:01:10,188 - INFO: global_step=481779, episodic_return=242.59310913085938
2022-11-15 10:01:10,492 - INFO: global_step=481915, episodic_return=-146.10198974609375
2022-11-15 10:01:11,059 - INFO: global_step=482155, episodic_return=250.46914672851562
2022-11-15 10:01:11,838 - INFO: global_step=482450, episodic_return=237.37669372558594
2022-11-15 10:01:12,341 - INFO: global_step=482816, episodic_return=262.69561767578125
2022-11-15 10:01:12,732 - INFO: global_step=482983, episodic_return=-4.801170349121094
2022-11-15 10:01:13,178 - INFO: global_step=483239, episodic_return=242.5717315673828
2022-11-15 10:01:14,300 - INFO: global_step=483629, episodic_return=274.64312744140625
2022-11-15 10:01:15,744 - INFO: global_step=483970, episodic_return=258.09014892578125
2022-11-15 10:01:16,113 - INFO: global_step=484367, episodic_return=284.8043212890625
2022-11-15 10:01:16,327 - INFO: global_step=484633, episodic_return=223.5982666015625
2022-11-15 10:01:16,631 - INFO: global_step=484948, episodic_return=238.497314453125
2022-11-15 10:01:17,765 - INFO: global_step=485586, episodic_return=253.83758544921875
2022-11-15 10:01:18,141 - INFO: global_step=485889, episodic_return=263.69482421875
2022-11-15 10:01:19,038 - INFO: global_step=486214, episodic_return=275.8008117675781
2022-11-15 10:01:19,312 - INFO: global_step=486487, episodic_return=273.9139709472656
2022-11-15 10:01:19,905 - INFO: global_step=486854, episodic_return=267.49261474609375
2022-11-15 10:01:20,296 - INFO: global_step=487138, episodic_return=218.980712890625
2022-11-15 10:01:20,809 - INFO: global_step=487542, episodic_return=202.46038818359375
2022-11-15 10:01:21,300 - INFO: global_step=487884, episodic_return=174.89952087402344
2022-11-15 10:01:21,750 - INFO: global_step=488248, episodic_return=-47.102294921875
2022-11-15 10:01:22,621 - INFO: global_step=488695, episodic_return=251.93356323242188
2022-11-15 10:01:23,164 - INFO: global_step=489048, episodic_return=247.01564025878906
2022-11-15 10:01:23,485 - INFO: global_step=489371, episodic_return=233.2646942138672
2022-11-15 10:01:24,490 - INFO: global_step=490012, episodic_return=-66.80039978027344
2022-11-15 10:01:26,257 - INFO: global_step=491012, episodic_return=97.62166595458984
2022-11-15 10:01:28,659 - INFO: global_step=492012, episodic_return=-84.92720794677734
2022-11-15 10:01:30,803 - INFO: global_step=493012, episodic_return=-92.23219299316406
2022-11-15 10:01:32,976 - INFO: global_step=494012, episodic_return=-4.450854301452637
2022-11-15 10:01:34,999 - INFO: global_step=495012, episodic_return=-89.22354888916016
2022-11-15 10:01:37,639 - INFO: global_step=496012, episodic_return=-8.111127853393555
2022-11-15 10:01:40,445 - INFO: global_step=497012, episodic_return=3.2187764644622803
2022-11-15 10:01:42,734 - INFO: global_step=498012, episodic_return=-23.432743072509766
2022-11-15 10:01:45,634 - INFO: global_step=499012, episodic_return=-7.418632984161377
2022-11-15 10:01:47,164 - INFO: The average reward of last 20 steps: 91.14516783952713
