2022-11-15 05:18:38,812 - INFO: +--------------------------+----------------+
| Parameter                | Value          |
+--------------------------+----------------+
| exp_name                 | dqn            |
+--------------------------+----------------+
| seed                     | 42             |
+--------------------------+----------------+
| total_timesteps          | 500000         |
+--------------------------+----------------+
| learning_rate            | 0.001          |
+--------------------------+----------------+
| buffer_size              | 2000           |
+--------------------------+----------------+
| gamma                    | 0.982          |
+--------------------------+----------------+
| target_network_frequency | 50             |
+--------------------------+----------------+
| batch_size               | 128            |
+--------------------------+----------------+
| start_e                  | 0.900          |
+--------------------------+----------------+
| end_e                    | 0.010          |
+--------------------------+----------------+
| exploration_fraction     | 0.050          |
+--------------------------+----------------+
| learning_starts          | 10000          |
+--------------------------+----------------+
| train_frequency          | 10             |
+--------------------------+----------------+
| env_id                   | LunarLander-v2 |
+--------------------------+----------------+
2022-11-15 05:18:41,214 - INFO: global_step=113, episodic_return=-330.0570373535156
2022-11-15 05:18:41,228 - INFO: global_step=182, episodic_return=-176.13406372070312
2022-11-15 05:18:41,250 - INFO: global_step=280, episodic_return=-101.77953338623047
2022-11-15 05:18:41,276 - INFO: global_step=389, episodic_return=-254.87844848632812
2022-11-15 05:18:41,296 - INFO: global_step=486, episodic_return=-306.7859802246094
2022-11-15 05:18:41,325 - INFO: global_step=586, episodic_return=-112.69541931152344
2022-11-15 05:18:41,363 - INFO: global_step=680, episodic_return=-121.21115112304688
2022-11-15 05:18:41,405 - INFO: global_step=780, episodic_return=-494.6514587402344
2022-11-15 05:18:41,440 - INFO: global_step=901, episodic_return=-127.33988952636719
2022-11-15 05:18:41,460 - INFO: global_step=977, episodic_return=-228.6932373046875
2022-11-15 05:18:41,478 - INFO: global_step=1051, episodic_return=-53.29574203491211
2022-11-15 05:18:41,498 - INFO: global_step=1130, episodic_return=-115.67056274414062
2022-11-15 05:18:41,521 - INFO: global_step=1229, episodic_return=-351.40771484375
2022-11-15 05:18:41,548 - INFO: global_step=1334, episodic_return=-291.6427001953125
2022-11-15 05:18:41,563 - INFO: global_step=1400, episodic_return=-244.49609375
2022-11-15 05:18:41,578 - INFO: global_step=1474, episodic_return=-240.63890075683594
2022-11-15 05:18:41,596 - INFO: global_step=1556, episodic_return=-133.00955200195312
2022-11-15 05:18:41,613 - INFO: global_step=1639, episodic_return=-271.9117431640625
2022-11-15 05:18:41,630 - INFO: global_step=1728, episodic_return=-160.43026733398438
2022-11-15 05:18:41,644 - INFO: global_step=1800, episodic_return=-298.14617919921875
2022-11-15 05:18:41,662 - INFO: global_step=1871, episodic_return=-122.55520629882812
2022-11-15 05:18:41,677 - INFO: global_step=1952, episodic_return=-205.69137573242188
2022-11-15 05:18:41,693 - INFO: global_step=2028, episodic_return=-407.39361572265625
2022-11-15 05:18:41,708 - INFO: global_step=2095, episodic_return=-125.64395904541016
2022-11-15 05:18:41,735 - INFO: global_step=2208, episodic_return=-342.326416015625
2022-11-15 05:18:41,748 - INFO: global_step=2273, episodic_return=-123.27827453613281
2022-11-15 05:18:41,761 - INFO: global_step=2340, episodic_return=-63.263633728027344
2022-11-15 05:18:41,776 - INFO: global_step=2415, episodic_return=-104.40106201171875
2022-11-15 05:18:41,797 - INFO: global_step=2502, episodic_return=-518.4765625
2022-11-15 05:18:41,816 - INFO: global_step=2576, episodic_return=-87.56596374511719
2022-11-15 05:18:41,834 - INFO: global_step=2640, episodic_return=-69.57308959960938
2022-11-15 05:18:41,855 - INFO: global_step=2723, episodic_return=-200.8569793701172
2022-11-15 05:18:41,911 - INFO: global_step=2887, episodic_return=-126.70942687988281
2022-11-15 05:18:41,948 - INFO: global_step=2987, episodic_return=-285.7694091796875
2022-11-15 05:18:41,964 - INFO: global_step=3047, episodic_return=-113.10881805419922
2022-11-15 05:18:42,015 - INFO: global_step=3196, episodic_return=-438.79486083984375
2022-11-15 05:18:42,044 - INFO: global_step=3318, episodic_return=-162.56639099121094
2022-11-15 05:18:42,082 - INFO: global_step=3425, episodic_return=-448.2435302734375
2022-11-15 05:18:42,113 - INFO: global_step=3507, episodic_return=-118.17236328125
2022-11-15 05:18:42,138 - INFO: global_step=3571, episodic_return=-77.90057373046875
2022-11-15 05:18:42,191 - INFO: global_step=3680, episodic_return=-432.7367858886719
2022-11-15 05:18:42,231 - INFO: global_step=3765, episodic_return=4.0624847412109375
2022-11-15 05:18:42,260 - INFO: global_step=3843, episodic_return=-480.07623291015625
2022-11-15 05:18:42,297 - INFO: global_step=3930, episodic_return=-80.9975814819336
2022-11-15 05:18:42,317 - INFO: global_step=3990, episodic_return=-98.0173110961914
2022-11-15 05:18:42,332 - INFO: global_step=4050, episodic_return=-117.56158447265625
2022-11-15 05:18:42,351 - INFO: global_step=4119, episodic_return=-68.57914733886719
2022-11-15 05:18:42,379 - INFO: global_step=4205, episodic_return=-326.6500244140625
2022-11-15 05:18:42,395 - INFO: global_step=4273, episodic_return=-77.62384033203125
2022-11-15 05:18:42,420 - INFO: global_step=4363, episodic_return=-136.03053283691406
2022-11-15 05:18:42,443 - INFO: global_step=4441, episodic_return=-367.054443359375
2022-11-15 05:18:42,473 - INFO: global_step=4547, episodic_return=-498.9897155761719
2022-11-15 05:18:42,495 - INFO: global_step=4622, episodic_return=-238.376220703125
2022-11-15 05:18:42,552 - INFO: global_step=4792, episodic_return=-546.1315307617188
2022-11-15 05:18:42,587 - INFO: global_step=4879, episodic_return=-348.4471435546875
2022-11-15 05:18:42,606 - INFO: global_step=4945, episodic_return=-126.97314453125
2022-11-15 05:18:42,623 - INFO: global_step=5010, episodic_return=-126.6758041381836
2022-11-15 05:18:42,650 - INFO: global_step=5095, episodic_return=-456.5244140625
2022-11-15 05:18:42,675 - INFO: global_step=5198, episodic_return=-518.915771484375
2022-11-15 05:18:42,691 - INFO: global_step=5258, episodic_return=-131.02357482910156
2022-11-15 05:18:42,705 - INFO: global_step=5316, episodic_return=-83.17990112304688
2022-11-15 05:18:42,733 - INFO: global_step=5406, episodic_return=-389.0585021972656
2022-11-15 05:18:42,756 - INFO: global_step=5489, episodic_return=-139.3795623779297
2022-11-15 05:18:42,780 - INFO: global_step=5560, episodic_return=-113.57034301757812
2022-11-15 05:18:42,890 - INFO: global_step=5795, episodic_return=-556.9412841796875
2022-11-15 05:18:42,974 - INFO: global_step=5977, episodic_return=-263.30511474609375
2022-11-15 05:18:43,000 - INFO: global_step=6042, episodic_return=-113.13187408447266
2022-11-15 05:18:43,026 - INFO: global_step=6102, episodic_return=-465.99810791015625
2022-11-15 05:18:43,053 - INFO: global_step=6162, episodic_return=-189.63336181640625
2022-11-15 05:18:43,114 - INFO: global_step=6296, episodic_return=-338.93475341796875
2022-11-15 05:18:43,160 - INFO: global_step=6387, episodic_return=-77.07878112792969
2022-11-15 05:18:43,196 - INFO: global_step=6461, episodic_return=-454.05755615234375
2022-11-15 05:18:43,226 - INFO: global_step=6533, episodic_return=-77.38360595703125
2022-11-15 05:18:43,260 - INFO: global_step=6625, episodic_return=-171.5973663330078
2022-11-15 05:18:43,287 - INFO: global_step=6712, episodic_return=-448.0291442871094
2022-11-15 05:18:43,363 - INFO: global_step=6901, episodic_return=-343.0926513671875
2022-11-15 05:18:43,385 - INFO: global_step=6968, episodic_return=-88.95703887939453
2022-11-15 05:18:43,412 - INFO: global_step=7049, episodic_return=-414.5489501953125
2022-11-15 05:18:43,443 - INFO: global_step=7133, episodic_return=-572.065673828125
2022-11-15 05:18:43,468 - INFO: global_step=7205, episodic_return=-251.7586669921875
2022-11-15 05:18:43,493 - INFO: global_step=7266, episodic_return=-89.80592346191406
2022-11-15 05:18:43,512 - INFO: global_step=7327, episodic_return=-117.15608215332031
2022-11-15 05:18:43,538 - INFO: global_step=7399, episodic_return=-98.03886413574219
2022-11-15 05:18:43,562 - INFO: global_step=7467, episodic_return=-101.65558624267578
2022-11-15 05:18:43,613 - INFO: global_step=7605, episodic_return=-163.6221160888672
2022-11-15 05:18:43,627 - INFO: global_step=7658, episodic_return=-184.8329315185547
2022-11-15 05:18:43,654 - INFO: global_step=7739, episodic_return=-73.54095458984375
2022-11-15 05:18:43,677 - INFO: global_step=7808, episodic_return=-329.8661193847656
2022-11-15 05:18:43,710 - INFO: global_step=7907, episodic_return=-375.4934997558594
2022-11-15 05:18:43,732 - INFO: global_step=7967, episodic_return=-366.6449890136719
2022-11-15 05:18:43,797 - INFO: global_step=8122, episodic_return=-435.9803161621094
2022-11-15 05:18:43,826 - INFO: global_step=8199, episodic_return=-420.778076171875
2022-11-15 05:18:43,858 - INFO: global_step=8275, episodic_return=-122.16339874267578
2022-11-15 05:18:43,880 - INFO: global_step=8333, episodic_return=-238.5651092529297
2022-11-15 05:18:43,902 - INFO: global_step=8390, episodic_return=-97.9405517578125
2022-11-15 05:18:43,943 - INFO: global_step=8475, episodic_return=-360.6812438964844
2022-11-15 05:18:44,036 - INFO: global_step=8678, episodic_return=-608.4461059570312
2022-11-15 05:18:44,062 - INFO: global_step=8741, episodic_return=-240.21485900878906
2022-11-15 05:18:44,122 - INFO: global_step=8868, episodic_return=-512.1287841796875
2022-11-15 05:18:44,150 - INFO: global_step=8927, episodic_return=-268.54266357421875
2022-11-15 05:18:44,181 - INFO: global_step=8995, episodic_return=-431.2813415527344
2022-11-15 05:18:44,221 - INFO: global_step=9108, episodic_return=-543.5406494140625
2022-11-15 05:18:44,253 - INFO: global_step=9199, episodic_return=-430.73974609375
2022-11-15 05:18:44,271 - INFO: global_step=9252, episodic_return=-197.80975341796875
2022-11-15 05:18:44,316 - INFO: global_step=9357, episodic_return=-331.47216796875
2022-11-15 05:18:44,341 - INFO: global_step=9430, episodic_return=-433.36376953125
2022-11-15 05:18:44,361 - INFO: global_step=9487, episodic_return=-91.0775375366211
2022-11-15 05:18:44,391 - INFO: global_step=9570, episodic_return=-436.71917724609375
2022-11-15 05:18:44,410 - INFO: global_step=9627, episodic_return=-172.15524291992188
2022-11-15 05:18:44,434 - INFO: global_step=9685, episodic_return=-340.877685546875
2022-11-15 05:18:44,464 - INFO: global_step=9758, episodic_return=-234.68191528320312
2022-11-15 05:18:44,486 - INFO: global_step=9820, episodic_return=-244.6114959716797
2022-11-15 05:18:44,527 - INFO: global_step=9917, episodic_return=-429.2534484863281
2022-11-15 05:18:44,567 - INFO: global_step=10003, episodic_return=-138.01522827148438
2022-11-15 05:18:44,639 - INFO: global_step=10094, episodic_return=-242.20985412597656
2022-11-15 05:18:44,667 - INFO: global_step=10151, episodic_return=-84.89448547363281
2022-11-15 05:18:44,718 - INFO: global_step=10203, episodic_return=-115.67383575439453
2022-11-15 05:18:44,758 - INFO: global_step=10277, episodic_return=-210.88970947265625
2022-11-15 05:18:44,790 - INFO: global_step=10344, episodic_return=-113.78633880615234
2022-11-15 05:18:44,846 - INFO: global_step=10456, episodic_return=-208.7879180908203
2022-11-15 05:18:44,886 - INFO: global_step=10542, episodic_return=-116.55940246582031
2022-11-15 05:18:44,917 - INFO: global_step=10603, episodic_return=-67.33659362792969
2022-11-15 05:18:44,954 - INFO: global_step=10684, episodic_return=-118.35031127929688
2022-11-15 05:18:44,986 - INFO: global_step=10747, episodic_return=-82.63463592529297
2022-11-15 05:18:45,051 - INFO: global_step=10855, episodic_return=-433.6137390136719
2022-11-15 05:18:45,086 - INFO: global_step=10917, episodic_return=-238.51182556152344
2022-11-15 05:18:45,135 - INFO: global_step=11006, episodic_return=-406.4544982910156
2022-11-15 05:18:45,190 - INFO: global_step=11106, episodic_return=-639.7108154296875
2022-11-15 05:18:45,244 - INFO: global_step=11194, episodic_return=-436.9239501953125
2022-11-15 05:18:45,285 - INFO: global_step=11284, episodic_return=-175.11395263671875
2022-11-15 05:18:45,311 - INFO: global_step=11347, episodic_return=-87.02750396728516
2022-11-15 05:18:45,349 - INFO: global_step=11437, episodic_return=-247.0657958984375
2022-11-15 05:18:45,418 - INFO: global_step=11553, episodic_return=-123.9512710571289
2022-11-15 05:18:45,519 - INFO: global_step=11718, episodic_return=-519.667236328125
2022-11-15 05:18:45,577 - INFO: global_step=11831, episodic_return=-94.95135498046875
2022-11-15 05:18:45,624 - INFO: global_step=11928, episodic_return=-10.534469604492188
2022-11-15 05:18:45,678 - INFO: global_step=12028, episodic_return=-355.2955627441406
2022-11-15 05:18:45,740 - INFO: global_step=12138, episodic_return=-200.50376892089844
2022-11-15 05:18:45,782 - INFO: global_step=12215, episodic_return=-91.98805236816406
2022-11-15 05:18:45,860 - INFO: global_step=12339, episodic_return=-234.0192413330078
2022-11-15 05:18:45,920 - INFO: global_step=12439, episodic_return=-377.02508544921875
2022-11-15 05:18:45,953 - INFO: global_step=12514, episodic_return=-302.5375671386719
2022-11-15 05:18:45,982 - INFO: global_step=12585, episodic_return=-215.85986328125
2022-11-15 05:18:46,007 - INFO: global_step=12643, episodic_return=-145.49639892578125
2022-11-15 05:18:46,042 - INFO: global_step=12718, episodic_return=-73.5854263305664
2022-11-15 05:18:46,112 - INFO: global_step=12851, episodic_return=21.21466064453125
2022-11-15 05:18:46,227 - INFO: global_step=13018, episodic_return=-323.0216979980469
2022-11-15 05:18:46,271 - INFO: global_step=13088, episodic_return=-475.3228454589844
2022-11-15 05:18:46,331 - INFO: global_step=13173, episodic_return=-664.2735595703125
2022-11-15 05:18:46,475 - INFO: global_step=13339, episodic_return=-462.52935791015625
2022-11-15 05:18:46,550 - INFO: global_step=13439, episodic_return=-382.8949890136719
2022-11-15 05:18:46,613 - INFO: global_step=13530, episodic_return=-49.460113525390625
2022-11-15 05:18:46,675 - INFO: global_step=13632, episodic_return=-84.12487030029297
2022-11-15 05:18:46,715 - INFO: global_step=13705, episodic_return=-471.1834411621094
2022-11-15 05:18:46,818 - INFO: global_step=13826, episodic_return=-305.8382568359375
2022-11-15 05:18:47,124 - INFO: global_step=14117, episodic_return=-70.41749572753906
2022-11-15 05:18:47,185 - INFO: global_step=14199, episodic_return=-149.5576934814453
2022-11-15 05:18:47,255 - INFO: global_step=14310, episodic_return=-136.80604553222656
2022-11-15 05:18:47,304 - INFO: global_step=14406, episodic_return=-96.4303207397461
2022-11-15 05:18:47,471 - INFO: global_step=14616, episodic_return=-209.71530151367188
2022-11-15 05:18:47,605 - INFO: global_step=14810, episodic_return=-56.348655700683594
2022-11-15 05:18:47,792 - INFO: global_step=15041, episodic_return=-528.878173828125
2022-11-15 05:18:47,844 - INFO: global_step=15144, episodic_return=-241.25686645507812
2022-11-15 05:18:49,072 - INFO: global_step=15919, episodic_return=-183.38819885253906
2022-11-15 05:18:49,556 - INFO: global_step=16371, episodic_return=-198.91998291015625
2022-11-15 05:18:49,656 - INFO: global_step=16490, episodic_return=-313.64849853515625
2022-11-15 05:18:49,772 - INFO: global_step=16625, episodic_return=-343.680908203125
2022-11-15 05:18:49,835 - INFO: global_step=16711, episodic_return=-280.57171630859375
2022-11-15 05:18:49,912 - INFO: global_step=16809, episodic_return=-450.11224365234375
2022-11-15 05:18:50,001 - INFO: global_step=16921, episodic_return=-124.40052795410156
2022-11-15 05:18:51,679 - INFO: global_step=17921, episodic_return=-194.5845947265625
2022-11-15 05:18:53,332 - INFO: global_step=18921, episodic_return=-159.0911102294922
2022-11-15 05:18:53,706 - INFO: global_step=19273, episodic_return=-182.13046264648438
2022-11-15 05:18:55,397 - INFO: global_step=20273, episodic_return=-146.22862243652344
2022-11-15 05:18:56,961 - INFO: global_step=21273, episodic_return=-91.43685150146484
2022-11-15 05:18:57,142 - INFO: global_step=21472, episodic_return=-193.63967895507812
2022-11-15 05:18:57,247 - INFO: global_step=21601, episodic_return=-293.3308410644531
2022-11-15 05:18:57,371 - INFO: global_step=21754, episodic_return=-79.24858093261719
2022-11-15 05:18:57,978 - INFO: global_step=22305, episodic_return=-349.7057189941406
2022-11-15 05:18:58,213 - INFO: global_step=22578, episodic_return=-211.93215942382812
2022-11-15 05:18:58,516 - INFO: global_step=22868, episodic_return=-73.84403991699219
2022-11-15 05:18:59,266 - INFO: global_step=23430, episodic_return=-344.8515930175781
2022-11-15 05:18:59,699 - INFO: global_step=23783, episodic_return=-221.3561553955078
2022-11-15 05:19:00,643 - INFO: global_step=24505, episodic_return=-290.3306579589844
2022-11-15 05:19:02,387 - INFO: global_step=25505, episodic_return=-211.38223266601562
2022-11-15 05:19:03,397 - INFO: global_step=26197, episodic_return=-236.43614196777344
2022-11-15 05:19:03,817 - INFO: global_step=26558, episodic_return=-164.6544189453125
2022-11-15 05:19:04,776 - INFO: global_step=27137, episodic_return=-181.64956665039062
2022-11-15 05:19:06,619 - INFO: global_step=28137, episodic_return=-150.96630859375
2022-11-15 05:19:08,930 - INFO: global_step=29137, episodic_return=-146.65243530273438
2022-11-15 05:19:10,567 - INFO: global_step=30137, episodic_return=-137.20632934570312
2022-11-15 05:19:12,731 - INFO: global_step=31137, episodic_return=-122.0724868774414
2022-11-15 05:19:14,949 - INFO: global_step=32137, episodic_return=-120.9869155883789
2022-11-15 05:19:17,653 - INFO: global_step=33137, episodic_return=-143.95498657226562
2022-11-15 05:19:19,262 - INFO: global_step=34137, episodic_return=-63.16020202636719
2022-11-15 05:19:21,609 - INFO: global_step=35137, episodic_return=-44.14906692504883
2022-11-15 05:19:23,262 - INFO: global_step=36137, episodic_return=-111.87669372558594
2022-11-15 05:19:25,248 - INFO: global_step=37137, episodic_return=-152.79733276367188
2022-11-15 05:19:26,828 - INFO: global_step=38137, episodic_return=-57.28319549560547
2022-11-15 05:19:28,789 - INFO: global_step=39137, episodic_return=-110.75836944580078
2022-11-15 05:19:30,900 - INFO: global_step=40137, episodic_return=-65.74818420410156
2022-11-15 05:19:31,243 - INFO: global_step=40396, episodic_return=-7.2950592041015625
2022-11-15 05:19:33,077 - INFO: global_step=41396, episodic_return=-125.3697509765625
2022-11-15 05:19:34,655 - INFO: global_step=42396, episodic_return=-94.07412719726562
2022-11-15 05:19:36,903 - INFO: global_step=43396, episodic_return=-53.66356658935547
2022-11-15 05:19:38,486 - INFO: global_step=44396, episodic_return=-78.30000305175781
2022-11-15 05:19:40,696 - INFO: global_step=45396, episodic_return=-108.79185485839844
2022-11-15 05:19:43,417 - INFO: global_step=46396, episodic_return=-85.63262176513672
2022-11-15 05:19:45,041 - INFO: global_step=47396, episodic_return=-88.86315155029297
2022-11-15 05:19:47,374 - INFO: global_step=48396, episodic_return=-98.2886962890625
2022-11-15 05:19:47,624 - INFO: global_step=48649, episodic_return=-214.65753173828125
2022-11-15 05:19:47,893 - INFO: global_step=48894, episodic_return=-252.2555694580078
2022-11-15 05:19:50,600 - INFO: global_step=49894, episodic_return=-130.3341522216797
2022-11-15 05:19:53,018 - INFO: global_step=50894, episodic_return=-90.78685760498047
2022-11-15 05:19:53,379 - INFO: global_step=51202, episodic_return=-38.22251892089844
2022-11-15 05:19:53,658 - INFO: global_step=51473, episodic_return=-391.1253356933594
2022-11-15 05:19:56,081 - INFO: global_step=52473, episodic_return=-147.73422241210938
2022-11-15 05:19:57,804 - INFO: global_step=53473, episodic_return=-58.137786865234375
2022-11-15 05:20:00,043 - INFO: global_step=54473, episodic_return=-102.65788269042969
2022-11-15 05:20:01,843 - INFO: global_step=55473, episodic_return=-75.5887222290039
2022-11-15 05:20:04,169 - INFO: global_step=56473, episodic_return=-70.2819595336914
2022-11-15 05:20:06,921 - INFO: global_step=57473, episodic_return=-131.6534423828125
2022-11-15 05:20:08,921 - INFO: global_step=58473, episodic_return=-81.2998046875
2022-11-15 05:20:11,211 - INFO: global_step=59473, episodic_return=-86.93714141845703
2022-11-15 05:20:12,781 - INFO: global_step=60473, episodic_return=-83.4397201538086
2022-11-15 05:20:14,845 - INFO: global_step=61473, episodic_return=-129.1571502685547
2022-11-15 05:20:17,166 - INFO: global_step=62473, episodic_return=-150.09033203125
2022-11-15 05:20:19,628 - INFO: global_step=63473, episodic_return=-94.28173065185547
2022-11-15 05:20:21,442 - INFO: global_step=64473, episodic_return=-134.491455078125
2022-11-15 05:20:21,649 - INFO: global_step=64705, episodic_return=-208.97610473632812
2022-11-15 05:20:21,837 - INFO: global_step=64904, episodic_return=-225.35153198242188
2022-11-15 05:20:22,081 - INFO: global_step=65166, episodic_return=-285.4560546875
2022-11-15 05:20:23,845 - INFO: global_step=66166, episodic_return=-76.8472900390625
2022-11-15 05:20:26,207 - INFO: global_step=67166, episodic_return=-143.3787078857422
2022-11-15 05:20:26,913 - INFO: global_step=67664, episodic_return=-70.12571716308594
2022-11-15 05:20:29,301 - INFO: global_step=68664, episodic_return=-84.93283081054688
2022-11-15 05:20:31,107 - INFO: global_step=69664, episodic_return=-99.43053436279297
2022-11-15 05:20:33,079 - INFO: global_step=70664, episodic_return=-21.062463760375977
2022-11-15 05:20:35,192 - INFO: global_step=71664, episodic_return=-127.45763397216797
2022-11-15 05:20:36,827 - INFO: global_step=72664, episodic_return=-103.10552978515625
2022-11-15 05:20:38,754 - INFO: global_step=73664, episodic_return=-86.40071868896484
2022-11-15 05:20:40,339 - INFO: global_step=74664, episodic_return=-114.66458892822266
2022-11-15 05:20:43,150 - INFO: global_step=75664, episodic_return=-104.7985610961914
2022-11-15 05:20:44,978 - INFO: global_step=76664, episodic_return=-76.82574462890625
2022-11-15 05:20:47,611 - INFO: global_step=77664, episodic_return=-98.36882019042969
2022-11-15 05:20:49,810 - INFO: global_step=78664, episodic_return=-117.43234252929688
2022-11-15 05:20:51,977 - INFO: global_step=79664, episodic_return=-135.17599487304688
2022-11-15 05:20:53,549 - INFO: global_step=80664, episodic_return=-86.07598114013672
2022-11-15 05:20:56,026 - INFO: global_step=81664, episodic_return=-97.88177490234375
2022-11-15 05:20:58,228 - INFO: global_step=82664, episodic_return=-118.87433624267578
2022-11-15 05:20:58,470 - INFO: global_step=82916, episodic_return=-268.2900390625
2022-11-15 05:20:58,737 - INFO: global_step=83189, episodic_return=-191.28512573242188
2022-11-15 05:20:59,009 - INFO: global_step=83436, episodic_return=-124.30461120605469
2022-11-15 05:21:01,293 - INFO: global_step=84436, episodic_return=-100.05276489257812
2022-11-15 05:21:01,863 - INFO: global_step=84926, episodic_return=-202.38104248046875
2022-11-15 05:21:02,400 - INFO: global_step=85347, episodic_return=-225.58526611328125
2022-11-15 05:21:02,751 - INFO: global_step=85662, episodic_return=-351.1210632324219
2022-11-15 05:21:02,901 - INFO: global_step=85842, episodic_return=-26.54412841796875
2022-11-15 05:21:03,386 - INFO: global_step=86273, episodic_return=-260.72735595703125
2022-11-15 05:21:03,613 - INFO: global_step=86530, episodic_return=-85.39801025390625
2022-11-15 05:21:04,194 - INFO: global_step=86987, episodic_return=-43.658817291259766
2022-11-15 05:21:04,443 - INFO: global_step=87242, episodic_return=-114.4173812866211
2022-11-15 05:21:05,009 - INFO: global_step=87762, episodic_return=-199.5978240966797
2022-11-15 05:21:05,493 - INFO: global_step=88175, episodic_return=-74.05805969238281
2022-11-15 05:21:06,212 - INFO: global_step=88718, episodic_return=-166.21917724609375
2022-11-15 05:21:06,807 - INFO: global_step=89145, episodic_return=-283.30889892578125
2022-11-15 05:21:08,419 - INFO: global_step=89980, episodic_return=-132.62013244628906
2022-11-15 05:21:09,401 - INFO: global_step=90598, episodic_return=-54.99275207519531
2022-11-15 05:21:09,744 - INFO: global_step=90919, episodic_return=-179.58197021484375
2022-11-15 05:21:10,743 - INFO: global_step=91514, episodic_return=-124.48078155517578
2022-11-15 05:21:12,048 - INFO: global_step=92280, episodic_return=-90.43267822265625
2022-11-15 05:21:13,930 - INFO: global_step=93280, episodic_return=-114.41056823730469
2022-11-15 05:21:16,177 - INFO: global_step=94280, episodic_return=-96.11355590820312
2022-11-15 05:21:18,330 - INFO: global_step=95280, episodic_return=-120.2255859375
2022-11-15 05:21:20,112 - INFO: global_step=96280, episodic_return=-126.13136291503906
2022-11-15 05:21:22,196 - INFO: global_step=97280, episodic_return=-158.2865447998047
2022-11-15 05:21:24,284 - INFO: global_step=98280, episodic_return=-113.98834228515625
2022-11-15 05:21:25,492 - INFO: global_step=98950, episodic_return=-259.88897705078125
2022-11-15 05:21:27,139 - INFO: global_step=99950, episodic_return=-133.5292510986328
2022-11-15 05:21:28,125 - INFO: global_step=100569, episodic_return=166.9798583984375
2022-11-15 05:21:28,842 - INFO: global_step=101060, episodic_return=-81.9853515625
2022-11-15 05:21:29,354 - INFO: global_step=101455, episodic_return=-240.34547424316406
2022-11-15 05:21:31,161 - INFO: global_step=102229, episodic_return=127.23380279541016
2022-11-15 05:21:31,589 - INFO: global_step=102630, episodic_return=-82.28303527832031
2022-11-15 05:21:32,254 - INFO: global_step=103139, episodic_return=-293.50518798828125
2022-11-15 05:21:34,494 - INFO: global_step=104139, episodic_return=-64.39451599121094
2022-11-15 05:21:36,669 - INFO: global_step=105139, episodic_return=-132.22633361816406
2022-11-15 05:21:38,157 - INFO: global_step=106139, episodic_return=-87.85362243652344
2022-11-15 05:21:40,579 - INFO: global_step=107139, episodic_return=-127.08390045166016
2022-11-15 05:21:42,217 - INFO: global_step=108139, episodic_return=-113.44444274902344
2022-11-15 05:21:43,817 - INFO: global_step=109139, episodic_return=-82.42420959472656
2022-11-15 05:21:46,349 - INFO: global_step=110139, episodic_return=-93.96986389160156
2022-11-15 05:21:47,851 - INFO: global_step=111139, episodic_return=-126.67298889160156
2022-11-15 05:21:48,318 - INFO: global_step=111524, episodic_return=-44.80521011352539
2022-11-15 05:21:50,678 - INFO: global_step=112524, episodic_return=-110.12610626220703
2022-11-15 05:21:52,342 - INFO: global_step=113524, episodic_return=-125.28936767578125
2022-11-15 05:21:54,271 - INFO: global_step=114524, episodic_return=-149.64463806152344
2022-11-15 05:21:56,056 - INFO: global_step=115524, episodic_return=-118.0864028930664
2022-11-15 05:21:57,997 - INFO: global_step=116524, episodic_return=-107.41148376464844
2022-11-15 05:22:00,105 - INFO: global_step=117524, episodic_return=-129.7146453857422
2022-11-15 05:22:01,685 - INFO: global_step=118524, episodic_return=-83.63433837890625
2022-11-15 05:22:03,708 - INFO: global_step=119524, episodic_return=-116.60250854492188
2022-11-15 05:22:06,273 - INFO: global_step=120524, episodic_return=-142.13006591796875
2022-11-15 05:22:07,963 - INFO: global_step=121524, episodic_return=-132.07505798339844
2022-11-15 05:22:09,526 - INFO: global_step=122524, episodic_return=-128.7823486328125
2022-11-15 05:22:11,288 - INFO: global_step=123524, episodic_return=-135.54052734375
2022-11-15 05:22:13,839 - INFO: global_step=124524, episodic_return=-132.58828735351562
2022-11-15 05:22:15,799 - INFO: global_step=125524, episodic_return=-157.9186553955078
2022-11-15 05:22:17,446 - INFO: global_step=126524, episodic_return=-144.26602172851562
2022-11-15 05:22:18,884 - INFO: global_step=127524, episodic_return=-127.08650970458984
2022-11-15 05:22:20,848 - INFO: global_step=128524, episodic_return=-159.68922424316406
2022-11-15 05:22:22,270 - INFO: global_step=129524, episodic_return=-140.4969024658203
2022-11-15 05:22:24,496 - INFO: global_step=130524, episodic_return=-191.1318359375
2022-11-15 05:22:26,462 - INFO: global_step=131524, episodic_return=-179.3424530029297
2022-11-15 05:22:27,894 - INFO: global_step=132524, episodic_return=-124.78532409667969
2022-11-15 05:22:30,190 - INFO: global_step=133524, episodic_return=-162.3895263671875
2022-11-15 05:22:32,047 - INFO: global_step=134524, episodic_return=-158.0970458984375
2022-11-15 05:22:33,606 - INFO: global_step=135524, episodic_return=-152.189697265625
2022-11-15 05:22:35,977 - INFO: global_step=136524, episodic_return=-124.00841522216797
2022-11-15 05:22:38,474 - INFO: global_step=137524, episodic_return=-153.2457275390625
2022-11-15 05:22:40,940 - INFO: global_step=138524, episodic_return=-139.0358428955078
2022-11-15 05:22:42,700 - INFO: global_step=139524, episodic_return=-150.58554077148438
2022-11-15 05:22:44,550 - INFO: global_step=140524, episodic_return=-112.2201919555664
2022-11-15 05:22:44,999 - INFO: global_step=140882, episodic_return=-167.39169311523438
2022-11-15 05:22:45,528 - INFO: global_step=141254, episodic_return=-143.3449249267578
2022-11-15 05:22:46,321 - INFO: global_step=141834, episodic_return=-187.4141387939453
2022-11-15 05:22:47,685 - INFO: global_step=142742, episodic_return=-284.6109924316406
2022-11-15 05:22:48,282 - INFO: global_step=143244, episodic_return=-108.1734848022461
2022-11-15 05:22:48,801 - INFO: global_step=143659, episodic_return=-131.56253051757812
2022-11-15 05:22:49,164 - INFO: global_step=144002, episodic_return=-252.0433807373047
2022-11-15 05:22:51,095 - INFO: global_step=145002, episodic_return=-78.53890991210938
2022-11-15 05:22:51,590 - INFO: global_step=145411, episodic_return=-53.20158386230469
2022-11-15 05:22:52,140 - INFO: global_step=145848, episodic_return=-77.61039733886719
2022-11-15 05:22:52,659 - INFO: global_step=146239, episodic_return=-67.00445556640625
2022-11-15 05:22:55,091 - INFO: global_step=147239, episodic_return=-90.2753677368164
2022-11-15 05:22:56,938 - INFO: global_step=148239, episodic_return=-134.5692901611328
2022-11-15 05:22:59,338 - INFO: global_step=149239, episodic_return=-121.52369689941406
2022-11-15 05:23:01,469 - INFO: global_step=150239, episodic_return=-71.22050476074219
2022-11-15 05:23:03,845 - INFO: global_step=151239, episodic_return=-121.73429870605469
2022-11-15 05:23:05,809 - INFO: global_step=152239, episodic_return=-133.1020050048828
2022-11-15 05:23:08,600 - INFO: global_step=153239, episodic_return=-136.22817993164062
2022-11-15 05:23:10,724 - INFO: global_step=154239, episodic_return=-105.53730010986328
2022-11-15 05:23:12,430 - INFO: global_step=155239, episodic_return=-73.4302749633789
2022-11-15 05:23:14,922 - INFO: global_step=156239, episodic_return=-94.72698974609375
2022-11-15 05:23:16,989 - INFO: global_step=157239, episodic_return=-133.55174255371094
2022-11-15 05:23:18,747 - INFO: global_step=158239, episodic_return=-151.168212890625
2022-11-15 05:23:20,312 - INFO: global_step=159239, episodic_return=-135.2250518798828
2022-11-15 05:23:21,934 - INFO: global_step=160239, episodic_return=-106.12847137451172
2022-11-15 05:23:23,720 - INFO: global_step=161239, episodic_return=-131.1943359375
2022-11-15 05:23:25,549 - INFO: global_step=162239, episodic_return=-129.684814453125
2022-11-15 05:23:25,644 - INFO: global_step=162382, episodic_return=-193.8231201171875
2022-11-15 05:23:26,040 - INFO: global_step=162778, episodic_return=-213.35662841796875
2022-11-15 05:23:26,236 - INFO: global_step=163011, episodic_return=-206.17388916015625
2022-11-15 05:23:27,798 - INFO: global_step=164011, episodic_return=-307.2229309082031
2022-11-15 05:23:29,479 - INFO: global_step=165011, episodic_return=-117.34591674804688
2022-11-15 05:23:29,573 - INFO: global_step=165155, episodic_return=-94.83642578125
2022-11-15 05:23:30,800 - INFO: global_step=165863, episodic_return=-113.43865203857422
2022-11-15 05:23:32,797 - INFO: global_step=166863, episodic_return=-84.11103057861328
2022-11-15 05:23:35,041 - INFO: global_step=167863, episodic_return=-82.76604461669922
2022-11-15 05:23:36,890 - INFO: global_step=168863, episodic_return=-69.51716613769531
2022-11-15 05:23:38,726 - INFO: global_step=169863, episodic_return=-54.156890869140625
2022-11-15 05:23:40,576 - INFO: global_step=170863, episodic_return=-68.40324401855469
2022-11-15 05:23:42,415 - INFO: global_step=171863, episodic_return=-124.48571014404297
2022-11-15 05:23:44,250 - INFO: global_step=172863, episodic_return=-112.75305938720703
2022-11-15 05:23:46,675 - INFO: global_step=173863, episodic_return=-148.48593139648438
2022-11-15 05:23:48,881 - INFO: global_step=174863, episodic_return=-133.579345703125
2022-11-15 05:23:51,187 - INFO: global_step=175863, episodic_return=-133.94412231445312
2022-11-15 05:23:53,240 - INFO: global_step=176863, episodic_return=-28.892189025878906
2022-11-15 05:23:55,838 - INFO: global_step=177863, episodic_return=-140.5998077392578
2022-11-15 05:23:57,368 - INFO: global_step=178863, episodic_return=-139.08872985839844
2022-11-15 05:23:58,968 - INFO: global_step=179863, episodic_return=-117.459716796875
2022-11-15 05:24:01,458 - INFO: global_step=180863, episodic_return=-148.20986938476562
2022-11-15 05:24:04,270 - INFO: global_step=181863, episodic_return=-172.3133087158203
2022-11-15 05:24:05,636 - INFO: global_step=182863, episodic_return=-147.82028198242188
2022-11-15 05:24:07,132 - INFO: global_step=183863, episodic_return=-131.02149963378906
2022-11-15 05:24:07,232 - INFO: global_step=184006, episodic_return=-51.51048278808594
2022-11-15 05:24:08,792 - INFO: global_step=185006, episodic_return=-100.17427062988281
2022-11-15 05:24:10,310 - INFO: global_step=185898, episodic_return=-165.75698852539062
2022-11-15 05:24:11,862 - INFO: global_step=186898, episodic_return=-145.19436645507812
2022-11-15 05:24:13,806 - INFO: global_step=187898, episodic_return=-139.2216339111328
2022-11-15 05:24:16,169 - INFO: global_step=188898, episodic_return=-142.30955505371094
2022-11-15 05:24:17,877 - INFO: global_step=189898, episodic_return=-168.8418731689453
2022-11-15 05:24:19,952 - INFO: global_step=190898, episodic_return=-64.81063079833984
2022-11-15 05:24:21,778 - INFO: global_step=191898, episodic_return=-127.2850341796875
2022-11-15 05:24:23,697 - INFO: global_step=192898, episodic_return=-90.9377212524414
2022-11-15 05:24:25,514 - INFO: global_step=193898, episodic_return=-164.33230590820312
2022-11-15 05:24:27,849 - INFO: global_step=194898, episodic_return=-119.61756134033203
2022-11-15 05:24:28,480 - INFO: global_step=195393, episodic_return=-124.91766357421875
2022-11-15 05:24:29,709 - INFO: global_step=196393, episodic_return=-158.84902954101562
2022-11-15 05:24:31,244 - INFO: global_step=197393, episodic_return=-162.3637237548828
2022-11-15 05:24:33,017 - INFO: global_step=198393, episodic_return=-123.55296325683594
2022-11-15 05:24:35,147 - INFO: global_step=199393, episodic_return=-110.69540405273438
2022-11-15 05:24:37,333 - INFO: global_step=200393, episodic_return=-132.7649688720703
2022-11-15 05:24:39,531 - INFO: global_step=201393, episodic_return=-133.44869995117188
2022-11-15 05:24:42,166 - INFO: global_step=202393, episodic_return=-173.45619201660156
2022-11-15 05:24:42,972 - INFO: global_step=202942, episodic_return=-235.48812866210938
2022-11-15 05:24:45,447 - INFO: global_step=203942, episodic_return=-162.66201782226562
2022-11-15 05:24:46,688 - INFO: global_step=204701, episodic_return=-376.00921630859375
2022-11-15 05:24:48,781 - INFO: global_step=205701, episodic_return=-151.28785705566406
2022-11-15 05:24:50,707 - INFO: global_step=206701, episodic_return=-115.77434539794922
2022-11-15 05:24:52,488 - INFO: global_step=207701, episodic_return=-133.9612579345703
2022-11-15 05:24:54,882 - INFO: global_step=208701, episodic_return=-144.08935546875
2022-11-15 05:24:56,459 - INFO: global_step=209701, episodic_return=-132.62232971191406
2022-11-15 05:24:58,347 - INFO: global_step=210701, episodic_return=-66.1354751586914
2022-11-15 05:25:00,414 - INFO: global_step=211701, episodic_return=-106.11673736572266
2022-11-15 05:25:02,441 - INFO: global_step=212701, episodic_return=-130.13636779785156
2022-11-15 05:25:04,318 - INFO: global_step=213701, episodic_return=-56.28643035888672
2022-11-15 05:25:06,243 - INFO: global_step=214701, episodic_return=-71.36091613769531
2022-11-15 05:25:07,851 - INFO: global_step=215701, episodic_return=-71.28467559814453
2022-11-15 05:25:09,809 - INFO: global_step=216701, episodic_return=-113.80486297607422
2022-11-15 05:25:11,482 - INFO: global_step=217701, episodic_return=-121.24889373779297
2022-11-15 05:25:14,465 - INFO: global_step=218701, episodic_return=-141.7410888671875
2022-11-15 05:25:15,976 - INFO: global_step=219701, episodic_return=-69.50353240966797
2022-11-15 05:25:17,747 - INFO: global_step=220701, episodic_return=-77.7824935913086
2022-11-15 05:25:19,839 - INFO: global_step=221701, episodic_return=-114.44918060302734
2022-11-15 05:25:20,785 - INFO: global_step=222239, episodic_return=212.3629913330078
2022-11-15 05:25:23,058 - INFO: global_step=223239, episodic_return=-66.33306884765625
2022-11-15 05:25:23,958 - INFO: global_step=223796, episodic_return=4.6120147705078125
2022-11-15 05:25:26,729 - INFO: global_step=224796, episodic_return=-36.327484130859375
2022-11-15 05:25:29,221 - INFO: global_step=225796, episodic_return=-41.82974624633789
2022-11-15 05:25:31,743 - INFO: global_step=226796, episodic_return=-62.922664642333984
2022-11-15 05:25:33,194 - INFO: global_step=227506, episodic_return=169.06430053710938
2022-11-15 05:25:33,755 - INFO: global_step=227930, episodic_return=223.18992614746094
2022-11-15 05:25:34,744 - INFO: global_step=228663, episodic_return=-159.5259552001953
2022-11-15 05:25:35,474 - INFO: global_step=229185, episodic_return=-92.64353942871094
2022-11-15 05:25:37,920 - INFO: global_step=230185, episodic_return=-40.23432922363281
2022-11-15 05:25:38,281 - INFO: global_step=230553, episodic_return=-30.447402954101562
2022-11-15 05:25:40,283 - INFO: global_step=231553, episodic_return=-45.96589660644531
2022-11-15 05:25:40,391 - INFO: global_step=231693, episodic_return=-62.94987869262695
2022-11-15 05:25:42,824 - INFO: global_step=232693, episodic_return=-114.12598419189453
2022-11-15 05:25:44,530 - INFO: global_step=233693, episodic_return=-37.34511947631836
2022-11-15 05:25:46,370 - INFO: global_step=234693, episodic_return=-63.276920318603516
2022-11-15 05:25:47,947 - INFO: global_step=235607, episodic_return=-170.81045532226562
2022-11-15 05:25:50,355 - INFO: global_step=236607, episodic_return=-40.263946533203125
2022-11-15 05:25:52,042 - INFO: global_step=237607, episodic_return=-14.749422073364258
2022-11-15 05:25:54,104 - INFO: global_step=238607, episodic_return=-92.08129119873047
2022-11-15 05:25:55,949 - INFO: global_step=239607, episodic_return=-4.107710361480713
2022-11-15 05:25:57,944 - INFO: global_step=240607, episodic_return=12.883381843566895
2022-11-15 05:25:59,753 - INFO: global_step=241607, episodic_return=0.5215333700180054
2022-11-15 05:26:01,536 - INFO: global_step=242607, episodic_return=-26.82407569885254
2022-11-15 05:26:04,286 - INFO: global_step=243607, episodic_return=-18.73739242553711
2022-11-15 05:26:06,639 - INFO: global_step=244607, episodic_return=-21.449203491210938
2022-11-15 05:26:08,629 - INFO: global_step=245607, episodic_return=12.333244323730469
2022-11-15 05:26:10,506 - INFO: global_step=246607, episodic_return=-29.05001449584961
2022-11-15 05:26:12,650 - INFO: global_step=247607, episodic_return=-35.32674026489258
2022-11-15 05:26:14,829 - INFO: global_step=248607, episodic_return=-8.533258438110352
2022-11-15 05:26:16,932 - INFO: global_step=249607, episodic_return=-25.483884811401367
2022-11-15 05:26:19,069 - INFO: global_step=250607, episodic_return=-51.4791259765625
2022-11-15 05:26:21,919 - INFO: global_step=251607, episodic_return=-57.54972457885742
2022-11-15 05:26:22,251 - INFO: global_step=251917, episodic_return=292.52569580078125
2022-11-15 05:26:24,050 - INFO: global_step=252917, episodic_return=-57.59941864013672
2022-11-15 05:26:26,370 - INFO: global_step=253917, episodic_return=-31.40279769897461
2022-11-15 05:26:28,444 - INFO: global_step=254917, episodic_return=-62.53044509887695
2022-11-15 05:26:30,298 - INFO: global_step=255917, episodic_return=-30.711627960205078
2022-11-15 05:26:31,950 - INFO: global_step=256917, episodic_return=-28.8007755279541
2022-11-15 05:26:33,527 - INFO: global_step=257917, episodic_return=-46.076698303222656
2022-11-15 05:26:35,356 - INFO: global_step=258917, episodic_return=-1.9288036823272705
2022-11-15 05:26:37,650 - INFO: global_step=259917, episodic_return=-29.351696014404297
2022-11-15 05:26:39,348 - INFO: global_step=260917, episodic_return=2.154505968093872
2022-11-15 05:26:41,217 - INFO: global_step=261917, episodic_return=-36.8144645690918
2022-11-15 05:26:43,145 - INFO: global_step=262917, episodic_return=27.716768264770508
2022-11-15 05:26:45,614 - INFO: global_step=263917, episodic_return=-36.66649627685547
2022-11-15 05:26:47,647 - INFO: global_step=264917, episodic_return=-12.449856758117676
2022-11-15 05:26:49,735 - INFO: global_step=265917, episodic_return=12.794940948486328
2022-11-15 05:26:52,495 - INFO: global_step=266917, episodic_return=-36.5511589050293
2022-11-15 05:26:54,286 - INFO: global_step=267917, episodic_return=-36.88300704956055
2022-11-15 05:26:56,096 - INFO: global_step=268917, episodic_return=-2.5343024730682373
2022-11-15 05:26:57,956 - INFO: global_step=269917, episodic_return=14.462298393249512
2022-11-15 05:27:00,397 - INFO: global_step=270917, episodic_return=-6.560770511627197
2022-11-15 05:27:02,633 - INFO: global_step=271917, episodic_return=-38.310787200927734
2022-11-15 05:27:04,683 - INFO: global_step=272917, episodic_return=6.784943580627441
2022-11-15 05:27:06,817 - INFO: global_step=273917, episodic_return=-34.356597900390625
2022-11-15 05:27:08,547 - INFO: global_step=274917, episodic_return=-41.03258514404297
2022-11-15 05:27:10,138 - INFO: global_step=275917, episodic_return=-64.43672943115234
2022-11-15 05:27:11,888 - INFO: global_step=276917, episodic_return=9.770759582519531
2022-11-15 05:27:14,259 - INFO: global_step=277917, episodic_return=-56.72007369995117
2022-11-15 05:27:15,884 - INFO: global_step=278917, episodic_return=32.193695068359375
2022-11-15 05:27:17,750 - INFO: global_step=279917, episodic_return=-18.29483413696289
2022-11-15 05:27:19,850 - INFO: global_step=280917, episodic_return=22.85226821899414
2022-11-15 05:27:21,762 - INFO: global_step=281917, episodic_return=-20.741954803466797
2022-11-15 05:27:23,475 - INFO: global_step=282917, episodic_return=-25.708572387695312
2022-11-15 05:27:25,109 - INFO: global_step=283917, episodic_return=-26.274478912353516
2022-11-15 05:27:27,557 - INFO: global_step=284917, episodic_return=12.40820026397705
2022-11-15 05:27:29,835 - INFO: global_step=285917, episodic_return=29.321441650390625
2022-11-15 05:27:31,458 - INFO: global_step=286917, episodic_return=-20.337656021118164
2022-11-15 05:27:33,678 - INFO: global_step=287917, episodic_return=36.21468734741211
2022-11-15 05:27:35,411 - INFO: global_step=288917, episodic_return=-4.553897380828857
2022-11-15 05:27:37,135 - INFO: global_step=289917, episodic_return=-5.950808525085449
2022-11-15 05:27:38,850 - INFO: global_step=290917, episodic_return=-3.8939709663391113
2022-11-15 05:27:39,789 - INFO: global_step=291620, episodic_return=287.5382080078125
2022-11-15 05:27:41,366 - INFO: global_step=292620, episodic_return=-21.248722076416016
2022-11-15 05:27:43,565 - INFO: global_step=293620, episodic_return=-55.03255844116211
2022-11-15 05:27:43,730 - INFO: global_step=293790, episodic_return=-27.096969604492188
2022-11-15 05:27:43,896 - INFO: global_step=293964, episodic_return=-35.586158752441406
2022-11-15 05:27:45,902 - INFO: global_step=294964, episodic_return=-48.781070709228516
2022-11-15 05:27:47,873 - INFO: global_step=295964, episodic_return=-51.607810974121094
2022-11-15 05:27:50,290 - INFO: global_step=296964, episodic_return=-57.52251052856445
2022-11-15 05:27:52,014 - INFO: global_step=297964, episodic_return=-2.8571834564208984
2022-11-15 05:27:54,156 - INFO: global_step=298964, episodic_return=-18.257328033447266
2022-11-15 05:27:56,760 - INFO: global_step=299964, episodic_return=-44.44709396362305
2022-11-15 05:27:58,301 - INFO: global_step=300964, episodic_return=-11.384858131408691
2022-11-15 05:28:00,413 - INFO: global_step=301964, episodic_return=-16.306894302368164
2022-11-15 05:28:02,179 - INFO: global_step=302964, episodic_return=-75.84400177001953
2022-11-15 05:28:04,687 - INFO: global_step=303964, episodic_return=48.3582878112793
2022-11-15 05:28:06,521 - INFO: global_step=304964, episodic_return=-42.299713134765625
2022-11-15 05:28:08,648 - INFO: global_step=305964, episodic_return=-29.505414962768555
2022-11-15 05:28:10,663 - INFO: global_step=306964, episodic_return=1.3080463409423828
2022-11-15 05:28:13,008 - INFO: global_step=307964, episodic_return=2.881592273712158
2022-11-15 05:28:15,125 - INFO: global_step=308964, episodic_return=-7.486475467681885
2022-11-15 05:28:17,203 - INFO: global_step=309964, episodic_return=32.641075134277344
2022-11-15 05:28:19,155 - INFO: global_step=310964, episodic_return=-37.84346008300781
2022-11-15 05:28:21,637 - INFO: global_step=311964, episodic_return=17.560075759887695
2022-11-15 05:28:23,886 - INFO: global_step=312964, episodic_return=7.309957504272461
2022-11-15 05:28:26,229 - INFO: global_step=313964, episodic_return=12.74268627166748
2022-11-15 05:28:28,443 - INFO: global_step=314964, episodic_return=-23.923147201538086
2022-11-15 05:28:30,763 - INFO: global_step=315964, episodic_return=40.73637390136719
2022-11-15 05:28:32,358 - INFO: global_step=316964, episodic_return=25.53274917602539
2022-11-15 05:28:34,418 - INFO: global_step=317964, episodic_return=-15.338485717773438
2022-11-15 05:28:36,266 - INFO: global_step=318964, episodic_return=-5.145115375518799
2022-11-15 05:28:38,624 - INFO: global_step=319964, episodic_return=16.170635223388672
2022-11-15 05:28:40,636 - INFO: global_step=320964, episodic_return=12.385334968566895
2022-11-15 05:28:42,539 - INFO: global_step=321964, episodic_return=-3.315253257751465
2022-11-15 05:28:44,942 - INFO: global_step=322964, episodic_return=-6.010707855224609
2022-11-15 05:28:46,539 - INFO: global_step=323964, episodic_return=9.011438369750977
2022-11-15 05:28:48,591 - INFO: global_step=324964, episodic_return=15.030893325805664
2022-11-15 05:28:50,033 - INFO: global_step=325964, episodic_return=10.629920959472656
2022-11-15 05:28:52,744 - INFO: global_step=326933, episodic_return=175.66622924804688
2022-11-15 05:28:53,731 - INFO: global_step=327577, episodic_return=207.68231201171875
2022-11-15 05:28:54,616 - INFO: global_step=328178, episodic_return=208.3291778564453
2022-11-15 05:28:55,656 - INFO: global_step=328789, episodic_return=203.02378845214844
2022-11-15 05:28:56,273 - INFO: global_step=329285, episodic_return=235.44705200195312
2022-11-15 05:28:57,600 - INFO: global_step=330084, episodic_return=185.5597381591797
2022-11-15 05:28:59,250 - INFO: global_step=330908, episodic_return=174.80117797851562
2022-11-15 05:29:01,230 - INFO: global_step=331904, episodic_return=171.1092529296875
2022-11-15 05:29:01,870 - INFO: global_step=332436, episodic_return=210.27178955078125
2022-11-15 05:29:02,674 - INFO: global_step=332971, episodic_return=227.43045043945312
2022-11-15 05:29:04,385 - INFO: global_step=333971, episodic_return=-4.2056779861450195
2022-11-15 05:29:06,448 - INFO: global_step=334971, episodic_return=-77.31873321533203
2022-11-15 05:29:08,208 - INFO: global_step=335883, episodic_return=111.52566528320312
2022-11-15 05:29:09,924 - INFO: global_step=336883, episodic_return=7.247507095336914
2022-11-15 05:29:10,965 - INFO: global_step=337492, episodic_return=142.50650024414062
2022-11-15 05:29:11,480 - INFO: global_step=337862, episodic_return=264.5898742675781
2022-11-15 05:29:12,455 - INFO: global_step=338438, episodic_return=181.4345703125
2022-11-15 05:29:13,074 - INFO: global_step=338893, episodic_return=241.52847290039062
2022-11-15 05:29:13,962 - INFO: global_step=339527, episodic_return=178.09042358398438
2022-11-15 05:29:14,765 - INFO: global_step=340085, episodic_return=175.4551544189453
2022-11-15 05:29:15,050 - INFO: global_step=340371, episodic_return=291.7119140625
2022-11-15 05:29:15,941 - INFO: global_step=341028, episodic_return=144.9063720703125
2022-11-15 05:29:17,834 - INFO: global_step=342028, episodic_return=36.72637176513672
2022-11-15 05:29:18,664 - INFO: global_step=342587, episodic_return=207.78530883789062
2022-11-15 05:29:19,753 - INFO: global_step=343318, episodic_return=126.86109161376953
2022-11-15 05:29:21,121 - INFO: global_step=344231, episodic_return=167.30258178710938
2022-11-15 05:29:22,003 - INFO: global_step=344860, episodic_return=199.80532836914062
2022-11-15 05:29:23,224 - INFO: global_step=345580, episodic_return=169.2797393798828
2022-11-15 05:29:24,507 - INFO: global_step=346253, episodic_return=164.96214294433594
2022-11-15 05:29:25,287 - INFO: global_step=346858, episodic_return=219.41888427734375
2022-11-15 05:29:25,856 - INFO: global_step=347341, episodic_return=-56.44873046875
2022-11-15 05:29:25,937 - INFO: global_step=347445, episodic_return=60.43269348144531
2022-11-15 05:29:26,568 - INFO: global_step=347999, episodic_return=-122.30087280273438
2022-11-15 05:29:26,685 - INFO: global_step=348167, episodic_return=-116.65558624267578
2022-11-15 05:29:26,723 - INFO: global_step=348229, episodic_return=-453.9425354003906
2022-11-15 05:29:26,986 - INFO: global_step=348506, episodic_return=180.47537231445312
2022-11-15 05:29:27,091 - INFO: global_step=348648, episodic_return=-83.66304016113281
2022-11-15 05:29:27,182 - INFO: global_step=348769, episodic_return=-55.57659149169922
2022-11-15 05:29:27,263 - INFO: global_step=348856, episodic_return=41.46112060546875
2022-11-15 05:29:27,328 - INFO: global_step=348938, episodic_return=-78.22652435302734
2022-11-15 05:29:27,617 - INFO: global_step=349250, episodic_return=140.0861053466797
2022-11-15 05:29:27,728 - INFO: global_step=349399, episodic_return=-52.45927810668945
2022-11-15 05:29:27,895 - INFO: global_step=349583, episodic_return=242.5605926513672
2022-11-15 05:29:28,090 - INFO: global_step=349831, episodic_return=-108.92259979248047
2022-11-15 05:29:28,173 - INFO: global_step=349944, episodic_return=-58.393898010253906
2022-11-15 05:29:28,337 - INFO: global_step=350147, episodic_return=-66.43551635742188
2022-11-15 05:29:28,404 - INFO: global_step=350249, episodic_return=-111.59098815917969
2022-11-15 05:29:28,631 - INFO: global_step=350500, episodic_return=-47.52099609375
2022-11-15 05:29:29,057 - INFO: global_step=350873, episodic_return=-190.30140686035156
2022-11-15 05:29:31,231 - INFO: global_step=351873, episodic_return=-117.8136978149414
2022-11-15 05:29:33,455 - INFO: global_step=352834, episodic_return=130.565673828125
2022-11-15 05:29:35,523 - INFO: global_step=353834, episodic_return=-94.36307525634766
2022-11-15 05:29:37,884 - INFO: global_step=354834, episodic_return=-100.82599639892578
2022-11-15 05:29:39,818 - INFO: global_step=355834, episodic_return=-59.629024505615234
2022-11-15 05:29:41,495 - INFO: global_step=356834, episodic_return=-84.89641571044922
2022-11-15 05:29:43,393 - INFO: global_step=357834, episodic_return=-31.858314514160156
2022-11-15 05:29:45,605 - INFO: global_step=358834, episodic_return=-46.53641891479492
2022-11-15 05:29:48,015 - INFO: global_step=359834, episodic_return=-30.22548484802246
2022-11-15 05:29:49,900 - INFO: global_step=360834, episodic_return=-36.49834060668945
2022-11-15 05:29:50,318 - INFO: global_step=361184, episodic_return=285.90771484375
2022-11-15 05:29:52,731 - INFO: global_step=362184, episodic_return=3.790391206741333
2022-11-15 05:29:54,575 - INFO: global_step=363184, episodic_return=-54.828609466552734
2022-11-15 05:29:57,076 - INFO: global_step=364184, episodic_return=-28.993555068969727
2022-11-15 05:29:58,378 - INFO: global_step=364965, episodic_return=118.60122680664062
2022-11-15 05:29:59,920 - INFO: global_step=365828, episodic_return=106.49829864501953
2022-11-15 05:30:01,493 - INFO: global_step=366601, episodic_return=134.1365509033203
2022-11-15 05:30:03,867 - INFO: global_step=367601, episodic_return=-3.189354658126831
2022-11-15 05:30:04,087 - INFO: global_step=367841, episodic_return=5.260810852050781
2022-11-15 05:30:06,259 - INFO: global_step=368841, episodic_return=11.625465393066406
2022-11-15 05:30:08,456 - INFO: global_step=369841, episodic_return=-14.410744667053223
2022-11-15 05:30:10,611 - INFO: global_step=370841, episodic_return=-47.315303802490234
2022-11-15 05:30:12,500 - INFO: global_step=371841, episodic_return=-7.101797580718994
2022-11-15 05:30:14,388 - INFO: global_step=372727, episodic_return=79.20950317382812
2022-11-15 05:30:15,742 - INFO: global_step=373675, episodic_return=75.48015594482422
2022-11-15 05:30:17,916 - INFO: global_step=374675, episodic_return=-0.6322860717773438
2022-11-15 05:30:20,016 - INFO: global_step=375675, episodic_return=-30.108322143554688
2022-11-15 05:30:21,576 - INFO: global_step=376675, episodic_return=-15.55528736114502
2022-11-15 05:30:23,610 - INFO: global_step=377675, episodic_return=-35.1572380065918
2022-11-15 05:30:25,888 - INFO: global_step=378675, episodic_return=7.183470726013184
2022-11-15 05:30:27,977 - INFO: global_step=379675, episodic_return=-30.358970642089844
2022-11-15 05:30:30,633 - INFO: global_step=380675, episodic_return=-29.976730346679688
2022-11-15 05:30:32,814 - INFO: global_step=381675, episodic_return=-55.678932189941406
2022-11-15 05:30:34,783 - INFO: global_step=382675, episodic_return=-42.25932693481445
2022-11-15 05:30:36,606 - INFO: global_step=383675, episodic_return=-22.320735931396484
2022-11-15 05:30:38,597 - INFO: global_step=384675, episodic_return=-67.1530990600586
2022-11-15 05:30:40,292 - INFO: global_step=385675, episodic_return=-86.89549255371094
2022-11-15 05:30:42,264 - INFO: global_step=386675, episodic_return=-36.72518539428711
2022-11-15 05:30:44,050 - INFO: global_step=387675, episodic_return=-53.789310455322266
2022-11-15 05:30:45,456 - INFO: global_step=388675, episodic_return=-51.67476272583008
2022-11-15 05:30:47,462 - INFO: global_step=389675, episodic_return=-67.3992691040039
2022-11-15 05:30:49,870 - INFO: global_step=390675, episodic_return=-28.80718231201172
2022-11-15 05:30:51,894 - INFO: global_step=391675, episodic_return=-51.1845588684082
2022-11-15 05:30:53,482 - INFO: global_step=392675, episodic_return=-49.83378982543945
2022-11-15 05:30:54,962 - INFO: global_step=393675, episodic_return=-66.16716766357422
2022-11-15 05:30:57,585 - INFO: global_step=394675, episodic_return=-32.014068603515625
2022-11-15 05:30:59,518 - INFO: global_step=395675, episodic_return=-64.49018859863281
2022-11-15 05:31:00,971 - INFO: global_step=396675, episodic_return=-39.51502227783203
2022-11-15 05:31:02,763 - INFO: global_step=397675, episodic_return=-25.817346572875977
2022-11-15 05:31:05,016 - INFO: global_step=398675, episodic_return=-38.3657341003418
2022-11-15 05:31:07,135 - INFO: global_step=399675, episodic_return=-24.5684757232666
2022-11-15 05:31:09,440 - INFO: global_step=400675, episodic_return=-36.28145980834961
2022-11-15 05:31:11,681 - INFO: global_step=401675, episodic_return=-7.90682315826416
2022-11-15 05:31:13,183 - INFO: global_step=402675, episodic_return=-59.83890151977539
2022-11-15 05:31:14,984 - INFO: global_step=403675, episodic_return=-58.427425384521484
2022-11-15 05:31:17,385 - INFO: global_step=404675, episodic_return=-7.311927795410156
2022-11-15 05:31:18,946 - INFO: global_step=405675, episodic_return=-45.72626495361328
2022-11-15 05:31:19,599 - INFO: global_step=406172, episodic_return=153.41702270507812
2022-11-15 05:31:21,288 - INFO: global_step=407172, episodic_return=-45.30586242675781
2022-11-15 05:31:23,344 - INFO: global_step=408172, episodic_return=-2.8805742263793945
2022-11-15 05:31:23,424 - INFO: global_step=408272, episodic_return=-78.67350769042969
2022-11-15 05:31:24,808 - INFO: global_step=409111, episodic_return=140.6029815673828
2022-11-15 05:31:25,082 - INFO: global_step=409396, episodic_return=-122.37744140625
2022-11-15 05:31:27,187 - INFO: global_step=410396, episodic_return=-65.79931640625
2022-11-15 05:31:28,038 - INFO: global_step=411011, episodic_return=-61.93971252441406
2022-11-15 05:31:28,709 - INFO: global_step=411498, episodic_return=-60.666015625
2022-11-15 05:31:29,092 - INFO: global_step=411811, episodic_return=-208.1881561279297
2022-11-15 05:31:29,316 - INFO: global_step=412055, episodic_return=-267.68316650390625
2022-11-15 05:31:29,926 - INFO: global_step=412561, episodic_return=-224.906005859375
2022-11-15 05:31:31,938 - INFO: global_step=413561, episodic_return=-82.9440689086914
2022-11-15 05:31:32,093 - INFO: global_step=413737, episodic_return=-86.02845764160156
2022-11-15 05:31:33,251 - INFO: global_step=414539, episodic_return=134.47219848632812
2022-11-15 05:31:33,358 - INFO: global_step=414692, episodic_return=-72.8724594116211
2022-11-15 05:31:33,464 - INFO: global_step=414834, episodic_return=-134.5296173095703
2022-11-15 05:31:35,280 - INFO: global_step=415651, episodic_return=163.2376708984375
2022-11-15 05:31:37,439 - INFO: global_step=416651, episodic_return=-48.195556640625
2022-11-15 05:31:39,587 - INFO: global_step=417651, episodic_return=-33.885833740234375
2022-11-15 05:31:39,721 - INFO: global_step=417806, episodic_return=-14.669013977050781
2022-11-15 05:31:41,623 - INFO: global_step=418806, episodic_return=-57.797245025634766
2022-11-15 05:31:43,008 - INFO: global_step=419806, episodic_return=-72.82070922851562
2022-11-15 05:31:44,657 - INFO: global_step=420806, episodic_return=-22.836109161376953
2022-11-15 05:31:47,055 - INFO: global_step=421806, episodic_return=-43.83711624145508
2022-11-15 05:31:49,246 - INFO: global_step=422806, episodic_return=-76.96448516845703
2022-11-15 05:31:51,974 - INFO: global_step=423806, episodic_return=-86.84253692626953
2022-11-15 05:31:54,124 - INFO: global_step=424806, episodic_return=-28.07335662841797
2022-11-15 05:31:54,352 - INFO: global_step=424996, episodic_return=-181.82955932617188
2022-11-15 05:31:56,950 - INFO: global_step=425996, episodic_return=-60.111515045166016
2022-11-15 05:31:57,164 - INFO: global_step=426218, episodic_return=-166.6551513671875
2022-11-15 05:31:59,857 - INFO: global_step=427218, episodic_return=-139.73770141601562
2022-11-15 05:32:02,399 - INFO: global_step=428218, episodic_return=-115.76722717285156
2022-11-15 05:32:04,284 - INFO: global_step=429218, episodic_return=-74.64704132080078
2022-11-15 05:32:06,364 - INFO: global_step=430218, episodic_return=-88.41587829589844
2022-11-15 05:32:08,395 - INFO: global_step=431218, episodic_return=-111.70247650146484
2022-11-15 05:32:10,136 - INFO: global_step=432218, episodic_return=-59.712921142578125
2022-11-15 05:32:12,149 - INFO: global_step=433218, episodic_return=-95.02340698242188
2022-11-15 05:32:14,035 - INFO: global_step=434218, episodic_return=-24.554861068725586
2022-11-15 05:32:14,468 - INFO: global_step=434616, episodic_return=-262.8608093261719
2022-11-15 05:32:16,475 - INFO: global_step=435616, episodic_return=-103.78086853027344
2022-11-15 05:32:18,506 - INFO: global_step=436616, episodic_return=-63.532432556152344
2022-11-15 05:32:20,206 - INFO: global_step=437616, episodic_return=-33.69440460205078
2022-11-15 05:32:22,129 - INFO: global_step=438616, episodic_return=-21.038366317749023
2022-11-15 05:32:23,787 - INFO: global_step=439616, episodic_return=-71.75296783447266
2022-11-15 05:32:25,427 - INFO: global_step=440616, episodic_return=-74.2826156616211
2022-11-15 05:32:27,951 - INFO: global_step=441616, episodic_return=-62.41295623779297
2022-11-15 05:32:29,994 - INFO: global_step=442616, episodic_return=-29.529434204101562
2022-11-15 05:32:31,916 - INFO: global_step=443616, episodic_return=-22.003944396972656
2022-11-15 05:32:33,825 - INFO: global_step=444616, episodic_return=-61.80586242675781
2022-11-15 05:32:35,798 - INFO: global_step=445616, episodic_return=-32.33885192871094
2022-11-15 05:32:37,631 - INFO: global_step=446616, episodic_return=-6.688382148742676
2022-11-15 05:32:39,556 - INFO: global_step=447616, episodic_return=1.512838363647461
2022-11-15 05:32:41,437 - INFO: global_step=448616, episodic_return=-16.063007354736328
2022-11-15 05:32:43,061 - INFO: global_step=449616, episodic_return=-57.38840866088867
2022-11-15 05:32:45,334 - INFO: global_step=450616, episodic_return=-40.806732177734375
2022-11-15 05:32:47,638 - INFO: global_step=451616, episodic_return=-42.86233901977539
2022-11-15 05:32:49,791 - INFO: global_step=452616, episodic_return=-17.66573143005371
2022-11-15 05:32:51,638 - INFO: global_step=453616, episodic_return=-19.668102264404297
2022-11-15 05:32:53,211 - INFO: global_step=454616, episodic_return=-50.2048454284668
2022-11-15 05:32:54,924 - INFO: global_step=455616, episodic_return=-11.661210060119629
2022-11-15 05:32:56,831 - INFO: global_step=456616, episodic_return=-11.538092613220215
2022-11-15 05:32:58,683 - INFO: global_step=457616, episodic_return=-41.44077682495117
2022-11-15 05:33:00,198 - INFO: global_step=458616, episodic_return=-71.13591003417969
2022-11-15 05:33:02,012 - INFO: global_step=459616, episodic_return=-11.939053535461426
2022-11-15 05:33:03,811 - INFO: global_step=460616, episodic_return=3.0814104080200195
2022-11-15 05:33:05,380 - INFO: global_step=461616, episodic_return=-33.68143081665039
2022-11-15 05:33:07,594 - INFO: global_step=462616, episodic_return=-21.818937301635742
2022-11-15 05:33:09,613 - INFO: global_step=463616, episodic_return=-19.177085876464844
2022-11-15 05:33:11,802 - INFO: global_step=464616, episodic_return=8.05793571472168
2022-11-15 05:33:13,474 - INFO: global_step=465616, episodic_return=24.342836380004883
2022-11-15 05:33:13,665 - INFO: global_step=465825, episodic_return=-59.167598724365234
2022-11-15 05:33:14,092 - INFO: global_step=466105, episodic_return=-76.70838165283203
2022-11-15 05:33:15,884 - INFO: global_step=467105, episodic_return=-15.666296005249023
2022-11-15 05:33:17,968 - INFO: global_step=468105, episodic_return=-50.7463493347168
2022-11-15 05:33:19,488 - INFO: global_step=469105, episodic_return=10.036762237548828
2022-11-15 05:33:21,120 - INFO: global_step=470105, episodic_return=-23.498050689697266
2022-11-15 05:33:23,334 - INFO: global_step=471105, episodic_return=0.06660813093185425
2022-11-15 05:33:25,400 - INFO: global_step=472105, episodic_return=6.771487712860107
2022-11-15 05:33:27,003 - INFO: global_step=473105, episodic_return=4.3286590576171875
2022-11-15 05:33:28,497 - INFO: global_step=474105, episodic_return=-15.916668891906738
2022-11-15 05:33:30,536 - INFO: global_step=475105, episodic_return=-24.371227264404297
2022-11-15 05:33:32,213 - INFO: global_step=476105, episodic_return=-65.79751586914062
2022-11-15 05:33:34,291 - INFO: global_step=477105, episodic_return=-39.97728729248047
2022-11-15 05:33:36,685 - INFO: global_step=478105, episodic_return=-51.22731399536133
2022-11-15 05:33:38,855 - INFO: global_step=479105, episodic_return=-12.488636016845703
2022-11-15 05:33:40,396 - INFO: global_step=480105, episodic_return=-52.385868072509766
2022-11-15 05:33:41,852 - INFO: global_step=481105, episodic_return=-34.110801696777344
2022-11-15 05:33:43,525 - INFO: global_step=482105, episodic_return=-30.414264678955078
2022-11-15 05:33:45,881 - INFO: global_step=483105, episodic_return=-5.173493385314941
2022-11-15 05:33:47,477 - INFO: global_step=484095, episodic_return=103.93511199951172
2022-11-15 05:33:48,457 - INFO: global_step=484763, episodic_return=238.44424438476562
2022-11-15 05:33:50,359 - INFO: global_step=485763, episodic_return=-16.473295211791992
2022-11-15 05:33:51,897 - INFO: global_step=486763, episodic_return=-5.190688610076904
2022-11-15 05:33:52,671 - INFO: global_step=487387, episodic_return=159.3214569091797
2022-11-15 05:33:54,380 - INFO: global_step=488273, episodic_return=169.22947692871094
2022-11-15 05:33:56,099 - INFO: global_step=489273, episodic_return=9.456829071044922
2022-11-15 05:33:56,488 - INFO: global_step=489650, episodic_return=-77.17218780517578
2022-11-15 05:33:56,837 - INFO: global_step=490006, episodic_return=222.4068145751953
2022-11-15 05:33:58,365 - INFO: global_step=490835, episodic_return=148.71678161621094
2022-11-15 05:33:58,818 - INFO: global_step=491206, episodic_return=-60.653236389160156
2022-11-15 05:33:59,145 - INFO: global_step=491492, episodic_return=-142.72694396972656
2022-11-15 05:33:59,410 - INFO: global_step=491723, episodic_return=-79.7618179321289
2022-11-15 05:33:59,593 - INFO: global_step=491896, episodic_return=-137.11192321777344
2022-11-15 05:33:59,948 - INFO: global_step=492142, episodic_return=-172.388427734375
2022-11-15 05:34:00,169 - INFO: global_step=492339, episodic_return=-200.4010009765625
2022-11-15 05:34:00,604 - INFO: global_step=492695, episodic_return=-149.08087158203125
2022-11-15 05:34:00,664 - INFO: global_step=492771, episodic_return=-79.22074890136719
2022-11-15 05:34:00,809 - INFO: global_step=492957, episodic_return=-162.51174926757812
2022-11-15 05:34:01,227 - INFO: global_step=493327, episodic_return=-70.47406005859375
2022-11-15 05:34:02,530 - INFO: global_step=494327, episodic_return=-87.30876922607422
2022-11-15 05:34:04,807 - INFO: global_step=495327, episodic_return=-24.745901107788086
2022-11-15 05:34:06,536 - INFO: global_step=496327, episodic_return=-86.88072967529297
2022-11-15 05:34:08,077 - INFO: global_step=497327, episodic_return=-79.60453033447266
2022-11-15 05:34:09,941 - INFO: global_step=498327, episodic_return=-108.88294982910156
2022-11-15 05:34:11,327 - INFO: global_step=499327, episodic_return=-79.88735961914062
2022-11-15 05:34:12,180 - INFO: The average reward of last 20 steps: -70.91163911819459
