2022-11-15 01:26:47,377 - INFO: +--------------------------+----------------+
| Parameter                | Value          |
+--------------------------+----------------+
| exp_name                 | dqn            |
+--------------------------+----------------+
| seed                     | 42             |
+--------------------------+----------------+
| total_timesteps          | 500000         |
+--------------------------+----------------+
| learning_rate            | 0.001          |
+--------------------------+----------------+
| buffer_size              | 2000           |
+--------------------------+----------------+
| gamma                    | 0.982          |
+--------------------------+----------------+
| target_network_frequency | 50             |
+--------------------------+----------------+
| batch_size               | 128            |
+--------------------------+----------------+
| start_e                  | 1              |
+--------------------------+----------------+
| end_e                    | 0              |
+--------------------------+----------------+
| exploration_fraction     | 0.100          |
+--------------------------+----------------+
| learning_starts          | 10000          |
+--------------------------+----------------+
| train_frequency          | 10             |
+--------------------------+----------------+
| env_id                   | LunarLander-v2 |
+--------------------------+----------------+
2022-11-15 01:26:49,066 - INFO: global_step=122, episodic_return=-351.156494140625
2022-11-15 01:26:50,042 - INFO: global_step=213, episodic_return=-123.88553619384766
2022-11-15 01:26:50,059 - INFO: global_step=280, episodic_return=-206.61187744140625
2022-11-15 01:26:50,077 - INFO: global_step=369, episodic_return=-146.66458129882812
2022-11-15 01:26:50,091 - INFO: global_step=448, episodic_return=-134.07046508789062
2022-11-15 01:26:50,115 - INFO: global_step=560, episodic_return=-209.50868225097656
2022-11-15 01:26:50,146 - INFO: global_step=675, episodic_return=-323.1044921875
2022-11-15 01:26:50,182 - INFO: global_step=825, episodic_return=-517.4085693359375
2022-11-15 01:26:50,210 - INFO: global_step=920, episodic_return=-227.89337158203125
2022-11-15 01:26:50,230 - INFO: global_step=1018, episodic_return=-108.97444915771484
2022-11-15 01:26:50,248 - INFO: global_step=1110, episodic_return=-221.5886688232422
2022-11-15 01:26:50,276 - INFO: global_step=1245, episodic_return=-51.37635040283203
2022-11-15 01:26:50,287 - INFO: global_step=1302, episodic_return=-138.7189483642578
2022-11-15 01:26:50,303 - INFO: global_step=1380, episodic_return=-102.9498519897461
2022-11-15 01:26:50,316 - INFO: global_step=1442, episodic_return=-126.42334747314453
2022-11-15 01:26:50,330 - INFO: global_step=1515, episodic_return=-117.82674407958984
2022-11-15 01:26:50,344 - INFO: global_step=1587, episodic_return=-85.06668090820312
2022-11-15 01:26:50,371 - INFO: global_step=1707, episodic_return=-219.26608276367188
2022-11-15 01:26:50,393 - INFO: global_step=1806, episodic_return=-332.89569091796875
2022-11-15 01:26:50,411 - INFO: global_step=1887, episodic_return=-145.6663818359375
2022-11-15 01:26:50,431 - INFO: global_step=1976, episodic_return=-100.21408081054688
2022-11-15 01:26:50,447 - INFO: global_step=2050, episodic_return=-317.58074951171875
2022-11-15 01:26:50,470 - INFO: global_step=2144, episodic_return=-443.9483947753906
2022-11-15 01:26:50,488 - INFO: global_step=2222, episodic_return=-122.48746490478516
2022-11-15 01:26:50,513 - INFO: global_step=2322, episodic_return=1.2089309692382812
2022-11-15 01:26:50,526 - INFO: global_step=2381, episodic_return=-82.5943603515625
2022-11-15 01:26:50,551 - INFO: global_step=2479, episodic_return=-179.50904846191406
2022-11-15 01:26:50,573 - INFO: global_step=2574, episodic_return=-128.92420959472656
2022-11-15 01:26:50,593 - INFO: global_step=2665, episodic_return=-134.76675415039062
2022-11-15 01:26:50,618 - INFO: global_step=2776, episodic_return=-64.66581726074219
2022-11-15 01:26:50,630 - INFO: global_step=2837, episodic_return=-97.97901916503906
2022-11-15 01:26:50,647 - INFO: global_step=2937, episodic_return=-104.44688415527344
2022-11-15 01:26:50,660 - INFO: global_step=3004, episodic_return=-79.98949432373047
2022-11-15 01:26:50,674 - INFO: global_step=3081, episodic_return=-230.6368408203125
2022-11-15 01:26:50,689 - INFO: global_step=3165, episodic_return=-88.5479507446289
2022-11-15 01:26:50,704 - INFO: global_step=3263, episodic_return=-144.14080810546875
2022-11-15 01:26:50,722 - INFO: global_step=3364, episodic_return=-259.4796142578125
2022-11-15 01:26:50,744 - INFO: global_step=3476, episodic_return=-23.641868591308594
2022-11-15 01:26:50,787 - INFO: global_step=3634, episodic_return=-43.55540084838867
2022-11-15 01:26:50,809 - INFO: global_step=3733, episodic_return=-193.80096435546875
2022-11-15 01:26:50,838 - INFO: global_step=3835, episodic_return=-123.86907196044922
2022-11-15 01:26:50,863 - INFO: global_step=3932, episodic_return=-145.60107421875
2022-11-15 01:26:50,884 - INFO: global_step=4032, episodic_return=-116.6630630493164
2022-11-15 01:26:50,907 - INFO: global_step=4131, episodic_return=-470.611083984375
2022-11-15 01:26:50,932 - INFO: global_step=4226, episodic_return=-290.8656005859375
2022-11-15 01:26:50,958 - INFO: global_step=4314, episodic_return=-80.02291870117188
2022-11-15 01:26:50,971 - INFO: global_step=4383, episodic_return=-77.20756530761719
2022-11-15 01:26:50,986 - INFO: global_step=4469, episodic_return=-148.18258666992188
2022-11-15 01:26:51,021 - INFO: global_step=4581, episodic_return=-418.9527587890625
2022-11-15 01:26:51,043 - INFO: global_step=4660, episodic_return=-155.0374755859375
2022-11-15 01:26:51,066 - INFO: global_step=4732, episodic_return=-122.70928955078125
2022-11-15 01:26:51,099 - INFO: global_step=4844, episodic_return=-73.66207885742188
2022-11-15 01:26:51,118 - INFO: global_step=4918, episodic_return=-154.65335083007812
2022-11-15 01:26:51,147 - INFO: global_step=5029, episodic_return=-334.2170715332031
2022-11-15 01:26:51,171 - INFO: global_step=5121, episodic_return=-318.60833740234375
2022-11-15 01:26:51,202 - INFO: global_step=5230, episodic_return=-306.599365234375
2022-11-15 01:26:51,224 - INFO: global_step=5311, episodic_return=-262.9307861328125
2022-11-15 01:26:51,250 - INFO: global_step=5413, episodic_return=-94.51045227050781
2022-11-15 01:26:51,269 - INFO: global_step=5502, episodic_return=22.607887268066406
2022-11-15 01:26:51,281 - INFO: global_step=5570, episodic_return=-105.03482055664062
2022-11-15 01:26:51,303 - INFO: global_step=5675, episodic_return=-64.78900146484375
2022-11-15 01:26:51,335 - INFO: global_step=5818, episodic_return=-241.18218994140625
2022-11-15 01:26:51,349 - INFO: global_step=5889, episodic_return=-101.18113708496094
2022-11-15 01:26:51,369 - INFO: global_step=5979, episodic_return=-438.9538879394531
2022-11-15 01:26:51,386 - INFO: global_step=6055, episodic_return=-292.1912841796875
2022-11-15 01:26:51,406 - INFO: global_step=6139, episodic_return=-123.0419692993164
2022-11-15 01:26:51,430 - INFO: global_step=6243, episodic_return=-96.64530181884766
2022-11-15 01:26:51,451 - INFO: global_step=6338, episodic_return=-433.9615173339844
2022-11-15 01:26:51,485 - INFO: global_step=6458, episodic_return=-40.276824951171875
2022-11-15 01:26:51,511 - INFO: global_step=6555, episodic_return=-120.2088851928711
2022-11-15 01:26:51,536 - INFO: global_step=6648, episodic_return=-115.89684295654297
2022-11-15 01:26:51,563 - INFO: global_step=6761, episodic_return=-187.1613006591797
2022-11-15 01:26:51,581 - INFO: global_step=6864, episodic_return=-330.1435546875
2022-11-15 01:26:51,596 - INFO: global_step=6948, episodic_return=-168.02342224121094
2022-11-15 01:26:51,618 - INFO: global_step=7062, episodic_return=-103.99201965332031
2022-11-15 01:26:51,634 - INFO: global_step=7153, episodic_return=-247.34957885742188
2022-11-15 01:26:51,645 - INFO: global_step=7214, episodic_return=-49.26567840576172
2022-11-15 01:26:51,658 - INFO: global_step=7286, episodic_return=-87.54025268554688
2022-11-15 01:26:51,688 - INFO: global_step=7398, episodic_return=-161.80239868164062
2022-11-15 01:26:51,711 - INFO: global_step=7485, episodic_return=-201.98489379882812
2022-11-15 01:26:51,729 - INFO: global_step=7557, episodic_return=-134.23373413085938
2022-11-15 01:26:51,751 - INFO: global_step=7638, episodic_return=4.05419921875
2022-11-15 01:26:51,768 - INFO: global_step=7704, episodic_return=-97.70439147949219
2022-11-15 01:26:51,792 - INFO: global_step=7800, episodic_return=-123.54806518554688
2022-11-15 01:26:51,810 - INFO: global_step=7867, episodic_return=-90.89635467529297
2022-11-15 01:26:51,834 - INFO: global_step=7964, episodic_return=-116.9798355102539
2022-11-15 01:26:51,874 - INFO: global_step=8101, episodic_return=-128.2509307861328
2022-11-15 01:26:51,894 - INFO: global_step=8179, episodic_return=-470.5269470214844
2022-11-15 01:26:51,921 - INFO: global_step=8292, episodic_return=-175.23458862304688
2022-11-15 01:26:51,955 - INFO: global_step=8430, episodic_return=-275.56927490234375
2022-11-15 01:26:51,979 - INFO: global_step=8522, episodic_return=-308.33673095703125
2022-11-15 01:26:52,013 - INFO: global_step=8646, episodic_return=-113.45497131347656
2022-11-15 01:26:52,036 - INFO: global_step=8730, episodic_return=-109.63018035888672
2022-11-15 01:26:52,049 - INFO: global_step=8792, episodic_return=-94.56306457519531
2022-11-15 01:26:52,081 - INFO: global_step=8895, episodic_return=-349.03656005859375
2022-11-15 01:26:52,096 - INFO: global_step=8954, episodic_return=-169.2228240966797
2022-11-15 01:26:52,114 - INFO: global_step=9025, episodic_return=-134.42593383789062
2022-11-15 01:26:52,140 - INFO: global_step=9110, episodic_return=-455.19580078125
2022-11-15 01:26:52,165 - INFO: global_step=9202, episodic_return=-111.60237121582031
2022-11-15 01:26:52,192 - INFO: global_step=9297, episodic_return=-87.92620849609375
2022-11-15 01:26:52,218 - INFO: global_step=9393, episodic_return=-132.65695190429688
2022-11-15 01:26:52,246 - INFO: global_step=9491, episodic_return=-483.526611328125
2022-11-15 01:26:52,283 - INFO: global_step=9634, episodic_return=-511.46600341796875
2022-11-15 01:26:52,307 - INFO: global_step=9738, episodic_return=-414.672607421875
2022-11-15 01:26:52,320 - INFO: global_step=9806, episodic_return=-72.75413513183594
2022-11-15 01:26:52,334 - INFO: global_step=9875, episodic_return=-162.96371459960938
2022-11-15 01:26:52,356 - INFO: global_step=9963, episodic_return=-382.920166015625
2022-11-15 01:26:52,414 - INFO: global_step=10085, episodic_return=-282.0798034667969
2022-11-15 01:26:52,467 - INFO: global_step=10195, episodic_return=-187.74359130859375
2022-11-15 01:26:52,517 - INFO: global_step=10294, episodic_return=-227.39370727539062
2022-11-15 01:26:52,568 - INFO: global_step=10397, episodic_return=-139.2342987060547
2022-11-15 01:26:52,608 - INFO: global_step=10475, episodic_return=-222.11386108398438
2022-11-15 01:26:52,663 - INFO: global_step=10575, episodic_return=-314.66497802734375
2022-11-15 01:26:52,695 - INFO: global_step=10639, episodic_return=-89.16104125976562
2022-11-15 01:26:53,626 - INFO: global_step=10706, episodic_return=-95.4359130859375
2022-11-15 01:26:53,669 - INFO: global_step=10788, episodic_return=-289.49530029296875
2022-11-15 01:26:53,798 - INFO: global_step=10867, episodic_return=-214.43211364746094
2022-11-15 01:26:53,843 - INFO: global_step=10951, episodic_return=-313.1192626953125
2022-11-15 01:26:54,679 - INFO: global_step=11027, episodic_return=-193.3031768798828
2022-11-15 01:26:54,731 - INFO: global_step=11117, episodic_return=-262.4083251953125
2022-11-15 01:26:54,782 - INFO: global_step=11227, episodic_return=-381.197265625
2022-11-15 01:26:54,835 - INFO: global_step=11292, episodic_return=-79.93434143066406
2022-11-15 01:26:54,866 - INFO: global_step=11358, episodic_return=-88.19476318359375
2022-11-15 01:26:54,925 - INFO: global_step=11450, episodic_return=-163.84764099121094
2022-11-15 01:26:54,983 - INFO: global_step=11541, episodic_return=-70.18057250976562
2022-11-15 01:26:55,018 - INFO: global_step=11619, episodic_return=-159.1416473388672
2022-11-15 01:26:55,081 - INFO: global_step=11738, episodic_return=-182.7006072998047
2022-11-15 01:26:55,153 - INFO: global_step=11867, episodic_return=-120.65751647949219
2022-11-15 01:26:55,223 - INFO: global_step=11991, episodic_return=-420.60479736328125
2022-11-15 01:26:55,302 - INFO: global_step=12128, episodic_return=-91.41434478759766
2022-11-15 01:26:55,333 - INFO: global_step=12199, episodic_return=-100.7016372680664
2022-11-15 01:26:55,384 - INFO: global_step=12309, episodic_return=-94.51911163330078
2022-11-15 01:26:55,422 - INFO: global_step=12390, episodic_return=8.354156494140625
2022-11-15 01:26:55,500 - INFO: global_step=12529, episodic_return=-196.55934143066406
2022-11-15 01:26:55,571 - INFO: global_step=12657, episodic_return=-204.10482788085938
2022-11-15 01:26:55,643 - INFO: global_step=12789, episodic_return=-148.96066284179688
2022-11-15 01:26:55,676 - INFO: global_step=12863, episodic_return=-62.13398742675781
2022-11-15 01:26:55,706 - INFO: global_step=12937, episodic_return=-58.777809143066406
2022-11-15 01:26:55,745 - INFO: global_step=13037, episodic_return=-48.85862731933594
2022-11-15 01:26:55,844 - INFO: global_step=13208, episodic_return=-481.6146545410156
2022-11-15 01:26:55,891 - INFO: global_step=13292, episodic_return=-121.21331787109375
2022-11-15 01:26:55,936 - INFO: global_step=13387, episodic_return=-76.88459014892578
2022-11-15 01:26:55,987 - INFO: global_step=13484, episodic_return=-216.138671875
2022-11-15 01:26:56,051 - INFO: global_step=13633, episodic_return=-359.5846252441406
2022-11-15 01:26:56,098 - INFO: global_step=13744, episodic_return=-13.313522338867188
2022-11-15 01:26:56,191 - INFO: global_step=13899, episodic_return=-244.67242431640625
2022-11-15 01:26:56,276 - INFO: global_step=14044, episodic_return=-159.86412048339844
2022-11-15 01:26:56,327 - INFO: global_step=14127, episodic_return=-128.02978515625
2022-11-15 01:26:56,366 - INFO: global_step=14215, episodic_return=-31.194656372070312
2022-11-15 01:26:56,457 - INFO: global_step=14365, episodic_return=-224.42459106445312
2022-11-15 01:26:56,625 - INFO: global_step=14564, episodic_return=-221.31333923339844
2022-11-15 01:26:56,678 - INFO: global_step=14645, episodic_return=-204.77503967285156
2022-11-15 01:26:56,754 - INFO: global_step=14756, episodic_return=-151.2794952392578
2022-11-15 01:26:56,837 - INFO: global_step=14888, episodic_return=-276.1724853515625
2022-11-15 01:26:56,910 - INFO: global_step=14999, episodic_return=1.3365325927734375
2022-11-15 01:26:56,963 - INFO: global_step=15098, episodic_return=-163.11448669433594
2022-11-15 01:26:57,015 - INFO: global_step=15195, episodic_return=-243.08355712890625
2022-11-15 01:26:57,075 - INFO: global_step=15286, episodic_return=-112.88945007324219
2022-11-15 01:26:57,201 - INFO: global_step=15442, episodic_return=-151.978271484375
2022-11-15 01:26:57,275 - INFO: global_step=15589, episodic_return=-209.07574462890625
2022-11-15 01:26:57,393 - INFO: global_step=15794, episodic_return=-212.21728515625
2022-11-15 01:26:57,496 - INFO: global_step=15959, episodic_return=-197.9423370361328
2022-11-15 01:26:57,578 - INFO: global_step=16076, episodic_return=-224.6255645751953
2022-11-15 01:26:57,675 - INFO: global_step=16240, episodic_return=-387.72625732421875
2022-11-15 01:26:57,740 - INFO: global_step=16355, episodic_return=-135.8699493408203
2022-11-15 01:26:57,804 - INFO: global_step=16466, episodic_return=-25.567398071289062
2022-11-15 01:26:57,904 - INFO: global_step=16633, episodic_return=-120.49874877929688
2022-11-15 01:26:57,951 - INFO: global_step=16730, episodic_return=-259.1568908691406
2022-11-15 01:26:58,034 - INFO: global_step=16861, episodic_return=-222.5113067626953
2022-11-15 01:26:58,102 - INFO: global_step=16979, episodic_return=-492.6459655761719
2022-11-15 01:26:58,220 - INFO: global_step=17157, episodic_return=-387.3612365722656
2022-11-15 01:26:58,322 - INFO: global_step=17333, episodic_return=-22.77642822265625
2022-11-15 01:26:58,383 - INFO: global_step=17428, episodic_return=-54.35299301147461
2022-11-15 01:26:58,468 - INFO: global_step=17544, episodic_return=-56.57035446166992
2022-11-15 01:26:58,548 - INFO: global_step=17642, episodic_return=7.895256042480469
2022-11-15 01:26:58,767 - INFO: global_step=17810, episodic_return=-183.90365600585938
2022-11-15 01:26:58,881 - INFO: global_step=17914, episodic_return=-35.92267608642578
2022-11-15 01:26:58,995 - INFO: global_step=18066, episodic_return=-171.15606689453125
2022-11-15 01:26:59,177 - INFO: global_step=18288, episodic_return=-84.94281005859375
2022-11-15 01:26:59,325 - INFO: global_step=18463, episodic_return=-209.1682586669922
2022-11-15 01:26:59,491 - INFO: global_step=18685, episodic_return=-89.97615814208984
2022-11-15 01:26:59,559 - INFO: global_step=18802, episodic_return=-154.7759246826172
2022-11-15 01:26:59,770 - INFO: global_step=19029, episodic_return=7.636138916015625
2022-11-15 01:26:59,856 - INFO: global_step=19164, episodic_return=-92.86986541748047
2022-11-15 01:26:59,919 - INFO: global_step=19265, episodic_return=-15.074951171875
2022-11-15 01:27:00,086 - INFO: global_step=19478, episodic_return=-131.37478637695312
2022-11-15 01:27:00,172 - INFO: global_step=19635, episodic_return=-138.1128387451172
2022-11-15 01:27:00,272 - INFO: global_step=19767, episodic_return=-138.030029296875
2022-11-15 01:27:00,397 - INFO: global_step=19924, episodic_return=-142.34521484375
2022-11-15 01:27:00,451 - INFO: global_step=20026, episodic_return=-71.48307037353516
2022-11-15 01:27:00,518 - INFO: global_step=20125, episodic_return=-17.820457458496094
2022-11-15 01:27:00,671 - INFO: global_step=20322, episodic_return=7.573005676269531
2022-11-15 01:27:00,769 - INFO: global_step=20429, episodic_return=-325.61224365234375
2022-11-15 01:27:00,965 - INFO: global_step=20553, episodic_return=-136.66531372070312
2022-11-15 01:27:01,265 - INFO: global_step=20789, episodic_return=-117.89240264892578
2022-11-15 01:27:01,345 - INFO: global_step=20909, episodic_return=-110.5997314453125
2022-11-15 01:27:01,502 - INFO: global_step=21092, episodic_return=-58.584938049316406
2022-11-15 01:27:01,572 - INFO: global_step=21193, episodic_return=-79.7981185913086
2022-11-15 01:27:01,674 - INFO: global_step=21364, episodic_return=-101.57688903808594
2022-11-15 01:27:01,745 - INFO: global_step=21464, episodic_return=4.982658386230469
2022-11-15 01:27:01,855 - INFO: global_step=21615, episodic_return=-41.11180114746094
2022-11-15 01:27:01,935 - INFO: global_step=21726, episodic_return=-47.59370803833008
2022-11-15 01:27:02,031 - INFO: global_step=21867, episodic_return=-31.322509765625
2022-11-15 01:27:02,130 - INFO: global_step=22016, episodic_return=16.62908935546875
2022-11-15 01:27:02,191 - INFO: global_step=22105, episodic_return=-59.4079704284668
2022-11-15 01:27:02,355 - INFO: global_step=22316, episodic_return=-182.80455017089844
2022-11-15 01:27:02,417 - INFO: global_step=22451, episodic_return=7.958763122558594
2022-11-15 01:27:02,488 - INFO: global_step=22588, episodic_return=-84.25638580322266
2022-11-15 01:27:02,649 - INFO: global_step=22807, episodic_return=-10.953964233398438
2022-11-15 01:27:02,859 - INFO: global_step=23048, episodic_return=-236.61270141601562
2022-11-15 01:27:02,938 - INFO: global_step=23151, episodic_return=-395.5422058105469
2022-11-15 01:27:02,995 - INFO: global_step=23238, episodic_return=-296.6723327636719
2022-11-15 01:27:03,071 - INFO: global_step=23326, episodic_return=-417.2948303222656
2022-11-15 01:27:03,133 - INFO: global_step=23417, episodic_return=-489.4151611328125
2022-11-15 01:27:03,279 - INFO: global_step=23605, episodic_return=-179.97491455078125
2022-11-15 01:27:03,368 - INFO: global_step=23766, episodic_return=-91.42457580566406
2022-11-15 01:27:03,455 - INFO: global_step=23895, episodic_return=-129.92694091796875
2022-11-15 01:27:03,508 - INFO: global_step=23986, episodic_return=-57.36507034301758
2022-11-15 01:27:03,569 - INFO: global_step=24099, episodic_return=-192.2222900390625
2022-11-15 01:27:03,619 - INFO: global_step=24208, episodic_return=-246.10189819335938
2022-11-15 01:27:03,671 - INFO: global_step=24304, episodic_return=-59.50970458984375
2022-11-15 01:27:03,731 - INFO: global_step=24405, episodic_return=-34.19465637207031
2022-11-15 01:27:03,821 - INFO: global_step=24544, episodic_return=-168.615478515625
2022-11-15 01:27:03,941 - INFO: global_step=24713, episodic_return=-25.861663818359375
2022-11-15 01:27:04,050 - INFO: global_step=24890, episodic_return=-146.9461669921875
2022-11-15 01:27:04,115 - INFO: global_step=24998, episodic_return=-21.035621643066406
2022-11-15 01:27:04,195 - INFO: global_step=25105, episodic_return=-286.1666259765625
2022-11-15 01:27:04,283 - INFO: global_step=25237, episodic_return=-148.67994689941406
2022-11-15 01:27:04,529 - INFO: global_step=25517, episodic_return=-113.6358413696289
2022-11-15 01:27:04,611 - INFO: global_step=25659, episodic_return=-89.8147201538086
2022-11-15 01:27:04,774 - INFO: global_step=25865, episodic_return=-76.71502685546875
2022-11-15 01:27:04,976 - INFO: global_step=26136, episodic_return=-112.5035629272461
2022-11-15 01:27:05,281 - INFO: global_step=26431, episodic_return=-209.24017333984375
2022-11-15 01:27:05,466 - INFO: global_step=26648, episodic_return=-165.72012329101562
2022-11-15 01:27:05,782 - INFO: global_step=27015, episodic_return=-13.227424621582031
2022-11-15 01:27:05,950 - INFO: global_step=27246, episodic_return=-180.05990600585938
2022-11-15 01:27:06,442 - INFO: global_step=27675, episodic_return=-151.21832275390625
2022-11-15 01:27:06,915 - INFO: global_step=28105, episodic_return=-114.81059265136719
2022-11-15 01:27:07,039 - INFO: global_step=28284, episodic_return=-224.24270629882812
2022-11-15 01:27:07,221 - INFO: global_step=28547, episodic_return=-128.01138305664062
2022-11-15 01:27:07,364 - INFO: global_step=28739, episodic_return=-105.14179992675781
2022-11-15 01:27:07,458 - INFO: global_step=28864, episodic_return=-188.5441436767578
2022-11-15 01:27:07,767 - INFO: global_step=29214, episodic_return=-278.9436950683594
2022-11-15 01:27:07,973 - INFO: global_step=29454, episodic_return=-161.26849365234375
2022-11-15 01:27:08,294 - INFO: global_step=29774, episodic_return=-249.7825164794922
2022-11-15 01:27:10,588 - INFO: global_step=30774, episodic_return=-89.49887084960938
2022-11-15 01:27:12,713 - INFO: global_step=31774, episodic_return=-144.08651733398438
2022-11-15 01:27:14,330 - INFO: global_step=32774, episodic_return=-67.14298248291016
2022-11-15 01:27:14,594 - INFO: global_step=33066, episodic_return=-181.6083984375
2022-11-15 01:27:16,639 - INFO: global_step=34066, episodic_return=-52.68840789794922
2022-11-15 01:27:17,632 - INFO: global_step=34848, episodic_return=91.21815490722656
2022-11-15 01:27:18,131 - INFO: global_step=35274, episodic_return=-131.39013671875
2022-11-15 01:27:18,388 - INFO: global_step=35545, episodic_return=-164.0387420654297
2022-11-15 01:27:18,642 - INFO: global_step=35832, episodic_return=-58.57649230957031
2022-11-15 01:27:19,224 - INFO: global_step=36377, episodic_return=-152.06895446777344
2022-11-15 01:27:19,510 - INFO: global_step=36680, episodic_return=-59.50408172607422
2022-11-15 01:27:21,227 - INFO: global_step=37680, episodic_return=-8.636260986328125
2022-11-15 01:27:22,964 - INFO: global_step=38680, episodic_return=-45.38999938964844
2022-11-15 01:27:24,464 - INFO: global_step=39680, episodic_return=-38.71919250488281
2022-11-15 01:27:26,297 - INFO: global_step=40680, episodic_return=-83.08808898925781
2022-11-15 01:27:27,743 - INFO: global_step=41680, episodic_return=-77.07284545898438
2022-11-15 01:27:29,200 - INFO: global_step=42680, episodic_return=-53.14414978027344
2022-11-15 01:27:31,121 - INFO: global_step=43680, episodic_return=-16.844514846801758
2022-11-15 01:27:32,876 - INFO: global_step=44680, episodic_return=-67.13127899169922
2022-11-15 01:27:35,754 - INFO: global_step=45680, episodic_return=-125.04486083984375
2022-11-15 01:27:38,362 - INFO: global_step=46680, episodic_return=-101.0784683227539
2022-11-15 01:27:39,994 - INFO: global_step=47680, episodic_return=-103.03174591064453
2022-11-15 01:27:42,483 - INFO: global_step=48680, episodic_return=-79.33527374267578
2022-11-15 01:27:44,297 - INFO: global_step=49680, episodic_return=-118.36866760253906
2022-11-15 01:27:46,785 - INFO: global_step=50680, episodic_return=-106.27786254882812
2022-11-15 01:27:48,466 - INFO: global_step=51680, episodic_return=-116.8494644165039
2022-11-15 01:27:50,206 - INFO: global_step=52680, episodic_return=-93.4976577758789
2022-11-15 01:27:52,076 - INFO: global_step=53680, episodic_return=-136.33555603027344
2022-11-15 01:27:53,744 - INFO: global_step=54680, episodic_return=-78.1642837524414
2022-11-15 01:27:55,647 - INFO: global_step=55680, episodic_return=-127.46566772460938
2022-11-15 01:27:57,759 - INFO: global_step=56680, episodic_return=-112.90628814697266
2022-11-15 01:27:59,863 - INFO: global_step=57680, episodic_return=-156.0884246826172
2022-11-15 01:28:02,208 - INFO: global_step=58680, episodic_return=-103.79325103759766
2022-11-15 01:28:04,907 - INFO: global_step=59680, episodic_return=-113.50008392333984
2022-11-15 01:28:07,250 - INFO: global_step=60680, episodic_return=-130.02749633789062
2022-11-15 01:28:09,102 - INFO: global_step=61680, episodic_return=-126.78278350830078
2022-11-15 01:28:11,451 - INFO: global_step=62680, episodic_return=-155.23683166503906
2022-11-15 01:28:11,692 - INFO: global_step=62934, episodic_return=-457.8627624511719
2022-11-15 01:28:13,102 - INFO: global_step=63934, episodic_return=-114.20796203613281
2022-11-15 01:28:15,072 - INFO: global_step=64934, episodic_return=-121.0201416015625
2022-11-15 01:28:16,957 - INFO: global_step=65934, episodic_return=-104.31620025634766
2022-11-15 01:28:19,374 - INFO: global_step=66934, episodic_return=-119.98004150390625
2022-11-15 01:28:21,406 - INFO: global_step=67934, episodic_return=-102.3397445678711
2022-11-15 01:28:23,173 - INFO: global_step=68934, episodic_return=-115.50675201416016
2022-11-15 01:28:26,076 - INFO: global_step=69934, episodic_return=-130.11529541015625
2022-11-15 01:28:27,967 - INFO: global_step=70934, episodic_return=-116.21549224853516
2022-11-15 01:28:30,347 - INFO: global_step=71934, episodic_return=-80.31732940673828
2022-11-15 01:28:30,935 - INFO: global_step=72312, episodic_return=-212.15106201171875
2022-11-15 01:28:32,697 - INFO: global_step=73312, episodic_return=-85.98774719238281
2022-11-15 01:28:34,423 - INFO: global_step=74312, episodic_return=-103.19756317138672
2022-11-15 01:28:36,751 - INFO: global_step=75312, episodic_return=-131.58688354492188
2022-11-15 01:28:38,788 - INFO: global_step=76312, episodic_return=-120.86186981201172
2022-11-15 01:28:41,487 - INFO: global_step=77312, episodic_return=-92.66075134277344
2022-11-15 01:28:43,517 - INFO: global_step=78312, episodic_return=-86.32992553710938
2022-11-15 01:28:45,774 - INFO: global_step=79312, episodic_return=-118.72307586669922
2022-11-15 01:28:47,832 - INFO: global_step=80312, episodic_return=-82.62416076660156
2022-11-15 01:28:50,160 - INFO: global_step=81312, episodic_return=-83.95243072509766
2022-11-15 01:28:52,277 - INFO: global_step=82312, episodic_return=-123.41271209716797
2022-11-15 01:28:53,925 - INFO: global_step=83312, episodic_return=-105.1624755859375
2022-11-15 01:28:55,896 - INFO: global_step=84312, episodic_return=-111.45098114013672
2022-11-15 01:28:56,433 - INFO: global_step=84695, episodic_return=-301.05206298828125
2022-11-15 01:28:58,566 - INFO: global_step=85695, episodic_return=-120.34524536132812
2022-11-15 01:28:58,945 - INFO: global_step=86046, episodic_return=-246.859375
2022-11-15 01:28:59,292 - INFO: global_step=86377, episodic_return=-278.010009765625
2022-11-15 01:28:59,576 - INFO: global_step=86665, episodic_return=-322.32568359375
2022-11-15 01:29:01,871 - INFO: global_step=87665, episodic_return=-127.45964050292969
2022-11-15 01:29:04,165 - INFO: global_step=88665, episodic_return=-39.237060546875
2022-11-15 01:29:06,085 - INFO: global_step=89665, episodic_return=-118.92320251464844
2022-11-15 01:29:08,049 - INFO: global_step=90665, episodic_return=-112.63311004638672
2022-11-15 01:29:10,491 - INFO: global_step=91665, episodic_return=-54.24125289916992
2022-11-15 01:29:12,347 - INFO: global_step=92665, episodic_return=-143.14791870117188
2022-11-15 01:29:12,719 - INFO: global_step=93007, episodic_return=-87.6527099609375
2022-11-15 01:29:14,645 - INFO: global_step=94007, episodic_return=-140.8880157470703
2022-11-15 01:29:16,546 - INFO: global_step=95007, episodic_return=-126.85977172851562
2022-11-15 01:29:18,141 - INFO: global_step=96007, episodic_return=-86.09648895263672
2022-11-15 01:29:20,700 - INFO: global_step=97007, episodic_return=-65.98968505859375
2022-11-15 01:29:22,750 - INFO: global_step=98007, episodic_return=-75.3022232055664
2022-11-15 01:29:25,114 - INFO: global_step=99007, episodic_return=-117.4782943725586
2022-11-15 01:29:25,561 - INFO: global_step=99375, episodic_return=-203.04747009277344
2022-11-15 01:29:27,341 - INFO: global_step=100375, episodic_return=-115.22395324707031
2022-11-15 01:29:30,189 - INFO: global_step=101375, episodic_return=-135.30093383789062
2022-11-15 01:29:32,535 - INFO: global_step=102375, episodic_return=-92.35227966308594
2022-11-15 01:29:34,947 - INFO: global_step=103375, episodic_return=-147.7292022705078
2022-11-15 01:29:35,253 - INFO: global_step=103633, episodic_return=-268.7415466308594
2022-11-15 01:29:37,833 - INFO: global_step=104633, episodic_return=-135.67967224121094
2022-11-15 01:29:38,031 - INFO: global_step=104852, episodic_return=-197.53533935546875
2022-11-15 01:29:39,955 - INFO: global_step=105852, episodic_return=-111.75147247314453
2022-11-15 01:29:40,166 - INFO: global_step=106089, episodic_return=-243.58920288085938
2022-11-15 01:29:42,907 - INFO: global_step=107089, episodic_return=-134.681884765625
2022-11-15 01:29:44,678 - INFO: global_step=108089, episodic_return=-119.82649230957031
2022-11-15 01:29:46,873 - INFO: global_step=109089, episodic_return=-169.40286254882812
2022-11-15 01:29:47,496 - INFO: global_step=109535, episodic_return=225.8795623779297
2022-11-15 01:29:49,554 - INFO: global_step=110535, episodic_return=-138.02085876464844
2022-11-15 01:29:49,786 - INFO: global_step=110781, episodic_return=-101.46564483642578
2022-11-15 01:29:50,088 - INFO: global_step=111081, episodic_return=-52.768272399902344
2022-11-15 01:29:50,325 - INFO: global_step=111298, episodic_return=-221.5072021484375
2022-11-15 01:29:50,661 - INFO: global_step=111586, episodic_return=-71.53895568847656
2022-11-15 01:29:50,996 - INFO: global_step=111855, episodic_return=-188.6795654296875
2022-11-15 01:29:52,892 - INFO: global_step=112855, episodic_return=-101.20140075683594
2022-11-15 01:29:53,094 - INFO: global_step=113063, episodic_return=-196.67446899414062
2022-11-15 01:29:53,323 - INFO: global_step=113300, episodic_return=15.789451599121094
2022-11-15 01:29:53,477 - INFO: global_step=113470, episodic_return=-167.94503784179688
2022-11-15 01:29:54,611 - INFO: global_step=113654, episodic_return=-56.53736877441406
2022-11-15 01:29:54,783 - INFO: global_step=113864, episodic_return=-208.53565979003906
2022-11-15 01:29:57,716 - INFO: global_step=114864, episodic_return=-117.14765930175781
2022-11-15 01:29:58,111 - INFO: global_step=115128, episodic_return=-79.89787292480469
2022-11-15 01:30:00,122 - INFO: global_step=116128, episodic_return=-151.5752410888672
2022-11-15 01:30:00,378 - INFO: global_step=116388, episodic_return=-59.93846893310547
2022-11-15 01:30:00,724 - INFO: global_step=116717, episodic_return=-0.33045196533203125
2022-11-15 01:30:01,121 - INFO: global_step=117082, episodic_return=-106.7353515625
2022-11-15 01:30:02,965 - INFO: global_step=118082, episodic_return=-108.54637908935547
2022-11-15 01:30:05,524 - INFO: global_step=119082, episodic_return=-116.46595001220703
2022-11-15 01:30:08,036 - INFO: global_step=120082, episodic_return=-135.74435424804688
2022-11-15 01:30:10,872 - INFO: global_step=121082, episodic_return=-81.14803314208984
2022-11-15 01:30:13,489 - INFO: global_step=122082, episodic_return=-138.6764373779297
2022-11-15 01:30:15,654 - INFO: global_step=123082, episodic_return=-99.69332122802734
2022-11-15 01:30:17,959 - INFO: global_step=124082, episodic_return=-132.5084228515625
2022-11-15 01:30:18,213 - INFO: global_step=124332, episodic_return=-78.8831787109375
2022-11-15 01:30:18,465 - INFO: global_step=124581, episodic_return=-87.48352813720703
2022-11-15 01:30:21,085 - INFO: global_step=125581, episodic_return=-105.81341552734375
2022-11-15 01:30:23,172 - INFO: global_step=126581, episodic_return=-82.76795196533203
2022-11-15 01:30:26,048 - INFO: global_step=127581, episodic_return=-132.86041259765625
2022-11-15 01:30:26,482 - INFO: global_step=127898, episodic_return=-37.38140106201172
2022-11-15 01:30:29,026 - INFO: global_step=128898, episodic_return=-154.46153259277344
2022-11-15 01:30:31,014 - INFO: global_step=129898, episodic_return=-116.91590118408203
2022-11-15 01:30:33,327 - INFO: global_step=130898, episodic_return=-123.78414916992188
2022-11-15 01:30:34,146 - INFO: global_step=131441, episodic_return=2.2687149047851562
2022-11-15 01:30:35,867 - INFO: global_step=132441, episodic_return=-129.0845489501953
2022-11-15 01:30:36,121 - INFO: global_step=132694, episodic_return=-36.93164825439453
2022-11-15 01:30:37,771 - INFO: global_step=133694, episodic_return=-147.52684020996094
2022-11-15 01:30:38,358 - INFO: global_step=134129, episodic_return=-33.139503479003906
2022-11-15 01:30:38,732 - INFO: global_step=134483, episodic_return=-95.2281723022461
2022-11-15 01:30:39,315 - INFO: global_step=134923, episodic_return=-256.6364440917969
2022-11-15 01:30:41,531 - INFO: global_step=135923, episodic_return=-114.3570785522461
2022-11-15 01:30:41,935 - INFO: global_step=136235, episodic_return=-86.7937240600586
2022-11-15 01:30:42,421 - INFO: global_step=136615, episodic_return=-243.6330108642578
2022-11-15 01:30:44,894 - INFO: global_step=137615, episodic_return=-124.05440521240234
2022-11-15 01:30:45,601 - INFO: global_step=138122, episodic_return=-238.7930908203125
2022-11-15 01:30:48,162 - INFO: global_step=139122, episodic_return=-155.15232849121094
2022-11-15 01:30:48,536 - INFO: global_step=139414, episodic_return=-217.1815948486328
2022-11-15 01:30:48,937 - INFO: global_step=139717, episodic_return=-369.1461181640625
2022-11-15 01:30:49,314 - INFO: global_step=140020, episodic_return=-43.37937545776367
2022-11-15 01:30:51,009 - INFO: global_step=141013, episodic_return=-220.9313507080078
2022-11-15 01:30:53,685 - INFO: global_step=142013, episodic_return=-144.73306274414062
2022-11-15 01:30:54,307 - INFO: global_step=142499, episodic_return=-315.30126953125
2022-11-15 01:30:56,246 - INFO: global_step=143499, episodic_return=-101.35530853271484
2022-11-15 01:30:56,635 - INFO: global_step=143808, episodic_return=-154.13705444335938
2022-11-15 01:30:57,351 - INFO: global_step=144186, episodic_return=-78.97171783447266
2022-11-15 01:30:58,653 - INFO: global_step=145146, episodic_return=-227.44937133789062
2022-11-15 01:31:00,218 - INFO: global_step=146146, episodic_return=-47.993919372558594
2022-11-15 01:31:02,780 - INFO: global_step=147146, episodic_return=-161.84075927734375
2022-11-15 01:31:04,543 - INFO: global_step=148146, episodic_return=-128.22926330566406
2022-11-15 01:31:06,266 - INFO: global_step=149146, episodic_return=-110.27135467529297
2022-11-15 01:31:08,433 - INFO: global_step=150146, episodic_return=-112.6698989868164
2022-11-15 01:31:11,597 - INFO: global_step=151146, episodic_return=-103.32633972167969
2022-11-15 01:31:14,460 - INFO: global_step=152146, episodic_return=-114.30647277832031
2022-11-15 01:31:16,936 - INFO: global_step=153146, episodic_return=-177.43186950683594
2022-11-15 01:31:19,864 - INFO: global_step=154146, episodic_return=-134.14297485351562
2022-11-15 01:31:21,575 - INFO: global_step=155146, episodic_return=-138.50802612304688
2022-11-15 01:31:23,868 - INFO: global_step=156146, episodic_return=-128.5243377685547
2022-11-15 01:31:26,803 - INFO: global_step=157146, episodic_return=-126.04610443115234
2022-11-15 01:31:28,846 - INFO: global_step=158146, episodic_return=-170.38792419433594
2022-11-15 01:31:30,726 - INFO: global_step=159146, episodic_return=-124.52218627929688
2022-11-15 01:31:33,042 - INFO: global_step=160146, episodic_return=-102.06108093261719
2022-11-15 01:31:34,863 - INFO: global_step=161146, episodic_return=-177.05770874023438
2022-11-15 01:31:37,120 - INFO: global_step=162146, episodic_return=-164.9296417236328
2022-11-15 01:31:39,520 - INFO: global_step=163146, episodic_return=-164.91123962402344
2022-11-15 01:31:41,197 - INFO: global_step=164146, episodic_return=-150.31166076660156
2022-11-15 01:31:43,940 - INFO: global_step=165146, episodic_return=-160.4940948486328
2022-11-15 01:31:45,908 - INFO: global_step=166146, episodic_return=-184.38906860351562
2022-11-15 01:31:47,451 - INFO: global_step=167146, episodic_return=-132.95037841796875
2022-11-15 01:31:49,219 - INFO: global_step=168146, episodic_return=-163.16171264648438
2022-11-15 01:31:51,204 - INFO: global_step=169146, episodic_return=-143.80064392089844
2022-11-15 01:31:53,281 - INFO: global_step=170146, episodic_return=-164.63633728027344
2022-11-15 01:31:55,244 - INFO: global_step=171146, episodic_return=-161.6422882080078
2022-11-15 01:31:58,233 - INFO: global_step=172146, episodic_return=-165.9110870361328
2022-11-15 01:32:00,133 - INFO: global_step=173146, episodic_return=-139.91114807128906
2022-11-15 01:32:03,339 - INFO: global_step=174146, episodic_return=-174.62045288085938
2022-11-15 01:32:05,514 - INFO: global_step=175146, episodic_return=-177.25875854492188
2022-11-15 01:32:07,526 - INFO: global_step=176146, episodic_return=-110.69170379638672
2022-11-15 01:32:09,675 - INFO: global_step=177146, episodic_return=-195.70443725585938
2022-11-15 01:32:12,284 - INFO: global_step=178146, episodic_return=-179.51966857910156
2022-11-15 01:32:14,022 - INFO: global_step=179146, episodic_return=-156.93528747558594
2022-11-15 01:32:16,040 - INFO: global_step=180146, episodic_return=-177.3623046875
2022-11-15 01:32:17,145 - INFO: global_step=180819, episodic_return=-238.87225341796875
2022-11-15 01:32:19,328 - INFO: global_step=181819, episodic_return=-141.43621826171875
2022-11-15 01:32:21,216 - INFO: global_step=182819, episodic_return=-204.4989776611328
2022-11-15 01:32:23,569 - INFO: global_step=183819, episodic_return=-170.2824249267578
2022-11-15 01:32:25,795 - INFO: global_step=184819, episodic_return=-157.06298828125
2022-11-15 01:32:27,582 - INFO: global_step=185819, episodic_return=-135.96334838867188
2022-11-15 01:32:29,097 - INFO: global_step=186819, episodic_return=-153.21128845214844
2022-11-15 01:32:31,028 - INFO: global_step=187819, episodic_return=-152.7981414794922
2022-11-15 01:32:32,737 - INFO: global_step=188819, episodic_return=-163.31773376464844
2022-11-15 01:32:34,794 - INFO: global_step=189819, episodic_return=-142.6195068359375
2022-11-15 01:32:36,602 - INFO: global_step=190819, episodic_return=-170.79498291015625
2022-11-15 01:32:38,277 - INFO: global_step=191819, episodic_return=-160.70375061035156
2022-11-15 01:32:38,441 - INFO: global_step=191994, episodic_return=-108.75629425048828
2022-11-15 01:32:40,415 - INFO: global_step=192994, episodic_return=-189.90582275390625
2022-11-15 01:32:42,732 - INFO: global_step=193994, episodic_return=-149.78944396972656
2022-11-15 01:32:44,563 - INFO: global_step=194994, episodic_return=-164.62579345703125
2022-11-15 01:32:46,462 - INFO: global_step=195994, episodic_return=-189.2552490234375
2022-11-15 01:32:46,652 - INFO: global_step=196214, episodic_return=-112.87428283691406
2022-11-15 01:32:49,158 - INFO: global_step=197214, episodic_return=-180.00869750976562
2022-11-15 01:32:51,497 - INFO: global_step=198214, episodic_return=-148.30606079101562
2022-11-15 01:32:51,641 - INFO: global_step=198371, episodic_return=-174.62722778320312
2022-11-15 01:32:53,740 - INFO: global_step=199371, episodic_return=-142.94366455078125
2022-11-15 01:32:56,229 - INFO: global_step=200371, episodic_return=-171.63487243652344
2022-11-15 01:32:58,208 - INFO: global_step=201371, episodic_return=-161.70028686523438
2022-11-15 01:33:00,098 - INFO: global_step=202371, episodic_return=-134.49493408203125
2022-11-15 01:33:02,458 - INFO: global_step=203371, episodic_return=-115.95134735107422
2022-11-15 01:33:05,241 - INFO: global_step=204371, episodic_return=-152.27200317382812
2022-11-15 01:33:05,354 - INFO: global_step=204497, episodic_return=-186.66748046875
2022-11-15 01:33:08,050 - INFO: global_step=205497, episodic_return=-176.21160888671875
2022-11-15 01:33:09,921 - INFO: global_step=206497, episodic_return=-195.27687072753906
2022-11-15 01:33:12,375 - INFO: global_step=207497, episodic_return=-156.4984588623047
2022-11-15 01:33:14,089 - INFO: global_step=208497, episodic_return=-154.4457550048828
2022-11-15 01:33:15,894 - INFO: global_step=209497, episodic_return=-172.4246826171875
2022-11-15 01:33:18,097 - INFO: global_step=210497, episodic_return=-181.13438415527344
2022-11-15 01:33:20,404 - INFO: global_step=211497, episodic_return=-198.8328399658203
2022-11-15 01:33:23,013 - INFO: global_step=212497, episodic_return=-184.8489532470703
2022-11-15 01:33:25,691 - INFO: global_step=213497, episodic_return=-141.23342895507812
2022-11-15 01:33:27,309 - INFO: global_step=214497, episodic_return=-159.47193908691406
2022-11-15 01:33:29,722 - INFO: global_step=215497, episodic_return=-122.02536010742188
2022-11-15 01:33:31,607 - INFO: global_step=216497, episodic_return=-154.83934020996094
2022-11-15 01:33:34,135 - INFO: global_step=217497, episodic_return=-138.9533233642578
2022-11-15 01:33:36,666 - INFO: global_step=218497, episodic_return=-134.75347900390625
2022-11-15 01:33:39,074 - INFO: global_step=219497, episodic_return=-142.521728515625
2022-11-15 01:33:41,440 - INFO: global_step=220497, episodic_return=-156.91748046875
2022-11-15 01:33:43,005 - INFO: global_step=221497, episodic_return=-130.3629608154297
2022-11-15 01:33:44,497 - INFO: global_step=222497, episodic_return=-117.35337829589844
2022-11-15 01:33:47,167 - INFO: global_step=223497, episodic_return=-158.50523376464844
2022-11-15 01:33:50,200 - INFO: global_step=224497, episodic_return=-175.18798828125
2022-11-15 01:33:51,713 - INFO: global_step=225497, episodic_return=-113.33634948730469
2022-11-15 01:33:53,405 - INFO: global_step=226497, episodic_return=-163.5135498046875
2022-11-15 01:33:56,137 - INFO: global_step=227497, episodic_return=-177.32298278808594
2022-11-15 01:33:56,332 - INFO: global_step=227728, episodic_return=-170.81124877929688
2022-11-15 01:33:58,231 - INFO: global_step=228728, episodic_return=-160.0882110595703
2022-11-15 01:33:59,140 - INFO: global_step=229350, episodic_return=-258.04010009765625
2022-11-15 01:34:01,075 - INFO: global_step=230350, episodic_return=-159.22354125976562
2022-11-15 01:34:03,529 - INFO: global_step=231350, episodic_return=-177.08303833007812
2022-11-15 01:34:05,641 - INFO: global_step=232350, episodic_return=-174.628662109375
2022-11-15 01:34:07,406 - INFO: global_step=233350, episodic_return=-173.1729278564453
2022-11-15 01:34:09,491 - INFO: global_step=234350, episodic_return=-170.05133056640625
2022-11-15 01:34:11,676 - INFO: global_step=235350, episodic_return=-173.2664337158203
2022-11-15 01:34:13,745 - INFO: global_step=236350, episodic_return=-180.99278259277344
2022-11-15 01:34:15,596 - INFO: global_step=237350, episodic_return=-208.36866760253906
2022-11-15 01:34:17,747 - INFO: global_step=238350, episodic_return=-162.1343536376953
2022-11-15 01:34:17,921 - INFO: global_step=238508, episodic_return=-155.6597442626953
2022-11-15 01:34:19,815 - INFO: global_step=239508, episodic_return=-182.0503387451172
2022-11-15 01:34:21,458 - INFO: global_step=240508, episodic_return=-166.54049682617188
2022-11-15 01:34:23,068 - INFO: global_step=241508, episodic_return=-125.18091583251953
2022-11-15 01:34:25,240 - INFO: global_step=242508, episodic_return=-164.80853271484375
2022-11-15 01:34:27,941 - INFO: global_step=243508, episodic_return=-155.22430419921875
2022-11-15 01:34:30,563 - INFO: global_step=244508, episodic_return=-180.40419006347656
2022-11-15 01:34:32,710 - INFO: global_step=245508, episodic_return=-172.3682098388672
2022-11-15 01:34:34,879 - INFO: global_step=246508, episodic_return=-203.70510864257812
2022-11-15 01:34:36,833 - INFO: global_step=247508, episodic_return=-140.87840270996094
2022-11-15 01:34:39,341 - INFO: global_step=248508, episodic_return=-154.90196228027344
2022-11-15 01:34:41,688 - INFO: global_step=249508, episodic_return=-143.89883422851562
2022-11-15 01:34:43,372 - INFO: global_step=250508, episodic_return=-179.2679901123047
2022-11-15 01:34:45,498 - INFO: global_step=251508, episodic_return=-160.60691833496094
2022-11-15 01:34:47,515 - INFO: global_step=252508, episodic_return=-141.4111328125
2022-11-15 01:34:49,815 - INFO: global_step=253508, episodic_return=-137.1479034423828
2022-11-15 01:34:51,592 - INFO: global_step=254508, episodic_return=-172.84567260742188
2022-11-15 01:34:53,737 - INFO: global_step=255508, episodic_return=-131.21084594726562
2022-11-15 01:34:54,438 - INFO: global_step=256021, episodic_return=-168.896728515625
2022-11-15 01:34:55,057 - INFO: global_step=256498, episodic_return=-166.7235107421875
2022-11-15 01:34:56,747 - INFO: global_step=257498, episodic_return=-153.13958740234375
2022-11-15 01:34:57,582 - INFO: global_step=258101, episodic_return=-210.9243927001953
2022-11-15 01:34:59,413 - INFO: global_step=259101, episodic_return=-176.22166442871094
2022-11-15 01:35:01,951 - INFO: global_step=260101, episodic_return=-183.6482696533203
2022-11-15 01:35:03,853 - INFO: global_step=261101, episodic_return=-174.7482452392578
2022-11-15 01:35:06,179 - INFO: global_step=262101, episodic_return=-152.11378479003906
2022-11-15 01:35:07,773 - INFO: global_step=263101, episodic_return=-145.97097778320312
2022-11-15 01:35:09,913 - INFO: global_step=264101, episodic_return=-159.66351318359375
2022-11-15 01:35:11,629 - INFO: global_step=265033, episodic_return=-261.3315734863281
2022-11-15 01:35:13,540 - INFO: global_step=265961, episodic_return=-295.59783935546875
2022-11-15 01:35:16,371 - INFO: global_step=266961, episodic_return=-181.30662536621094
2022-11-15 01:35:16,463 - INFO: global_step=267087, episodic_return=-121.87255859375
2022-11-15 01:35:18,521 - INFO: global_step=268087, episodic_return=-146.80967712402344
2022-11-15 01:35:20,959 - INFO: global_step=269087, episodic_return=-154.50584411621094
2022-11-15 01:35:22,752 - INFO: global_step=270087, episodic_return=-169.7225341796875
2022-11-15 01:35:24,721 - INFO: global_step=271087, episodic_return=-146.3123321533203
2022-11-15 01:35:25,628 - INFO: global_step=271749, episodic_return=-245.08837890625
2022-11-15 01:35:27,859 - INFO: global_step=272749, episodic_return=-160.62124633789062
2022-11-15 01:35:29,762 - INFO: global_step=273749, episodic_return=-145.25436401367188
2022-11-15 01:35:31,791 - INFO: global_step=274749, episodic_return=-157.42422485351562
2022-11-15 01:35:32,844 - INFO: global_step=275520, episodic_return=-227.01788330078125
2022-11-15 01:35:34,978 - INFO: global_step=276520, episodic_return=-155.11463928222656
2022-11-15 01:35:37,186 - INFO: global_step=277520, episodic_return=-165.7660675048828
2022-11-15 01:35:37,774 - INFO: global_step=277984, episodic_return=-181.14353942871094
2022-11-15 01:35:38,578 - INFO: global_step=278473, episodic_return=-133.6091766357422
2022-11-15 01:35:39,840 - INFO: global_step=279209, episodic_return=-185.79046630859375
2022-11-15 01:35:41,609 - INFO: global_step=280205, episodic_return=-239.6109619140625
2022-11-15 01:35:41,807 - INFO: global_step=280419, episodic_return=-107.5197525024414
2022-11-15 01:35:41,878 - INFO: global_step=280527, episodic_return=-182.53903198242188
2022-11-15 01:35:42,547 - INFO: global_step=280889, episodic_return=-200.27218627929688
2022-11-15 01:35:42,758 - INFO: global_step=281106, episodic_return=-140.03143310546875
2022-11-15 01:35:43,452 - INFO: global_step=281659, episodic_return=-191.590576171875
2022-11-15 01:35:45,261 - INFO: global_step=282659, episodic_return=-160.17860412597656
2022-11-15 01:35:45,379 - INFO: global_step=282808, episodic_return=-115.36724853515625
2022-11-15 01:35:45,919 - INFO: global_step=283239, episodic_return=-143.9587860107422
2022-11-15 01:35:46,300 - INFO: global_step=283559, episodic_return=-205.12496948242188
2022-11-15 01:35:46,683 - INFO: global_step=283931, episodic_return=-129.63670349121094
2022-11-15 01:35:48,477 - INFO: global_step=284931, episodic_return=-162.58184814453125
2022-11-15 01:35:49,348 - INFO: global_step=285581, episodic_return=-244.7340545654297
2022-11-15 01:35:51,428 - INFO: global_step=286581, episodic_return=-199.9281768798828
2022-11-15 01:35:53,451 - INFO: global_step=287581, episodic_return=-184.47457885742188
2022-11-15 01:35:55,712 - INFO: global_step=288581, episodic_return=-166.7303924560547
2022-11-15 01:35:57,792 - INFO: global_step=289581, episodic_return=-183.4560546875
2022-11-15 01:35:59,714 - INFO: global_step=290581, episodic_return=-147.45431518554688
2022-11-15 01:36:01,786 - INFO: global_step=291581, episodic_return=-152.9949951171875
2022-11-15 01:36:03,697 - INFO: global_step=292581, episodic_return=-138.74359130859375
2022-11-15 01:36:05,445 - INFO: global_step=293581, episodic_return=-168.616455078125
2022-11-15 01:36:07,293 - INFO: global_step=294581, episodic_return=-134.69044494628906
2022-11-15 01:36:09,150 - INFO: global_step=295581, episodic_return=-124.18309020996094
2022-11-15 01:36:11,949 - INFO: global_step=296581, episodic_return=-148.8867645263672
2022-11-15 01:36:13,924 - INFO: global_step=297581, episodic_return=-165.770751953125
2022-11-15 01:36:15,797 - INFO: global_step=298581, episodic_return=-160.96810913085938
2022-11-15 01:36:17,966 - INFO: global_step=299581, episodic_return=-116.01448822021484
2022-11-15 01:36:20,090 - INFO: global_step=300581, episodic_return=-135.81991577148438
2022-11-15 01:36:22,560 - INFO: global_step=301581, episodic_return=-107.29059600830078
2022-11-15 01:36:24,830 - INFO: global_step=302581, episodic_return=-134.30197143554688
2022-11-15 01:36:27,035 - INFO: global_step=303581, episodic_return=-172.89080810546875
2022-11-15 01:36:29,143 - INFO: global_step=304581, episodic_return=-161.14874267578125
2022-11-15 01:36:31,113 - INFO: global_step=305581, episodic_return=-201.50894165039062
2022-11-15 01:36:31,192 - INFO: global_step=305684, episodic_return=-159.62576293945312
2022-11-15 01:36:32,783 - INFO: global_step=306684, episodic_return=-136.88809204101562
2022-11-15 01:36:35,503 - INFO: global_step=307684, episodic_return=-161.13131713867188
2022-11-15 01:36:37,165 - INFO: global_step=308684, episodic_return=-133.6680908203125
2022-11-15 01:36:38,889 - INFO: global_step=309684, episodic_return=-176.1751708984375
2022-11-15 01:36:40,781 - INFO: global_step=310684, episodic_return=-141.56556701660156
2022-11-15 01:36:42,467 - INFO: global_step=311684, episodic_return=-164.72389221191406
2022-11-15 01:36:45,472 - INFO: global_step=312684, episodic_return=-157.41294860839844
2022-11-15 01:36:47,420 - INFO: global_step=313684, episodic_return=-139.3970489501953
2022-11-15 01:36:49,740 - INFO: global_step=314684, episodic_return=-128.22096252441406
2022-11-15 01:36:52,729 - INFO: global_step=315684, episodic_return=-168.33407592773438
2022-11-15 01:36:55,000 - INFO: global_step=316684, episodic_return=-131.0714569091797
2022-11-15 01:36:57,105 - INFO: global_step=317684, episodic_return=-140.91110229492188
2022-11-15 01:36:58,916 - INFO: global_step=318684, episodic_return=-99.9250259399414
2022-11-15 01:37:01,415 - INFO: global_step=319684, episodic_return=-153.69668579101562
2022-11-15 01:37:03,248 - INFO: global_step=320684, episodic_return=-178.9165802001953
2022-11-15 01:37:05,022 - INFO: global_step=321684, episodic_return=-122.78850555419922
2022-11-15 01:37:07,187 - INFO: global_step=322684, episodic_return=-162.3366241455078
2022-11-15 01:37:08,926 - INFO: global_step=323684, episodic_return=-151.35009765625
2022-11-15 01:37:11,344 - INFO: global_step=324684, episodic_return=-138.6718292236328
2022-11-15 01:37:14,019 - INFO: global_step=325684, episodic_return=-153.46063232421875
2022-11-15 01:37:16,006 - INFO: global_step=326684, episodic_return=-157.1241912841797
2022-11-15 01:37:18,225 - INFO: global_step=327684, episodic_return=-150.19381713867188
2022-11-15 01:37:20,096 - INFO: global_step=328684, episodic_return=-127.1432113647461
2022-11-15 01:37:22,743 - INFO: global_step=329684, episodic_return=-147.77688598632812
2022-11-15 01:37:25,919 - INFO: global_step=330684, episodic_return=-157.364013671875
2022-11-15 01:37:28,609 - INFO: global_step=331684, episodic_return=-112.34358978271484
2022-11-15 01:37:30,359 - INFO: global_step=332684, episodic_return=-182.0518341064453
2022-11-15 01:37:32,669 - INFO: global_step=333684, episodic_return=-154.2320556640625
2022-11-15 01:37:34,798 - INFO: global_step=334684, episodic_return=-176.78858947753906
2022-11-15 01:37:36,974 - INFO: global_step=335684, episodic_return=-177.30567932128906
2022-11-15 01:37:39,084 - INFO: global_step=336684, episodic_return=-150.54022216796875
2022-11-15 01:37:40,842 - INFO: global_step=337684, episodic_return=-135.74948120117188
2022-11-15 01:37:43,317 - INFO: global_step=338684, episodic_return=-188.50070190429688
2022-11-15 01:37:45,909 - INFO: global_step=339684, episodic_return=-160.14981079101562
2022-11-15 01:37:48,187 - INFO: global_step=340684, episodic_return=-134.46279907226562
2022-11-15 01:37:50,119 - INFO: global_step=341684, episodic_return=-152.7247772216797
2022-11-15 01:37:52,469 - INFO: global_step=342684, episodic_return=-186.217529296875
2022-11-15 01:37:54,331 - INFO: global_step=343684, episodic_return=-184.41822814941406
2022-11-15 01:37:55,864 - INFO: global_step=344684, episodic_return=-165.2176971435547
2022-11-15 01:37:57,841 - INFO: global_step=345684, episodic_return=-187.38380432128906
2022-11-15 01:38:00,175 - INFO: global_step=346684, episodic_return=-164.6328125
2022-11-15 01:38:01,827 - INFO: global_step=347684, episodic_return=-136.7627716064453
2022-11-15 01:38:04,317 - INFO: global_step=348684, episodic_return=-198.9392852783203
2022-11-15 01:38:06,178 - INFO: global_step=349684, episodic_return=-124.3625717163086
2022-11-15 01:38:08,334 - INFO: global_step=350684, episodic_return=-164.96734619140625
2022-11-15 01:38:10,627 - INFO: global_step=351684, episodic_return=-186.90138244628906
2022-11-15 01:38:12,946 - INFO: global_step=352684, episodic_return=-172.56793212890625
2022-11-15 01:38:14,784 - INFO: global_step=353684, episodic_return=-137.0643768310547
2022-11-15 01:38:17,884 - INFO: global_step=354684, episodic_return=-157.83392333984375
2022-11-15 01:38:19,940 - INFO: global_step=355684, episodic_return=-145.31520080566406
2022-11-15 01:38:21,901 - INFO: global_step=356684, episodic_return=-186.16468811035156
2022-11-15 01:38:24,564 - INFO: global_step=357684, episodic_return=-156.75900268554688
2022-11-15 01:38:26,623 - INFO: global_step=358684, episodic_return=-151.74691772460938
2022-11-15 01:38:28,328 - INFO: global_step=359684, episodic_return=-158.8394775390625
2022-11-15 01:38:30,486 - INFO: global_step=360684, episodic_return=-147.6420135498047
2022-11-15 01:38:32,399 - INFO: global_step=361684, episodic_return=-158.28216552734375
2022-11-15 01:38:35,083 - INFO: global_step=362684, episodic_return=-145.98976135253906
2022-11-15 01:38:37,244 - INFO: global_step=363684, episodic_return=-154.51405334472656
2022-11-15 01:38:39,612 - INFO: global_step=364684, episodic_return=-142.2438507080078
2022-11-15 01:38:41,194 - INFO: global_step=365684, episodic_return=-160.95606994628906
2022-11-15 01:38:43,609 - INFO: global_step=366684, episodic_return=-154.31187438964844
2022-11-15 01:38:45,629 - INFO: global_step=367684, episodic_return=-172.42019653320312
2022-11-15 01:38:47,042 - INFO: global_step=368684, episodic_return=-155.81407165527344
2022-11-15 01:38:49,032 - INFO: global_step=369684, episodic_return=-183.05963134765625
2022-11-15 01:38:50,648 - INFO: global_step=370684, episodic_return=-160.31138610839844
2022-11-15 01:38:53,492 - INFO: global_step=371684, episodic_return=-130.4993438720703
2022-11-15 01:38:55,328 - INFO: global_step=372684, episodic_return=-164.08856201171875
2022-11-15 01:38:57,836 - INFO: global_step=373684, episodic_return=-146.53416442871094
2022-11-15 01:39:01,023 - INFO: global_step=374684, episodic_return=-146.0165252685547
2022-11-15 01:39:03,195 - INFO: global_step=375684, episodic_return=-131.87510681152344
2022-11-15 01:39:05,399 - INFO: global_step=376684, episodic_return=-147.69570922851562
2022-11-15 01:39:07,631 - INFO: global_step=377684, episodic_return=-149.13868713378906
2022-11-15 01:39:09,037 - INFO: global_step=378684, episodic_return=-101.87377166748047
2022-11-15 01:39:10,648 - INFO: global_step=379684, episodic_return=-150.05462646484375
2022-11-15 01:39:13,308 - INFO: global_step=380684, episodic_return=-189.50404357910156
2022-11-15 01:39:15,777 - INFO: global_step=381684, episodic_return=-193.6873016357422
2022-11-15 01:39:17,543 - INFO: global_step=382684, episodic_return=-126.48655700683594
2022-11-15 01:39:19,411 - INFO: global_step=383684, episodic_return=-103.8064956665039
2022-11-15 01:39:21,759 - INFO: global_step=384684, episodic_return=-158.3255157470703
2022-11-15 01:39:23,705 - INFO: global_step=385684, episodic_return=-136.0879669189453
2022-11-15 01:39:25,273 - INFO: global_step=386684, episodic_return=-107.51400756835938
2022-11-15 01:39:27,996 - INFO: global_step=387684, episodic_return=-146.2821807861328
2022-11-15 01:39:30,646 - INFO: global_step=388684, episodic_return=-128.3480224609375
2022-11-15 01:39:32,956 - INFO: global_step=389684, episodic_return=-107.4051513671875
2022-11-15 01:39:34,761 - INFO: global_step=390684, episodic_return=-122.8209228515625
2022-11-15 01:39:36,878 - INFO: global_step=391684, episodic_return=-151.89649963378906
2022-11-15 01:39:38,854 - INFO: global_step=392684, episodic_return=-187.20925903320312
2022-11-15 01:39:41,351 - INFO: global_step=393684, episodic_return=-149.7947998046875
2022-11-15 01:39:43,710 - INFO: global_step=394684, episodic_return=-169.319091796875
2022-11-15 01:39:46,064 - INFO: global_step=395684, episodic_return=-131.65011596679688
2022-11-15 01:39:48,233 - INFO: global_step=396684, episodic_return=-170.83120727539062
2022-11-15 01:39:49,955 - INFO: global_step=397684, episodic_return=-151.8025360107422
2022-11-15 01:39:51,603 - INFO: global_step=398684, episodic_return=-114.9736557006836
2022-11-15 01:39:54,186 - INFO: global_step=399684, episodic_return=-128.23199462890625
2022-11-15 01:39:56,425 - INFO: global_step=400684, episodic_return=-133.56134033203125
2022-11-15 01:39:58,435 - INFO: global_step=401684, episodic_return=-93.77159881591797
2022-11-15 01:40:00,723 - INFO: global_step=402684, episodic_return=-123.80113220214844
2022-11-15 01:40:02,595 - INFO: global_step=403684, episodic_return=-166.08840942382812
2022-11-15 01:40:04,250 - INFO: global_step=404684, episodic_return=-158.017822265625
2022-11-15 01:40:05,905 - INFO: global_step=405684, episodic_return=-155.761962890625
2022-11-15 01:40:08,116 - INFO: global_step=406684, episodic_return=-133.63963317871094
2022-11-15 01:40:10,310 - INFO: global_step=407684, episodic_return=-100.05066680908203
2022-11-15 01:40:12,193 - INFO: global_step=408684, episodic_return=-108.34673309326172
2022-11-15 01:40:13,916 - INFO: global_step=409684, episodic_return=-124.99053955078125
2022-11-15 01:40:15,593 - INFO: global_step=410684, episodic_return=-149.3602294921875
2022-11-15 01:40:17,449 - INFO: global_step=411684, episodic_return=-148.72398376464844
2022-11-15 01:40:19,594 - INFO: global_step=412684, episodic_return=-130.40182495117188
2022-11-15 01:40:21,589 - INFO: global_step=413684, episodic_return=-151.62965393066406
2022-11-15 01:40:23,348 - INFO: global_step=414684, episodic_return=-132.52951049804688
2022-11-15 01:40:25,918 - INFO: global_step=415684, episodic_return=-152.5605926513672
2022-11-15 01:40:28,170 - INFO: global_step=416684, episodic_return=-138.677734375
2022-11-15 01:40:30,860 - INFO: global_step=417684, episodic_return=-43.89495849609375
2022-11-15 01:40:32,655 - INFO: global_step=418684, episodic_return=-137.8314971923828
2022-11-15 01:40:34,788 - INFO: global_step=419684, episodic_return=-156.50445556640625
2022-11-15 01:40:37,053 - INFO: global_step=420684, episodic_return=-156.20291137695312
2022-11-15 01:40:39,202 - INFO: global_step=421684, episodic_return=-98.83621978759766
2022-11-15 01:40:41,430 - INFO: global_step=422684, episodic_return=-112.61653137207031
2022-11-15 01:40:44,015 - INFO: global_step=423684, episodic_return=-144.14031982421875
2022-11-15 01:40:46,233 - INFO: global_step=424684, episodic_return=-126.13787078857422
2022-11-15 01:40:48,685 - INFO: global_step=425684, episodic_return=-131.5671844482422
2022-11-15 01:40:50,548 - INFO: global_step=426684, episodic_return=-166.67857360839844
2022-11-15 01:40:52,403 - INFO: global_step=427684, episodic_return=-136.66030883789062
2022-11-15 01:40:54,500 - INFO: global_step=428684, episodic_return=-182.13583374023438
2022-11-15 01:40:57,101 - INFO: global_step=429684, episodic_return=-129.26824951171875
2022-11-15 01:40:58,908 - INFO: global_step=430684, episodic_return=-145.2307586669922
2022-11-15 01:41:01,079 - INFO: global_step=431684, episodic_return=-151.84228515625
2022-11-15 01:41:02,750 - INFO: global_step=432684, episodic_return=-134.32330322265625
2022-11-15 01:41:05,550 - INFO: global_step=433684, episodic_return=-130.88661193847656
2022-11-15 01:41:07,368 - INFO: global_step=434684, episodic_return=-125.12897491455078
2022-11-15 01:41:09,275 - INFO: global_step=435684, episodic_return=-63.63795471191406
2022-11-15 01:41:11,773 - INFO: global_step=436684, episodic_return=-112.89730072021484
2022-11-15 01:41:14,424 - INFO: global_step=437684, episodic_return=-160.60678100585938
2022-11-15 01:41:16,437 - INFO: global_step=438684, episodic_return=-173.87623596191406
2022-11-15 01:41:18,633 - INFO: global_step=439684, episodic_return=-161.36517333984375
2022-11-15 01:41:20,705 - INFO: global_step=440684, episodic_return=-94.03716278076172
2022-11-15 01:41:22,650 - INFO: global_step=441684, episodic_return=-121.549560546875
2022-11-15 01:41:24,539 - INFO: global_step=442684, episodic_return=-106.23687744140625
2022-11-15 01:41:26,999 - INFO: global_step=443684, episodic_return=-146.35842895507812
2022-11-15 01:41:28,673 - INFO: global_step=444684, episodic_return=-95.7369155883789
2022-11-15 01:41:30,863 - INFO: global_step=445684, episodic_return=-148.85540771484375
2022-11-15 01:41:32,827 - INFO: global_step=446684, episodic_return=-132.64910888671875
2022-11-15 01:41:34,819 - INFO: global_step=447684, episodic_return=-145.65219116210938
2022-11-15 01:41:36,648 - INFO: global_step=448684, episodic_return=-165.46356201171875
2022-11-15 01:41:38,903 - INFO: global_step=449684, episodic_return=-128.9694061279297
2022-11-15 01:41:40,886 - INFO: global_step=450684, episodic_return=-129.62161254882812
2022-11-15 01:41:43,025 - INFO: global_step=451684, episodic_return=-46.57770919799805
2022-11-15 01:41:44,455 - INFO: global_step=452684, episodic_return=-100.59894561767578
2022-11-15 01:41:47,209 - INFO: global_step=453684, episodic_return=-130.763427734375
2022-11-15 01:41:49,014 - INFO: global_step=454684, episodic_return=-103.55960845947266
2022-11-15 01:41:50,949 - INFO: global_step=455684, episodic_return=-101.9896469116211
2022-11-15 01:41:53,415 - INFO: global_step=456684, episodic_return=-107.8067855834961
2022-11-15 01:41:55,967 - INFO: global_step=457684, episodic_return=-170.23802185058594
2022-11-15 01:41:58,090 - INFO: global_step=458684, episodic_return=-138.40823364257812
2022-11-15 01:42:01,158 - INFO: global_step=459684, episodic_return=-171.40028381347656
2022-11-15 01:42:03,113 - INFO: global_step=460684, episodic_return=-164.36376953125
2022-11-15 01:42:06,289 - INFO: global_step=461684, episodic_return=-139.04730224609375
2022-11-15 01:42:08,421 - INFO: global_step=462684, episodic_return=-111.60568237304688
2022-11-15 01:42:10,246 - INFO: global_step=463684, episodic_return=-110.7590103149414
2022-11-15 01:42:12,309 - INFO: global_step=464684, episodic_return=-112.85353088378906
2022-11-15 01:42:13,812 - INFO: global_step=465684, episodic_return=-56.487213134765625
2022-11-15 01:42:15,526 - INFO: global_step=466684, episodic_return=-39.79438781738281
2022-11-15 01:42:17,052 - INFO: global_step=467684, episodic_return=-112.31272888183594
2022-11-15 01:42:18,841 - INFO: global_step=468684, episodic_return=-129.5733184814453
2022-11-15 01:42:21,264 - INFO: global_step=469684, episodic_return=-36.01113510131836
2022-11-15 01:42:23,390 - INFO: global_step=470684, episodic_return=-120.12346649169922
2022-11-15 01:42:25,179 - INFO: global_step=471684, episodic_return=-90.73263549804688
2022-11-15 01:42:27,213 - INFO: global_step=472684, episodic_return=-107.27725219726562
2022-11-15 01:42:28,746 - INFO: global_step=473684, episodic_return=-101.9771957397461
2022-11-15 01:42:30,534 - INFO: global_step=474684, episodic_return=-88.12686157226562
2022-11-15 01:42:32,901 - INFO: global_step=475684, episodic_return=-159.77615356445312
2022-11-15 01:42:35,111 - INFO: global_step=476684, episodic_return=-70.71356964111328
2022-11-15 01:42:37,270 - INFO: global_step=477684, episodic_return=-149.0684814453125
2022-11-15 01:42:39,544 - INFO: global_step=478684, episodic_return=-89.00709533691406
2022-11-15 01:42:41,596 - INFO: global_step=479684, episodic_return=-44.50637435913086
2022-11-15 01:42:43,918 - INFO: global_step=480684, episodic_return=-151.7320556640625
2022-11-15 01:42:46,025 - INFO: global_step=481684, episodic_return=-154.97901916503906
2022-11-15 01:42:48,046 - INFO: global_step=482684, episodic_return=-149.36598205566406
2022-11-15 01:42:50,280 - INFO: global_step=483684, episodic_return=-121.683349609375
2022-11-15 01:42:52,076 - INFO: global_step=484684, episodic_return=-4.562894344329834
2022-11-15 01:42:54,615 - INFO: global_step=485684, episodic_return=-140.370849609375
2022-11-15 01:42:56,548 - INFO: global_step=486684, episodic_return=-152.91098022460938
2022-11-15 01:42:58,281 - INFO: global_step=487684, episodic_return=-53.86293411254883
2022-11-15 01:43:00,623 - INFO: global_step=488684, episodic_return=-141.13121032714844
2022-11-15 01:43:02,651 - INFO: global_step=489684, episodic_return=-103.07779693603516
2022-11-15 01:43:04,612 - INFO: global_step=490684, episodic_return=-174.1741943359375
2022-11-15 01:43:07,436 - INFO: global_step=491684, episodic_return=-185.8613739013672
2022-11-15 01:43:09,321 - INFO: global_step=492684, episodic_return=-155.14173889160156
2022-11-15 01:43:11,058 - INFO: global_step=493684, episodic_return=-145.2865753173828
2022-11-15 01:43:12,536 - INFO: global_step=494684, episodic_return=-139.05519104003906
2022-11-15 01:43:14,733 - INFO: global_step=495684, episodic_return=-117.64935302734375
2022-11-15 01:43:17,087 - INFO: global_step=496684, episodic_return=-125.33175659179688
2022-11-15 01:43:19,251 - INFO: global_step=497684, episodic_return=-163.67979431152344
2022-11-15 01:43:22,296 - INFO: global_step=498684, episodic_return=-100.7240982055664
2022-11-15 01:43:24,127 - INFO: global_step=499684, episodic_return=-110.69496154785156
2022-11-15 01:43:24,463 - INFO: The average reward of last 20 steps: -129.56380546092987
