2022-11-15 00:54:21,307 - INFO: +--------------------------+----------------+
| Parameter                | Value          |
+--------------------------+----------------+
| exp_name                 | dqn            |
+--------------------------+----------------+
| seed                     | 42             |
+--------------------------+----------------+
| total_timesteps          | 500000         |
+--------------------------+----------------+
| learning_rate            | 0.001          |
+--------------------------+----------------+
| buffer_size              | 2000           |
+--------------------------+----------------+
| gamma                    | 0.982          |
+--------------------------+----------------+
| target_network_frequency | 50             |
+--------------------------+----------------+
| batch_size               | 128            |
+--------------------------+----------------+
| start_e                  | 0.900          |
+--------------------------+----------------+
| end_e                    | 0              |
+--------------------------+----------------+
| exploration_fraction     | 0.300          |
+--------------------------+----------------+
| learning_starts          | 10000          |
+--------------------------+----------------+
| train_frequency          | 10             |
+--------------------------+----------------+
| env_id                   | LunarLander-v2 |
+--------------------------+----------------+
2022-11-15 00:54:23,695 - INFO: global_step=112, episodic_return=-339.75921630859375
2022-11-15 00:54:23,730 - INFO: global_step=233, episodic_return=-152.68775939941406
2022-11-15 00:54:23,747 - INFO: global_step=299, episodic_return=-109.94239807128906
2022-11-15 00:54:23,778 - INFO: global_step=416, episodic_return=-203.19461059570312
2022-11-15 00:54:23,803 - INFO: global_step=528, episodic_return=-418.8057556152344
2022-11-15 00:54:23,828 - INFO: global_step=639, episodic_return=-153.3179931640625
2022-11-15 00:54:23,842 - INFO: global_step=698, episodic_return=-341.0727233886719
2022-11-15 00:54:23,866 - INFO: global_step=794, episodic_return=-534.4889526367188
2022-11-15 00:54:23,882 - INFO: global_step=860, episodic_return=-326.4289245605469
2022-11-15 00:54:23,904 - INFO: global_step=953, episodic_return=-183.66256713867188
2022-11-15 00:54:23,920 - INFO: global_step=1020, episodic_return=-81.96102905273438
2022-11-15 00:54:23,949 - INFO: global_step=1133, episodic_return=-167.6072540283203
2022-11-15 00:54:23,967 - INFO: global_step=1217, episodic_return=-140.37823486328125
2022-11-15 00:54:23,989 - INFO: global_step=1306, episodic_return=-83.49345397949219
2022-11-15 00:54:24,011 - INFO: global_step=1397, episodic_return=-101.91911315917969
2022-11-15 00:54:24,026 - INFO: global_step=1459, episodic_return=-244.49114990234375
2022-11-15 00:54:24,049 - INFO: global_step=1543, episodic_return=-42.52562713623047
2022-11-15 00:54:24,067 - INFO: global_step=1615, episodic_return=-167.68374633789062
2022-11-15 00:54:24,080 - INFO: global_step=1678, episodic_return=-125.52555084228516
2022-11-15 00:54:24,108 - INFO: global_step=1788, episodic_return=-397.4667663574219
2022-11-15 00:54:24,131 - INFO: global_step=1878, episodic_return=-298.3147888183594
2022-11-15 00:54:24,153 - INFO: global_step=1976, episodic_return=-347.0412292480469
2022-11-15 00:54:24,174 - INFO: global_step=2063, episodic_return=-83.50721740722656
2022-11-15 00:54:24,190 - INFO: global_step=2139, episodic_return=-148.65103149414062
2022-11-15 00:54:24,204 - INFO: global_step=2198, episodic_return=-124.72183227539062
2022-11-15 00:54:24,229 - INFO: global_step=2299, episodic_return=-320.50628662109375
2022-11-15 00:54:24,245 - INFO: global_step=2366, episodic_return=-85.00633239746094
2022-11-15 00:54:24,268 - INFO: global_step=2466, episodic_return=-182.06886291503906
2022-11-15 00:54:24,284 - INFO: global_step=2543, episodic_return=-111.4736328125
2022-11-15 00:54:24,297 - INFO: global_step=2607, episodic_return=-133.11868286132812
2022-11-15 00:54:24,319 - INFO: global_step=2706, episodic_return=-322.5931091308594
2022-11-15 00:54:24,335 - INFO: global_step=2773, episodic_return=-86.7968978881836
2022-11-15 00:54:24,352 - INFO: global_step=2854, episodic_return=30.426040649414062
2022-11-15 00:54:24,370 - INFO: global_step=2917, episodic_return=-86.21778869628906
2022-11-15 00:54:24,389 - INFO: global_step=2983, episodic_return=-75.50908660888672
2022-11-15 00:54:24,408 - INFO: global_step=3052, episodic_return=-293.9744873046875
2022-11-15 00:54:24,427 - INFO: global_step=3129, episodic_return=-122.11653137207031
2022-11-15 00:54:24,449 - INFO: global_step=3202, episodic_return=-319.62335205078125
2022-11-15 00:54:24,466 - INFO: global_step=3273, episodic_return=-61.293827056884766
2022-11-15 00:54:24,490 - INFO: global_step=3377, episodic_return=-31.786598205566406
2022-11-15 00:54:24,506 - INFO: global_step=3453, episodic_return=-172.79251098632812
2022-11-15 00:54:24,517 - INFO: global_step=3510, episodic_return=-88.66946411132812
2022-11-15 00:54:24,537 - INFO: global_step=3595, episodic_return=-116.68771362304688
2022-11-15 00:54:24,551 - INFO: global_step=3660, episodic_return=-88.11965942382812
2022-11-15 00:54:24,579 - INFO: global_step=3775, episodic_return=-196.11212158203125
2022-11-15 00:54:24,597 - INFO: global_step=3849, episodic_return=-126.45065307617188
2022-11-15 00:54:24,621 - INFO: global_step=3950, episodic_return=-121.43701171875
2022-11-15 00:54:24,641 - INFO: global_step=4044, episodic_return=-116.85350036621094
2022-11-15 00:54:24,682 - INFO: global_step=4172, episodic_return=-282.2537536621094
2022-11-15 00:54:24,711 - INFO: global_step=4291, episodic_return=-213.77871704101562
2022-11-15 00:54:24,746 - INFO: global_step=4433, episodic_return=-495.6979675292969
2022-11-15 00:54:24,764 - INFO: global_step=4519, episodic_return=-128.47386169433594
2022-11-15 00:54:24,791 - INFO: global_step=4630, episodic_return=-174.72689819335938
2022-11-15 00:54:24,806 - INFO: global_step=4700, episodic_return=-180.24783325195312
2022-11-15 00:54:24,834 - INFO: global_step=4806, episodic_return=-267.5647888183594
2022-11-15 00:54:24,855 - INFO: global_step=4886, episodic_return=-416.18365478515625
2022-11-15 00:54:24,883 - INFO: global_step=4996, episodic_return=-231.83477783203125
2022-11-15 00:54:24,896 - INFO: global_step=5054, episodic_return=-67.35569763183594
2022-11-15 00:54:24,917 - INFO: global_step=5136, episodic_return=-112.4351806640625
2022-11-15 00:54:24,947 - INFO: global_step=5247, episodic_return=-250.75990295410156
2022-11-15 00:54:24,973 - INFO: global_step=5344, episodic_return=-341.71771240234375
2022-11-15 00:54:24,992 - INFO: global_step=5421, episodic_return=-129.35348510742188
2022-11-15 00:54:25,008 - INFO: global_step=5479, episodic_return=-70.70570373535156
2022-11-15 00:54:25,028 - INFO: global_step=5552, episodic_return=-72.62547302246094
2022-11-15 00:54:25,042 - INFO: global_step=5612, episodic_return=-170.7872314453125
2022-11-15 00:54:25,070 - INFO: global_step=5713, episodic_return=-306.40179443359375
2022-11-15 00:54:25,090 - INFO: global_step=5797, episodic_return=-131.48046875
2022-11-15 00:54:25,110 - INFO: global_step=5865, episodic_return=-261.5934143066406
2022-11-15 00:54:25,126 - INFO: global_step=5936, episodic_return=-89.9177474975586
2022-11-15 00:54:25,142 - INFO: global_step=6011, episodic_return=-145.47604370117188
2022-11-15 00:54:25,164 - INFO: global_step=6113, episodic_return=-46.81135559082031
2022-11-15 00:54:25,187 - INFO: global_step=6217, episodic_return=-129.1324462890625
2022-11-15 00:54:25,201 - INFO: global_step=6281, episodic_return=-98.25527954101562
2022-11-15 00:54:25,250 - INFO: global_step=6418, episodic_return=-399.89556884765625
2022-11-15 00:54:25,298 - INFO: global_step=6535, episodic_return=-136.62071228027344
2022-11-15 00:54:25,322 - INFO: global_step=6603, episodic_return=-106.55889892578125
2022-11-15 00:54:25,359 - INFO: global_step=6733, episodic_return=-192.6558837890625
2022-11-15 00:54:25,378 - INFO: global_step=6808, episodic_return=-404.14813232421875
2022-11-15 00:54:25,401 - INFO: global_step=6914, episodic_return=-379.07196044921875
2022-11-15 00:54:25,414 - INFO: global_step=6981, episodic_return=-88.65299987792969
2022-11-15 00:54:25,431 - INFO: global_step=7051, episodic_return=-1.1197128295898438
2022-11-15 00:54:25,450 - INFO: global_step=7147, episodic_return=-387.0776672363281
2022-11-15 00:54:25,466 - INFO: global_step=7222, episodic_return=-398.7499694824219
2022-11-15 00:54:25,484 - INFO: global_step=7310, episodic_return=-413.09552001953125
2022-11-15 00:54:25,504 - INFO: global_step=7401, episodic_return=-392.8856506347656
2022-11-15 00:54:25,532 - INFO: global_step=7504, episodic_return=-236.37261962890625
2022-11-15 00:54:25,568 - INFO: global_step=7623, episodic_return=-180.24365234375
2022-11-15 00:54:25,594 - INFO: global_step=7703, episodic_return=-207.205322265625
2022-11-15 00:54:25,624 - INFO: global_step=7803, episodic_return=-363.5963439941406
2022-11-15 00:54:25,660 - INFO: global_step=7931, episodic_return=-299.7684020996094
2022-11-15 00:54:25,688 - INFO: global_step=8009, episodic_return=-248.59066772460938
2022-11-15 00:54:25,715 - INFO: global_step=8112, episodic_return=-35.913909912109375
2022-11-15 00:54:25,735 - INFO: global_step=8193, episodic_return=-237.3253631591797
2022-11-15 00:54:25,755 - INFO: global_step=8275, episodic_return=-245.65411376953125
2022-11-15 00:54:25,771 - INFO: global_step=8342, episodic_return=-30.67609405517578
2022-11-15 00:54:25,790 - INFO: global_step=8411, episodic_return=-104.4898681640625
2022-11-15 00:54:25,814 - INFO: global_step=8488, episodic_return=-548.6193237304688
2022-11-15 00:54:25,837 - INFO: global_step=8579, episodic_return=-311.4371337890625
2022-11-15 00:54:25,854 - INFO: global_step=8643, episodic_return=-96.63985443115234
2022-11-15 00:54:25,892 - INFO: global_step=8777, episodic_return=-177.93690490722656
2022-11-15 00:54:25,925 - INFO: global_step=8858, episodic_return=-137.7122802734375
2022-11-15 00:54:25,953 - INFO: global_step=8922, episodic_return=-214.25289916992188
2022-11-15 00:54:25,999 - INFO: global_step=9030, episodic_return=-109.5753402709961
2022-11-15 00:54:26,028 - INFO: global_step=9106, episodic_return=-140.10302734375
2022-11-15 00:54:26,071 - INFO: global_step=9219, episodic_return=-110.7501220703125
2022-11-15 00:54:26,103 - INFO: global_step=9304, episodic_return=-351.1563720703125
2022-11-15 00:54:26,124 - INFO: global_step=9367, episodic_return=-109.53580474853516
2022-11-15 00:54:26,160 - INFO: global_step=9466, episodic_return=-278.7678527832031
2022-11-15 00:54:26,195 - INFO: global_step=9557, episodic_return=-144.5347137451172
2022-11-15 00:54:26,226 - INFO: global_step=9644, episodic_return=-406.85662841796875
2022-11-15 00:54:26,261 - INFO: global_step=9733, episodic_return=-128.030029296875
2022-11-15 00:54:26,304 - INFO: global_step=9855, episodic_return=-206.51657104492188
2022-11-15 00:54:26,336 - INFO: global_step=9942, episodic_return=-493.53326416015625
2022-11-15 00:54:26,374 - INFO: global_step=10058, episodic_return=-427.9747314453125
2022-11-15 00:54:26,410 - INFO: global_step=10155, episodic_return=-316.51055908203125
2022-11-15 00:54:26,442 - INFO: global_step=10236, episodic_return=-149.178955078125
2022-11-15 00:54:26,493 - INFO: global_step=10338, episodic_return=-113.04081726074219
2022-11-15 00:54:26,523 - INFO: global_step=10400, episodic_return=-104.62248992919922
2022-11-15 00:54:26,570 - INFO: global_step=10486, episodic_return=-256.31072998046875
2022-11-15 00:54:26,599 - INFO: global_step=10553, episodic_return=-34.04193878173828
2022-11-15 00:54:26,637 - INFO: global_step=10644, episodic_return=-139.0646209716797
2022-11-15 00:54:26,675 - INFO: global_step=10731, episodic_return=-115.30360412597656
2022-11-15 00:54:26,702 - INFO: global_step=10789, episodic_return=-97.41300201416016
2022-11-15 00:54:26,757 - INFO: global_step=10886, episodic_return=-81.66397094726562
2022-11-15 00:54:26,801 - INFO: global_step=10958, episodic_return=-71.7275161743164
2022-11-15 00:54:26,845 - INFO: global_step=11036, episodic_return=-110.56914520263672
2022-11-15 00:54:26,900 - INFO: global_step=11129, episodic_return=-146.32666015625
2022-11-15 00:54:26,960 - INFO: global_step=11221, episodic_return=-319.26495361328125
2022-11-15 00:54:26,999 - INFO: global_step=11327, episodic_return=-274.8505859375
2022-11-15 00:54:27,040 - INFO: global_step=11437, episodic_return=-219.71702575683594
2022-11-15 00:54:27,070 - INFO: global_step=11504, episodic_return=-104.43955993652344
2022-11-15 00:54:27,111 - INFO: global_step=11594, episodic_return=-76.68795776367188
2022-11-15 00:54:27,154 - INFO: global_step=11682, episodic_return=-83.35688781738281
2022-11-15 00:54:27,219 - INFO: global_step=11804, episodic_return=-162.37591552734375
2022-11-15 00:54:27,252 - INFO: global_step=11880, episodic_return=-114.40234375
2022-11-15 00:54:27,306 - INFO: global_step=11969, episodic_return=-155.7216339111328
2022-11-15 00:54:27,360 - INFO: global_step=12061, episodic_return=-298.7446594238281
2022-11-15 00:54:27,424 - INFO: global_step=12157, episodic_return=-153.53724670410156
2022-11-15 00:54:27,494 - INFO: global_step=12252, episodic_return=-195.81578063964844
2022-11-15 00:54:27,542 - INFO: global_step=12340, episodic_return=-348.4636535644531
2022-11-15 00:54:27,592 - INFO: global_step=12435, episodic_return=-310.0809326171875
2022-11-15 00:54:27,623 - INFO: global_step=12520, episodic_return=-84.85794067382812
2022-11-15 00:54:27,669 - INFO: global_step=12627, episodic_return=-160.98898315429688
2022-11-15 00:54:27,723 - INFO: global_step=12736, episodic_return=-113.64820098876953
2022-11-15 00:54:27,776 - INFO: global_step=12838, episodic_return=-141.37252807617188
2022-11-15 00:54:27,839 - INFO: global_step=12953, episodic_return=-206.6817626953125
2022-11-15 00:54:27,894 - INFO: global_step=13070, episodic_return=-19.694717407226562
2022-11-15 00:54:27,950 - INFO: global_step=13196, episodic_return=-71.95703887939453
2022-11-15 00:54:28,016 - INFO: global_step=13302, episodic_return=-354.7125244140625
2022-11-15 00:54:28,062 - INFO: global_step=13385, episodic_return=-74.13565063476562
2022-11-15 00:54:28,122 - INFO: global_step=13476, episodic_return=-313.3662109375
2022-11-15 00:54:28,190 - INFO: global_step=13606, episodic_return=-86.06758117675781
2022-11-15 00:54:28,258 - INFO: global_step=13750, episodic_return=-307.39715576171875
2022-11-15 00:54:28,309 - INFO: global_step=13834, episodic_return=-108.66526794433594
2022-11-15 00:54:28,441 - INFO: global_step=13975, episodic_return=-130.03231811523438
2022-11-15 00:54:28,504 - INFO: global_step=14095, episodic_return=-188.92376708984375
2022-11-15 00:54:28,571 - INFO: global_step=14229, episodic_return=-199.94671630859375
2022-11-15 00:54:28,607 - INFO: global_step=14304, episodic_return=-77.78408813476562
2022-11-15 00:54:28,674 - INFO: global_step=14396, episodic_return=-138.5583953857422
2022-11-15 00:54:28,763 - INFO: global_step=14513, episodic_return=-180.4599609375
2022-11-15 00:54:28,799 - INFO: global_step=14580, episodic_return=-12.40106201171875
2022-11-15 00:54:28,831 - INFO: global_step=14653, episodic_return=-110.82826232910156
2022-11-15 00:54:28,885 - INFO: global_step=14765, episodic_return=-349.061767578125
2022-11-15 00:54:28,922 - INFO: global_step=14845, episodic_return=-39.47639465332031
2022-11-15 00:54:28,964 - INFO: global_step=14930, episodic_return=-80.69770812988281
2022-11-15 00:54:29,016 - INFO: global_step=15020, episodic_return=-253.02394104003906
2022-11-15 00:54:29,074 - INFO: global_step=15125, episodic_return=-514.1531982421875
2022-11-15 00:54:29,119 - INFO: global_step=15211, episodic_return=-110.55146789550781
2022-11-15 00:54:29,155 - INFO: global_step=15298, episodic_return=-125.1385269165039
2022-11-15 00:54:29,189 - INFO: global_step=15371, episodic_return=-174.26974487304688
2022-11-15 00:54:29,221 - INFO: global_step=15453, episodic_return=-85.30767059326172
2022-11-15 00:54:30,376 - INFO: global_step=16453, episodic_return=56.49394607543945
2022-11-15 00:54:30,419 - INFO: global_step=16534, episodic_return=-90.17670440673828
2022-11-15 00:54:30,462 - INFO: global_step=16641, episodic_return=-88.87306213378906
2022-11-15 00:54:30,500 - INFO: global_step=16722, episodic_return=-54.52836227416992
2022-11-15 00:54:30,555 - INFO: global_step=16808, episodic_return=-62.599910736083984
2022-11-15 00:54:30,655 - INFO: global_step=16948, episodic_return=-141.43881225585938
2022-11-15 00:54:30,736 - INFO: global_step=17071, episodic_return=-584.7384033203125
2022-11-15 00:54:30,769 - INFO: global_step=17140, episodic_return=-83.49153137207031
2022-11-15 00:54:30,833 - INFO: global_step=17259, episodic_return=-216.56146240234375
2022-11-15 00:54:30,919 - INFO: global_step=17409, episodic_return=-218.1170196533203
2022-11-15 00:54:30,995 - INFO: global_step=17545, episodic_return=-347.07794189453125
2022-11-15 00:54:31,066 - INFO: global_step=17684, episodic_return=-266.8717956542969
2022-11-15 00:54:31,128 - INFO: global_step=17839, episodic_return=-227.30514526367188
2022-11-15 00:54:31,175 - INFO: global_step=17956, episodic_return=-392.639892578125
2022-11-15 00:54:31,216 - INFO: global_step=18029, episodic_return=-11.914535522460938
2022-11-15 00:54:31,336 - INFO: global_step=18198, episodic_return=-260.8023986816406
2022-11-15 00:54:31,409 - INFO: global_step=18319, episodic_return=-227.79920959472656
2022-11-15 00:54:31,468 - INFO: global_step=18436, episodic_return=-162.17974853515625
2022-11-15 00:54:31,515 - INFO: global_step=18538, episodic_return=-8.30804443359375
2022-11-15 00:54:31,571 - INFO: global_step=18650, episodic_return=-276.0406494140625
2022-11-15 00:54:31,645 - INFO: global_step=18727, episodic_return=-107.87471008300781
2022-11-15 00:54:31,704 - INFO: global_step=18812, episodic_return=-184.70558166503906
2022-11-15 00:54:31,790 - INFO: global_step=18956, episodic_return=-316.0909423828125
2022-11-15 00:54:31,847 - INFO: global_step=19078, episodic_return=-113.51089477539062
2022-11-15 00:54:31,905 - INFO: global_step=19194, episodic_return=-98.29547882080078
2022-11-15 00:54:31,973 - INFO: global_step=19319, episodic_return=-163.9794921875
2022-11-15 00:54:32,036 - INFO: global_step=19416, episodic_return=-149.11956787109375
2022-11-15 00:54:32,095 - INFO: global_step=19521, episodic_return=-115.22657012939453
2022-11-15 00:54:32,142 - INFO: global_step=19632, episodic_return=-107.51655578613281
2022-11-15 00:54:32,170 - INFO: global_step=19704, episodic_return=-133.48233032226562
2022-11-15 00:54:32,228 - INFO: global_step=19842, episodic_return=-114.8700180053711
2022-11-15 00:54:32,272 - INFO: global_step=19935, episodic_return=-136.5064697265625
2022-11-15 00:54:32,339 - INFO: global_step=20022, episodic_return=-243.72836303710938
2022-11-15 00:54:32,398 - INFO: global_step=20114, episodic_return=-33.66357421875
2022-11-15 00:54:32,495 - INFO: global_step=20290, episodic_return=-254.55706787109375
2022-11-15 00:54:32,624 - INFO: global_step=20476, episodic_return=-186.46730041503906
2022-11-15 00:54:32,705 - INFO: global_step=20605, episodic_return=-396.0884094238281
2022-11-15 00:54:32,753 - INFO: global_step=20699, episodic_return=-35.55895233154297
2022-11-15 00:54:32,803 - INFO: global_step=20807, episodic_return=-107.72598266601562
2022-11-15 00:54:32,886 - INFO: global_step=20972, episodic_return=-133.72882080078125
2022-11-15 00:54:32,930 - INFO: global_step=21064, episodic_return=-103.4469985961914
2022-11-15 00:54:32,991 - INFO: global_step=21180, episodic_return=-310.6128845214844
2022-11-15 00:54:33,037 - INFO: global_step=21261, episodic_return=-61.00336837768555
2022-11-15 00:54:33,101 - INFO: global_step=21387, episodic_return=-45.40237045288086
2022-11-15 00:54:33,175 - INFO: global_step=21557, episodic_return=37.20594787597656
2022-11-15 00:54:33,214 - INFO: global_step=21650, episodic_return=-111.95989227294922
2022-11-15 00:54:33,250 - INFO: global_step=21717, episodic_return=-150.87208557128906
2022-11-15 00:54:33,309 - INFO: global_step=21814, episodic_return=-109.03321075439453
2022-11-15 00:54:33,342 - INFO: global_step=21890, episodic_return=-97.00092315673828
2022-11-15 00:54:33,401 - INFO: global_step=21999, episodic_return=3.483551025390625
2022-11-15 00:54:33,433 - INFO: global_step=22065, episodic_return=-3.8834381103515625
2022-11-15 00:54:33,490 - INFO: global_step=22182, episodic_return=-333.6148681640625
2022-11-15 00:54:33,531 - INFO: global_step=22267, episodic_return=-164.2847442626953
2022-11-15 00:54:33,580 - INFO: global_step=22358, episodic_return=-71.58614349365234
2022-11-15 00:54:33,641 - INFO: global_step=22476, episodic_return=-66.18949890136719
2022-11-15 00:54:33,697 - INFO: global_step=22579, episodic_return=-116.57698059082031
2022-11-15 00:54:33,756 - INFO: global_step=22690, episodic_return=-152.41749572753906
2022-11-15 00:54:33,792 - INFO: global_step=22767, episodic_return=-139.90768432617188
2022-11-15 00:54:33,830 - INFO: global_step=22842, episodic_return=-82.79467010498047
2022-11-15 00:54:33,875 - INFO: global_step=22935, episodic_return=-94.56531524658203
2022-11-15 00:54:33,981 - INFO: global_step=23119, episodic_return=-158.42251586914062
2022-11-15 00:54:34,043 - INFO: global_step=23218, episodic_return=-170.9634552001953
2022-11-15 00:54:34,107 - INFO: global_step=23311, episodic_return=-49.70732498168945
2022-11-15 00:54:34,167 - INFO: global_step=23415, episodic_return=-418.59637451171875
2022-11-15 00:54:34,224 - INFO: global_step=23529, episodic_return=-152.4549560546875
2022-11-15 00:54:34,264 - INFO: global_step=23616, episodic_return=-58.337242126464844
2022-11-15 00:54:34,318 - INFO: global_step=23722, episodic_return=-199.96710205078125
2022-11-15 00:54:34,370 - INFO: global_step=23846, episodic_return=-182.30587768554688
2022-11-15 00:54:34,424 - INFO: global_step=23955, episodic_return=-123.75624084472656
2022-11-15 00:54:34,470 - INFO: global_step=24044, episodic_return=-111.90327453613281
2022-11-15 00:54:34,542 - INFO: global_step=24178, episodic_return=-190.7340850830078
2022-11-15 00:54:34,589 - INFO: global_step=24283, episodic_return=-174.8331298828125
2022-11-15 00:54:34,651 - INFO: global_step=24419, episodic_return=-284.81072998046875
2022-11-15 00:54:34,696 - INFO: global_step=24515, episodic_return=-117.38005828857422
2022-11-15 00:54:34,730 - INFO: global_step=24590, episodic_return=-119.22002410888672
2022-11-15 00:54:34,793 - INFO: global_step=24701, episodic_return=-43.87982940673828
2022-11-15 00:54:34,845 - INFO: global_step=24801, episodic_return=-15.168365478515625
2022-11-15 00:54:34,898 - INFO: global_step=24916, episodic_return=-73.83685302734375
2022-11-15 00:54:34,939 - INFO: global_step=25005, episodic_return=-127.86042022705078
2022-11-15 00:54:34,986 - INFO: global_step=25114, episodic_return=-186.39915466308594
2022-11-15 00:54:35,053 - INFO: global_step=25252, episodic_return=-3.729339599609375
2022-11-15 00:54:35,115 - INFO: global_step=25375, episodic_return=-220.14955139160156
2022-11-15 00:54:35,186 - INFO: global_step=25509, episodic_return=-134.7252197265625
2022-11-15 00:54:35,250 - INFO: global_step=25626, episodic_return=-211.83924865722656
2022-11-15 00:54:35,310 - INFO: global_step=25768, episodic_return=-210.01805114746094
2022-11-15 00:54:35,377 - INFO: global_step=25894, episodic_return=-153.82290649414062
2022-11-15 00:54:35,427 - INFO: global_step=25995, episodic_return=-203.8935546875
2022-11-15 00:54:35,521 - INFO: global_step=26137, episodic_return=-87.52276611328125
2022-11-15 00:54:35,585 - INFO: global_step=26242, episodic_return=-78.44154357910156
2022-11-15 00:54:35,632 - INFO: global_step=26353, episodic_return=-93.32008361816406
2022-11-15 00:54:35,669 - INFO: global_step=26452, episodic_return=-63.66116714477539
2022-11-15 00:54:35,705 - INFO: global_step=26525, episodic_return=-124.64537048339844
2022-11-15 00:54:35,774 - INFO: global_step=26655, episodic_return=-82.93452453613281
2022-11-15 00:54:35,819 - INFO: global_step=26733, episodic_return=-105.57320404052734
2022-11-15 00:54:35,887 - INFO: global_step=26864, episodic_return=-110.30116271972656
2022-11-15 00:54:35,934 - INFO: global_step=26973, episodic_return=-123.2286148071289
2022-11-15 00:54:36,063 - INFO: global_step=27162, episodic_return=-8.713531494140625
2022-11-15 00:54:36,101 - INFO: global_step=27235, episodic_return=-118.02278137207031
2022-11-15 00:54:36,179 - INFO: global_step=27356, episodic_return=-140.2651824951172
2022-11-15 00:54:36,243 - INFO: global_step=27485, episodic_return=-104.34889221191406
2022-11-15 00:54:36,295 - INFO: global_step=27585, episodic_return=-237.87351989746094
2022-11-15 00:54:36,342 - INFO: global_step=27680, episodic_return=-131.53933715820312
2022-11-15 00:54:36,402 - INFO: global_step=27778, episodic_return=-99.85391235351562
2022-11-15 00:54:36,452 - INFO: global_step=27861, episodic_return=-108.42223358154297
2022-11-15 00:54:36,528 - INFO: global_step=28007, episodic_return=-41.04902267456055
2022-11-15 00:54:36,579 - INFO: global_step=28117, episodic_return=-117.26199340820312
2022-11-15 00:54:36,633 - INFO: global_step=28235, episodic_return=-30.208786010742188
2022-11-15 00:54:36,692 - INFO: global_step=28340, episodic_return=-198.94369506835938
2022-11-15 00:54:36,772 - INFO: global_step=28467, episodic_return=-76.46100616455078
2022-11-15 00:54:36,829 - INFO: global_step=28567, episodic_return=-113.89869689941406
2022-11-15 00:54:36,881 - INFO: global_step=28697, episodic_return=-69.01914978027344
2022-11-15 00:54:36,936 - INFO: global_step=28820, episodic_return=-106.12750244140625
2022-11-15 00:54:37,016 - INFO: global_step=28947, episodic_return=-93.96379089355469
2022-11-15 00:54:37,125 - INFO: global_step=29089, episodic_return=-95.11038208007812
2022-11-15 00:54:37,205 - INFO: global_step=29201, episodic_return=-142.89479064941406
2022-11-15 00:54:37,249 - INFO: global_step=29273, episodic_return=-122.25354766845703
2022-11-15 00:54:37,373 - INFO: global_step=29446, episodic_return=-37.9600944519043
2022-11-15 00:54:37,415 - INFO: global_step=29530, episodic_return=-66.23258972167969
2022-11-15 00:54:37,462 - INFO: global_step=29629, episodic_return=-102.04356384277344
2022-11-15 00:54:37,542 - INFO: global_step=29781, episodic_return=-69.44701385498047
2022-11-15 00:54:37,603 - INFO: global_step=29902, episodic_return=-160.06561279296875
2022-11-15 00:54:37,691 - INFO: global_step=30054, episodic_return=-242.85646057128906
2022-11-15 00:54:37,768 - INFO: global_step=30206, episodic_return=-109.32975006103516
2022-11-15 00:54:37,828 - INFO: global_step=30341, episodic_return=-31.383270263671875
2022-11-15 00:54:37,866 - INFO: global_step=30431, episodic_return=-115.15113830566406
2022-11-15 00:54:37,971 - INFO: global_step=30612, episodic_return=-297.1794128417969
2022-11-15 00:54:38,026 - INFO: global_step=30709, episodic_return=-126.69866943359375
2022-11-15 00:54:38,102 - INFO: global_step=30838, episodic_return=-232.80081176757812
2022-11-15 00:54:38,175 - INFO: global_step=30977, episodic_return=-101.38780212402344
2022-11-15 00:54:38,277 - INFO: global_step=31108, episodic_return=-206.07595825195312
2022-11-15 00:54:38,377 - INFO: global_step=31234, episodic_return=-104.05450439453125
2022-11-15 00:54:38,447 - INFO: global_step=31377, episodic_return=-227.66256713867188
2022-11-15 00:54:38,486 - INFO: global_step=31467, episodic_return=0.5906524658203125
2022-11-15 00:54:38,561 - INFO: global_step=31576, episodic_return=-109.6652603149414
2022-11-15 00:54:38,613 - INFO: global_step=31673, episodic_return=-162.32528686523438
2022-11-15 00:54:38,713 - INFO: global_step=31847, episodic_return=-180.53939819335938
2022-11-15 00:54:38,777 - INFO: global_step=31969, episodic_return=-339.3935546875
2022-11-15 00:54:38,831 - INFO: global_step=32085, episodic_return=-89.1644058227539
2022-11-15 00:54:38,906 - INFO: global_step=32225, episodic_return=-162.45228576660156
2022-11-15 00:54:38,956 - INFO: global_step=32319, episodic_return=-90.23841857910156
2022-11-15 00:54:39,020 - INFO: global_step=32435, episodic_return=-48.55018615722656
2022-11-15 00:54:39,102 - INFO: global_step=32581, episodic_return=-59.24379348754883
2022-11-15 00:54:39,175 - INFO: global_step=32691, episodic_return=-81.22797393798828
2022-11-15 00:54:39,225 - INFO: global_step=32784, episodic_return=-93.96952819824219
2022-11-15 00:54:39,280 - INFO: global_step=32888, episodic_return=-89.80967712402344
2022-11-15 00:54:39,391 - INFO: global_step=33067, episodic_return=-28.479957580566406
2022-11-15 00:54:39,472 - INFO: global_step=33229, episodic_return=-35.343544006347656
2022-11-15 00:54:39,537 - INFO: global_step=33357, episodic_return=-83.27580261230469
2022-11-15 00:54:39,625 - INFO: global_step=33514, episodic_return=-47.23805618286133
2022-11-15 00:54:39,680 - INFO: global_step=33625, episodic_return=-59.563026428222656
2022-11-15 00:54:39,747 - INFO: global_step=33753, episodic_return=-109.43508911132812
2022-11-15 00:54:39,799 - INFO: global_step=33847, episodic_return=15.848609924316406
2022-11-15 00:54:39,860 - INFO: global_step=33943, episodic_return=-91.94287872314453
2022-11-15 00:54:39,910 - INFO: global_step=34026, episodic_return=-42.08935546875
2022-11-15 00:54:39,966 - INFO: global_step=34121, episodic_return=-131.28164672851562
2022-11-15 00:54:40,061 - INFO: global_step=34275, episodic_return=-81.10020446777344
2022-11-15 00:54:40,131 - INFO: global_step=34392, episodic_return=-89.5101089477539
2022-11-15 00:54:40,208 - INFO: global_step=34518, episodic_return=-93.98831176757812
2022-11-15 00:54:40,277 - INFO: global_step=34641, episodic_return=-88.2275161743164
2022-11-15 00:54:40,318 - INFO: global_step=34714, episodic_return=-78.66787719726562
2022-11-15 00:54:40,410 - INFO: global_step=34879, episodic_return=-11.123565673828125
2022-11-15 00:54:40,470 - INFO: global_step=34985, episodic_return=-4.976875305175781
2022-11-15 00:54:40,522 - INFO: global_step=35072, episodic_return=-213.84646606445312
2022-11-15 00:54:40,568 - INFO: global_step=35161, episodic_return=17.37566375732422
2022-11-15 00:54:40,625 - INFO: global_step=35265, episodic_return=-38.79546356201172
2022-11-15 00:54:40,700 - INFO: global_step=35401, episodic_return=-3.3099517822265625
2022-11-15 00:54:40,771 - INFO: global_step=35529, episodic_return=-87.1611328125
2022-11-15 00:54:40,851 - INFO: global_step=35647, episodic_return=-123.34429931640625
2022-11-15 00:54:40,909 - INFO: global_step=35750, episodic_return=-79.30265808105469
2022-11-15 00:54:40,982 - INFO: global_step=35879, episodic_return=20.17896270751953
2022-11-15 00:54:41,030 - INFO: global_step=35984, episodic_return=-119.40869140625
2022-11-15 00:54:41,081 - INFO: global_step=36087, episodic_return=-118.9937515258789
2022-11-15 00:54:41,163 - INFO: global_step=36219, episodic_return=-60.541500091552734
2022-11-15 00:54:41,227 - INFO: global_step=36333, episodic_return=-87.641845703125
2022-11-15 00:54:41,290 - INFO: global_step=36457, episodic_return=-56.8989372253418
2022-11-15 00:54:41,399 - INFO: global_step=36606, episodic_return=-68.57449340820312
2022-11-15 00:54:41,492 - INFO: global_step=36739, episodic_return=-68.45877838134766
2022-11-15 00:54:41,568 - INFO: global_step=36872, episodic_return=-121.45552825927734
2022-11-15 00:54:41,665 - INFO: global_step=37018, episodic_return=-118.97984313964844
2022-11-15 00:54:41,733 - INFO: global_step=37129, episodic_return=-107.68869018554688
2022-11-15 00:54:41,826 - INFO: global_step=37279, episodic_return=-16.116683959960938
2022-11-15 00:54:41,902 - INFO: global_step=37424, episodic_return=-158.31777954101562
2022-11-15 00:54:41,952 - INFO: global_step=37535, episodic_return=-59.70472717285156
2022-11-15 00:54:41,993 - INFO: global_step=37633, episodic_return=-116.69390869140625
2022-11-15 00:54:42,057 - INFO: global_step=37763, episodic_return=-56.886329650878906
2022-11-15 00:54:42,103 - INFO: global_step=37850, episodic_return=-90.66657257080078
2022-11-15 00:54:42,178 - INFO: global_step=37987, episodic_return=-75.11068725585938
2022-11-15 00:54:42,254 - INFO: global_step=38121, episodic_return=-130.27488708496094
2022-11-15 00:54:42,305 - INFO: global_step=38214, episodic_return=-46.08567810058594
2022-11-15 00:54:42,380 - INFO: global_step=38349, episodic_return=-198.59292602539062
2022-11-15 00:54:42,469 - INFO: global_step=38498, episodic_return=-120.34007263183594
2022-11-15 00:54:42,548 - INFO: global_step=38632, episodic_return=-77.48739624023438
2022-11-15 00:54:42,622 - INFO: global_step=38769, episodic_return=-119.51746368408203
2022-11-15 00:54:42,768 - INFO: global_step=38966, episodic_return=-108.22969055175781
2022-11-15 00:54:42,819 - INFO: global_step=39056, episodic_return=-115.36259460449219
2022-11-15 00:54:42,891 - INFO: global_step=39182, episodic_return=-121.78626251220703
2022-11-15 00:54:42,954 - INFO: global_step=39272, episodic_return=-134.5849609375
2022-11-15 00:54:43,035 - INFO: global_step=39401, episodic_return=-131.9611358642578
2022-11-15 00:54:44,877 - INFO: global_step=40401, episodic_return=109.1042709350586
2022-11-15 00:54:44,949 - INFO: global_step=40523, episodic_return=-144.45745849609375
2022-11-15 00:54:45,037 - INFO: global_step=40681, episodic_return=-88.9707260131836
2022-11-15 00:54:45,116 - INFO: global_step=40797, episodic_return=-89.76679229736328
2022-11-15 00:54:45,167 - INFO: global_step=40872, episodic_return=-88.4576644897461
2022-11-15 00:54:45,233 - INFO: global_step=40964, episodic_return=-26.186866760253906
2022-11-15 00:54:45,292 - INFO: global_step=41048, episodic_return=-99.8379898071289
2022-11-15 00:54:45,345 - INFO: global_step=41126, episodic_return=-82.78034973144531
2022-11-15 00:54:45,411 - INFO: global_step=41229, episodic_return=-57.54642868041992
2022-11-15 00:54:45,492 - INFO: global_step=41365, episodic_return=-78.09620666503906
2022-11-15 00:54:45,587 - INFO: global_step=41502, episodic_return=-71.9564208984375
2022-11-15 00:54:45,644 - INFO: global_step=41607, episodic_return=-29.23870086669922
2022-11-15 00:54:45,690 - INFO: global_step=41705, episodic_return=-98.86475372314453
2022-11-15 00:54:45,797 - INFO: global_step=41870, episodic_return=-59.807518005371094
2022-11-15 00:54:45,894 - INFO: global_step=42011, episodic_return=-14.519607543945312
2022-11-15 00:54:45,952 - INFO: global_step=42113, episodic_return=-131.1350555419922
2022-11-15 00:54:46,016 - INFO: global_step=42230, episodic_return=-71.84896850585938
2022-11-15 00:54:46,093 - INFO: global_step=42356, episodic_return=-151.1190643310547
2022-11-15 00:54:46,202 - INFO: global_step=42504, episodic_return=-83.3077621459961
2022-11-15 00:54:46,276 - INFO: global_step=42649, episodic_return=-69.17958068847656
2022-11-15 00:54:46,341 - INFO: global_step=42779, episodic_return=1.6995010375976562
2022-11-15 00:54:46,396 - INFO: global_step=42852, episodic_return=-117.21212768554688
2022-11-15 00:54:46,540 - INFO: global_step=43022, episodic_return=-89.38095092773438
2022-11-15 00:54:46,678 - INFO: global_step=43183, episodic_return=-76.92373657226562
2022-11-15 00:54:46,843 - INFO: global_step=43380, episodic_return=-13.624282836914062
2022-11-15 00:54:47,034 - INFO: global_step=43558, episodic_return=-101.89656829833984
2022-11-15 00:54:47,294 - INFO: global_step=43783, episodic_return=39.751739501953125
2022-11-15 00:54:47,419 - INFO: global_step=43929, episodic_return=-61.3997802734375
2022-11-15 00:54:47,521 - INFO: global_step=44039, episodic_return=-43.67979049682617
2022-11-15 00:54:47,592 - INFO: global_step=44139, episodic_return=-69.05387878417969
2022-11-15 00:54:47,696 - INFO: global_step=44250, episodic_return=-69.38494110107422
2022-11-15 00:54:47,762 - INFO: global_step=44339, episodic_return=-68.23500061035156
2022-11-15 00:54:47,846 - INFO: global_step=44462, episodic_return=-120.42379760742188
2022-11-15 00:54:47,966 - INFO: global_step=44598, episodic_return=-59.77618408203125
2022-11-15 00:54:48,175 - INFO: global_step=44730, episodic_return=-9.659873962402344
2022-11-15 00:54:48,466 - INFO: global_step=44971, episodic_return=-92.33440399169922
2022-11-15 00:54:48,646 - INFO: global_step=45096, episodic_return=-85.68376159667969
2022-11-15 00:54:48,780 - INFO: global_step=45209, episodic_return=-96.98397827148438
2022-11-15 00:54:48,836 - INFO: global_step=45305, episodic_return=-99.21764373779297
2022-11-15 00:54:48,883 - INFO: global_step=45385, episodic_return=-97.76276397705078
2022-11-15 00:54:48,942 - INFO: global_step=45475, episodic_return=-114.2658462524414
2022-11-15 00:54:49,017 - INFO: global_step=45582, episodic_return=-147.36741638183594
2022-11-15 00:54:49,072 - INFO: global_step=45666, episodic_return=-101.71939849853516
2022-11-15 00:54:49,282 - INFO: global_step=45914, episodic_return=-48.42369079589844
2022-11-15 00:54:49,450 - INFO: global_step=46079, episodic_return=-7.9001922607421875
2022-11-15 00:54:49,554 - INFO: global_step=46195, episodic_return=-12.489555358886719
2022-11-15 00:54:49,641 - INFO: global_step=46310, episodic_return=-114.6816177368164
2022-11-15 00:54:49,731 - INFO: global_step=46444, episodic_return=-104.19895935058594
2022-11-15 00:54:49,909 - INFO: global_step=46661, episodic_return=-12.377204895019531
2022-11-15 00:54:49,982 - INFO: global_step=46756, episodic_return=-59.97543716430664
2022-11-15 00:54:50,092 - INFO: global_step=46917, episodic_return=-79.93450164794922
2022-11-15 00:54:50,348 - INFO: global_step=47161, episodic_return=-99.17683410644531
2022-11-15 00:54:50,419 - INFO: global_step=47278, episodic_return=-63.445003509521484
2022-11-15 00:54:50,510 - INFO: global_step=47406, episodic_return=-233.33642578125
2022-11-15 00:54:50,636 - INFO: global_step=47601, episodic_return=-30.201187133789062
2022-11-15 00:54:50,748 - INFO: global_step=47772, episodic_return=-103.1863021850586
2022-11-15 00:54:50,888 - INFO: global_step=47964, episodic_return=-90.4806137084961
2022-11-15 00:54:50,975 - INFO: global_step=48105, episodic_return=-295.746337890625
2022-11-15 00:54:51,091 - INFO: global_step=48300, episodic_return=-41.57680892944336
2022-11-15 00:54:51,169 - INFO: global_step=48429, episodic_return=-84.44026184082031
2022-11-15 00:54:51,238 - INFO: global_step=48553, episodic_return=-81.9488525390625
2022-11-15 00:54:51,308 - INFO: global_step=48669, episodic_return=-139.74795532226562
2022-11-15 00:54:51,374 - INFO: global_step=48795, episodic_return=-41.660400390625
2022-11-15 00:54:51,465 - INFO: global_step=48949, episodic_return=-211.12277221679688
2022-11-15 00:54:51,542 - INFO: global_step=49080, episodic_return=-63.02288818359375
2022-11-15 00:54:51,623 - INFO: global_step=49225, episodic_return=-27.520706176757812
2022-11-15 00:54:51,735 - INFO: global_step=49415, episodic_return=36.52088928222656
2022-11-15 00:54:51,893 - INFO: global_step=49638, episodic_return=-177.22152709960938
2022-11-15 00:54:51,983 - INFO: global_step=49798, episodic_return=-24.24493408203125
2022-11-15 00:54:52,070 - INFO: global_step=49932, episodic_return=-79.0928726196289
2022-11-15 00:54:52,145 - INFO: global_step=50043, episodic_return=-119.14501953125
2022-11-15 00:54:52,224 - INFO: global_step=50180, episodic_return=-209.83558654785156
2022-11-15 00:54:52,282 - INFO: global_step=50301, episodic_return=-99.23616027832031
2022-11-15 00:54:52,359 - INFO: global_step=50427, episodic_return=-52.654014587402344
2022-11-15 00:54:52,428 - INFO: global_step=50536, episodic_return=-109.34672546386719
2022-11-15 00:54:52,525 - INFO: global_step=50694, episodic_return=-9.31524658203125
2022-11-15 00:54:52,577 - INFO: global_step=50788, episodic_return=-79.83509063720703
2022-11-15 00:54:52,637 - INFO: global_step=50910, episodic_return=-63.80158615112305
2022-11-15 00:54:52,704 - INFO: global_step=51047, episodic_return=-18.14606475830078
2022-11-15 00:54:52,914 - INFO: global_step=51250, episodic_return=-72.09190368652344
2022-11-15 00:54:52,992 - INFO: global_step=51374, episodic_return=-77.86845397949219
2022-11-15 00:54:53,176 - INFO: global_step=51620, episodic_return=9.561080932617188
2022-11-15 00:54:53,330 - INFO: global_step=51803, episodic_return=-49.97219467163086
2022-11-15 00:54:53,417 - INFO: global_step=51931, episodic_return=-91.70362091064453
2022-11-15 00:54:53,469 - INFO: global_step=52020, episodic_return=-121.9505615234375
2022-11-15 00:54:53,580 - INFO: global_step=52181, episodic_return=-53.88974380493164
2022-11-15 00:54:53,678 - INFO: global_step=52342, episodic_return=-49.51547622680664
2022-11-15 00:54:53,734 - INFO: global_step=52441, episodic_return=-80.67222595214844
2022-11-15 00:54:53,806 - INFO: global_step=52549, episodic_return=-91.90782165527344
2022-11-15 00:54:53,991 - INFO: global_step=52768, episodic_return=6.7066650390625
2022-11-15 00:54:54,283 - INFO: global_step=53064, episodic_return=-56.377403259277344
2022-11-15 00:54:54,480 - INFO: global_step=53286, episodic_return=9.978103637695312
2022-11-15 00:54:54,586 - INFO: global_step=53429, episodic_return=-87.84855651855469
2022-11-15 00:54:54,822 - INFO: global_step=53661, episodic_return=-92.48485565185547
2022-11-15 00:54:54,991 - INFO: global_step=53884, episodic_return=-42.02411651611328
2022-11-15 00:54:55,040 - INFO: global_step=53951, episodic_return=-102.83039855957031
2022-11-15 00:54:55,088 - INFO: global_step=54041, episodic_return=-74.67887878417969
2022-11-15 00:54:55,248 - INFO: global_step=54271, episodic_return=-172.61788940429688
2022-11-15 00:54:55,590 - INFO: global_step=54675, episodic_return=-291.9079284667969
2022-11-15 00:54:55,684 - INFO: global_step=54811, episodic_return=-108.11018371582031
2022-11-15 00:54:55,766 - INFO: global_step=54943, episodic_return=-46.279754638671875
2022-11-15 00:54:55,853 - INFO: global_step=55077, episodic_return=21.23418426513672
2022-11-15 00:54:55,989 - INFO: global_step=55291, episodic_return=-110.88375091552734
2022-11-15 00:54:56,033 - INFO: global_step=55374, episodic_return=-72.96582794189453
2022-11-15 00:54:56,142 - INFO: global_step=55537, episodic_return=-6.3026123046875
2022-11-15 00:54:56,299 - INFO: global_step=55752, episodic_return=-28.168380737304688
2022-11-15 00:54:56,405 - INFO: global_step=55893, episodic_return=-18.606521606445312
2022-11-15 00:54:56,550 - INFO: global_step=56118, episodic_return=-10.5052490234375
2022-11-15 00:54:57,687 - INFO: global_step=56855, episodic_return=-220.4283447265625
2022-11-15 00:54:57,770 - INFO: global_step=57007, episodic_return=-29.766921997070312
2022-11-15 00:54:57,824 - INFO: global_step=57103, episodic_return=-93.95816802978516
2022-11-15 00:54:57,971 - INFO: global_step=57315, episodic_return=-11.519805908203125
2022-11-15 00:54:58,084 - INFO: global_step=57504, episodic_return=1.1801223754882812
2022-11-15 00:54:58,197 - INFO: global_step=57677, episodic_return=2.8401870727539062
2022-11-15 00:54:58,271 - INFO: global_step=57792, episodic_return=49.9755859375
2022-11-15 00:54:58,395 - INFO: global_step=57982, episodic_return=-12.819618225097656
2022-11-15 00:54:58,498 - INFO: global_step=58139, episodic_return=-41.991729736328125
2022-11-15 00:54:58,634 - INFO: global_step=58325, episodic_return=14.078605651855469
2022-11-15 00:54:58,706 - INFO: global_step=58446, episodic_return=-67.17369842529297
2022-11-15 00:54:58,828 - INFO: global_step=58616, episodic_return=-57.362796783447266
2022-11-15 00:54:58,926 - INFO: global_step=58754, episodic_return=5.520210266113281
2022-11-15 00:54:58,985 - INFO: global_step=58855, episodic_return=-181.34202575683594
2022-11-15 00:54:59,022 - INFO: global_step=58927, episodic_return=-63.52806854248047
2022-11-15 00:54:59,105 - INFO: global_step=59061, episodic_return=-1.5014114379882812
2022-11-15 00:54:59,210 - INFO: global_step=59213, episodic_return=21.90795135498047
2022-11-15 00:54:59,254 - INFO: global_step=59286, episodic_return=-81.45611572265625
2022-11-15 00:54:59,316 - INFO: global_step=59384, episodic_return=-19.14818572998047
2022-11-15 00:54:59,531 - INFO: global_step=59611, episodic_return=-3.7324142456054688
2022-11-15 00:54:59,643 - INFO: global_step=59743, episodic_return=-96.8834228515625
2022-11-15 00:54:59,780 - INFO: global_step=59892, episodic_return=-30.841995239257812
2022-11-15 00:54:59,922 - INFO: global_step=60025, episodic_return=-63.090309143066406
2022-11-15 00:55:00,116 - INFO: global_step=60128, episodic_return=-60.218894958496094
2022-11-15 00:55:00,229 - INFO: global_step=60280, episodic_return=-29.965164184570312
2022-11-15 00:55:00,296 - INFO: global_step=60370, episodic_return=-57.69208526611328
2022-11-15 00:55:00,426 - INFO: global_step=60476, episodic_return=-34.6231689453125
2022-11-15 00:55:00,510 - INFO: global_step=60561, episodic_return=-56.33849334716797
2022-11-15 00:55:00,601 - INFO: global_step=60685, episodic_return=-79.18140411376953
2022-11-15 00:55:00,871 - INFO: global_step=60887, episodic_return=2.132415771484375
2022-11-15 00:55:00,981 - INFO: global_step=61042, episodic_return=-83.53656005859375
2022-11-15 00:55:01,149 - INFO: global_step=61229, episodic_return=-58.97553253173828
2022-11-15 00:55:01,247 - INFO: global_step=61368, episodic_return=-28.514358520507812
2022-11-15 00:55:01,343 - INFO: global_step=61494, episodic_return=-40.78301239013672
2022-11-15 00:55:01,473 - INFO: global_step=61657, episodic_return=-103.36697387695312
2022-11-15 00:55:01,549 - INFO: global_step=61753, episodic_return=-48.88594436645508
2022-11-15 00:55:01,605 - INFO: global_step=61831, episodic_return=-85.8464126586914
2022-11-15 00:55:01,654 - INFO: global_step=61914, episodic_return=-21.6348876953125
2022-11-15 00:55:01,726 - INFO: global_step=62029, episodic_return=-128.8094024658203
2022-11-15 00:55:02,006 - INFO: global_step=62320, episodic_return=-53.97990798950195
2022-11-15 00:55:02,192 - INFO: global_step=62506, episodic_return=-28.683746337890625
2022-11-15 00:55:04,002 - INFO: global_step=63506, episodic_return=-182.60159301757812
2022-11-15 00:55:04,089 - INFO: global_step=63635, episodic_return=40.44712829589844
2022-11-15 00:55:04,165 - INFO: global_step=63757, episodic_return=-33.498626708984375
2022-11-15 00:55:04,252 - INFO: global_step=63907, episodic_return=-22.989639282226562
2022-11-15 00:55:04,355 - INFO: global_step=64058, episodic_return=-5.1853179931640625
2022-11-15 00:55:04,468 - INFO: global_step=64232, episodic_return=-11.799209594726562
2022-11-15 00:55:04,554 - INFO: global_step=64378, episodic_return=-69.19294738769531
2022-11-15 00:55:04,700 - INFO: global_step=64593, episodic_return=-14.59112548828125
2022-11-15 00:55:04,936 - INFO: global_step=64851, episodic_return=-10.952850341796875
2022-11-15 00:55:05,020 - INFO: global_step=64970, episodic_return=-48.79828643798828
2022-11-15 00:55:05,128 - INFO: global_step=65127, episodic_return=4.1555328369140625
2022-11-15 00:55:06,764 - INFO: global_step=66127, episodic_return=46.24123764038086
2022-11-15 00:55:06,850 - INFO: global_step=66259, episodic_return=-96.39612579345703
2022-11-15 00:55:06,927 - INFO: global_step=66390, episodic_return=-16.567428588867188
2022-11-15 00:55:07,078 - INFO: global_step=66594, episodic_return=-7.538330078125
2022-11-15 00:55:08,826 - INFO: global_step=67594, episodic_return=120.93946838378906
2022-11-15 00:55:08,907 - INFO: global_step=67717, episodic_return=-48.734535217285156
2022-11-15 00:55:09,020 - INFO: global_step=67876, episodic_return=-66.37922668457031
2022-11-15 00:55:10,968 - INFO: global_step=68876, episodic_return=16.611175537109375
2022-11-15 00:55:11,051 - INFO: global_step=69020, episodic_return=-20.388778686523438
2022-11-15 00:55:11,357 - INFO: global_step=69346, episodic_return=-58.741981506347656
2022-11-15 00:55:11,402 - INFO: global_step=69433, episodic_return=-49.34715270996094
2022-11-15 00:55:11,471 - INFO: global_step=69544, episodic_return=-85.61457824707031
2022-11-15 00:55:11,643 - INFO: global_step=69788, episodic_return=10.413444519042969
2022-11-15 00:55:11,773 - INFO: global_step=69990, episodic_return=36.435516357421875
2022-11-15 00:55:11,920 - INFO: global_step=70176, episodic_return=-66.82926177978516
2022-11-15 00:55:12,341 - INFO: global_step=70557, episodic_return=-175.8675537109375
2022-11-15 00:55:13,307 - INFO: global_step=70869, episodic_return=26.253860473632812
2022-11-15 00:55:15,585 - INFO: global_step=71869, episodic_return=49.80464172363281
2022-11-15 00:55:17,618 - INFO: global_step=72869, episodic_return=46.306819915771484
2022-11-15 00:55:19,714 - INFO: global_step=73869, episodic_return=60.93302536010742
2022-11-15 00:55:19,923 - INFO: global_step=74143, episodic_return=-54.22998046875
2022-11-15 00:55:20,019 - INFO: global_step=74287, episodic_return=-37.36814880371094
2022-11-15 00:55:21,420 - INFO: global_step=75287, episodic_return=164.04420471191406
2022-11-15 00:55:21,568 - INFO: global_step=75469, episodic_return=-1.48004150390625
2022-11-15 00:55:23,180 - INFO: global_step=76469, episodic_return=56.098201751708984
2022-11-15 00:55:23,284 - INFO: global_step=76630, episodic_return=4.517829895019531
2022-11-15 00:55:24,456 - INFO: global_step=77630, episodic_return=87.0553970336914
2022-11-15 00:55:24,682 - INFO: global_step=77889, episodic_return=-64.70204162597656
2022-11-15 00:55:26,696 - INFO: global_step=78889, episodic_return=-1.0762064456939697
2022-11-15 00:55:28,604 - INFO: global_step=79889, episodic_return=68.35659790039062
2022-11-15 00:55:28,770 - INFO: global_step=80099, episodic_return=-14.452079772949219
2022-11-15 00:55:28,858 - INFO: global_step=80227, episodic_return=-0.5127029418945312
2022-11-15 00:55:30,589 - INFO: global_step=81227, episodic_return=54.71599578857422
2022-11-15 00:55:30,800 - INFO: global_step=81443, episodic_return=30.399078369140625
2022-11-15 00:55:32,939 - INFO: global_step=82443, episodic_return=105.08953094482422
2022-11-15 00:55:34,868 - INFO: global_step=83443, episodic_return=99.13674926757812
2022-11-15 00:55:36,811 - INFO: global_step=84443, episodic_return=-107.6370620727539
2022-11-15 00:55:37,113 - INFO: global_step=84773, episodic_return=-62.596866607666016
2022-11-15 00:55:37,249 - INFO: global_step=84933, episodic_return=-96.24354553222656
2022-11-15 00:55:37,406 - INFO: global_step=85146, episodic_return=1.7876052856445312
2022-11-15 00:55:37,574 - INFO: global_step=85364, episodic_return=-95.84772491455078
2022-11-15 00:55:37,814 - INFO: global_step=85615, episodic_return=-99.12275695800781
2022-11-15 00:55:38,294 - INFO: global_step=85995, episodic_return=-83.15318298339844
2022-11-15 00:55:38,651 - INFO: global_step=86344, episodic_return=-6.161224365234375
2022-11-15 00:55:38,920 - INFO: global_step=86653, episodic_return=-6.3012847900390625
2022-11-15 00:55:39,043 - INFO: global_step=86817, episodic_return=-65.4156494140625
2022-11-15 00:55:39,097 - INFO: global_step=86904, episodic_return=-86.13753509521484
2022-11-15 00:55:39,238 - INFO: global_step=87077, episodic_return=-65.44839477539062
2022-11-15 00:55:41,378 - INFO: global_step=88077, episodic_return=21.372770309448242
2022-11-15 00:55:41,713 - INFO: global_step=88415, episodic_return=-16.09619903564453
2022-11-15 00:55:41,841 - INFO: global_step=88578, episodic_return=-82.82374572753906
2022-11-15 00:55:41,933 - INFO: global_step=88727, episodic_return=-29.44426727294922
2022-11-15 00:55:43,517 - INFO: global_step=89727, episodic_return=23.759984970092773
2022-11-15 00:55:43,618 - INFO: global_step=89885, episodic_return=72.43428039550781
2022-11-15 00:55:43,721 - INFO: global_step=90013, episodic_return=4.5751953125
2022-11-15 00:55:45,542 - INFO: global_step=91013, episodic_return=68.05634307861328
2022-11-15 00:55:45,619 - INFO: global_step=91132, episodic_return=-88.40162658691406
2022-11-15 00:55:45,700 - INFO: global_step=91256, episodic_return=-49.1906852722168
2022-11-15 00:55:45,820 - INFO: global_step=91411, episodic_return=2.9802169799804688
2022-11-15 00:55:47,424 - INFO: global_step=92411, episodic_return=-35.39219284057617
2022-11-15 00:55:47,572 - INFO: global_step=92613, episodic_return=-26.521957397460938
2022-11-15 00:55:49,428 - INFO: global_step=93613, episodic_return=90.77810668945312
2022-11-15 00:55:50,356 - INFO: global_step=94308, episodic_return=-209.12428283691406
2022-11-15 00:55:50,454 - INFO: global_step=94444, episodic_return=-27.801803588867188
2022-11-15 00:55:52,828 - INFO: global_step=95444, episodic_return=-101.57124328613281
2022-11-15 00:55:54,274 - INFO: global_step=96444, episodic_return=102.31346893310547
2022-11-15 00:55:56,287 - INFO: global_step=97444, episodic_return=47.299983978271484
2022-11-15 00:55:58,509 - INFO: global_step=98444, episodic_return=83.39237976074219
2022-11-15 00:55:58,611 - INFO: global_step=98583, episodic_return=-44.31873321533203
2022-11-15 00:56:00,232 - INFO: global_step=99583, episodic_return=-5.642544746398926
2022-11-15 00:56:02,558 - INFO: global_step=100583, episodic_return=4.544303894042969
2022-11-15 00:56:04,457 - INFO: global_step=101583, episodic_return=93.70372772216797
2022-11-15 00:56:04,609 - INFO: global_step=101764, episodic_return=39.91581726074219
2022-11-15 00:56:06,284 - INFO: global_step=102764, episodic_return=41.53935241699219
2022-11-15 00:56:06,385 - INFO: global_step=102924, episodic_return=-38.11551284790039
2022-11-15 00:56:06,484 - INFO: global_step=103054, episodic_return=-3.1923599243164062
2022-11-15 00:56:07,120 - INFO: global_step=103590, episodic_return=-84.1857681274414
2022-11-15 00:56:09,158 - INFO: global_step=104590, episodic_return=51.25210952758789
2022-11-15 00:56:09,404 - INFO: global_step=104864, episodic_return=-90.648681640625
2022-11-15 00:56:11,613 - INFO: global_step=105864, episodic_return=-37.28870391845703
2022-11-15 00:56:13,611 - INFO: global_step=106864, episodic_return=34.7564582824707
2022-11-15 00:56:13,809 - INFO: global_step=107057, episodic_return=13.402084350585938
2022-11-15 00:56:15,652 - INFO: global_step=108057, episodic_return=29.635879516601562
2022-11-15 00:56:15,815 - INFO: global_step=108232, episodic_return=0.5314178466796875
2022-11-15 00:56:15,932 - INFO: global_step=108398, episodic_return=40.97785949707031
2022-11-15 00:56:17,390 - INFO: global_step=109398, episodic_return=52.28433609008789
2022-11-15 00:56:19,602 - INFO: global_step=110398, episodic_return=138.55467224121094
2022-11-15 00:56:21,730 - INFO: global_step=111398, episodic_return=18.202083587646484
2022-11-15 00:56:22,749 - INFO: global_step=112129, episodic_return=-118.72573852539062
2022-11-15 00:56:23,349 - INFO: global_step=112605, episodic_return=-83.85366821289062
2022-11-15 00:56:26,195 - INFO: global_step=113605, episodic_return=-7.63117790222168
2022-11-15 00:56:27,577 - INFO: global_step=114605, episodic_return=-63.88558578491211
2022-11-15 00:56:29,598 - INFO: global_step=115605, episodic_return=-64.67105102539062
2022-11-15 00:56:32,119 - INFO: global_step=116605, episodic_return=-105.8011703491211
2022-11-15 00:56:33,894 - INFO: global_step=117605, episodic_return=-58.030799865722656
2022-11-15 00:56:34,633 - INFO: global_step=118110, episodic_return=181.41070556640625
2022-11-15 00:56:36,210 - INFO: global_step=119062, episodic_return=130.55581665039062
2022-11-15 00:56:37,366 - INFO: global_step=119853, episodic_return=165.7731475830078
2022-11-15 00:56:37,478 - INFO: global_step=120003, episodic_return=-22.238021850585938
2022-11-15 00:56:39,107 - INFO: global_step=121003, episodic_return=94.37462615966797
2022-11-15 00:56:40,611 - INFO: global_step=122003, episodic_return=40.23591995239258
2022-11-15 00:56:40,907 - INFO: global_step=122283, episodic_return=275.3773193359375
2022-11-15 00:56:43,794 - INFO: global_step=123283, episodic_return=52.2855339050293
2022-11-15 00:56:44,941 - INFO: global_step=123549, episodic_return=-12.681472778320312
2022-11-15 00:56:46,473 - INFO: global_step=124407, episodic_return=175.6585693359375
2022-11-15 00:56:46,963 - INFO: global_step=124845, episodic_return=211.41583251953125
2022-11-15 00:56:48,559 - INFO: global_step=125845, episodic_return=95.50457763671875
2022-11-15 00:56:49,617 - INFO: global_step=126467, episodic_return=207.75006103515625
2022-11-15 00:56:50,144 - INFO: global_step=126745, episodic_return=303.9622802734375
2022-11-15 00:56:51,652 - INFO: global_step=127745, episodic_return=90.36123657226562
2022-11-15 00:56:51,808 - INFO: global_step=127934, episodic_return=-134.87989807128906
2022-11-15 00:56:52,682 - INFO: global_step=128554, episodic_return=214.6657257080078
2022-11-15 00:56:52,835 - INFO: global_step=128746, episodic_return=4.872337341308594
2022-11-15 00:56:53,883 - INFO: global_step=129403, episodic_return=218.9052734375
2022-11-15 00:56:54,732 - INFO: global_step=130084, episodic_return=198.0371856689453
2022-11-15 00:56:55,393 - INFO: global_step=130603, episodic_return=226.9099884033203
2022-11-15 00:56:56,103 - INFO: global_step=131165, episodic_return=242.0087890625
2022-11-15 00:56:57,265 - INFO: global_step=132031, episodic_return=-123.85521697998047
2022-11-15 00:56:57,325 - INFO: global_step=132119, episodic_return=-24.534194946289062
2022-11-15 00:56:59,821 - INFO: global_step=133087, episodic_return=124.9870376586914
2022-11-15 00:57:00,007 - INFO: global_step=133302, episodic_return=-65.44779968261719
2022-11-15 00:57:00,698 - INFO: global_step=133803, episodic_return=230.76348876953125
2022-11-15 00:57:02,366 - INFO: global_step=134803, episodic_return=22.508811950683594
2022-11-15 00:57:04,511 - INFO: global_step=135803, episodic_return=-44.137203216552734
2022-11-15 00:57:07,059 - INFO: global_step=136803, episodic_return=-95.85726928710938
2022-11-15 00:57:07,280 - INFO: global_step=136990, episodic_return=-128.81622314453125
2022-11-15 00:57:09,321 - INFO: global_step=137990, episodic_return=-54.34243392944336
2022-11-15 00:57:11,431 - INFO: global_step=138990, episodic_return=-6.557663917541504
2022-11-15 00:57:13,454 - INFO: global_step=139990, episodic_return=-94.6951904296875
2022-11-15 00:57:14,913 - INFO: global_step=140990, episodic_return=-75.705810546875
2022-11-15 00:57:16,591 - INFO: global_step=141990, episodic_return=-117.40074157714844
2022-11-15 00:57:18,417 - INFO: global_step=142990, episodic_return=-88.69036865234375
2022-11-15 00:57:19,970 - INFO: global_step=143990, episodic_return=-119.49824523925781
2022-11-15 00:57:21,743 - INFO: global_step=144990, episodic_return=-125.27703857421875
2022-11-15 00:57:23,968 - INFO: global_step=145990, episodic_return=-92.37039184570312
2022-11-15 00:57:26,754 - INFO: global_step=146990, episodic_return=-74.86521911621094
2022-11-15 00:57:28,888 - INFO: global_step=147990, episodic_return=-70.75955200195312
2022-11-15 00:57:31,550 - INFO: global_step=148990, episodic_return=-103.51561737060547
2022-11-15 00:57:34,038 - INFO: global_step=149990, episodic_return=-101.86495208740234
2022-11-15 00:57:36,014 - INFO: global_step=150990, episodic_return=-56.35761642456055
2022-11-15 00:57:38,509 - INFO: global_step=151990, episodic_return=-69.10977935791016
2022-11-15 00:57:41,386 - INFO: global_step=152990, episodic_return=-119.64945220947266
2022-11-15 00:57:43,443 - INFO: global_step=153990, episodic_return=-111.6163330078125
2022-11-15 00:57:45,910 - INFO: global_step=154990, episodic_return=-87.90772247314453
2022-11-15 00:57:47,716 - INFO: global_step=155990, episodic_return=-63.01713562011719
2022-11-15 00:57:50,200 - INFO: global_step=156990, episodic_return=-138.58180236816406
2022-11-15 00:57:52,180 - INFO: global_step=157990, episodic_return=-96.81182861328125
2022-11-15 00:57:54,081 - INFO: global_step=158990, episodic_return=-94.31351470947266
2022-11-15 00:57:55,940 - INFO: global_step=159990, episodic_return=-114.79656982421875
2022-11-15 00:57:57,885 - INFO: global_step=160990, episodic_return=-139.46958923339844
2022-11-15 00:57:59,544 - INFO: global_step=161990, episodic_return=-150.7519989013672
2022-11-15 00:58:01,691 - INFO: global_step=162990, episodic_return=-90.83296203613281
2022-11-15 00:58:04,158 - INFO: global_step=163990, episodic_return=-149.6490020751953
2022-11-15 00:58:06,554 - INFO: global_step=164990, episodic_return=-143.3526611328125
2022-11-15 00:58:08,400 - INFO: global_step=165990, episodic_return=-141.0938720703125
2022-11-15 00:58:10,555 - INFO: global_step=166990, episodic_return=-185.04763793945312
2022-11-15 00:58:11,561 - INFO: global_step=167628, episodic_return=-416.4617004394531
2022-11-15 00:58:14,474 - INFO: global_step=168628, episodic_return=-155.0028533935547
2022-11-15 00:58:15,866 - INFO: global_step=169144, episodic_return=-494.5652770996094
2022-11-15 00:58:16,442 - INFO: global_step=169572, episodic_return=-330.7593994140625
2022-11-15 00:58:18,631 - INFO: global_step=170572, episodic_return=-139.1873779296875
2022-11-15 00:58:20,859 - INFO: global_step=171572, episodic_return=-123.28277587890625
2022-11-15 00:58:22,688 - INFO: global_step=172572, episodic_return=-121.16437530517578
2022-11-15 00:58:25,030 - INFO: global_step=173572, episodic_return=-106.18504333496094
2022-11-15 00:58:27,000 - INFO: global_step=174572, episodic_return=-179.95260620117188
2022-11-15 00:58:28,972 - INFO: global_step=175572, episodic_return=-126.07257843017578
2022-11-15 00:58:30,499 - INFO: global_step=176572, episodic_return=-17.144466400146484
2022-11-15 00:58:32,704 - INFO: global_step=177572, episodic_return=-106.78913116455078
2022-11-15 00:58:34,618 - INFO: global_step=178572, episodic_return=-93.24513244628906
2022-11-15 00:58:36,733 - INFO: global_step=179572, episodic_return=-105.48016357421875
2022-11-15 00:58:38,688 - INFO: global_step=180572, episodic_return=-109.23561096191406
2022-11-15 00:58:41,119 - INFO: global_step=181572, episodic_return=-89.28739929199219
2022-11-15 00:58:43,047 - INFO: global_step=182572, episodic_return=-64.2288818359375
2022-11-15 00:58:45,045 - INFO: global_step=183572, episodic_return=-65.15105438232422
2022-11-15 00:58:47,464 - INFO: global_step=184572, episodic_return=-140.46371459960938
2022-11-15 00:58:49,705 - INFO: global_step=185572, episodic_return=-152.07972717285156
2022-11-15 00:58:52,454 - INFO: global_step=186572, episodic_return=-123.34846496582031
2022-11-15 00:58:55,421 - INFO: global_step=187572, episodic_return=-128.30459594726562
2022-11-15 00:58:57,941 - INFO: global_step=188572, episodic_return=-160.6273193359375
2022-11-15 00:58:58,957 - INFO: global_step=189261, episodic_return=126.06810760498047
2022-11-15 00:59:01,122 - INFO: global_step=190261, episodic_return=-169.76527404785156
2022-11-15 00:59:03,631 - INFO: global_step=191261, episodic_return=-171.4476776123047
2022-11-15 00:59:05,703 - INFO: global_step=192261, episodic_return=-167.91766357421875
2022-11-15 00:59:07,976 - INFO: global_step=193261, episodic_return=-167.0819549560547
2022-11-15 00:59:08,224 - INFO: global_step=193495, episodic_return=-224.92764282226562
2022-11-15 00:59:10,007 - INFO: global_step=194495, episodic_return=-170.5725860595703
2022-11-15 00:59:12,006 - INFO: global_step=195495, episodic_return=-78.91627502441406
2022-11-15 00:59:14,593 - INFO: global_step=196495, episodic_return=-101.61751556396484
2022-11-15 00:59:15,029 - INFO: global_step=196746, episodic_return=-121.79850769042969
2022-11-15 00:59:17,246 - INFO: global_step=197746, episodic_return=-169.27517700195312
2022-11-15 00:59:19,103 - INFO: global_step=198746, episodic_return=-30.201139450073242
2022-11-15 00:59:19,224 - INFO: global_step=198868, episodic_return=-190.31619262695312
2022-11-15 00:59:19,306 - INFO: global_step=198981, episodic_return=-163.61587524414062
2022-11-15 00:59:21,266 - INFO: global_step=199981, episodic_return=-179.7289581298828
2022-11-15 00:59:23,135 - INFO: global_step=200981, episodic_return=-149.5329132080078
2022-11-15 00:59:24,986 - INFO: global_step=201981, episodic_return=-134.8368682861328
2022-11-15 00:59:26,907 - INFO: global_step=202981, episodic_return=-96.18032836914062
2022-11-15 00:59:28,659 - INFO: global_step=203981, episodic_return=-136.61036682128906
2022-11-15 00:59:31,269 - INFO: global_step=204981, episodic_return=-174.71018981933594
2022-11-15 00:59:33,599 - INFO: global_step=205981, episodic_return=-131.39874267578125
2022-11-15 00:59:36,297 - INFO: global_step=206981, episodic_return=-104.75909423828125
2022-11-15 00:59:38,629 - INFO: global_step=207981, episodic_return=-137.6321258544922
2022-11-15 00:59:40,853 - INFO: global_step=208981, episodic_return=-146.0951385498047
2022-11-15 00:59:42,951 - INFO: global_step=209981, episodic_return=-173.1041259765625
2022-11-15 00:59:44,971 - INFO: global_step=210981, episodic_return=-146.03005981445312
2022-11-15 00:59:47,144 - INFO: global_step=211981, episodic_return=-167.60081481933594
2022-11-15 00:59:49,367 - INFO: global_step=212981, episodic_return=-169.1765594482422
2022-11-15 00:59:51,370 - INFO: global_step=213981, episodic_return=-140.52169799804688
2022-11-15 00:59:53,190 - INFO: global_step=214981, episodic_return=-176.93795776367188
2022-11-15 00:59:55,116 - INFO: global_step=215981, episodic_return=-171.52078247070312
2022-11-15 00:59:55,187 - INFO: global_step=216083, episodic_return=-220.2030029296875
2022-11-15 00:59:57,434 - INFO: global_step=217083, episodic_return=-181.02088928222656
2022-11-15 00:59:59,737 - INFO: global_step=218083, episodic_return=-135.76296997070312
2022-11-15 01:00:01,641 - INFO: global_step=219083, episodic_return=-189.1556854248047
2022-11-15 01:00:03,645 - INFO: global_step=220083, episodic_return=-169.8789825439453
2022-11-15 01:00:05,984 - INFO: global_step=221083, episodic_return=-173.0587615966797
2022-11-15 01:00:08,524 - INFO: global_step=222083, episodic_return=-161.6283416748047
2022-11-15 01:00:10,471 - INFO: global_step=223083, episodic_return=-170.31956481933594
2022-11-15 01:00:12,180 - INFO: global_step=224083, episodic_return=-148.30459594726562
2022-11-15 01:00:14,272 - INFO: global_step=225083, episodic_return=-169.8882598876953
2022-11-15 01:00:16,659 - INFO: global_step=226083, episodic_return=-187.56292724609375
2022-11-15 01:00:18,737 - INFO: global_step=227083, episodic_return=-183.15313720703125
2022-11-15 01:00:18,819 - INFO: global_step=227195, episodic_return=-195.38751220703125
2022-11-15 01:00:20,980 - INFO: global_step=228195, episodic_return=-172.05116271972656
2022-11-15 01:00:23,540 - INFO: global_step=229195, episodic_return=-163.99896240234375
2022-11-15 01:00:26,350 - INFO: global_step=230195, episodic_return=-182.6100311279297
2022-11-15 01:00:28,541 - INFO: global_step=231195, episodic_return=-168.42369079589844
2022-11-15 01:00:30,578 - INFO: global_step=232195, episodic_return=-146.95233154296875
2022-11-15 01:00:32,203 - INFO: global_step=233195, episodic_return=-118.37875366210938
2022-11-15 01:00:34,805 - INFO: global_step=234195, episodic_return=-133.85035705566406
2022-11-15 01:00:37,388 - INFO: global_step=235195, episodic_return=-156.4077911376953
2022-11-15 01:00:39,391 - INFO: global_step=236195, episodic_return=-98.25862121582031
2022-11-15 01:00:39,469 - INFO: global_step=236298, episodic_return=-173.28533935546875
2022-11-15 01:00:41,398 - INFO: global_step=237298, episodic_return=-161.5990753173828
2022-11-15 01:00:43,192 - INFO: global_step=238298, episodic_return=-139.5989990234375
2022-11-15 01:00:43,331 - INFO: global_step=238453, episodic_return=-157.01651000976562
2022-11-15 01:00:45,496 - INFO: global_step=239453, episodic_return=-165.78884887695312
2022-11-15 01:00:47,401 - INFO: global_step=240453, episodic_return=-148.2449188232422
2022-11-15 01:00:49,143 - INFO: global_step=241453, episodic_return=-160.59552001953125
2022-11-15 01:00:49,232 - INFO: global_step=241571, episodic_return=-144.60888671875
2022-11-15 01:00:50,816 - INFO: global_step=242571, episodic_return=-171.6965789794922
2022-11-15 01:00:52,696 - INFO: global_step=243571, episodic_return=-219.02603149414062
2022-11-15 01:00:54,582 - INFO: global_step=244571, episodic_return=-145.51754760742188
2022-11-15 01:00:56,203 - INFO: global_step=245571, episodic_return=-159.64361572265625
2022-11-15 01:00:58,089 - INFO: global_step=246571, episodic_return=-177.37741088867188
2022-11-15 01:01:00,042 - INFO: global_step=247571, episodic_return=-182.82374572753906
2022-11-15 01:01:01,936 - INFO: global_step=248571, episodic_return=-188.9425048828125
2022-11-15 01:01:03,614 - INFO: global_step=249571, episodic_return=-159.23373413085938
2022-11-15 01:01:05,690 - INFO: global_step=250571, episodic_return=-160.2438507080078
2022-11-15 01:01:08,040 - INFO: global_step=251571, episodic_return=-172.54844665527344
2022-11-15 01:01:09,902 - INFO: global_step=252571, episodic_return=-130.06776428222656
2022-11-15 01:01:11,768 - INFO: global_step=253571, episodic_return=-143.93099975585938
2022-11-15 01:01:14,001 - INFO: global_step=254571, episodic_return=-179.52989196777344
2022-11-15 01:01:16,541 - INFO: global_step=255571, episodic_return=-178.25833129882812
2022-11-15 01:01:18,533 - INFO: global_step=256571, episodic_return=-149.0478515625
2022-11-15 01:01:18,854 - INFO: global_step=256774, episodic_return=-223.3536376953125
2022-11-15 01:01:21,262 - INFO: global_step=257774, episodic_return=-167.34300231933594
2022-11-15 01:01:23,186 - INFO: global_step=258774, episodic_return=-172.39381408691406
2022-11-15 01:01:23,357 - INFO: global_step=258961, episodic_return=-189.15411376953125
2022-11-15 01:01:23,544 - INFO: global_step=259185, episodic_return=-247.11341857910156
2022-11-15 01:01:26,003 - INFO: global_step=260185, episodic_return=-181.93783569335938
2022-11-15 01:01:28,540 - INFO: global_step=261185, episodic_return=-138.43211364746094
2022-11-15 01:01:30,141 - INFO: global_step=262185, episodic_return=-65.124267578125
2022-11-15 01:01:31,822 - INFO: global_step=263185, episodic_return=-86.79501342773438
2022-11-15 01:01:33,862 - INFO: global_step=264185, episodic_return=-132.4738311767578
2022-11-15 01:01:35,408 - INFO: global_step=265185, episodic_return=-101.86768341064453
2022-11-15 01:01:36,821 - INFO: global_step=266185, episodic_return=-124.86967468261719
2022-11-15 01:01:38,510 - INFO: global_step=267185, episodic_return=-74.75032806396484
2022-11-15 01:01:40,182 - INFO: global_step=268185, episodic_return=-153.11199951171875
2022-11-15 01:01:42,196 - INFO: global_step=269185, episodic_return=-132.31765747070312
2022-11-15 01:01:43,848 - INFO: global_step=270185, episodic_return=-94.06812286376953
2022-11-15 01:01:45,603 - INFO: global_step=271185, episodic_return=-125.89070129394531
2022-11-15 01:01:47,226 - INFO: global_step=272185, episodic_return=-151.66395568847656
2022-11-15 01:01:49,426 - INFO: global_step=273185, episodic_return=-168.32327270507812
2022-11-15 01:01:51,312 - INFO: global_step=274185, episodic_return=-116.42228698730469
2022-11-15 01:01:53,261 - INFO: global_step=275185, episodic_return=-117.45333099365234
2022-11-15 01:01:56,023 - INFO: global_step=276185, episodic_return=-166.66879272460938
2022-11-15 01:01:58,406 - INFO: global_step=277185, episodic_return=-160.0955810546875
2022-11-15 01:02:00,530 - INFO: global_step=278185, episodic_return=-181.2596435546875
2022-11-15 01:02:02,284 - INFO: global_step=279185, episodic_return=-89.67239379882812
2022-11-15 01:02:04,756 - INFO: global_step=280185, episodic_return=-144.99085998535156
2022-11-15 01:02:06,914 - INFO: global_step=281185, episodic_return=-50.601959228515625
2022-11-15 01:02:08,496 - INFO: global_step=282185, episodic_return=-105.40583038330078
2022-11-15 01:02:10,606 - INFO: global_step=283185, episodic_return=-155.84017944335938
2022-11-15 01:02:12,810 - INFO: global_step=284185, episodic_return=-98.77508544921875
2022-11-15 01:02:14,668 - INFO: global_step=285185, episodic_return=-166.65675354003906
2022-11-15 01:02:17,712 - INFO: global_step=286185, episodic_return=-160.30258178710938
2022-11-15 01:02:19,952 - INFO: global_step=287185, episodic_return=-81.14131164550781
2022-11-15 01:02:22,302 - INFO: global_step=288185, episodic_return=-88.46858215332031
2022-11-15 01:02:24,211 - INFO: global_step=289185, episodic_return=-150.7002716064453
2022-11-15 01:02:24,680 - INFO: global_step=289560, episodic_return=236.78395080566406
2022-11-15 01:02:26,885 - INFO: global_step=290560, episodic_return=-124.24369812011719
2022-11-15 01:02:27,578 - INFO: global_step=291018, episodic_return=-65.88522338867188
2022-11-15 01:02:29,555 - INFO: global_step=292018, episodic_return=-153.1346893310547
2022-11-15 01:02:31,396 - INFO: global_step=293018, episodic_return=-158.48468017578125
2022-11-15 01:02:31,958 - INFO: global_step=293488, episodic_return=206.82781982421875
2022-11-15 01:02:34,412 - INFO: global_step=294488, episodic_return=-115.53146362304688
2022-11-15 01:02:36,671 - INFO: global_step=295488, episodic_return=-146.57818603515625
2022-11-15 01:02:38,910 - INFO: global_step=296488, episodic_return=-65.4999771118164
2022-11-15 01:02:41,327 - INFO: global_step=297488, episodic_return=-127.78661346435547
2022-11-15 01:02:42,669 - INFO: global_step=298488, episodic_return=-76.3874282836914
2022-11-15 01:02:44,379 - INFO: global_step=299488, episodic_return=-65.82028198242188
2022-11-15 01:02:48,058 - INFO: global_step=300488, episodic_return=-156.87103271484375
2022-11-15 01:02:50,175 - INFO: global_step=301488, episodic_return=-129.38912963867188
2022-11-15 01:02:52,366 - INFO: global_step=302488, episodic_return=-139.08859252929688
2022-11-15 01:02:54,459 - INFO: global_step=303488, episodic_return=-137.6712188720703
2022-11-15 01:02:56,554 - INFO: global_step=304488, episodic_return=-103.97122955322266
2022-11-15 01:02:58,710 - INFO: global_step=305488, episodic_return=-63.60842514038086
2022-11-15 01:03:01,611 - INFO: global_step=306488, episodic_return=-152.6312713623047
2022-11-15 01:03:03,762 - INFO: global_step=307488, episodic_return=-113.75017547607422
2022-11-15 01:03:06,032 - INFO: global_step=308488, episodic_return=-67.62022399902344
2022-11-15 01:03:06,212 - INFO: global_step=308663, episodic_return=-85.74640655517578
2022-11-15 01:03:08,874 - INFO: global_step=309663, episodic_return=-112.23804473876953
2022-11-15 01:03:10,832 - INFO: global_step=310663, episodic_return=-106.05443572998047
2022-11-15 01:03:13,245 - INFO: global_step=311663, episodic_return=-138.06260681152344
2022-11-15 01:03:15,077 - INFO: global_step=312663, episodic_return=-130.43606567382812
2022-11-15 01:03:16,740 - INFO: global_step=313663, episodic_return=-106.37435913085938
2022-11-15 01:03:17,219 - INFO: global_step=314059, episodic_return=-64.30360412597656
2022-11-15 01:03:17,390 - INFO: global_step=314243, episodic_return=-95.81107330322266
2022-11-15 01:03:19,740 - INFO: global_step=315243, episodic_return=-31.36090850830078
2022-11-15 01:03:22,322 - INFO: global_step=316243, episodic_return=-136.31626892089844
2022-11-15 01:03:24,078 - INFO: global_step=317243, episodic_return=-52.18947219848633
2022-11-15 01:03:25,866 - INFO: global_step=318243, episodic_return=-45.58327102661133
2022-11-15 01:03:26,292 - INFO: global_step=318669, episodic_return=-131.58192443847656
2022-11-15 01:03:28,523 - INFO: global_step=319669, episodic_return=-118.2394027709961
2022-11-15 01:03:28,646 - INFO: global_step=319819, episodic_return=-96.9166259765625
2022-11-15 01:03:29,066 - INFO: global_step=320180, episodic_return=-122.57504272460938
2022-11-15 01:03:31,952 - INFO: global_step=321180, episodic_return=-136.4141082763672
2022-11-15 01:03:34,404 - INFO: global_step=322180, episodic_return=-97.93538665771484
2022-11-15 01:03:34,607 - INFO: global_step=322398, episodic_return=-24.176673889160156
2022-11-15 01:03:36,977 - INFO: global_step=323398, episodic_return=-144.50250244140625
2022-11-15 01:03:37,192 - INFO: global_step=323606, episodic_return=-47.81764221191406
2022-11-15 01:03:38,973 - INFO: global_step=324606, episodic_return=-29.62108612060547
2022-11-15 01:03:40,696 - INFO: global_step=325606, episodic_return=-71.38215637207031
2022-11-15 01:03:42,343 - INFO: global_step=326606, episodic_return=-75.35858917236328
2022-11-15 01:03:43,925 - INFO: global_step=327606, episodic_return=-165.60728454589844
2022-11-15 01:03:45,974 - INFO: global_step=328606, episodic_return=-119.5903091430664
2022-11-15 01:03:47,708 - INFO: global_step=329606, episodic_return=-80.53463745117188
2022-11-15 01:03:49,387 - INFO: global_step=330606, episodic_return=-58.936073303222656
2022-11-15 01:03:51,099 - INFO: global_step=331606, episodic_return=-56.16557693481445
2022-11-15 01:03:52,712 - INFO: global_step=332606, episodic_return=-69.3323974609375
2022-11-15 01:03:54,633 - INFO: global_step=333606, episodic_return=-101.83163452148438
2022-11-15 01:03:56,421 - INFO: global_step=334606, episodic_return=-58.43648910522461
2022-11-15 01:03:58,891 - INFO: global_step=335606, episodic_return=-43.83804702758789
2022-11-15 01:04:00,538 - INFO: global_step=336606, episodic_return=11.403600692749023
2022-11-15 01:04:02,135 - INFO: global_step=337606, episodic_return=-113.9817886352539
2022-11-15 01:04:04,023 - INFO: global_step=338606, episodic_return=-67.43883514404297
2022-11-15 01:04:05,961 - INFO: global_step=339606, episodic_return=-106.62013244628906
2022-11-15 01:04:08,041 - INFO: global_step=340606, episodic_return=-130.61573791503906
2022-11-15 01:04:09,485 - INFO: global_step=341606, episodic_return=-52.3950080871582
2022-11-15 01:04:11,083 - INFO: global_step=342606, episodic_return=-39.68351364135742
2022-11-15 01:04:12,759 - INFO: global_step=343606, episodic_return=-47.10098648071289
2022-11-15 01:04:14,979 - INFO: global_step=344606, episodic_return=-146.4709014892578
2022-11-15 01:04:18,052 - INFO: global_step=345606, episodic_return=-80.8755874633789
2022-11-15 01:04:19,557 - INFO: global_step=346606, episodic_return=-108.98825073242188
2022-11-15 01:04:21,047 - INFO: global_step=347606, episodic_return=-89.36973571777344
2022-11-15 01:04:23,119 - INFO: global_step=348606, episodic_return=-152.4037322998047
2022-11-15 01:04:24,646 - INFO: global_step=349606, episodic_return=-58.36492919921875
2022-11-15 01:04:26,345 - INFO: global_step=350606, episodic_return=-55.80804443359375
2022-11-15 01:04:28,418 - INFO: global_step=351606, episodic_return=-109.27596282958984
2022-11-15 01:04:30,336 - INFO: global_step=352606, episodic_return=-27.90936279296875
2022-11-15 01:04:31,917 - INFO: global_step=353606, episodic_return=-74.31829071044922
2022-11-15 01:04:33,924 - INFO: global_step=354606, episodic_return=-88.1278305053711
2022-11-15 01:04:36,186 - INFO: global_step=355606, episodic_return=-133.8268280029297
2022-11-15 01:04:38,218 - INFO: global_step=356606, episodic_return=-153.7794189453125
2022-11-15 01:04:40,122 - INFO: global_step=357606, episodic_return=-145.55575561523438
2022-11-15 01:04:42,467 - INFO: global_step=358606, episodic_return=-139.40780639648438
2022-11-15 01:04:44,555 - INFO: global_step=359606, episodic_return=-96.69512939453125
2022-11-15 01:04:47,055 - INFO: global_step=360606, episodic_return=-171.96286010742188
2022-11-15 01:04:48,500 - INFO: global_step=361606, episodic_return=-97.08367919921875
2022-11-15 01:04:50,375 - INFO: global_step=362606, episodic_return=-131.67767333984375
2022-11-15 01:04:52,183 - INFO: global_step=363606, episodic_return=-81.30558776855469
2022-11-15 01:04:54,122 - INFO: global_step=364606, episodic_return=-164.73403930664062
2022-11-15 01:04:54,333 - INFO: global_step=364848, episodic_return=-254.9676055908203
2022-11-15 01:04:56,265 - INFO: global_step=365848, episodic_return=-132.87289428710938
2022-11-15 01:04:56,659 - INFO: global_step=366215, episodic_return=-134.32028198242188
2022-11-15 01:04:59,181 - INFO: global_step=367215, episodic_return=-128.95045471191406
2022-11-15 01:05:00,923 - INFO: global_step=368215, episodic_return=-162.51370239257812
2022-11-15 01:05:03,686 - INFO: global_step=369215, episodic_return=-107.99813842773438
2022-11-15 01:05:05,356 - INFO: global_step=370215, episodic_return=-86.5621566772461
2022-11-15 01:05:06,959 - INFO: global_step=371215, episodic_return=-72.43572235107422
2022-11-15 01:05:08,620 - INFO: global_step=372215, episodic_return=-162.83950805664062
2022-11-15 01:05:10,634 - INFO: global_step=373215, episodic_return=-55.57817459106445
2022-11-15 01:05:13,044 - INFO: global_step=374215, episodic_return=-88.58074951171875
2022-11-15 01:05:15,255 - INFO: global_step=375215, episodic_return=-150.08731079101562
2022-11-15 01:05:17,507 - INFO: global_step=376215, episodic_return=-94.73527526855469
2022-11-15 01:05:19,360 - INFO: global_step=377215, episodic_return=-54.074275970458984
2022-11-15 01:05:20,988 - INFO: global_step=378215, episodic_return=-65.44849395751953
2022-11-15 01:05:23,411 - INFO: global_step=379215, episodic_return=-147.6614990234375
2022-11-15 01:05:24,822 - INFO: global_step=380215, episodic_return=-58.4452018737793
2022-11-15 01:05:27,586 - INFO: global_step=381215, episodic_return=-139.38864135742188
2022-11-15 01:05:29,521 - INFO: global_step=382215, episodic_return=-122.35617065429688
2022-11-15 01:05:32,327 - INFO: global_step=383215, episodic_return=-140.66806030273438
2022-11-15 01:05:32,597 - INFO: global_step=383476, episodic_return=-152.148681640625
2022-11-15 01:05:34,884 - INFO: global_step=384476, episodic_return=-97.48394775390625
2022-11-15 01:05:37,128 - INFO: global_step=385476, episodic_return=-176.7406768798828
2022-11-15 01:05:38,792 - INFO: global_step=386476, episodic_return=-138.93690490722656
2022-11-15 01:05:40,783 - INFO: global_step=387476, episodic_return=-74.32302856445312
2022-11-15 01:05:42,389 - INFO: global_step=388476, episodic_return=-111.6705322265625
2022-11-15 01:05:44,332 - INFO: global_step=389476, episodic_return=-140.19117736816406
2022-11-15 01:05:46,434 - INFO: global_step=390476, episodic_return=-153.0516357421875
2022-11-15 01:05:48,201 - INFO: global_step=391476, episodic_return=-111.62159729003906
2022-11-15 01:05:49,762 - INFO: global_step=392476, episodic_return=-38.582271575927734
2022-11-15 01:05:52,064 - INFO: global_step=393476, episodic_return=-115.81278991699219
2022-11-15 01:05:53,975 - INFO: global_step=394476, episodic_return=-92.5505599975586
2022-11-15 01:05:56,881 - INFO: global_step=395476, episodic_return=-157.15960693359375
2022-11-15 01:05:59,614 - INFO: global_step=396476, episodic_return=-136.7994384765625
2022-11-15 01:06:01,932 - INFO: global_step=397476, episodic_return=-83.46144104003906
2022-11-15 01:06:03,765 - INFO: global_step=398476, episodic_return=-110.43673706054688
2022-11-15 01:06:05,927 - INFO: global_step=399476, episodic_return=-135.64297485351562
2022-11-15 01:06:08,159 - INFO: global_step=400476, episodic_return=-107.47002410888672
2022-11-15 01:06:09,806 - INFO: global_step=401476, episodic_return=-100.478271484375
2022-11-15 01:06:12,712 - INFO: global_step=402476, episodic_return=-176.51962280273438
2022-11-15 01:06:14,535 - INFO: global_step=403476, episodic_return=-178.64181518554688
2022-11-15 01:06:15,811 - INFO: global_step=404476, episodic_return=-118.35710144042969
2022-11-15 01:06:15,874 - INFO: global_step=404573, episodic_return=-162.12515258789062
2022-11-15 01:06:18,442 - INFO: global_step=405573, episodic_return=-152.72280883789062
2022-11-15 01:06:20,034 - INFO: global_step=406573, episodic_return=-123.24056243896484
2022-11-15 01:06:22,982 - INFO: global_step=407573, episodic_return=-196.5519561767578
2022-11-15 01:06:24,917 - INFO: global_step=408573, episodic_return=-188.37486267089844
2022-11-15 01:06:27,506 - INFO: global_step=409573, episodic_return=-142.15708923339844
2022-11-15 01:06:29,899 - INFO: global_step=410573, episodic_return=-133.91241455078125
2022-11-15 01:06:32,407 - INFO: global_step=411573, episodic_return=-50.36271667480469
2022-11-15 01:06:34,402 - INFO: global_step=412573, episodic_return=-194.64935302734375
2022-11-15 01:06:36,184 - INFO: global_step=413573, episodic_return=-132.43841552734375
2022-11-15 01:06:38,319 - INFO: global_step=414573, episodic_return=-123.0440902709961
2022-11-15 01:06:38,412 - INFO: global_step=414674, episodic_return=-137.5099334716797
2022-11-15 01:06:40,698 - INFO: global_step=415674, episodic_return=-95.17858123779297
2022-11-15 01:06:42,405 - INFO: global_step=416674, episodic_return=-72.27127075195312
2022-11-15 01:06:44,654 - INFO: global_step=417674, episodic_return=-69.83856201171875
2022-11-15 01:06:46,563 - INFO: global_step=418674, episodic_return=-79.63629913330078
2022-11-15 01:06:48,024 - INFO: global_step=419674, episodic_return=-136.8341064453125
2022-11-15 01:06:50,118 - INFO: global_step=420674, episodic_return=-82.96489715576172
2022-11-15 01:06:52,149 - INFO: global_step=421674, episodic_return=-134.42010498046875
2022-11-15 01:06:54,308 - INFO: global_step=422674, episodic_return=-137.3321990966797
2022-11-15 01:06:55,875 - INFO: global_step=423674, episodic_return=-48.88050079345703
2022-11-15 01:06:57,738 - INFO: global_step=424674, episodic_return=57.73249435424805
2022-11-15 01:06:59,584 - INFO: global_step=425674, episodic_return=-68.82928466796875
2022-11-15 01:07:01,282 - INFO: global_step=426674, episodic_return=-117.37985229492188
2022-11-15 01:07:03,186 - INFO: global_step=427674, episodic_return=-14.250248908996582
2022-11-15 01:07:05,364 - INFO: global_step=428674, episodic_return=-101.88806915283203
2022-11-15 01:07:07,103 - INFO: global_step=429674, episodic_return=-80.82455444335938
2022-11-15 01:07:08,945 - INFO: global_step=430674, episodic_return=-103.63013458251953
2022-11-15 01:07:10,569 - INFO: global_step=431674, episodic_return=-48.1116828918457
2022-11-15 01:07:12,596 - INFO: global_step=432674, episodic_return=-134.17955017089844
2022-11-15 01:07:14,525 - INFO: global_step=433674, episodic_return=-50.00790023803711
2022-11-15 01:07:16,385 - INFO: global_step=434674, episodic_return=-50.21580505371094
2022-11-15 01:07:19,676 - INFO: global_step=435674, episodic_return=-124.3967056274414
2022-11-15 01:07:21,778 - INFO: global_step=436674, episodic_return=-155.57980346679688
2022-11-15 01:07:23,771 - INFO: global_step=437674, episodic_return=-117.75090026855469
2022-11-15 01:07:25,345 - INFO: global_step=438674, episodic_return=-51.77870559692383
2022-11-15 01:07:27,374 - INFO: global_step=439674, episodic_return=-96.0461196899414
2022-11-15 01:07:29,268 - INFO: global_step=440674, episodic_return=7.941627502441406
2022-11-15 01:07:31,695 - INFO: global_step=441674, episodic_return=-120.27731323242188
2022-11-15 01:07:33,576 - INFO: global_step=442674, episodic_return=-118.12300872802734
2022-11-15 01:07:35,694 - INFO: global_step=443674, episodic_return=-103.13878631591797
2022-11-15 01:07:37,724 - INFO: global_step=444674, episodic_return=-102.64898681640625
2022-11-15 01:07:39,686 - INFO: global_step=445674, episodic_return=-31.152578353881836
2022-11-15 01:07:42,868 - INFO: global_step=446674, episodic_return=-63.08456039428711
2022-11-15 01:07:45,078 - INFO: global_step=447674, episodic_return=-46.093040466308594
2022-11-15 01:07:46,865 - INFO: global_step=448674, episodic_return=-38.88072967529297
2022-11-15 01:07:48,622 - INFO: global_step=449674, episodic_return=-24.9898624420166
2022-11-15 01:07:51,090 - INFO: global_step=450674, episodic_return=-157.79217529296875
2022-11-15 01:07:52,926 - INFO: global_step=451674, episodic_return=-30.861595153808594
2022-11-15 01:07:54,501 - INFO: global_step=452674, episodic_return=-131.2168426513672
2022-11-15 01:07:56,061 - INFO: global_step=453674, episodic_return=-153.0334014892578
2022-11-15 01:07:58,463 - INFO: global_step=454674, episodic_return=-170.2902069091797
2022-11-15 01:08:00,427 - INFO: global_step=455674, episodic_return=-163.60781860351562
2022-11-15 01:08:02,258 - INFO: global_step=456674, episodic_return=-142.5624542236328
2022-11-15 01:08:04,620 - INFO: global_step=457674, episodic_return=-135.1607666015625
2022-11-15 01:08:06,847 - INFO: global_step=458674, episodic_return=-75.07317352294922
2022-11-15 01:08:09,911 - INFO: global_step=459674, episodic_return=-110.3371353149414
2022-11-15 01:08:11,621 - INFO: global_step=460674, episodic_return=-91.67206573486328
2022-11-15 01:08:13,768 - INFO: global_step=461674, episodic_return=-65.87166595458984
2022-11-15 01:08:16,354 - INFO: global_step=462674, episodic_return=-94.7114028930664
2022-11-15 01:08:18,083 - INFO: global_step=463674, episodic_return=-76.26226806640625
2022-11-15 01:08:20,090 - INFO: global_step=464674, episodic_return=-86.49051666259766
2022-11-15 01:08:22,240 - INFO: global_step=465674, episodic_return=-175.17742919921875
2022-11-15 01:08:24,449 - INFO: global_step=466674, episodic_return=-83.81084442138672
2022-11-15 01:08:25,855 - INFO: global_step=467674, episodic_return=-109.26960754394531
2022-11-15 01:08:28,640 - INFO: global_step=468674, episodic_return=-137.1548614501953
2022-11-15 01:08:30,258 - INFO: global_step=469674, episodic_return=-116.9857406616211
2022-11-15 01:08:31,845 - INFO: global_step=470674, episodic_return=-65.61450958251953
2022-11-15 01:08:34,698 - INFO: global_step=471674, episodic_return=-161.11123657226562
2022-11-15 01:08:36,410 - INFO: global_step=472674, episodic_return=-149.6042938232422
2022-11-15 01:08:38,434 - INFO: global_step=473674, episodic_return=-112.00880432128906
2022-11-15 01:08:40,857 - INFO: global_step=474674, episodic_return=-138.73890686035156
2022-11-15 01:08:42,420 - INFO: global_step=475674, episodic_return=-84.74346923828125
2022-11-15 01:08:45,188 - INFO: global_step=476674, episodic_return=-103.01292419433594
2022-11-15 01:08:47,526 - INFO: global_step=477674, episodic_return=-129.43507385253906
2022-11-15 01:08:49,784 - INFO: global_step=478674, episodic_return=-145.90762329101562
2022-11-15 01:08:51,841 - INFO: global_step=479674, episodic_return=-122.51663970947266
2022-11-15 01:08:53,870 - INFO: global_step=480674, episodic_return=-128.01480102539062
2022-11-15 01:08:56,071 - INFO: global_step=481674, episodic_return=-96.4716796875
2022-11-15 01:08:57,712 - INFO: global_step=482674, episodic_return=-62.694522857666016
2022-11-15 01:08:59,518 - INFO: global_step=483674, episodic_return=-30.251110076904297
2022-11-15 01:09:01,821 - INFO: global_step=484674, episodic_return=-53.584877014160156
2022-11-15 01:09:03,655 - INFO: global_step=485674, episodic_return=-71.42010498046875
2022-11-15 01:09:06,007 - INFO: global_step=486674, episodic_return=-47.83625793457031
2022-11-15 01:09:08,145 - INFO: global_step=487674, episodic_return=-142.81808471679688
2022-11-15 01:09:10,203 - INFO: global_step=488674, episodic_return=29.786163330078125
2022-11-15 01:09:11,689 - INFO: global_step=489674, episodic_return=-72.77728271484375
2022-11-15 01:09:13,317 - INFO: global_step=490674, episodic_return=-41.88577651977539
2022-11-15 01:09:15,027 - INFO: global_step=491674, episodic_return=-61.753177642822266
2022-11-15 01:09:17,040 - INFO: global_step=492674, episodic_return=-118.33064270019531
2022-11-15 01:09:19,271 - INFO: global_step=493674, episodic_return=-133.91766357421875
2022-11-15 01:09:21,518 - INFO: global_step=494674, episodic_return=-119.7919692993164
2022-11-15 01:09:23,516 - INFO: global_step=495674, episodic_return=-93.49984741210938
2022-11-15 01:09:25,120 - INFO: global_step=496674, episodic_return=-24.82280158996582
2022-11-15 01:09:26,889 - INFO: global_step=497674, episodic_return=-134.3904266357422
2022-11-15 01:09:28,767 - INFO: global_step=498674, episodic_return=-91.6651611328125
2022-11-15 01:09:31,101 - INFO: global_step=499674, episodic_return=-112.97610473632812
2022-11-15 01:09:31,582 - INFO: The average reward of last 20 steps: -80.45580644607544
