2022-11-15 02:29:45,827 - INFO: +--------------------------+----------------+
| Parameter                | Value          |
+--------------------------+----------------+
| exp_name                 | dqn            |
+--------------------------+----------------+
| seed                     | 42             |
+--------------------------+----------------+
| total_timesteps          | 500000         |
+--------------------------+----------------+
| learning_rate            | 0.001          |
+--------------------------+----------------+
| buffer_size              | 2000           |
+--------------------------+----------------+
| gamma                    | 0.982          |
+--------------------------+----------------+
| target_network_frequency | 50             |
+--------------------------+----------------+
| batch_size               | 128            |
+--------------------------+----------------+
| start_e                  | 0.300          |
+--------------------------+----------------+
| end_e                    | 0.010          |
+--------------------------+----------------+
| exploration_fraction     | 0.100          |
+--------------------------+----------------+
| learning_starts          | 10000          |
+--------------------------+----------------+
| train_frequency          | 10             |
+--------------------------+----------------+
| env_id                   | LunarLander-v2 |
+--------------------------+----------------+
2022-11-15 02:29:48,990 - INFO: global_step=111, episodic_return=-611.77490234375
2022-11-15 02:29:49,027 - INFO: global_step=172, episodic_return=-122.97918701171875
2022-11-15 02:29:49,064 - INFO: global_step=228, episodic_return=-94.93672180175781
2022-11-15 02:29:49,117 - INFO: global_step=311, episodic_return=-406.9200134277344
2022-11-15 02:29:49,166 - INFO: global_step=380, episodic_return=-112.57621765136719
2022-11-15 02:29:49,249 - INFO: global_step=495, episodic_return=-479.4324645996094
2022-11-15 02:29:49,301 - INFO: global_step=573, episodic_return=-398.597900390625
2022-11-15 02:29:49,398 - INFO: global_step=713, episodic_return=-640.2501220703125
2022-11-15 02:29:49,484 - INFO: global_step=814, episodic_return=-671.2049560546875
2022-11-15 02:29:49,575 - INFO: global_step=934, episodic_return=-637.9738159179688
2022-11-15 02:29:49,821 - INFO: global_step=1190, episodic_return=-1419.886962890625
2022-11-15 02:29:49,892 - INFO: global_step=1280, episodic_return=-397.7746887207031
2022-11-15 02:29:50,076 - INFO: global_step=1519, episodic_return=-1001.4533081054688
2022-11-15 02:29:50,131 - INFO: global_step=1598, episodic_return=-455.6024169921875
2022-11-15 02:29:50,182 - INFO: global_step=1679, episodic_return=-525.6224975585938
2022-11-15 02:29:50,285 - INFO: global_step=1833, episodic_return=-879.5147094726562
2022-11-15 02:29:50,379 - INFO: global_step=1994, episodic_return=-539.501708984375
2022-11-15 02:29:50,402 - INFO: global_step=2048, episodic_return=-88.78020477294922
2022-11-15 02:29:50,500 - INFO: global_step=2220, episodic_return=-951.8771362304688
2022-11-15 02:29:50,542 - INFO: global_step=2293, episodic_return=-518.1524047851562
2022-11-15 02:29:50,582 - INFO: global_step=2350, episodic_return=-122.95742797851562
2022-11-15 02:29:50,730 - INFO: global_step=2561, episodic_return=-1059.027587890625
2022-11-15 02:29:50,806 - INFO: global_step=2707, episodic_return=-723.2219848632812
2022-11-15 02:29:50,903 - INFO: global_step=2883, episodic_return=-895.8796997070312
2022-11-15 02:29:50,948 - INFO: global_step=2957, episodic_return=-551.896240234375
2022-11-15 02:29:50,984 - INFO: global_step=3018, episodic_return=-127.02987670898438
2022-11-15 02:29:51,155 - INFO: global_step=3258, episodic_return=-1213.2476806640625
2022-11-15 02:29:51,204 - INFO: global_step=3333, episodic_return=-504.23046875
2022-11-15 02:29:51,237 - INFO: global_step=3399, episodic_return=-500.4639587402344
2022-11-15 02:29:51,305 - INFO: global_step=3524, episodic_return=-654.3281860351562
2022-11-15 02:29:51,441 - INFO: global_step=3732, episodic_return=-1270.6953125
2022-11-15 02:29:51,565 - INFO: global_step=3898, episodic_return=-840.1094970703125
2022-11-15 02:29:51,635 - INFO: global_step=3975, episodic_return=-505.8770751953125
2022-11-15 02:29:51,884 - INFO: global_step=4254, episodic_return=-1763.808349609375
2022-11-15 02:29:52,055 - INFO: global_step=4489, episodic_return=-1218.2783203125
2022-11-15 02:29:52,141 - INFO: global_step=4547, episodic_return=-116.7235107421875
2022-11-15 02:29:52,175 - INFO: global_step=4604, episodic_return=-108.29883575439453
2022-11-15 02:29:52,207 - INFO: global_step=4664, episodic_return=-483.8301086425781
2022-11-15 02:29:52,240 - INFO: global_step=4740, episodic_return=-470.3735656738281
2022-11-15 02:29:52,266 - INFO: global_step=4802, episodic_return=-132.2563018798828
2022-11-15 02:29:52,336 - INFO: global_step=4927, episodic_return=-756.8068237304688
2022-11-15 02:29:52,365 - INFO: global_step=4990, episodic_return=-478.95147705078125
2022-11-15 02:29:52,392 - INFO: global_step=5044, episodic_return=-97.11067962646484
2022-11-15 02:29:52,430 - INFO: global_step=5117, episodic_return=-517.955810546875
2022-11-15 02:29:52,631 - INFO: global_step=5397, episodic_return=-1509.0047607421875
2022-11-15 02:29:52,676 - INFO: global_step=5485, episodic_return=-585.7134399414062
2022-11-15 02:29:52,721 - INFO: global_step=5575, episodic_return=-429.57623291015625
2022-11-15 02:29:52,758 - INFO: global_step=5652, episodic_return=-562.3818359375
2022-11-15 02:29:52,788 - INFO: global_step=5712, episodic_return=-115.78825378417969
2022-11-15 02:29:52,839 - INFO: global_step=5804, episodic_return=-621.007080078125
2022-11-15 02:29:52,876 - INFO: global_step=5856, episodic_return=-114.060302734375
2022-11-15 02:29:52,928 - INFO: global_step=5939, episodic_return=-528.5834350585938
2022-11-15 02:29:52,960 - INFO: global_step=6000, episodic_return=-107.02364349365234
2022-11-15 02:29:52,992 - INFO: global_step=6061, episodic_return=-97.43589782714844
2022-11-15 02:29:53,226 - INFO: global_step=6339, episodic_return=-1259.4295654296875
2022-11-15 02:29:53,276 - INFO: global_step=6411, episodic_return=-446.2065124511719
2022-11-15 02:29:53,385 - INFO: global_step=6540, episodic_return=-770.865234375
2022-11-15 02:29:53,560 - INFO: global_step=6633, episodic_return=-588.14453125
2022-11-15 02:29:53,698 - INFO: global_step=6709, episodic_return=-381.8225402832031
2022-11-15 02:29:53,791 - INFO: global_step=6822, episodic_return=-544.2996215820312
2022-11-15 02:29:53,830 - INFO: global_step=6882, episodic_return=-116.54676818847656
2022-11-15 02:29:53,871 - INFO: global_step=6955, episodic_return=-501.8966369628906
2022-11-15 02:29:53,916 - INFO: global_step=7027, episodic_return=-342.013671875
2022-11-15 02:29:53,990 - INFO: global_step=7147, episodic_return=-564.208984375
2022-11-15 02:29:54,034 - INFO: global_step=7226, episodic_return=-449.91326904296875
2022-11-15 02:29:54,077 - INFO: global_step=7293, episodic_return=-536.963134765625
2022-11-15 02:29:54,139 - INFO: global_step=7389, episodic_return=-598.8497314453125
2022-11-15 02:29:54,177 - INFO: global_step=7447, episodic_return=-140.8437042236328
2022-11-15 02:29:54,223 - INFO: global_step=7517, episodic_return=-594.8595581054688
2022-11-15 02:29:54,271 - INFO: global_step=7588, episodic_return=-125.6477279663086
2022-11-15 02:29:54,324 - INFO: global_step=7686, episodic_return=-591.0364990234375
2022-11-15 02:29:54,353 - INFO: global_step=7741, episodic_return=-318.5814208984375
2022-11-15 02:29:54,421 - INFO: global_step=7843, episodic_return=-578.76318359375
2022-11-15 02:29:54,491 - INFO: global_step=7933, episodic_return=-333.27899169921875
2022-11-15 02:29:54,542 - INFO: global_step=7999, episodic_return=-509.6133117675781
2022-11-15 02:29:54,741 - INFO: global_step=8222, episodic_return=-1440.8638916015625
2022-11-15 02:29:54,800 - INFO: global_step=8293, episodic_return=-561.861328125
2022-11-15 02:29:54,847 - INFO: global_step=8352, episodic_return=-125.567138671875
2022-11-15 02:29:54,893 - INFO: global_step=8426, episodic_return=-591.0719604492188
2022-11-15 02:29:54,926 - INFO: global_step=8477, episodic_return=-128.31077575683594
2022-11-15 02:29:54,961 - INFO: global_step=8538, episodic_return=-470.9587097167969
2022-11-15 02:29:55,000 - INFO: global_step=8600, episodic_return=-490.09210205078125
2022-11-15 02:29:55,041 - INFO: global_step=8667, episodic_return=-134.64990234375
2022-11-15 02:29:55,073 - INFO: global_step=8724, episodic_return=-142.89866638183594
2022-11-15 02:29:55,105 - INFO: global_step=8780, episodic_return=-278.41021728515625
2022-11-15 02:29:55,157 - INFO: global_step=8863, episodic_return=-455.7087707519531
2022-11-15 02:29:55,196 - INFO: global_step=8931, episodic_return=-529.2412719726562
2022-11-15 02:29:55,220 - INFO: global_step=8985, episodic_return=-112.19792938232422
2022-11-15 02:29:55,270 - INFO: global_step=9074, episodic_return=-593.7408447265625
2022-11-15 02:29:55,307 - INFO: global_step=9134, episodic_return=-128.46340942382812
2022-11-15 02:29:55,351 - INFO: global_step=9201, episodic_return=-106.52092742919922
2022-11-15 02:29:55,388 - INFO: global_step=9256, episodic_return=-441.2944641113281
2022-11-15 02:29:55,434 - INFO: global_step=9320, episodic_return=-44.647823333740234
2022-11-15 02:29:55,583 - INFO: global_step=9519, episodic_return=-1066.439453125
2022-11-15 02:29:55,622 - INFO: global_step=9589, episodic_return=-518.7302856445312
2022-11-15 02:29:55,718 - INFO: global_step=9723, episodic_return=-799.4925537109375
2022-11-15 02:29:55,767 - INFO: global_step=9800, episodic_return=-470.306884765625
2022-11-15 02:29:55,836 - INFO: global_step=9901, episodic_return=-572.9962768554688
2022-11-15 02:29:55,872 - INFO: global_step=9963, episodic_return=-115.52337646484375
2022-11-15 02:29:55,945 - INFO: global_step=10052, episodic_return=-528.8927612304688
2022-11-15 02:29:56,011 - INFO: global_step=10126, episodic_return=-585.5791015625
2022-11-15 02:29:56,098 - INFO: global_step=10208, episodic_return=-443.50531005859375
2022-11-15 02:29:56,157 - INFO: global_step=10267, episodic_return=-245.50460815429688
2022-11-15 02:29:56,214 - INFO: global_step=10324, episodic_return=-108.3343505859375
2022-11-15 02:29:56,282 - INFO: global_step=10412, episodic_return=-199.72837829589844
2022-11-15 02:29:56,332 - INFO: global_step=10477, episodic_return=-115.68024444580078
2022-11-15 02:29:56,413 - INFO: global_step=10576, episodic_return=14.229469299316406
2022-11-15 02:29:56,462 - INFO: global_step=10645, episodic_return=-144.11814880371094
2022-11-15 02:29:56,500 - INFO: global_step=10700, episodic_return=-118.40936279296875
2022-11-15 02:29:56,542 - INFO: global_step=10760, episodic_return=-121.72240447998047
2022-11-15 02:29:56,604 - INFO: global_step=10844, episodic_return=-154.57977294921875
2022-11-15 02:29:56,676 - INFO: global_step=10936, episodic_return=-128.0567626953125
2022-11-15 02:29:56,732 - INFO: global_step=10996, episodic_return=-101.75154113769531
2022-11-15 02:29:56,790 - INFO: global_step=11050, episodic_return=-92.27535247802734
2022-11-15 02:29:56,868 - INFO: global_step=11117, episodic_return=-126.53099060058594
2022-11-15 02:29:56,906 - INFO: global_step=11173, episodic_return=-139.54568481445312
2022-11-15 02:29:56,956 - INFO: global_step=11251, episodic_return=-392.32232666015625
2022-11-15 02:29:56,992 - INFO: global_step=11307, episodic_return=-367.38739013671875
2022-11-15 02:29:57,038 - INFO: global_step=11382, episodic_return=-152.31480407714844
2022-11-15 02:29:57,090 - INFO: global_step=11469, episodic_return=-149.4617156982422
2022-11-15 02:29:57,135 - INFO: global_step=11539, episodic_return=-143.93099975585938
2022-11-15 02:29:57,170 - INFO: global_step=11597, episodic_return=-128.8919219970703
2022-11-15 02:29:57,239 - INFO: global_step=11684, episodic_return=-232.451416015625
2022-11-15 02:29:57,283 - INFO: global_step=11740, episodic_return=-218.88333129882812
2022-11-15 02:29:57,339 - INFO: global_step=11813, episodic_return=-213.16232299804688
2022-11-15 02:29:57,387 - INFO: global_step=11889, episodic_return=-122.05067443847656
2022-11-15 02:29:57,441 - INFO: global_step=11962, episodic_return=-134.00921630859375
2022-11-15 02:29:57,492 - INFO: global_step=12024, episodic_return=-110.3093490600586
2022-11-15 02:29:57,617 - INFO: global_step=12186, episodic_return=-476.3620910644531
2022-11-15 02:29:57,811 - INFO: global_step=12431, episodic_return=-232.4261016845703
2022-11-15 02:29:57,903 - INFO: global_step=12554, episodic_return=-165.90032958984375
2022-11-15 02:29:57,984 - INFO: global_step=12659, episodic_return=-354.214599609375
2022-11-15 02:29:58,035 - INFO: global_step=12748, episodic_return=-161.28521728515625
2022-11-15 02:29:58,276 - INFO: global_step=13001, episodic_return=-321.0735168457031
2022-11-15 02:29:58,336 - INFO: global_step=13077, episodic_return=-47.481563568115234
2022-11-15 02:29:58,504 - INFO: global_step=13234, episodic_return=-112.04864501953125
2022-11-15 02:29:58,694 - INFO: global_step=13380, episodic_return=-183.3548583984375
2022-11-15 02:29:58,785 - INFO: global_step=13459, episodic_return=-147.96295166015625
2022-11-15 02:29:58,920 - INFO: global_step=13574, episodic_return=-309.2515869140625
2022-11-15 02:30:01,547 - INFO: global_step=14574, episodic_return=-118.409912109375
2022-11-15 02:30:04,167 - INFO: global_step=15574, episodic_return=-141.14166259765625
2022-11-15 02:30:06,990 - INFO: global_step=16574, episodic_return=-83.55429077148438
2022-11-15 02:30:07,499 - INFO: global_step=16979, episodic_return=-36.900108337402344
2022-11-15 02:30:07,814 - INFO: global_step=17283, episodic_return=-250.5241241455078
2022-11-15 02:30:08,055 - INFO: global_step=17511, episodic_return=-84.05818176269531
2022-11-15 02:30:08,417 - INFO: global_step=17822, episodic_return=-282.5545959472656
2022-11-15 02:30:08,527 - INFO: global_step=17939, episodic_return=-420.6856994628906
2022-11-15 02:30:08,665 - INFO: global_step=18104, episodic_return=-45.60982131958008
2022-11-15 02:30:08,890 - INFO: global_step=18333, episodic_return=-177.62911987304688
2022-11-15 02:30:09,239 - INFO: global_step=18654, episodic_return=-10.843925476074219
2022-11-15 02:30:09,444 - INFO: global_step=18882, episodic_return=-113.3061752319336
2022-11-15 02:30:09,745 - INFO: global_step=19163, episodic_return=-185.69949340820312
2022-11-15 02:30:09,952 - INFO: global_step=19366, episodic_return=-123.07194519042969
2022-11-15 02:30:10,124 - INFO: global_step=19556, episodic_return=-24.730743408203125
2022-11-15 02:30:10,387 - INFO: global_step=19792, episodic_return=-53.80274200439453
2022-11-15 02:30:10,721 - INFO: global_step=20082, episodic_return=-98.91181945800781
2022-11-15 02:30:11,170 - INFO: global_step=20451, episodic_return=-4.748222351074219
2022-11-15 02:30:11,878 - INFO: global_step=20954, episodic_return=-177.16851806640625
2022-11-15 02:30:13,855 - INFO: global_step=21954, episodic_return=-69.40987396240234
2022-11-15 02:30:16,236 - INFO: global_step=22795, episodic_return=-207.05538940429688
2022-11-15 02:30:19,127 - INFO: global_step=23795, episodic_return=-84.7582015991211
2022-11-15 02:30:21,096 - INFO: global_step=24795, episodic_return=-32.22590637207031
2022-11-15 02:30:21,284 - INFO: global_step=24998, episodic_return=10.11016845703125
2022-11-15 02:30:21,572 - INFO: global_step=25256, episodic_return=-72.63941955566406
2022-11-15 02:30:21,756 - INFO: global_step=25447, episodic_return=-95.5631332397461
2022-11-15 02:30:22,986 - INFO: global_step=26157, episodic_return=-238.18800354003906
2022-11-15 02:30:25,426 - INFO: global_step=27157, episodic_return=-78.88653564453125
2022-11-15 02:30:28,359 - INFO: global_step=28157, episodic_return=-68.65206146240234
2022-11-15 02:30:30,957 - INFO: global_step=29157, episodic_return=-49.038177490234375
2022-11-15 02:30:32,570 - INFO: global_step=30038, episodic_return=189.33746337890625
2022-11-15 02:30:35,361 - INFO: global_step=31038, episodic_return=-37.94272994995117
2022-11-15 02:30:37,456 - INFO: global_step=32038, episodic_return=-88.52974700927734
2022-11-15 02:30:39,895 - INFO: global_step=33038, episodic_return=-63.9426155090332
2022-11-15 02:30:41,766 - INFO: global_step=34038, episodic_return=-69.37271118164062
2022-11-15 02:30:44,205 - INFO: global_step=35038, episodic_return=-120.49635314941406
2022-11-15 02:30:46,482 - INFO: global_step=36038, episodic_return=-100.5978775024414
2022-11-15 02:30:49,617 - INFO: global_step=37038, episodic_return=-70.9836654663086
2022-11-15 02:30:52,346 - INFO: global_step=38038, episodic_return=-78.64775085449219
2022-11-15 02:30:54,271 - INFO: global_step=39038, episodic_return=-117.57215881347656
2022-11-15 02:30:54,399 - INFO: global_step=39196, episodic_return=-221.39523315429688
2022-11-15 02:30:56,334 - INFO: global_step=40196, episodic_return=-75.8858413696289
2022-11-15 02:30:56,840 - INFO: global_step=40510, episodic_return=-137.667724609375
2022-11-15 02:30:57,021 - INFO: global_step=40696, episodic_return=-254.49339294433594
2022-11-15 02:30:57,226 - INFO: global_step=40904, episodic_return=-221.13482666015625
2022-11-15 02:30:57,543 - INFO: global_step=41192, episodic_return=-257.1568603515625
2022-11-15 02:30:57,897 - INFO: global_step=41476, episodic_return=-80.11991119384766
2022-11-15 02:30:58,255 - INFO: global_step=41754, episodic_return=-105.52957916259766
2022-11-15 02:31:00,250 - INFO: global_step=42754, episodic_return=-128.1783905029297
2022-11-15 02:31:02,155 - INFO: global_step=43754, episodic_return=-98.58978271484375
2022-11-15 02:31:04,139 - INFO: global_step=44754, episodic_return=-108.38361358642578
2022-11-15 02:31:07,554 - INFO: global_step=45754, episodic_return=-62.50303268432617
2022-11-15 02:31:09,891 - INFO: global_step=46754, episodic_return=-66.83683776855469
2022-11-15 02:31:12,858 - INFO: global_step=47754, episodic_return=-53.24077606201172
2022-11-15 02:31:15,337 - INFO: global_step=48754, episodic_return=-74.77613830566406
2022-11-15 02:31:17,266 - INFO: global_step=49754, episodic_return=-40.923824310302734
2022-11-15 02:31:20,365 - INFO: global_step=50754, episodic_return=-87.90184020996094
2022-11-15 02:31:23,371 - INFO: global_step=51754, episodic_return=-113.25440216064453
2022-11-15 02:31:25,436 - INFO: global_step=52754, episodic_return=-75.04517364501953
2022-11-15 02:31:27,569 - INFO: global_step=53754, episodic_return=-111.01663208007812
2022-11-15 02:31:29,895 - INFO: global_step=54754, episodic_return=-95.57999420166016
2022-11-15 02:31:31,591 - INFO: global_step=55754, episodic_return=-44.0344352722168
2022-11-15 02:31:33,576 - INFO: global_step=56754, episodic_return=-74.46968841552734
2022-11-15 02:31:35,834 - INFO: global_step=57754, episodic_return=-88.68136596679688
2022-11-15 02:31:38,359 - INFO: global_step=58754, episodic_return=-67.2138671875
2022-11-15 02:31:40,195 - INFO: global_step=59754, episodic_return=-71.88678741455078
2022-11-15 02:31:41,890 - INFO: global_step=60754, episodic_return=-79.50250244140625
2022-11-15 02:31:43,357 - INFO: global_step=61754, episodic_return=-107.53008270263672
2022-11-15 02:31:47,361 - INFO: global_step=62754, episodic_return=-91.34785461425781
2022-11-15 02:31:49,124 - INFO: global_step=63754, episodic_return=-86.71233367919922
2022-11-15 02:31:50,352 - INFO: global_step=64754, episodic_return=-86.96267700195312
2022-11-15 02:31:51,955 - INFO: global_step=65754, episodic_return=-55.124359130859375
2022-11-15 02:31:53,520 - INFO: global_step=66754, episodic_return=-89.16923522949219
2022-11-15 02:31:55,384 - INFO: global_step=67754, episodic_return=-101.87870025634766
2022-11-15 02:31:57,210 - INFO: global_step=68754, episodic_return=-102.38202667236328
2022-11-15 02:31:58,790 - INFO: global_step=69754, episodic_return=-104.57199096679688
2022-11-15 02:32:00,773 - INFO: global_step=70754, episodic_return=-80.80149841308594
2022-11-15 02:32:03,386 - INFO: global_step=71754, episodic_return=-67.1329574584961
2022-11-15 02:32:05,306 - INFO: global_step=72754, episodic_return=-89.98954772949219
2022-11-15 02:32:07,439 - INFO: global_step=73754, episodic_return=-82.80695343017578
2022-11-15 02:32:09,909 - INFO: global_step=74754, episodic_return=5.02679443359375
2022-11-15 02:32:11,438 - INFO: global_step=75754, episodic_return=-63.59672546386719
2022-11-15 02:32:13,254 - INFO: global_step=76754, episodic_return=-47.20269012451172
2022-11-15 02:32:15,304 - INFO: global_step=77754, episodic_return=-52.227596282958984
2022-11-15 02:32:17,214 - INFO: global_step=78754, episodic_return=-89.43927001953125
2022-11-15 02:32:18,997 - INFO: global_step=79754, episodic_return=-70.93453979492188
2022-11-15 02:32:21,360 - INFO: global_step=80754, episodic_return=-80.0120849609375
2022-11-15 02:32:23,144 - INFO: global_step=81754, episodic_return=-59.14010238647461
2022-11-15 02:32:25,423 - INFO: global_step=82754, episodic_return=-103.9967041015625
2022-11-15 02:32:27,143 - INFO: global_step=83754, episodic_return=-80.07331085205078
2022-11-15 02:32:29,562 - INFO: global_step=84754, episodic_return=-97.93456268310547
2022-11-15 02:32:31,931 - INFO: global_step=85754, episodic_return=-22.8621826171875
2022-11-15 02:32:34,902 - INFO: global_step=86754, episodic_return=-46.964717864990234
2022-11-15 02:32:36,831 - INFO: global_step=87754, episodic_return=-7.739611625671387
2022-11-15 02:32:39,267 - INFO: global_step=88754, episodic_return=-21.385543823242188
2022-11-15 02:32:41,640 - INFO: global_step=89754, episodic_return=3.9938583374023438
2022-11-15 02:32:43,922 - INFO: global_step=90754, episodic_return=-45.8489875793457
2022-11-15 02:32:46,315 - INFO: global_step=91754, episodic_return=-77.9874038696289
2022-11-15 02:32:48,363 - INFO: global_step=92754, episodic_return=-36.4915885925293
2022-11-15 02:32:50,133 - INFO: global_step=93754, episodic_return=-58.387550354003906
2022-11-15 02:32:52,378 - INFO: global_step=94754, episodic_return=-23.682104110717773
2022-11-15 02:32:54,484 - INFO: global_step=95754, episodic_return=-27.094097137451172
2022-11-15 02:32:55,920 - INFO: global_step=96754, episodic_return=-66.46575164794922
2022-11-15 02:32:56,368 - INFO: global_step=97109, episodic_return=-108.6291275024414
2022-11-15 02:32:57,418 - INFO: global_step=97736, episodic_return=-157.99700927734375
2022-11-15 02:32:57,599 - INFO: global_step=97950, episodic_return=-164.4481658935547
2022-11-15 02:32:57,827 - INFO: global_step=98191, episodic_return=-138.18423461914062
2022-11-15 02:32:58,008 - INFO: global_step=98383, episodic_return=-152.59695434570312
2022-11-15 02:32:58,180 - INFO: global_step=98572, episodic_return=-215.90823364257812
2022-11-15 02:32:58,419 - INFO: global_step=98812, episodic_return=-59.67513656616211
2022-11-15 02:32:58,545 - INFO: global_step=98945, episodic_return=-172.44134521484375
2022-11-15 02:32:58,678 - INFO: global_step=99076, episodic_return=-173.364501953125
2022-11-15 02:32:58,915 - INFO: global_step=99300, episodic_return=-149.61705017089844
2022-11-15 02:32:59,050 - INFO: global_step=99457, episodic_return=-188.28134155273438
2022-11-15 02:32:59,193 - INFO: global_step=99611, episodic_return=-130.00244140625
2022-11-15 02:32:59,318 - INFO: global_step=99733, episodic_return=-140.46173095703125
2022-11-15 02:32:59,422 - INFO: global_step=99851, episodic_return=-120.53673553466797
2022-11-15 02:32:59,643 - INFO: global_step=100071, episodic_return=-126.4463882446289
2022-11-15 02:32:59,930 - INFO: global_step=100285, episodic_return=-147.91427612304688
2022-11-15 02:33:00,332 - INFO: global_step=100528, episodic_return=-118.75511169433594
2022-11-15 02:33:00,742 - INFO: global_step=100817, episodic_return=-167.9170684814453
2022-11-15 02:33:01,753 - INFO: global_step=101355, episodic_return=-207.2259979248047
2022-11-15 02:33:04,107 - INFO: global_step=102355, episodic_return=-72.16641235351562
2022-11-15 02:33:05,815 - INFO: global_step=103355, episodic_return=-60.415550231933594
2022-11-15 02:33:06,021 - INFO: global_step=103481, episodic_return=-104.27424621582031
2022-11-15 02:33:06,168 - INFO: global_step=103614, episodic_return=-88.35633087158203
2022-11-15 02:33:07,109 - INFO: global_step=104134, episodic_return=-148.58230590820312
2022-11-15 02:33:09,970 - INFO: global_step=105134, episodic_return=-143.0843048095703
2022-11-15 02:33:12,019 - INFO: global_step=106134, episodic_return=-65.28085327148438
2022-11-15 02:33:12,606 - INFO: global_step=106577, episodic_return=-123.06863403320312
2022-11-15 02:33:12,976 - INFO: global_step=106908, episodic_return=-115.630126953125
2022-11-15 02:33:14,599 - INFO: global_step=107908, episodic_return=-131.54165649414062
2022-11-15 02:33:16,886 - INFO: global_step=108908, episodic_return=-33.69732666015625
2022-11-15 02:33:19,263 - INFO: global_step=109908, episodic_return=-104.15806579589844
2022-11-15 02:33:21,369 - INFO: global_step=110908, episodic_return=-125.9976806640625
2022-11-15 02:33:23,444 - INFO: global_step=111908, episodic_return=-27.63125228881836
2022-11-15 02:33:24,999 - INFO: global_step=112908, episodic_return=-151.1792755126953
2022-11-15 02:33:27,514 - INFO: global_step=113908, episodic_return=-50.538055419921875
2022-11-15 02:33:28,968 - INFO: global_step=114908, episodic_return=-103.89044189453125
2022-11-15 02:33:30,762 - INFO: global_step=115908, episodic_return=-110.23737335205078
2022-11-15 02:33:32,311 - INFO: global_step=116908, episodic_return=-117.74137878417969
2022-11-15 02:33:34,089 - INFO: global_step=117908, episodic_return=-116.48433685302734
2022-11-15 02:33:36,163 - INFO: global_step=118908, episodic_return=-22.563838958740234
2022-11-15 02:33:38,904 - INFO: global_step=119908, episodic_return=-98.40657043457031
2022-11-15 02:33:40,985 - INFO: global_step=120908, episodic_return=-92.65013122558594
2022-11-15 02:33:43,626 - INFO: global_step=121908, episodic_return=-85.32997131347656
2022-11-15 02:33:45,743 - INFO: global_step=122908, episodic_return=-71.91424560546875
2022-11-15 02:33:48,290 - INFO: global_step=123908, episodic_return=-86.6982650756836
2022-11-15 02:33:50,486 - INFO: global_step=124908, episodic_return=-42.213050842285156
2022-11-15 02:33:52,050 - INFO: global_step=125908, episodic_return=-53.352622985839844
2022-11-15 02:33:55,207 - INFO: global_step=126908, episodic_return=-109.16068267822266
2022-11-15 02:33:57,879 - INFO: global_step=127908, episodic_return=-86.31636047363281
2022-11-15 02:34:00,983 - INFO: global_step=128908, episodic_return=-45.54528045654297
2022-11-15 02:34:03,988 - INFO: global_step=129908, episodic_return=-75.34638977050781
2022-11-15 02:34:06,920 - INFO: global_step=130908, episodic_return=16.25514793395996
2022-11-15 02:34:09,630 - INFO: global_step=131908, episodic_return=-45.3520393371582
2022-11-15 02:34:11,835 - INFO: global_step=132908, episodic_return=-47.756412506103516
2022-11-15 02:34:14,322 - INFO: global_step=133908, episodic_return=-108.25202941894531
2022-11-15 02:34:16,669 - INFO: global_step=134908, episodic_return=-93.94538116455078
2022-11-15 02:34:19,083 - INFO: global_step=135908, episodic_return=-78.35581970214844
2022-11-15 02:34:20,993 - INFO: global_step=136908, episodic_return=-75.48514556884766
2022-11-15 02:34:23,613 - INFO: global_step=137908, episodic_return=-0.9823908805847168
2022-11-15 02:34:25,410 - INFO: global_step=138908, episodic_return=-0.955565869808197
2022-11-15 02:34:27,127 - INFO: global_step=139815, episodic_return=-194.35247802734375
2022-11-15 02:34:28,511 - INFO: global_step=140606, episodic_return=-131.38372802734375
2022-11-15 02:34:30,275 - INFO: global_step=141606, episodic_return=-52.262569427490234
2022-11-15 02:34:32,054 - INFO: global_step=142606, episodic_return=-26.51764678955078
2022-11-15 02:34:33,719 - INFO: global_step=143606, episodic_return=-13.130507469177246
2022-11-15 02:34:36,228 - INFO: global_step=144606, episodic_return=22.572147369384766
2022-11-15 02:34:38,253 - INFO: global_step=145606, episodic_return=-69.3932876586914
2022-11-15 02:34:40,544 - INFO: global_step=146606, episodic_return=-48.40339279174805
2022-11-15 02:34:42,152 - INFO: global_step=147606, episodic_return=-13.960739135742188
2022-11-15 02:34:44,032 - INFO: global_step=148606, episodic_return=-78.63815307617188
2022-11-15 02:34:47,931 - INFO: global_step=149606, episodic_return=-47.14215850830078
2022-11-15 02:34:49,406 - INFO: global_step=150606, episodic_return=-18.799673080444336
2022-11-15 02:34:51,916 - INFO: global_step=151606, episodic_return=-41.82728958129883
2022-11-15 02:34:53,863 - INFO: global_step=152606, episodic_return=78.15892028808594
2022-11-15 02:34:56,122 - INFO: global_step=153409, episodic_return=173.46481323242188
2022-11-15 02:34:58,022 - INFO: global_step=154210, episodic_return=87.435546875
2022-11-15 02:34:59,129 - INFO: global_step=154771, episodic_return=-53.355865478515625
2022-11-15 02:35:00,203 - INFO: global_step=155435, episodic_return=-88.95944213867188
2022-11-15 02:35:00,285 - INFO: global_step=155535, episodic_return=-118.84170532226562
2022-11-15 02:35:00,358 - INFO: global_step=155626, episodic_return=-98.62522888183594
2022-11-15 02:35:00,900 - INFO: global_step=156029, episodic_return=-82.38139343261719
2022-11-15 02:35:01,328 - INFO: global_step=156372, episodic_return=-14.018058776855469
2022-11-15 02:35:03,137 - INFO: global_step=157244, episodic_return=148.500244140625
2022-11-15 02:35:03,399 - INFO: global_step=157459, episodic_return=46.01451110839844
2022-11-15 02:35:06,095 - INFO: global_step=158459, episodic_return=-40.077205657958984
2022-11-15 02:35:08,670 - INFO: global_step=159459, episodic_return=-19.788888931274414
2022-11-15 02:35:10,750 - INFO: global_step=160459, episodic_return=-38.56134796142578
2022-11-15 02:35:13,898 - INFO: global_step=161459, episodic_return=-47.15773010253906
2022-11-15 02:35:16,907 - INFO: global_step=162459, episodic_return=-47.41257858276367
2022-11-15 02:35:19,215 - INFO: global_step=163459, episodic_return=27.484344482421875
2022-11-15 02:35:21,222 - INFO: global_step=164388, episodic_return=91.80886840820312
2022-11-15 02:35:21,353 - INFO: global_step=164542, episodic_return=-7.647590637207031
2022-11-15 02:35:21,493 - INFO: global_step=164678, episodic_return=-0.9665374755859375
2022-11-15 02:35:21,647 - INFO: global_step=164827, episodic_return=43.87060546875
2022-11-15 02:35:21,845 - INFO: global_step=165018, episodic_return=-30.769020080566406
2022-11-15 02:35:22,098 - INFO: global_step=165259, episodic_return=-85.95136260986328
2022-11-15 02:35:23,362 - INFO: global_step=165874, episodic_return=-82.30132293701172
2022-11-15 02:35:24,852 - INFO: global_step=166655, episodic_return=143.03805541992188
2022-11-15 02:35:27,526 - INFO: global_step=167655, episodic_return=-42.98047637939453
2022-11-15 02:35:29,715 - INFO: global_step=168655, episodic_return=1.1729092597961426
2022-11-15 02:35:31,953 - INFO: global_step=169655, episodic_return=-25.3580379486084
2022-11-15 02:35:32,557 - INFO: global_step=170073, episodic_return=166.07107543945312
2022-11-15 02:35:32,662 - INFO: global_step=170205, episodic_return=50.739166259765625
2022-11-15 02:35:34,043 - INFO: global_step=170912, episodic_return=190.5928955078125
2022-11-15 02:35:35,541 - INFO: global_step=171687, episodic_return=149.44996643066406
2022-11-15 02:35:38,053 - INFO: global_step=172687, episodic_return=-27.965389251708984
2022-11-15 02:35:39,433 - INFO: global_step=173445, episodic_return=-158.97305297851562
2022-11-15 02:35:40,106 - INFO: global_step=173996, episodic_return=-183.83096313476562
2022-11-15 02:35:42,201 - INFO: global_step=174996, episodic_return=-78.34645080566406
2022-11-15 02:35:43,899 - INFO: global_step=175947, episodic_return=-162.37945556640625
2022-11-15 02:35:45,881 - INFO: global_step=176947, episodic_return=-26.58430290222168
2022-11-15 02:35:47,663 - INFO: global_step=177796, episodic_return=168.42189025878906
2022-11-15 02:35:50,909 - INFO: global_step=178796, episodic_return=-17.315380096435547
2022-11-15 02:35:53,181 - INFO: global_step=179796, episodic_return=-11.124140739440918
2022-11-15 02:35:54,478 - INFO: global_step=180495, episodic_return=113.4493179321289
2022-11-15 02:35:57,327 - INFO: global_step=181495, episodic_return=-12.857582092285156
2022-11-15 02:35:59,126 - INFO: global_step=182495, episodic_return=11.785933494567871
2022-11-15 02:36:02,258 - INFO: global_step=183495, episodic_return=50.34596252441406
2022-11-15 02:36:04,626 - INFO: global_step=184495, episodic_return=2.902470111846924
2022-11-15 02:36:07,075 - INFO: global_step=185495, episodic_return=-36.6118278503418
2022-11-15 02:36:09,251 - INFO: global_step=186495, episodic_return=-45.55699920654297
2022-11-15 02:36:11,319 - INFO: global_step=187495, episodic_return=-43.84385299682617
2022-11-15 02:36:14,036 - INFO: global_step=188495, episodic_return=-24.4952335357666
2022-11-15 02:36:17,831 - INFO: global_step=189495, episodic_return=-6.131690979003906
2022-11-15 02:36:20,039 - INFO: global_step=190495, episodic_return=-30.73103904724121
2022-11-15 02:36:21,453 - INFO: global_step=191495, episodic_return=-2.366804599761963
2022-11-15 02:36:24,792 - INFO: global_step=192495, episodic_return=-43.91065216064453
2022-11-15 02:36:27,293 - INFO: global_step=193495, episodic_return=15.089354515075684
2022-11-15 02:36:29,582 - INFO: global_step=194495, episodic_return=-58.9942512512207
2022-11-15 02:36:30,628 - INFO: global_step=195044, episodic_return=-21.671913146972656
2022-11-15 02:36:33,136 - INFO: global_step=196044, episodic_return=-27.77960968017578
2022-11-15 02:36:35,251 - INFO: global_step=197044, episodic_return=-5.985543251037598
2022-11-15 02:36:37,989 - INFO: global_step=198044, episodic_return=-14.034154891967773
2022-11-15 02:36:40,541 - INFO: global_step=199044, episodic_return=-17.371952056884766
2022-11-15 02:36:43,274 - INFO: global_step=200044, episodic_return=-15.82359504699707
2022-11-15 02:36:46,535 - INFO: global_step=201044, episodic_return=-14.344557762145996
2022-11-15 02:36:48,987 - INFO: global_step=202044, episodic_return=-44.67658996582031
2022-11-15 02:36:51,215 - INFO: global_step=203044, episodic_return=-62.166202545166016
2022-11-15 02:36:53,158 - INFO: global_step=204044, episodic_return=-24.26129913330078
2022-11-15 02:36:55,757 - INFO: global_step=205044, episodic_return=-69.36264038085938
2022-11-15 02:36:58,162 - INFO: global_step=206044, episodic_return=-25.3941650390625
2022-11-15 02:37:00,511 - INFO: global_step=207044, episodic_return=-77.71617889404297
2022-11-15 02:37:02,582 - INFO: global_step=208044, episodic_return=-112.28751373291016
2022-11-15 02:37:05,143 - INFO: global_step=209044, episodic_return=-71.38739776611328
2022-11-15 02:37:07,425 - INFO: global_step=210044, episodic_return=-42.61380386352539
2022-11-15 02:37:07,637 - INFO: global_step=210260, episodic_return=-32.27972412109375
2022-11-15 02:37:09,859 - INFO: global_step=211260, episodic_return=-44.8599853515625
2022-11-15 02:37:12,701 - INFO: global_step=212260, episodic_return=-45.58622741699219
2022-11-15 02:37:14,698 - INFO: global_step=213260, episodic_return=-56.00994110107422
2022-11-15 02:37:16,427 - INFO: global_step=214260, episodic_return=-48.93941116333008
2022-11-15 02:37:19,129 - INFO: global_step=215260, episodic_return=-60.070701599121094
2022-11-15 02:37:21,597 - INFO: global_step=216260, episodic_return=-109.77142333984375
2022-11-15 02:37:23,884 - INFO: global_step=217260, episodic_return=-77.11090087890625
2022-11-15 02:37:25,708 - INFO: global_step=218260, episodic_return=-96.47234344482422
2022-11-15 02:37:27,468 - INFO: global_step=219260, episodic_return=-79.9334716796875
2022-11-15 02:37:29,607 - INFO: global_step=220260, episodic_return=-64.11187744140625
2022-11-15 02:37:31,459 - INFO: global_step=221260, episodic_return=-50.220619201660156
2022-11-15 02:37:33,497 - INFO: global_step=222260, episodic_return=-45.383583068847656
2022-11-15 02:37:35,667 - INFO: global_step=223260, episodic_return=-43.038883209228516
2022-11-15 02:37:37,823 - INFO: global_step=224260, episodic_return=-88.5782699584961
2022-11-15 02:37:39,246 - INFO: global_step=224942, episodic_return=-146.18528747558594
2022-11-15 02:37:41,394 - INFO: global_step=225942, episodic_return=-115.12094116210938
2022-11-15 02:37:41,664 - INFO: global_step=226187, episodic_return=-49.86263656616211
2022-11-15 02:37:44,402 - INFO: global_step=227187, episodic_return=-99.57969665527344
2022-11-15 02:37:48,525 - INFO: global_step=228187, episodic_return=-50.469356536865234
2022-11-15 02:37:50,626 - INFO: global_step=229187, episodic_return=-65.60456848144531
2022-11-15 02:37:52,155 - INFO: global_step=230187, episodic_return=-19.091217041015625
2022-11-15 02:37:53,898 - INFO: global_step=231187, episodic_return=-60.846126556396484
2022-11-15 02:37:55,920 - INFO: global_step=232187, episodic_return=-80.32443237304688
2022-11-15 02:37:58,064 - INFO: global_step=233187, episodic_return=-44.645362854003906
2022-11-15 02:38:00,275 - INFO: global_step=234187, episodic_return=-96.29344177246094
2022-11-15 02:38:01,823 - INFO: global_step=235187, episodic_return=-67.83565521240234
2022-11-15 02:38:03,492 - INFO: global_step=236187, episodic_return=-48.16073989868164
2022-11-15 02:38:05,220 - INFO: global_step=237187, episodic_return=-69.5301742553711
2022-11-15 02:38:07,806 - INFO: global_step=238187, episodic_return=-64.19922637939453
2022-11-15 02:38:09,542 - INFO: global_step=239154, episodic_return=-221.292724609375
2022-11-15 02:38:11,732 - INFO: global_step=240154, episodic_return=-65.72539520263672
2022-11-15 02:38:13,586 - INFO: global_step=241154, episodic_return=-130.24349975585938
2022-11-15 02:38:15,849 - INFO: global_step=242154, episodic_return=-82.7883529663086
2022-11-15 02:38:17,748 - INFO: global_step=243154, episodic_return=-122.2624740600586
2022-11-15 02:38:18,096 - INFO: global_step=243442, episodic_return=-71.52991485595703
2022-11-15 02:38:19,309 - INFO: global_step=244112, episodic_return=84.86267852783203
2022-11-15 02:38:21,029 - INFO: global_step=245112, episodic_return=-47.48717498779297
2022-11-15 02:38:22,886 - INFO: global_step=246112, episodic_return=-63.178802490234375
2022-11-15 02:38:24,133 - INFO: global_step=246843, episodic_return=-182.87704467773438
2022-11-15 02:38:26,293 - INFO: global_step=247843, episodic_return=-103.9197998046875
2022-11-15 02:38:28,391 - INFO: global_step=248843, episodic_return=-5.929908752441406
2022-11-15 02:38:30,509 - INFO: global_step=249843, episodic_return=-42.38067626953125
2022-11-15 02:38:32,953 - INFO: global_step=250843, episodic_return=-55.48351287841797
2022-11-15 02:38:35,378 - INFO: global_step=251843, episodic_return=-54.445640563964844
2022-11-15 02:38:37,563 - INFO: global_step=252843, episodic_return=-84.77617645263672
2022-11-15 02:38:40,066 - INFO: global_step=253843, episodic_return=-35.32659912109375
2022-11-15 02:38:42,298 - INFO: global_step=254843, episodic_return=-85.35719299316406
2022-11-15 02:38:44,678 - INFO: global_step=255843, episodic_return=0.45914220809936523
2022-11-15 02:38:47,426 - INFO: global_step=256843, episodic_return=12.51786994934082
2022-11-15 02:38:49,964 - INFO: global_step=257843, episodic_return=-48.93149948120117
2022-11-15 02:38:52,107 - INFO: global_step=258843, episodic_return=-76.4974136352539
2022-11-15 02:38:54,859 - INFO: global_step=259843, episodic_return=-58.5213737487793
2022-11-15 02:38:56,691 - INFO: global_step=260843, episodic_return=-24.100025177001953
2022-11-15 02:38:58,530 - INFO: global_step=261843, episodic_return=-55.872596740722656
2022-11-15 02:39:00,255 - INFO: global_step=262791, episodic_return=-164.39151000976562
2022-11-15 02:39:02,533 - INFO: global_step=263791, episodic_return=-68.68051147460938
2022-11-15 02:39:04,420 - INFO: global_step=264791, episodic_return=-58.028263092041016
2022-11-15 02:39:06,230 - INFO: global_step=265791, episodic_return=-74.15751647949219
2022-11-15 02:39:08,187 - INFO: global_step=266791, episodic_return=-87.24219512939453
2022-11-15 02:39:10,119 - INFO: global_step=267791, episodic_return=-78.37287139892578
2022-11-15 02:39:12,394 - INFO: global_step=268791, episodic_return=-63.9798469543457
2022-11-15 02:39:14,698 - INFO: global_step=269791, episodic_return=-48.024993896484375
2022-11-15 02:39:17,936 - INFO: global_step=270791, episodic_return=-67.86753845214844
2022-11-15 02:39:20,012 - INFO: global_step=271791, episodic_return=-41.39625549316406
2022-11-15 02:39:22,314 - INFO: global_step=272791, episodic_return=-51.176570892333984
2022-11-15 02:39:24,511 - INFO: global_step=273791, episodic_return=-50.484676361083984
2022-11-15 02:39:27,085 - INFO: global_step=274791, episodic_return=-57.808528900146484
2022-11-15 02:39:30,131 - INFO: global_step=275791, episodic_return=-83.71432495117188
2022-11-15 02:39:32,460 - INFO: global_step=276791, episodic_return=-54.26318359375
2022-11-15 02:39:35,091 - INFO: global_step=277791, episodic_return=-56.636451721191406
2022-11-15 02:39:38,083 - INFO: global_step=278791, episodic_return=-12.0316743850708
2022-11-15 02:39:38,348 - INFO: global_step=279001, episodic_return=43.80549621582031
2022-11-15 02:39:40,488 - INFO: global_step=280001, episodic_return=19.973163604736328
2022-11-15 02:39:41,316 - INFO: global_step=280521, episodic_return=137.2906036376953
2022-11-15 02:39:43,590 - INFO: global_step=281521, episodic_return=10.366744995117188
2022-11-15 02:39:43,717 - INFO: global_step=281651, episodic_return=-125.20266723632812
2022-11-15 02:39:43,862 - INFO: global_step=281809, episodic_return=-148.48001098632812
2022-11-15 02:39:44,211 - INFO: global_step=282065, episodic_return=250.23179626464844
2022-11-15 02:39:44,384 - INFO: global_step=282195, episodic_return=-310.8585510253906
2022-11-15 02:39:44,647 - INFO: global_step=282388, episodic_return=-45.33220291137695
2022-11-15 02:39:45,415 - INFO: global_step=282873, episodic_return=120.46898651123047
2022-11-15 02:39:45,532 - INFO: global_step=282980, episodic_return=-229.50726318359375
2022-11-15 02:39:45,856 - INFO: global_step=283211, episodic_return=8.220451354980469
2022-11-15 02:39:46,385 - INFO: global_step=283602, episodic_return=-136.6901092529297
2022-11-15 02:39:48,400 - INFO: global_step=284602, episodic_return=-18.389055252075195
2022-11-15 02:39:50,217 - INFO: global_step=285577, episodic_return=75.84586334228516
2022-11-15 02:39:51,961 - INFO: global_step=286577, episodic_return=0.8600862622261047
2022-11-15 02:39:54,113 - INFO: global_step=287577, episodic_return=-15.292885780334473
2022-11-15 02:39:56,467 - INFO: global_step=288577, episodic_return=9.414133071899414
2022-11-15 02:39:58,077 - INFO: global_step=289516, episodic_return=168.23287963867188
2022-11-15 02:39:58,665 - INFO: global_step=289890, episodic_return=-114.322509765625
2022-11-15 02:39:59,614 - INFO: global_step=290263, episodic_return=-90.48457336425781
2022-11-15 02:40:00,398 - INFO: global_step=290698, episodic_return=158.4677734375
2022-11-15 02:40:01,341 - INFO: global_step=291384, episodic_return=-199.57891845703125
2022-11-15 02:40:02,213 - INFO: global_step=291979, episodic_return=-182.33773803710938
2022-11-15 02:40:02,723 - INFO: global_step=292368, episodic_return=-138.02166748046875
2022-11-15 02:40:04,461 - INFO: global_step=293346, episodic_return=-291.96124267578125
2022-11-15 02:40:06,087 - INFO: global_step=294143, episodic_return=-177.69174194335938
2022-11-15 02:40:06,783 - INFO: global_step=294552, episodic_return=-83.3662109375
2022-11-15 02:40:09,980 - INFO: global_step=295552, episodic_return=-75.30048370361328
2022-11-15 02:40:10,223 - INFO: global_step=295771, episodic_return=-71.2598876953125
2022-11-15 02:40:10,490 - INFO: global_step=296012, episodic_return=-91.28524780273438
2022-11-15 02:40:11,073 - INFO: global_step=296388, episodic_return=-113.00740051269531
2022-11-15 02:40:13,020 - INFO: global_step=297388, episodic_return=-75.01533508300781
2022-11-15 02:40:15,471 - INFO: global_step=298388, episodic_return=-48.674190521240234
2022-11-15 02:40:18,302 - INFO: global_step=299388, episodic_return=-42.17280960083008
2022-11-15 02:40:19,767 - INFO: global_step=300388, episodic_return=-66.36094665527344
2022-11-15 02:40:21,403 - INFO: global_step=301388, episodic_return=-54.18159866333008
2022-11-15 02:40:23,392 - INFO: global_step=302388, episodic_return=-44.55082321166992
2022-11-15 02:40:25,442 - INFO: global_step=303388, episodic_return=-97.13225555419922
2022-11-15 02:40:27,892 - INFO: global_step=304388, episodic_return=-58.00235366821289
2022-11-15 02:40:29,550 - INFO: global_step=305388, episodic_return=-91.72554779052734
2022-11-15 02:40:31,283 - INFO: global_step=306388, episodic_return=-15.952937126159668
2022-11-15 02:40:33,238 - INFO: global_step=307388, episodic_return=-54.777931213378906
2022-11-15 02:40:36,589 - INFO: global_step=308388, episodic_return=-55.359649658203125
2022-11-15 02:40:38,778 - INFO: global_step=309388, episodic_return=-26.65453338623047
2022-11-15 02:40:40,618 - INFO: global_step=310388, episodic_return=-21.584564208984375
2022-11-15 02:40:42,452 - INFO: global_step=311388, episodic_return=-42.6231803894043
2022-11-15 02:40:44,246 - INFO: global_step=312388, episodic_return=-40.086971282958984
2022-11-15 02:40:47,221 - INFO: global_step=313388, episodic_return=-44.6287841796875
2022-11-15 02:40:50,217 - INFO: global_step=314388, episodic_return=-91.19573211669922
2022-11-15 02:40:51,865 - INFO: global_step=315241, episodic_return=-115.7650146484375
2022-11-15 02:40:54,428 - INFO: global_step=316241, episodic_return=20.44546127319336
2022-11-15 02:40:56,303 - INFO: global_step=317241, episodic_return=-43.33432388305664
2022-11-15 02:40:58,960 - INFO: global_step=318241, episodic_return=-42.08404541015625
2022-11-15 02:41:00,695 - INFO: global_step=319241, episodic_return=-60.910884857177734
2022-11-15 02:41:02,481 - INFO: global_step=320241, episodic_return=-22.558347702026367
2022-11-15 02:41:04,380 - INFO: global_step=321241, episodic_return=-30.13515853881836
2022-11-15 02:41:06,939 - INFO: global_step=322241, episodic_return=-16.430112838745117
2022-11-15 02:41:09,541 - INFO: global_step=323241, episodic_return=-51.4425163269043
2022-11-15 02:41:11,740 - INFO: global_step=324241, episodic_return=6.217056751251221
2022-11-15 02:41:13,640 - INFO: global_step=325241, episodic_return=-9.87623405456543
2022-11-15 02:41:15,192 - INFO: global_step=326241, episodic_return=30.53002166748047
2022-11-15 02:41:17,421 - INFO: global_step=327241, episodic_return=-5.219496726989746
2022-11-15 02:41:20,983 - INFO: global_step=328241, episodic_return=6.389996528625488
2022-11-15 02:41:22,906 - INFO: global_step=329241, episodic_return=-34.43125534057617
2022-11-15 02:41:25,707 - INFO: global_step=330241, episodic_return=-6.750831604003906
2022-11-15 02:41:27,587 - INFO: global_step=331208, episodic_return=83.47372436523438
2022-11-15 02:41:29,372 - INFO: global_step=332208, episodic_return=9.252532958984375
2022-11-15 02:41:31,169 - INFO: global_step=333208, episodic_return=36.39107131958008
2022-11-15 02:41:31,877 - INFO: global_step=333702, episodic_return=190.03298950195312
2022-11-15 02:41:33,720 - INFO: global_step=334534, episodic_return=196.15098571777344
2022-11-15 02:41:36,442 - INFO: global_step=335534, episodic_return=53.37482833862305
2022-11-15 02:41:38,335 - INFO: global_step=336534, episodic_return=69.62684631347656
2022-11-15 02:41:40,754 - INFO: global_step=337534, episodic_return=30.954627990722656
2022-11-15 02:41:42,559 - INFO: global_step=338534, episodic_return=7.961859226226807
2022-11-15 02:41:44,351 - INFO: global_step=339534, episodic_return=-26.9661922454834
2022-11-15 02:41:46,686 - INFO: global_step=340534, episodic_return=41.036006927490234
2022-11-15 02:41:48,639 - INFO: global_step=341415, episodic_return=93.59541320800781
2022-11-15 02:41:49,592 - INFO: global_step=342002, episodic_return=254.02426147460938
2022-11-15 02:41:50,370 - INFO: global_step=342564, episodic_return=-131.63424682617188
2022-11-15 02:41:51,030 - INFO: global_step=343022, episodic_return=-24.293670654296875
2022-11-15 02:41:52,872 - INFO: global_step=344022, episodic_return=-15.2599515914917
2022-11-15 02:41:53,386 - INFO: global_step=344411, episodic_return=-98.14948272705078
2022-11-15 02:41:53,519 - INFO: global_step=344531, episodic_return=-110.02405548095703
2022-11-15 02:41:53,855 - INFO: global_step=344797, episodic_return=-111.26969909667969
2022-11-15 02:41:53,976 - INFO: global_step=344920, episodic_return=-239.95127868652344
2022-11-15 02:41:54,342 - INFO: global_step=345214, episodic_return=-129.35435485839844
2022-11-15 02:41:54,451 - INFO: global_step=345319, episodic_return=-149.12252807617188
2022-11-15 02:41:54,795 - INFO: global_step=345601, episodic_return=-127.28992462158203
2022-11-15 02:41:54,939 - INFO: global_step=345758, episodic_return=-158.32113647460938
2022-11-15 02:41:55,016 - INFO: global_step=345847, episodic_return=-233.73611450195312
2022-11-15 02:41:55,132 - INFO: global_step=345971, episodic_return=-74.93309783935547
2022-11-15 02:41:55,291 - INFO: global_step=346161, episodic_return=-99.85545349121094
2022-11-15 02:41:58,039 - INFO: global_step=347161, episodic_return=75.55033111572266
2022-11-15 02:41:58,468 - INFO: global_step=347459, episodic_return=-189.389404296875
2022-11-15 02:41:58,693 - INFO: global_step=347606, episodic_return=-151.11770629882812
2022-11-15 02:41:58,941 - INFO: global_step=347805, episodic_return=-137.88377380371094
2022-11-15 02:41:59,228 - INFO: global_step=348078, episodic_return=-120.59400177001953
2022-11-15 02:42:01,689 - INFO: global_step=349078, episodic_return=-15.558390617370605
2022-11-15 02:42:01,912 - INFO: global_step=349311, episodic_return=-111.62731170654297
2022-11-15 02:42:02,284 - INFO: global_step=349648, episodic_return=-131.75233459472656
2022-11-15 02:42:02,539 - INFO: global_step=349899, episodic_return=-118.08065795898438
2022-11-15 02:42:04,387 - INFO: global_step=350899, episodic_return=-4.448431968688965
2022-11-15 02:42:06,847 - INFO: global_step=351899, episodic_return=-6.856481075286865
2022-11-15 02:42:09,214 - INFO: global_step=352899, episodic_return=37.97771453857422
2022-11-15 02:42:11,027 - INFO: global_step=353899, episodic_return=-21.83355712890625
2022-11-15 02:42:12,971 - INFO: global_step=354899, episodic_return=-25.985820770263672
2022-11-15 02:42:14,879 - INFO: global_step=355899, episodic_return=-64.81053161621094
2022-11-15 02:42:17,723 - INFO: global_step=356899, episodic_return=-36.67031478881836
2022-11-15 02:42:20,997 - INFO: global_step=357899, episodic_return=11.34101390838623
2022-11-15 02:42:21,910 - INFO: global_step=358483, episodic_return=-51.15181350708008
2022-11-15 02:42:23,753 - INFO: global_step=359483, episodic_return=-51.08115768432617
2022-11-15 02:42:26,259 - INFO: global_step=360483, episodic_return=-6.854992389678955
2022-11-15 02:42:28,981 - INFO: global_step=361483, episodic_return=-29.255199432373047
2022-11-15 02:42:30,832 - INFO: global_step=362483, episodic_return=-18.782123565673828
2022-11-15 02:42:32,624 - INFO: global_step=363483, episodic_return=-11.24609088897705
2022-11-15 02:42:34,432 - INFO: global_step=364483, episodic_return=5.018727779388428
2022-11-15 02:42:36,557 - INFO: global_step=365483, episodic_return=5.026484489440918
2022-11-15 02:42:39,348 - INFO: global_step=366483, episodic_return=6.030645370483398
2022-11-15 02:42:42,072 - INFO: global_step=367483, episodic_return=53.073028564453125
2022-11-15 02:42:43,644 - INFO: global_step=368483, episodic_return=-3.99869441986084
2022-11-15 02:42:46,515 - INFO: global_step=369483, episodic_return=-1.468395709991455
2022-11-15 02:42:48,829 - INFO: global_step=370483, episodic_return=10.80603313446045
2022-11-15 02:42:51,375 - INFO: global_step=371483, episodic_return=-14.129542350769043
2022-11-15 02:42:53,512 - INFO: global_step=372483, episodic_return=-49.93526840209961
2022-11-15 02:42:56,031 - INFO: global_step=373483, episodic_return=1.6906299591064453
2022-11-15 02:42:57,892 - INFO: global_step=374483, episodic_return=-20.830257415771484
2022-11-15 02:42:59,858 - INFO: global_step=375483, episodic_return=-48.51062774658203
2022-11-15 02:43:01,815 - INFO: global_step=376483, episodic_return=-67.4758071899414
2022-11-15 02:43:03,496 - INFO: global_step=377483, episodic_return=-32.440155029296875
2022-11-15 02:43:06,212 - INFO: global_step=378483, episodic_return=-50.7799186706543
2022-11-15 02:43:08,329 - INFO: global_step=379483, episodic_return=-35.80898666381836
2022-11-15 02:43:10,344 - INFO: global_step=380483, episodic_return=-16.25338363647461
2022-11-15 02:43:13,263 - INFO: global_step=381483, episodic_return=-31.918964385986328
2022-11-15 02:43:15,714 - INFO: global_step=382483, episodic_return=-69.34761047363281
2022-11-15 02:43:17,434 - INFO: global_step=383483, episodic_return=-46.52800369262695
2022-11-15 02:43:19,825 - INFO: global_step=384483, episodic_return=-48.4895133972168
2022-11-15 02:43:21,763 - INFO: global_step=385483, episodic_return=-38.482418060302734
2022-11-15 02:43:24,179 - INFO: global_step=386483, episodic_return=-50.02478790283203
2022-11-15 02:43:25,820 - INFO: global_step=387483, episodic_return=-10.134871482849121
2022-11-15 02:43:27,566 - INFO: global_step=388483, episodic_return=50.71464920043945
2022-11-15 02:43:30,695 - INFO: global_step=389483, episodic_return=14.054383277893066
2022-11-15 02:43:32,359 - INFO: global_step=390483, episodic_return=2.922163963317871
2022-11-15 02:43:34,885 - INFO: global_step=391483, episodic_return=-32.38995361328125
2022-11-15 02:43:37,208 - INFO: global_step=392483, episodic_return=-50.0539436340332
2022-11-15 02:43:39,709 - INFO: global_step=393483, episodic_return=-3.2402682304382324
2022-11-15 02:43:41,418 - INFO: global_step=394483, episodic_return=-41.57466125488281
2022-11-15 02:43:43,608 - INFO: global_step=395483, episodic_return=-17.624500274658203
2022-11-15 02:43:46,413 - INFO: global_step=396483, episodic_return=-34.61065673828125
2022-11-15 02:43:49,038 - INFO: global_step=397483, episodic_return=-38.02591323852539
2022-11-15 02:43:51,915 - INFO: global_step=398483, episodic_return=-18.440628051757812
2022-11-15 02:43:54,808 - INFO: global_step=399483, episodic_return=-19.041748046875
2022-11-15 02:43:57,790 - INFO: global_step=400483, episodic_return=-7.670342445373535
2022-11-15 02:44:01,196 - INFO: global_step=401483, episodic_return=-11.110492706298828
2022-11-15 02:44:03,798 - INFO: global_step=402483, episodic_return=41.67258834838867
2022-11-15 02:44:05,956 - INFO: global_step=403483, episodic_return=-32.914703369140625
2022-11-15 02:44:07,508 - INFO: global_step=404363, episodic_return=148.7925262451172
2022-11-15 02:44:08,306 - INFO: global_step=404949, episodic_return=125.25513458251953
2022-11-15 02:44:09,900 - INFO: global_step=405824, episodic_return=99.67059326171875
2022-11-15 02:44:12,209 - INFO: global_step=406824, episodic_return=42.20332717895508
2022-11-15 02:44:13,800 - INFO: global_step=407664, episodic_return=167.76251220703125
2022-11-15 02:44:15,649 - INFO: global_step=408639, episodic_return=61.93932342529297
2022-11-15 02:44:18,892 - INFO: global_step=409639, episodic_return=13.493326187133789
2022-11-15 02:44:21,040 - INFO: global_step=410639, episodic_return=37.05180740356445
2022-11-15 02:44:23,802 - INFO: global_step=411639, episodic_return=56.317893981933594
2022-11-15 02:44:24,780 - INFO: global_step=412275, episodic_return=-115.43195343017578
2022-11-15 02:44:26,280 - INFO: global_step=413041, episodic_return=176.26461791992188
2022-11-15 02:44:27,981 - INFO: global_step=414041, episodic_return=-94.88685607910156
2022-11-15 02:44:29,998 - INFO: global_step=415041, episodic_return=-83.33448791503906
2022-11-15 02:44:31,995 - INFO: global_step=416041, episodic_return=-81.23369598388672
2022-11-15 02:44:34,384 - INFO: global_step=417041, episodic_return=-67.3675765991211
2022-11-15 02:44:36,780 - INFO: global_step=418041, episodic_return=-82.2088851928711
2022-11-15 02:44:39,251 - INFO: global_step=419041, episodic_return=-84.71724700927734
2022-11-15 02:44:41,802 - INFO: global_step=420041, episodic_return=-32.36387252807617
2022-11-15 02:44:43,896 - INFO: global_step=421041, episodic_return=-79.30674743652344
2022-11-15 02:44:45,797 - INFO: global_step=422041, episodic_return=-25.9558048248291
2022-11-15 02:44:47,414 - INFO: global_step=423041, episodic_return=-104.3434066772461
2022-11-15 02:44:49,529 - INFO: global_step=424041, episodic_return=-31.37384796142578
2022-11-15 02:44:52,071 - INFO: global_step=425041, episodic_return=2.9522414207458496
2022-11-15 02:44:54,104 - INFO: global_step=426041, episodic_return=-42.674930572509766
2022-11-15 02:44:55,959 - INFO: global_step=427041, episodic_return=-73.93541717529297
2022-11-15 02:44:57,720 - INFO: global_step=427988, episodic_return=159.37673950195312
2022-11-15 02:45:00,870 - INFO: global_step=428988, episodic_return=-18.67096519470215
2022-11-15 02:45:03,305 - INFO: global_step=429988, episodic_return=-9.872878074645996
2022-11-15 02:45:05,670 - INFO: global_step=430988, episodic_return=-33.52693176269531
2022-11-15 02:45:08,120 - INFO: global_step=431988, episodic_return=-23.855587005615234
2022-11-15 02:45:10,362 - INFO: global_step=432988, episodic_return=33.72468948364258
2022-11-15 02:45:12,969 - INFO: global_step=433988, episodic_return=-10.119854927062988
2022-11-15 02:45:15,327 - INFO: global_step=434988, episodic_return=-36.69617462158203
2022-11-15 02:45:17,621 - INFO: global_step=435988, episodic_return=-83.51622772216797
2022-11-15 02:45:19,266 - INFO: global_step=436878, episodic_return=119.27647399902344
2022-11-15 02:45:22,061 - INFO: global_step=437878, episodic_return=-37.01034164428711
2022-11-15 02:45:24,122 - INFO: global_step=438862, episodic_return=-133.072998046875
2022-11-15 02:45:24,775 - INFO: global_step=439321, episodic_return=-91.1103744506836
2022-11-15 02:45:25,931 - INFO: global_step=440007, episodic_return=152.35617065429688
2022-11-15 02:45:27,577 - INFO: global_step=441007, episodic_return=19.304859161376953
2022-11-15 02:45:28,972 - INFO: global_step=441748, episodic_return=89.34722137451172
2022-11-15 02:45:30,146 - INFO: global_step=442413, episodic_return=71.0643310546875
2022-11-15 02:45:30,746 - INFO: global_step=442846, episodic_return=-131.68203735351562
2022-11-15 02:45:31,340 - INFO: global_step=443285, episodic_return=223.92486572265625
2022-11-15 02:45:32,430 - INFO: global_step=443845, episodic_return=152.60171508789062
2022-11-15 02:45:33,069 - INFO: global_step=444275, episodic_return=207.2503662109375
2022-11-15 02:45:34,279 - INFO: global_step=444971, episodic_return=243.37747192382812
2022-11-15 02:45:34,856 - INFO: global_step=445413, episodic_return=-50.302303314208984
2022-11-15 02:45:36,733 - INFO: global_step=446335, episodic_return=23.516387939453125
2022-11-15 02:45:37,510 - INFO: global_step=446823, episodic_return=-114.5000228881836
2022-11-15 02:45:40,132 - INFO: global_step=447823, episodic_return=21.59636116027832
2022-11-15 02:45:41,262 - INFO: global_step=448444, episodic_return=-68.17951965332031
2022-11-15 02:45:43,305 - INFO: global_step=449444, episodic_return=-38.923744201660156
2022-11-15 02:45:44,999 - INFO: global_step=450444, episodic_return=-74.32991027832031
2022-11-15 02:45:47,222 - INFO: global_step=451444, episodic_return=-67.639404296875
2022-11-15 02:45:49,631 - INFO: global_step=452444, episodic_return=-105.93125915527344
2022-11-15 02:45:52,358 - INFO: global_step=453444, episodic_return=12.202532768249512
2022-11-15 02:45:54,380 - INFO: global_step=454341, episodic_return=43.08306121826172
2022-11-15 02:45:56,518 - INFO: global_step=455341, episodic_return=-7.5400390625
2022-11-15 02:45:58,198 - INFO: global_step=456238, episodic_return=75.19990539550781
2022-11-15 02:46:00,944 - INFO: global_step=457238, episodic_return=-53.74869155883789
2022-11-15 02:46:03,661 - INFO: global_step=458238, episodic_return=-17.32331085205078
2022-11-15 02:46:05,584 - INFO: global_step=459238, episodic_return=-38.03815460205078
2022-11-15 02:46:08,227 - INFO: global_step=460238, episodic_return=-33.49724578857422
2022-11-15 02:46:10,895 - INFO: global_step=461238, episodic_return=-53.324832916259766
2022-11-15 02:46:12,900 - INFO: global_step=462238, episodic_return=-14.8749361038208
2022-11-15 02:46:15,022 - INFO: global_step=463238, episodic_return=-78.60062408447266
2022-11-15 02:46:16,909 - INFO: global_step=464238, episodic_return=-3.1699304580688477
2022-11-15 02:46:18,717 - INFO: global_step=465046, episodic_return=176.44500732421875
2022-11-15 02:46:20,464 - INFO: global_step=465974, episodic_return=117.13765716552734
2022-11-15 02:46:21,630 - INFO: global_step=466678, episodic_return=162.80125427246094
2022-11-15 02:46:22,665 - INFO: global_step=467273, episodic_return=235.83621215820312
2022-11-15 02:46:23,467 - INFO: global_step=467735, episodic_return=232.55735778808594
2022-11-15 02:46:24,991 - INFO: global_step=468395, episodic_return=192.8854522705078
2022-11-15 02:46:27,299 - INFO: global_step=469395, episodic_return=48.655487060546875
2022-11-15 02:46:28,784 - INFO: global_step=470245, episodic_return=112.37562561035156
2022-11-15 02:46:30,759 - INFO: global_step=471086, episodic_return=142.66734313964844
2022-11-15 02:46:32,765 - INFO: global_step=472000, episodic_return=103.25653076171875
2022-11-15 02:46:33,914 - INFO: global_step=472585, episodic_return=-111.77923583984375
2022-11-15 02:46:34,612 - INFO: global_step=473033, episodic_return=-79.9118423461914
2022-11-15 02:46:35,032 - INFO: global_step=473413, episodic_return=-40.838199615478516
2022-11-15 02:46:35,124 - INFO: global_step=473513, episodic_return=-157.748291015625
2022-11-15 02:46:35,265 - INFO: global_step=473694, episodic_return=-137.64395141601562
2022-11-15 02:46:35,468 - INFO: global_step=473922, episodic_return=-52.18468475341797
2022-11-15 02:46:35,962 - INFO: global_step=474333, episodic_return=204.07701110839844
2022-11-15 02:46:36,249 - INFO: global_step=474574, episodic_return=-41.06855010986328
2022-11-15 02:46:36,933 - INFO: global_step=474959, episodic_return=-177.60406494140625
2022-11-15 02:46:37,254 - INFO: global_step=475194, episodic_return=-97.43157196044922
2022-11-15 02:46:37,785 - INFO: global_step=475546, episodic_return=-58.099525451660156
2022-11-15 02:46:39,600 - INFO: global_step=476546, episodic_return=-85.3210678100586
2022-11-15 02:46:41,952 - INFO: global_step=477546, episodic_return=-76.46710205078125
2022-11-15 02:46:44,687 - INFO: global_step=478546, episodic_return=-58.404823303222656
2022-11-15 02:46:47,584 - INFO: global_step=479546, episodic_return=-6.157155990600586
2022-11-15 02:46:50,545 - INFO: global_step=480546, episodic_return=-97.81689453125
2022-11-15 02:46:53,574 - INFO: global_step=481546, episodic_return=-68.54693603515625
2022-11-15 02:46:55,393 - INFO: global_step=482546, episodic_return=7.5783610343933105
2022-11-15 02:46:55,642 - INFO: global_step=482727, episodic_return=-236.32102966308594
2022-11-15 02:46:55,830 - INFO: global_step=482934, episodic_return=-407.3919677734375
2022-11-15 02:46:57,748 - INFO: global_step=483934, episodic_return=-40.49047088623047
2022-11-15 02:46:59,871 - INFO: global_step=484934, episodic_return=-67.0503158569336
2022-11-15 02:47:01,948 - INFO: global_step=485934, episodic_return=-68.81244659423828
2022-11-15 02:47:05,219 - INFO: global_step=486934, episodic_return=-85.97272491455078
2022-11-15 02:47:07,466 - INFO: global_step=487934, episodic_return=-85.63043975830078
2022-11-15 02:47:09,963 - INFO: global_step=488934, episodic_return=-52.742767333984375
2022-11-15 02:47:11,895 - INFO: global_step=489934, episodic_return=-72.81392669677734
2022-11-15 02:47:13,576 - INFO: global_step=490934, episodic_return=-32.14109420776367
2022-11-15 02:47:15,875 - INFO: global_step=491934, episodic_return=-78.79972076416016
2022-11-15 02:47:18,186 - INFO: global_step=492934, episodic_return=-101.83723449707031
2022-11-15 02:47:20,264 - INFO: global_step=493934, episodic_return=-84.06027221679688
2022-11-15 02:47:21,903 - INFO: global_step=494934, episodic_return=-9.076083183288574
2022-11-15 02:47:24,588 - INFO: global_step=495934, episodic_return=-10.496172904968262
2022-11-15 02:47:26,427 - INFO: global_step=496934, episodic_return=-58.5110969543457
2022-11-15 02:47:28,533 - INFO: global_step=497934, episodic_return=-30.90454864501953
2022-11-15 02:47:31,148 - INFO: global_step=498934, episodic_return=23.49549102783203
2022-11-15 02:47:33,350 - INFO: global_step=499934, episodic_return=34.50090408325195
2022-11-15 02:47:33,415 - INFO: The average reward of last 20 steps: -72.87387783527375
