2022-11-15 04:35:35,308 - INFO: +--------------------------+----------------+
| Parameter                | Value          |
+--------------------------+----------------+
| exp_name                 | dqn            |
+--------------------------+----------------+
| seed                     | 42             |
+--------------------------+----------------+
| total_timesteps          | 500000         |
+--------------------------+----------------+
| learning_rate            | 0.001          |
+--------------------------+----------------+
| buffer_size              | 2000           |
+--------------------------+----------------+
| gamma                    | 0.982          |
+--------------------------+----------------+
| target_network_frequency | 50             |
+--------------------------+----------------+
| batch_size               | 128            |
+--------------------------+----------------+
| start_e                  | 0.700          |
+--------------------------+----------------+
| end_e                    | 0.010          |
+--------------------------+----------------+
| exploration_fraction     | 0.100          |
+--------------------------+----------------+
| learning_starts          | 10000          |
+--------------------------+----------------+
| train_frequency          | 10             |
+--------------------------+----------------+
| env_id                   | LunarLander-v2 |
+--------------------------+----------------+
2022-11-15 04:35:37,693 - INFO: global_step=136, episodic_return=-531.7100219726562
2022-11-15 04:35:37,715 - INFO: global_step=218, episodic_return=-407.9483337402344
2022-11-15 04:35:37,734 - INFO: global_step=293, episodic_return=-89.19992065429688
2022-11-15 04:35:37,753 - INFO: global_step=350, episodic_return=-81.596435546875
2022-11-15 04:35:37,793 - INFO: global_step=495, episodic_return=-155.71365356445312
2022-11-15 04:35:37,817 - INFO: global_step=577, episodic_return=-464.0136413574219
2022-11-15 04:35:37,855 - INFO: global_step=695, episodic_return=-494.292236328125
2022-11-15 04:35:37,890 - INFO: global_step=799, episodic_return=-320.70916748046875
2022-11-15 04:35:37,912 - INFO: global_step=864, episodic_return=-93.6928939819336
2022-11-15 04:35:37,935 - INFO: global_step=938, episodic_return=-76.55441284179688
2022-11-15 04:35:37,955 - INFO: global_step=993, episodic_return=-347.8776550292969
2022-11-15 04:35:38,009 - INFO: global_step=1151, episodic_return=-685.1886596679688
2022-11-15 04:35:38,030 - INFO: global_step=1239, episodic_return=-126.8844223022461
2022-11-15 04:35:38,048 - INFO: global_step=1316, episodic_return=-452.07666015625
2022-11-15 04:35:38,069 - INFO: global_step=1393, episodic_return=-380.18524169921875
2022-11-15 04:35:38,149 - INFO: global_step=1584, episodic_return=-332.3221130371094
2022-11-15 04:35:38,189 - INFO: global_step=1689, episodic_return=-205.7960205078125
2022-11-15 04:35:38,220 - INFO: global_step=1775, episodic_return=-131.1501922607422
2022-11-15 04:35:38,248 - INFO: global_step=1854, episodic_return=-86.61933898925781
2022-11-15 04:35:38,273 - INFO: global_step=1936, episodic_return=-443.8912658691406
2022-11-15 04:35:38,295 - INFO: global_step=1999, episodic_return=-103.90582275390625
2022-11-15 04:35:38,372 - INFO: global_step=2209, episodic_return=-252.14187622070312
2022-11-15 04:35:38,394 - INFO: global_step=2306, episodic_return=-438.75311279296875
2022-11-15 04:35:38,411 - INFO: global_step=2373, episodic_return=-165.1552734375
2022-11-15 04:35:38,484 - INFO: global_step=2557, episodic_return=-510.7410583496094
2022-11-15 04:35:38,515 - INFO: global_step=2647, episodic_return=-364.6882629394531
2022-11-15 04:35:38,546 - INFO: global_step=2740, episodic_return=-522.6174926757812
2022-11-15 04:35:38,590 - INFO: global_step=2836, episodic_return=-505.9080505371094
2022-11-15 04:35:38,616 - INFO: global_step=2899, episodic_return=-96.7148666381836
2022-11-15 04:35:38,685 - INFO: global_step=3028, episodic_return=-406.259765625
2022-11-15 04:35:38,729 - INFO: global_step=3120, episodic_return=-337.14697265625
2022-11-15 04:35:38,761 - INFO: global_step=3193, episodic_return=-119.95196533203125
2022-11-15 04:35:38,803 - INFO: global_step=3280, episodic_return=-474.5326843261719
2022-11-15 04:35:38,824 - INFO: global_step=3335, episodic_return=-112.10787963867188
2022-11-15 04:35:38,879 - INFO: global_step=3449, episodic_return=-341.89410400390625
2022-11-15 04:35:38,910 - INFO: global_step=3522, episodic_return=-122.00626373291016
2022-11-15 04:35:38,933 - INFO: global_step=3575, episodic_return=-110.80941009521484
2022-11-15 04:35:38,959 - INFO: global_step=3634, episodic_return=-115.99594116210938
2022-11-15 04:35:39,080 - INFO: global_step=3850, episodic_return=-467.66351318359375
2022-11-15 04:35:39,135 - INFO: global_step=3956, episodic_return=-154.80929565429688
2022-11-15 04:35:39,169 - INFO: global_step=4024, episodic_return=-337.21832275390625
2022-11-15 04:35:39,198 - INFO: global_step=4084, episodic_return=-59.8258056640625
2022-11-15 04:35:39,228 - INFO: global_step=4149, episodic_return=-78.85875701904297
2022-11-15 04:35:39,254 - INFO: global_step=4209, episodic_return=-387.0072326660156
2022-11-15 04:35:39,283 - INFO: global_step=4314, episodic_return=-403.49591064453125
2022-11-15 04:35:39,301 - INFO: global_step=4395, episodic_return=-466.40863037109375
2022-11-15 04:35:39,321 - INFO: global_step=4469, episodic_return=-463.33056640625
2022-11-15 04:35:39,341 - INFO: global_step=4536, episodic_return=-67.51457214355469
2022-11-15 04:35:39,360 - INFO: global_step=4597, episodic_return=-110.52471160888672
2022-11-15 04:35:39,378 - INFO: global_step=4656, episodic_return=-100.97311401367188
2022-11-15 04:35:39,409 - INFO: global_step=4752, episodic_return=-275.3143615722656
2022-11-15 04:35:39,457 - INFO: global_step=4881, episodic_return=-246.54629516601562
2022-11-15 04:35:39,486 - INFO: global_step=4966, episodic_return=-381.9071044921875
2022-11-15 04:35:39,513 - INFO: global_step=5045, episodic_return=-131.734375
2022-11-15 04:35:39,539 - INFO: global_step=5130, episodic_return=-544.775634765625
2022-11-15 04:35:39,554 - INFO: global_step=5188, episodic_return=-92.506591796875
2022-11-15 04:35:39,578 - INFO: global_step=5275, episodic_return=-402.4134826660156
2022-11-15 04:35:39,607 - INFO: global_step=5383, episodic_return=-172.00726318359375
2022-11-15 04:35:39,692 - INFO: global_step=5577, episodic_return=-442.5880432128906
2022-11-15 04:35:39,712 - INFO: global_step=5638, episodic_return=-122.8990478515625
2022-11-15 04:35:39,734 - INFO: global_step=5701, episodic_return=-118.22425842285156
2022-11-15 04:35:39,754 - INFO: global_step=5759, episodic_return=-94.09143829345703
2022-11-15 04:35:39,774 - INFO: global_step=5821, episodic_return=-175.41787719726562
2022-11-15 04:35:39,800 - INFO: global_step=5904, episodic_return=-114.3207015991211
2022-11-15 04:35:39,841 - INFO: global_step=6026, episodic_return=-580.056396484375
2022-11-15 04:35:39,861 - INFO: global_step=6095, episodic_return=-262.318115234375
2022-11-15 04:35:39,876 - INFO: global_step=6158, episodic_return=-171.66481018066406
2022-11-15 04:35:39,914 - INFO: global_step=6293, episodic_return=-339.3140563964844
2022-11-15 04:35:39,932 - INFO: global_step=6362, episodic_return=-134.77622985839844
2022-11-15 04:35:39,963 - INFO: global_step=6448, episodic_return=-573.04052734375
2022-11-15 04:35:40,019 - INFO: global_step=6586, episodic_return=-218.516845703125
2022-11-15 04:35:40,041 - INFO: global_step=6652, episodic_return=-341.42291259765625
2022-11-15 04:35:40,059 - INFO: global_step=6710, episodic_return=-80.40538787841797
2022-11-15 04:35:40,107 - INFO: global_step=6842, episodic_return=-128.69943237304688
2022-11-15 04:35:40,128 - INFO: global_step=6903, episodic_return=-105.84732818603516
2022-11-15 04:35:40,164 - INFO: global_step=7015, episodic_return=-374.8670654296875
2022-11-15 04:35:40,205 - INFO: global_step=7155, episodic_return=-375.8619079589844
2022-11-15 04:35:40,221 - INFO: global_step=7217, episodic_return=-203.11196899414062
2022-11-15 04:35:40,237 - INFO: global_step=7270, episodic_return=-361.027099609375
2022-11-15 04:35:40,266 - INFO: global_step=7356, episodic_return=-392.7822570800781
2022-11-15 04:35:40,289 - INFO: global_step=7424, episodic_return=-261.3828430175781
2022-11-15 04:35:40,323 - INFO: global_step=7515, episodic_return=-430.8033447265625
2022-11-15 04:35:40,349 - INFO: global_step=7590, episodic_return=-276.55206298828125
2022-11-15 04:35:40,370 - INFO: global_step=7650, episodic_return=-277.84246826171875
2022-11-15 04:35:40,396 - INFO: global_step=7719, episodic_return=-299.07220458984375
2022-11-15 04:35:40,427 - INFO: global_step=7806, episodic_return=-546.9375
2022-11-15 04:35:40,504 - INFO: global_step=8018, episodic_return=-619.0227661132812
2022-11-15 04:35:40,547 - INFO: global_step=8141, episodic_return=-646.498291015625
2022-11-15 04:35:40,570 - INFO: global_step=8202, episodic_return=-385.3681640625
2022-11-15 04:35:40,606 - INFO: global_step=8293, episodic_return=-630.0498657226562
2022-11-15 04:35:40,638 - INFO: global_step=8381, episodic_return=-463.0962219238281
2022-11-15 04:35:40,676 - INFO: global_step=8474, episodic_return=-626.7032470703125
2022-11-15 04:35:40,702 - INFO: global_step=8556, episodic_return=-444.3323669433594
2022-11-15 04:35:40,725 - INFO: global_step=8624, episodic_return=-217.53872680664062
2022-11-15 04:35:40,803 - INFO: global_step=8827, episodic_return=-786.37939453125
2022-11-15 04:35:40,827 - INFO: global_step=8903, episodic_return=-449.01361083984375
2022-11-15 04:35:40,850 - INFO: global_step=8963, episodic_return=-83.66001892089844
2022-11-15 04:35:40,876 - INFO: global_step=9031, episodic_return=-96.23772430419922
2022-11-15 04:35:40,907 - INFO: global_step=9117, episodic_return=-355.60491943359375
2022-11-15 04:35:40,935 - INFO: global_step=9192, episodic_return=-420.285888671875
2022-11-15 04:35:40,957 - INFO: global_step=9255, episodic_return=-128.5504608154297
2022-11-15 04:35:40,981 - INFO: global_step=9315, episodic_return=-76.1495361328125
2022-11-15 04:35:41,003 - INFO: global_step=9381, episodic_return=-87.70256805419922
2022-11-15 04:35:41,028 - INFO: global_step=9457, episodic_return=-499.0686950683594
2022-11-15 04:35:41,083 - INFO: global_step=9579, episodic_return=-509.28857421875
2022-11-15 04:35:41,123 - INFO: global_step=9665, episodic_return=-212.82891845703125
2022-11-15 04:35:41,156 - INFO: global_step=9741, episodic_return=-417.1945495605469
2022-11-15 04:35:41,183 - INFO: global_step=9809, episodic_return=10.328330993652344
2022-11-15 04:35:41,242 - INFO: global_step=9907, episodic_return=-469.358642578125
2022-11-15 04:35:41,281 - INFO: global_step=9968, episodic_return=-288.7543029785156
2022-11-15 04:35:41,360 - INFO: global_step=10090, episodic_return=-322.8818359375
2022-11-15 04:35:41,399 - INFO: global_step=10156, episodic_return=-294.5919189453125
2022-11-15 04:35:41,446 - INFO: global_step=10239, episodic_return=-341.0906982421875
2022-11-15 04:35:41,479 - INFO: global_step=10299, episodic_return=-146.56253051757812
2022-11-15 04:35:41,513 - INFO: global_step=10355, episodic_return=-342.42669677734375
2022-11-15 04:35:41,549 - INFO: global_step=10413, episodic_return=-199.46226501464844
2022-11-15 04:35:41,575 - INFO: global_step=10467, episodic_return=-172.7574462890625
2022-11-15 04:35:41,618 - INFO: global_step=10553, episodic_return=-521.9620971679688
2022-11-15 04:35:41,663 - INFO: global_step=10647, episodic_return=-238.83322143554688
2022-11-15 04:35:41,696 - INFO: global_step=10715, episodic_return=-135.5669708251953
2022-11-15 04:35:41,745 - INFO: global_step=10806, episodic_return=-437.8765563964844
2022-11-15 04:35:41,779 - INFO: global_step=10866, episodic_return=-312.1529541015625
2022-11-15 04:35:41,835 - INFO: global_step=10961, episodic_return=-332.1973876953125
2022-11-15 04:35:41,879 - INFO: global_step=11028, episodic_return=-245.34776306152344
2022-11-15 04:35:41,919 - INFO: global_step=11101, episodic_return=-181.45643615722656
2022-11-15 04:35:41,957 - INFO: global_step=11172, episodic_return=-435.55963134765625
2022-11-15 04:35:42,007 - INFO: global_step=11235, episodic_return=-192.26177978515625
2022-11-15 04:35:42,064 - INFO: global_step=11324, episodic_return=-314.92877197265625
2022-11-15 04:35:42,129 - INFO: global_step=11432, episodic_return=-160.43118286132812
2022-11-15 04:35:42,154 - INFO: global_step=11492, episodic_return=-80.89344024658203
2022-11-15 04:35:42,191 - INFO: global_step=11567, episodic_return=-134.42005920410156
2022-11-15 04:35:42,251 - INFO: global_step=11658, episodic_return=-306.19049072265625
2022-11-15 04:35:42,306 - INFO: global_step=11731, episodic_return=-257.2391357421875
2022-11-15 04:35:42,364 - INFO: global_step=11811, episodic_return=-112.1456069946289
2022-11-15 04:35:42,406 - INFO: global_step=11884, episodic_return=-27.370574951171875
2022-11-15 04:35:42,450 - INFO: global_step=11949, episodic_return=-34.91065979003906
2022-11-15 04:35:42,597 - INFO: global_step=12115, episodic_return=-278.9776306152344
2022-11-15 04:35:42,652 - INFO: global_step=12196, episodic_return=-275.09423828125
2022-11-15 04:35:42,696 - INFO: global_step=12265, episodic_return=-6.2699432373046875
2022-11-15 04:35:42,765 - INFO: global_step=12371, episodic_return=-492.0375061035156
2022-11-15 04:35:42,827 - INFO: global_step=12465, episodic_return=-360.5190734863281
2022-11-15 04:35:42,895 - INFO: global_step=12549, episodic_return=-466.1398010253906
2022-11-15 04:35:43,060 - INFO: global_step=12750, episodic_return=-44.42219924926758
2022-11-15 04:35:43,099 - INFO: global_step=12824, episodic_return=-440.0694580078125
2022-11-15 04:35:43,135 - INFO: global_step=12890, episodic_return=-223.74082946777344
2022-11-15 04:35:44,478 - INFO: global_step=13890, episodic_return=-169.98666381835938
2022-11-15 04:35:44,568 - INFO: global_step=14023, episodic_return=-84.80716705322266
2022-11-15 04:35:44,626 - INFO: global_step=14117, episodic_return=-186.7712860107422
2022-11-15 04:35:44,678 - INFO: global_step=14213, episodic_return=-176.69833374023438
2022-11-15 04:35:44,811 - INFO: global_step=14423, episodic_return=-60.25539016723633
2022-11-15 04:35:44,972 - INFO: global_step=14620, episodic_return=-206.31932067871094
2022-11-15 04:35:45,059 - INFO: global_step=14763, episodic_return=-175.16293334960938
2022-11-15 04:35:45,148 - INFO: global_step=14897, episodic_return=-189.28602600097656
2022-11-15 04:35:45,298 - INFO: global_step=15076, episodic_return=-255.83973693847656
2022-11-15 04:35:45,349 - INFO: global_step=15161, episodic_return=-138.0745849609375
2022-11-15 04:35:45,416 - INFO: global_step=15267, episodic_return=-45.45558166503906
2022-11-15 04:35:45,517 - INFO: global_step=15391, episodic_return=-77.39798736572266
2022-11-15 04:35:45,718 - INFO: global_step=15644, episodic_return=-92.70278930664062
2022-11-15 04:35:45,792 - INFO: global_step=15762, episodic_return=-147.59381103515625
2022-11-15 04:35:45,849 - INFO: global_step=15859, episodic_return=-138.95138549804688
2022-11-15 04:35:45,919 - INFO: global_step=15976, episodic_return=9.420219421386719
2022-11-15 04:35:46,041 - INFO: global_step=16163, episodic_return=-256.9017333984375
2022-11-15 04:35:46,151 - INFO: global_step=16278, episodic_return=-143.4990234375
2022-11-15 04:35:46,232 - INFO: global_step=16371, episodic_return=-195.37686157226562
2022-11-15 04:35:46,366 - INFO: global_step=16538, episodic_return=-203.92474365234375
2022-11-15 04:35:46,798 - INFO: global_step=16981, episodic_return=-338.923583984375
2022-11-15 04:35:46,866 - INFO: global_step=17073, episodic_return=-149.28875732421875
2022-11-15 04:35:46,926 - INFO: global_step=17178, episodic_return=-253.93563842773438
2022-11-15 04:35:46,984 - INFO: global_step=17284, episodic_return=-513.4842529296875
2022-11-15 04:35:47,034 - INFO: global_step=17380, episodic_return=-553.9076538085938
2022-11-15 04:35:47,501 - INFO: global_step=17848, episodic_return=-161.36618041992188
2022-11-15 04:35:47,786 - INFO: global_step=18189, episodic_return=-159.04981994628906
2022-11-15 04:35:48,065 - INFO: global_step=18499, episodic_return=-145.1171875
2022-11-15 04:35:48,241 - INFO: global_step=18739, episodic_return=-459.9620361328125
2022-11-15 04:35:48,324 - INFO: global_step=18864, episodic_return=-507.9716796875
2022-11-15 04:35:48,498 - INFO: global_step=19102, episodic_return=-395.0682373046875
2022-11-15 04:35:48,634 - INFO: global_step=19289, episodic_return=-486.12518310546875
2022-11-15 04:35:48,722 - INFO: global_step=19411, episodic_return=-213.65484619140625
2022-11-15 04:35:50,435 - INFO: global_step=20411, episodic_return=27.228857040405273
2022-11-15 04:35:50,576 - INFO: global_step=20560, episodic_return=-196.70501708984375
2022-11-15 04:35:50,656 - INFO: global_step=20705, episodic_return=-79.27997589111328
2022-11-15 04:35:51,091 - INFO: global_step=21153, episodic_return=-38.16777038574219
2022-11-15 04:35:51,179 - INFO: global_step=21286, episodic_return=-268.11041259765625
2022-11-15 04:35:53,148 - INFO: global_step=22286, episodic_return=2.687553882598877
2022-11-15 04:35:53,304 - INFO: global_step=22386, episodic_return=-131.1474609375
2022-11-15 04:35:53,730 - INFO: global_step=22784, episodic_return=-355.19732666015625
2022-11-15 04:35:53,922 - INFO: global_step=23041, episodic_return=-201.3360595703125
2022-11-15 04:35:53,998 - INFO: global_step=23179, episodic_return=-331.7462158203125
2022-11-15 04:35:54,070 - INFO: global_step=23303, episodic_return=-93.4014663696289
2022-11-15 04:35:54,190 - INFO: global_step=23486, episodic_return=-40.96647644042969
2022-11-15 04:35:54,287 - INFO: global_step=23641, episodic_return=-104.42720794677734
2022-11-15 04:35:54,507 - INFO: global_step=23901, episodic_return=-60.998016357421875
2022-11-15 04:35:56,767 - INFO: global_step=24901, episodic_return=43.444976806640625
2022-11-15 04:35:57,189 - INFO: global_step=25245, episodic_return=-236.20448303222656
2022-11-15 04:35:57,452 - INFO: global_step=25520, episodic_return=-45.59755325317383
2022-11-15 04:35:57,959 - INFO: global_step=26014, episodic_return=-157.52841186523438
2022-11-15 04:35:58,021 - INFO: global_step=26122, episodic_return=-183.2578125
2022-11-15 04:35:58,227 - INFO: global_step=26369, episodic_return=-219.73013305664062
2022-11-15 04:35:58,361 - INFO: global_step=26556, episodic_return=-109.28570556640625
2022-11-15 04:35:58,470 - INFO: global_step=26710, episodic_return=-68.2440185546875
2022-11-15 04:35:58,782 - INFO: global_step=27029, episodic_return=-187.20574951171875
2022-11-15 04:35:59,232 - INFO: global_step=27407, episodic_return=-69.79304504394531
2022-11-15 04:36:00,997 - INFO: global_step=28407, episodic_return=-80.86930084228516
2022-11-15 04:36:01,195 - INFO: global_step=28645, episodic_return=-35.12476348876953
2022-11-15 04:36:03,307 - INFO: global_step=29645, episodic_return=32.175743103027344
2022-11-15 04:36:04,758 - INFO: global_step=30645, episodic_return=-4.458103179931641
2022-11-15 04:36:06,375 - INFO: global_step=31645, episodic_return=133.94345092773438
2022-11-15 04:36:08,237 - INFO: global_step=32645, episodic_return=12.15043830871582
2022-11-15 04:36:08,648 - INFO: global_step=33040, episodic_return=33.88484191894531
2022-11-15 04:36:10,455 - INFO: global_step=34040, episodic_return=13.06371021270752
2022-11-15 04:36:12,425 - INFO: global_step=35040, episodic_return=-65.27326202392578
2022-11-15 04:36:14,828 - INFO: global_step=36040, episodic_return=-124.89430236816406
2022-11-15 04:36:16,023 - INFO: global_step=36714, episodic_return=-260.55450439453125
2022-11-15 04:36:18,053 - INFO: global_step=37714, episodic_return=-11.712841987609863
2022-11-15 04:36:18,571 - INFO: global_step=38003, episodic_return=-111.01358032226562
2022-11-15 04:36:21,088 - INFO: global_step=39003, episodic_return=27.590726852416992
2022-11-15 04:36:22,949 - INFO: global_step=40003, episodic_return=-63.65094757080078
2022-11-15 04:36:23,421 - INFO: global_step=40414, episodic_return=241.91921997070312
2022-11-15 04:36:24,683 - INFO: global_step=41130, episodic_return=174.95074462890625
2022-11-15 04:36:25,881 - INFO: global_step=41923, episodic_return=-209.00271606445312
2022-11-15 04:36:27,420 - INFO: global_step=42694, episodic_return=134.73268127441406
2022-11-15 04:36:27,519 - INFO: global_step=42800, episodic_return=-537.5514526367188
2022-11-15 04:36:28,868 - INFO: global_step=43628, episodic_return=-163.72109985351562
2022-11-15 04:36:28,963 - INFO: global_step=43750, episodic_return=-528.6814575195312
2022-11-15 04:36:29,071 - INFO: global_step=43910, episodic_return=-628.0614624023438
2022-11-15 04:36:29,248 - INFO: global_step=44101, episodic_return=-443.9991149902344
2022-11-15 04:36:29,329 - INFO: global_step=44220, episodic_return=-144.07240295410156
2022-11-15 04:36:29,926 - INFO: global_step=44709, episodic_return=157.9688262939453
2022-11-15 04:36:30,167 - INFO: global_step=44947, episodic_return=-106.5457763671875
2022-11-15 04:36:30,260 - INFO: global_step=45092, episodic_return=-114.54225158691406
2022-11-15 04:36:30,518 - INFO: global_step=45322, episodic_return=-72.31025695800781
2022-11-15 04:36:30,662 - INFO: global_step=45466, episodic_return=-146.0452880859375
2022-11-15 04:36:30,792 - INFO: global_step=45584, episodic_return=-116.55743408203125
2022-11-15 04:36:30,907 - INFO: global_step=45713, episodic_return=-99.82901000976562
2022-11-15 04:36:31,053 - INFO: global_step=45890, episodic_return=-137.3165283203125
2022-11-15 04:36:31,371 - INFO: global_step=46208, episodic_return=-118.75909423828125
2022-11-15 04:36:31,482 - INFO: global_step=46357, episodic_return=-116.93121337890625
2022-11-15 04:36:31,616 - INFO: global_step=46533, episodic_return=-134.06704711914062
2022-11-15 04:36:31,803 - INFO: global_step=46730, episodic_return=-128.17889404296875
2022-11-15 04:36:32,019 - INFO: global_step=46940, episodic_return=-122.59813690185547
2022-11-15 04:36:32,326 - INFO: global_step=47268, episodic_return=-129.62266540527344
2022-11-15 04:36:32,612 - INFO: global_step=47568, episodic_return=-140.51861572265625
2022-11-15 04:36:34,638 - INFO: global_step=48568, episodic_return=-137.7797088623047
2022-11-15 04:36:36,555 - INFO: global_step=49568, episodic_return=-89.59815979003906
2022-11-15 04:36:38,229 - INFO: global_step=50568, episodic_return=-45.782264709472656
2022-11-15 04:36:39,426 - INFO: global_step=51568, episodic_return=-78.4857177734375
2022-11-15 04:36:41,450 - INFO: global_step=52568, episodic_return=-75.65641021728516
2022-11-15 04:36:43,551 - INFO: global_step=53568, episodic_return=-136.2959747314453
2022-11-15 04:36:46,282 - INFO: global_step=54568, episodic_return=-59.55476379394531
2022-11-15 04:36:48,379 - INFO: global_step=55568, episodic_return=-111.56199645996094
2022-11-15 04:36:50,021 - INFO: global_step=56568, episodic_return=-105.22836303710938
2022-11-15 04:36:51,520 - INFO: global_step=57568, episodic_return=-82.39149475097656
2022-11-15 04:36:53,555 - INFO: global_step=58568, episodic_return=-57.11125183105469
2022-11-15 04:36:54,820 - INFO: global_step=59568, episodic_return=-129.95249938964844
2022-11-15 04:36:56,554 - INFO: global_step=60568, episodic_return=-106.27381896972656
2022-11-15 04:36:58,273 - INFO: global_step=61568, episodic_return=-37.4627685546875
2022-11-15 04:36:58,973 - INFO: global_step=62173, episodic_return=-203.24917602539062
2022-11-15 04:37:00,591 - INFO: global_step=63173, episodic_return=-83.25765991210938
2022-11-15 04:37:02,453 - INFO: global_step=64173, episodic_return=-55.69560623168945
2022-11-15 04:37:04,243 - INFO: global_step=65173, episodic_return=-124.41300964355469
2022-11-15 04:37:05,653 - INFO: global_step=66173, episodic_return=-88.533935546875
2022-11-15 04:37:06,971 - INFO: global_step=67173, episodic_return=-106.74870300292969
2022-11-15 04:37:08,406 - INFO: global_step=68173, episodic_return=-97.40311431884766
2022-11-15 04:37:10,364 - INFO: global_step=69173, episodic_return=-88.87570190429688
2022-11-15 04:37:12,160 - INFO: global_step=70173, episodic_return=-108.03764343261719
2022-11-15 04:37:13,692 - INFO: global_step=71173, episodic_return=-106.5976333618164
2022-11-15 04:37:15,348 - INFO: global_step=72173, episodic_return=-91.4839096069336
2022-11-15 04:37:17,087 - INFO: global_step=73173, episodic_return=-118.53485107421875
2022-11-15 04:37:19,143 - INFO: global_step=74173, episodic_return=-101.3271713256836
2022-11-15 04:37:20,650 - INFO: global_step=75173, episodic_return=-142.7637481689453
2022-11-15 04:37:22,411 - INFO: global_step=76173, episodic_return=-177.9713592529297
2022-11-15 04:37:24,514 - INFO: global_step=77173, episodic_return=-84.80280303955078
2022-11-15 04:37:25,706 - INFO: global_step=78173, episodic_return=-89.93266296386719
2022-11-15 04:37:27,383 - INFO: global_step=79173, episodic_return=-76.73768615722656
2022-11-15 04:37:28,717 - INFO: global_step=80173, episodic_return=-141.4042205810547
2022-11-15 04:37:30,162 - INFO: global_step=81173, episodic_return=-113.09990692138672
2022-11-15 04:37:32,267 - INFO: global_step=82173, episodic_return=-100.51686096191406
2022-11-15 04:37:33,791 - INFO: global_step=83173, episodic_return=-151.08837890625
2022-11-15 04:37:35,185 - INFO: global_step=84173, episodic_return=-107.38232421875
2022-11-15 04:37:37,257 - INFO: global_step=85173, episodic_return=-109.30836486816406
2022-11-15 04:37:38,997 - INFO: global_step=86173, episodic_return=-117.77123260498047
2022-11-15 04:37:41,294 - INFO: global_step=87173, episodic_return=-104.70091247558594
2022-11-15 04:37:43,001 - INFO: global_step=88173, episodic_return=-115.06169128417969
2022-11-15 04:37:44,758 - INFO: global_step=89173, episodic_return=-143.00759887695312
2022-11-15 04:37:46,408 - INFO: global_step=90173, episodic_return=-114.38587188720703
2022-11-15 04:37:48,197 - INFO: global_step=91173, episodic_return=-107.83554077148438
2022-11-15 04:37:50,111 - INFO: global_step=92173, episodic_return=-102.57694244384766
2022-11-15 04:37:52,378 - INFO: global_step=93173, episodic_return=-131.78407287597656
2022-11-15 04:37:53,924 - INFO: global_step=94173, episodic_return=-112.29805755615234
2022-11-15 04:37:55,738 - INFO: global_step=95173, episodic_return=-110.9933090209961
2022-11-15 04:37:57,449 - INFO: global_step=96173, episodic_return=-119.76624298095703
2022-11-15 04:37:59,160 - INFO: global_step=97173, episodic_return=-98.88018798828125
2022-11-15 04:38:01,017 - INFO: global_step=98173, episodic_return=-104.20993041992188
2022-11-15 04:38:03,094 - INFO: global_step=99173, episodic_return=-145.62281799316406
2022-11-15 04:38:05,079 - INFO: global_step=100173, episodic_return=-133.6477813720703
2022-11-15 04:38:06,737 - INFO: global_step=101173, episodic_return=-103.83026123046875
2022-11-15 04:38:08,643 - INFO: global_step=102173, episodic_return=-107.69873046875
2022-11-15 04:38:10,582 - INFO: global_step=103173, episodic_return=-128.3970184326172
2022-11-15 04:38:12,365 - INFO: global_step=104173, episodic_return=-94.0970687866211
2022-11-15 04:38:13,871 - INFO: global_step=105173, episodic_return=-38.137943267822266
2022-11-15 04:38:16,175 - INFO: global_step=106173, episodic_return=-43.88747787475586
2022-11-15 04:38:18,518 - INFO: global_step=107173, episodic_return=-141.7104034423828
2022-11-15 04:38:19,954 - INFO: global_step=108173, episodic_return=-118.40348815917969
2022-11-15 04:38:22,385 - INFO: global_step=109173, episodic_return=-106.52738189697266
2022-11-15 04:38:23,864 - INFO: global_step=110173, episodic_return=-142.10092163085938
2022-11-15 04:38:25,310 - INFO: global_step=111173, episodic_return=-74.81816864013672
2022-11-15 04:38:27,422 - INFO: global_step=112173, episodic_return=-90.59567260742188
2022-11-15 04:38:29,361 - INFO: global_step=113173, episodic_return=-71.80497741699219
2022-11-15 04:38:30,929 - INFO: global_step=114164, episodic_return=-242.57284545898438
2022-11-15 04:38:33,201 - INFO: global_step=115164, episodic_return=-84.55018615722656
2022-11-15 04:38:34,445 - INFO: global_step=116164, episodic_return=-123.88790893554688
2022-11-15 04:38:36,657 - INFO: global_step=117164, episodic_return=-142.96051025390625
2022-11-15 04:38:38,007 - INFO: global_step=118164, episodic_return=-139.2410888671875
2022-11-15 04:38:39,587 - INFO: global_step=119164, episodic_return=-111.0736083984375
2022-11-15 04:38:41,929 - INFO: global_step=120164, episodic_return=-118.1570053100586
2022-11-15 04:38:43,954 - INFO: global_step=121164, episodic_return=-120.42974853515625
2022-11-15 04:38:46,117 - INFO: global_step=122164, episodic_return=-120.58438873291016
2022-11-15 04:38:47,850 - INFO: global_step=123164, episodic_return=-103.859619140625
2022-11-15 04:38:49,257 - INFO: global_step=124164, episodic_return=-110.4898452758789
2022-11-15 04:38:50,977 - INFO: global_step=125164, episodic_return=-131.33596801757812
2022-11-15 04:38:52,391 - INFO: global_step=126164, episodic_return=-107.47317504882812
2022-11-15 04:38:52,769 - INFO: global_step=126549, episodic_return=-82.37693786621094
2022-11-15 04:38:54,679 - INFO: global_step=127549, episodic_return=-139.0240020751953
2022-11-15 04:38:57,496 - INFO: global_step=128549, episodic_return=-131.33798217773438
2022-11-15 04:38:58,890 - INFO: global_step=129549, episodic_return=-105.17076110839844
2022-11-15 04:39:01,139 - INFO: global_step=130549, episodic_return=-98.2981185913086
2022-11-15 04:39:03,794 - INFO: global_step=131549, episodic_return=-130.78369140625
2022-11-15 04:39:05,457 - INFO: global_step=132549, episodic_return=-101.12847137451172
2022-11-15 04:39:07,032 - INFO: global_step=133549, episodic_return=-94.7829360961914
2022-11-15 04:39:09,826 - INFO: global_step=134549, episodic_return=-132.44778442382812
2022-11-15 04:39:10,738 - INFO: global_step=135178, episodic_return=-251.45574951171875
2022-11-15 04:39:12,239 - INFO: global_step=136178, episodic_return=-167.8522186279297
2022-11-15 04:39:12,540 - INFO: global_step=136479, episodic_return=-152.65130615234375
2022-11-15 04:39:14,504 - INFO: global_step=137479, episodic_return=-110.73990631103516
2022-11-15 04:39:16,136 - INFO: global_step=138479, episodic_return=-150.90252685546875
2022-11-15 04:39:17,680 - INFO: global_step=139479, episodic_return=-174.18528747558594
2022-11-15 04:39:20,147 - INFO: global_step=140479, episodic_return=-124.96916961669922
2022-11-15 04:39:20,295 - INFO: global_step=140646, episodic_return=-150.10287475585938
2022-11-15 04:39:22,076 - INFO: global_step=141585, episodic_return=-288.8924865722656
2022-11-15 04:39:24,000 - INFO: global_step=142574, episodic_return=-285.29547119140625
2022-11-15 04:39:25,661 - INFO: global_step=143574, episodic_return=-162.21966552734375
2022-11-15 04:39:25,867 - INFO: global_step=143763, episodic_return=-153.54104614257812
2022-11-15 04:39:28,015 - INFO: global_step=144763, episodic_return=-163.73748779296875
2022-11-15 04:39:29,569 - INFO: global_step=145763, episodic_return=-114.69308471679688
2022-11-15 04:39:29,831 - INFO: global_step=146030, episodic_return=-164.07733154296875
2022-11-15 04:39:31,717 - INFO: global_step=147030, episodic_return=-179.80186462402344
2022-11-15 04:39:33,070 - INFO: global_step=148030, episodic_return=-177.7449951171875
2022-11-15 04:39:34,728 - INFO: global_step=149030, episodic_return=-171.3474578857422
2022-11-15 04:39:36,023 - INFO: global_step=150030, episodic_return=-153.79736328125
2022-11-15 04:39:36,139 - INFO: global_step=150163, episodic_return=-124.876953125
2022-11-15 04:39:38,322 - INFO: global_step=151163, episodic_return=-111.23475646972656
2022-11-15 04:39:41,075 - INFO: global_step=152163, episodic_return=-64.48778533935547
2022-11-15 04:39:43,322 - INFO: global_step=153163, episodic_return=-72.5368423461914
2022-11-15 04:39:44,064 - INFO: global_step=153718, episodic_return=-176.0047149658203
2022-11-15 04:39:46,722 - INFO: global_step=154718, episodic_return=-95.26581573486328
2022-11-15 04:39:47,299 - INFO: global_step=155158, episodic_return=-98.25729370117188
2022-11-15 04:39:48,674 - INFO: global_step=156158, episodic_return=-148.3209228515625
2022-11-15 04:39:50,279 - INFO: global_step=156940, episodic_return=-246.9575958251953
2022-11-15 04:39:50,782 - INFO: global_step=157349, episodic_return=-188.50033569335938
2022-11-15 04:39:52,457 - INFO: global_step=158310, episodic_return=-231.84188842773438
2022-11-15 04:39:52,579 - INFO: global_step=158451, episodic_return=-70.51165008544922
2022-11-15 04:39:52,707 - INFO: global_step=158620, episodic_return=-119.95092010498047
2022-11-15 04:39:53,306 - INFO: global_step=159062, episodic_return=-167.66708374023438
2022-11-15 04:39:53,791 - INFO: global_step=159441, episodic_return=-113.34370422363281
2022-11-15 04:39:54,349 - INFO: global_step=159822, episodic_return=-135.78018188476562
2022-11-15 04:39:55,375 - INFO: global_step=160567, episodic_return=-177.23739624023438
2022-11-15 04:39:56,703 - INFO: global_step=161319, episodic_return=-216.21270751953125
2022-11-15 04:39:58,087 - INFO: global_step=162061, episodic_return=-167.94882202148438
2022-11-15 04:39:59,049 - INFO: global_step=162567, episodic_return=-144.15289306640625
2022-11-15 04:40:00,357 - INFO: global_step=163322, episodic_return=-149.66836547851562
2022-11-15 04:40:00,748 - INFO: global_step=163663, episodic_return=-187.15817260742188
2022-11-15 04:40:02,380 - INFO: global_step=164553, episodic_return=-241.25997924804688
2022-11-15 04:40:04,437 - INFO: global_step=165553, episodic_return=-58.60395050048828
2022-11-15 04:40:06,210 - INFO: global_step=166553, episodic_return=-73.030517578125
2022-11-15 04:40:08,097 - INFO: global_step=167553, episodic_return=-85.98319244384766
2022-11-15 04:40:09,549 - INFO: global_step=168553, episodic_return=-77.08419799804688
2022-11-15 04:40:11,067 - INFO: global_step=169553, episodic_return=-137.76202392578125
2022-11-15 04:40:12,737 - INFO: global_step=170553, episodic_return=-107.34073638916016
2022-11-15 04:40:13,866 - INFO: global_step=171305, episodic_return=-233.20147705078125
2022-11-15 04:40:15,678 - INFO: global_step=172305, episodic_return=-129.27789306640625
2022-11-15 04:40:16,988 - INFO: global_step=173305, episodic_return=-136.6793212890625
2022-11-15 04:40:18,737 - INFO: global_step=174305, episodic_return=-106.31005096435547
2022-11-15 04:40:19,967 - INFO: global_step=175060, episodic_return=-238.26824951171875
2022-11-15 04:40:20,162 - INFO: global_step=175287, episodic_return=-133.98040771484375
2022-11-15 04:40:21,775 - INFO: global_step=176287, episodic_return=-117.05097961425781
2022-11-15 04:40:23,455 - INFO: global_step=177287, episodic_return=-126.40565490722656
2022-11-15 04:40:25,296 - INFO: global_step=178287, episodic_return=-124.86592864990234
2022-11-15 04:40:26,888 - INFO: global_step=179287, episodic_return=-130.6793212890625
2022-11-15 04:40:27,327 - INFO: global_step=179630, episodic_return=-152.95941162109375
2022-11-15 04:40:29,611 - INFO: global_step=180630, episodic_return=-164.09613037109375
2022-11-15 04:40:30,284 - INFO: global_step=181179, episodic_return=-242.84555053710938
2022-11-15 04:40:30,622 - INFO: global_step=181500, episodic_return=-187.33718872070312
2022-11-15 04:40:32,007 - INFO: global_step=182500, episodic_return=-95.45556640625
2022-11-15 04:40:33,057 - INFO: global_step=183051, episodic_return=-204.72694396972656
2022-11-15 04:40:35,037 - INFO: global_step=184051, episodic_return=-114.41273498535156
2022-11-15 04:40:36,247 - INFO: global_step=184752, episodic_return=-221.44712829589844
2022-11-15 04:40:36,990 - INFO: global_step=185315, episodic_return=-221.18251037597656
2022-11-15 04:40:39,428 - INFO: global_step=186315, episodic_return=-125.90522003173828
2022-11-15 04:40:41,697 - INFO: global_step=187315, episodic_return=-113.257080078125
2022-11-15 04:40:44,078 - INFO: global_step=188315, episodic_return=-95.23448181152344
2022-11-15 04:40:45,938 - INFO: global_step=189315, episodic_return=-85.02061462402344
2022-11-15 04:40:46,127 - INFO: global_step=189525, episodic_return=-98.59983825683594
2022-11-15 04:40:47,853 - INFO: global_step=190525, episodic_return=-109.05487060546875
2022-11-15 04:40:49,465 - INFO: global_step=191525, episodic_return=-159.88934326171875
2022-11-15 04:40:51,570 - INFO: global_step=192525, episodic_return=-101.05290985107422
2022-11-15 04:40:51,772 - INFO: global_step=192727, episodic_return=-109.11763000488281
2022-11-15 04:40:53,868 - INFO: global_step=193727, episodic_return=-129.05213928222656
2022-11-15 04:40:54,509 - INFO: global_step=194163, episodic_return=-213.46636962890625
2022-11-15 04:40:55,585 - INFO: global_step=194669, episodic_return=-185.55726623535156
2022-11-15 04:40:55,857 - INFO: global_step=194917, episodic_return=-165.05462646484375
2022-11-15 04:40:57,986 - INFO: global_step=195917, episodic_return=-126.77737426757812
2022-11-15 04:41:00,168 - INFO: global_step=196917, episodic_return=-90.48751068115234
2022-11-15 04:41:02,082 - INFO: global_step=197917, episodic_return=-88.28561401367188
2022-11-15 04:41:03,351 - INFO: global_step=198917, episodic_return=-50.00875473022461
2022-11-15 04:41:04,929 - INFO: global_step=199917, episodic_return=-51.98126220703125
2022-11-15 04:41:05,696 - INFO: global_step=200498, episodic_return=-163.51861572265625
2022-11-15 04:41:07,713 - INFO: global_step=201498, episodic_return=-111.99581909179688
2022-11-15 04:41:09,587 - INFO: global_step=202498, episodic_return=-100.75595092773438
2022-11-15 04:41:10,949 - INFO: global_step=203498, episodic_return=-130.86248779296875
2022-11-15 04:41:12,970 - INFO: global_step=204498, episodic_return=-99.72097778320312
2022-11-15 04:41:13,417 - INFO: global_step=204910, episodic_return=-178.19522094726562
2022-11-15 04:41:15,126 - INFO: global_step=205910, episodic_return=-173.03536987304688
2022-11-15 04:41:16,920 - INFO: global_step=206910, episodic_return=-188.70169067382812
2022-11-15 04:41:17,270 - INFO: global_step=207225, episodic_return=-150.17044067382812
2022-11-15 04:41:19,072 - INFO: global_step=208225, episodic_return=-120.16604614257812
2022-11-15 04:41:20,668 - INFO: global_step=209222, episodic_return=-265.58575439453125
2022-11-15 04:41:22,502 - INFO: global_step=210222, episodic_return=-83.5582046508789
2022-11-15 04:41:22,983 - INFO: global_step=210629, episodic_return=-186.23175048828125
2022-11-15 04:41:25,159 - INFO: global_step=211629, episodic_return=-115.77376556396484
2022-11-15 04:41:25,250 - INFO: global_step=211752, episodic_return=-60.7498779296875
2022-11-15 04:41:27,096 - INFO: global_step=212752, episodic_return=-105.35552215576172
2022-11-15 04:41:28,690 - INFO: global_step=213532, episodic_return=-254.80409240722656
2022-11-15 04:41:30,820 - INFO: global_step=214532, episodic_return=-86.81475830078125
2022-11-15 04:41:32,816 - INFO: global_step=215532, episodic_return=-114.13676452636719
2022-11-15 04:41:34,351 - INFO: global_step=216532, episodic_return=-111.85448455810547
2022-11-15 04:41:35,981 - INFO: global_step=217532, episodic_return=-117.3225326538086
2022-11-15 04:41:36,813 - INFO: global_step=218096, episodic_return=-312.5298156738281
2022-11-15 04:41:38,388 - INFO: global_step=219096, episodic_return=-125.39549255371094
2022-11-15 04:41:39,576 - INFO: global_step=220096, episodic_return=-60.095787048339844
2022-11-15 04:41:40,873 - INFO: global_step=221096, episodic_return=-113.37564086914062
2022-11-15 04:41:42,274 - INFO: global_step=222096, episodic_return=-107.40486907958984
2022-11-15 04:41:44,202 - INFO: global_step=223096, episodic_return=-164.5778350830078
2022-11-15 04:41:45,876 - INFO: global_step=224096, episodic_return=-109.26617431640625
2022-11-15 04:41:47,571 - INFO: global_step=225096, episodic_return=-198.88040161132812
2022-11-15 04:41:49,587 - INFO: global_step=226096, episodic_return=-156.6844024658203
2022-11-15 04:41:52,153 - INFO: global_step=227096, episodic_return=-128.4340057373047
2022-11-15 04:41:54,182 - INFO: global_step=228096, episodic_return=-134.3984375
2022-11-15 04:41:55,906 - INFO: global_step=229096, episodic_return=-153.2178955078125
2022-11-15 04:41:57,282 - INFO: global_step=230096, episodic_return=-141.48193359375
2022-11-15 04:41:58,597 - INFO: global_step=231096, episodic_return=-82.09255981445312
2022-11-15 04:42:01,017 - INFO: global_step=232096, episodic_return=-128.0668182373047
2022-11-15 04:42:03,752 - INFO: global_step=233096, episodic_return=-134.10089111328125
2022-11-15 04:42:05,400 - INFO: global_step=234096, episodic_return=-89.99820709228516
2022-11-15 04:42:06,861 - INFO: global_step=235096, episodic_return=-75.45735931396484
2022-11-15 04:42:08,544 - INFO: global_step=236096, episodic_return=-137.89813232421875
2022-11-15 04:42:10,528 - INFO: global_step=237096, episodic_return=-84.46320343017578
2022-11-15 04:42:12,031 - INFO: global_step=238096, episodic_return=-49.012794494628906
2022-11-15 04:42:13,735 - INFO: global_step=239096, episodic_return=-98.78032684326172
2022-11-15 04:42:15,559 - INFO: global_step=240096, episodic_return=-91.39217376708984
2022-11-15 04:42:17,553 - INFO: global_step=241096, episodic_return=-108.84800720214844
2022-11-15 04:42:19,087 - INFO: global_step=242096, episodic_return=-81.87459564208984
2022-11-15 04:42:20,381 - INFO: global_step=243096, episodic_return=-106.71363067626953
2022-11-15 04:42:21,836 - INFO: global_step=244096, episodic_return=-84.47718811035156
2022-11-15 04:42:23,672 - INFO: global_step=245096, episodic_return=-123.3672103881836
2022-11-15 04:42:25,412 - INFO: global_step=246096, episodic_return=-61.77486801147461
2022-11-15 04:42:26,646 - INFO: global_step=247096, episodic_return=-106.5616683959961
2022-11-15 04:42:27,971 - INFO: global_step=248096, episodic_return=-142.83670043945312
2022-11-15 04:42:29,423 - INFO: global_step=249096, episodic_return=-135.08595275878906
2022-11-15 04:42:30,911 - INFO: global_step=250096, episodic_return=-122.98796081542969
2022-11-15 04:42:32,397 - INFO: global_step=251096, episodic_return=-101.01901245117188
2022-11-15 04:42:34,385 - INFO: global_step=252096, episodic_return=-77.64080047607422
2022-11-15 04:42:36,417 - INFO: global_step=253096, episodic_return=-118.7334213256836
2022-11-15 04:42:38,629 - INFO: global_step=254096, episodic_return=-92.03172302246094
2022-11-15 04:42:40,238 - INFO: global_step=255096, episodic_return=-89.4294204711914
2022-11-15 04:42:42,709 - INFO: global_step=256096, episodic_return=-120.5549087524414
2022-11-15 04:42:44,828 - INFO: global_step=257096, episodic_return=-72.88790130615234
2022-11-15 04:42:46,645 - INFO: global_step=258096, episodic_return=-63.161537170410156
2022-11-15 04:42:48,325 - INFO: global_step=259096, episodic_return=-92.96219635009766
2022-11-15 04:42:50,136 - INFO: global_step=260096, episodic_return=-100.88933563232422
2022-11-15 04:42:51,757 - INFO: global_step=261096, episodic_return=-81.8567123413086
2022-11-15 04:42:53,928 - INFO: global_step=262096, episodic_return=-97.91105651855469
2022-11-15 04:42:56,026 - INFO: global_step=263096, episodic_return=-65.61509704589844
2022-11-15 04:42:57,776 - INFO: global_step=264096, episodic_return=-89.95024108886719
2022-11-15 04:43:00,610 - INFO: global_step=265096, episodic_return=-110.44816589355469
2022-11-15 04:43:02,673 - INFO: global_step=266096, episodic_return=-23.067014694213867
2022-11-15 04:43:04,042 - INFO: global_step=267096, episodic_return=-87.18217468261719
2022-11-15 04:43:05,482 - INFO: global_step=268096, episodic_return=-65.05238342285156
2022-11-15 04:43:07,397 - INFO: global_step=269096, episodic_return=-84.69422912597656
2022-11-15 04:43:10,076 - INFO: global_step=270096, episodic_return=-85.7229232788086
2022-11-15 04:43:11,714 - INFO: global_step=271096, episodic_return=-112.12701416015625
2022-11-15 04:43:13,653 - INFO: global_step=272096, episodic_return=-44.91938781738281
2022-11-15 04:43:15,286 - INFO: global_step=273096, episodic_return=-25.6025447845459
2022-11-15 04:43:17,517 - INFO: global_step=274096, episodic_return=-103.36319732666016
2022-11-15 04:43:18,706 - INFO: global_step=275096, episodic_return=-63.603111267089844
2022-11-15 04:43:20,703 - INFO: global_step=276096, episodic_return=-107.53431701660156
2022-11-15 04:43:22,401 - INFO: global_step=277096, episodic_return=-45.67945861816406
2022-11-15 04:43:24,174 - INFO: global_step=278096, episodic_return=-46.81555938720703
2022-11-15 04:43:25,589 - INFO: global_step=279096, episodic_return=-142.53329467773438
2022-11-15 04:43:27,197 - INFO: global_step=280096, episodic_return=-52.97235870361328
2022-11-15 04:43:28,993 - INFO: global_step=281096, episodic_return=-120.35041046142578
2022-11-15 04:43:30,661 - INFO: global_step=282096, episodic_return=-57.06709289550781
2022-11-15 04:43:32,280 - INFO: global_step=283096, episodic_return=-62.20827102661133
2022-11-15 04:43:34,165 - INFO: global_step=284096, episodic_return=-112.78453826904297
2022-11-15 04:43:35,959 - INFO: global_step=285096, episodic_return=-82.24459838867188
2022-11-15 04:43:37,751 - INFO: global_step=286096, episodic_return=-35.79909896850586
2022-11-15 04:43:40,046 - INFO: global_step=287096, episodic_return=-71.11254119873047
2022-11-15 04:43:42,304 - INFO: global_step=288096, episodic_return=-68.17838287353516
2022-11-15 04:43:43,797 - INFO: global_step=289096, episodic_return=-66.60445404052734
2022-11-15 04:43:46,051 - INFO: global_step=290096, episodic_return=-15.96850872039795
2022-11-15 04:43:47,961 - INFO: global_step=291096, episodic_return=-85.33385467529297
2022-11-15 04:43:50,137 - INFO: global_step=292096, episodic_return=-50.202701568603516
2022-11-15 04:43:51,617 - INFO: global_step=293096, episodic_return=-94.31268310546875
2022-11-15 04:43:53,279 - INFO: global_step=294096, episodic_return=-85.448486328125
2022-11-15 04:43:55,504 - INFO: global_step=295096, episodic_return=-87.8580093383789
2022-11-15 04:43:57,761 - INFO: global_step=296096, episodic_return=-58.964569091796875
2022-11-15 04:43:59,769 - INFO: global_step=297096, episodic_return=-86.01593780517578
2022-11-15 04:44:01,967 - INFO: global_step=298096, episodic_return=-115.25210571289062
2022-11-15 04:44:03,463 - INFO: global_step=299096, episodic_return=-82.48596954345703
2022-11-15 04:44:05,034 - INFO: global_step=300096, episodic_return=-94.4140853881836
2022-11-15 04:44:06,842 - INFO: global_step=301096, episodic_return=-53.26835250854492
2022-11-15 04:44:08,499 - INFO: global_step=302096, episodic_return=-59.4348258972168
2022-11-15 04:44:09,877 - INFO: global_step=303096, episodic_return=-64.98336029052734
2022-11-15 04:44:12,119 - INFO: global_step=304096, episodic_return=-97.18077087402344
2022-11-15 04:44:13,944 - INFO: global_step=305096, episodic_return=31.054903030395508
2022-11-15 04:44:15,642 - INFO: global_step=306096, episodic_return=-23.25594139099121
2022-11-15 04:44:17,350 - INFO: global_step=307096, episodic_return=-59.745323181152344
2022-11-15 04:44:18,031 - INFO: global_step=307606, episodic_return=180.01251220703125
2022-11-15 04:44:20,246 - INFO: global_step=308606, episodic_return=-91.19745635986328
2022-11-15 04:44:20,944 - INFO: global_step=309167, episodic_return=-163.35650634765625
2022-11-15 04:44:21,687 - INFO: global_step=309686, episodic_return=-145.94300842285156
2022-11-15 04:44:23,473 - INFO: global_step=310608, episodic_return=-179.56842041015625
2022-11-15 04:44:25,021 - INFO: global_step=311608, episodic_return=-86.57260131835938
2022-11-15 04:44:26,120 - INFO: global_step=312419, episodic_return=-207.59353637695312
2022-11-15 04:44:28,143 - INFO: global_step=313419, episodic_return=-129.7424774169922
2022-11-15 04:44:30,871 - INFO: global_step=314419, episodic_return=-41.69395065307617
2022-11-15 04:44:31,806 - INFO: global_step=315133, episodic_return=103.6916732788086
2022-11-15 04:44:32,034 - INFO: global_step=315380, episodic_return=-34.53839111328125
2022-11-15 04:44:32,548 - INFO: global_step=315863, episodic_return=-153.4608612060547
2022-11-15 04:44:33,413 - INFO: global_step=316542, episodic_return=-97.75145721435547
2022-11-15 04:44:35,420 - INFO: global_step=317542, episodic_return=-63.18595886230469
2022-11-15 04:44:36,591 - INFO: global_step=318272, episodic_return=-154.15567016601562
2022-11-15 04:44:38,265 - INFO: global_step=319272, episodic_return=-55.834739685058594
2022-11-15 04:44:40,672 - INFO: global_step=320272, episodic_return=-84.8119125366211
2022-11-15 04:44:42,284 - INFO: global_step=321220, episodic_return=-192.73660278320312
2022-11-15 04:44:42,798 - INFO: global_step=321575, episodic_return=-131.238037109375
2022-11-15 04:44:43,183 - INFO: global_step=321823, episodic_return=-62.29365539550781
2022-11-15 04:44:43,456 - INFO: global_step=322085, episodic_return=-97.96659851074219
2022-11-15 04:44:43,603 - INFO: global_step=322264, episodic_return=-95.90406036376953
2022-11-15 04:44:43,949 - INFO: global_step=322580, episodic_return=-105.839599609375
2022-11-15 04:44:45,079 - INFO: global_step=323264, episodic_return=-132.0478973388672
2022-11-15 04:44:45,455 - INFO: global_step=323632, episodic_return=-116.39402770996094
2022-11-15 04:44:46,664 - INFO: global_step=324632, episodic_return=-68.56687927246094
2022-11-15 04:44:48,410 - INFO: global_step=325632, episodic_return=-111.35675048828125
2022-11-15 04:44:49,171 - INFO: global_step=326235, episodic_return=-171.77145385742188
2022-11-15 04:44:50,034 - INFO: global_step=326807, episodic_return=-183.78408813476562
2022-11-15 04:44:50,322 - INFO: global_step=327102, episodic_return=-98.93009948730469
2022-11-15 04:44:50,552 - INFO: global_step=327363, episodic_return=-53.922401428222656
2022-11-15 04:44:51,005 - INFO: global_step=327787, episodic_return=-170.32699584960938
2022-11-15 04:44:51,458 - INFO: global_step=328176, episodic_return=-118.75041198730469
2022-11-15 04:44:51,949 - INFO: global_step=328623, episodic_return=-142.43629455566406
2022-11-15 04:44:52,568 - INFO: global_step=329132, episodic_return=-169.60650634765625
2022-11-15 04:44:53,099 - INFO: global_step=329570, episodic_return=-126.5711441040039
2022-11-15 04:44:53,697 - INFO: global_step=330053, episodic_return=-199.61688232421875
2022-11-15 04:44:54,078 - INFO: global_step=330362, episodic_return=-113.89081573486328
2022-11-15 04:44:54,689 - INFO: global_step=330820, episodic_return=-218.66647338867188
2022-11-15 04:44:54,962 - INFO: global_step=331052, episodic_return=-96.11822509765625
2022-11-15 04:44:57,051 - INFO: global_step=331979, episodic_return=-299.91632080078125
2022-11-15 04:44:57,350 - INFO: global_step=332275, episodic_return=-136.9481658935547
2022-11-15 04:44:58,073 - INFO: global_step=332779, episodic_return=-181.2792510986328
2022-11-15 04:44:59,013 - INFO: global_step=333356, episodic_return=-188.07830810546875
2022-11-15 04:44:59,564 - INFO: global_step=333831, episodic_return=-140.3935546875
2022-11-15 04:45:00,983 - INFO: global_step=334831, episodic_return=-151.795166015625
2022-11-15 04:45:02,770 - INFO: global_step=335831, episodic_return=-71.55207824707031
2022-11-15 04:45:04,358 - INFO: global_step=336831, episodic_return=-189.085205078125
2022-11-15 04:45:05,255 - INFO: global_step=337610, episodic_return=-214.9603271484375
2022-11-15 04:45:06,620 - INFO: global_step=338610, episodic_return=-150.54034423828125
2022-11-15 04:45:08,319 - INFO: global_step=339610, episodic_return=-127.2026596069336
2022-11-15 04:45:10,156 - INFO: global_step=340610, episodic_return=-108.98283386230469
2022-11-15 04:45:12,144 - INFO: global_step=341610, episodic_return=-130.5040740966797
2022-11-15 04:45:13,086 - INFO: global_step=342361, episodic_return=-193.86947631835938
2022-11-15 04:45:14,128 - INFO: global_step=343005, episodic_return=-205.81951904296875
2022-11-15 04:45:15,913 - INFO: global_step=344005, episodic_return=-95.7002182006836
2022-11-15 04:45:18,016 - INFO: global_step=345005, episodic_return=-124.43482971191406
2022-11-15 04:45:19,022 - INFO: global_step=345695, episodic_return=-222.78134155273438
2022-11-15 04:45:20,895 - INFO: global_step=346695, episodic_return=-130.9092559814453
2022-11-15 04:45:22,826 - INFO: global_step=347695, episodic_return=-61.421451568603516
2022-11-15 04:45:24,811 - INFO: global_step=348695, episodic_return=-94.3687973022461
2022-11-15 04:45:27,452 - INFO: global_step=349695, episodic_return=-105.5910873413086
2022-11-15 04:45:29,569 - INFO: global_step=350695, episodic_return=-100.62347412109375
2022-11-15 04:45:31,184 - INFO: global_step=351695, episodic_return=-79.84424591064453
2022-11-15 04:45:32,013 - INFO: global_step=352280, episodic_return=-192.1381072998047
2022-11-15 04:45:34,017 - INFO: global_step=353280, episodic_return=-30.156686782836914
2022-11-15 04:45:35,613 - INFO: global_step=354280, episodic_return=-79.35049438476562
2022-11-15 04:45:37,473 - INFO: global_step=355280, episodic_return=-79.57516479492188
2022-11-15 04:45:38,976 - INFO: global_step=356280, episodic_return=-126.58193969726562
2022-11-15 04:45:40,700 - INFO: global_step=357280, episodic_return=-135.39012145996094
2022-11-15 04:45:42,245 - INFO: global_step=358280, episodic_return=-62.75141143798828
2022-11-15 04:45:43,868 - INFO: global_step=359280, episodic_return=-102.25358581542969
2022-11-15 04:45:45,495 - INFO: global_step=360280, episodic_return=-135.89630126953125
2022-11-15 04:45:47,559 - INFO: global_step=361280, episodic_return=-100.22474670410156
2022-11-15 04:45:49,118 - INFO: global_step=362280, episodic_return=-100.33782196044922
2022-11-15 04:45:51,224 - INFO: global_step=363280, episodic_return=-86.74958801269531
2022-11-15 04:45:53,717 - INFO: global_step=364280, episodic_return=-60.546775817871094
2022-11-15 04:45:55,836 - INFO: global_step=365280, episodic_return=-80.56046295166016
2022-11-15 04:45:58,085 - INFO: global_step=366280, episodic_return=-42.132728576660156
2022-11-15 04:45:59,758 - INFO: global_step=367280, episodic_return=-28.338665008544922
2022-11-15 04:46:02,525 - INFO: global_step=368280, episodic_return=-71.16179656982422
2022-11-15 04:46:05,291 - INFO: global_step=369280, episodic_return=-58.42350387573242
2022-11-15 04:46:07,011 - INFO: global_step=370280, episodic_return=-44.57642364501953
2022-11-15 04:46:08,475 - INFO: global_step=371280, episodic_return=-71.55252838134766
2022-11-15 04:46:10,050 - INFO: global_step=372280, episodic_return=-52.4630126953125
2022-11-15 04:46:11,975 - INFO: global_step=373280, episodic_return=-146.1359100341797
2022-11-15 04:46:13,639 - INFO: global_step=374280, episodic_return=-64.703857421875
2022-11-15 04:46:15,994 - INFO: global_step=375280, episodic_return=-112.72587585449219
2022-11-15 04:46:18,064 - INFO: global_step=376280, episodic_return=-45.25109100341797
2022-11-15 04:46:20,073 - INFO: global_step=377280, episodic_return=-79.38381958007812
2022-11-15 04:46:22,233 - INFO: global_step=378280, episodic_return=-94.82054138183594
2022-11-15 04:46:24,366 - INFO: global_step=379280, episodic_return=-93.48246765136719
2022-11-15 04:46:27,235 - INFO: global_step=380280, episodic_return=-72.60228729248047
2022-11-15 04:46:28,158 - INFO: global_step=380943, episodic_return=-159.79409790039062
2022-11-15 04:46:30,657 - INFO: global_step=381943, episodic_return=-0.06742405891418457
2022-11-15 04:46:32,278 - INFO: global_step=382830, episodic_return=-184.85406494140625
2022-11-15 04:46:34,044 - INFO: global_step=383830, episodic_return=-107.28900146484375
2022-11-15 04:46:34,153 - INFO: global_step=383959, episodic_return=16.006423950195312
2022-11-15 04:46:36,058 - INFO: global_step=384959, episodic_return=-72.34822082519531
2022-11-15 04:46:37,717 - INFO: global_step=385959, episodic_return=-101.12026977539062
2022-11-15 04:46:39,598 - INFO: global_step=386959, episodic_return=-48.4502067565918
2022-11-15 04:46:41,284 - INFO: global_step=387959, episodic_return=-119.45648193359375
2022-11-15 04:46:42,906 - INFO: global_step=388959, episodic_return=-110.98169708251953
2022-11-15 04:46:44,846 - INFO: global_step=389959, episodic_return=-108.48523712158203
2022-11-15 04:46:46,429 - INFO: global_step=390808, episodic_return=-228.53866577148438
2022-11-15 04:46:48,376 - INFO: global_step=391808, episodic_return=-14.159500122070312
2022-11-15 04:46:50,391 - INFO: global_step=392808, episodic_return=-104.12590026855469
2022-11-15 04:46:51,263 - INFO: global_step=393494, episodic_return=-199.79598999023438
2022-11-15 04:46:52,958 - INFO: global_step=394494, episodic_return=-119.6642074584961
2022-11-15 04:46:54,920 - INFO: global_step=395494, episodic_return=-80.80976867675781
2022-11-15 04:46:57,040 - INFO: global_step=396494, episodic_return=-107.12477111816406
2022-11-15 04:46:59,002 - INFO: global_step=397494, episodic_return=-67.97290802001953
2022-11-15 04:47:00,974 - INFO: global_step=398494, episodic_return=-139.61795043945312
2022-11-15 04:47:02,471 - INFO: global_step=399494, episodic_return=-28.742055892944336
2022-11-15 04:47:04,902 - INFO: global_step=400494, episodic_return=-114.63007354736328
2022-11-15 04:47:06,644 - INFO: global_step=401494, episodic_return=-44.54566192626953
2022-11-15 04:47:07,976 - INFO: global_step=402494, episodic_return=-54.36723327636719
2022-11-15 04:47:09,479 - INFO: global_step=403494, episodic_return=-80.52655792236328
2022-11-15 04:47:11,011 - INFO: global_step=404494, episodic_return=-111.50611877441406
2022-11-15 04:47:11,336 - INFO: global_step=404849, episodic_return=-75.62269592285156
2022-11-15 04:47:11,914 - INFO: global_step=405355, episodic_return=-199.90298461914062
2022-11-15 04:47:12,575 - INFO: global_step=405997, episodic_return=-135.0828399658203
2022-11-15 04:47:13,221 - INFO: global_step=406577, episodic_return=184.65731811523438
2022-11-15 04:47:13,273 - INFO: global_step=406639, episodic_return=-33.428131103515625
2022-11-15 04:47:14,555 - INFO: global_step=407486, episodic_return=-138.0663299560547
2022-11-15 04:47:16,472 - INFO: global_step=408486, episodic_return=-102.12291717529297
2022-11-15 04:47:17,891 - INFO: global_step=409486, episodic_return=-68.57421112060547
2022-11-15 04:47:18,547 - INFO: global_step=409985, episodic_return=-198.84539794921875
2022-11-15 04:47:19,053 - INFO: global_step=410478, episodic_return=-183.5579376220703
2022-11-15 04:47:20,035 - INFO: global_step=411282, episodic_return=-267.0270690917969
2022-11-15 04:47:21,440 - INFO: global_step=412282, episodic_return=-83.00593566894531
2022-11-15 04:47:23,391 - INFO: global_step=413282, episodic_return=-42.0792121887207
2022-11-15 04:47:24,717 - INFO: global_step=414055, episodic_return=-190.7976531982422
2022-11-15 04:47:24,952 - INFO: global_step=414257, episodic_return=-108.2584457397461
2022-11-15 04:47:25,671 - INFO: global_step=414687, episodic_return=-148.78543090820312
2022-11-15 04:47:27,465 - INFO: global_step=415687, episodic_return=-86.22918701171875
2022-11-15 04:47:29,209 - INFO: global_step=416687, episodic_return=-64.34797668457031
2022-11-15 04:47:32,018 - INFO: global_step=417687, episodic_return=-99.3992691040039
2022-11-15 04:47:34,741 - INFO: global_step=418687, episodic_return=-97.34513092041016
2022-11-15 04:47:36,765 - INFO: global_step=419687, episodic_return=-73.1808090209961
2022-11-15 04:47:38,998 - INFO: global_step=420687, episodic_return=-76.57774353027344
2022-11-15 04:47:41,192 - INFO: global_step=421687, episodic_return=-17.141475677490234
2022-11-15 04:47:42,727 - INFO: global_step=422687, episodic_return=-41.38995361328125
2022-11-15 04:47:44,890 - INFO: global_step=423687, episodic_return=-37.91657257080078
2022-11-15 04:47:47,268 - INFO: global_step=424687, episodic_return=-62.6942138671875
2022-11-15 04:47:49,113 - INFO: global_step=425687, episodic_return=-71.260498046875
2022-11-15 04:47:51,176 - INFO: global_step=426687, episodic_return=-60.08977508544922
2022-11-15 04:47:52,663 - INFO: global_step=427687, episodic_return=-102.22160339355469
2022-11-15 04:47:54,668 - INFO: global_step=428687, episodic_return=-56.29497528076172
2022-11-15 04:47:56,721 - INFO: global_step=429687, episodic_return=-34.107608795166016
2022-11-15 04:47:58,793 - INFO: global_step=430687, episodic_return=-67.94319915771484
2022-11-15 04:48:00,921 - INFO: global_step=431687, episodic_return=-12.172774314880371
2022-11-15 04:48:02,720 - INFO: global_step=432687, episodic_return=-76.03596496582031
2022-11-15 04:48:05,032 - INFO: global_step=433687, episodic_return=-118.12774658203125
2022-11-15 04:48:07,173 - INFO: global_step=434687, episodic_return=-55.18871307373047
2022-11-15 04:48:08,567 - INFO: global_step=435687, episodic_return=-4.1902570724487305
2022-11-15 04:48:11,348 - INFO: global_step=436687, episodic_return=-65.44842529296875
2022-11-15 04:48:14,099 - INFO: global_step=437687, episodic_return=-55.97323989868164
2022-11-15 04:48:15,713 - INFO: global_step=438687, episodic_return=-29.908432006835938
2022-11-15 04:48:17,652 - INFO: global_step=439687, episodic_return=-31.43474578857422
2022-11-15 04:48:19,484 - INFO: global_step=440687, episodic_return=-78.60977935791016
2022-11-15 04:48:21,047 - INFO: global_step=441522, episodic_return=-118.1066665649414
2022-11-15 04:48:22,898 - INFO: global_step=442522, episodic_return=-106.46298217773438
2022-11-15 04:48:25,972 - INFO: global_step=443522, episodic_return=-77.17703247070312
2022-11-15 04:48:28,400 - INFO: global_step=444522, episodic_return=-87.74181365966797
2022-11-15 04:48:30,610 - INFO: global_step=445522, episodic_return=-28.151962280273438
2022-11-15 04:48:31,970 - INFO: global_step=446522, episodic_return=-34.66487503051758
2022-11-15 04:48:33,697 - INFO: global_step=447522, episodic_return=-88.29566192626953
2022-11-15 04:48:35,912 - INFO: global_step=448522, episodic_return=-85.9571533203125
2022-11-15 04:48:37,472 - INFO: global_step=449522, episodic_return=-46.39337158203125
2022-11-15 04:48:39,218 - INFO: global_step=450522, episodic_return=-21.329235076904297
2022-11-15 04:48:40,703 - INFO: global_step=451522, episodic_return=-68.13497924804688
2022-11-15 04:48:41,993 - INFO: global_step=452522, episodic_return=-34.52876281738281
2022-11-15 04:48:43,787 - INFO: global_step=453522, episodic_return=-72.94281005859375
2022-11-15 04:48:45,287 - INFO: global_step=454205, episodic_return=-98.96874237060547
2022-11-15 04:48:47,706 - INFO: global_step=455205, episodic_return=-63.75844192504883
2022-11-15 04:48:49,906 - INFO: global_step=456205, episodic_return=-61.41160202026367
2022-11-15 04:48:51,592 - INFO: global_step=457205, episodic_return=-13.30492877960205
2022-11-15 04:48:54,324 - INFO: global_step=458205, episodic_return=-46.99842071533203
2022-11-15 04:48:56,754 - INFO: global_step=459205, episodic_return=-38.49069595336914
2022-11-15 04:48:58,521 - INFO: global_step=460205, episodic_return=-12.572341918945312
2022-11-15 04:49:01,200 - INFO: global_step=461205, episodic_return=-68.92314910888672
2022-11-15 04:49:03,684 - INFO: global_step=462205, episodic_return=-28.39984130859375
2022-11-15 04:49:05,498 - INFO: global_step=463205, episodic_return=-5.025752544403076
2022-11-15 04:49:07,073 - INFO: global_step=464205, episodic_return=1.7881426811218262
2022-11-15 04:49:08,647 - INFO: global_step=465205, episodic_return=-15.05270767211914
2022-11-15 04:49:10,901 - INFO: global_step=466205, episodic_return=-44.105072021484375
2022-11-15 04:49:13,118 - INFO: global_step=467205, episodic_return=12.926399230957031
2022-11-15 04:49:14,886 - INFO: global_step=468103, episodic_return=111.24685668945312
2022-11-15 04:49:15,245 - INFO: global_step=468408, episodic_return=-15.32373046875
2022-11-15 04:49:15,331 - INFO: global_step=468508, episodic_return=-26.60082244873047
2022-11-15 04:49:15,497 - INFO: global_step=468717, episodic_return=-130.2215576171875
2022-11-15 04:49:15,698 - INFO: global_step=468939, episodic_return=-16.901473999023438
2022-11-15 04:49:17,002 - INFO: global_step=469939, episodic_return=-103.1990737915039
2022-11-15 04:49:17,359 - INFO: global_step=470242, episodic_return=-92.13570404052734
2022-11-15 04:49:17,409 - INFO: global_step=470314, episodic_return=-220.49398803710938
2022-11-15 04:49:19,001 - INFO: global_step=471314, episodic_return=24.74176597595215
2022-11-15 04:49:19,237 - INFO: global_step=471566, episodic_return=-123.92915344238281
2022-11-15 04:49:19,423 - INFO: global_step=471796, episodic_return=-121.47227478027344
2022-11-15 04:49:21,597 - INFO: global_step=472796, episodic_return=-65.67548370361328
2022-11-15 04:49:22,782 - INFO: global_step=473698, episodic_return=-277.3838195800781
2022-11-15 04:49:24,589 - INFO: global_step=474698, episodic_return=-28.881010055541992
2022-11-15 04:49:26,756 - INFO: global_step=475698, episodic_return=-9.632502555847168
2022-11-15 04:49:28,640 - INFO: global_step=476549, episodic_return=-230.37840270996094
2022-11-15 04:49:31,885 - INFO: global_step=477549, episodic_return=-61.68406295776367
2022-11-15 04:49:33,368 - INFO: global_step=478549, episodic_return=-78.25005340576172
2022-11-15 04:49:34,881 - INFO: global_step=479516, episodic_return=84.29347229003906
2022-11-15 04:49:37,060 - INFO: global_step=480516, episodic_return=109.57808685302734
2022-11-15 04:49:39,030 - INFO: global_step=481516, episodic_return=-15.755510330200195
2022-11-15 04:49:40,832 - INFO: global_step=482516, episodic_return=-67.19181823730469
2022-11-15 04:49:42,819 - INFO: global_step=483516, episodic_return=-56.5462532043457
2022-11-15 04:49:44,888 - INFO: global_step=484516, episodic_return=-103.70116424560547
2022-11-15 04:49:46,197 - INFO: global_step=485516, episodic_return=-85.55243682861328
2022-11-15 04:49:47,868 - INFO: global_step=486516, episodic_return=-71.93760681152344
2022-11-15 04:49:49,576 - INFO: global_step=487516, episodic_return=-38.482513427734375
2022-11-15 04:49:51,698 - INFO: global_step=488516, episodic_return=-54.8099479675293
2022-11-15 04:49:53,776 - INFO: global_step=489516, episodic_return=15.522932052612305
2022-11-15 04:49:56,124 - INFO: global_step=490516, episodic_return=-28.26604461669922
2022-11-15 04:49:58,024 - INFO: global_step=491516, episodic_return=34.85314178466797
2022-11-15 04:50:00,461 - INFO: global_step=492516, episodic_return=-25.231515884399414
2022-11-15 04:50:02,165 - INFO: global_step=493516, episodic_return=-31.606201171875
2022-11-15 04:50:05,039 - INFO: global_step=494516, episodic_return=-55.87199783325195
2022-11-15 04:50:07,056 - INFO: global_step=495516, episodic_return=8.712421417236328
2022-11-15 04:50:08,917 - INFO: global_step=496516, episodic_return=-38.417091369628906
2022-11-15 04:50:11,166 - INFO: global_step=497516, episodic_return=-26.859079360961914
2022-11-15 04:50:13,214 - INFO: global_step=498516, episodic_return=-29.765789031982422
2022-11-15 04:50:15,987 - INFO: global_step=499516, episodic_return=-58.63129806518555
2022-11-15 04:50:16,705 - INFO: The average reward of last 20 steps: -30.997984313964842
