2022-11-15 04:50:20,747 - INFO: +--------------------------+----------------+
| Parameter                | Value          |
+--------------------------+----------------+
| exp_name                 | dqn            |
+--------------------------+----------------+
| seed                     | 42             |
+--------------------------+----------------+
| total_timesteps          | 500000         |
+--------------------------+----------------+
| learning_rate            | 0.001          |
+--------------------------+----------------+
| buffer_size              | 2000           |
+--------------------------+----------------+
| gamma                    | 0.982          |
+--------------------------+----------------+
| target_network_frequency | 50             |
+--------------------------+----------------+
| batch_size               | 128            |
+--------------------------+----------------+
| start_e                  | 0.700          |
+--------------------------+----------------+
| end_e                    | 0.010          |
+--------------------------+----------------+
| exploration_fraction     | 0.200          |
+--------------------------+----------------+
| learning_starts          | 10000          |
+--------------------------+----------------+
| train_frequency          | 10             |
+--------------------------+----------------+
| env_id                   | LunarLander-v2 |
+--------------------------+----------------+
2022-11-15 04:50:23,307 - INFO: global_step=136, episodic_return=-531.7100219726562
2022-11-15 04:50:23,333 - INFO: global_step=218, episodic_return=-407.9483337402344
2022-11-15 04:50:23,355 - INFO: global_step=293, episodic_return=-89.19992065429688
2022-11-15 04:50:23,376 - INFO: global_step=350, episodic_return=-81.596435546875
2022-11-15 04:50:23,436 - INFO: global_step=501, episodic_return=-86.75325012207031
2022-11-15 04:50:23,482 - INFO: global_step=611, episodic_return=-134.7493896484375
2022-11-15 04:50:23,532 - INFO: global_step=785, episodic_return=-546.3221435546875
2022-11-15 04:50:23,607 - INFO: global_step=987, episodic_return=-580.428955078125
2022-11-15 04:50:23,626 - INFO: global_step=1047, episodic_return=-54.94858932495117
2022-11-15 04:50:23,670 - INFO: global_step=1170, episodic_return=-116.6462631225586
2022-11-15 04:50:23,724 - INFO: global_step=1318, episodic_return=-554.1336669921875
2022-11-15 04:50:23,750 - INFO: global_step=1386, episodic_return=-107.42806243896484
2022-11-15 04:50:23,815 - INFO: global_step=1513, episodic_return=-357.5090026855469
2022-11-15 04:50:23,853 - INFO: global_step=1591, episodic_return=-446.65899658203125
2022-11-15 04:50:23,879 - INFO: global_step=1658, episodic_return=-200.55523681640625
2022-11-15 04:50:23,915 - INFO: global_step=1720, episodic_return=-86.01271057128906
2022-11-15 04:50:23,943 - INFO: global_step=1799, episodic_return=-486.5191955566406
2022-11-15 04:50:23,964 - INFO: global_step=1852, episodic_return=-142.11370849609375
2022-11-15 04:50:23,984 - INFO: global_step=1915, episodic_return=-83.18601989746094
2022-11-15 04:50:24,010 - INFO: global_step=1994, episodic_return=-134.25039672851562
2022-11-15 04:50:24,032 - INFO: global_step=2055, episodic_return=-121.9014663696289
2022-11-15 04:50:24,059 - INFO: global_step=2131, episodic_return=-121.46441650390625
2022-11-15 04:50:24,085 - INFO: global_step=2195, episodic_return=-123.43360137939453
2022-11-15 04:50:24,104 - INFO: global_step=2277, episodic_return=-149.30677795410156
2022-11-15 04:50:24,131 - INFO: global_step=2382, episodic_return=-390.2545471191406
2022-11-15 04:50:24,152 - INFO: global_step=2465, episodic_return=-274.6712646484375
2022-11-15 04:50:24,169 - INFO: global_step=2528, episodic_return=-99.4261703491211
2022-11-15 04:50:24,192 - INFO: global_step=2623, episodic_return=-485.2124328613281
2022-11-15 04:50:24,228 - INFO: global_step=2735, episodic_return=-157.6978302001953
2022-11-15 04:50:24,272 - INFO: global_step=2864, episodic_return=-116.54806518554688
2022-11-15 04:50:24,295 - INFO: global_step=2926, episodic_return=-78.04829406738281
2022-11-15 04:50:24,320 - INFO: global_step=2990, episodic_return=-115.93278503417969
2022-11-15 04:50:24,339 - INFO: global_step=3050, episodic_return=-192.2169952392578
2022-11-15 04:50:24,364 - INFO: global_step=3120, episodic_return=-78.65928649902344
2022-11-15 04:50:24,385 - INFO: global_step=3183, episodic_return=-114.23933410644531
2022-11-15 04:50:24,411 - INFO: global_step=3262, episodic_return=-131.2440948486328
2022-11-15 04:50:24,450 - INFO: global_step=3380, episodic_return=-372.4791259765625
2022-11-15 04:50:24,489 - INFO: global_step=3485, episodic_return=-95.5240249633789
2022-11-15 04:50:24,541 - INFO: global_step=3605, episodic_return=-398.4677429199219
2022-11-15 04:50:24,587 - INFO: global_step=3712, episodic_return=-317.34979248046875
2022-11-15 04:50:24,629 - INFO: global_step=3805, episodic_return=-293.0238037109375
2022-11-15 04:50:24,664 - INFO: global_step=3895, episodic_return=-474.04217529296875
2022-11-15 04:50:24,695 - INFO: global_step=3977, episodic_return=-520.51513671875
2022-11-15 04:50:24,728 - INFO: global_step=4060, episodic_return=-135.4147186279297
2022-11-15 04:50:24,765 - INFO: global_step=4176, episodic_return=-188.8402099609375
2022-11-15 04:50:24,808 - INFO: global_step=4334, episodic_return=-108.84475708007812
2022-11-15 04:50:24,930 - INFO: global_step=4604, episodic_return=-174.03866577148438
2022-11-15 04:50:24,950 - INFO: global_step=4665, episodic_return=-96.22399139404297
2022-11-15 04:50:24,998 - INFO: global_step=4804, episodic_return=-147.81346130371094
2022-11-15 04:50:25,023 - INFO: global_step=4882, episodic_return=-480.1731262207031
2022-11-15 04:50:25,044 - INFO: global_step=4945, episodic_return=-77.69715881347656
2022-11-15 04:50:25,064 - INFO: global_step=5014, episodic_return=-112.02645874023438
2022-11-15 04:50:25,088 - INFO: global_step=5093, episodic_return=-482.5969543457031
2022-11-15 04:50:25,101 - INFO: global_step=5155, episodic_return=-139.4276580810547
2022-11-15 04:50:25,120 - INFO: global_step=5225, episodic_return=-114.49290466308594
2022-11-15 04:50:25,143 - INFO: global_step=5313, episodic_return=-388.58740234375
2022-11-15 04:50:25,162 - INFO: global_step=5383, episodic_return=-101.600830078125
2022-11-15 04:50:25,185 - INFO: global_step=5448, episodic_return=-88.1712875366211
2022-11-15 04:50:25,206 - INFO: global_step=5507, episodic_return=-58.46990203857422
2022-11-15 04:50:25,228 - INFO: global_step=5577, episodic_return=-308.6731262207031
2022-11-15 04:50:25,267 - INFO: global_step=5685, episodic_return=-277.07598876953125
2022-11-15 04:50:25,315 - INFO: global_step=5805, episodic_return=-214.32211303710938
2022-11-15 04:50:25,340 - INFO: global_step=5882, episodic_return=-262.2345886230469
2022-11-15 04:50:25,381 - INFO: global_step=5987, episodic_return=-152.57257080078125
2022-11-15 04:50:25,399 - INFO: global_step=6051, episodic_return=-348.0138854980469
2022-11-15 04:50:25,418 - INFO: global_step=6128, episodic_return=-111.23533630371094
2022-11-15 04:50:25,434 - INFO: global_step=6191, episodic_return=-216.02993774414062
2022-11-15 04:50:25,450 - INFO: global_step=6257, episodic_return=-108.6226806640625
2022-11-15 04:50:25,488 - INFO: global_step=6390, episodic_return=-178.21066284179688
2022-11-15 04:50:25,543 - INFO: global_step=6516, episodic_return=-550.441650390625
2022-11-15 04:50:25,585 - INFO: global_step=6626, episodic_return=-469.8084716796875
2022-11-15 04:50:25,615 - INFO: global_step=6717, episodic_return=-520.8616943359375
2022-11-15 04:50:25,654 - INFO: global_step=6827, episodic_return=-401.6870422363281
2022-11-15 04:50:25,676 - INFO: global_step=6895, episodic_return=-119.48342895507812
2022-11-15 04:50:25,751 - INFO: global_step=7105, episodic_return=-185.56182861328125
2022-11-15 04:50:25,770 - INFO: global_step=7184, episodic_return=-218.90402221679688
2022-11-15 04:50:25,803 - INFO: global_step=7295, episodic_return=-648.9881591796875
2022-11-15 04:50:25,857 - INFO: global_step=7448, episodic_return=-278.5878601074219
2022-11-15 04:50:25,888 - INFO: global_step=7535, episodic_return=-478.07110595703125
2022-11-15 04:50:25,914 - INFO: global_step=7608, episodic_return=-483.6307678222656
2022-11-15 04:50:25,934 - INFO: global_step=7674, episodic_return=-103.27708435058594
2022-11-15 04:50:25,973 - INFO: global_step=7780, episodic_return=-269.75531005859375
2022-11-15 04:50:26,013 - INFO: global_step=7905, episodic_return=-536.5769653320312
2022-11-15 04:50:26,035 - INFO: global_step=7982, episodic_return=-134.6005401611328
2022-11-15 04:50:26,049 - INFO: global_step=8036, episodic_return=-346.02471923828125
2022-11-15 04:50:26,068 - INFO: global_step=8106, episodic_return=-84.74148559570312
2022-11-15 04:50:26,085 - INFO: global_step=8168, episodic_return=-101.92732238769531
2022-11-15 04:50:26,185 - INFO: global_step=8390, episodic_return=-772.994873046875
2022-11-15 04:50:26,209 - INFO: global_step=8453, episodic_return=-78.24006652832031
2022-11-15 04:50:26,232 - INFO: global_step=8524, episodic_return=-266.06732177734375
2022-11-15 04:50:26,252 - INFO: global_step=8584, episodic_return=-89.7715835571289
2022-11-15 04:50:26,293 - INFO: global_step=8702, episodic_return=-99.14627838134766
2022-11-15 04:50:26,318 - INFO: global_step=8791, episodic_return=-291.52203369140625
2022-11-15 04:50:26,336 - INFO: global_step=8859, episodic_return=-459.7078552246094
2022-11-15 04:50:26,357 - INFO: global_step=8925, episodic_return=-128.94259643554688
2022-11-15 04:50:26,384 - INFO: global_step=9017, episodic_return=-354.7574462890625
2022-11-15 04:50:26,411 - INFO: global_step=9109, episodic_return=-126.34657287597656
2022-11-15 04:50:26,454 - INFO: global_step=9224, episodic_return=-220.61749267578125
2022-11-15 04:50:26,491 - INFO: global_step=9317, episodic_return=-153.10470581054688
2022-11-15 04:50:26,523 - INFO: global_step=9410, episodic_return=-423.36578369140625
2022-11-15 04:50:26,552 - INFO: global_step=9492, episodic_return=-135.5007781982422
2022-11-15 04:50:26,577 - INFO: global_step=9564, episodic_return=-75.6888427734375
2022-11-15 04:50:26,612 - INFO: global_step=9669, episodic_return=-495.4398498535156
2022-11-15 04:50:26,648 - INFO: global_step=9805, episodic_return=-186.73348999023438
2022-11-15 04:50:26,671 - INFO: global_step=9887, episodic_return=-93.5766830444336
2022-11-15 04:50:26,688 - INFO: global_step=9950, episodic_return=-122.84652709960938
2022-11-15 04:50:26,710 - INFO: global_step=10015, episodic_return=-124.26300048828125
2022-11-15 04:50:26,756 - INFO: global_step=10090, episodic_return=-335.6086730957031
2022-11-15 04:50:26,821 - INFO: global_step=10197, episodic_return=-233.824951171875
2022-11-15 04:50:26,876 - INFO: global_step=10293, episodic_return=-345.9830017089844
2022-11-15 04:50:26,929 - INFO: global_step=10393, episodic_return=-127.822265625
2022-11-15 04:50:26,970 - INFO: global_step=10482, episodic_return=-101.60289764404297
2022-11-15 04:50:26,998 - INFO: global_step=10545, episodic_return=-69.96239471435547
2022-11-15 04:50:27,054 - INFO: global_step=10669, episodic_return=-202.11105346679688
2022-11-15 04:50:27,093 - INFO: global_step=10748, episodic_return=-150.28924560546875
2022-11-15 04:50:27,126 - INFO: global_step=10806, episodic_return=-111.8108139038086
2022-11-15 04:50:27,170 - INFO: global_step=10872, episodic_return=-111.72299194335938
2022-11-15 04:50:27,238 - INFO: global_step=10963, episodic_return=-384.7291259765625
2022-11-15 04:50:27,280 - INFO: global_step=11026, episodic_return=-219.5072021484375
2022-11-15 04:50:27,320 - INFO: global_step=11095, episodic_return=-96.91785430908203
2022-11-15 04:50:27,400 - INFO: global_step=11196, episodic_return=-258.93267822265625
2022-11-15 04:50:27,457 - INFO: global_step=11278, episodic_return=-505.5220031738281
2022-11-15 04:50:27,516 - INFO: global_step=11383, episodic_return=-104.36063385009766
2022-11-15 04:50:27,538 - INFO: global_step=11440, episodic_return=-101.6722412109375
2022-11-15 04:50:27,569 - INFO: global_step=11520, episodic_return=-248.664794921875
2022-11-15 04:50:27,616 - INFO: global_step=11621, episodic_return=-272.61614990234375
2022-11-15 04:50:27,658 - INFO: global_step=11705, episodic_return=-317.81378173828125
2022-11-15 04:50:27,703 - INFO: global_step=11788, episodic_return=-36.80913543701172
2022-11-15 04:50:27,771 - INFO: global_step=11907, episodic_return=-222.17459106445312
2022-11-15 04:50:27,822 - INFO: global_step=12002, episodic_return=-187.23355102539062
2022-11-15 04:50:27,851 - INFO: global_step=12059, episodic_return=-229.1177215576172
2022-11-15 04:50:27,895 - INFO: global_step=12137, episodic_return=-472.64447021484375
2022-11-15 04:50:27,956 - INFO: global_step=12247, episodic_return=-447.9241638183594
2022-11-15 04:50:28,021 - INFO: global_step=12359, episodic_return=-195.2013397216797
2022-11-15 04:50:28,058 - INFO: global_step=12429, episodic_return=-132.1309356689453
2022-11-15 04:50:28,126 - INFO: global_step=12544, episodic_return=-103.79449462890625
2022-11-15 04:50:28,180 - INFO: global_step=12634, episodic_return=-115.94600677490234
2022-11-15 04:50:28,244 - INFO: global_step=12740, episodic_return=-36.42427062988281
2022-11-15 04:50:28,292 - INFO: global_step=12814, episodic_return=-122.69882202148438
2022-11-15 04:50:28,370 - INFO: global_step=12951, episodic_return=-117.72781372070312
2022-11-15 04:50:28,446 - INFO: global_step=13085, episodic_return=-221.80862426757812
2022-11-15 04:50:28,496 - INFO: global_step=13175, episodic_return=-131.5345001220703
2022-11-15 04:50:28,531 - INFO: global_step=13237, episodic_return=-244.5552520751953
2022-11-15 04:50:28,579 - INFO: global_step=13324, episodic_return=-447.8652648925781
2022-11-15 04:50:28,638 - INFO: global_step=13430, episodic_return=-384.83404541015625
2022-11-15 04:50:28,697 - INFO: global_step=13540, episodic_return=-148.3204345703125
2022-11-15 04:50:28,750 - INFO: global_step=13644, episodic_return=-83.45063781738281
2022-11-15 04:50:28,856 - INFO: global_step=13838, episodic_return=-24.768508911132812
2022-11-15 04:50:28,949 - INFO: global_step=13999, episodic_return=-102.74528503417969
2022-11-15 04:50:29,038 - INFO: global_step=14137, episodic_return=-280.7549743652344
2022-11-15 04:50:29,191 - INFO: global_step=14384, episodic_return=-291.30615234375
2022-11-15 04:50:29,299 - INFO: global_step=14541, episodic_return=-80.45314025878906
2022-11-15 04:50:29,398 - INFO: global_step=14704, episodic_return=-145.04995727539062
2022-11-15 04:50:29,485 - INFO: global_step=14851, episodic_return=-88.93659210205078
2022-11-15 04:50:29,538 - INFO: global_step=14949, episodic_return=-113.99968719482422
2022-11-15 04:50:29,618 - INFO: global_step=15086, episodic_return=-158.08148193359375
2022-11-15 04:50:29,789 - INFO: global_step=15333, episodic_return=-195.329345703125
2022-11-15 04:50:29,886 - INFO: global_step=15460, episodic_return=-184.49424743652344
2022-11-15 04:50:29,941 - INFO: global_step=15546, episodic_return=-82.95034790039062
2022-11-15 04:50:30,068 - INFO: global_step=15735, episodic_return=-168.13107299804688
2022-11-15 04:50:30,129 - INFO: global_step=15835, episodic_return=-15.989326477050781
2022-11-15 04:50:31,193 - INFO: global_step=16046, episodic_return=-54.95918273925781
2022-11-15 04:50:31,276 - INFO: global_step=16145, episodic_return=-89.42874145507812
2022-11-15 04:50:32,124 - INFO: global_step=16319, episodic_return=-192.18246459960938
2022-11-15 04:50:32,180 - INFO: global_step=16406, episodic_return=-208.609375
2022-11-15 04:50:32,221 - INFO: global_step=16488, episodic_return=-347.16290283203125
2022-11-15 04:50:32,353 - INFO: global_step=16686, episodic_return=-312.6623229980469
2022-11-15 04:50:32,436 - INFO: global_step=16827, episodic_return=-134.68240356445312
2022-11-15 04:50:32,520 - INFO: global_step=16939, episodic_return=-298.275390625
2022-11-15 04:50:32,665 - INFO: global_step=17166, episodic_return=-106.1017837524414
2022-11-15 04:50:32,742 - INFO: global_step=17305, episodic_return=-301.6601257324219
2022-11-15 04:50:32,801 - INFO: global_step=17429, episodic_return=-196.83351135253906
2022-11-15 04:50:32,881 - INFO: global_step=17561, episodic_return=-179.07467651367188
2022-11-15 04:50:33,131 - INFO: global_step=17841, episodic_return=-119.25688171386719
2022-11-15 04:50:33,335 - INFO: global_step=18040, episodic_return=-214.09762573242188
2022-11-15 04:50:33,636 - INFO: global_step=18305, episodic_return=-237.15853881835938
2022-11-15 04:50:33,771 - INFO: global_step=18464, episodic_return=-97.93446350097656
2022-11-15 04:50:33,838 - INFO: global_step=18559, episodic_return=-146.91346740722656
2022-11-15 04:50:33,975 - INFO: global_step=18721, episodic_return=-141.16973876953125
2022-11-15 04:50:34,334 - INFO: global_step=18992, episodic_return=-60.884483337402344
2022-11-15 04:50:34,399 - INFO: global_step=19076, episodic_return=-125.58261108398438
2022-11-15 04:50:34,462 - INFO: global_step=19179, episodic_return=-41.682350158691406
2022-11-15 04:50:34,514 - INFO: global_step=19267, episodic_return=-191.55618286132812
2022-11-15 04:50:34,575 - INFO: global_step=19381, episodic_return=-83.59322357177734
2022-11-15 04:50:34,684 - INFO: global_step=19560, episodic_return=-195.70703125
2022-11-15 04:50:34,759 - INFO: global_step=19664, episodic_return=-142.89425659179688
2022-11-15 04:50:34,855 - INFO: global_step=19828, episodic_return=-92.96897888183594
2022-11-15 04:50:34,908 - INFO: global_step=19943, episodic_return=-133.86431884765625
2022-11-15 04:50:34,977 - INFO: global_step=20074, episodic_return=-98.70533752441406
2022-11-15 04:50:35,072 - INFO: global_step=20253, episodic_return=-173.97442626953125
2022-11-15 04:50:35,138 - INFO: global_step=20371, episodic_return=-101.75436401367188
2022-11-15 04:50:35,231 - INFO: global_step=20544, episodic_return=-114.9112548828125
2022-11-15 04:50:35,313 - INFO: global_step=20692, episodic_return=-106.14651489257812
2022-11-15 04:50:35,404 - INFO: global_step=20842, episodic_return=-155.24551391601562
2022-11-15 04:50:35,544 - INFO: global_step=21063, episodic_return=-158.21905517578125
2022-11-15 04:50:35,610 - INFO: global_step=21167, episodic_return=-162.8960418701172
2022-11-15 04:50:35,679 - INFO: global_step=21270, episodic_return=-125.90477752685547
2022-11-15 04:50:35,778 - INFO: global_step=21439, episodic_return=-149.6978759765625
2022-11-15 04:50:35,869 - INFO: global_step=21591, episodic_return=-153.38551330566406
2022-11-15 04:50:35,986 - INFO: global_step=21757, episodic_return=-34.055747985839844
2022-11-15 04:50:36,174 - INFO: global_step=22011, episodic_return=-231.8756866455078
2022-11-15 04:50:36,244 - INFO: global_step=22149, episodic_return=-92.58560943603516
2022-11-15 04:50:36,316 - INFO: global_step=22257, episodic_return=-170.71554565429688
2022-11-15 04:50:36,426 - INFO: global_step=22423, episodic_return=-69.31633758544922
2022-11-15 04:50:36,479 - INFO: global_step=22511, episodic_return=-103.23973846435547
2022-11-15 04:50:36,579 - INFO: global_step=22654, episodic_return=-131.10691833496094
2022-11-15 04:50:36,646 - INFO: global_step=22752, episodic_return=-88.09547424316406
2022-11-15 04:50:36,736 - INFO: global_step=22882, episodic_return=-49.73843002319336
2022-11-15 04:50:36,842 - INFO: global_step=23013, episodic_return=-64.95042419433594
2022-11-15 04:50:37,034 - INFO: global_step=23188, episodic_return=-58.89698791503906
2022-11-15 04:50:37,201 - INFO: global_step=23416, episodic_return=-178.83636474609375
2022-11-15 04:50:37,337 - INFO: global_step=23584, episodic_return=-93.42977905273438
2022-11-15 04:50:37,494 - INFO: global_step=23766, episodic_return=-322.56689453125
2022-11-15 04:50:37,555 - INFO: global_step=23878, episodic_return=-129.23239135742188
2022-11-15 04:50:37,636 - INFO: global_step=24006, episodic_return=-175.54229736328125
2022-11-15 04:50:37,919 - INFO: global_step=24317, episodic_return=-245.6325225830078
2022-11-15 04:50:38,156 - INFO: global_step=24589, episodic_return=-76.39739990234375
2022-11-15 04:50:38,297 - INFO: global_step=24784, episodic_return=-120.8711929321289
2022-11-15 04:50:38,424 - INFO: global_step=24964, episodic_return=-77.26500701904297
2022-11-15 04:50:38,517 - INFO: global_step=25085, episodic_return=-131.37646484375
2022-11-15 04:50:38,703 - INFO: global_step=25284, episodic_return=-15.723396301269531
2022-11-15 04:50:38,925 - INFO: global_step=25514, episodic_return=-226.50469970703125
2022-11-15 04:50:40,753 - INFO: global_step=26514, episodic_return=-14.05456256866455
2022-11-15 04:50:40,919 - INFO: global_step=26674, episodic_return=-45.8910026550293
2022-11-15 04:50:41,097 - INFO: global_step=26916, episodic_return=-53.760372161865234
2022-11-15 04:50:41,234 - INFO: global_step=27061, episodic_return=-87.2308349609375
2022-11-15 04:50:41,311 - INFO: global_step=27160, episodic_return=-127.55409240722656
2022-11-15 04:50:41,475 - INFO: global_step=27381, episodic_return=-82.80352020263672
2022-11-15 04:50:41,603 - INFO: global_step=27574, episodic_return=24.16290283203125
2022-11-15 04:50:41,710 - INFO: global_step=27739, episodic_return=-138.68780517578125
2022-11-15 04:50:42,216 - INFO: global_step=28197, episodic_return=-164.45816040039062
2022-11-15 04:50:42,334 - INFO: global_step=28384, episodic_return=-51.328311920166016
2022-11-15 04:50:42,493 - INFO: global_step=28614, episodic_return=-21.484054565429688
2022-11-15 04:50:42,560 - INFO: global_step=28730, episodic_return=-113.5409927368164
2022-11-15 04:50:42,625 - INFO: global_step=28848, episodic_return=-92.5875244140625
2022-11-15 04:50:42,707 - INFO: global_step=28984, episodic_return=-130.03807067871094
2022-11-15 04:50:42,779 - INFO: global_step=29111, episodic_return=-57.85906982421875
2022-11-15 04:50:42,861 - INFO: global_step=29255, episodic_return=-95.4718017578125
2022-11-15 04:50:42,990 - INFO: global_step=29441, episodic_return=-62.85451126098633
2022-11-15 04:50:43,179 - INFO: global_step=29653, episodic_return=13.976585388183594
2022-11-15 04:50:43,270 - INFO: global_step=29794, episodic_return=-72.6966552734375
2022-11-15 04:50:43,422 - INFO: global_step=30001, episodic_return=-87.34898376464844
2022-11-15 04:50:43,571 - INFO: global_step=30176, episodic_return=-115.4502182006836
2022-11-15 04:50:43,818 - INFO: global_step=30262, episodic_return=-98.9560546875
2022-11-15 04:50:43,957 - INFO: global_step=30444, episodic_return=-117.06363677978516
2022-11-15 04:50:44,256 - INFO: global_step=30761, episodic_return=-172.3212127685547
2022-11-15 04:50:44,573 - INFO: global_step=31116, episodic_return=-61.451866149902344
2022-11-15 04:50:44,734 - INFO: global_step=31316, episodic_return=-161.19210815429688
2022-11-15 04:50:46,727 - INFO: global_step=32316, episodic_return=14.232260704040527
2022-11-15 04:50:47,060 - INFO: global_step=32650, episodic_return=-46.663360595703125
2022-11-15 04:50:48,944 - INFO: global_step=33650, episodic_return=36.36729431152344
2022-11-15 04:50:49,109 - INFO: global_step=33844, episodic_return=-49.62660217285156
2022-11-15 04:50:49,234 - INFO: global_step=34001, episodic_return=-15.135414123535156
2022-11-15 04:50:49,394 - INFO: global_step=34193, episodic_return=-101.5250015258789
2022-11-15 04:50:49,549 - INFO: global_step=34398, episodic_return=-219.59228515625
2022-11-15 04:50:49,663 - INFO: global_step=34561, episodic_return=-22.591445922851562
2022-11-15 04:50:49,827 - INFO: global_step=34796, episodic_return=-105.1363525390625
2022-11-15 04:50:49,889 - INFO: global_step=34893, episodic_return=-59.38735580444336
2022-11-15 04:50:49,947 - INFO: global_step=34987, episodic_return=-52.44395446777344
2022-11-15 04:50:50,030 - INFO: global_step=35125, episodic_return=-74.29429626464844
2022-11-15 04:50:50,309 - INFO: global_step=35485, episodic_return=-68.64768981933594
2022-11-15 04:50:50,420 - INFO: global_step=35650, episodic_return=37.89288330078125
2022-11-15 04:50:50,920 - INFO: global_step=36049, episodic_return=-83.6968765258789
2022-11-15 04:50:51,044 - INFO: global_step=36232, episodic_return=-126.37057495117188
2022-11-15 04:50:52,642 - INFO: global_step=37232, episodic_return=89.55226135253906
2022-11-15 04:50:52,741 - INFO: global_step=37389, episodic_return=-101.84857177734375
2022-11-15 04:50:53,018 - INFO: global_step=37738, episodic_return=-37.721763610839844
2022-11-15 04:50:53,132 - INFO: global_step=37910, episodic_return=-28.86065673828125
2022-11-15 04:50:53,488 - INFO: global_step=38274, episodic_return=-95.58882141113281
2022-11-15 04:50:53,821 - INFO: global_step=38607, episodic_return=-34.74797058105469
2022-11-15 04:50:55,665 - INFO: global_step=39529, episodic_return=-324.2622375488281
2022-11-15 04:50:55,939 - INFO: global_step=39812, episodic_return=14.267318725585938
2022-11-15 04:50:56,444 - INFO: global_step=40228, episodic_return=-103.5604476928711
2022-11-15 04:50:56,533 - INFO: global_step=40344, episodic_return=-42.412899017333984
2022-11-15 04:50:56,721 - INFO: global_step=40567, episodic_return=-245.24710083007812
2022-11-15 04:50:56,783 - INFO: global_step=40680, episodic_return=-73.77963256835938
2022-11-15 04:50:57,177 - INFO: global_step=41097, episodic_return=-246.42465209960938
2022-11-15 04:50:57,270 - INFO: global_step=41202, episodic_return=-201.605712890625
2022-11-15 04:50:57,359 - INFO: global_step=41326, episodic_return=-171.5489501953125
2022-11-15 04:50:59,567 - INFO: global_step=42326, episodic_return=86.75049591064453
2022-11-15 04:51:00,984 - INFO: global_step=43326, episodic_return=90.8066177368164
2022-11-15 04:51:01,053 - INFO: global_step=43430, episodic_return=-63.76079177856445
2022-11-15 04:51:01,215 - INFO: global_step=43619, episodic_return=16.74364471435547
2022-11-15 04:51:01,318 - INFO: global_step=43764, episodic_return=60.97808837890625
2022-11-15 04:51:02,773 - INFO: global_step=44764, episodic_return=80.87326049804688
2022-11-15 04:51:03,292 - INFO: global_step=45220, episodic_return=-141.856689453125
2022-11-15 04:51:03,472 - INFO: global_step=45451, episodic_return=-239.3609161376953
2022-11-15 04:51:03,545 - INFO: global_step=45556, episodic_return=-107.55139923095703
2022-11-15 04:51:03,685 - INFO: global_step=45738, episodic_return=-13.836982727050781
2022-11-15 04:51:05,682 - INFO: global_step=46738, episodic_return=76.5123519897461
2022-11-15 04:51:05,968 - INFO: global_step=47080, episodic_return=-41.6977653503418
2022-11-15 04:51:06,081 - INFO: global_step=47246, episodic_return=2.6526641845703125
2022-11-15 04:51:06,221 - INFO: global_step=47407, episodic_return=-102.85955047607422
2022-11-15 04:51:07,789 - INFO: global_step=48407, episodic_return=-15.709077835083008
2022-11-15 04:51:07,966 - INFO: global_step=48629, episodic_return=-34.63233947753906
2022-11-15 04:51:08,107 - INFO: global_step=48823, episodic_return=-124.48238372802734
2022-11-15 04:51:08,172 - INFO: global_step=48909, episodic_return=-37.910499572753906
2022-11-15 04:51:08,253 - INFO: global_step=49046, episodic_return=18.196060180664062
2022-11-15 04:51:09,440 - INFO: global_step=50046, episodic_return=131.8145751953125
2022-11-15 04:51:10,661 - INFO: global_step=51046, episodic_return=146.13998413085938
2022-11-15 04:51:11,834 - INFO: global_step=52046, episodic_return=116.94625854492188
2022-11-15 04:51:11,917 - INFO: global_step=52162, episodic_return=-67.39271545410156
2022-11-15 04:51:13,729 - INFO: global_step=53133, episodic_return=-128.95669555664062
2022-11-15 04:51:14,810 - INFO: global_step=53819, episodic_return=-30.418235778808594
2022-11-15 04:51:15,493 - INFO: global_step=54373, episodic_return=-127.28312683105469
2022-11-15 04:51:15,554 - INFO: global_step=54492, episodic_return=-97.97046661376953
2022-11-15 04:51:16,692 - INFO: global_step=55395, episodic_return=-207.99928283691406
2022-11-15 04:51:16,782 - INFO: global_step=55533, episodic_return=-13.015846252441406
2022-11-15 04:51:17,131 - INFO: global_step=55910, episodic_return=-220.06112670898438
2022-11-15 04:51:18,954 - INFO: global_step=56910, episodic_return=59.64974594116211
2022-11-15 04:51:20,906 - INFO: global_step=57910, episodic_return=-105.16607666015625
2022-11-15 04:51:22,277 - INFO: global_step=58910, episodic_return=57.04336929321289
2022-11-15 04:51:23,943 - INFO: global_step=59910, episodic_return=68.48414611816406
2022-11-15 04:51:26,310 - INFO: global_step=60910, episodic_return=-19.007978439331055
2022-11-15 04:51:27,874 - INFO: global_step=61910, episodic_return=-35.484405517578125
2022-11-15 04:51:29,155 - INFO: global_step=62910, episodic_return=42.78645706176758
2022-11-15 04:51:29,274 - INFO: global_step=63078, episodic_return=-19.94727325439453
2022-11-15 04:51:29,380 - INFO: global_step=63219, episodic_return=-108.28065490722656
2022-11-15 04:51:29,669 - INFO: global_step=63499, episodic_return=-108.08623504638672
2022-11-15 04:51:29,805 - INFO: global_step=63611, episodic_return=-219.46412658691406
2022-11-15 04:51:29,922 - INFO: global_step=63735, episodic_return=-72.5820083618164
2022-11-15 04:51:30,237 - INFO: global_step=63931, episodic_return=81.12751770019531
2022-11-15 04:51:32,079 - INFO: global_step=64931, episodic_return=89.89466857910156
2022-11-15 04:51:32,266 - INFO: global_step=65164, episodic_return=-50.226478576660156
2022-11-15 04:51:34,003 - INFO: global_step=66164, episodic_return=63.33966064453125
2022-11-15 04:51:35,329 - INFO: global_step=67164, episodic_return=69.48805236816406
2022-11-15 04:51:35,468 - INFO: global_step=67340, episodic_return=-84.86005401611328
2022-11-15 04:51:37,211 - INFO: global_step=68340, episodic_return=58.4438591003418
2022-11-15 04:51:38,998 - INFO: global_step=69340, episodic_return=36.385475158691406
2022-11-15 04:51:40,986 - INFO: global_step=70340, episodic_return=96.45635223388672
2022-11-15 04:51:42,658 - INFO: global_step=71246, episodic_return=137.1077423095703
2022-11-15 04:51:44,464 - INFO: global_step=72246, episodic_return=113.36598205566406
2022-11-15 04:51:45,670 - INFO: global_step=72985, episodic_return=206.17266845703125
2022-11-15 04:51:47,049 - INFO: global_step=73985, episodic_return=170.36959838867188
2022-11-15 04:51:47,937 - INFO: global_step=74592, episodic_return=192.71998596191406
2022-11-15 04:51:49,270 - INFO: global_step=75541, episodic_return=257.1116638183594
2022-11-15 04:51:50,469 - INFO: global_step=76265, episodic_return=187.82855224609375
2022-11-15 04:51:50,910 - INFO: global_step=76643, episodic_return=-52.817325592041016
2022-11-15 04:51:51,124 - INFO: global_step=76891, episodic_return=-24.947006225585938
2022-11-15 04:51:51,277 - INFO: global_step=77084, episodic_return=-84.72016906738281
2022-11-15 04:51:51,585 - INFO: global_step=77396, episodic_return=-50.254180908203125
2022-11-15 04:51:51,680 - INFO: global_step=77527, episodic_return=-68.685791015625
2022-11-15 04:51:51,763 - INFO: global_step=77660, episodic_return=-174.080078125
2022-11-15 04:51:52,732 - INFO: global_step=78255, episodic_return=-79.36015319824219
2022-11-15 04:51:54,438 - INFO: global_step=79255, episodic_return=-85.82968139648438
2022-11-15 04:51:54,950 - INFO: global_step=79689, episodic_return=-106.89398193359375
2022-11-15 04:51:57,007 - INFO: global_step=80689, episodic_return=-90.16482543945312
2022-11-15 04:51:58,836 - INFO: global_step=81689, episodic_return=-10.150747299194336
2022-11-15 04:52:01,144 - INFO: global_step=82689, episodic_return=-81.59703063964844
2022-11-15 04:52:03,197 - INFO: global_step=83689, episodic_return=-129.0859832763672
2022-11-15 04:52:05,199 - INFO: global_step=84689, episodic_return=-51.727420806884766
2022-11-15 04:52:07,233 - INFO: global_step=85689, episodic_return=-33.23471450805664
2022-11-15 04:52:08,659 - INFO: global_step=86689, episodic_return=-109.17171478271484
2022-11-15 04:52:10,276 - INFO: global_step=87689, episodic_return=-21.40890121459961
2022-11-15 04:52:12,211 - INFO: global_step=88689, episodic_return=-83.14582824707031
2022-11-15 04:52:14,020 - INFO: global_step=89689, episodic_return=-48.95001220703125
2022-11-15 04:52:15,443 - INFO: global_step=90689, episodic_return=-29.309560775756836
2022-11-15 04:52:17,331 - INFO: global_step=91689, episodic_return=-111.7602767944336
2022-11-15 04:52:19,228 - INFO: global_step=92689, episodic_return=-91.70458984375
2022-11-15 04:52:20,622 - INFO: global_step=93689, episodic_return=-87.06584167480469
2022-11-15 04:52:22,062 - INFO: global_step=94539, episodic_return=190.4685821533203
2022-11-15 04:52:23,812 - INFO: global_step=95539, episodic_return=-69.06275177001953
2022-11-15 04:52:26,157 - INFO: global_step=96539, episodic_return=-20.835166931152344
2022-11-15 04:52:27,676 - INFO: global_step=97539, episodic_return=-39.600181579589844
2022-11-15 04:52:29,966 - INFO: global_step=98539, episodic_return=-78.80345153808594
2022-11-15 04:52:30,520 - INFO: global_step=99028, episodic_return=263.35986328125
2022-11-15 04:52:30,720 - INFO: global_step=99262, episodic_return=-142.93411254882812
2022-11-15 04:52:32,815 - INFO: global_step=100234, episodic_return=131.53155517578125
2022-11-15 04:52:34,228 - INFO: global_step=101152, episodic_return=145.08460998535156
2022-11-15 04:52:35,482 - INFO: global_step=101960, episodic_return=-151.36514282226562
2022-11-15 04:52:36,523 - INFO: global_step=102742, episodic_return=123.64134216308594
2022-11-15 04:52:38,365 - INFO: global_step=103709, episodic_return=-312.78369140625
2022-11-15 04:52:40,625 - INFO: global_step=104709, episodic_return=-54.41704559326172
2022-11-15 04:52:41,657 - INFO: global_step=105300, episodic_return=234.05357360839844
2022-11-15 04:52:41,810 - INFO: global_step=105493, episodic_return=-68.99908447265625
2022-11-15 04:52:44,118 - INFO: global_step=106493, episodic_return=-119.03099822998047
2022-11-15 04:52:46,230 - INFO: global_step=107493, episodic_return=-98.14469909667969
2022-11-15 04:52:48,562 - INFO: global_step=108493, episodic_return=-126.93115234375
2022-11-15 04:52:50,593 - INFO: global_step=109493, episodic_return=-113.55217742919922
2022-11-15 04:52:52,446 - INFO: global_step=110493, episodic_return=-134.16168212890625
2022-11-15 04:52:55,208 - INFO: global_step=111493, episodic_return=-75.9914779663086
2022-11-15 04:52:55,347 - INFO: global_step=111661, episodic_return=-158.29299926757812
2022-11-15 04:52:55,502 - INFO: global_step=111834, episodic_return=-25.8636474609375
2022-11-15 04:52:58,114 - INFO: global_step=112834, episodic_return=-123.73429870605469
2022-11-15 04:53:00,555 - INFO: global_step=113834, episodic_return=-54.3809928894043
2022-11-15 04:53:02,666 - INFO: global_step=114834, episodic_return=-94.2894287109375
2022-11-15 04:53:05,311 - INFO: global_step=115834, episodic_return=-111.60955047607422
2022-11-15 04:53:07,757 - INFO: global_step=116834, episodic_return=-98.95941162109375
2022-11-15 04:53:08,277 - INFO: global_step=117238, episodic_return=-61.53730392456055
2022-11-15 04:53:10,424 - INFO: global_step=118238, episodic_return=-21.27199935913086
2022-11-15 04:53:12,071 - INFO: global_step=118995, episodic_return=198.3828125
2022-11-15 04:53:14,148 - INFO: global_step=119995, episodic_return=-83.8099136352539
2022-11-15 04:53:14,607 - INFO: global_step=120386, episodic_return=186.56072998046875
2022-11-15 04:53:15,102 - INFO: global_step=120817, episodic_return=258.1169738769531
2022-11-15 04:53:15,333 - INFO: global_step=121058, episodic_return=-22.04156494140625
2022-11-15 04:53:15,554 - INFO: global_step=121301, episodic_return=-162.57183837890625
2022-11-15 04:53:15,837 - INFO: global_step=121596, episodic_return=-61.35884094238281
2022-11-15 04:53:16,019 - INFO: global_step=121803, episodic_return=-217.09274291992188
2022-11-15 04:53:16,443 - INFO: global_step=122165, episodic_return=230.73355102539062
2022-11-15 04:53:17,790 - INFO: global_step=122939, episodic_return=128.03282165527344
2022-11-15 04:53:18,079 - INFO: global_step=123238, episodic_return=-10.633941650390625
2022-11-15 04:53:19,243 - INFO: global_step=124016, episodic_return=179.32595825195312
2022-11-15 04:53:20,747 - INFO: global_step=125016, episodic_return=-34.00743865966797
2022-11-15 04:53:21,118 - INFO: global_step=125358, episodic_return=285.409912109375
2022-11-15 04:53:22,535 - INFO: global_step=126358, episodic_return=-60.22736358642578
2022-11-15 04:53:24,515 - INFO: global_step=127358, episodic_return=-44.520809173583984
2022-11-15 04:53:26,251 - INFO: global_step=128358, episodic_return=-65.67601776123047
2022-11-15 04:53:29,168 - INFO: global_step=129358, episodic_return=-49.14173126220703
2022-11-15 04:53:29,477 - INFO: global_step=129616, episodic_return=-55.3895378112793
2022-11-15 04:53:31,722 - INFO: global_step=130616, episodic_return=-83.52264404296875
2022-11-15 04:53:33,748 - INFO: global_step=131616, episodic_return=-20.149906158447266
2022-11-15 04:53:35,874 - INFO: global_step=132616, episodic_return=-134.78219604492188
2022-11-15 04:53:38,261 - INFO: global_step=133616, episodic_return=-93.98263549804688
2022-11-15 04:53:38,793 - INFO: global_step=134042, episodic_return=251.21206665039062
2022-11-15 04:53:41,027 - INFO: global_step=135042, episodic_return=-90.2862319946289
2022-11-15 04:53:42,934 - INFO: global_step=136042, episodic_return=-108.86445617675781
2022-11-15 04:53:45,098 - INFO: global_step=137042, episodic_return=-62.325958251953125
2022-11-15 04:53:45,254 - INFO: global_step=137229, episodic_return=-1.3406753540039062
2022-11-15 04:53:45,810 - INFO: global_step=137648, episodic_return=266.739501953125
2022-11-15 04:53:46,354 - INFO: global_step=138012, episodic_return=260.43572998046875
2022-11-15 04:53:48,283 - INFO: global_step=139012, episodic_return=19.06498146057129
2022-11-15 04:53:49,086 - INFO: global_step=139653, episodic_return=238.2596893310547
2022-11-15 04:53:49,205 - INFO: global_step=139829, episodic_return=28.413223266601562
2022-11-15 04:53:51,331 - INFO: global_step=140829, episodic_return=-18.72170639038086
2022-11-15 04:53:53,941 - INFO: global_step=141829, episodic_return=-84.66519165039062
2022-11-15 04:53:54,409 - INFO: global_step=142216, episodic_return=243.65524291992188
2022-11-15 04:53:55,089 - INFO: global_step=142670, episodic_return=224.77288818359375
2022-11-15 04:53:57,729 - INFO: global_step=143670, episodic_return=-120.60240173339844
2022-11-15 04:53:59,835 - INFO: global_step=144670, episodic_return=-77.58238220214844
2022-11-15 04:54:02,172 - INFO: global_step=145670, episodic_return=-113.68810272216797
2022-11-15 04:54:05,020 - INFO: global_step=146670, episodic_return=-47.413238525390625
2022-11-15 04:54:07,259 - INFO: global_step=147670, episodic_return=-80.11814880371094
2022-11-15 04:54:09,508 - INFO: global_step=148670, episodic_return=-110.7728271484375
2022-11-15 04:54:10,372 - INFO: global_step=149183, episodic_return=243.1077880859375
2022-11-15 04:54:12,758 - INFO: global_step=150183, episodic_return=-103.926513671875
2022-11-15 04:54:15,404 - INFO: global_step=151183, episodic_return=-37.18434524536133
2022-11-15 04:54:17,225 - INFO: global_step=152183, episodic_return=-79.44900512695312
2022-11-15 04:54:17,364 - INFO: global_step=152346, episodic_return=-146.73960876464844
2022-11-15 04:54:17,642 - INFO: global_step=152628, episodic_return=9.879714965820312
2022-11-15 04:54:19,485 - INFO: global_step=153535, episodic_return=77.35310363769531
2022-11-15 04:54:20,553 - INFO: global_step=154186, episodic_return=178.16018676757812
2022-11-15 04:54:22,035 - INFO: global_step=155077, episodic_return=112.1825942993164
2022-11-15 04:54:23,856 - INFO: global_step=156058, episodic_return=100.96089935302734
2022-11-15 04:54:24,306 - INFO: global_step=156437, episodic_return=251.47320556640625
2022-11-15 04:54:26,658 - INFO: global_step=157437, episodic_return=-72.65023803710938
2022-11-15 04:54:26,945 - INFO: global_step=157691, episodic_return=295.54931640625
2022-11-15 04:54:28,654 - INFO: global_step=158691, episodic_return=-126.73783874511719
2022-11-15 04:54:31,358 - INFO: global_step=159691, episodic_return=-120.64881896972656
2022-11-15 04:54:33,456 - INFO: global_step=160691, episodic_return=-120.81459045410156
2022-11-15 04:54:33,796 - INFO: global_step=161030, episodic_return=258.89349365234375
2022-11-15 04:54:35,506 - INFO: global_step=162030, episodic_return=-46.7083740234375
2022-11-15 04:54:38,006 - INFO: global_step=163030, episodic_return=-119.9924087524414
2022-11-15 04:54:40,422 - INFO: global_step=164030, episodic_return=-78.50731658935547
2022-11-15 04:54:42,391 - INFO: global_step=165030, episodic_return=-101.96043395996094
2022-11-15 04:54:43,525 - INFO: global_step=165756, episodic_return=141.1768341064453
2022-11-15 04:54:45,601 - INFO: global_step=166756, episodic_return=-113.92708587646484
2022-11-15 04:54:46,047 - INFO: global_step=167105, episodic_return=256.69390869140625
2022-11-15 04:54:48,656 - INFO: global_step=168105, episodic_return=-88.4241943359375
2022-11-15 04:54:49,139 - INFO: global_step=168454, episodic_return=278.7933349609375
2022-11-15 04:54:51,453 - INFO: global_step=169454, episodic_return=-63.26536178588867
2022-11-15 04:54:51,945 - INFO: global_step=169832, episodic_return=264.4084167480469
2022-11-15 04:54:53,903 - INFO: global_step=170832, episodic_return=-101.01959991455078
2022-11-15 04:54:55,847 - INFO: global_step=171832, episodic_return=-138.0839385986328
2022-11-15 04:54:58,391 - INFO: global_step=172832, episodic_return=-156.32522583007812
2022-11-15 04:54:58,543 - INFO: global_step=172996, episodic_return=-0.32724761962890625
2022-11-15 04:54:59,055 - INFO: global_step=173422, episodic_return=239.29661560058594
2022-11-15 04:55:00,960 - INFO: global_step=174422, episodic_return=-132.3863067626953
2022-11-15 04:55:04,058 - INFO: global_step=175422, episodic_return=-107.394287109375
2022-11-15 04:55:05,889 - INFO: global_step=176422, episodic_return=-85.66133880615234
2022-11-15 04:55:06,017 - INFO: global_step=176573, episodic_return=-142.51205444335938
2022-11-15 04:55:06,289 - INFO: global_step=176852, episodic_return=1.6097412109375
2022-11-15 04:55:06,924 - INFO: global_step=177291, episodic_return=-46.607173919677734
2022-11-15 04:55:07,351 - INFO: global_step=177679, episodic_return=220.6049346923828
2022-11-15 04:55:07,917 - INFO: global_step=178112, episodic_return=231.16574096679688
2022-11-15 04:55:08,886 - INFO: global_step=178741, episodic_return=192.517333984375
2022-11-15 04:55:10,803 - INFO: global_step=179741, episodic_return=-168.874267578125
2022-11-15 04:55:11,309 - INFO: global_step=180138, episodic_return=230.9015350341797
2022-11-15 04:55:11,770 - INFO: global_step=180537, episodic_return=247.91143798828125
2022-11-15 04:55:14,102 - INFO: global_step=181537, episodic_return=-138.15513610839844
2022-11-15 04:55:14,318 - INFO: global_step=181755, episodic_return=-1.6982192993164062
2022-11-15 04:55:16,442 - INFO: global_step=182755, episodic_return=-167.21266174316406
2022-11-15 04:55:18,979 - INFO: global_step=183755, episodic_return=-142.0224609375
2022-11-15 04:55:21,595 - INFO: global_step=184755, episodic_return=-160.45758056640625
2022-11-15 04:55:23,978 - INFO: global_step=185755, episodic_return=-143.8195343017578
2022-11-15 04:55:26,041 - INFO: global_step=186755, episodic_return=-131.8372802734375
2022-11-15 04:55:27,928 - INFO: global_step=187755, episodic_return=-151.6046600341797
2022-11-15 04:55:30,499 - INFO: global_step=188755, episodic_return=-115.2934799194336
2022-11-15 04:55:31,140 - INFO: global_step=189223, episodic_return=239.8754425048828
2022-11-15 04:55:33,449 - INFO: global_step=190223, episodic_return=-149.10250854492188
2022-11-15 04:55:33,609 - INFO: global_step=190400, episodic_return=-12.819160461425781
2022-11-15 04:55:35,231 - INFO: global_step=191179, episodic_return=237.46893310546875
2022-11-15 04:55:37,072 - INFO: global_step=192179, episodic_return=-143.90110778808594
2022-11-15 04:55:39,386 - INFO: global_step=193179, episodic_return=-122.74864196777344
2022-11-15 04:55:39,795 - INFO: global_step=193543, episodic_return=-47.20882034301758
2022-11-15 04:55:40,002 - INFO: global_step=193769, episodic_return=-197.567138671875
2022-11-15 04:55:41,858 - INFO: global_step=194769, episodic_return=-100.73729705810547
2022-11-15 04:55:42,241 - INFO: global_step=195141, episodic_return=271.8592529296875
2022-11-15 04:55:44,565 - INFO: global_step=196141, episodic_return=-114.47643280029297
2022-11-15 04:55:46,477 - INFO: global_step=197141, episodic_return=-120.73660278320312
2022-11-15 04:55:47,090 - INFO: global_step=197563, episodic_return=-35.99748229980469
2022-11-15 04:55:47,352 - INFO: global_step=197774, episodic_return=-156.04226684570312
2022-11-15 04:55:49,604 - INFO: global_step=198774, episodic_return=-109.18849182128906
2022-11-15 04:55:50,217 - INFO: global_step=199253, episodic_return=-29.70331573486328
2022-11-15 04:55:50,915 - INFO: global_step=199741, episodic_return=-82.249267578125
2022-11-15 04:55:51,431 - INFO: global_step=200186, episodic_return=-42.626190185546875
2022-11-15 04:55:51,779 - INFO: global_step=200530, episodic_return=-57.023414611816406
2022-11-15 04:55:52,069 - INFO: global_step=200826, episodic_return=-181.160400390625
2022-11-15 04:55:52,338 - INFO: global_step=201102, episodic_return=-241.8391571044922
2022-11-15 04:55:54,831 - INFO: global_step=202102, episodic_return=-158.6668701171875
2022-11-15 04:55:57,922 - INFO: global_step=203102, episodic_return=-154.67454528808594
2022-11-15 04:56:00,403 - INFO: global_step=204102, episodic_return=-161.29412841796875
2022-11-15 04:56:00,536 - INFO: global_step=204264, episodic_return=24.15882110595703
2022-11-15 04:56:03,186 - INFO: global_step=205264, episodic_return=-110.53486633300781
2022-11-15 04:56:03,421 - INFO: global_step=205508, episodic_return=-218.27194213867188
2022-11-15 04:56:05,356 - INFO: global_step=206508, episodic_return=-159.61190795898438
2022-11-15 04:56:05,545 - INFO: global_step=206715, episodic_return=-276.76702880859375
2022-11-15 04:56:08,087 - INFO: global_step=207715, episodic_return=-95.44023132324219
2022-11-15 04:56:08,402 - INFO: global_step=207912, episodic_return=-129.01535034179688
2022-11-15 04:56:08,638 - INFO: global_step=208139, episodic_return=-0.9269180297851562
2022-11-15 04:56:08,966 - INFO: global_step=208448, episodic_return=-214.04931640625
2022-11-15 04:56:09,173 - INFO: global_step=208670, episodic_return=-244.1388397216797
2022-11-15 04:56:11,004 - INFO: global_step=209670, episodic_return=-112.67117309570312
2022-11-15 04:56:13,559 - INFO: global_step=210670, episodic_return=-32.879825592041016
2022-11-15 04:56:16,137 - INFO: global_step=211670, episodic_return=-147.72097778320312
2022-11-15 04:56:18,277 - INFO: global_step=212670, episodic_return=-121.09977722167969
2022-11-15 04:56:20,460 - INFO: global_step=213670, episodic_return=-77.82772827148438
2022-11-15 04:56:22,911 - INFO: global_step=214670, episodic_return=-131.2489013671875
2022-11-15 04:56:23,302 - INFO: global_step=215008, episodic_return=14.525932312011719
2022-11-15 04:56:25,406 - INFO: global_step=216008, episodic_return=-37.54244613647461
2022-11-15 04:56:27,744 - INFO: global_step=217008, episodic_return=-116.55831146240234
2022-11-15 04:56:28,051 - INFO: global_step=217255, episodic_return=4.193840026855469
2022-11-15 04:56:30,781 - INFO: global_step=218255, episodic_return=-115.42282104492188
2022-11-15 04:56:32,720 - INFO: global_step=219255, episodic_return=-146.97242736816406
2022-11-15 04:56:35,381 - INFO: global_step=220255, episodic_return=-92.81694030761719
2022-11-15 04:56:37,238 - INFO: global_step=221255, episodic_return=-85.35745239257812
2022-11-15 04:56:37,645 - INFO: global_step=221524, episodic_return=41.330322265625
2022-11-15 04:56:40,205 - INFO: global_step=222524, episodic_return=-116.01215362548828
2022-11-15 04:56:42,628 - INFO: global_step=223524, episodic_return=-119.10803985595703
2022-11-15 04:56:44,665 - INFO: global_step=224524, episodic_return=-48.694644927978516
2022-11-15 04:56:47,509 - INFO: global_step=225524, episodic_return=-130.7467041015625
2022-11-15 04:56:50,111 - INFO: global_step=226524, episodic_return=-155.3299102783203
2022-11-15 04:56:52,044 - INFO: global_step=227524, episodic_return=-83.44148254394531
2022-11-15 04:56:53,795 - INFO: global_step=228524, episodic_return=-136.9418182373047
2022-11-15 04:56:55,547 - INFO: global_step=229524, episodic_return=-113.65789031982422
2022-11-15 04:56:58,002 - INFO: global_step=230524, episodic_return=-68.16007232666016
2022-11-15 04:56:59,956 - INFO: global_step=231524, episodic_return=-76.47710418701172
2022-11-15 04:57:02,057 - INFO: global_step=232524, episodic_return=-148.04351806640625
2022-11-15 04:57:04,274 - INFO: global_step=233524, episodic_return=-141.7299346923828
2022-11-15 04:57:06,041 - INFO: global_step=234524, episodic_return=-71.86920928955078
2022-11-15 04:57:08,073 - INFO: global_step=235524, episodic_return=-67.8643798828125
2022-11-15 04:57:10,601 - INFO: global_step=236524, episodic_return=-122.2442626953125
2022-11-15 04:57:12,437 - INFO: global_step=237524, episodic_return=-83.86730194091797
2022-11-15 04:57:12,756 - INFO: global_step=237821, episodic_return=-14.201400756835938
2022-11-15 04:57:15,206 - INFO: global_step=238821, episodic_return=-0.37667879462242126
2022-11-15 04:57:17,293 - INFO: global_step=239821, episodic_return=-83.5642318725586
2022-11-15 04:57:19,468 - INFO: global_step=240821, episodic_return=-102.9637451171875
2022-11-15 04:57:21,580 - INFO: global_step=241821, episodic_return=-88.42815399169922
2022-11-15 04:57:23,438 - INFO: global_step=242821, episodic_return=-103.11500549316406
2022-11-15 04:57:26,367 - INFO: global_step=243821, episodic_return=-90.49226379394531
2022-11-15 04:57:26,652 - INFO: global_step=244051, episodic_return=-13.293777465820312
2022-11-15 04:57:27,819 - INFO: global_step=244699, episodic_return=191.76693725585938
2022-11-15 04:57:30,314 - INFO: global_step=245699, episodic_return=-66.7386245727539
2022-11-15 04:57:32,764 - INFO: global_step=246699, episodic_return=-108.0630111694336
2022-11-15 04:57:35,507 - INFO: global_step=247699, episodic_return=-59.94767761230469
2022-11-15 04:57:37,182 - INFO: global_step=248699, episodic_return=-39.84123611450195
2022-11-15 04:57:38,897 - INFO: global_step=249699, episodic_return=-29.05333137512207
2022-11-15 04:57:39,319 - INFO: global_step=250002, episodic_return=9.551841735839844
2022-11-15 04:57:41,587 - INFO: global_step=251002, episodic_return=-106.0805435180664
2022-11-15 04:57:43,798 - INFO: global_step=252002, episodic_return=-53.01780700683594
2022-11-15 04:57:46,028 - INFO: global_step=253002, episodic_return=-58.09526443481445
2022-11-15 04:57:47,805 - INFO: global_step=254002, episodic_return=-24.82488250732422
2022-11-15 04:57:49,741 - INFO: global_step=255002, episodic_return=19.91854476928711
2022-11-15 04:57:49,904 - INFO: global_step=255198, episodic_return=-148.54273986816406
2022-11-15 04:57:50,365 - INFO: global_step=255566, episodic_return=-27.61829376220703
2022-11-15 04:57:51,968 - INFO: global_step=256566, episodic_return=-31.649240493774414
2022-11-15 04:57:52,054 - INFO: global_step=256685, episodic_return=-183.27426147460938
2022-11-15 04:57:53,562 - INFO: global_step=257685, episodic_return=-58.389007568359375
2022-11-15 04:57:55,859 - INFO: global_step=258685, episodic_return=-12.827211380004883
2022-11-15 04:57:58,199 - INFO: global_step=259685, episodic_return=-6.952046871185303
2022-11-15 04:57:59,756 - INFO: global_step=260574, episodic_return=119.3962631225586
2022-11-15 04:58:00,511 - INFO: global_step=261153, episodic_return=176.99862670898438
2022-11-15 04:58:00,977 - INFO: global_step=261549, episodic_return=242.2126922607422
2022-11-15 04:58:02,935 - INFO: global_step=262549, episodic_return=-42.64361572265625
2022-11-15 04:58:05,286 - INFO: global_step=263533, episodic_return=73.87644958496094
2022-11-15 04:58:07,141 - INFO: global_step=264533, episodic_return=43.646751403808594
2022-11-15 04:58:08,091 - INFO: global_step=265215, episodic_return=213.09559631347656
2022-11-15 04:58:10,306 - INFO: global_step=266215, episodic_return=-42.717529296875
2022-11-15 04:58:12,047 - INFO: global_step=267215, episodic_return=-88.53759765625
2022-11-15 04:58:13,883 - INFO: global_step=268215, episodic_return=-48.25900650024414
2022-11-15 04:58:14,080 - INFO: global_step=268395, episodic_return=-172.37582397460938
2022-11-15 04:58:14,767 - INFO: global_step=268902, episodic_return=16.0576171875
2022-11-15 04:58:17,039 - INFO: global_step=269864, episodic_return=140.65689086914062
2022-11-15 04:58:19,227 - INFO: global_step=270864, episodic_return=-50.572174072265625
2022-11-15 04:58:21,628 - INFO: global_step=271864, episodic_return=-47.93644332885742
2022-11-15 04:58:23,415 - INFO: global_step=272864, episodic_return=-56.97503662109375
2022-11-15 04:58:25,522 - INFO: global_step=273864, episodic_return=-75.7926025390625
2022-11-15 04:58:27,169 - INFO: global_step=274864, episodic_return=-41.36617660522461
2022-11-15 04:58:29,349 - INFO: global_step=275864, episodic_return=-127.60276794433594
2022-11-15 04:58:31,175 - INFO: global_step=276864, episodic_return=-73.2981948852539
2022-11-15 04:58:33,155 - INFO: global_step=277864, episodic_return=-91.7582778930664
2022-11-15 04:58:35,743 - INFO: global_step=278864, episodic_return=-114.67887878417969
2022-11-15 04:58:38,618 - INFO: global_step=279864, episodic_return=-124.2383041381836
2022-11-15 04:58:40,940 - INFO: global_step=280864, episodic_return=-117.83472442626953
2022-11-15 04:58:42,906 - INFO: global_step=281864, episodic_return=-97.63375091552734
2022-11-15 04:58:44,734 - INFO: global_step=282864, episodic_return=-131.5662841796875
2022-11-15 04:58:46,309 - INFO: global_step=283864, episodic_return=-131.65444946289062
2022-11-15 04:58:47,053 - INFO: global_step=284417, episodic_return=222.40921020507812
2022-11-15 04:58:48,946 - INFO: global_step=285417, episodic_return=-115.69658660888672
2022-11-15 04:58:52,380 - INFO: global_step=286417, episodic_return=44.51188659667969
2022-11-15 04:58:54,849 - INFO: global_step=287417, episodic_return=53.09527587890625
2022-11-15 04:58:57,632 - INFO: global_step=288417, episodic_return=-138.98062133789062
2022-11-15 04:58:59,519 - INFO: global_step=289417, episodic_return=-45.276668548583984
2022-11-15 04:59:01,048 - INFO: global_step=290417, episodic_return=-23.677242279052734
2022-11-15 04:59:02,619 - INFO: global_step=291417, episodic_return=-126.86820220947266
2022-11-15 04:59:04,558 - INFO: global_step=292417, episodic_return=-125.64739990234375
2022-11-15 04:59:06,461 - INFO: global_step=293417, episodic_return=-170.52874755859375
2022-11-15 04:59:08,570 - INFO: global_step=294417, episodic_return=-151.69349670410156
2022-11-15 04:59:10,694 - INFO: global_step=295417, episodic_return=-100.6161880493164
2022-11-15 04:59:12,583 - INFO: global_step=296417, episodic_return=-157.36814880371094
2022-11-15 04:59:14,239 - INFO: global_step=297417, episodic_return=-110.9025650024414
2022-11-15 04:59:16,398 - INFO: global_step=298417, episodic_return=5.982454299926758
2022-11-15 04:59:19,299 - INFO: global_step=299417, episodic_return=-128.9979705810547
2022-11-15 04:59:20,966 - INFO: global_step=300417, episodic_return=-98.7124252319336
2022-11-15 04:59:22,672 - INFO: global_step=301417, episodic_return=-121.60601043701172
2022-11-15 04:59:24,984 - INFO: global_step=302417, episodic_return=-165.07171630859375
2022-11-15 04:59:26,482 - INFO: global_step=303417, episodic_return=-55.8874626159668
2022-11-15 04:59:28,560 - INFO: global_step=304417, episodic_return=-138.61683654785156
2022-11-15 04:59:31,016 - INFO: global_step=305417, episodic_return=-166.69509887695312
2022-11-15 04:59:32,965 - INFO: global_step=306417, episodic_return=-61.31893539428711
2022-11-15 04:59:33,458 - INFO: global_step=306720, episodic_return=-274.09136962890625
2022-11-15 04:59:36,519 - INFO: global_step=307720, episodic_return=-140.0732421875
2022-11-15 04:59:38,591 - INFO: global_step=308720, episodic_return=-68.26956939697266
2022-11-15 04:59:40,389 - INFO: global_step=309720, episodic_return=-4.227570533752441
2022-11-15 04:59:40,481 - INFO: global_step=309848, episodic_return=-122.17417907714844
2022-11-15 04:59:40,885 - INFO: global_step=310260, episodic_return=-477.72430419921875
2022-11-15 04:59:42,719 - INFO: global_step=311260, episodic_return=-157.26048278808594
2022-11-15 04:59:45,038 - INFO: global_step=312260, episodic_return=-71.00668334960938
2022-11-15 04:59:46,883 - INFO: global_step=313260, episodic_return=-136.77151489257812
2022-11-15 04:59:48,539 - INFO: global_step=314260, episodic_return=-70.30078125
2022-11-15 04:59:50,307 - INFO: global_step=315260, episodic_return=-83.44367218017578
2022-11-15 04:59:52,079 - INFO: global_step=316260, episodic_return=-37.77842330932617
2022-11-15 04:59:54,123 - INFO: global_step=317260, episodic_return=-122.58782958984375
2022-11-15 04:59:54,729 - INFO: global_step=317688, episodic_return=270.63385009765625
2022-11-15 04:59:55,430 - INFO: global_step=318201, episodic_return=-213.10910034179688
2022-11-15 04:59:57,489 - INFO: global_step=319201, episodic_return=-55.3702507019043
2022-11-15 04:59:59,077 - INFO: global_step=320201, episodic_return=-77.29721069335938
2022-11-15 05:00:01,213 - INFO: global_step=321201, episodic_return=-69.82840728759766
2022-11-15 05:00:03,418 - INFO: global_step=322201, episodic_return=-123.1871566772461
2022-11-15 05:00:05,006 - INFO: global_step=323201, episodic_return=-77.7127685546875
2022-11-15 05:00:06,937 - INFO: global_step=324201, episodic_return=-117.68047332763672
2022-11-15 05:00:08,530 - INFO: global_step=325201, episodic_return=-41.810386657714844
2022-11-15 05:00:10,634 - INFO: global_step=326201, episodic_return=-55.866329193115234
2022-11-15 05:00:13,217 - INFO: global_step=327201, episodic_return=-85.27347564697266
2022-11-15 05:00:15,449 - INFO: global_step=328201, episodic_return=-143.9252166748047
2022-11-15 05:00:18,257 - INFO: global_step=329201, episodic_return=-86.0301513671875
2022-11-15 05:00:20,202 - INFO: global_step=330201, episodic_return=-117.40599060058594
2022-11-15 05:00:22,341 - INFO: global_step=331201, episodic_return=-80.61479949951172
2022-11-15 05:00:24,818 - INFO: global_step=332201, episodic_return=-80.2092056274414
2022-11-15 05:00:26,884 - INFO: global_step=333201, episodic_return=-146.01390075683594
2022-11-15 05:00:29,531 - INFO: global_step=334201, episodic_return=-140.1503448486328
2022-11-15 05:00:31,896 - INFO: global_step=335201, episodic_return=-144.99163818359375
2022-11-15 05:00:34,017 - INFO: global_step=336201, episodic_return=-99.8167724609375
2022-11-15 05:00:35,947 - INFO: global_step=337201, episodic_return=-4.767566204071045
2022-11-15 05:00:37,569 - INFO: global_step=338201, episodic_return=-107.16265106201172
2022-11-15 05:00:39,940 - INFO: global_step=339201, episodic_return=-66.35328674316406
2022-11-15 05:00:42,072 - INFO: global_step=340201, episodic_return=-67.87608337402344
2022-11-15 05:00:43,800 - INFO: global_step=341201, episodic_return=-114.7429428100586
2022-11-15 05:00:45,411 - INFO: global_step=342201, episodic_return=-98.67900085449219
2022-11-15 05:00:47,388 - INFO: global_step=343201, episodic_return=-79.44528198242188
2022-11-15 05:00:49,291 - INFO: global_step=344201, episodic_return=-65.44075775146484
2022-11-15 05:00:51,806 - INFO: global_step=345201, episodic_return=-32.24189376831055
2022-11-15 05:00:53,545 - INFO: global_step=345992, episodic_return=142.2254638671875
2022-11-15 05:00:55,844 - INFO: global_step=346992, episodic_return=-70.25894927978516
2022-11-15 05:00:57,803 - INFO: global_step=347992, episodic_return=-0.698478102684021
2022-11-15 05:00:59,707 - INFO: global_step=348992, episodic_return=-46.13801574707031
2022-11-15 05:01:01,661 - INFO: global_step=349992, episodic_return=-13.434523582458496
2022-11-15 05:01:04,488 - INFO: global_step=350992, episodic_return=-19.751850128173828
2022-11-15 05:01:04,569 - INFO: global_step=351096, episodic_return=-47.0001220703125
2022-11-15 05:01:04,767 - INFO: global_step=351326, episodic_return=-14.216781616210938
2022-11-15 05:01:05,997 - INFO: global_step=351719, episodic_return=-163.3772430419922
2022-11-15 05:01:06,239 - INFO: global_step=351987, episodic_return=-35.008331298828125
2022-11-15 05:01:07,459 - INFO: global_step=352641, episodic_return=-201.66015625
2022-11-15 05:01:08,114 - INFO: global_step=353214, episodic_return=-102.99209594726562
2022-11-15 05:01:09,898 - INFO: global_step=354214, episodic_return=-100.49541473388672
2022-11-15 05:01:12,183 - INFO: global_step=355214, episodic_return=-53.895267486572266
2022-11-15 05:01:13,621 - INFO: global_step=356214, episodic_return=-87.7859115600586
2022-11-15 05:01:15,845 - INFO: global_step=357214, episodic_return=-35.66176986694336
2022-11-15 05:01:17,591 - INFO: global_step=358214, episodic_return=-116.69183349609375
2022-11-15 05:01:19,603 - INFO: global_step=359214, episodic_return=-98.57295989990234
2022-11-15 05:01:21,285 - INFO: global_step=360214, episodic_return=-113.40152740478516
2022-11-15 05:01:22,923 - INFO: global_step=361214, episodic_return=-93.77713012695312
2022-11-15 05:01:24,553 - INFO: global_step=362214, episodic_return=-69.01905822753906
2022-11-15 05:01:26,135 - INFO: global_step=363214, episodic_return=-95.13318634033203
2022-11-15 05:01:27,821 - INFO: global_step=364214, episodic_return=-31.90966033935547
2022-11-15 05:01:29,460 - INFO: global_step=365214, episodic_return=-147.5936737060547
2022-11-15 05:01:31,190 - INFO: global_step=366214, episodic_return=-45.439273834228516
2022-11-15 05:01:33,670 - INFO: global_step=367214, episodic_return=-44.928775787353516
2022-11-15 05:01:35,704 - INFO: global_step=368214, episodic_return=-18.056385040283203
2022-11-15 05:01:38,363 - INFO: global_step=369214, episodic_return=-76.23334503173828
2022-11-15 05:01:40,591 - INFO: global_step=370214, episodic_return=-81.06120300292969
2022-11-15 05:01:43,062 - INFO: global_step=371214, episodic_return=-83.45468139648438
2022-11-15 05:01:45,398 - INFO: global_step=372214, episodic_return=-60.07719039916992
2022-11-15 05:01:47,848 - INFO: global_step=373214, episodic_return=-120.68864440917969
2022-11-15 05:01:49,922 - INFO: global_step=374214, episodic_return=-124.84215545654297
2022-11-15 05:01:51,465 - INFO: global_step=375214, episodic_return=-28.034229278564453
2022-11-15 05:01:53,689 - INFO: global_step=376214, episodic_return=-103.07328796386719
2022-11-15 05:01:56,059 - INFO: global_step=377214, episodic_return=-120.37554168701172
2022-11-15 05:01:58,267 - INFO: global_step=378214, episodic_return=-118.39482116699219
2022-11-15 05:02:00,888 - INFO: global_step=379214, episodic_return=-124.68093872070312
2022-11-15 05:02:02,249 - INFO: global_step=380214, episodic_return=-80.89857482910156
2022-11-15 05:02:04,460 - INFO: global_step=381214, episodic_return=-108.92931365966797
2022-11-15 05:02:06,385 - INFO: global_step=382214, episodic_return=-103.28849029541016
2022-11-15 05:02:09,169 - INFO: global_step=383214, episodic_return=-103.10751342773438
2022-11-15 05:02:11,369 - INFO: global_step=384214, episodic_return=-126.86685943603516
2022-11-15 05:02:12,907 - INFO: global_step=385214, episodic_return=-114.77803039550781
2022-11-15 05:02:14,333 - INFO: global_step=386214, episodic_return=-103.88844299316406
2022-11-15 05:02:16,441 - INFO: global_step=387214, episodic_return=-68.63092803955078
2022-11-15 05:02:18,870 - INFO: global_step=388214, episodic_return=-106.25022888183594
2022-11-15 05:02:20,306 - INFO: global_step=389214, episodic_return=-102.38377380371094
2022-11-15 05:02:22,467 - INFO: global_step=390214, episodic_return=-149.35899353027344
2022-11-15 05:02:24,431 - INFO: global_step=391214, episodic_return=-53.85306167602539
2022-11-15 05:02:25,965 - INFO: global_step=392214, episodic_return=-107.5266342163086
2022-11-15 05:02:27,952 - INFO: global_step=393214, episodic_return=-139.0271453857422
2022-11-15 05:02:29,695 - INFO: global_step=394214, episodic_return=-73.45285034179688
2022-11-15 05:02:31,367 - INFO: global_step=395214, episodic_return=-119.1372299194336
2022-11-15 05:02:33,093 - INFO: global_step=396214, episodic_return=-143.551025390625
2022-11-15 05:02:34,958 - INFO: global_step=397214, episodic_return=-72.62311553955078
2022-11-15 05:02:37,821 - INFO: global_step=398214, episodic_return=-85.51546478271484
2022-11-15 05:02:39,887 - INFO: global_step=399214, episodic_return=-93.70557403564453
2022-11-15 05:02:41,653 - INFO: global_step=400214, episodic_return=-89.9349136352539
2022-11-15 05:02:43,203 - INFO: global_step=401214, episodic_return=-59.493892669677734
2022-11-15 05:02:45,348 - INFO: global_step=402214, episodic_return=-47.74638748168945
2022-11-15 05:02:46,820 - INFO: global_step=403214, episodic_return=-193.20941162109375
2022-11-15 05:02:48,741 - INFO: global_step=404214, episodic_return=-156.61117553710938
2022-11-15 05:02:50,395 - INFO: global_step=405214, episodic_return=-112.19488525390625
2022-11-15 05:02:52,549 - INFO: global_step=406214, episodic_return=-129.3217010498047
2022-11-15 05:02:54,991 - INFO: global_step=407214, episodic_return=-89.79651641845703
2022-11-15 05:02:57,614 - INFO: global_step=408214, episodic_return=-64.26897430419922
2022-11-15 05:02:59,527 - INFO: global_step=409093, episodic_return=196.16070556640625
2022-11-15 05:03:01,289 - INFO: global_step=410093, episodic_return=-32.41717529296875
2022-11-15 05:03:03,866 - INFO: global_step=411093, episodic_return=-80.77153015136719
2022-11-15 05:03:05,265 - INFO: global_step=412093, episodic_return=-54.47388458251953
2022-11-15 05:03:07,023 - INFO: global_step=413093, episodic_return=9.494969367980957
2022-11-15 05:03:08,535 - INFO: global_step=413865, episodic_return=104.08407592773438
2022-11-15 05:03:09,157 - INFO: global_step=414345, episodic_return=-54.2474250793457
2022-11-15 05:03:11,097 - INFO: global_step=415345, episodic_return=-144.48699951171875
2022-11-15 05:03:11,686 - INFO: global_step=415835, episodic_return=-177.280517578125
2022-11-15 05:03:11,851 - INFO: global_step=416040, episodic_return=-136.99676513671875
2022-11-15 05:03:12,357 - INFO: global_step=416497, episodic_return=-171.04690551757812
2022-11-15 05:03:14,126 - INFO: global_step=417497, episodic_return=-93.8359375
2022-11-15 05:03:17,230 - INFO: global_step=418497, episodic_return=-50.89455032348633
2022-11-15 05:03:18,923 - INFO: global_step=419440, episodic_return=-152.22207641601562
2022-11-15 05:03:19,114 - INFO: global_step=419683, episodic_return=-101.67599487304688
2022-11-15 05:03:19,550 - INFO: global_step=420085, episodic_return=-86.44524383544922
2022-11-15 05:03:22,451 - INFO: global_step=421085, episodic_return=-124.30908966064453
2022-11-15 05:03:22,546 - INFO: global_step=421194, episodic_return=-123.18545532226562
2022-11-15 05:03:22,597 - INFO: global_step=421259, episodic_return=-88.13468170166016
2022-11-15 05:03:24,688 - INFO: global_step=422259, episodic_return=-103.68910217285156
2022-11-15 05:03:26,724 - INFO: global_step=423259, episodic_return=-103.0040283203125
2022-11-15 05:03:27,564 - INFO: global_step=423805, episodic_return=-188.84619140625
2022-11-15 05:03:29,160 - INFO: global_step=424768, episodic_return=-225.16458129882812
2022-11-15 05:03:30,268 - INFO: global_step=425422, episodic_return=-188.01296997070312
2022-11-15 05:03:32,005 - INFO: global_step=426363, episodic_return=-248.15011596679688
2022-11-15 05:03:32,126 - INFO: global_step=426513, episodic_return=-197.7466278076172
2022-11-15 05:03:32,282 - INFO: global_step=426726, episodic_return=-144.27442932128906
2022-11-15 05:03:32,861 - INFO: global_step=427181, episodic_return=-227.37936401367188
2022-11-15 05:03:33,611 - INFO: global_step=427751, episodic_return=-226.87857055664062
2022-11-15 05:03:33,891 - INFO: global_step=428045, episodic_return=-180.81971740722656
2022-11-15 05:03:33,995 - INFO: global_step=428169, episodic_return=-123.86994934082031
2022-11-15 05:03:34,173 - INFO: global_step=428363, episodic_return=-153.36634826660156
2022-11-15 05:03:34,758 - INFO: global_step=428836, episodic_return=-175.298583984375
2022-11-15 05:03:36,663 - INFO: global_step=429836, episodic_return=-180.38717651367188
2022-11-15 05:03:36,752 - INFO: global_step=429968, episodic_return=-114.70880889892578
2022-11-15 05:03:38,846 - INFO: global_step=430968, episodic_return=-86.44104766845703
2022-11-15 05:03:40,850 - INFO: global_step=431968, episodic_return=-119.99467468261719
2022-11-15 05:03:42,413 - INFO: global_step=432968, episodic_return=-125.57704162597656
2022-11-15 05:03:44,771 - INFO: global_step=433968, episodic_return=-99.84588623046875
2022-11-15 05:03:46,950 - INFO: global_step=434968, episodic_return=-114.94178771972656
2022-11-15 05:03:48,417 - INFO: global_step=435968, episodic_return=-98.50145721435547
2022-11-15 05:03:50,289 - INFO: global_step=436968, episodic_return=-101.03268432617188
2022-11-15 05:03:53,273 - INFO: global_step=437968, episodic_return=-118.24608612060547
2022-11-15 05:03:54,900 - INFO: global_step=438968, episodic_return=-111.75372314453125
2022-11-15 05:03:56,643 - INFO: global_step=439968, episodic_return=-125.41070556640625
2022-11-15 05:03:58,701 - INFO: global_step=440968, episodic_return=-100.83000183105469
2022-11-15 05:04:00,682 - INFO: global_step=441968, episodic_return=-111.43241882324219
2022-11-15 05:04:02,289 - INFO: global_step=442968, episodic_return=-104.40398406982422
2022-11-15 05:04:03,721 - INFO: global_step=443968, episodic_return=-66.04707336425781
2022-11-15 05:04:06,833 - INFO: global_step=444968, episodic_return=-90.34394073486328
2022-11-15 05:04:08,569 - INFO: global_step=445968, episodic_return=-72.59295654296875
2022-11-15 05:04:11,205 - INFO: global_step=446968, episodic_return=-110.05487060546875
2022-11-15 05:04:12,982 - INFO: global_step=447968, episodic_return=-72.52169036865234
2022-11-15 05:04:15,112 - INFO: global_step=448968, episodic_return=-89.32901763916016
2022-11-15 05:04:17,348 - INFO: global_step=449968, episodic_return=-123.61067962646484
2022-11-15 05:04:19,070 - INFO: global_step=450968, episodic_return=-145.6885986328125
2022-11-15 05:04:22,004 - INFO: global_step=451968, episodic_return=-83.67577362060547
2022-11-15 05:04:23,479 - INFO: global_step=452968, episodic_return=-146.05819702148438
2022-11-15 05:04:25,278 - INFO: global_step=453968, episodic_return=-109.40340423583984
2022-11-15 05:04:27,342 - INFO: global_step=454968, episodic_return=-129.16488647460938
2022-11-15 05:04:29,783 - INFO: global_step=455968, episodic_return=-134.00582885742188
2022-11-15 05:04:31,662 - INFO: global_step=456968, episodic_return=-134.3748016357422
2022-11-15 05:04:33,858 - INFO: global_step=457968, episodic_return=-74.68984985351562
2022-11-15 05:04:35,645 - INFO: global_step=458968, episodic_return=-32.454036712646484
2022-11-15 05:04:37,499 - INFO: global_step=459968, episodic_return=-60.7781867980957
2022-11-15 05:04:39,162 - INFO: global_step=460968, episodic_return=-134.24752807617188
2022-11-15 05:04:41,278 - INFO: global_step=461968, episodic_return=-105.76103210449219
2022-11-15 05:04:43,379 - INFO: global_step=462968, episodic_return=-36.54987716674805
2022-11-15 05:04:44,918 - INFO: global_step=463968, episodic_return=-66.66608428955078
2022-11-15 05:04:46,651 - INFO: global_step=464968, episodic_return=-50.93045425415039
2022-11-15 05:04:48,725 - INFO: global_step=465968, episodic_return=-152.0352325439453
2022-11-15 05:04:50,798 - INFO: global_step=466968, episodic_return=-191.11630249023438
2022-11-15 05:04:53,090 - INFO: global_step=467968, episodic_return=-126.01616668701172
2022-11-15 05:04:54,838 - INFO: global_step=468968, episodic_return=-102.24580383300781
2022-11-15 05:04:56,848 - INFO: global_step=469968, episodic_return=-115.36493682861328
2022-11-15 05:04:58,082 - INFO: global_step=470885, episodic_return=-216.173828125
2022-11-15 05:05:00,165 - INFO: global_step=471885, episodic_return=-90.87364196777344
2022-11-15 05:05:01,658 - INFO: global_step=472885, episodic_return=-82.523681640625
2022-11-15 05:05:03,314 - INFO: global_step=473885, episodic_return=-133.21629333496094
2022-11-15 05:05:05,320 - INFO: global_step=474885, episodic_return=-61.059566497802734
2022-11-15 05:05:06,946 - INFO: global_step=475885, episodic_return=-63.47167205810547
2022-11-15 05:05:08,781 - INFO: global_step=476885, episodic_return=-63.462982177734375
2022-11-15 05:05:10,276 - INFO: global_step=477885, episodic_return=-81.82683563232422
2022-11-15 05:05:11,697 - INFO: global_step=478885, episodic_return=-94.95137786865234
2022-11-15 05:05:13,946 - INFO: global_step=479885, episodic_return=-58.73740768432617
2022-11-15 05:05:15,805 - INFO: global_step=480885, episodic_return=-82.62110137939453
2022-11-15 05:05:16,012 - INFO: global_step=481138, episodic_return=-131.4597930908203
2022-11-15 05:05:18,146 - INFO: global_step=482138, episodic_return=-102.002197265625
2022-11-15 05:05:19,035 - INFO: global_step=482788, episodic_return=-217.58416748046875
2022-11-15 05:05:20,970 - INFO: global_step=483788, episodic_return=-86.10649108886719
2022-11-15 05:05:22,660 - INFO: global_step=484788, episodic_return=-40.71881103515625
2022-11-15 05:05:23,944 - INFO: global_step=485788, episodic_return=-61.97673034667969
2022-11-15 05:05:25,651 - INFO: global_step=486788, episodic_return=-135.62466430664062
2022-11-15 05:05:27,332 - INFO: global_step=487788, episodic_return=-148.50833129882812
2022-11-15 05:05:27,529 - INFO: global_step=487960, episodic_return=-111.49857330322266
2022-11-15 05:05:29,755 - INFO: global_step=488960, episodic_return=-118.50458526611328
2022-11-15 05:05:32,169 - INFO: global_step=489960, episodic_return=-129.00946044921875
2022-11-15 05:05:34,431 - INFO: global_step=490960, episodic_return=-75.59101867675781
2022-11-15 05:05:37,857 - INFO: global_step=491960, episodic_return=-114.83789825439453
2022-11-15 05:05:39,762 - INFO: global_step=492960, episodic_return=-65.23107147216797
2022-11-15 05:05:41,303 - INFO: global_step=493960, episodic_return=-104.37710571289062
2022-11-15 05:05:41,771 - INFO: global_step=494305, episodic_return=-91.11161804199219
2022-11-15 05:05:43,388 - INFO: global_step=495305, episodic_return=-79.70427703857422
2022-11-15 05:05:45,173 - INFO: global_step=496305, episodic_return=-100.55197143554688
2022-11-15 05:05:45,347 - INFO: global_step=496525, episodic_return=-93.60012817382812
2022-11-15 05:05:45,582 - INFO: global_step=496790, episodic_return=-80.03376007080078
2022-11-15 05:05:48,151 - INFO: global_step=497790, episodic_return=-106.95612335205078
2022-11-15 05:05:50,521 - INFO: global_step=498790, episodic_return=-151.16433715820312
2022-11-15 05:05:52,932 - INFO: global_step=499790, episodic_return=-86.438720703125
2022-11-15 05:05:53,137 - INFO: The average reward of last 20 steps: -99.07728385925293
