2022-11-15 00:07:26,372 - INFO: +--------------------------+----------------+
| Parameter                | Value          |
+--------------------------+----------------+
| exp_name                 | dqn            |
+--------------------------+----------------+
| seed                     | 42             |
+--------------------------+----------------+
| total_timesteps          | 500000         |
+--------------------------+----------------+
| learning_rate            | 0.001          |
+--------------------------+----------------+
| buffer_size              | 2000           |
+--------------------------+----------------+
| gamma                    | 0.982          |
+--------------------------+----------------+
| target_network_frequency | 50             |
+--------------------------+----------------+
| batch_size               | 128            |
+--------------------------+----------------+
| start_e                  | 0.900          |
+--------------------------+----------------+
| end_e                    | 0              |
+--------------------------+----------------+
| exploration_fraction     | 0.050          |
+--------------------------+----------------+
| learning_starts          | 10000          |
+--------------------------+----------------+
| train_frequency          | 10             |
+--------------------------+----------------+
| env_id                   | LunarLander-v2 |
+--------------------------+----------------+
2022-11-15 00:07:28,752 - INFO: global_step=113, episodic_return=-330.0570373535156
2022-11-15 00:07:28,775 - INFO: global_step=182, episodic_return=-176.13406372070312
2022-11-15 00:07:28,809 - INFO: global_step=280, episodic_return=-101.77953338623047
2022-11-15 00:07:28,834 - INFO: global_step=389, episodic_return=-254.87844848632812
2022-11-15 00:07:28,851 - INFO: global_step=486, episodic_return=-306.7859802246094
2022-11-15 00:07:28,869 - INFO: global_step=586, episodic_return=-112.69541931152344
2022-11-15 00:07:28,887 - INFO: global_step=680, episodic_return=-121.21115112304688
2022-11-15 00:07:28,911 - INFO: global_step=780, episodic_return=-494.6514587402344
2022-11-15 00:07:28,940 - INFO: global_step=901, episodic_return=-127.33988952636719
2022-11-15 00:07:28,959 - INFO: global_step=977, episodic_return=-228.6932373046875
2022-11-15 00:07:28,977 - INFO: global_step=1051, episodic_return=-53.29574203491211
2022-11-15 00:07:28,999 - INFO: global_step=1130, episodic_return=-115.67056274414062
2022-11-15 00:07:29,039 - INFO: global_step=1229, episodic_return=-351.40771484375
2022-11-15 00:07:29,079 - INFO: global_step=1336, episodic_return=-308.3380126953125
2022-11-15 00:07:29,103 - INFO: global_step=1408, episodic_return=-164.6960906982422
2022-11-15 00:07:29,137 - INFO: global_step=1506, episodic_return=-209.35382080078125
2022-11-15 00:07:29,158 - INFO: global_step=1570, episodic_return=-111.05011749267578
2022-11-15 00:07:29,192 - INFO: global_step=1672, episodic_return=-275.84002685546875
2022-11-15 00:07:29,220 - INFO: global_step=1763, episodic_return=-303.74517822265625
2022-11-15 00:07:29,248 - INFO: global_step=1837, episodic_return=-344.15032958984375
2022-11-15 00:07:29,289 - INFO: global_step=1959, episodic_return=-202.8627471923828
2022-11-15 00:07:29,328 - INFO: global_step=2067, episodic_return=-483.3866882324219
2022-11-15 00:07:29,358 - INFO: global_step=2155, episodic_return=-115.23162841796875
2022-11-15 00:07:29,399 - INFO: global_step=2270, episodic_return=-312.19451904296875
2022-11-15 00:07:29,423 - INFO: global_step=2344, episodic_return=-324.0205078125
2022-11-15 00:07:29,457 - INFO: global_step=2441, episodic_return=-258.56097412109375
2022-11-15 00:07:29,513 - INFO: global_step=2575, episodic_return=-57.65632629394531
2022-11-15 00:07:29,538 - INFO: global_step=2653, episodic_return=-352.2563781738281
2022-11-15 00:07:29,575 - INFO: global_step=2760, episodic_return=-125.21300506591797
2022-11-15 00:07:29,614 - INFO: global_step=2863, episodic_return=-403.8398132324219
2022-11-15 00:07:29,641 - INFO: global_step=2924, episodic_return=-135.728759765625
2022-11-15 00:07:29,665 - INFO: global_step=2997, episodic_return=-241.39686584472656
2022-11-15 00:07:29,685 - INFO: global_step=3073, episodic_return=-247.89215087890625
2022-11-15 00:07:29,713 - INFO: global_step=3162, episodic_return=-491.0863342285156
2022-11-15 00:07:29,754 - INFO: global_step=3295, episodic_return=-396.95709228515625
2022-11-15 00:07:29,772 - INFO: global_step=3370, episodic_return=-373.05120849609375
2022-11-15 00:07:29,802 - INFO: global_step=3487, episodic_return=-137.85171508789062
2022-11-15 00:07:29,846 - INFO: global_step=3636, episodic_return=-95.78433990478516
2022-11-15 00:07:29,878 - INFO: global_step=3752, episodic_return=-218.39181518554688
2022-11-15 00:07:29,898 - INFO: global_step=3823, episodic_return=-100.02897644042969
2022-11-15 00:07:29,919 - INFO: global_step=3898, episodic_return=-312.7403564453125
2022-11-15 00:07:29,940 - INFO: global_step=3981, episodic_return=-118.49525451660156
2022-11-15 00:07:29,963 - INFO: global_step=4069, episodic_return=-137.9195098876953
2022-11-15 00:07:29,983 - INFO: global_step=4136, episodic_return=-77.79409790039062
2022-11-15 00:07:30,003 - INFO: global_step=4198, episodic_return=-246.03904724121094
2022-11-15 00:07:30,027 - INFO: global_step=4290, episodic_return=-138.404052734375
2022-11-15 00:07:30,044 - INFO: global_step=4350, episodic_return=-66.16459655761719
2022-11-15 00:07:30,094 - INFO: global_step=4496, episodic_return=-255.8931121826172
2022-11-15 00:07:30,110 - INFO: global_step=4559, episodic_return=-91.32897186279297
2022-11-15 00:07:30,133 - INFO: global_step=4639, episodic_return=-127.77452850341797
2022-11-15 00:07:30,168 - INFO: global_step=4764, episodic_return=-118.10736846923828
2022-11-15 00:07:30,205 - INFO: global_step=4876, episodic_return=-475.9166259765625
2022-11-15 00:07:30,235 - INFO: global_step=4967, episodic_return=-479.9974670410156
2022-11-15 00:07:30,252 - INFO: global_step=5035, episodic_return=-110.1978759765625
2022-11-15 00:07:30,276 - INFO: global_step=5101, episodic_return=-113.57192993164062
2022-11-15 00:07:30,297 - INFO: global_step=5188, episodic_return=-459.48388671875
2022-11-15 00:07:30,328 - INFO: global_step=5291, episodic_return=-438.88360595703125
2022-11-15 00:07:30,347 - INFO: global_step=5352, episodic_return=-149.18536376953125
2022-11-15 00:07:30,369 - INFO: global_step=5422, episodic_return=-186.06431579589844
2022-11-15 00:07:30,396 - INFO: global_step=5512, episodic_return=-362.7148742675781
2022-11-15 00:07:30,418 - INFO: global_step=5597, episodic_return=-295.48272705078125
2022-11-15 00:07:30,437 - INFO: global_step=5677, episodic_return=-440.6136779785156
2022-11-15 00:07:30,461 - INFO: global_step=5763, episodic_return=-325.94622802734375
2022-11-15 00:07:30,479 - INFO: global_step=5837, episodic_return=-119.4306640625
2022-11-15 00:07:30,501 - INFO: global_step=5916, episodic_return=-395.69403076171875
2022-11-15 00:07:30,526 - INFO: global_step=5980, episodic_return=-104.6480484008789
2022-11-15 00:07:30,568 - INFO: global_step=6079, episodic_return=-76.8314208984375
2022-11-15 00:07:30,635 - INFO: global_step=6241, episodic_return=-418.8387756347656
2022-11-15 00:07:30,679 - INFO: global_step=6353, episodic_return=-570.3223876953125
2022-11-15 00:07:30,734 - INFO: global_step=6465, episodic_return=-313.01202392578125
2022-11-15 00:07:30,806 - INFO: global_step=6608, episodic_return=-562.6080322265625
2022-11-15 00:07:30,850 - INFO: global_step=6706, episodic_return=-384.0525207519531
2022-11-15 00:07:30,882 - INFO: global_step=6783, episodic_return=-157.0515594482422
2022-11-15 00:07:30,923 - INFO: global_step=6869, episodic_return=-349.16070556640625
2022-11-15 00:07:30,947 - INFO: global_step=6928, episodic_return=-113.43131256103516
2022-11-15 00:07:30,991 - INFO: global_step=7014, episodic_return=-378.37896728515625
2022-11-15 00:07:31,017 - INFO: global_step=7078, episodic_return=-111.11920928955078
2022-11-15 00:07:31,086 - INFO: global_step=7234, episodic_return=-432.7713623046875
2022-11-15 00:07:31,124 - INFO: global_step=7319, episodic_return=-100.76914978027344
2022-11-15 00:07:31,154 - INFO: global_step=7388, episodic_return=-198.956298828125
2022-11-15 00:07:31,196 - INFO: global_step=7479, episodic_return=-131.43328857421875
2022-11-15 00:07:31,245 - INFO: global_step=7583, episodic_return=-541.5315551757812
2022-11-15 00:07:31,298 - INFO: global_step=7686, episodic_return=-545.2138671875
2022-11-15 00:07:31,329 - INFO: global_step=7750, episodic_return=-122.07215881347656
2022-11-15 00:07:31,352 - INFO: global_step=7829, episodic_return=-371.9547119140625
2022-11-15 00:07:31,376 - INFO: global_step=7913, episodic_return=-443.77593994140625
2022-11-15 00:07:31,408 - INFO: global_step=8014, episodic_return=-503.89520263671875
2022-11-15 00:07:31,502 - INFO: global_step=8232, episodic_return=-624.9220581054688
2022-11-15 00:07:31,534 - INFO: global_step=8326, episodic_return=-561.9619140625
2022-11-15 00:07:31,559 - INFO: global_step=8405, episodic_return=-404.73095703125
2022-11-15 00:07:31,625 - INFO: global_step=8570, episodic_return=-578.556640625
2022-11-15 00:07:31,649 - INFO: global_step=8659, episodic_return=-412.50830078125
2022-11-15 00:07:31,675 - INFO: global_step=8742, episodic_return=-250.1415252685547
2022-11-15 00:07:31,701 - INFO: global_step=8833, episodic_return=-87.263671875
2022-11-15 00:07:31,729 - INFO: global_step=8921, episodic_return=-509.1495361328125
2022-11-15 00:07:31,946 - INFO: global_step=9278, episodic_return=-991.0169067382812
2022-11-15 00:07:31,988 - INFO: global_step=9414, episodic_return=-510.525146484375
2022-11-15 00:07:32,016 - INFO: global_step=9500, episodic_return=-382.053955078125
2022-11-15 00:07:32,040 - INFO: global_step=9562, episodic_return=-92.88729858398438
2022-11-15 00:07:32,061 - INFO: global_step=9623, episodic_return=-76.5281753540039
2022-11-15 00:07:32,115 - INFO: global_step=9753, episodic_return=-638.55859375
2022-11-15 00:07:32,152 - INFO: global_step=9847, episodic_return=-384.3447265625
2022-11-15 00:07:32,180 - INFO: global_step=9910, episodic_return=-260.71697998046875
2022-11-15 00:07:32,203 - INFO: global_step=9970, episodic_return=-97.2643814086914
2022-11-15 00:07:32,243 - INFO: global_step=10040, episodic_return=-310.6986999511719
2022-11-15 00:07:32,285 - INFO: global_step=10099, episodic_return=-196.72772216796875
2022-11-15 00:07:32,322 - INFO: global_step=10157, episodic_return=-168.73410034179688
2022-11-15 00:07:32,364 - INFO: global_step=10223, episodic_return=-258.89654541015625
2022-11-15 00:07:32,422 - INFO: global_step=10306, episodic_return=-367.3720397949219
2022-11-15 00:07:32,458 - INFO: global_step=10364, episodic_return=-242.3079833984375
2022-11-15 00:07:32,511 - INFO: global_step=10450, episodic_return=-366.7967224121094
2022-11-15 00:07:32,556 - INFO: global_step=10539, episodic_return=-251.93206787109375
2022-11-15 00:07:32,586 - INFO: global_step=10609, episodic_return=-315.09246826171875
2022-11-15 00:07:32,633 - INFO: global_step=10679, episodic_return=-181.5711669921875
2022-11-15 00:07:32,678 - INFO: global_step=10745, episodic_return=-345.79888916015625
2022-11-15 00:07:32,753 - INFO: global_step=10851, episodic_return=-65.42733764648438
2022-11-15 00:07:32,812 - INFO: global_step=10947, episodic_return=-311.93585205078125
2022-11-15 00:07:32,863 - INFO: global_step=11003, episodic_return=-210.72802734375
2022-11-15 00:07:32,944 - INFO: global_step=11094, episodic_return=-495.9532470703125
2022-11-15 00:07:32,985 - INFO: global_step=11164, episodic_return=-99.96732330322266
2022-11-15 00:07:33,029 - INFO: global_step=11243, episodic_return=-97.07464599609375
2022-11-15 00:07:33,062 - INFO: global_step=11299, episodic_return=-178.36253356933594
2022-11-15 00:07:33,092 - INFO: global_step=11355, episodic_return=-170.31863403320312
2022-11-15 00:07:33,124 - INFO: global_step=11414, episodic_return=-349.91192626953125
2022-11-15 00:07:33,153 - INFO: global_step=11479, episodic_return=-101.10755920410156
2022-11-15 00:07:33,185 - INFO: global_step=11547, episodic_return=-343.459716796875
2022-11-15 00:07:33,232 - INFO: global_step=11642, episodic_return=-61.639400482177734
2022-11-15 00:07:33,274 - INFO: global_step=11721, episodic_return=-317.18792724609375
2022-11-15 00:07:33,316 - INFO: global_step=11780, episodic_return=-194.22607421875
2022-11-15 00:07:33,448 - INFO: global_step=11938, episodic_return=-99.63229370117188
2022-11-15 00:07:33,537 - INFO: global_step=12043, episodic_return=-355.649169921875
2022-11-15 00:07:33,605 - INFO: global_step=12129, episodic_return=-253.70458984375
2022-11-15 00:07:33,721 - INFO: global_step=12281, episodic_return=-342.5411071777344
2022-11-15 00:07:33,783 - INFO: global_step=12375, episodic_return=-508.0160217285156
2022-11-15 00:07:33,828 - INFO: global_step=12466, episodic_return=-514.698974609375
2022-11-15 00:07:34,483 - INFO: global_step=12938, episodic_return=-62.01207733154297
2022-11-15 00:07:34,561 - INFO: global_step=13036, episodic_return=-229.0670166015625
2022-11-15 00:07:34,636 - INFO: global_step=13143, episodic_return=-252.55870056152344
2022-11-15 00:07:34,686 - INFO: global_step=13227, episodic_return=-237.38072204589844
2022-11-15 00:07:34,740 - INFO: global_step=13316, episodic_return=-234.70513916015625
2022-11-15 00:07:34,825 - INFO: global_step=13448, episodic_return=-21.252899169921875
2022-11-15 00:07:34,922 - INFO: global_step=13578, episodic_return=-118.68290710449219
2022-11-15 00:07:35,003 - INFO: global_step=13709, episodic_return=-213.30191040039062
2022-11-15 00:07:35,094 - INFO: global_step=13857, episodic_return=-115.3038330078125
2022-11-15 00:07:35,260 - INFO: global_step=14047, episodic_return=-185.48526000976562
2022-11-15 00:07:35,356 - INFO: global_step=14160, episodic_return=-128.82005310058594
2022-11-15 00:07:35,403 - INFO: global_step=14242, episodic_return=-170.41827392578125
2022-11-15 00:07:35,580 - INFO: global_step=14470, episodic_return=-744.9019165039062
2022-11-15 00:07:35,700 - INFO: global_step=14652, episodic_return=-118.39073944091797
2022-11-15 00:07:35,771 - INFO: global_step=14742, episodic_return=-166.4864959716797
2022-11-15 00:07:35,890 - INFO: global_step=14893, episodic_return=-253.4229736328125
2022-11-15 00:07:36,174 - INFO: global_step=15203, episodic_return=-31.796966552734375
2022-11-15 00:07:36,318 - INFO: global_step=15385, episodic_return=-328.2523193359375
2022-11-15 00:07:36,433 - INFO: global_step=15529, episodic_return=-301.19415283203125
2022-11-15 00:07:36,657 - INFO: global_step=15810, episodic_return=-278.9659423828125
2022-11-15 00:07:36,724 - INFO: global_step=15911, episodic_return=-168.715576171875
2022-11-15 00:07:36,827 - INFO: global_step=16053, episodic_return=-553.70556640625
2022-11-15 00:07:36,883 - INFO: global_step=16139, episodic_return=-461.13739013671875
2022-11-15 00:07:36,938 - INFO: global_step=16227, episodic_return=-685.191162109375
2022-11-15 00:07:37,126 - INFO: global_step=16469, episodic_return=-468.30426025390625
2022-11-15 00:07:37,250 - INFO: global_step=16633, episodic_return=-738.77197265625
2022-11-15 00:07:37,294 - INFO: global_step=16708, episodic_return=-490.31036376953125
2022-11-15 00:07:37,464 - INFO: global_step=16902, episodic_return=-324.6994934082031
2022-11-15 00:07:37,534 - INFO: global_step=17017, episodic_return=-96.19844055175781
2022-11-15 00:07:37,583 - INFO: global_step=17106, episodic_return=-189.71331787109375
2022-11-15 00:07:37,631 - INFO: global_step=17196, episodic_return=-25.795448303222656
2022-11-15 00:07:37,704 - INFO: global_step=17307, episodic_return=-204.76480102539062
2022-11-15 00:07:37,838 - INFO: global_step=17464, episodic_return=-289.9951171875
2022-11-15 00:07:37,898 - INFO: global_step=17564, episodic_return=-289.46533203125
2022-11-15 00:07:37,990 - INFO: global_step=17698, episodic_return=-178.78297424316406
2022-11-15 00:07:38,089 - INFO: global_step=17819, episodic_return=-163.07977294921875
2022-11-15 00:07:38,654 - INFO: global_step=18314, episodic_return=-367.23724365234375
2022-11-15 00:07:38,744 - INFO: global_step=18434, episodic_return=-196.30271911621094
2022-11-15 00:07:38,834 - INFO: global_step=18562, episodic_return=-347.7085266113281
2022-11-15 00:07:38,891 - INFO: global_step=18649, episodic_return=-194.58023071289062
2022-11-15 00:07:38,987 - INFO: global_step=18758, episodic_return=-571.3118896484375
2022-11-15 00:07:39,133 - INFO: global_step=18911, episodic_return=-271.0318298339844
2022-11-15 00:07:39,212 - INFO: global_step=19019, episodic_return=-409.03692626953125
2022-11-15 00:07:39,268 - INFO: global_step=19090, episodic_return=-358.06689453125
2022-11-15 00:07:39,318 - INFO: global_step=19161, episodic_return=-367.59661865234375
2022-11-15 00:07:39,359 - INFO: global_step=19226, episodic_return=-199.33709716796875
2022-11-15 00:07:39,413 - INFO: global_step=19308, episodic_return=-135.87362670898438
2022-11-15 00:07:39,665 - INFO: global_step=19586, episodic_return=-358.1632385253906
2022-11-15 00:07:39,930 - INFO: global_step=19864, episodic_return=-193.4005584716797
2022-11-15 00:07:40,066 - INFO: global_step=20041, episodic_return=35.12553405761719
2022-11-15 00:07:40,127 - INFO: global_step=20133, episodic_return=-107.23466491699219
2022-11-15 00:07:40,213 - INFO: global_step=20243, episodic_return=-102.57386779785156
2022-11-15 00:07:40,953 - INFO: global_step=20779, episodic_return=-180.99188232421875
2022-11-15 00:07:41,358 - INFO: global_step=21143, episodic_return=-141.26388549804688
2022-11-15 00:07:41,453 - INFO: global_step=21245, episodic_return=-198.38095092773438
2022-11-15 00:07:41,629 - INFO: global_step=21438, episodic_return=-93.69699096679688
2022-11-15 00:07:41,879 - INFO: global_step=21709, episodic_return=-97.42469024658203
2022-11-15 00:07:43,445 - INFO: global_step=22589, episodic_return=-407.1343688964844
2022-11-15 00:07:43,828 - INFO: global_step=22914, episodic_return=-166.55523681640625
2022-11-15 00:07:46,010 - INFO: global_step=23914, episodic_return=-100.74209594726562
2022-11-15 00:07:46,146 - INFO: global_step=24016, episodic_return=-340.3585205078125
2022-11-15 00:07:48,719 - INFO: global_step=25016, episodic_return=-157.65220642089844
2022-11-15 00:07:50,834 - INFO: global_step=26016, episodic_return=-170.68211364746094
2022-11-15 00:07:51,250 - INFO: global_step=26342, episodic_return=-220.37539672851562
2022-11-15 00:07:52,434 - INFO: global_step=27022, episodic_return=-233.7406768798828
2022-11-15 00:07:52,844 - INFO: global_step=27409, episodic_return=-106.05560302734375
2022-11-15 00:07:54,913 - INFO: global_step=28409, episodic_return=-58.579925537109375
2022-11-15 00:07:56,980 - INFO: global_step=29409, episodic_return=-95.88558959960938
2022-11-15 00:07:58,788 - INFO: global_step=30409, episodic_return=-138.7814178466797
2022-11-15 00:08:00,582 - INFO: global_step=31409, episodic_return=-138.18185424804688
2022-11-15 00:08:02,543 - INFO: global_step=32409, episodic_return=-132.936767578125
2022-11-15 00:08:04,731 - INFO: global_step=33409, episodic_return=-115.41632843017578
2022-11-15 00:08:06,523 - INFO: global_step=34409, episodic_return=-132.62673950195312
2022-11-15 00:08:08,828 - INFO: global_step=35409, episodic_return=-154.47154235839844
2022-11-15 00:08:09,003 - INFO: global_step=35538, episodic_return=-313.5472106933594
2022-11-15 00:08:11,935 - INFO: global_step=36538, episodic_return=-117.71968841552734
2022-11-15 00:08:14,463 - INFO: global_step=37538, episodic_return=-119.4911880493164
2022-11-15 00:08:16,314 - INFO: global_step=38538, episodic_return=-168.28677368164062
2022-11-15 00:08:19,317 - INFO: global_step=39538, episodic_return=-154.6042938232422
2022-11-15 00:08:21,946 - INFO: global_step=40538, episodic_return=-148.8797607421875
2022-11-15 00:08:24,285 - INFO: global_step=41538, episodic_return=-111.32498168945312
2022-11-15 00:08:24,459 - INFO: global_step=41727, episodic_return=-586.5821533203125
2022-11-15 00:08:26,621 - INFO: global_step=42727, episodic_return=-142.00526428222656
2022-11-15 00:08:26,715 - INFO: global_step=42869, episodic_return=-195.97781372070312
2022-11-15 00:08:28,573 - INFO: global_step=43137, episodic_return=-289.469482421875
2022-11-15 00:08:31,327 - INFO: global_step=44137, episodic_return=-173.90830993652344
2022-11-15 00:08:31,478 - INFO: global_step=44294, episodic_return=-357.77630615234375
2022-11-15 00:08:31,575 - INFO: global_step=44412, episodic_return=-293.18756103515625
2022-11-15 00:08:31,679 - INFO: global_step=44532, episodic_return=-81.33531188964844
2022-11-15 00:08:31,768 - INFO: global_step=44647, episodic_return=-249.7252197265625
2022-11-15 00:08:31,834 - INFO: global_step=44736, episodic_return=-298.48931884765625
2022-11-15 00:08:35,052 - INFO: global_step=45736, episodic_return=-126.1922836303711
2022-11-15 00:08:37,710 - INFO: global_step=46736, episodic_return=-146.2205810546875
2022-11-15 00:08:39,995 - INFO: global_step=47736, episodic_return=-162.29782104492188
2022-11-15 00:08:42,444 - INFO: global_step=48736, episodic_return=-125.2635726928711
2022-11-15 00:08:44,065 - INFO: global_step=49736, episodic_return=-121.22596740722656
2022-11-15 00:08:44,171 - INFO: global_step=49867, episodic_return=-95.04901123046875
2022-11-15 00:08:46,599 - INFO: global_step=50867, episodic_return=-141.72315979003906
2022-11-15 00:08:48,697 - INFO: global_step=51867, episodic_return=-129.9710693359375
2022-11-15 00:08:50,866 - INFO: global_step=52867, episodic_return=-117.80447387695312
2022-11-15 00:08:52,198 - INFO: global_step=53669, episodic_return=-215.82638549804688
2022-11-15 00:08:53,287 - INFO: global_step=54248, episodic_return=-163.35614013671875
2022-11-15 00:08:55,002 - INFO: global_step=55248, episodic_return=-148.69674682617188
2022-11-15 00:08:56,122 - INFO: global_step=55877, episodic_return=-179.05282592773438
2022-11-15 00:08:56,854 - INFO: global_step=56374, episodic_return=-75.61714172363281
2022-11-15 00:08:58,306 - INFO: global_step=57212, episodic_return=-242.15444946289062
2022-11-15 00:08:59,282 - INFO: global_step=57833, episodic_return=-175.36318969726562
2022-11-15 00:09:01,776 - INFO: global_step=58833, episodic_return=-120.89191436767578
2022-11-15 00:09:03,336 - INFO: global_step=59688, episodic_return=-290.3406982421875
2022-11-15 00:09:04,226 - INFO: global_step=60280, episodic_return=-187.31573486328125
2022-11-15 00:09:06,255 - INFO: global_step=61254, episodic_return=-281.22247314453125
2022-11-15 00:09:07,928 - INFO: global_step=62254, episodic_return=-179.39520263671875
2022-11-15 00:09:10,396 - INFO: global_step=63254, episodic_return=-143.88072204589844
2022-11-15 00:09:12,112 - INFO: global_step=64215, episodic_return=-209.1806182861328
2022-11-15 00:09:13,825 - INFO: global_step=65215, episodic_return=-136.05075073242188
2022-11-15 00:09:15,470 - INFO: global_step=66215, episodic_return=-143.5050811767578
2022-11-15 00:09:17,410 - INFO: global_step=67215, episodic_return=-125.22062683105469
2022-11-15 00:09:19,382 - INFO: global_step=68215, episodic_return=-148.68914794921875
2022-11-15 00:09:21,981 - INFO: global_step=69215, episodic_return=-143.3496856689453
2022-11-15 00:09:24,405 - INFO: global_step=70215, episodic_return=-126.81806182861328
2022-11-15 00:09:26,627 - INFO: global_step=71215, episodic_return=-91.49829864501953
2022-11-15 00:09:27,651 - INFO: global_step=71964, episodic_return=-187.4053955078125
2022-11-15 00:09:29,776 - INFO: global_step=72964, episodic_return=-131.77001953125
2022-11-15 00:09:31,992 - INFO: global_step=73964, episodic_return=-136.96920776367188
2022-11-15 00:09:34,458 - INFO: global_step=74964, episodic_return=-168.62158203125
2022-11-15 00:09:36,116 - INFO: global_step=75964, episodic_return=-116.8526611328125
2022-11-15 00:09:38,199 - INFO: global_step=76964, episodic_return=-123.77635955810547
2022-11-15 00:09:40,183 - INFO: global_step=77964, episodic_return=-123.3233871459961
2022-11-15 00:09:42,272 - INFO: global_step=78964, episodic_return=-167.76072692871094
2022-11-15 00:09:42,488 - INFO: global_step=79145, episodic_return=-276.26409912109375
2022-11-15 00:09:42,690 - INFO: global_step=79341, episodic_return=-320.0736999511719
2022-11-15 00:09:42,802 - INFO: global_step=79476, episodic_return=-308.1136474609375
2022-11-15 00:09:43,138 - INFO: global_step=79761, episodic_return=-226.99591064453125
2022-11-15 00:09:43,539 - INFO: global_step=80035, episodic_return=-305.6376953125
2022-11-15 00:09:46,667 - INFO: global_step=81035, episodic_return=-124.04849243164062
2022-11-15 00:09:48,327 - INFO: global_step=82035, episodic_return=-126.86119842529297
2022-11-15 00:09:50,640 - INFO: global_step=83035, episodic_return=-157.07382202148438
2022-11-15 00:09:52,327 - INFO: global_step=84035, episodic_return=-145.7301025390625
2022-11-15 00:09:55,402 - INFO: global_step=85035, episodic_return=-136.78675842285156
2022-11-15 00:09:57,583 - INFO: global_step=86035, episodic_return=-161.3911895751953
2022-11-15 00:09:58,734 - INFO: global_step=86735, episodic_return=-205.2003631591797
2022-11-15 00:10:01,059 - INFO: global_step=87606, episodic_return=-295.925537109375
2022-11-15 00:10:02,158 - INFO: global_step=88215, episodic_return=-226.06204223632812
2022-11-15 00:10:02,287 - INFO: global_step=88351, episodic_return=-123.09910583496094
2022-11-15 00:10:03,204 - INFO: global_step=88950, episodic_return=-268.365478515625
2022-11-15 00:10:03,549 - INFO: global_step=89274, episodic_return=-210.2298126220703
2022-11-15 00:10:04,206 - INFO: global_step=89770, episodic_return=-226.33180236816406
2022-11-15 00:10:04,499 - INFO: global_step=90052, episodic_return=-210.94586181640625
2022-11-15 00:10:04,937 - INFO: global_step=90445, episodic_return=-239.3131103515625
2022-11-15 00:10:05,036 - INFO: global_step=90586, episodic_return=-126.92322540283203
2022-11-15 00:10:05,643 - INFO: global_step=91012, episodic_return=-208.32156372070312
2022-11-15 00:10:05,728 - INFO: global_step=91122, episodic_return=-161.5596923828125
2022-11-15 00:10:06,009 - INFO: global_step=91394, episodic_return=-236.84310913085938
2022-11-15 00:10:06,295 - INFO: global_step=91682, episodic_return=-236.80877685546875
2022-11-15 00:10:06,635 - INFO: global_step=91980, episodic_return=-240.29995727539062
2022-11-15 00:10:07,150 - INFO: global_step=92376, episodic_return=-226.07647705078125
2022-11-15 00:10:07,484 - INFO: global_step=92691, episodic_return=-254.61216735839844
2022-11-15 00:10:07,774 - INFO: global_step=92934, episodic_return=-215.64122009277344
2022-11-15 00:10:07,913 - INFO: global_step=93071, episodic_return=-145.74270629882812
2022-11-15 00:10:08,119 - INFO: global_step=93293, episodic_return=-193.67581176757812
2022-11-15 00:10:08,244 - INFO: global_step=93447, episodic_return=-154.08004760742188
2022-11-15 00:10:08,968 - INFO: global_step=93938, episodic_return=-249.08819580078125
2022-11-15 00:10:09,094 - INFO: global_step=94090, episodic_return=-153.54794311523438
2022-11-15 00:10:09,466 - INFO: global_step=94426, episodic_return=-208.05682373046875
2022-11-15 00:10:10,279 - INFO: global_step=94953, episodic_return=-264.42144775390625
2022-11-15 00:10:11,732 - INFO: global_step=95677, episodic_return=-290.6842041015625
2022-11-15 00:10:13,985 - INFO: global_step=96677, episodic_return=-79.26593017578125
2022-11-15 00:10:16,193 - INFO: global_step=97677, episodic_return=-183.72787475585938
2022-11-15 00:10:17,899 - INFO: global_step=98677, episodic_return=-139.2178497314453
2022-11-15 00:10:19,541 - INFO: global_step=99646, episodic_return=-263.4342346191406
2022-11-15 00:10:20,794 - INFO: global_step=100499, episodic_return=-234.35305786132812
2022-11-15 00:10:22,625 - INFO: global_step=101499, episodic_return=-142.2641143798828
2022-11-15 00:10:24,292 - INFO: global_step=102499, episodic_return=-129.82186889648438
2022-11-15 00:10:26,203 - INFO: global_step=103499, episodic_return=-119.11913299560547
2022-11-15 00:10:28,463 - INFO: global_step=104499, episodic_return=-101.33705139160156
2022-11-15 00:10:31,091 - INFO: global_step=105499, episodic_return=-170.879150390625
2022-11-15 00:10:33,072 - INFO: global_step=106499, episodic_return=-168.42591857910156
2022-11-15 00:10:35,499 - INFO: global_step=107499, episodic_return=-81.07323455810547
2022-11-15 00:10:38,698 - INFO: global_step=108499, episodic_return=-121.08183288574219
2022-11-15 00:10:40,329 - INFO: global_step=109499, episodic_return=-169.43035888671875
2022-11-15 00:10:42,066 - INFO: global_step=110499, episodic_return=-116.345947265625
2022-11-15 00:10:44,478 - INFO: global_step=111499, episodic_return=-137.62478637695312
2022-11-15 00:10:46,835 - INFO: global_step=112499, episodic_return=-140.40406799316406
2022-11-15 00:10:49,333 - INFO: global_step=113499, episodic_return=-87.6767578125
2022-11-15 00:10:51,383 - INFO: global_step=114499, episodic_return=-149.18475341796875
2022-11-15 00:10:54,090 - INFO: global_step=115499, episodic_return=-143.96400451660156
2022-11-15 00:10:55,580 - INFO: global_step=116499, episodic_return=-110.4347152709961
2022-11-15 00:10:57,888 - INFO: global_step=117499, episodic_return=-118.96419525146484
2022-11-15 00:11:00,317 - INFO: global_step=118499, episodic_return=-164.06700134277344
2022-11-15 00:11:02,302 - INFO: global_step=119499, episodic_return=-127.61447143554688
2022-11-15 00:11:04,460 - INFO: global_step=120499, episodic_return=-140.08538818359375
2022-11-15 00:11:06,146 - INFO: global_step=121499, episodic_return=-157.06826782226562
2022-11-15 00:11:06,373 - INFO: global_step=121732, episodic_return=-265.642578125
2022-11-15 00:11:08,709 - INFO: global_step=122732, episodic_return=-108.66703796386719
2022-11-15 00:11:08,885 - INFO: global_step=122937, episodic_return=-292.18023681640625
2022-11-15 00:11:09,848 - INFO: global_step=123526, episodic_return=228.0841064453125
2022-11-15 00:11:10,077 - INFO: global_step=123792, episodic_return=-257.14935302734375
2022-11-15 00:11:10,502 - INFO: global_step=124151, episodic_return=-114.39605712890625
2022-11-15 00:11:11,000 - INFO: global_step=124505, episodic_return=-235.44580078125
2022-11-15 00:11:11,655 - INFO: global_step=124970, episodic_return=-172.5071258544922
2022-11-15 00:11:11,743 - INFO: global_step=125063, episodic_return=-828.6133422851562
2022-11-15 00:11:13,995 - INFO: global_step=126063, episodic_return=-76.79688262939453
2022-11-15 00:11:14,531 - INFO: global_step=126490, episodic_return=-218.1756591796875
2022-11-15 00:11:14,809 - INFO: global_step=126798, episodic_return=-283.615234375
2022-11-15 00:11:17,248 - INFO: global_step=127798, episodic_return=-216.0662384033203
2022-11-15 00:11:17,942 - INFO: global_step=128238, episodic_return=-207.45217895507812
2022-11-15 00:11:18,312 - INFO: global_step=128521, episodic_return=-123.38475799560547
2022-11-15 00:11:21,024 - INFO: global_step=129521, episodic_return=-127.62140655517578
2022-11-15 00:11:21,550 - INFO: global_step=129937, episodic_return=-74.15730285644531
2022-11-15 00:11:24,200 - INFO: global_step=130937, episodic_return=-152.15081787109375
2022-11-15 00:11:24,652 - INFO: global_step=131303, episodic_return=-130.40956115722656
2022-11-15 00:11:25,550 - INFO: global_step=131868, episodic_return=-137.52706909179688
2022-11-15 00:11:27,947 - INFO: global_step=132868, episodic_return=-121.84762573242188
2022-11-15 00:11:30,889 - INFO: global_step=133868, episodic_return=-177.87356567382812
2022-11-15 00:11:33,622 - INFO: global_step=134868, episodic_return=-143.48768615722656
2022-11-15 00:11:35,830 - INFO: global_step=135868, episodic_return=-122.28438568115234
2022-11-15 00:11:37,868 - INFO: global_step=136868, episodic_return=-168.51889038085938
2022-11-15 00:11:40,651 - INFO: global_step=137868, episodic_return=-135.12721252441406
2022-11-15 00:11:43,311 - INFO: global_step=138868, episodic_return=-111.49187469482422
2022-11-15 00:11:43,452 - INFO: global_step=139009, episodic_return=-232.76980590820312
2022-11-15 00:11:43,550 - INFO: global_step=139123, episodic_return=-287.27569580078125
2022-11-15 00:11:43,740 - INFO: global_step=139322, episodic_return=-195.04547119140625
2022-11-15 00:11:45,718 - INFO: global_step=140322, episodic_return=-280.4364013671875
2022-11-15 00:11:47,783 - INFO: global_step=141322, episodic_return=-73.26782989501953
2022-11-15 00:11:50,147 - INFO: global_step=142322, episodic_return=-123.40546417236328
2022-11-15 00:11:51,952 - INFO: global_step=143322, episodic_return=-95.12401580810547
2022-11-15 00:11:53,814 - INFO: global_step=144322, episodic_return=-95.104248046875
2022-11-15 00:11:55,762 - INFO: global_step=145322, episodic_return=-76.61152648925781
2022-11-15 00:11:57,392 - INFO: global_step=146066, episodic_return=-211.62271118164062
2022-11-15 00:11:58,139 - INFO: global_step=146607, episodic_return=-155.20220947265625
2022-11-15 00:11:59,891 - INFO: global_step=147550, episodic_return=-253.95858764648438
2022-11-15 00:12:01,003 - INFO: global_step=148216, episodic_return=-142.9269256591797
2022-11-15 00:12:02,987 - INFO: global_step=149216, episodic_return=-110.7057876586914
2022-11-15 00:12:04,543 - INFO: global_step=150174, episodic_return=-255.21705627441406
2022-11-15 00:12:06,366 - INFO: global_step=151174, episodic_return=-122.12279510498047
2022-11-15 00:12:08,236 - INFO: global_step=152174, episodic_return=-106.95113372802734
2022-11-15 00:12:10,187 - INFO: global_step=153174, episodic_return=-126.98141479492188
2022-11-15 00:12:12,217 - INFO: global_step=154174, episodic_return=-101.30902862548828
2022-11-15 00:12:14,377 - INFO: global_step=155174, episodic_return=-120.92766571044922
2022-11-15 00:12:16,334 - INFO: global_step=156174, episodic_return=-116.08782958984375
2022-11-15 00:12:18,286 - INFO: global_step=157174, episodic_return=-112.57222747802734
2022-11-15 00:12:21,068 - INFO: global_step=158174, episodic_return=-109.41093444824219
2022-11-15 00:12:23,614 - INFO: global_step=159174, episodic_return=-68.2592544555664
2022-11-15 00:12:25,661 - INFO: global_step=160174, episodic_return=-165.66200256347656
2022-11-15 00:12:27,518 - INFO: global_step=161174, episodic_return=-164.42123413085938
2022-11-15 00:12:29,381 - INFO: global_step=162174, episodic_return=-138.68597412109375
2022-11-15 00:12:31,345 - INFO: global_step=163174, episodic_return=-127.709716796875
2022-11-15 00:12:33,111 - INFO: global_step=164174, episodic_return=-177.03125
2022-11-15 00:12:34,968 - INFO: global_step=165174, episodic_return=-141.61770629882812
2022-11-15 00:12:37,243 - INFO: global_step=166174, episodic_return=-168.6732177734375
2022-11-15 00:12:38,842 - INFO: global_step=167174, episodic_return=-130.3544921875
2022-11-15 00:12:40,847 - INFO: global_step=168174, episodic_return=-74.21731567382812
2022-11-15 00:12:43,434 - INFO: global_step=169174, episodic_return=-189.0799102783203
2022-11-15 00:12:45,784 - INFO: global_step=170174, episodic_return=-153.9753875732422
2022-11-15 00:12:48,498 - INFO: global_step=171174, episodic_return=-151.66696166992188
2022-11-15 00:12:51,466 - INFO: global_step=172174, episodic_return=-195.294189453125
2022-11-15 00:12:53,597 - INFO: global_step=173174, episodic_return=-151.59925842285156
2022-11-15 00:12:56,187 - INFO: global_step=174174, episodic_return=-148.4488525390625
2022-11-15 00:12:57,928 - INFO: global_step=175174, episodic_return=-181.04832458496094
2022-11-15 00:13:00,490 - INFO: global_step=176174, episodic_return=-190.07444763183594
2022-11-15 00:13:02,148 - INFO: global_step=177174, episodic_return=-127.99674987792969
2022-11-15 00:13:04,390 - INFO: global_step=178174, episodic_return=-145.48643493652344
2022-11-15 00:13:06,555 - INFO: global_step=179174, episodic_return=-184.11151123046875
2022-11-15 00:13:08,790 - INFO: global_step=180174, episodic_return=-160.6652374267578
2022-11-15 00:13:10,409 - INFO: global_step=181174, episodic_return=-129.97286987304688
2022-11-15 00:13:12,409 - INFO: global_step=182174, episodic_return=-141.81971740722656
2022-11-15 00:13:14,542 - INFO: global_step=183174, episodic_return=-153.49139404296875
2022-11-15 00:13:16,807 - INFO: global_step=184174, episodic_return=-151.70513916015625
2022-11-15 00:13:18,936 - INFO: global_step=185174, episodic_return=-139.46237182617188
2022-11-15 00:13:20,816 - INFO: global_step=186174, episodic_return=-145.88165283203125
2022-11-15 00:13:22,997 - INFO: global_step=187174, episodic_return=-95.10388946533203
2022-11-15 00:13:26,281 - INFO: global_step=188174, episodic_return=-146.3544921875
2022-11-15 00:13:28,485 - INFO: global_step=189174, episodic_return=-132.0974884033203
2022-11-15 00:13:31,592 - INFO: global_step=190174, episodic_return=-166.6839141845703
2022-11-15 00:13:31,877 - INFO: global_step=190462, episodic_return=-295.09161376953125
2022-11-15 00:13:33,631 - INFO: global_step=191462, episodic_return=-149.59829711914062
2022-11-15 00:13:34,716 - INFO: global_step=192168, episodic_return=-362.6649169921875
2022-11-15 00:13:36,700 - INFO: global_step=193168, episodic_return=-168.72047424316406
2022-11-15 00:13:39,465 - INFO: global_step=194168, episodic_return=-196.9060821533203
2022-11-15 00:13:41,590 - INFO: global_step=195168, episodic_return=-191.04824829101562
2022-11-15 00:13:43,426 - INFO: global_step=196168, episodic_return=-141.0410614013672
2022-11-15 00:13:44,938 - INFO: global_step=197168, episodic_return=-138.53131103515625
2022-11-15 00:13:46,869 - INFO: global_step=198168, episodic_return=-156.4369354248047
2022-11-15 00:13:48,568 - INFO: global_step=199168, episodic_return=-222.47767639160156
2022-11-15 00:13:50,135 - INFO: global_step=200168, episodic_return=-144.87693786621094
2022-11-15 00:13:52,413 - INFO: global_step=201168, episodic_return=-168.95242309570312
2022-11-15 00:13:54,326 - INFO: global_step=202168, episodic_return=-174.21453857421875
2022-11-15 00:13:56,104 - INFO: global_step=203168, episodic_return=-119.43022155761719
2022-11-15 00:13:58,847 - INFO: global_step=204168, episodic_return=-168.5662841796875
2022-11-15 00:14:00,765 - INFO: global_step=205168, episodic_return=-133.4711151123047
2022-11-15 00:14:02,965 - INFO: global_step=206168, episodic_return=-147.09974670410156
2022-11-15 00:14:04,981 - INFO: global_step=207168, episodic_return=-129.00401306152344
2022-11-15 00:14:06,903 - INFO: global_step=208168, episodic_return=-123.0120849609375
2022-11-15 00:14:08,797 - INFO: global_step=209168, episodic_return=-186.81875610351562
2022-11-15 00:14:11,045 - INFO: global_step=210168, episodic_return=-172.6031036376953
2022-11-15 00:14:13,603 - INFO: global_step=211168, episodic_return=-189.47293090820312
2022-11-15 00:14:15,683 - INFO: global_step=212168, episodic_return=-167.91250610351562
2022-11-15 00:14:17,431 - INFO: global_step=213168, episodic_return=-169.279541015625
2022-11-15 00:14:18,413 - INFO: global_step=213870, episodic_return=-147.10757446289062
2022-11-15 00:14:20,606 - INFO: global_step=214870, episodic_return=-145.12344360351562
2022-11-15 00:14:22,699 - INFO: global_step=215870, episodic_return=-162.14804077148438
2022-11-15 00:14:24,568 - INFO: global_step=216870, episodic_return=-150.096923828125
2022-11-15 00:14:26,577 - INFO: global_step=217870, episodic_return=-194.3130645751953
2022-11-15 00:14:28,273 - INFO: global_step=218870, episodic_return=-174.17623901367188
2022-11-15 00:14:31,118 - INFO: global_step=219870, episodic_return=-155.393798828125
2022-11-15 00:14:33,142 - INFO: global_step=220870, episodic_return=-135.28086853027344
2022-11-15 00:14:35,329 - INFO: global_step=221870, episodic_return=-152.8424835205078
2022-11-15 00:14:37,621 - INFO: global_step=222870, episodic_return=-138.4663848876953
2022-11-15 00:14:39,384 - INFO: global_step=223870, episodic_return=-103.46661376953125
2022-11-15 00:14:41,357 - INFO: global_step=224870, episodic_return=-149.3345947265625
2022-11-15 00:14:43,389 - INFO: global_step=225870, episodic_return=-159.58578491210938
2022-11-15 00:14:45,701 - INFO: global_step=226870, episodic_return=-162.76739501953125
2022-11-15 00:14:48,533 - INFO: global_step=227870, episodic_return=-139.733154296875
2022-11-15 00:14:50,976 - INFO: global_step=228870, episodic_return=-159.73220825195312
2022-11-15 00:14:53,243 - INFO: global_step=229870, episodic_return=-180.04653930664062
2022-11-15 00:14:55,517 - INFO: global_step=230870, episodic_return=-183.8555908203125
2022-11-15 00:14:57,579 - INFO: global_step=231870, episodic_return=-175.04116821289062
2022-11-15 00:14:59,251 - INFO: global_step=232870, episodic_return=-146.02239990234375
2022-11-15 00:15:01,162 - INFO: global_step=233870, episodic_return=-126.66200256347656
2022-11-15 00:15:03,615 - INFO: global_step=234870, episodic_return=-168.427734375
2022-11-15 00:15:05,642 - INFO: global_step=235870, episodic_return=-117.96353149414062
2022-11-15 00:15:07,546 - INFO: global_step=236870, episodic_return=-179.69776916503906
2022-11-15 00:15:09,587 - INFO: global_step=237870, episodic_return=-155.7846221923828
2022-11-15 00:15:11,770 - INFO: global_step=238870, episodic_return=-164.7535400390625
2022-11-15 00:15:13,950 - INFO: global_step=239870, episodic_return=-141.68551635742188
2022-11-15 00:15:16,150 - INFO: global_step=240870, episodic_return=-188.0413055419922
2022-11-15 00:15:17,861 - INFO: global_step=241870, episodic_return=-149.24856567382812
2022-11-15 00:15:20,387 - INFO: global_step=242870, episodic_return=-187.86940002441406
2022-11-15 00:15:22,031 - INFO: global_step=243870, episodic_return=-154.6079559326172
2022-11-15 00:15:24,768 - INFO: global_step=244870, episodic_return=-169.58322143554688
2022-11-15 00:15:26,440 - INFO: global_step=245870, episodic_return=-138.68638610839844
2022-11-15 00:15:28,714 - INFO: global_step=246870, episodic_return=-196.4210662841797
2022-11-15 00:15:30,679 - INFO: global_step=247870, episodic_return=-162.5978546142578
2022-11-15 00:15:32,430 - INFO: global_step=248870, episodic_return=-151.2462615966797
2022-11-15 00:15:34,285 - INFO: global_step=249870, episodic_return=-129.5428924560547
2022-11-15 00:15:36,424 - INFO: global_step=250870, episodic_return=-135.39114379882812
2022-11-15 00:15:38,631 - INFO: global_step=251870, episodic_return=-124.69511413574219
2022-11-15 00:15:40,753 - INFO: global_step=252870, episodic_return=-120.00141906738281
2022-11-15 00:15:43,384 - INFO: global_step=253870, episodic_return=-143.95306396484375
2022-11-15 00:15:45,520 - INFO: global_step=254870, episodic_return=-138.1104278564453
2022-11-15 00:15:47,541 - INFO: global_step=255870, episodic_return=-126.53662872314453
2022-11-15 00:15:50,068 - INFO: global_step=256870, episodic_return=-138.66810607910156
2022-11-15 00:15:52,190 - INFO: global_step=257870, episodic_return=-159.5313720703125
2022-11-15 00:15:53,777 - INFO: global_step=258870, episodic_return=-119.60462951660156
2022-11-15 00:15:56,081 - INFO: global_step=259870, episodic_return=-120.59744262695312
2022-11-15 00:15:58,273 - INFO: global_step=260870, episodic_return=-138.14756774902344
2022-11-15 00:16:01,933 - INFO: global_step=261870, episodic_return=-105.16819763183594
2022-11-15 00:16:04,113 - INFO: global_step=262870, episodic_return=-127.1366195678711
2022-11-15 00:16:06,012 - INFO: global_step=263870, episodic_return=-150.6997833251953
2022-11-15 00:16:07,741 - INFO: global_step=264870, episodic_return=-156.07388305664062
2022-11-15 00:16:09,616 - INFO: global_step=265870, episodic_return=-148.7747344970703
2022-11-15 00:16:11,964 - INFO: global_step=266870, episodic_return=-186.3566436767578
2022-11-15 00:16:13,640 - INFO: global_step=267870, episodic_return=-148.5792999267578
2022-11-15 00:16:15,365 - INFO: global_step=268870, episodic_return=-144.195556640625
2022-11-15 00:16:16,815 - INFO: global_step=269870, episodic_return=-133.2639617919922
2022-11-15 00:16:19,223 - INFO: global_step=270870, episodic_return=-170.5545654296875
2022-11-15 00:16:21,642 - INFO: global_step=271870, episodic_return=-117.74626922607422
2022-11-15 00:16:23,548 - INFO: global_step=272870, episodic_return=-160.7867431640625
2022-11-15 00:16:25,957 - INFO: global_step=273870, episodic_return=-136.52008056640625
2022-11-15 00:16:27,689 - INFO: global_step=274870, episodic_return=-99.71442413330078
2022-11-15 00:16:29,774 - INFO: global_step=275870, episodic_return=-150.36843872070312
2022-11-15 00:16:31,875 - INFO: global_step=276870, episodic_return=-136.14305114746094
2022-11-15 00:16:34,106 - INFO: global_step=277870, episodic_return=-118.8105239868164
2022-11-15 00:16:36,153 - INFO: global_step=278870, episodic_return=-194.2499542236328
2022-11-15 00:16:38,155 - INFO: global_step=279870, episodic_return=-149.52528381347656
2022-11-15 00:16:39,699 - INFO: global_step=280870, episodic_return=-126.0888900756836
2022-11-15 00:16:41,616 - INFO: global_step=281870, episodic_return=-155.0586700439453
2022-11-15 00:16:43,670 - INFO: global_step=282870, episodic_return=-159.8044891357422
2022-11-15 00:16:45,766 - INFO: global_step=283870, episodic_return=-153.4111328125
2022-11-15 00:16:48,151 - INFO: global_step=284870, episodic_return=-145.8136444091797
2022-11-15 00:16:50,397 - INFO: global_step=285870, episodic_return=-106.01632690429688
2022-11-15 00:16:52,944 - INFO: global_step=286870, episodic_return=-123.87116241455078
2022-11-15 00:16:56,348 - INFO: global_step=287870, episodic_return=-160.5673065185547
2022-11-15 00:16:58,574 - INFO: global_step=288870, episodic_return=-103.81463623046875
2022-11-15 00:17:00,308 - INFO: global_step=289870, episodic_return=-182.93338012695312
2022-11-15 00:17:02,681 - INFO: global_step=290870, episodic_return=-125.9047622680664
2022-11-15 00:17:05,286 - INFO: global_step=291870, episodic_return=-158.28961181640625
2022-11-15 00:17:07,737 - INFO: global_step=292870, episodic_return=-165.8448944091797
2022-11-15 00:17:09,591 - INFO: global_step=293870, episodic_return=-172.65371704101562
2022-11-15 00:17:12,205 - INFO: global_step=294870, episodic_return=-140.56988525390625
2022-11-15 00:17:13,880 - INFO: global_step=295870, episodic_return=-111.81851959228516
2022-11-15 00:17:16,314 - INFO: global_step=296870, episodic_return=-140.54457092285156
2022-11-15 00:17:18,291 - INFO: global_step=297870, episodic_return=-122.40374755859375
2022-11-15 00:17:20,113 - INFO: global_step=298870, episodic_return=-145.66172790527344
2022-11-15 00:17:21,847 - INFO: global_step=299870, episodic_return=-139.75218200683594
2022-11-15 00:17:24,404 - INFO: global_step=300870, episodic_return=-119.36792755126953
2022-11-15 00:17:26,693 - INFO: global_step=301870, episodic_return=-153.4888153076172
2022-11-15 00:17:29,077 - INFO: global_step=302870, episodic_return=-124.22280883789062
2022-11-15 00:17:31,177 - INFO: global_step=303870, episodic_return=-128.06887817382812
2022-11-15 00:17:34,200 - INFO: global_step=304870, episodic_return=-165.0636749267578
2022-11-15 00:17:36,729 - INFO: global_step=305870, episodic_return=-144.59475708007812
2022-11-15 00:17:38,852 - INFO: global_step=306870, episodic_return=-153.30223083496094
2022-11-15 00:17:40,783 - INFO: global_step=307870, episodic_return=-153.21925354003906
2022-11-15 00:17:42,704 - INFO: global_step=308870, episodic_return=-94.09549713134766
2022-11-15 00:17:44,794 - INFO: global_step=309870, episodic_return=-102.3233871459961
2022-11-15 00:17:47,600 - INFO: global_step=310870, episodic_return=-115.47318267822266
2022-11-15 00:17:49,771 - INFO: global_step=311870, episodic_return=-152.1787109375
2022-11-15 00:17:51,985 - INFO: global_step=312870, episodic_return=-138.0341339111328
2022-11-15 00:17:54,767 - INFO: global_step=313870, episodic_return=-88.1965103149414
2022-11-15 00:17:57,591 - INFO: global_step=314870, episodic_return=-160.35792541503906
2022-11-15 00:17:59,701 - INFO: global_step=315870, episodic_return=-147.9331512451172
2022-11-15 00:18:02,103 - INFO: global_step=316870, episodic_return=-97.4280776977539
2022-11-15 00:18:04,837 - INFO: global_step=317870, episodic_return=-164.85340881347656
2022-11-15 00:18:06,866 - INFO: global_step=318870, episodic_return=-113.2237777709961
2022-11-15 00:18:09,006 - INFO: global_step=319870, episodic_return=-120.63575744628906
2022-11-15 00:18:11,413 - INFO: global_step=320870, episodic_return=-107.45259094238281
2022-11-15 00:18:13,900 - INFO: global_step=321870, episodic_return=-132.7771759033203
2022-11-15 00:18:15,635 - INFO: global_step=322870, episodic_return=-120.96469116210938
2022-11-15 00:18:17,483 - INFO: global_step=323870, episodic_return=-139.53907775878906
2022-11-15 00:18:19,311 - INFO: global_step=324870, episodic_return=-110.16258239746094
2022-11-15 00:18:21,254 - INFO: global_step=325870, episodic_return=-157.45620727539062
2022-11-15 00:18:23,114 - INFO: global_step=326870, episodic_return=-144.6935272216797
2022-11-15 00:18:25,134 - INFO: global_step=327870, episodic_return=-118.6451416015625
2022-11-15 00:18:27,381 - INFO: global_step=328870, episodic_return=-135.08340454101562
2022-11-15 00:18:29,362 - INFO: global_step=329870, episodic_return=-111.5135498046875
2022-11-15 00:18:31,417 - INFO: global_step=330870, episodic_return=-146.77223205566406
2022-11-15 00:18:33,364 - INFO: global_step=331870, episodic_return=-93.91283416748047
2022-11-15 00:18:35,778 - INFO: global_step=332870, episodic_return=-120.63099670410156
2022-11-15 00:18:37,366 - INFO: global_step=333870, episodic_return=-115.84163665771484
2022-11-15 00:18:39,220 - INFO: global_step=334870, episodic_return=-121.32672119140625
2022-11-15 00:18:41,142 - INFO: global_step=335870, episodic_return=-115.0564956665039
2022-11-15 00:18:43,113 - INFO: global_step=336870, episodic_return=-140.89739990234375
2022-11-15 00:18:45,869 - INFO: global_step=337870, episodic_return=-136.55548095703125
2022-11-15 00:18:48,476 - INFO: global_step=338870, episodic_return=-123.13407135009766
2022-11-15 00:18:50,651 - INFO: global_step=339870, episodic_return=-96.8003158569336
2022-11-15 00:18:53,118 - INFO: global_step=340870, episodic_return=-124.01002502441406
2022-11-15 00:18:55,908 - INFO: global_step=341870, episodic_return=-155.36929321289062
2022-11-15 00:18:58,573 - INFO: global_step=342870, episodic_return=-115.77607727050781
2022-11-15 00:19:00,301 - INFO: global_step=343870, episodic_return=-109.45315551757812
2022-11-15 00:19:02,432 - INFO: global_step=344870, episodic_return=-106.24571990966797
2022-11-15 00:19:05,015 - INFO: global_step=345870, episodic_return=-139.3135223388672
2022-11-15 00:19:07,591 - INFO: global_step=346870, episodic_return=-125.62813568115234
2022-11-15 00:19:10,472 - INFO: global_step=347870, episodic_return=-128.09292602539062
2022-11-15 00:19:13,197 - INFO: global_step=348870, episodic_return=-127.6739730834961
2022-11-15 00:19:15,504 - INFO: global_step=349870, episodic_return=-119.19261169433594
2022-11-15 00:19:17,806 - INFO: global_step=350870, episodic_return=-148.2836456298828
2022-11-15 00:19:19,703 - INFO: global_step=351870, episodic_return=-115.9895248413086
2022-11-15 00:19:22,400 - INFO: global_step=352870, episodic_return=-144.32676696777344
2022-11-15 00:19:24,799 - INFO: global_step=353870, episodic_return=-103.0458984375
2022-11-15 00:19:27,435 - INFO: global_step=354870, episodic_return=-166.21826171875
2022-11-15 00:19:29,923 - INFO: global_step=355870, episodic_return=-145.5972442626953
2022-11-15 00:19:31,606 - INFO: global_step=356870, episodic_return=-102.043701171875
2022-11-15 00:19:34,133 - INFO: global_step=357870, episodic_return=-165.15017700195312
2022-11-15 00:19:36,312 - INFO: global_step=358870, episodic_return=-134.33494567871094
2022-11-15 00:19:38,312 - INFO: global_step=359870, episodic_return=-169.19012451171875
2022-11-15 00:19:40,401 - INFO: global_step=360870, episodic_return=-139.4171600341797
2022-11-15 00:19:42,465 - INFO: global_step=361870, episodic_return=-127.44921112060547
2022-11-15 00:19:44,439 - INFO: global_step=362870, episodic_return=-145.20973205566406
2022-11-15 00:19:46,415 - INFO: global_step=363870, episodic_return=-107.80121612548828
2022-11-15 00:19:48,053 - INFO: global_step=364870, episodic_return=-122.50392150878906
2022-11-15 00:19:50,909 - INFO: global_step=365870, episodic_return=-117.5426254272461
2022-11-15 00:19:52,617 - INFO: global_step=366870, episodic_return=-89.0770263671875
2022-11-15 00:19:54,309 - INFO: global_step=367870, episodic_return=-134.84349060058594
2022-11-15 00:19:56,060 - INFO: global_step=368870, episodic_return=-97.99209594726562
2022-11-15 00:19:57,886 - INFO: global_step=369870, episodic_return=-111.8661880493164
2022-11-15 00:20:00,750 - INFO: global_step=370870, episodic_return=-120.82560729980469
2022-11-15 00:20:03,142 - INFO: global_step=371870, episodic_return=-136.03013610839844
2022-11-15 00:20:05,773 - INFO: global_step=372870, episodic_return=-178.3102569580078
2022-11-15 00:20:07,674 - INFO: global_step=373870, episodic_return=-172.5675506591797
2022-11-15 00:20:09,604 - INFO: global_step=374870, episodic_return=-112.65206146240234
2022-11-15 00:20:11,544 - INFO: global_step=375870, episodic_return=-123.67269134521484
2022-11-15 00:20:13,947 - INFO: global_step=376870, episodic_return=-161.26406860351562
2022-11-15 00:20:16,147 - INFO: global_step=377870, episodic_return=-121.25518035888672
2022-11-15 00:20:18,237 - INFO: global_step=378870, episodic_return=-136.88308715820312
2022-11-15 00:20:18,695 - INFO: global_step=379256, episodic_return=-116.9791030883789
2022-11-15 00:20:20,411 - INFO: global_step=380256, episodic_return=-96.87832641601562
2022-11-15 00:20:22,958 - INFO: global_step=381256, episodic_return=-169.21444702148438
2022-11-15 00:20:25,164 - INFO: global_step=382256, episodic_return=-126.9733657836914
2022-11-15 00:20:26,568 - INFO: global_step=383031, episodic_return=-222.46240234375
2022-11-15 00:20:29,029 - INFO: global_step=384031, episodic_return=-136.50245666503906
2022-11-15 00:20:31,431 - INFO: global_step=385031, episodic_return=-149.621337890625
2022-11-15 00:20:34,171 - INFO: global_step=386031, episodic_return=-141.61300659179688
2022-11-15 00:20:36,945 - INFO: global_step=387031, episodic_return=-129.44137573242188
2022-11-15 00:20:39,058 - INFO: global_step=388031, episodic_return=-150.97900390625
2022-11-15 00:20:41,047 - INFO: global_step=389031, episodic_return=-132.31642150878906
2022-11-15 00:20:42,782 - INFO: global_step=390031, episodic_return=-124.6618881225586
2022-11-15 00:20:44,789 - INFO: global_step=391031, episodic_return=-119.97454071044922
2022-11-15 00:20:47,235 - INFO: global_step=392031, episodic_return=-168.7831573486328
2022-11-15 00:20:49,511 - INFO: global_step=393031, episodic_return=-140.1718292236328
2022-11-15 00:20:51,913 - INFO: global_step=394031, episodic_return=-128.2522430419922
2022-11-15 00:20:53,750 - INFO: global_step=395031, episodic_return=-172.05532836914062
2022-11-15 00:20:55,321 - INFO: global_step=396031, episodic_return=-154.5706329345703
2022-11-15 00:20:57,142 - INFO: global_step=397031, episodic_return=-146.33668518066406
2022-11-15 00:21:00,000 - INFO: global_step=398031, episodic_return=-148.68991088867188
2022-11-15 00:21:02,140 - INFO: global_step=399031, episodic_return=-126.92930603027344
2022-11-15 00:21:04,005 - INFO: global_step=400031, episodic_return=-132.87045288085938
2022-11-15 00:21:06,030 - INFO: global_step=401031, episodic_return=-135.78636169433594
2022-11-15 00:21:07,719 - INFO: global_step=402031, episodic_return=-103.70452880859375
2022-11-15 00:21:10,647 - INFO: global_step=403031, episodic_return=-144.63906860351562
2022-11-15 00:21:12,580 - INFO: global_step=404031, episodic_return=-128.51919555664062
2022-11-15 00:21:14,775 - INFO: global_step=405031, episodic_return=-171.3372802734375
2022-11-15 00:21:16,458 - INFO: global_step=406031, episodic_return=-103.03499603271484
2022-11-15 00:21:18,710 - INFO: global_step=407031, episodic_return=-142.62710571289062
2022-11-15 00:21:21,052 - INFO: global_step=408031, episodic_return=-134.05296325683594
2022-11-15 00:21:22,875 - INFO: global_step=409031, episodic_return=-142.2196807861328
2022-11-15 00:21:24,532 - INFO: global_step=410031, episodic_return=-120.07308197021484
2022-11-15 00:21:26,112 - INFO: global_step=411031, episodic_return=-88.26961517333984
2022-11-15 00:21:28,084 - INFO: global_step=412031, episodic_return=-103.84810638427734
2022-11-15 00:21:29,973 - INFO: global_step=413031, episodic_return=-157.40399169921875
2022-11-15 00:21:31,525 - INFO: global_step=414031, episodic_return=-168.58973693847656
2022-11-15 00:21:33,798 - INFO: global_step=415031, episodic_return=-140.54237365722656
2022-11-15 00:21:36,040 - INFO: global_step=416031, episodic_return=-143.2959442138672
2022-11-15 00:21:39,076 - INFO: global_step=417031, episodic_return=-115.07884979248047
2022-11-15 00:21:42,036 - INFO: global_step=418031, episodic_return=-113.61375427246094
2022-11-15 00:21:43,907 - INFO: global_step=419031, episodic_return=-167.6512451171875
2022-11-15 00:21:44,589 - INFO: global_step=419535, episodic_return=-170.39584350585938
2022-11-15 00:21:46,786 - INFO: global_step=420535, episodic_return=-148.27224731445312
2022-11-15 00:21:48,943 - INFO: global_step=421535, episodic_return=-136.2449951171875
2022-11-15 00:21:51,051 - INFO: global_step=422535, episodic_return=-156.41563415527344
2022-11-15 00:21:53,036 - INFO: global_step=423535, episodic_return=-189.28285217285156
2022-11-15 00:21:55,995 - INFO: global_step=424535, episodic_return=-127.00872802734375
2022-11-15 00:21:57,879 - INFO: global_step=425535, episodic_return=-122.45928192138672
2022-11-15 00:22:00,844 - INFO: global_step=426535, episodic_return=-113.07525634765625
2022-11-15 00:22:03,338 - INFO: global_step=427535, episodic_return=-125.39891815185547
2022-11-15 00:22:04,976 - INFO: global_step=428535, episodic_return=-140.97747802734375
2022-11-15 00:22:07,551 - INFO: global_step=429535, episodic_return=-164.30796813964844
2022-11-15 00:22:09,355 - INFO: global_step=430535, episodic_return=-166.44090270996094
2022-11-15 00:22:11,593 - INFO: global_step=431535, episodic_return=-144.41368103027344
2022-11-15 00:22:13,545 - INFO: global_step=432535, episodic_return=-117.4700927734375
2022-11-15 00:22:14,734 - INFO: global_step=433141, episodic_return=-214.98953247070312
2022-11-15 00:22:16,971 - INFO: global_step=434141, episodic_return=-165.4542694091797
2022-11-15 00:22:19,585 - INFO: global_step=435141, episodic_return=-148.64031982421875
2022-11-15 00:22:21,930 - INFO: global_step=436141, episodic_return=-104.38849639892578
2022-11-15 00:22:23,568 - INFO: global_step=437141, episodic_return=-110.38652801513672
2022-11-15 00:22:25,516 - INFO: global_step=438141, episodic_return=-105.79541778564453
2022-11-15 00:22:27,114 - INFO: global_step=439141, episodic_return=-130.62928771972656
2022-11-15 00:22:28,738 - INFO: global_step=440141, episodic_return=-134.47796630859375
2022-11-15 00:22:31,018 - INFO: global_step=441141, episodic_return=-121.63020324707031
2022-11-15 00:22:32,575 - INFO: global_step=442141, episodic_return=-116.11770629882812
2022-11-15 00:22:34,104 - INFO: global_step=443141, episodic_return=-117.05598449707031
2022-11-15 00:22:35,937 - INFO: global_step=444141, episodic_return=-141.1013946533203
2022-11-15 00:22:38,650 - INFO: global_step=445141, episodic_return=-174.61439514160156
2022-11-15 00:22:40,815 - INFO: global_step=446141, episodic_return=-185.32192993164062
2022-11-15 00:22:43,488 - INFO: global_step=447141, episodic_return=-152.8072509765625
2022-11-15 00:22:45,432 - INFO: global_step=448141, episodic_return=-114.20137023925781
2022-11-15 00:22:47,588 - INFO: global_step=449141, episodic_return=-118.55006408691406
2022-11-15 00:22:49,863 - INFO: global_step=450141, episodic_return=-168.38333129882812
2022-11-15 00:22:52,728 - INFO: global_step=451141, episodic_return=-147.3111114501953
2022-11-15 00:22:55,029 - INFO: global_step=452141, episodic_return=-101.80004119873047
2022-11-15 00:22:56,498 - INFO: global_step=453141, episodic_return=-99.33622741699219
2022-11-15 00:22:58,336 - INFO: global_step=454141, episodic_return=-104.52098083496094
2022-11-15 00:23:00,750 - INFO: global_step=455141, episodic_return=-137.7630157470703
2022-11-15 00:23:03,331 - INFO: global_step=456141, episodic_return=-145.4789581298828
2022-11-15 00:23:05,164 - INFO: global_step=457141, episodic_return=-100.35284423828125
2022-11-15 00:23:07,450 - INFO: global_step=458141, episodic_return=-131.0601806640625
2022-11-15 00:23:09,641 - INFO: global_step=459141, episodic_return=-129.31918334960938
2022-11-15 00:23:11,953 - INFO: global_step=460141, episodic_return=-156.3336181640625
2022-11-15 00:23:13,630 - INFO: global_step=461141, episodic_return=-111.11077117919922
2022-11-15 00:23:16,386 - INFO: global_step=462141, episodic_return=-144.0049591064453
2022-11-15 00:23:18,707 - INFO: global_step=463141, episodic_return=-151.9283905029297
2022-11-15 00:23:21,138 - INFO: global_step=464141, episodic_return=-113.82447052001953
2022-11-15 00:23:23,736 - INFO: global_step=465141, episodic_return=-142.83990478515625
2022-11-15 00:23:26,704 - INFO: global_step=466141, episodic_return=-95.6686782836914
2022-11-15 00:23:29,128 - INFO: global_step=467141, episodic_return=-157.41485595703125
2022-11-15 00:23:31,283 - INFO: global_step=468141, episodic_return=-124.79788970947266
2022-11-15 00:23:33,173 - INFO: global_step=469141, episodic_return=-139.9165496826172
2022-11-15 00:23:35,992 - INFO: global_step=470141, episodic_return=-145.02993774414062
2022-11-15 00:23:38,386 - INFO: global_step=471141, episodic_return=-141.5191192626953
2022-11-15 00:23:40,450 - INFO: global_step=472141, episodic_return=-158.96945190429688
2022-11-15 00:23:42,728 - INFO: global_step=473141, episodic_return=-153.6370849609375
2022-11-15 00:23:45,016 - INFO: global_step=474141, episodic_return=-118.95248413085938
2022-11-15 00:23:46,835 - INFO: global_step=475141, episodic_return=-111.73114013671875
2022-11-15 00:23:48,383 - INFO: global_step=476141, episodic_return=-138.8184051513672
2022-11-15 00:23:50,102 - INFO: global_step=477141, episodic_return=-177.7358856201172
2022-11-15 00:23:51,964 - INFO: global_step=478141, episodic_return=-137.20787048339844
2022-11-15 00:23:54,051 - INFO: global_step=479141, episodic_return=-139.25933837890625
2022-11-15 00:23:56,890 - INFO: global_step=480141, episodic_return=-135.9130859375
2022-11-15 00:23:59,215 - INFO: global_step=481141, episodic_return=-192.9068603515625
2022-11-15 00:24:01,213 - INFO: global_step=482141, episodic_return=-119.30619812011719
2022-11-15 00:24:04,075 - INFO: global_step=483141, episodic_return=-160.34449768066406
2022-11-15 00:24:05,798 - INFO: global_step=484141, episodic_return=-118.13105773925781
2022-11-15 00:24:07,254 - INFO: global_step=484990, episodic_return=-203.0491485595703
2022-11-15 00:24:09,701 - INFO: global_step=485990, episodic_return=-176.09378051757812
2022-11-15 00:24:11,307 - INFO: global_step=486990, episodic_return=-146.5731201171875
2022-11-15 00:24:13,100 - INFO: global_step=487990, episodic_return=-143.6799774169922
2022-11-15 00:24:13,190 - INFO: global_step=488097, episodic_return=-162.92820739746094
2022-11-15 00:24:15,769 - INFO: global_step=489097, episodic_return=-191.52285766601562
2022-11-15 00:24:17,618 - INFO: global_step=490097, episodic_return=-107.55738830566406
2022-11-15 00:24:19,185 - INFO: global_step=491097, episodic_return=-123.34341430664062
2022-11-15 00:24:20,969 - INFO: global_step=492097, episodic_return=-146.7330780029297
2022-11-15 00:24:22,689 - INFO: global_step=493097, episodic_return=-116.89087677001953
2022-11-15 00:24:24,134 - INFO: global_step=494097, episodic_return=-130.34661865234375
2022-11-15 00:24:24,639 - INFO: global_step=494534, episodic_return=-149.34588623046875
2022-11-15 00:24:26,875 - INFO: global_step=495534, episodic_return=-164.3801727294922
2022-11-15 00:24:28,621 - INFO: global_step=496534, episodic_return=-125.26248168945312
2022-11-15 00:24:28,711 - INFO: global_step=496638, episodic_return=-191.97962951660156
2022-11-15 00:24:31,216 - INFO: global_step=497638, episodic_return=-119.95863342285156
2022-11-15 00:24:34,158 - INFO: global_step=498638, episodic_return=-125.93933868408203
2022-11-15 00:24:36,751 - INFO: global_step=499638, episodic_return=-159.6852264404297
2022-11-15 00:24:36,844 - INFO: global_step=499743, episodic_return=-162.15145874023438
2022-11-15 00:24:37,166 - INFO: The average reward of last 20 steps: -148.27761764526366
